2022-09-04 21:01:59,172 : INFO : root : Loading config.
2022-09-04 21:01:59,175 : INFO : YamlMultifileConfigLoader : Machine config file #1: config.yaml
2022-09-04 21:01:59,176 : WARNING : ConfigProcessor : Config file in cache changed: c:\trashland_2\config\config.yaml
2022-09-04 21:01:59,176 : INFO : ConfigProcessor : Loading config from file c:\users\tanner\appdata\local\programs\python\python37\lib\site-packages\mpf\mpfconfig.yaml.
2022-09-04 21:01:59,249 : INFO : ConfigProcessor : Loading config: c:\users\tanner\appdata\local\programs\python\python37\lib\site-packages\mpf\mpfconfig.yaml
2022-09-04 21:01:59,250 : INFO : ConfigProcessor : Loading config from file c:\trashland_2\config\config.yaml.
2022-09-04 21:01:59,342 : INFO : ConfigProcessor : Loading config: c:\trashland_2\config\config.yaml
2022-09-04 21:01:59,344 : INFO : ConfigProcessor : Config file cache created: C:\Users\Tanner\AppData\Local\Temp\a6762098cb994b55cb03a478b26022ee.mpf_cache
2022-09-04 21:01:59,410 : INFO : ConfigProcessor : Loading config from cache: C:\Users\Tanner\AppData\Local\Temp\ec172e3d2b0d14c1982139d23248bb88.mpf_cache
2022-09-04 21:01:59,411 : INFO : ConfigProcessor : Loading config from cache: C:\Users\Tanner\AppData\Local\Temp\c215df352878fee5d54f1a5ec5b16e7c.mpf_cache
2022-09-04 21:01:59,411 : INFO : Machine : Mission Pinball Framework Core Engine v0.55.0
2022-09-04 21:01:59,411 : INFO : Machine : Command line arguments: {'no_load_cache': False, 'create_config_cache': True, 'bcp': False, 'configfile': ['config.yaml'], 'force_assets_load': False, 'jsonlogging': False, 'logfile': 'logs\\2022-09-04-21-01-59-mpf-DESKTOP-7HNFDQ5.log', 'pause': False, 'production': False, 'text_ui': True, 'loglevel': 15, 'consoleloglevel': 20, 'force_platform': None, 'syslog_address': None, 'mc_file_name': None, 'no_sound': False}
2022-09-04 21:01:59,411 : INFO : Machine : MPF path: c:\users\tanner\appdata\local\programs\python\python37\lib\site-packages\mpf
2022-09-04 21:01:59,411 : INFO : Machine : Machine path: c:\trashland_2
2022-09-04 21:01:59,412 : INFO : Machine : Platform: win32
2022-09-04 21:01:59,412 : INFO : Machine : Python executable location: c:\users\tanner\appdata\local\programs\python\python37\python.exe
2022-09-04 21:01:59,412 : INFO : Machine : Python version: 3.7.8 (64-bit)
2022-09-04 21:01:59,413 : INFO : Machine : Initialise MPF.
2022-09-04 21:01:59,677 : INFO : FAST : Connecting to com20 at 921600bps
2022-09-04 21:01:59,795 : INFO : FAST : Connected! Processor: NET, Board Type: FP-CPU-002-2, Firmware: 01.00
2022-09-04 21:01:59,795 : INFO : EventManager : Event: ======'machine_var_fast_net_firmware'====== Args={'value': '01.00', 'prev_value': None, 'change': True}
2022-09-04 21:01:59,795 : INFO : EventManager : Event: ======'machine_var_fast_net_model'====== Args={'value': 'FP-CPU-002-2', 'prev_value': None, 'change': True}
2022-09-04 21:02:04,798 : WARNING : FAST : Reset of NET CPU failed. This might be a firmware bug in your version.
2022-09-04 21:02:05,404 : INFO : FAST : Connecting to com21 at 921600bps
2022-09-04 21:02:05,532 : INFO : FAST : Connected! Processor: RGB, Board Type: FP-CPU-002-2, Firmware: 01.00
2022-09-04 21:02:05,532 : INFO : EventManager : Event: ======'machine_var_fast_rgb_firmware'====== Args={'value': '01.00', 'prev_value': None, 'change': True}
2022-09-04 21:02:05,532 : INFO : EventManager : Event: ======'machine_var_fast_rgb_model'====== Args={'value': 'FP-CPU-002-2', 'prev_value': None, 'change': True}
2022-09-04 21:02:05,533 : INFO : EventManager : Event: ======'machine_var_credits_string'====== Args={'value': 'FREE PLAY', 'prev_value': None, 'change': True}
2022-09-04 21:02:05,579 : INFO : EventManager : Event: ======'machine_var_master_volume'====== Args={'value': 0.5, 'prev_value': None, 'change': True}
2022-09-04 21:02:05,579 : INFO : EventManager : Event: ======'machine_var_mpf_version'====== Args={'value': 'MPF v0.55.0', 'prev_value': None, 'change': True}
2022-09-04 21:02:05,580 : INFO : EventManager : Event: ======'machine_var_mpf_extended_version'====== Args={'value': 'MPF v0.55.0, Config version:5, Show version: 5, BCP version:1.1', 'prev_value': None, 'change': True}
2022-09-04 21:02:05,580 : INFO : EventManager : Event: ======'machine_var_python_version'====== Args={'value': '3.7.8', 'prev_value': None, 'change': True}
2022-09-04 21:02:05,580 : INFO : EventManager : Event: ======'machine_var_platform'====== Args={'value': 'Windows-10-10.0.19041-SP0', 'prev_value': None, 'change': True}
2022-09-04 21:02:05,580 : INFO : EventManager : Event: ======'machine_var_platform_system'====== Args={'value': 'Windows', 'prev_value': None, 'change': True}
2022-09-04 21:02:05,580 : INFO : EventManager : Event: ======'machine_var_platform_release'====== Args={'value': '10', 'prev_value': None, 'change': True}
2022-09-04 21:02:05,580 : INFO : EventManager : Event: ======'machine_var_platform_version'====== Args={'value': '10.0.19041', 'prev_value': None, 'change': True}
2022-09-04 21:02:05,580 : INFO : EventManager : Event: ======'machine_var_platform_machine'====== Args={'value': 'AMD64', 'prev_value': None, 'change': True}
2022-09-04 21:02:05,580 : INFO : EventManager : Event: ======'init_phase_1'====== Args={}
2022-09-04 21:02:05,611 : INFO : EventManager : Event: ======'drop_target_bank_mid_up'====== Args={}
2022-09-04 21:02:05,612 : INFO : EventManager : Event: ======'drop_target_bank_right_up'====== Args={}
2022-09-04 21:02:05,629 : INFO : EventManager : Event: ======'init_phase_2'====== Args={}
2022-09-04 21:02:05,630 : INFO : SwitchController : Found active switch: (('3E', 1), <Platform.FAST>) <switch.s_trough_1>
2022-09-04 21:02:05,630 : INFO : SwitchController : Found active switch: (('3D', 1), <Platform.FAST>) <switch.s_trough_jam>
2022-09-04 21:02:05,635 : INFO : ball_device.bd_trough : BCH: Initial count: 2
2022-09-04 21:02:05,635 : INFO : ball_device.bd_trough : State: idle
2022-09-04 21:02:05,637 : INFO : ball_device.bd_plunger : BCH: Initial count: 0
2022-09-04 21:02:05,637 : INFO : ball_device.bd_plunger : State: idle
2022-09-04 21:02:05,680 : INFO : EventManager : Event: ======'init_phase_3'====== Args={}
2022-09-04 21:02:05,682 : INFO : EventManager : Event: ======'init_phase_4'====== Args={}
2022-09-04 21:02:05,682 : INFO : EventManager : Event: ======'playfield_active'====== Args={}
2022-09-04 21:02:05,682 : INFO : EventManager : Event: ======'unexpected_ball_on_playfield'====== Args={}
2022-09-04 21:02:05,682 : INFO : EventManager : Event: ======'playfield_active'====== Args={}
2022-09-04 21:02:05,682 : INFO : EventManager : Event: ======'unexpected_ball_on_playfield'====== Args={}
2022-09-04 21:02:05,682 : INFO : EventManager : Event: ======'playfield_active'====== Args={}
2022-09-04 21:02:05,682 : INFO : EventManager : Event: ======'unexpected_ball_on_playfield'====== Args={}
2022-09-04 21:02:05,682 : INFO : EventManager : Event: ======'playfield_active'====== Args={}
2022-09-04 21:02:05,682 : INFO : EventManager : Event: ======'unexpected_ball_on_playfield'====== Args={}
2022-09-04 21:02:05,683 : INFO : EventManager : Event: ======'playfield_active'====== Args={}
2022-09-04 21:02:05,683 : INFO : EventManager : Event: ======'unexpected_ball_on_playfield'====== Args={}
2022-09-04 21:02:05,683 : INFO : EventManager : Event: ======'playfield_active'====== Args={}
2022-09-04 21:02:05,683 : INFO : EventManager : Event: ======'unexpected_ball_on_playfield'====== Args={}
2022-09-04 21:02:05,683 : INFO : BallController : Initial balls found: 2
2022-09-04 21:02:05,685 : INFO : EventManager : Event: ======'machine_var_audits_events_game_ended'====== Args={'value': 0, 'prev_value': None, 'change': True}
2022-09-04 21:02:05,685 : INFO : EventManager : Event: ======'machine_var_audits_events_game_started'====== Args={'value': 0, 'prev_value': None, 'change': True}
2022-09-04 21:02:05,685 : INFO : EventManager : Event: ======'machine_var_audits_player_score'====== Args={'value': {'average': 0, 'top': [], 'total': 0}, 'prev_value': None, 'change': True}
2022-09-04 21:02:05,685 : INFO : EventManager : Event: ======'machine_var_audits_switches_s_autolauncher'====== Args={'value': 69, 'prev_value': None, 'change': True}
2022-09-04 21:02:05,685 : INFO : EventManager : Event: ======'machine_var_audits_switches_s_bot_back'====== Args={'value': 0, 'prev_value': None, 'change': True}
2022-09-04 21:02:05,685 : INFO : EventManager : Event: ======'machine_var_audits_switches_s_bot_big'====== Args={'value': 0, 'prev_value': None, 'change': True}
2022-09-04 21:02:05,686 : INFO : EventManager : Event: ======'machine_var_audits_switches_s_bot_left'====== Args={'value': 0, 'prev_value': None, 'change': True}
2022-09-04 21:02:05,686 : INFO : EventManager : Event: ======'machine_var_audits_switches_s_bot_right'====== Args={'value': 0, 'prev_value': None, 'change': True}
2022-09-04 21:02:05,686 : INFO : EventManager : Event: ======'machine_var_audits_switches_s_bot_rollover'====== Args={'value': 0, 'prev_value': None, 'change': True}
2022-09-04 21:02:05,686 : INFO : EventManager : Event: ======'machine_var_audits_switches_s_bot_vuk'====== Args={'value': 0, 'prev_value': None, 'change': True}
2022-09-04 21:02:05,686 : INFO : EventManager : Event: ======'machine_var_audits_switches_s_drop_mid_left'====== Args={'value': 45, 'prev_value': None, 'change': True}
2022-09-04 21:02:05,686 : INFO : EventManager : Event: ======'machine_var_audits_switches_s_drop_mid_mid'====== Args={'value': 46, 'prev_value': None, 'change': True}
2022-09-04 21:02:05,686 : INFO : EventManager : Event: ======'machine_var_audits_switches_s_drop_mid_right'====== Args={'value': 5, 'prev_value': None, 'change': True}
2022-09-04 21:02:05,687 : INFO : EventManager : Event: ======'machine_var_audits_switches_s_drop_right_left'====== Args={'value': 7, 'prev_value': None, 'change': True}
2022-09-04 21:02:05,687 : INFO : EventManager : Event: ======'machine_var_audits_switches_s_drop_right_right'====== Args={'value': 6, 'prev_value': None, 'change': True}
2022-09-04 21:02:05,687 : INFO : EventManager : Event: ======'machine_var_audits_switches_s_drop_single'====== Args={'value': 40, 'prev_value': None, 'change': True}
2022-09-04 21:02:05,687 : INFO : EventManager : Event: ======'machine_var_audits_switches_s_eos_left'====== Args={'value': 26, 'prev_value': None, 'change': True}
2022-09-04 21:02:05,687 : INFO : EventManager : Event: ======'machine_var_audits_switches_s_eos_left_top'====== Args={'value': 24, 'prev_value': None, 'change': True}
2022-09-04 21:02:05,687 : INFO : EventManager : Event: ======'machine_var_audits_switches_s_eos_right'====== Args={'value': 0, 'prev_value': None, 'change': True}
2022-09-04 21:02:05,687 : INFO : EventManager : Event: ======'machine_var_audits_switches_s_launch'====== Args={'value': 0, 'prev_value': None, 'change': True}
2022-09-04 21:02:05,688 : INFO : EventManager : Event: ======'machine_var_audits_switches_s_left_flipper'====== Args={'value': 47, 'prev_value': None, 'change': True}
2022-09-04 21:02:05,688 : INFO : EventManager : Event: ======'machine_var_audits_switches_s_left_inlane'====== Args={'value': 0, 'prev_value': None, 'change': True}
2022-09-04 21:02:05,688 : INFO : EventManager : Event: ======'machine_var_audits_switches_s_left_outlane'====== Args={'value': 0, 'prev_value': None, 'change': True}
2022-09-04 21:02:05,688 : INFO : EventManager : Event: ======'machine_var_audits_switches_s_pop_left'====== Args={'value': 8, 'prev_value': None, 'change': True}
2022-09-04 21:02:05,688 : INFO : EventManager : Event: ======'machine_var_audits_switches_s_pop_lower'====== Args={'value': 20, 'prev_value': None, 'change': True}
2022-09-04 21:02:05,688 : INFO : EventManager : Event: ======'machine_var_audits_switches_s_pop_right'====== Args={'value': 26, 'prev_value': None, 'change': True}
2022-09-04 21:02:05,689 : INFO : EventManager : Event: ======'machine_var_audits_switches_s_right_flipper'====== Args={'value': 44, 'prev_value': None, 'change': True}
2022-09-04 21:02:05,689 : INFO : EventManager : Event: ======'machine_var_audits_switches_s_right_inlane'====== Args={'value': 0, 'prev_value': None, 'change': True}
2022-09-04 21:02:05,689 : INFO : EventManager : Event: ======'machine_var_audits_switches_s_right_outlane'====== Args={'value': 1, 'prev_value': None, 'change': True}
2022-09-04 21:02:05,689 : INFO : EventManager : Event: ======'machine_var_audits_switches_s_rollover_left'====== Args={'value': 3, 'prev_value': None, 'change': True}
2022-09-04 21:02:05,689 : INFO : EventManager : Event: ======'machine_var_audits_switches_s_rollover_right'====== Args={'value': 1, 'prev_value': None, 'change': True}
2022-09-04 21:02:05,690 : INFO : EventManager : Event: ======'machine_var_audits_switches_s_sling_left'====== Args={'value': 3, 'prev_value': None, 'change': True}
2022-09-04 21:02:05,690 : INFO : EventManager : Event: ======'machine_var_audits_switches_s_start'====== Args={'value': 86, 'prev_value': None, 'change': True}
2022-09-04 21:02:05,690 : INFO : EventManager : Event: ======'machine_var_audits_switches_s_trough_1'====== Args={'value': 56, 'prev_value': None, 'change': True}
2022-09-04 21:02:05,690 : INFO : EventManager : Event: ======'machine_var_audits_switches_s_trough_2'====== Args={'value': 46, 'prev_value': None, 'change': True}
2022-09-04 21:02:05,690 : INFO : EventManager : Event: ======'machine_var_audits_switches_s_trough_3'====== Args={'value': 45, 'prev_value': None, 'change': True}
2022-09-04 21:02:05,691 : INFO : EventManager : Event: ======'machine_var_audits_switches_s_trough_4'====== Args={'value': 46, 'prev_value': None, 'change': True}
2022-09-04 21:02:05,691 : INFO : EventManager : Event: ======'machine_var_audits_switches_s_trough_5'====== Args={'value': 49, 'prev_value': None, 'change': True}
2022-09-04 21:02:05,691 : INFO : EventManager : Event: ======'machine_var_audits_switches_s_trough_6'====== Args={'value': 52, 'prev_value': None, 'change': True}
2022-09-04 21:02:05,691 : INFO : EventManager : Event: ======'machine_var_audits_switches_s_trough_jam'====== Args={'value': 107, 'prev_value': None, 'change': True}
2022-09-04 21:02:05,692 : INFO : EventManager : Event: ======'machine_var_audits_switches_s_vuk_back'====== Args={'value': 0, 'prev_value': None, 'change': True}
2022-09-04 21:02:05,692 : INFO : EventManager : Event: ======'machine_var_audits_switches_s_vuk_right'====== Args={'value': 0, 'prev_value': None, 'change': True}
2022-09-04 21:02:05,692 : INFO : EventManager : Event: ======'machine_var_audits_switches_s_upper_rollover'====== Args={'value': 0, 'prev_value': None, 'change': True}
2022-09-04 21:02:05,693 : INFO : EventManager : Event: ======'machine_var_audits_switches_s_upper_drop'====== Args={'value': 0, 'prev_value': None, 'change': True}
2022-09-04 21:02:05,693 : INFO : EventManager : Event: ======'machine_var_audits_switches_s_upper_stationary'====== Args={'value': 0, 'prev_value': None, 'change': True}
2022-09-04 21:02:05,693 : INFO : EventManager : Event: ======'machine_var_audits_switches_s_back_rollover'====== Args={'value': 0, 'prev_value': None, 'change': True}
2022-09-04 21:02:05,693 : INFO : EventManager : Event: ======'machine_var_audits_switches_s_back_pop'====== Args={'value': 0, 'prev_value': None, 'change': True}
2022-09-04 21:02:05,694 : INFO : EventManager : Event: ======'machine_var_audits_switches_s_back_stationary'====== Args={'value': 0, 'prev_value': None, 'change': True}
2022-09-04 21:02:05,694 : INFO : EventManager : Event: ======'machine_var_audits_switches_s_transfer_rollover'====== Args={'value': 0, 'prev_value': None, 'change': True}
2022-09-04 21:02:05,694 : INFO : EventManager : Event: ======'machine_var_audits_switches_s_sling_right'====== Args={'value': 0, 'prev_value': None, 'change': True}
2022-09-04 21:02:05,695 : INFO : EventManager : Event: ======'init_phase_5'====== Args={}
2022-09-04 21:02:05,744 : INFO : EventManager : Event: ======'init_done'====== Args={}
2022-09-04 21:02:05,745 : INFO : EventManager : Event: ======'machine_reset_phase_1'====== Args={}
2022-09-04 21:02:05,746 : INFO : EventManager : Event: ======'machine_reset_phase_2'====== Args={}
2022-09-04 21:02:05,746 : INFO : EventManager : Event: ======'machine_reset_phase_3'====== Args={}
2022-09-04 21:02:05,746 : INFO : drop_target_bank.mid : All targets are already up. Will not reset bank.
2022-09-04 21:02:05,747 : INFO : drop_target_bank.right : All targets are already up. Will not reset bank.
2022-09-04 21:02:05,748 : INFO : EventManager : Event: ======'reset_complete'====== Args={}
2022-09-04 21:02:05,748 : INFO : EventManager : Event: ======'mode_attract_will_start'====== Args={}
2022-09-04 21:02:05,748 : INFO : EventManager : Event: ======'mode_attract_starting'====== Args={}
2022-09-04 21:02:05,748 : INFO : Mode.attract : Started. Priority: 10
2022-09-04 21:02:05,748 : INFO : EventManager : Event: ======'modes_active_modes_changed'====== Args={}
2022-09-04 21:02:05,748 : INFO : EventManager : Event: ======'mode_attract_started'====== Args={}
2022-09-04 21:02:05,748 : INFO : EventManager : Event: ======'collecting_balls_complete'====== Args={}
2022-09-04 21:02:05,792 : INFO : Machine : Starting the main run loop.
2022-09-04 21:02:16,509 : INFO : SwitchController : <<<<<<< 's_trough_6' active >>>>>>>
2022-09-04 21:02:16,529 : INFO : SwitchController : <<<<<<< 's_trough_6' inactive >>>>>>>
2022-09-04 21:02:16,573 : INFO : SwitchController : <<<<<<< 's_trough_6' active >>>>>>>
2022-09-04 21:02:16,969 : INFO : SwitchController : <<<<<<< 's_trough_6' inactive >>>>>>>
2022-09-04 21:02:17,241 : INFO : SwitchController : <<<<<<< 's_trough_6' active >>>>>>>
2022-09-04 21:02:17,496 : INFO : SwitchController : <<<<<<< 's_trough_6' inactive >>>>>>>
2022-09-04 21:02:19,104 : INFO : SwitchController : <<<<<<< 's_trough_6' active >>>>>>>
2022-09-04 21:02:19,104 : INFO : SwitchController : <<<<<<< 's_trough_6' inactive >>>>>>>
2022-09-04 21:02:19,134 : INFO : SwitchController : <<<<<<< 's_trough_6' active >>>>>>>
2022-09-04 21:02:19,420 : INFO : SwitchController : <<<<<<< 's_trough_6' inactive >>>>>>>
2022-09-04 21:02:19,931 : INFO : SwitchController : <<<<<<< 's_trough_5' active >>>>>>>
2022-09-04 21:02:20,314 : INFO : SwitchController : <<<<<<< 's_trough_5' inactive >>>>>>>
2022-09-04 21:02:20,806 : INFO : SwitchController : <<<<<<< 's_trough_4' active >>>>>>>
2022-09-04 21:02:21,205 : INFO : SwitchController : <<<<<<< 's_trough_4' inactive >>>>>>>
2022-09-04 21:02:22,750 : INFO : SwitchController : <<<<<<< 's_trough_3' active >>>>>>>
2022-09-04 21:02:23,131 : INFO : SwitchController : <<<<<<< 's_trough_3' inactive >>>>>>>
2022-09-04 21:02:24,233 : INFO : SwitchController : <<<<<<< 's_trough_2' active >>>>>>>
2022-09-04 21:02:24,470 : INFO : SwitchController : <<<<<<< 's_trough_2' inactive >>>>>>>
2022-09-04 21:02:27,707 : INFO : SwitchController : <<<<<<< 's_autolauncher' active >>>>>>>
2022-09-04 21:02:28,026 : INFO : SwitchController : <<<<<<< 's_autolauncher' inactive >>>>>>>
2022-09-04 21:02:28,248 : INFO : SwitchController : <<<<<<< 's_autolauncher' active >>>>>>>
2022-09-04 21:02:28,456 : INFO : SwitchController : <<<<<<< 's_autolauncher' inactive >>>>>>>
2022-09-04 21:02:35,157 : INFO : SwitchController : <<<<<<< 's_eos_right' active >>>>>>>
2022-09-04 21:02:35,587 : INFO : SwitchController : <<<<<<< 's_eos_right' inactive >>>>>>>
2022-09-04 21:02:38,855 : INFO : SwitchController : <<<<<<< 's_eos_left' active >>>>>>>
2022-09-04 21:02:39,255 : INFO : SwitchController : <<<<<<< 's_eos_left' inactive >>>>>>>
2022-09-04 21:02:40,961 : INFO : SwitchController : <<<<<<< 's_eos_left_top' active >>>>>>>
2022-09-04 21:02:41,248 : INFO : SwitchController : <<<<<<< 's_eos_left_top' inactive >>>>>>>
2022-09-04 21:02:43,793 : INFO : SwitchController : <<<<<<< 's_pop_lower' active >>>>>>>
2022-09-04 21:02:44,001 : INFO : SwitchController : <<<<<<< 's_pop_lower' inactive >>>>>>>
2022-09-04 21:02:44,273 : INFO : SwitchController : <<<<<<< 's_pop_lower' active >>>>>>>
2022-09-04 21:02:44,449 : INFO : SwitchController : <<<<<<< 's_pop_lower' inactive >>>>>>>
2022-09-04 21:02:44,592 : INFO : SwitchController : <<<<<<< 's_pop_lower' active >>>>>>>
2022-09-04 21:02:44,831 : INFO : SwitchController : <<<<<<< 's_pop_lower' inactive >>>>>>>
2022-09-04 21:02:44,943 : INFO : SwitchController : <<<<<<< 's_pop_lower' active >>>>>>>
2022-09-04 21:02:45,181 : INFO : SwitchController : <<<<<<< 's_pop_lower' inactive >>>>>>>
2022-09-04 21:03:11,328 : INFO : SwitchController : <<<<<<< 's_sling_left' active >>>>>>>
2022-09-04 21:03:11,487 : INFO : SwitchController : <<<<<<< 's_sling_left' inactive >>>>>>>
2022-09-04 21:03:11,663 : INFO : SwitchController : <<<<<<< 's_sling_left' active >>>>>>>
2022-09-04 21:03:11,806 : INFO : SwitchController : <<<<<<< 's_sling_left' inactive >>>>>>>
2022-09-04 21:03:11,950 : INFO : SwitchController : <<<<<<< 's_sling_left' active >>>>>>>
2022-09-04 21:03:12,078 : INFO : SwitchController : <<<<<<< 's_sling_left' inactive >>>>>>>
2022-09-04 21:03:12,174 : INFO : SwitchController : <<<<<<< 's_sling_left' active >>>>>>>
2022-09-04 21:03:12,318 : INFO : SwitchController : <<<<<<< 's_sling_left' inactive >>>>>>>
2022-09-04 21:03:12,429 : INFO : SwitchController : <<<<<<< 's_sling_left' active >>>>>>>
2022-09-04 21:03:12,561 : INFO : SwitchController : <<<<<<< 's_sling_left' inactive >>>>>>>
2022-09-04 21:03:27,886 : INFO : SwitchController : <<<<<<< 's_left_outlane' active >>>>>>>
2022-09-04 21:03:27,886 : INFO : EventManager : Event: ======'sw_playfield_active'====== Args={}
2022-09-04 21:03:27,886 : INFO : EventManager : Event: ======'playfield_active'====== Args={}
2022-09-04 21:03:27,886 : INFO : EventManager : Event: ======'unexpected_ball_on_playfield'====== Args={}
2022-09-04 21:03:27,918 : INFO : SwitchController : <<<<<<< 's_left_outlane' inactive >>>>>>>
2022-09-04 21:03:27,918 : INFO : SwitchController : <<<<<<< 's_left_outlane' active >>>>>>>
2022-09-04 21:03:27,918 : INFO : EventManager : Event: ======'sw_playfield_active'====== Args={}
2022-09-04 21:03:27,919 : INFO : EventManager : Event: ======'playfield_active'====== Args={}
2022-09-04 21:03:27,919 : INFO : EventManager : Event: ======'unexpected_ball_on_playfield'====== Args={}
2022-09-04 21:03:27,934 : INFO : SwitchController : <<<<<<< 's_left_outlane' inactive >>>>>>>
2022-09-04 21:03:28,509 : INFO : SwitchController : <<<<<<< 's_left_outlane' active >>>>>>>
2022-09-04 21:03:28,509 : INFO : EventManager : Event: ======'sw_playfield_active'====== Args={}
2022-09-04 21:03:28,509 : INFO : EventManager : Event: ======'playfield_active'====== Args={}
2022-09-04 21:03:28,510 : INFO : EventManager : Event: ======'unexpected_ball_on_playfield'====== Args={}
2022-09-04 21:03:28,813 : INFO : SwitchController : <<<<<<< 's_left_outlane' inactive >>>>>>>
2022-09-04 21:03:28,941 : INFO : SwitchController : <<<<<<< 's_left_inlane' active >>>>>>>
2022-09-04 21:03:28,941 : INFO : EventManager : Event: ======'sw_playfield_active'====== Args={}
2022-09-04 21:03:28,941 : INFO : EventManager : Event: ======'playfield_active'====== Args={}
2022-09-04 21:03:28,941 : INFO : EventManager : Event: ======'unexpected_ball_on_playfield'====== Args={}
2022-09-04 21:03:29,132 : INFO : SwitchController : <<<<<<< 's_left_inlane' inactive >>>>>>>
2022-09-04 21:03:29,151 : INFO : SwitchController : <<<<<<< 's_left_inlane' active >>>>>>>
2022-09-04 21:03:29,151 : INFO : EventManager : Event: ======'sw_playfield_active'====== Args={}
2022-09-04 21:03:29,151 : INFO : EventManager : Event: ======'playfield_active'====== Args={}
2022-09-04 21:03:29,152 : INFO : EventManager : Event: ======'unexpected_ball_on_playfield'====== Args={}
2022-09-04 21:03:29,180 : INFO : SwitchController : <<<<<<< 's_left_inlane' inactive >>>>>>>
2022-09-04 21:03:29,612 : INFO : SwitchController : <<<<<<< 's_left_inlane' active >>>>>>>
2022-09-04 21:03:29,612 : INFO : EventManager : Event: ======'sw_playfield_active'====== Args={}
2022-09-04 21:03:29,612 : INFO : EventManager : Event: ======'playfield_active'====== Args={}
2022-09-04 21:03:29,612 : INFO : EventManager : Event: ======'unexpected_ball_on_playfield'====== Args={}
2022-09-04 21:03:29,628 : INFO : SwitchController : <<<<<<< 's_left_inlane' inactive >>>>>>>
2022-09-04 21:03:29,724 : INFO : SwitchController : <<<<<<< 's_left_inlane' active >>>>>>>
2022-09-04 21:03:29,724 : INFO : EventManager : Event: ======'sw_playfield_active'====== Args={}
2022-09-04 21:03:29,725 : INFO : EventManager : Event: ======'playfield_active'====== Args={}
2022-09-04 21:03:29,725 : INFO : EventManager : Event: ======'unexpected_ball_on_playfield'====== Args={}
2022-09-04 21:03:29,788 : INFO : SwitchController : <<<<<<< 's_left_inlane' inactive >>>>>>>
2022-09-04 21:03:29,820 : INFO : SwitchController : <<<<<<< 's_left_inlane' active >>>>>>>
2022-09-04 21:03:29,820 : INFO : EventManager : Event: ======'sw_playfield_active'====== Args={}
2022-09-04 21:03:29,820 : INFO : EventManager : Event: ======'playfield_active'====== Args={}
2022-09-04 21:03:29,820 : INFO : EventManager : Event: ======'unexpected_ball_on_playfield'====== Args={}
2022-09-04 21:03:29,868 : INFO : SwitchController : <<<<<<< 's_left_inlane' inactive >>>>>>>
2022-09-04 21:03:31,321 : INFO : SwitchController : <<<<<<< 's_right_outlane' active >>>>>>>
2022-09-04 21:03:31,321 : INFO : EventManager : Event: ======'sw_playfield_active'====== Args={}
2022-09-04 21:03:31,322 : INFO : EventManager : Event: ======'playfield_active'====== Args={}
2022-09-04 21:03:31,322 : INFO : EventManager : Event: ======'unexpected_ball_on_playfield'====== Args={}
2022-09-04 21:03:31,369 : INFO : SwitchController : <<<<<<< 's_left_inlane' active >>>>>>>
2022-09-04 21:03:31,369 : INFO : EventManager : Event: ======'sw_playfield_active'====== Args={}
2022-09-04 21:03:31,369 : INFO : EventManager : Event: ======'playfield_active'====== Args={}
2022-09-04 21:03:31,369 : INFO : EventManager : Event: ======'unexpected_ball_on_playfield'====== Args={}
2022-09-04 21:03:31,549 : INFO : SwitchController : <<<<<<< 's_right_outlane' inactive >>>>>>>
2022-09-04 21:03:31,577 : INFO : SwitchController : <<<<<<< 's_left_inlane' inactive >>>>>>>
2022-09-04 21:03:31,597 : INFO : SwitchController : <<<<<<< 's_left_inlane' active >>>>>>>
2022-09-04 21:03:31,597 : INFO : EventManager : Event: ======'sw_playfield_active'====== Args={}
2022-09-04 21:03:31,597 : INFO : EventManager : Event: ======'playfield_active'====== Args={}
2022-09-04 21:03:31,597 : INFO : EventManager : Event: ======'unexpected_ball_on_playfield'====== Args={}
2022-09-04 21:03:31,753 : INFO : SwitchController : <<<<<<< 's_left_inlane' inactive >>>>>>>
2022-09-04 21:03:31,865 : INFO : SwitchController : <<<<<<< 's_left_inlane' active >>>>>>>
2022-09-04 21:03:31,865 : INFO : EventManager : Event: ======'sw_playfield_active'====== Args={}
2022-09-04 21:03:31,865 : INFO : EventManager : Event: ======'playfield_active'====== Args={}
2022-09-04 21:03:31,865 : INFO : EventManager : Event: ======'unexpected_ball_on_playfield'====== Args={}
2022-09-04 21:03:31,897 : INFO : SwitchController : <<<<<<< 's_left_outlane' active >>>>>>>
2022-09-04 21:03:31,897 : INFO : EventManager : Event: ======'sw_playfield_active'====== Args={}
2022-09-04 21:03:31,897 : INFO : EventManager : Event: ======'playfield_active'====== Args={}
2022-09-04 21:03:31,897 : INFO : EventManager : Event: ======'unexpected_ball_on_playfield'====== Args={}
2022-09-04 21:03:32,040 : INFO : SwitchController : <<<<<<< 's_left_inlane' inactive >>>>>>>
2022-09-04 21:03:32,040 : INFO : SwitchController : <<<<<<< 's_left_outlane' inactive >>>>>>>
2022-09-04 21:03:32,087 : INFO : SwitchController : <<<<<<< 's_right_inlane' active >>>>>>>
2022-09-04 21:03:32,087 : INFO : EventManager : Event: ======'sw_playfield_active'====== Args={}
2022-09-04 21:03:32,087 : INFO : EventManager : Event: ======'playfield_active'====== Args={}
2022-09-04 21:03:32,088 : INFO : EventManager : Event: ======'unexpected_ball_on_playfield'====== Args={}
2022-09-04 21:03:32,103 : INFO : SwitchController : <<<<<<< 's_right_inlane' inactive >>>>>>>
2022-09-04 21:03:32,103 : INFO : SwitchController : <<<<<<< 's_right_inlane' active >>>>>>>
2022-09-04 21:03:32,103 : INFO : EventManager : Event: ======'sw_playfield_active'====== Args={}
2022-09-04 21:03:32,104 : INFO : EventManager : Event: ======'playfield_active'====== Args={}
2022-09-04 21:03:32,104 : INFO : EventManager : Event: ======'unexpected_ball_on_playfield'====== Args={}
2022-09-04 21:03:32,247 : INFO : SwitchController : <<<<<<< 's_right_inlane' inactive >>>>>>>
2022-09-04 21:03:32,247 : INFO : SwitchController : <<<<<<< 's_right_inlane' active >>>>>>>
2022-09-04 21:03:32,247 : INFO : EventManager : Event: ======'sw_playfield_active'====== Args={}
2022-09-04 21:03:32,247 : INFO : EventManager : Event: ======'playfield_active'====== Args={}
2022-09-04 21:03:32,247 : INFO : EventManager : Event: ======'unexpected_ball_on_playfield'====== Args={}
2022-09-04 21:03:32,278 : INFO : SwitchController : <<<<<<< 's_right_inlane' inactive >>>>>>>
2022-09-04 21:03:32,502 : INFO : SwitchController : <<<<<<< 's_right_inlane' active >>>>>>>
2022-09-04 21:03:32,502 : INFO : EventManager : Event: ======'sw_playfield_active'====== Args={}
2022-09-04 21:03:32,502 : INFO : EventManager : Event: ======'playfield_active'====== Args={}
2022-09-04 21:03:32,502 : INFO : EventManager : Event: ======'unexpected_ball_on_playfield'====== Args={}
2022-09-04 21:03:32,570 : INFO : SwitchController : <<<<<<< 's_right_inlane' inactive >>>>>>>
2022-09-04 21:03:32,585 : INFO : SwitchController : <<<<<<< 's_right_inlane' active >>>>>>>
2022-09-04 21:03:32,585 : INFO : EventManager : Event: ======'sw_playfield_active'====== Args={}
2022-09-04 21:03:32,586 : INFO : EventManager : Event: ======'playfield_active'====== Args={}
2022-09-04 21:03:32,586 : INFO : EventManager : Event: ======'unexpected_ball_on_playfield'====== Args={}
2022-09-04 21:03:32,726 : INFO : SwitchController : <<<<<<< 's_right_inlane' inactive >>>>>>>
2022-09-04 21:03:32,886 : INFO : SwitchController : <<<<<<< 's_right_outlane' active >>>>>>>
2022-09-04 21:03:32,886 : INFO : EventManager : Event: ======'sw_playfield_active'====== Args={}
2022-09-04 21:03:32,886 : INFO : EventManager : Event: ======'playfield_active'====== Args={}
2022-09-04 21:03:32,886 : INFO : EventManager : Event: ======'unexpected_ball_on_playfield'====== Args={}
2022-09-04 21:03:33,110 : INFO : SwitchController : <<<<<<< 's_right_outlane' inactive >>>>>>>
2022-09-04 21:03:33,142 : INFO : SwitchController : <<<<<<< 's_right_inlane' active >>>>>>>
2022-09-04 21:03:33,142 : INFO : EventManager : Event: ======'sw_playfield_active'====== Args={}
2022-09-04 21:03:33,143 : INFO : EventManager : Event: ======'playfield_active'====== Args={}
2022-09-04 21:03:33,143 : INFO : EventManager : Event: ======'unexpected_ball_on_playfield'====== Args={}
2022-09-04 21:03:33,253 : INFO : SwitchController : <<<<<<< 's_left_outlane' active >>>>>>>
2022-09-04 21:03:33,253 : INFO : EventManager : Event: ======'sw_playfield_active'====== Args={}
2022-09-04 21:03:33,253 : INFO : SwitchController : <<<<<<< 's_right_inlane' inactive >>>>>>>
2022-09-04 21:03:33,253 : INFO : SwitchController : <<<<<<< 's_right_inlane' active >>>>>>>
2022-09-04 21:03:33,253 : INFO : EventManager : Event: ======'sw_playfield_active'====== Args={}
2022-09-04 21:03:33,254 : INFO : EventManager : Event: ======'playfield_active'====== Args={}
2022-09-04 21:03:33,254 : INFO : EventManager : Event: ======'unexpected_ball_on_playfield'====== Args={}
2022-09-04 21:03:33,254 : INFO : EventManager : Event: ======'playfield_active'====== Args={}
2022-09-04 21:03:33,254 : INFO : EventManager : Event: ======'unexpected_ball_on_playfield'====== Args={}
2022-09-04 21:03:33,349 : INFO : SwitchController : <<<<<<< 's_right_inlane' inactive >>>>>>>
2022-09-04 21:03:33,413 : INFO : SwitchController : <<<<<<< 's_left_inlane' active >>>>>>>
2022-09-04 21:03:33,413 : INFO : EventManager : Event: ======'sw_playfield_active'====== Args={}
2022-09-04 21:03:33,413 : INFO : EventManager : Event: ======'playfield_active'====== Args={}
2022-09-04 21:03:33,413 : INFO : EventManager : Event: ======'unexpected_ball_on_playfield'====== Args={}
2022-09-04 21:03:33,542 : INFO : SwitchController : <<<<<<< 's_right_outlane' active >>>>>>>
2022-09-04 21:03:33,542 : INFO : EventManager : Event: ======'sw_playfield_active'====== Args={}
2022-09-04 21:03:33,542 : INFO : EventManager : Event: ======'playfield_active'====== Args={}
2022-09-04 21:03:33,542 : INFO : EventManager : Event: ======'unexpected_ball_on_playfield'====== Args={}
2022-09-04 21:03:33,586 : INFO : SwitchController : <<<<<<< 's_left_outlane' inactive >>>>>>>
2022-09-04 21:03:33,682 : INFO : SwitchController : <<<<<<< 's_left_inlane' inactive >>>>>>>
2022-09-04 21:03:33,682 : INFO : SwitchController : <<<<<<< 's_left_inlane' active >>>>>>>
2022-09-04 21:03:33,682 : INFO : EventManager : Event: ======'sw_playfield_active'====== Args={}
2022-09-04 21:03:33,682 : INFO : EventManager : Event: ======'playfield_active'====== Args={}
2022-09-04 21:03:33,683 : INFO : EventManager : Event: ======'unexpected_ball_on_playfield'====== Args={}
2022-09-04 21:03:33,714 : INFO : SwitchController : <<<<<<< 's_left_outlane' active >>>>>>>
2022-09-04 21:03:33,714 : INFO : EventManager : Event: ======'sw_playfield_active'====== Args={}
2022-09-04 21:03:33,714 : INFO : EventManager : Event: ======'playfield_active'====== Args={}
2022-09-04 21:03:33,715 : INFO : EventManager : Event: ======'unexpected_ball_on_playfield'====== Args={}
2022-09-04 21:03:33,718 : INFO : SwitchController : <<<<<<< 's_right_inlane' active >>>>>>>
2022-09-04 21:03:33,718 : INFO : EventManager : Event: ======'sw_playfield_active'====== Args={}
2022-09-04 21:03:33,718 : INFO : SwitchController : <<<<<<< 's_left_inlane' inactive >>>>>>>
2022-09-04 21:03:33,719 : INFO : EventManager : Event: ======'playfield_active'====== Args={}
2022-09-04 21:03:33,719 : INFO : EventManager : Event: ======'unexpected_ball_on_playfield'====== Args={}
2022-09-04 21:03:33,730 : INFO : SwitchController : <<<<<<< 's_right_outlane' inactive >>>>>>>
2022-09-04 21:03:33,873 : INFO : SwitchController : <<<<<<< 's_left_inlane' active >>>>>>>
2022-09-04 21:03:33,873 : INFO : EventManager : Event: ======'sw_playfield_active'====== Args={}
2022-09-04 21:03:33,873 : INFO : EventManager : Event: ======'playfield_active'====== Args={}
2022-09-04 21:03:33,873 : INFO : EventManager : Event: ======'unexpected_ball_on_playfield'====== Args={}
2022-09-04 21:03:33,905 : INFO : SwitchController : <<<<<<< 's_right_inlane' inactive >>>>>>>
2022-09-04 21:03:34,017 : INFO : SwitchController : <<<<<<< 's_left_outlane' inactive >>>>>>>
2022-09-04 21:03:34,037 : INFO : SwitchController : <<<<<<< 's_left_inlane' inactive >>>>>>>
2022-09-04 21:03:37,110 : INFO : SwitchController : <<<<<<< 's_pop_left' active >>>>>>>
2022-09-04 21:03:37,414 : INFO : SwitchController : <<<<<<< 's_pop_left' inactive >>>>>>>
2022-09-04 21:03:37,462 : INFO : SwitchController : <<<<<<< 's_pop_left' active >>>>>>>
2022-09-04 21:03:37,670 : INFO : SwitchController : <<<<<<< 's_pop_left' inactive >>>>>>>
2022-09-04 21:03:37,718 : INFO : SwitchController : <<<<<<< 's_pop_left' active >>>>>>>
2022-09-04 21:03:37,908 : INFO : SwitchController : <<<<<<< 's_pop_left' inactive >>>>>>>
2022-09-04 21:03:37,956 : INFO : SwitchController : <<<<<<< 's_pop_left' active >>>>>>>
2022-09-04 21:03:38,146 : INFO : SwitchController : <<<<<<< 's_pop_left' inactive >>>>>>>
2022-09-04 21:03:39,135 : INFO : SwitchController : <<<<<<< 's_pop_right' active >>>>>>>
2022-09-04 21:03:39,310 : INFO : SwitchController : <<<<<<< 's_pop_right' inactive >>>>>>>
2022-09-04 21:03:39,373 : INFO : SwitchController : <<<<<<< 's_pop_right' active >>>>>>>
2022-09-04 21:03:39,581 : INFO : SwitchController : <<<<<<< 's_pop_right' inactive >>>>>>>
2022-09-04 21:03:39,692 : INFO : SwitchController : <<<<<<< 's_pop_right' active >>>>>>>
2022-09-04 21:03:39,867 : INFO : SwitchController : <<<<<<< 's_pop_right' inactive >>>>>>>
2022-09-04 21:03:39,963 : INFO : SwitchController : <<<<<<< 's_pop_right' active >>>>>>>
2022-09-04 21:03:40,106 : INFO : SwitchController : <<<<<<< 's_pop_right' inactive >>>>>>>
2022-09-04 21:03:40,825 : INFO : SwitchController : <<<<<<< 's_drop_mid_right' active >>>>>>>
2022-09-04 21:03:40,825 : INFO : EventManager : Event: ======'playfield_active'====== Args={}
2022-09-04 21:03:40,825 : INFO : EventManager : Event: ======'unexpected_ball_on_playfield'====== Args={}
2022-09-04 21:03:40,825 : INFO : EventManager : Event: ======'drop_target_mid_right_down'====== Args={'device': <drop_target.mid_right>}
2022-09-04 21:03:40,825 : INFO : EventManager : Event: ======'drop_target_bank_mid_mixed'====== Args={'prev_value': <DropTargetBankState.UP: 'up'>, 'down': 1}
2022-09-04 21:03:40,953 : INFO : SwitchController : <<<<<<< 's_drop_mid_right' inactive >>>>>>>
2022-09-04 21:03:40,953 : INFO : EventManager : Event: ======'playfield_active'====== Args={}
2022-09-04 21:03:40,953 : INFO : EventManager : Event: ======'unexpected_ball_on_playfield'====== Args={}
2022-09-04 21:03:40,953 : INFO : EventManager : Event: ======'drop_target_mid_right_up'====== Args={'device': <drop_target.mid_right>}
2022-09-04 21:03:40,953 : INFO : EventManager : Event: ======'drop_target_bank_mid_up'====== Args={}
2022-09-04 21:03:41,065 : INFO : SwitchController : <<<<<<< 's_drop_mid_right' active >>>>>>>
2022-09-04 21:03:41,065 : INFO : EventManager : Event: ======'playfield_active'====== Args={}
2022-09-04 21:03:41,065 : INFO : EventManager : Event: ======'unexpected_ball_on_playfield'====== Args={}
2022-09-04 21:03:41,065 : INFO : EventManager : Event: ======'drop_target_mid_right_down'====== Args={'device': <drop_target.mid_right>}
2022-09-04 21:03:41,065 : INFO : EventManager : Event: ======'drop_target_bank_mid_mixed'====== Args={'prev_value': <DropTargetBankState.UP: 'up'>, 'down': 1}
2022-09-04 21:03:41,224 : INFO : SwitchController : <<<<<<< 's_drop_mid_right' inactive >>>>>>>
2022-09-04 21:03:41,224 : INFO : EventManager : Event: ======'playfield_active'====== Args={}
2022-09-04 21:03:41,224 : INFO : EventManager : Event: ======'unexpected_ball_on_playfield'====== Args={}
2022-09-04 21:03:41,224 : INFO : EventManager : Event: ======'drop_target_mid_right_up'====== Args={'device': <drop_target.mid_right>}
2022-09-04 21:03:41,224 : INFO : EventManager : Event: ======'drop_target_bank_mid_up'====== Args={}
2022-09-04 21:03:41,413 : INFO : SwitchController : <<<<<<< 's_drop_mid_mid' active >>>>>>>
2022-09-04 21:03:41,413 : INFO : EventManager : Event: ======'playfield_active'====== Args={}
2022-09-04 21:03:41,413 : INFO : EventManager : Event: ======'unexpected_ball_on_playfield'====== Args={}
2022-09-04 21:03:41,413 : INFO : EventManager : Event: ======'drop_target_mid_mid_down'====== Args={'device': <drop_target.mid_mid>}
2022-09-04 21:03:41,413 : INFO : EventManager : Event: ======'drop_target_bank_mid_mixed'====== Args={'prev_value': <DropTargetBankState.UP: 'up'>, 'down': 1}
2022-09-04 21:03:41,573 : INFO : SwitchController : <<<<<<< 's_drop_mid_mid' inactive >>>>>>>
2022-09-04 21:03:41,573 : INFO : EventManager : Event: ======'playfield_active'====== Args={}
2022-09-04 21:03:41,573 : INFO : EventManager : Event: ======'unexpected_ball_on_playfield'====== Args={}
2022-09-04 21:03:41,573 : INFO : EventManager : Event: ======'drop_target_mid_mid_up'====== Args={'device': <drop_target.mid_mid>}
2022-09-04 21:03:41,573 : INFO : EventManager : Event: ======'drop_target_bank_mid_up'====== Args={}
2022-09-04 21:03:41,733 : INFO : SwitchController : <<<<<<< 's_drop_mid_left' active >>>>>>>
2022-09-04 21:03:41,733 : INFO : EventManager : Event: ======'playfield_active'====== Args={}
2022-09-04 21:03:41,733 : INFO : EventManager : Event: ======'unexpected_ball_on_playfield'====== Args={}
2022-09-04 21:03:41,733 : INFO : EventManager : Event: ======'drop_target_mid_left_down'====== Args={'device': <drop_target.mid_left>}
2022-09-04 21:03:41,733 : INFO : EventManager : Event: ======'drop_target_bank_mid_mixed'====== Args={'prev_value': <DropTargetBankState.UP: 'up'>, 'down': 1}
2022-09-04 21:03:41,765 : INFO : SwitchController : <<<<<<< 's_drop_mid_right' active >>>>>>>
2022-09-04 21:03:41,765 : INFO : EventManager : Event: ======'playfield_active'====== Args={}
2022-09-04 21:03:41,765 : INFO : EventManager : Event: ======'unexpected_ball_on_playfield'====== Args={}
2022-09-04 21:03:41,765 : INFO : EventManager : Event: ======'drop_target_mid_right_down'====== Args={'device': <drop_target.mid_right>}
2022-09-04 21:03:41,765 : INFO : EventManager : Event: ======'drop_target_bank_mid_mixed'====== Args={'prev_value': <DropTargetBankState.MIXED: 'mixed'>, 'down': 2}
2022-09-04 21:03:41,797 : INFO : SwitchController : <<<<<<< 's_drop_mid_left' inactive >>>>>>>
2022-09-04 21:03:41,797 : INFO : EventManager : Event: ======'playfield_active'====== Args={}
2022-09-04 21:03:41,797 : INFO : EventManager : Event: ======'unexpected_ball_on_playfield'====== Args={}
2022-09-04 21:03:41,797 : INFO : EventManager : Event: ======'drop_target_mid_left_up'====== Args={'device': <drop_target.mid_left>}
2022-09-04 21:03:41,797 : INFO : EventManager : Event: ======'drop_target_bank_mid_mixed'====== Args={'prev_value': <DropTargetBankState.MIXED: 'mixed'>, 'down': 1}
2022-09-04 21:03:41,909 : INFO : SwitchController : <<<<<<< 's_drop_mid_left' active >>>>>>>
2022-09-04 21:03:41,909 : INFO : EventManager : Event: ======'playfield_active'====== Args={}
2022-09-04 21:03:41,909 : INFO : EventManager : Event: ======'unexpected_ball_on_playfield'====== Args={}
2022-09-04 21:03:41,909 : INFO : EventManager : Event: ======'drop_target_mid_left_down'====== Args={'device': <drop_target.mid_left>}
2022-09-04 21:03:41,909 : INFO : EventManager : Event: ======'drop_target_bank_mid_mixed'====== Args={'prev_value': <DropTargetBankState.MIXED: 'mixed'>, 'down': 2}
2022-09-04 21:03:41,928 : INFO : SwitchController : <<<<<<< 's_drop_mid_left' inactive >>>>>>>
2022-09-04 21:03:41,928 : INFO : EventManager : Event: ======'playfield_active'====== Args={}
2022-09-04 21:03:41,928 : INFO : EventManager : Event: ======'unexpected_ball_on_playfield'====== Args={}
2022-09-04 21:03:41,928 : INFO : EventManager : Event: ======'drop_target_mid_left_up'====== Args={'device': <drop_target.mid_left>}
2022-09-04 21:03:41,928 : INFO : EventManager : Event: ======'drop_target_bank_mid_mixed'====== Args={'prev_value': <DropTargetBankState.MIXED: 'mixed'>, 'down': 1}
2022-09-04 21:03:41,929 : INFO : SwitchController : <<<<<<< 's_drop_mid_left' active >>>>>>>
2022-09-04 21:03:41,929 : INFO : EventManager : Event: ======'playfield_active'====== Args={}
2022-09-04 21:03:41,929 : INFO : EventManager : Event: ======'unexpected_ball_on_playfield'====== Args={}
2022-09-04 21:03:41,929 : INFO : EventManager : Event: ======'drop_target_mid_left_down'====== Args={'device': <drop_target.mid_left>}
2022-09-04 21:03:41,929 : INFO : EventManager : Event: ======'drop_target_bank_mid_mixed'====== Args={'prev_value': <DropTargetBankState.MIXED: 'mixed'>, 'down': 2}
2022-09-04 21:03:41,957 : INFO : SwitchController : <<<<<<< 's_drop_mid_right' inactive >>>>>>>
2022-09-04 21:03:41,957 : INFO : EventManager : Event: ======'playfield_active'====== Args={}
2022-09-04 21:03:41,957 : INFO : EventManager : Event: ======'unexpected_ball_on_playfield'====== Args={}
2022-09-04 21:03:41,957 : INFO : EventManager : Event: ======'drop_target_mid_right_up'====== Args={'device': <drop_target.mid_right>}
2022-09-04 21:03:41,957 : INFO : EventManager : Event: ======'drop_target_bank_mid_mixed'====== Args={'prev_value': <DropTargetBankState.MIXED: 'mixed'>, 'down': 1}
2022-09-04 21:03:42,116 : INFO : SwitchController : <<<<<<< 's_drop_mid_right' active >>>>>>>
2022-09-04 21:03:42,116 : INFO : EventManager : Event: ======'playfield_active'====== Args={}
2022-09-04 21:03:42,116 : INFO : EventManager : Event: ======'unexpected_ball_on_playfield'====== Args={}
2022-09-04 21:03:42,116 : INFO : EventManager : Event: ======'drop_target_mid_right_down'====== Args={'device': <drop_target.mid_right>}
2022-09-04 21:03:42,116 : INFO : EventManager : Event: ======'drop_target_bank_mid_mixed'====== Args={'prev_value': <DropTargetBankState.MIXED: 'mixed'>, 'down': 2}
2022-09-04 21:03:42,148 : INFO : SwitchController : <<<<<<< 's_drop_mid_left' inactive >>>>>>>
2022-09-04 21:03:42,148 : INFO : EventManager : Event: ======'playfield_active'====== Args={}
2022-09-04 21:03:42,148 : INFO : EventManager : Event: ======'unexpected_ball_on_playfield'====== Args={}
2022-09-04 21:03:42,148 : INFO : EventManager : Event: ======'drop_target_mid_left_up'====== Args={'device': <drop_target.mid_left>}
2022-09-04 21:03:42,148 : INFO : EventManager : Event: ======'drop_target_bank_mid_mixed'====== Args={'prev_value': <DropTargetBankState.MIXED: 'mixed'>, 'down': 1}
2022-09-04 21:03:42,228 : INFO : SwitchController : <<<<<<< 's_drop_mid_right' inactive >>>>>>>
2022-09-04 21:03:42,228 : INFO : EventManager : Event: ======'playfield_active'====== Args={}
2022-09-04 21:03:42,228 : INFO : EventManager : Event: ======'unexpected_ball_on_playfield'====== Args={}
2022-09-04 21:03:42,228 : INFO : EventManager : Event: ======'drop_target_mid_right_up'====== Args={'device': <drop_target.mid_right>}
2022-09-04 21:03:42,228 : INFO : EventManager : Event: ======'drop_target_bank_mid_up'====== Args={}
2022-09-04 21:03:42,644 : INFO : SwitchController : <<<<<<< 's_drop_mid_mid' active >>>>>>>
2022-09-04 21:03:42,644 : INFO : EventManager : Event: ======'playfield_active'====== Args={}
2022-09-04 21:03:42,644 : INFO : EventManager : Event: ======'unexpected_ball_on_playfield'====== Args={}
2022-09-04 21:03:42,644 : INFO : EventManager : Event: ======'drop_target_mid_mid_down'====== Args={'device': <drop_target.mid_mid>}
2022-09-04 21:03:42,644 : INFO : EventManager : Event: ======'drop_target_bank_mid_mixed'====== Args={'prev_value': <DropTargetBankState.UP: 'up'>, 'down': 1}
2022-09-04 21:03:42,803 : INFO : SwitchController : <<<<<<< 's_drop_mid_mid' inactive >>>>>>>
2022-09-04 21:03:42,803 : INFO : EventManager : Event: ======'playfield_active'====== Args={}
2022-09-04 21:03:42,803 : INFO : EventManager : Event: ======'unexpected_ball_on_playfield'====== Args={}
2022-09-04 21:03:42,803 : INFO : EventManager : Event: ======'drop_target_mid_mid_up'====== Args={'device': <drop_target.mid_mid>}
2022-09-04 21:03:42,803 : INFO : EventManager : Event: ======'drop_target_bank_mid_up'====== Args={}
2022-09-04 21:03:42,915 : INFO : SwitchController : <<<<<<< 's_drop_mid_right' active >>>>>>>
2022-09-04 21:03:42,915 : INFO : EventManager : Event: ======'playfield_active'====== Args={}
2022-09-04 21:03:42,915 : INFO : EventManager : Event: ======'unexpected_ball_on_playfield'====== Args={}
2022-09-04 21:03:42,915 : INFO : EventManager : Event: ======'drop_target_mid_right_down'====== Args={'device': <drop_target.mid_right>}
2022-09-04 21:03:42,915 : INFO : EventManager : Event: ======'drop_target_bank_mid_mixed'====== Args={'prev_value': <DropTargetBankState.UP: 'up'>, 'down': 1}
2022-09-04 21:03:43,106 : INFO : SwitchController : <<<<<<< 's_drop_mid_right' inactive >>>>>>>
2022-09-04 21:03:43,106 : INFO : EventManager : Event: ======'playfield_active'====== Args={}
2022-09-04 21:03:43,106 : INFO : EventManager : Event: ======'unexpected_ball_on_playfield'====== Args={}
2022-09-04 21:03:43,106 : INFO : EventManager : Event: ======'drop_target_mid_right_up'====== Args={'device': <drop_target.mid_right>}
2022-09-04 21:03:43,106 : INFO : EventManager : Event: ======'drop_target_bank_mid_up'====== Args={}
2022-09-04 21:03:43,345 : INFO : SwitchController : <<<<<<< 's_drop_mid_right' active >>>>>>>
2022-09-04 21:03:43,345 : INFO : EventManager : Event: ======'playfield_active'====== Args={}
2022-09-04 21:03:43,345 : INFO : EventManager : Event: ======'unexpected_ball_on_playfield'====== Args={}
2022-09-04 21:03:43,345 : INFO : EventManager : Event: ======'drop_target_mid_right_down'====== Args={'device': <drop_target.mid_right>}
2022-09-04 21:03:43,345 : INFO : EventManager : Event: ======'drop_target_bank_mid_mixed'====== Args={'prev_value': <DropTargetBankState.UP: 'up'>, 'down': 1}
2022-09-04 21:03:43,377 : INFO : SwitchController : <<<<<<< 's_drop_mid_right' inactive >>>>>>>
2022-09-04 21:03:43,377 : INFO : EventManager : Event: ======'playfield_active'====== Args={}
2022-09-04 21:03:43,377 : INFO : EventManager : Event: ======'unexpected_ball_on_playfield'====== Args={}
2022-09-04 21:03:43,377 : INFO : EventManager : Event: ======'drop_target_mid_right_up'====== Args={'device': <drop_target.mid_right>}
2022-09-04 21:03:43,377 : INFO : EventManager : Event: ======'drop_target_bank_mid_up'====== Args={}
2022-09-04 21:03:43,377 : INFO : SwitchController : <<<<<<< 's_drop_mid_left' active >>>>>>>
2022-09-04 21:03:43,378 : INFO : EventManager : Event: ======'playfield_active'====== Args={}
2022-09-04 21:03:43,378 : INFO : EventManager : Event: ======'unexpected_ball_on_playfield'====== Args={}
2022-09-04 21:03:43,378 : INFO : EventManager : Event: ======'drop_target_mid_left_down'====== Args={'device': <drop_target.mid_left>}
2022-09-04 21:03:43,378 : INFO : EventManager : Event: ======'drop_target_bank_mid_mixed'====== Args={'prev_value': <DropTargetBankState.UP: 'up'>, 'down': 1}
2022-09-04 21:03:43,383 : INFO : SwitchController : <<<<<<< 's_drop_mid_left' inactive >>>>>>>
2022-09-04 21:03:43,383 : INFO : EventManager : Event: ======'playfield_active'====== Args={}
2022-09-04 21:03:43,383 : INFO : EventManager : Event: ======'unexpected_ball_on_playfield'====== Args={}
2022-09-04 21:03:43,383 : INFO : EventManager : Event: ======'drop_target_mid_left_up'====== Args={'device': <drop_target.mid_left>}
2022-09-04 21:03:43,383 : INFO : EventManager : Event: ======'drop_target_bank_mid_up'====== Args={}
2022-09-04 21:03:43,383 : INFO : SwitchController : <<<<<<< 's_drop_mid_right' active >>>>>>>
2022-09-04 21:03:43,383 : INFO : EventManager : Event: ======'playfield_active'====== Args={}
2022-09-04 21:03:43,383 : INFO : EventManager : Event: ======'unexpected_ball_on_playfield'====== Args={}
2022-09-04 21:03:43,383 : INFO : EventManager : Event: ======'drop_target_mid_right_down'====== Args={'device': <drop_target.mid_right>}
2022-09-04 21:03:43,383 : INFO : EventManager : Event: ======'drop_target_bank_mid_mixed'====== Args={'prev_value': <DropTargetBankState.UP: 'up'>, 'down': 1}
2022-09-04 21:03:43,384 : INFO : SwitchController : <<<<<<< 's_drop_mid_left' active >>>>>>>
2022-09-04 21:03:43,384 : INFO : EventManager : Event: ======'playfield_active'====== Args={}
2022-09-04 21:03:43,384 : INFO : EventManager : Event: ======'unexpected_ball_on_playfield'====== Args={}
2022-09-04 21:03:43,384 : INFO : EventManager : Event: ======'drop_target_mid_left_down'====== Args={'device': <drop_target.mid_left>}
2022-09-04 21:03:43,384 : INFO : EventManager : Event: ======'drop_target_bank_mid_mixed'====== Args={'prev_value': <DropTargetBankState.MIXED: 'mixed'>, 'down': 2}
2022-09-04 21:03:43,425 : INFO : SwitchController : <<<<<<< 's_drop_mid_right' inactive >>>>>>>
2022-09-04 21:03:43,425 : INFO : EventManager : Event: ======'playfield_active'====== Args={}
2022-09-04 21:03:43,425 : INFO : EventManager : Event: ======'unexpected_ball_on_playfield'====== Args={}
2022-09-04 21:03:43,425 : INFO : EventManager : Event: ======'drop_target_mid_right_up'====== Args={'device': <drop_target.mid_right>}
2022-09-04 21:03:43,425 : INFO : EventManager : Event: ======'drop_target_bank_mid_mixed'====== Args={'prev_value': <DropTargetBankState.MIXED: 'mixed'>, 'down': 1}
2022-09-04 21:03:43,536 : INFO : SwitchController : <<<<<<< 's_drop_mid_left' inactive >>>>>>>
2022-09-04 21:03:43,536 : INFO : EventManager : Event: ======'playfield_active'====== Args={}
2022-09-04 21:03:43,536 : INFO : EventManager : Event: ======'unexpected_ball_on_playfield'====== Args={}
2022-09-04 21:03:43,536 : INFO : EventManager : Event: ======'drop_target_mid_left_up'====== Args={'device': <drop_target.mid_left>}
2022-09-04 21:03:43,536 : INFO : EventManager : Event: ======'drop_target_bank_mid_up'====== Args={}
2022-09-04 21:03:43,558 : INFO : SwitchController : <<<<<<< 's_drop_mid_right' active >>>>>>>
2022-09-04 21:03:43,558 : INFO : EventManager : Event: ======'playfield_active'====== Args={}
2022-09-04 21:03:43,558 : INFO : EventManager : Event: ======'unexpected_ball_on_playfield'====== Args={}
2022-09-04 21:03:43,558 : INFO : EventManager : Event: ======'drop_target_mid_right_down'====== Args={'device': <drop_target.mid_right>}
2022-09-04 21:03:43,558 : INFO : EventManager : Event: ======'drop_target_bank_mid_mixed'====== Args={'prev_value': <DropTargetBankState.UP: 'up'>, 'down': 1}
2022-09-04 21:03:43,662 : INFO : SwitchController : <<<<<<< 's_drop_mid_right' inactive >>>>>>>
2022-09-04 21:03:43,662 : INFO : EventManager : Event: ======'playfield_active'====== Args={}
2022-09-04 21:03:43,662 : INFO : EventManager : Event: ======'unexpected_ball_on_playfield'====== Args={}
2022-09-04 21:03:43,662 : INFO : EventManager : Event: ======'drop_target_mid_right_up'====== Args={'device': <drop_target.mid_right>}
2022-09-04 21:03:43,662 : INFO : EventManager : Event: ======'drop_target_bank_mid_up'====== Args={}
2022-09-04 21:03:45,081 : INFO : SwitchController : <<<<<<< 's_drop_right_right' active >>>>>>>
2022-09-04 21:03:45,081 : INFO : EventManager : Event: ======'playfield_active'====== Args={}
2022-09-04 21:03:45,081 : INFO : EventManager : Event: ======'unexpected_ball_on_playfield'====== Args={}
2022-09-04 21:03:45,081 : INFO : EventManager : Event: ======'drop_target_right_right_down'====== Args={'device': <drop_target.right_right>}
2022-09-04 21:03:45,081 : INFO : EventManager : Event: ======'drop_target_bank_right_mixed'====== Args={'prev_value': <DropTargetBankState.UP: 'up'>, 'down': 1}
2022-09-04 21:03:45,192 : INFO : SwitchController : <<<<<<< 's_drop_right_right' inactive >>>>>>>
2022-09-04 21:03:45,192 : INFO : EventManager : Event: ======'playfield_active'====== Args={}
2022-09-04 21:03:45,192 : INFO : EventManager : Event: ======'unexpected_ball_on_playfield'====== Args={}
2022-09-04 21:03:45,192 : INFO : EventManager : Event: ======'drop_target_right_right_up'====== Args={'device': <drop_target.right_right>}
2022-09-04 21:03:45,192 : INFO : EventManager : Event: ======'drop_target_bank_right_up'====== Args={}
2022-09-04 21:03:45,336 : INFO : SwitchController : <<<<<<< 's_drop_right_right' active >>>>>>>
2022-09-04 21:03:45,336 : INFO : EventManager : Event: ======'playfield_active'====== Args={}
2022-09-04 21:03:45,336 : INFO : EventManager : Event: ======'unexpected_ball_on_playfield'====== Args={}
2022-09-04 21:03:45,336 : INFO : EventManager : Event: ======'drop_target_right_right_down'====== Args={'device': <drop_target.right_right>}
2022-09-04 21:03:45,336 : INFO : EventManager : Event: ======'drop_target_bank_right_mixed'====== Args={'prev_value': <DropTargetBankState.UP: 'up'>, 'down': 1}
2022-09-04 21:03:45,449 : INFO : SwitchController : <<<<<<< 's_drop_right_right' inactive >>>>>>>
2022-09-04 21:03:45,449 : INFO : EventManager : Event: ======'playfield_active'====== Args={}
2022-09-04 21:03:45,449 : INFO : EventManager : Event: ======'unexpected_ball_on_playfield'====== Args={}
2022-09-04 21:03:45,449 : INFO : EventManager : Event: ======'drop_target_right_right_up'====== Args={'device': <drop_target.right_right>}
2022-09-04 21:03:45,449 : INFO : EventManager : Event: ======'drop_target_bank_right_up'====== Args={}
2022-09-04 21:03:45,782 : INFO : SwitchController : <<<<<<< 's_drop_right_left' active >>>>>>>
2022-09-04 21:03:45,782 : INFO : EventManager : Event: ======'playfield_active'====== Args={}
2022-09-04 21:03:45,782 : INFO : EventManager : Event: ======'unexpected_ball_on_playfield'====== Args={}
2022-09-04 21:03:45,782 : INFO : EventManager : Event: ======'drop_target_right_left_down'====== Args={'device': <drop_target.right_left>}
2022-09-04 21:03:45,782 : INFO : EventManager : Event: ======'drop_target_bank_right_mixed'====== Args={'prev_value': <DropTargetBankState.UP: 'up'>, 'down': 1}
2022-09-04 21:03:46,005 : INFO : SwitchController : <<<<<<< 's_drop_right_left' inactive >>>>>>>
2022-09-04 21:03:46,005 : INFO : EventManager : Event: ======'playfield_active'====== Args={}
2022-09-04 21:03:46,005 : INFO : EventManager : Event: ======'unexpected_ball_on_playfield'====== Args={}
2022-09-04 21:03:46,005 : INFO : EventManager : Event: ======'drop_target_right_left_up'====== Args={'device': <drop_target.right_left>}
2022-09-04 21:03:46,005 : INFO : EventManager : Event: ======'drop_target_bank_right_up'====== Args={}
2022-09-04 21:03:46,085 : INFO : SwitchController : <<<<<<< 's_drop_right_left' active >>>>>>>
2022-09-04 21:03:46,085 : INFO : EventManager : Event: ======'playfield_active'====== Args={}
2022-09-04 21:03:46,085 : INFO : EventManager : Event: ======'unexpected_ball_on_playfield'====== Args={}
2022-09-04 21:03:46,085 : INFO : EventManager : Event: ======'drop_target_right_left_down'====== Args={'device': <drop_target.right_left>}
2022-09-04 21:03:46,085 : INFO : EventManager : Event: ======'drop_target_bank_right_mixed'====== Args={'prev_value': <DropTargetBankState.UP: 'up'>, 'down': 1}
2022-09-04 21:03:46,244 : INFO : SwitchController : <<<<<<< 's_drop_right_left' inactive >>>>>>>
2022-09-04 21:03:46,244 : INFO : EventManager : Event: ======'playfield_active'====== Args={}
2022-09-04 21:03:46,244 : INFO : EventManager : Event: ======'unexpected_ball_on_playfield'====== Args={}
2022-09-04 21:03:46,244 : INFO : EventManager : Event: ======'drop_target_right_left_up'====== Args={'device': <drop_target.right_left>}
2022-09-04 21:03:46,244 : INFO : EventManager : Event: ======'drop_target_bank_right_up'====== Args={}
2022-09-04 21:04:28,083 : INFO : SwitchController : <<<<<<< 's_vuk_right' active >>>>>>>
2022-09-04 21:04:28,102 : INFO : SwitchController : <<<<<<< 's_vuk_back' active >>>>>>>
2022-09-04 21:04:33,026 : INFO : SwitchController : <<<<<<< 's_vuk_right' inactive >>>>>>>
2022-09-04 21:04:33,026 : INFO : SwitchController : <<<<<<< 's_vuk_back' inactive >>>>>>>
2022-09-04 21:04:33,329 : INFO : SwitchController : <<<<<<< 's_vuk_back' active >>>>>>>
2022-09-04 21:04:33,759 : INFO : SwitchController : <<<<<<< 's_vuk_back' inactive >>>>>>>
2022-09-04 21:05:30,913 : INFO : Machine : Shutting down...
2022-09-04 21:05:30,913 : INFO : EventManager : Event: ======'shutdown'====== Args={}
2022-09-04 21:05:30,929 : WARNING : FAST : Port NET received more messages than were sent! Resetting!
2022-09-04 21:05:30,945 : WARNING : FAST : Port RGB received more messages than were sent! Resetting!
2022-09-04 21:05:30,945 : WARNING : FAST : Received unknown serial command? BX:P from RGB.
2022-09-04 21:05:31,009 : ERROR : FAST : Stop called on serial connection com20
2022-09-04 21:05:31,009 : ERROR : FAST : Stop called on serial connection com21
2022-09-04 21:05:31,249 : INFO : root : MPF run loop ended.
