2022-10-12 13:37:55,900 : INFO : root : Loading config.
2022-10-12 13:37:55,904 : INFO : YamlMultifileConfigLoader : Machine config file #1: config.yaml
2022-10-12 13:37:55,905 : INFO : ConfigProcessor : Loading config from cache: C:\Users\Tanner\AppData\Local\Temp\a6762098cb994b55cb03a478b26022ee.mpf_cache
2022-10-12 13:37:55,981 : INFO : ConfigProcessor : Loading config from cache: C:\Users\Tanner\AppData\Local\Temp\9cf7ccc27b21f4d6162237fadfc53e5a.mpf_cache
2022-10-12 13:37:55,982 : INFO : ConfigProcessor : Loading config from cache: C:\Users\Tanner\AppData\Local\Temp\c215df352878fee5d54f1a5ec5b16e7c.mpf_cache
2022-10-12 13:37:55,982 : INFO : ConfigProcessor : Loading config from cache: C:\Users\Tanner\AppData\Local\Temp\708062243e0edcfa77dd6b1521bd0d4e.mpf_cache
2022-10-12 13:37:55,983 : INFO : ConfigProcessor : Loading config from cache: C:\Users\Tanner\AppData\Local\Temp\c4174472f67f7b070dd6fb437c6feb0c.mpf_cache
2022-10-12 13:37:55,984 : INFO : ConfigProcessor : Loading config from cache: C:\Users\Tanner\AppData\Local\Temp\abaa92c43d134e3392cbb2346e6a16be.mpf_cache
2022-10-12 13:37:55,985 : INFO : ConfigProcessor : Loading config from cache: C:\Users\Tanner\AppData\Local\Temp\fc46d53fcb9fe6b8abf783d9c813390a.mpf_cache
2022-10-12 13:37:55,985 : INFO : ConfigProcessor : Loading config from cache: C:\Users\Tanner\AppData\Local\Temp\b46de592c65b9a27a1f4965daee53c91.mpf_cache
2022-10-12 13:37:55,986 : INFO : ConfigProcessor : Loading config from cache: C:\Users\Tanner\AppData\Local\Temp\5b50cb1d58cd4116013cda74c2923169.mpf_cache
2022-10-12 13:37:55,989 : INFO : ConfigProcessor : Loading config from cache: C:\Users\Tanner\AppData\Local\Temp\2734ac1662e5e62f2e4cb2a8d902a8f2.mpf_cache
2022-10-12 13:37:55,991 : INFO : ConfigProcessor : Loading config from cache: C:\Users\Tanner\AppData\Local\Temp\fe169133106b4804e097dca6b78afaf5.mpf_cache
2022-10-12 13:37:55,992 : INFO : ConfigProcessor : Loading config from cache: C:\Users\Tanner\AppData\Local\Temp\d4f531e94c6a484dd08e4121f6e3a74e.mpf_cache
2022-10-12 13:37:55,993 : INFO : ConfigProcessor : Loading config from cache: C:\Users\Tanner\AppData\Local\Temp\e9c431c8aa2f7ab7b37617b37185d68f.mpf_cache
2022-10-12 13:37:55,994 : INFO : ConfigProcessor : Loading config from cache: C:\Users\Tanner\AppData\Local\Temp\07112933e6abcdb1819075df64aee3c0.mpf_cache
2022-10-12 13:37:55,995 : INFO : Machine : Mission Pinball Framework Core Engine v0.55.0
2022-10-12 13:37:55,996 : INFO : Machine : Command line arguments: {'no_load_cache': False, 'create_config_cache': True, 'bcp': False, 'configfile': ['config.yaml'], 'force_assets_load': False, 'jsonlogging': False, 'logfile': 'logs\\2022-10-12-13-37-55-mpf-DESKTOP-7HNFDQ5.log', 'pause': False, 'production': False, 'text_ui': True, 'loglevel': 15, 'consoleloglevel': 20, 'force_platform': None, 'syslog_address': None, 'mc_file_name': None, 'no_sound': False}
2022-10-12 13:37:55,996 : INFO : Machine : MPF path: c:\users\tanner\appdata\local\programs\python\python37\lib\site-packages\mpf
2022-10-12 13:37:55,996 : INFO : Machine : Machine path: c:\trashland_2
2022-10-12 13:37:55,996 : INFO : Machine : Platform: win32
2022-10-12 13:37:55,996 : INFO : Machine : Python executable location: c:\users\tanner\appdata\local\programs\python\python37\python.exe
2022-10-12 13:37:55,996 : INFO : Machine : Python version: 3.7.8 (64-bit)
2022-10-12 13:37:55,998 : INFO : Machine : Initialise MPF.
2022-10-12 13:37:56,275 : INFO : FAST : Connecting to com9 at 921600bps
2022-10-12 13:37:56,310 : INFO : FAST : Connected! Processor: NET, Board Type: FP-CPU-002-2, Firmware: 01.05
2022-10-12 13:37:56,310 : INFO : EventManager : Event: ======'machine_var_fast_net_firmware'====== Args={'value': '01.05', 'prev_value': None, 'change': True}
2022-10-12 13:37:56,310 : INFO : EventManager : Event: ======'machine_var_fast_net_model'====== Args={'value': 'FP-CPU-002-2', 'prev_value': None, 'change': True}
2022-10-12 13:37:58,697 : WARNING : FAST : Got unexpected message from FAST: -N:11
2022-10-12 13:37:58,697 : WARNING : FAST : Got unexpected message from FAST: -N:2D
2022-10-12 13:37:58,697 : WARNING : FAST : Got unexpected message from FAST: -N:38
2022-10-12 13:37:58,697 : WARNING : FAST : Got unexpected message from FAST: -N:40
2022-10-12 13:37:58,697 : WARNING : FAST : Got unexpected message from FAST: -N:41
2022-10-12 13:37:58,697 : WARNING : FAST : Got unexpected message from FAST: -N:43
2022-10-12 13:37:58,697 : WARNING : FAST : Got unexpected message from FAST: -N:5D
2022-10-12 13:37:58,807 : INFO : FAST : Connecting to com10 at 921600bps
2022-10-12 13:37:58,839 : INFO : FAST : Connected! Processor: RGB, Board Type: FP-CPU-002-2, Firmware: 00.87
2022-10-12 13:37:58,839 : INFO : EventManager : Event: ======'machine_var_fast_rgb_firmware'====== Args={'value': '00.87', 'prev_value': None, 'change': True}
2022-10-12 13:37:58,839 : INFO : EventManager : Event: ======'machine_var_fast_rgb_model'====== Args={'value': 'FP-CPU-002-2', 'prev_value': None, 'change': True}
2022-10-12 13:37:58,840 : INFO : EventManager : Event: ======'machine_var_credits_string'====== Args={'value': 'FREE PLAY', 'prev_value': None, 'change': True}
2022-10-12 13:37:58,886 : INFO : EventManager : Event: ======'machine_var_master_volume'====== Args={'value': 0.5, 'prev_value': None, 'change': True}
2022-10-12 13:37:58,886 : INFO : EventManager : Event: ======'machine_var_mpf_version'====== Args={'value': 'MPF v0.55.0', 'prev_value': None, 'change': True}
2022-10-12 13:37:58,886 : INFO : EventManager : Event: ======'machine_var_mpf_extended_version'====== Args={'value': 'MPF v0.55.0, Config version:5, Show version: 5, BCP version:1.1', 'prev_value': None, 'change': True}
2022-10-12 13:37:58,886 : INFO : EventManager : Event: ======'machine_var_python_version'====== Args={'value': '3.7.8', 'prev_value': None, 'change': True}
2022-10-12 13:37:58,886 : INFO : EventManager : Event: ======'machine_var_platform'====== Args={'value': 'Windows-10-10.0.19041-SP0', 'prev_value': None, 'change': True}
2022-10-12 13:37:58,886 : INFO : EventManager : Event: ======'machine_var_platform_system'====== Args={'value': 'Windows', 'prev_value': None, 'change': True}
2022-10-12 13:37:58,886 : INFO : EventManager : Event: ======'machine_var_platform_release'====== Args={'value': '10', 'prev_value': None, 'change': True}
2022-10-12 13:37:58,886 : INFO : EventManager : Event: ======'machine_var_platform_version'====== Args={'value': '10.0.19041', 'prev_value': None, 'change': True}
2022-10-12 13:37:58,886 : INFO : EventManager : Event: ======'machine_var_platform_machine'====== Args={'value': 'AMD64', 'prev_value': None, 'change': True}
2022-10-12 13:37:58,886 : INFO : EventManager : Event: ======'init_phase_1'====== Args={}
2022-10-12 13:37:58,931 : INFO : EventManager : Event: ======'drop_target_bank_single_main_up'====== Args={}
2022-10-12 13:37:58,931 : INFO : EventManager : Event: ======'drop_target_bank_mid_up'====== Args={}
2022-10-12 13:37:58,931 : INFO : EventManager : Event: ======'drop_target_bank_right_up'====== Args={}
2022-10-12 13:37:58,941 : INFO : EventManager : Event: ======'init_phase_2'====== Args={}
2022-10-12 13:37:58,941 : INFO : SwitchController : Found active switch: (('2D', 1), <Platform.FAST>) <switch.s_drop_mid_right>
2022-10-12 13:37:58,941 : INFO : SwitchController : Found active switch: (('42', 1), <Platform.FAST>) <switch.s_trough_4>
2022-10-12 13:37:58,941 : INFO : SwitchController : Found active switch: (('44', 1), <Platform.FAST>) <switch.s_trough_2>
2022-10-12 13:37:58,941 : INFO : SwitchController : Found active switch: (('48', 1), <Platform.FAST>) <switch.s_trough_1>
2022-10-12 13:37:58,941 : INFO : SwitchController : Found active switch: (('49', 1), <Platform.FAST>) <switch.s_trough_jam>
2022-10-12 13:37:58,942 : INFO : SwitchController : Found active switch: (('3C', 1), <Platform.FAST>) <switch.s_eos_right>
2022-10-12 13:37:58,942 : INFO : SwitchController : Found active switch: (('3B', 1), <Platform.FAST>) <switch.s_eos_left>
2022-10-12 13:37:58,949 : INFO : ball_device.bd_bot_vuk : BCH: Initial count: 0
2022-10-12 13:37:58,950 : INFO : ball_device.bd_bot_vuk : State: idle
2022-10-12 13:37:58,950 : INFO : ball_device.bd_trough : BCH: Initial count: 3
2022-10-12 13:37:58,951 : INFO : ball_device.bd_trough : State: idle
2022-10-12 13:37:58,951 : INFO : ball_device.bd_plunger : BCH: Initial count: 0
2022-10-12 13:37:58,952 : INFO : ball_device.bd_plunger : State: idle
2022-10-12 13:37:58,952 : INFO : ball_device.bd_top_vuk : BCH: Initial count: 0
2022-10-12 13:37:58,953 : INFO : ball_device.bd_top_vuk : State: idle
2022-10-12 13:37:58,953 : INFO : ball_device.bd_right_vuk : BCH: Initial count: 0
2022-10-12 13:37:58,954 : INFO : ball_device.bd_right_vuk : State: idle
2022-10-12 13:37:58,996 : INFO : EventManager : Event: ======'init_phase_3'====== Args={}
2022-10-12 13:37:59,602 : INFO : EventManager : Event: ======'init_phase_4'====== Args={}
2022-10-12 13:37:59,638 : INFO : EventManager : Event: ======'playfield_active'====== Args={}
2022-10-12 13:37:59,639 : INFO : EventManager : Event: ======'unexpected_ball_on_playfield'====== Args={}
2022-10-12 13:37:59,639 : INFO : EventManager : Event: ======'playfield_active'====== Args={}
2022-10-12 13:37:59,639 : INFO : EventManager : Event: ======'unexpected_ball_on_playfield'====== Args={}
2022-10-12 13:37:59,639 : INFO : EventManager : Event: ======'drop_target_mid_right_down'====== Args={'device': <drop_target.mid_right>}
2022-10-12 13:37:59,639 : INFO : EventManager : Event: ======'drop_target_bank_mid_mixed'====== Args={'prev_value': <DropTargetBankState.UP: 'up'>, 'down': 1}
2022-10-12 13:37:59,639 : INFO : EventManager : Event: ======'playfield_active'====== Args={}
2022-10-12 13:37:59,639 : INFO : EventManager : Event: ======'unexpected_ball_on_playfield'====== Args={}
2022-10-12 13:37:59,639 : INFO : EventManager : Event: ======'playfield_active'====== Args={}
2022-10-12 13:37:59,639 : INFO : EventManager : Event: ======'unexpected_ball_on_playfield'====== Args={}
2022-10-12 13:37:59,639 : INFO : EventManager : Event: ======'playfield_active'====== Args={}
2022-10-12 13:37:59,639 : INFO : EventManager : Event: ======'unexpected_ball_on_playfield'====== Args={}
2022-10-12 13:37:59,639 : INFO : EventManager : Event: ======'playfield_active'====== Args={}
2022-10-12 13:37:59,639 : INFO : EventManager : Event: ======'unexpected_ball_on_playfield'====== Args={}
2022-10-12 13:37:59,640 : INFO : BallController : Initial balls found: 3
2022-10-12 13:37:59,642 : INFO : EventManager : Event: ======'machine_var_audits_events_game_ended'====== Args={'value': 0, 'prev_value': None, 'change': True}
2022-10-12 13:37:59,642 : INFO : EventManager : Event: ======'machine_var_audits_events_game_started'====== Args={'value': 0, 'prev_value': None, 'change': True}
2022-10-12 13:37:59,642 : INFO : EventManager : Event: ======'machine_var_audits_player_score'====== Args={'value': {'average': 0, 'top': [], 'total': 0}, 'prev_value': None, 'change': True}
2022-10-12 13:37:59,642 : INFO : EventManager : Event: ======'machine_var_audits_switches_s_autolauncher'====== Args={'value': 88, 'prev_value': None, 'change': True}
2022-10-12 13:37:59,642 : INFO : EventManager : Event: ======'machine_var_audits_switches_s_back_pop'====== Args={'value': 10, 'prev_value': None, 'change': True}
2022-10-12 13:37:59,642 : INFO : EventManager : Event: ======'machine_var_audits_switches_s_back_rollover'====== Args={'value': 0, 'prev_value': None, 'change': True}
2022-10-12 13:37:59,643 : INFO : EventManager : Event: ======'machine_var_audits_switches_s_back_stationary'====== Args={'value': 3, 'prev_value': None, 'change': True}
2022-10-12 13:37:59,643 : INFO : EventManager : Event: ======'machine_var_audits_switches_s_bot_back'====== Args={'value': 0, 'prev_value': None, 'change': True}
2022-10-12 13:37:59,643 : INFO : EventManager : Event: ======'machine_var_audits_switches_s_bot_big'====== Args={'value': 2, 'prev_value': None, 'change': True}
2022-10-12 13:37:59,643 : INFO : EventManager : Event: ======'machine_var_audits_switches_s_bot_left'====== Args={'value': 0, 'prev_value': None, 'change': True}
2022-10-12 13:37:59,643 : INFO : EventManager : Event: ======'machine_var_audits_switches_s_bot_right'====== Args={'value': 1, 'prev_value': None, 'change': True}
2022-10-12 13:37:59,643 : INFO : EventManager : Event: ======'machine_var_audits_switches_s_bot_rollover'====== Args={'value': 0, 'prev_value': None, 'change': True}
2022-10-12 13:37:59,643 : INFO : EventManager : Event: ======'machine_var_audits_switches_s_bot_vuk'====== Args={'value': 2, 'prev_value': None, 'change': True}
2022-10-12 13:37:59,643 : INFO : EventManager : Event: ======'machine_var_audits_switches_s_drop_mid_left'====== Args={'value': 76, 'prev_value': None, 'change': True}
2022-10-12 13:37:59,644 : INFO : EventManager : Event: ======'machine_var_audits_switches_s_drop_mid_mid'====== Args={'value': 85, 'prev_value': None, 'change': True}
2022-10-12 13:37:59,644 : INFO : EventManager : Event: ======'machine_var_audits_switches_s_drop_mid_right'====== Args={'value': 8, 'prev_value': None, 'change': True}
2022-10-12 13:37:59,644 : INFO : EventManager : Event: ======'machine_var_audits_switches_s_drop_right_left'====== Args={'value': 24, 'prev_value': None, 'change': True}
2022-10-12 13:37:59,644 : INFO : EventManager : Event: ======'machine_var_audits_switches_s_drop_right_right'====== Args={'value': 61, 'prev_value': None, 'change': True}
2022-10-12 13:37:59,644 : INFO : EventManager : Event: ======'machine_var_audits_switches_s_drop_single'====== Args={'value': 41, 'prev_value': None, 'change': True}
2022-10-12 13:37:59,644 : INFO : EventManager : Event: ======'machine_var_audits_switches_s_eos_left'====== Args={'value': 71, 'prev_value': None, 'change': True}
2022-10-12 13:37:59,645 : INFO : EventManager : Event: ======'machine_var_audits_switches_s_eos_left_top'====== Args={'value': 961, 'prev_value': None, 'change': True}
2022-10-12 13:37:59,645 : INFO : EventManager : Event: ======'machine_var_audits_switches_s_eos_right'====== Args={'value': 96, 'prev_value': None, 'change': True}
2022-10-12 13:37:59,645 : INFO : EventManager : Event: ======'machine_var_audits_switches_s_launch'====== Args={'value': 59, 'prev_value': None, 'change': True}
2022-10-12 13:37:59,645 : INFO : EventManager : Event: ======'machine_var_audits_switches_s_left_flipper'====== Args={'value': 1067, 'prev_value': None, 'change': True}
2022-10-12 13:37:59,645 : INFO : EventManager : Event: ======'machine_var_audits_switches_s_left_inlane'====== Args={'value': 26, 'prev_value': None, 'change': True}
2022-10-12 13:37:59,645 : INFO : EventManager : Event: ======'machine_var_audits_switches_s_left_outlane'====== Args={'value': 5, 'prev_value': None, 'change': True}
2022-10-12 13:37:59,646 : INFO : EventManager : Event: ======'machine_var_audits_switches_s_pop_left'====== Args={'value': 176, 'prev_value': None, 'change': True}
2022-10-12 13:37:59,646 : INFO : EventManager : Event: ======'machine_var_audits_switches_s_pop_lower'====== Args={'value': 261, 'prev_value': None, 'change': True}
2022-10-12 13:37:59,646 : INFO : EventManager : Event: ======'machine_var_audits_switches_s_pop_right'====== Args={'value': 343, 'prev_value': None, 'change': True}
2022-10-12 13:37:59,646 : INFO : EventManager : Event: ======'machine_var_audits_switches_s_right_flipper'====== Args={'value': 1051, 'prev_value': None, 'change': True}
2022-10-12 13:37:59,646 : INFO : EventManager : Event: ======'machine_var_audits_switches_s_right_inlane'====== Args={'value': 0, 'prev_value': None, 'change': True}
2022-10-12 13:37:59,647 : INFO : EventManager : Event: ======'machine_var_audits_switches_s_right_outlane'====== Args={'value': 79, 'prev_value': None, 'change': True}
2022-10-12 13:37:59,647 : INFO : EventManager : Event: ======'machine_var_audits_switches_s_rollover_left'====== Args={'value': 71, 'prev_value': None, 'change': True}
2022-10-12 13:37:59,647 : INFO : EventManager : Event: ======'machine_var_audits_switches_s_rollover_right'====== Args={'value': 46, 'prev_value': None, 'change': True}
2022-10-12 13:37:59,647 : INFO : EventManager : Event: ======'machine_var_audits_switches_s_sling_left'====== Args={'value': 43, 'prev_value': None, 'change': True}
2022-10-12 13:37:59,647 : INFO : EventManager : Event: ======'machine_var_audits_switches_s_sling_right'====== Args={'value': 136, 'prev_value': None, 'change': True}
2022-10-12 13:37:59,648 : INFO : EventManager : Event: ======'machine_var_audits_switches_s_start'====== Args={'value': 154, 'prev_value': None, 'change': True}
2022-10-12 13:37:59,648 : INFO : EventManager : Event: ======'machine_var_audits_switches_s_tilt'====== Args={'value': 129, 'prev_value': None, 'change': True}
2022-10-12 13:37:59,648 : INFO : EventManager : Event: ======'machine_var_audits_switches_s_transfer_rollover'====== Args={'value': 3, 'prev_value': None, 'change': True}
2022-10-12 13:37:59,648 : INFO : EventManager : Event: ======'machine_var_audits_switches_s_trough_1'====== Args={'value': 57, 'prev_value': None, 'change': True}
2022-10-12 13:37:59,648 : INFO : EventManager : Event: ======'machine_var_audits_switches_s_trough_2'====== Args={'value': 211, 'prev_value': None, 'change': True}
2022-10-12 13:37:59,649 : INFO : EventManager : Event: ======'machine_var_audits_switches_s_trough_3'====== Args={'value': 103, 'prev_value': None, 'change': True}
2022-10-12 13:37:59,649 : INFO : EventManager : Event: ======'machine_var_audits_switches_s_trough_4'====== Args={'value': 105, 'prev_value': None, 'change': True}
2022-10-12 13:37:59,649 : INFO : EventManager : Event: ======'machine_var_audits_switches_s_trough_5'====== Args={'value': 111, 'prev_value': None, 'change': True}
2022-10-12 13:37:59,649 : INFO : EventManager : Event: ======'machine_var_audits_switches_s_trough_6'====== Args={'value': 187, 'prev_value': None, 'change': True}
2022-10-12 13:37:59,649 : INFO : EventManager : Event: ======'machine_var_audits_switches_s_trough_jam'====== Args={'value': 108, 'prev_value': None, 'change': True}
2022-10-12 13:37:59,650 : INFO : EventManager : Event: ======'machine_var_audits_switches_s_upper_drop'====== Args={'value': 0, 'prev_value': None, 'change': True}
2022-10-12 13:37:59,650 : INFO : EventManager : Event: ======'machine_var_audits_switches_s_upper_rollover'====== Args={'value': 24, 'prev_value': None, 'change': True}
2022-10-12 13:37:59,650 : INFO : EventManager : Event: ======'machine_var_audits_switches_s_upper_stationary'====== Args={'value': 13, 'prev_value': None, 'change': True}
2022-10-12 13:37:59,650 : INFO : EventManager : Event: ======'machine_var_audits_switches_s_vuk_back'====== Args={'value': 1, 'prev_value': None, 'change': True}
2022-10-12 13:37:59,651 : INFO : EventManager : Event: ======'machine_var_audits_switches_s_vuk_right'====== Args={'value': 3, 'prev_value': None, 'change': True}
2022-10-12 13:37:59,651 : INFO : EventManager : Event: ======'machine_var_audits_switches_s_vuk_top'====== Args={'value': 29, 'prev_value': None, 'change': True}
2022-10-12 13:37:59,652 : INFO : EventManager : Event: ======'init_phase_5'====== Args={}
2022-10-12 13:37:59,680 : INFO : EventManager : Event: ======'init_done'====== Args={}
2022-10-12 13:37:59,680 : INFO : EventManager : Event: ======'machine_reset_phase_1'====== Args={}
2022-10-12 13:37:59,681 : INFO : EventManager : Event: ======'machine_reset_phase_2'====== Args={}
2022-10-12 13:37:59,682 : INFO : EventManager : Event: ======'machine_reset_phase_3'====== Args={}
2022-10-12 13:37:59,682 : INFO : EventManager : Event: ======'mode_tilt_will_start'====== Args={'queue': <QueuedEvent>}
2022-10-12 13:37:59,683 : INFO : EventManager : Event: ======'mode_tilt_starting'====== Args={'queue': <QueuedEvent>}
2022-10-12 13:37:59,683 : INFO : drop_target_bank.single_main : All targets are already up. Will not reset bank.
2022-10-12 13:37:59,683 : INFO : drop_target_bank.mid : 1 targets are down. Will reset those.
2022-10-12 13:37:59,683 : INFO : coil.c_drop_mid : Pulsing Driver for 50ms (0.7 pulse_power)
2022-10-12 13:37:59,683 : INFO : drop_target_bank.right : All targets are already up. Will not reset bank.
2022-10-12 13:37:59,684 : INFO : Mode.tilt : Started. Priority: 1000000
2022-10-12 13:37:59,684 : INFO : EventManager : Event: ======'modes_active_modes_changed'====== Args={}
2022-10-12 13:37:59,684 : INFO : EventManager : Event: ======'mode_tilt_started'====== Args={'queue': <QueuedEvent>}
2022-10-12 13:37:59,684 : INFO : EventManager : Event: ======'reset_complete'====== Args={}
2022-10-12 13:37:59,685 : INFO : EventManager : Event: ======'mode_attract_will_start'====== Args={}
2022-10-12 13:37:59,685 : INFO : EventManager : Event: ======'mode_attract_starting'====== Args={}
2022-10-12 13:37:59,685 : INFO : Mode.attract : Started. Priority: 10
2022-10-12 13:37:59,685 : INFO : EventManager : Event: ======'modes_active_modes_changed'====== Args={}
2022-10-12 13:37:59,685 : INFO : EventManager : Event: ======'mode_attract_started'====== Args={}
2022-10-12 13:37:59,686 : INFO : EventManager : Event: ======'collecting_balls_complete'====== Args={}
2022-10-12 13:37:59,711 : INFO : Machine : Starting the main run loop.
2022-10-12 13:37:59,877 : INFO : BcpServer : New client connected.
2022-10-12 13:38:00,194 : INFO : EventManager : Event: ======'drop_target_bank_mid_mixed'====== Args={'prev_value': <DropTargetBankState.MIXED: 'mixed'>, 'down': 1}
2022-10-12 13:38:04,505 : INFO : SwitchController : <<<<<<< 's_drop_mid_mid' active >>>>>>>
2022-10-12 13:38:04,506 : INFO : EventManager : Event: ======'playfield_active'====== Args={}
2022-10-12 13:38:04,506 : INFO : EventManager : Event: ======'unexpected_ball_on_playfield'====== Args={}
2022-10-12 13:38:04,506 : INFO : EventManager : Event: ======'drop_target_mid_mid_down'====== Args={'device': <drop_target.mid_mid>}
2022-10-12 13:38:04,507 : INFO : EventManager : Event: ======'drop_target_bank_mid_mixed'====== Args={'prev_value': <DropTargetBankState.MIXED: 'mixed'>, 'down': 2}
2022-10-12 13:38:04,537 : INFO : SwitchController : <<<<<<< 's_drop_mid_mid' inactive >>>>>>>
2022-10-12 13:38:04,537 : INFO : EventManager : Event: ======'playfield_active'====== Args={}
2022-10-12 13:38:04,538 : INFO : EventManager : Event: ======'unexpected_ball_on_playfield'====== Args={}
2022-10-12 13:38:04,538 : INFO : EventManager : Event: ======'drop_target_mid_mid_up'====== Args={'device': <drop_target.mid_mid>}
2022-10-12 13:38:04,538 : INFO : EventManager : Event: ======'drop_target_bank_mid_mixed'====== Args={'prev_value': <DropTargetBankState.MIXED: 'mixed'>, 'down': 1}
2022-10-12 13:38:04,553 : INFO : SwitchController : <<<<<<< 's_drop_mid_mid' active >>>>>>>
2022-10-12 13:38:04,553 : INFO : EventManager : Event: ======'playfield_active'====== Args={}
2022-10-12 13:38:04,554 : INFO : EventManager : Event: ======'unexpected_ball_on_playfield'====== Args={}
2022-10-12 13:38:04,554 : INFO : EventManager : Event: ======'drop_target_mid_mid_down'====== Args={'device': <drop_target.mid_mid>}
2022-10-12 13:38:04,555 : INFO : EventManager : Event: ======'drop_target_bank_mid_mixed'====== Args={'prev_value': <DropTargetBankState.MIXED: 'mixed'>, 'down': 2}
2022-10-12 13:38:04,742 : INFO : SwitchController : <<<<<<< 's_drop_mid_mid' inactive >>>>>>>
2022-10-12 13:38:04,742 : INFO : EventManager : Event: ======'playfield_active'====== Args={}
2022-10-12 13:38:04,743 : INFO : EventManager : Event: ======'unexpected_ball_on_playfield'====== Args={}
2022-10-12 13:38:04,743 : INFO : EventManager : Event: ======'drop_target_mid_mid_up'====== Args={'device': <drop_target.mid_mid>}
2022-10-12 13:38:04,743 : INFO : EventManager : Event: ======'drop_target_bank_mid_mixed'====== Args={'prev_value': <DropTargetBankState.MIXED: 'mixed'>, 'down': 1}
2022-10-12 13:38:04,854 : INFO : SwitchController : <<<<<<< 's_drop_mid_mid' active >>>>>>>
2022-10-12 13:38:04,854 : INFO : EventManager : Event: ======'playfield_active'====== Args={}
2022-10-12 13:38:04,855 : INFO : EventManager : Event: ======'unexpected_ball_on_playfield'====== Args={}
2022-10-12 13:38:04,855 : INFO : EventManager : Event: ======'drop_target_mid_mid_down'====== Args={'device': <drop_target.mid_mid>}
2022-10-12 13:38:04,856 : INFO : EventManager : Event: ======'drop_target_bank_mid_mixed'====== Args={'prev_value': <DropTargetBankState.MIXED: 'mixed'>, 'down': 2}
2022-10-12 13:38:05,043 : INFO : SwitchController : <<<<<<< 's_drop_mid_mid' inactive >>>>>>>
2022-10-12 13:38:05,043 : INFO : EventManager : Event: ======'playfield_active'====== Args={}
2022-10-12 13:38:05,044 : INFO : EventManager : Event: ======'unexpected_ball_on_playfield'====== Args={}
2022-10-12 13:38:05,044 : INFO : EventManager : Event: ======'drop_target_mid_mid_up'====== Args={'device': <drop_target.mid_mid>}
2022-10-12 13:38:05,045 : INFO : EventManager : Event: ======'drop_target_bank_mid_mixed'====== Args={'prev_value': <DropTargetBankState.MIXED: 'mixed'>, 'down': 1}
2022-10-12 13:38:05,127 : INFO : SwitchController : <<<<<<< 's_drop_mid_mid' active >>>>>>>
2022-10-12 13:38:05,128 : INFO : EventManager : Event: ======'playfield_active'====== Args={}
2022-10-12 13:38:05,128 : INFO : EventManager : Event: ======'unexpected_ball_on_playfield'====== Args={}
2022-10-12 13:38:05,128 : INFO : EventManager : Event: ======'drop_target_mid_mid_down'====== Args={'device': <drop_target.mid_mid>}
2022-10-12 13:38:05,129 : INFO : EventManager : Event: ======'drop_target_bank_mid_mixed'====== Args={'prev_value': <DropTargetBankState.MIXED: 'mixed'>, 'down': 2}
2022-10-12 13:38:05,391 : INFO : SwitchController : <<<<<<< 's_drop_mid_mid' inactive >>>>>>>
2022-10-12 13:38:05,391 : INFO : EventManager : Event: ======'playfield_active'====== Args={}
2022-10-12 13:38:05,392 : INFO : EventManager : Event: ======'unexpected_ball_on_playfield'====== Args={}
2022-10-12 13:38:05,392 : INFO : EventManager : Event: ======'drop_target_mid_mid_up'====== Args={'device': <drop_target.mid_mid>}
2022-10-12 13:38:05,393 : INFO : EventManager : Event: ======'drop_target_bank_mid_mixed'====== Args={'prev_value': <DropTargetBankState.MIXED: 'mixed'>, 'down': 1}
2022-10-12 13:38:06,103 : INFO : SwitchController : <<<<<<< 's_drop_mid_mid' active >>>>>>>
2022-10-12 13:38:06,103 : INFO : EventManager : Event: ======'playfield_active'====== Args={}
2022-10-12 13:38:06,103 : INFO : EventManager : Event: ======'unexpected_ball_on_playfield'====== Args={}
2022-10-12 13:38:06,104 : INFO : EventManager : Event: ======'drop_target_mid_mid_down'====== Args={'device': <drop_target.mid_mid>}
2022-10-12 13:38:06,104 : INFO : EventManager : Event: ======'drop_target_bank_mid_mixed'====== Args={'prev_value': <DropTargetBankState.MIXED: 'mixed'>, 'down': 2}
2022-10-12 13:38:06,151 : INFO : SwitchController : <<<<<<< 's_drop_mid_mid' inactive >>>>>>>
2022-10-12 13:38:06,152 : INFO : EventManager : Event: ======'playfield_active'====== Args={}
2022-10-12 13:38:06,152 : INFO : EventManager : Event: ======'unexpected_ball_on_playfield'====== Args={}
2022-10-12 13:38:06,152 : INFO : EventManager : Event: ======'drop_target_mid_mid_up'====== Args={'device': <drop_target.mid_mid>}
2022-10-12 13:38:06,153 : INFO : EventManager : Event: ======'drop_target_bank_mid_mixed'====== Args={'prev_value': <DropTargetBankState.MIXED: 'mixed'>, 'down': 1}
2022-10-12 13:38:06,183 : INFO : SwitchController : <<<<<<< 's_drop_mid_mid' active >>>>>>>
2022-10-12 13:38:06,183 : INFO : EventManager : Event: ======'playfield_active'====== Args={}
2022-10-12 13:38:06,184 : INFO : EventManager : Event: ======'unexpected_ball_on_playfield'====== Args={}
2022-10-12 13:38:06,184 : INFO : EventManager : Event: ======'drop_target_mid_mid_down'====== Args={'device': <drop_target.mid_mid>}
2022-10-12 13:38:06,185 : INFO : EventManager : Event: ======'drop_target_bank_mid_mixed'====== Args={'prev_value': <DropTargetBankState.MIXED: 'mixed'>, 'down': 2}
2022-10-12 13:38:06,612 : INFO : SwitchController : <<<<<<< 's_drop_mid_mid' inactive >>>>>>>
2022-10-12 13:38:06,612 : INFO : EventManager : Event: ======'playfield_active'====== Args={}
2022-10-12 13:38:06,613 : INFO : EventManager : Event: ======'unexpected_ball_on_playfield'====== Args={}
2022-10-12 13:38:06,613 : INFO : EventManager : Event: ======'drop_target_mid_mid_up'====== Args={'device': <drop_target.mid_mid>}
2022-10-12 13:38:06,613 : INFO : EventManager : Event: ======'drop_target_bank_mid_mixed'====== Args={'prev_value': <DropTargetBankState.MIXED: 'mixed'>, 'down': 1}
2022-10-12 13:38:06,691 : INFO : SwitchController : <<<<<<< 's_drop_mid_mid' active >>>>>>>
2022-10-12 13:38:06,692 : INFO : EventManager : Event: ======'playfield_active'====== Args={}
2022-10-12 13:38:06,692 : INFO : EventManager : Event: ======'unexpected_ball_on_playfield'====== Args={}
2022-10-12 13:38:06,692 : INFO : EventManager : Event: ======'drop_target_mid_mid_down'====== Args={'device': <drop_target.mid_mid>}
2022-10-12 13:38:06,693 : INFO : EventManager : Event: ======'drop_target_bank_mid_mixed'====== Args={'prev_value': <DropTargetBankState.MIXED: 'mixed'>, 'down': 2}
2022-10-12 13:38:06,786 : INFO : SwitchController : <<<<<<< 's_drop_mid_mid' inactive >>>>>>>
2022-10-12 13:38:06,786 : INFO : EventManager : Event: ======'playfield_active'====== Args={}
2022-10-12 13:38:06,786 : INFO : EventManager : Event: ======'unexpected_ball_on_playfield'====== Args={}
2022-10-12 13:38:06,787 : INFO : EventManager : Event: ======'drop_target_mid_mid_up'====== Args={'device': <drop_target.mid_mid>}
2022-10-12 13:38:06,787 : INFO : EventManager : Event: ======'drop_target_bank_mid_mixed'====== Args={'prev_value': <DropTargetBankState.MIXED: 'mixed'>, 'down': 1}
2022-10-12 13:38:06,927 : INFO : SwitchController : <<<<<<< 's_drop_mid_mid' active >>>>>>>
2022-10-12 13:38:06,927 : INFO : EventManager : Event: ======'playfield_active'====== Args={}
2022-10-12 13:38:06,928 : INFO : EventManager : Event: ======'unexpected_ball_on_playfield'====== Args={}
2022-10-12 13:38:06,928 : INFO : EventManager : Event: ======'drop_target_mid_mid_down'====== Args={'device': <drop_target.mid_mid>}
2022-10-12 13:38:06,928 : INFO : EventManager : Event: ======'drop_target_bank_mid_mixed'====== Args={'prev_value': <DropTargetBankState.MIXED: 'mixed'>, 'down': 2}
2022-10-12 13:38:07,181 : INFO : SwitchController : <<<<<<< 's_drop_mid_mid' inactive >>>>>>>
2022-10-12 13:38:07,181 : INFO : EventManager : Event: ======'playfield_active'====== Args={}
2022-10-12 13:38:07,182 : INFO : EventManager : Event: ======'unexpected_ball_on_playfield'====== Args={}
2022-10-12 13:38:07,182 : INFO : EventManager : Event: ======'drop_target_mid_mid_up'====== Args={'device': <drop_target.mid_mid>}
2022-10-12 13:38:07,183 : INFO : EventManager : Event: ======'drop_target_bank_mid_mixed'====== Args={'prev_value': <DropTargetBankState.MIXED: 'mixed'>, 'down': 1}
2022-10-12 13:38:07,230 : INFO : SwitchController : <<<<<<< 's_drop_mid_mid' active >>>>>>>
2022-10-12 13:38:07,230 : INFO : EventManager : Event: ======'playfield_active'====== Args={}
2022-10-12 13:38:07,231 : INFO : EventManager : Event: ======'unexpected_ball_on_playfield'====== Args={}
2022-10-12 13:38:07,231 : INFO : EventManager : Event: ======'drop_target_mid_mid_down'====== Args={'device': <drop_target.mid_mid>}
2022-10-12 13:38:07,231 : INFO : EventManager : Event: ======'drop_target_bank_mid_mixed'====== Args={'prev_value': <DropTargetBankState.MIXED: 'mixed'>, 'down': 2}
2022-10-12 13:38:07,277 : INFO : SwitchController : <<<<<<< 's_drop_mid_mid' inactive >>>>>>>
2022-10-12 13:38:07,277 : INFO : EventManager : Event: ======'playfield_active'====== Args={}
2022-10-12 13:38:07,277 : INFO : EventManager : Event: ======'unexpected_ball_on_playfield'====== Args={}
2022-10-12 13:38:07,278 : INFO : EventManager : Event: ======'drop_target_mid_mid_up'====== Args={'device': <drop_target.mid_mid>}
2022-10-12 13:38:07,278 : INFO : EventManager : Event: ======'drop_target_bank_mid_mixed'====== Args={'prev_value': <DropTargetBankState.MIXED: 'mixed'>, 'down': 1}
2022-10-12 13:38:07,292 : INFO : SwitchController : <<<<<<< 's_drop_mid_mid' active >>>>>>>
2022-10-12 13:38:07,293 : INFO : EventManager : Event: ======'playfield_active'====== Args={}
2022-10-12 13:38:07,293 : INFO : EventManager : Event: ======'unexpected_ball_on_playfield'====== Args={}
2022-10-12 13:38:07,293 : INFO : EventManager : Event: ======'drop_target_mid_mid_down'====== Args={'device': <drop_target.mid_mid>}
2022-10-12 13:38:07,294 : INFO : EventManager : Event: ======'drop_target_bank_mid_mixed'====== Args={'prev_value': <DropTargetBankState.MIXED: 'mixed'>, 'down': 2}
2022-10-12 13:38:07,371 : INFO : SwitchController : <<<<<<< 's_drop_mid_mid' inactive >>>>>>>
2022-10-12 13:38:07,371 : INFO : EventManager : Event: ======'playfield_active'====== Args={}
2022-10-12 13:38:07,372 : INFO : EventManager : Event: ======'unexpected_ball_on_playfield'====== Args={}
2022-10-12 13:38:07,372 : INFO : EventManager : Event: ======'drop_target_mid_mid_up'====== Args={'device': <drop_target.mid_mid>}
2022-10-12 13:38:07,373 : INFO : EventManager : Event: ======'drop_target_bank_mid_mixed'====== Args={'prev_value': <DropTargetBankState.MIXED: 'mixed'>, 'down': 1}
2022-10-12 13:38:07,373 : INFO : SwitchController : <<<<<<< 's_drop_mid_mid' active >>>>>>>
2022-10-12 13:38:07,373 : INFO : EventManager : Event: ======'playfield_active'====== Args={}
2022-10-12 13:38:07,373 : INFO : EventManager : Event: ======'unexpected_ball_on_playfield'====== Args={}
2022-10-12 13:38:07,373 : INFO : EventManager : Event: ======'drop_target_mid_mid_down'====== Args={'device': <drop_target.mid_mid>}
2022-10-12 13:38:07,374 : INFO : EventManager : Event: ======'drop_target_bank_mid_mixed'====== Args={'prev_value': <DropTargetBankState.MIXED: 'mixed'>, 'down': 2}
2022-10-12 13:38:07,420 : INFO : SwitchController : <<<<<<< 's_drop_mid_left' active >>>>>>>
2022-10-12 13:38:07,420 : INFO : EventManager : Event: ======'playfield_active'====== Args={}
2022-10-12 13:38:07,421 : INFO : EventManager : Event: ======'unexpected_ball_on_playfield'====== Args={}
2022-10-12 13:38:07,421 : INFO : EventManager : Event: ======'drop_target_mid_left_down'====== Args={'device': <drop_target.mid_left>}
2022-10-12 13:38:07,422 : INFO : EventManager : Event: ======'drop_target_bank_mid_down'====== Args={}
2022-10-12 13:38:07,530 : INFO : SwitchController : <<<<<<< 's_drop_mid_left' inactive >>>>>>>
2022-10-12 13:38:07,530 : INFO : EventManager : Event: ======'playfield_active'====== Args={}
2022-10-12 13:38:07,531 : INFO : EventManager : Event: ======'unexpected_ball_on_playfield'====== Args={}
2022-10-12 13:38:07,531 : INFO : EventManager : Event: ======'drop_target_mid_left_up'====== Args={'device': <drop_target.mid_left>}
2022-10-12 13:38:07,532 : INFO : EventManager : Event: ======'drop_target_bank_mid_mixed'====== Args={'prev_value': <DropTargetBankState.DOWN: 'down'>, 'down': 2}
2022-10-12 13:38:07,642 : INFO : SwitchController : <<<<<<< 's_drop_mid_mid' inactive >>>>>>>
2022-10-12 13:38:07,642 : INFO : EventManager : Event: ======'playfield_active'====== Args={}
2022-10-12 13:38:07,643 : INFO : EventManager : Event: ======'unexpected_ball_on_playfield'====== Args={}
2022-10-12 13:38:07,643 : INFO : EventManager : Event: ======'drop_target_mid_mid_up'====== Args={'device': <drop_target.mid_mid>}
2022-10-12 13:38:07,643 : INFO : EventManager : Event: ======'drop_target_bank_mid_mixed'====== Args={'prev_value': <DropTargetBankState.MIXED: 'mixed'>, 'down': 1}
2022-10-12 13:38:08,136 : INFO : SwitchController : <<<<<<< 's_drop_mid_mid' active >>>>>>>
2022-10-12 13:38:08,136 : INFO : EventManager : Event: ======'playfield_active'====== Args={}
2022-10-12 13:38:08,136 : INFO : EventManager : Event: ======'unexpected_ball_on_playfield'====== Args={}
2022-10-12 13:38:08,136 : INFO : EventManager : Event: ======'drop_target_mid_mid_down'====== Args={'device': <drop_target.mid_mid>}
2022-10-12 13:38:08,137 : INFO : EventManager : Event: ======'drop_target_bank_mid_mixed'====== Args={'prev_value': <DropTargetBankState.MIXED: 'mixed'>, 'down': 2}
2022-10-12 13:38:08,416 : INFO : drop_target_bank.mid : 2 targets are down. Will reset those.
2022-10-12 13:38:08,416 : INFO : coil.c_drop_mid : Pulsing Driver for 50ms (0.7 pulse_power)
2022-10-12 13:38:08,480 : INFO : SwitchController : <<<<<<< 's_drop_mid_right' inactive >>>>>>>
2022-10-12 13:38:08,591 : INFO : SwitchController : <<<<<<< 's_drop_mid_mid' inactive >>>>>>>
2022-10-12 13:38:08,611 : INFO : SwitchController : <<<<<<< 's_drop_mid_mid' active >>>>>>>
2022-10-12 13:38:08,908 : INFO : EventManager : Event: ======'drop_target_mid_right_up'====== Args={'device': <drop_target.mid_right>}
2022-10-12 13:38:08,909 : INFO : EventManager : Event: ======'drop_target_bank_mid_mixed'====== Args={'prev_value': <DropTargetBankState.MIXED: 'mixed'>, 'down': 1}
2022-10-12 13:38:08,988 : INFO : SwitchController : <<<<<<< 's_drop_mid_left' active >>>>>>>
2022-10-12 13:38:08,988 : INFO : EventManager : Event: ======'playfield_active'====== Args={}
2022-10-12 13:38:08,989 : INFO : EventManager : Event: ======'unexpected_ball_on_playfield'====== Args={}
2022-10-12 13:38:08,989 : INFO : EventManager : Event: ======'drop_target_mid_left_down'====== Args={'device': <drop_target.mid_left>}
2022-10-12 13:38:08,989 : INFO : EventManager : Event: ======'drop_target_bank_mid_mixed'====== Args={'prev_value': <DropTargetBankState.MIXED: 'mixed'>, 'down': 2}
2022-10-12 13:38:09,114 : INFO : SwitchController : <<<<<<< 's_drop_mid_left' inactive >>>>>>>
2022-10-12 13:38:09,114 : INFO : EventManager : Event: ======'playfield_active'====== Args={}
2022-10-12 13:38:09,115 : INFO : EventManager : Event: ======'unexpected_ball_on_playfield'====== Args={}
2022-10-12 13:38:09,115 : INFO : EventManager : Event: ======'drop_target_mid_left_up'====== Args={'device': <drop_target.mid_left>}
2022-10-12 13:38:09,115 : INFO : EventManager : Event: ======'drop_target_bank_mid_mixed'====== Args={'prev_value': <DropTargetBankState.MIXED: 'mixed'>, 'down': 1}
2022-10-12 13:38:09,151 : INFO : SwitchController : <<<<<<< 's_drop_mid_mid' inactive >>>>>>>
2022-10-12 13:38:09,151 : INFO : EventManager : Event: ======'playfield_active'====== Args={}
2022-10-12 13:38:09,151 : INFO : EventManager : Event: ======'unexpected_ball_on_playfield'====== Args={}
2022-10-12 13:38:09,151 : INFO : EventManager : Event: ======'drop_target_mid_mid_up'====== Args={'device': <drop_target.mid_mid>}
2022-10-12 13:38:09,152 : INFO : EventManager : Event: ======'drop_target_bank_mid_up'====== Args={}
2022-10-12 13:38:12,249 : INFO : SwitchController : <<<<<<< 's_drop_single' active >>>>>>>
2022-10-12 13:38:12,249 : INFO : EventManager : Event: ======'playfield_active'====== Args={}
2022-10-12 13:38:12,250 : INFO : EventManager : Event: ======'unexpected_ball_on_playfield'====== Args={}
2022-10-12 13:38:12,250 : INFO : EventManager : Event: ======'drop_target_d_drop_single_down'====== Args={'device': <drop_target.d_drop_single>}
2022-10-12 13:38:12,251 : INFO : EventManager : Event: ======'drop_target_bank_single_main_down'====== Args={}
2022-10-12 13:38:13,140 : INFO : SwitchController : <<<<<<< 's_drop_single' inactive >>>>>>>
2022-10-12 13:38:13,140 : INFO : EventManager : Event: ======'playfield_active'====== Args={}
2022-10-12 13:38:13,140 : INFO : EventManager : Event: ======'unexpected_ball_on_playfield'====== Args={}
2022-10-12 13:38:13,140 : INFO : EventManager : Event: ======'drop_target_d_drop_single_up'====== Args={'device': <drop_target.d_drop_single>}
2022-10-12 13:38:13,141 : INFO : EventManager : Event: ======'drop_target_bank_single_main_up'====== Args={}
2022-10-12 13:38:13,247 : INFO : drop_target_bank.single_main : All targets are already up. Will not reset bank.
2022-10-12 13:38:13,642 : INFO : SwitchController : <<<<<<< 's_drop_single' active >>>>>>>
2022-10-12 13:38:13,642 : INFO : EventManager : Event: ======'playfield_active'====== Args={}
2022-10-12 13:38:13,643 : INFO : EventManager : Event: ======'unexpected_ball_on_playfield'====== Args={}
2022-10-12 13:38:13,643 : INFO : EventManager : Event: ======'drop_target_d_drop_single_down'====== Args={'device': <drop_target.d_drop_single>}
2022-10-12 13:38:13,644 : INFO : EventManager : Event: ======'drop_target_bank_single_main_down'====== Args={}
2022-10-12 13:38:13,896 : INFO : SwitchController : <<<<<<< 's_drop_single' inactive >>>>>>>
2022-10-12 13:38:13,897 : INFO : EventManager : Event: ======'playfield_active'====== Args={}
2022-10-12 13:38:13,897 : INFO : EventManager : Event: ======'unexpected_ball_on_playfield'====== Args={}
2022-10-12 13:38:13,897 : INFO : EventManager : Event: ======'drop_target_d_drop_single_up'====== Args={'device': <drop_target.d_drop_single>}
2022-10-12 13:38:13,898 : INFO : EventManager : Event: ======'drop_target_bank_single_main_up'====== Args={}
2022-10-12 13:38:14,216 : INFO : SwitchController : <<<<<<< 's_drop_single' active >>>>>>>
2022-10-12 13:38:14,216 : INFO : EventManager : Event: ======'playfield_active'====== Args={}
2022-10-12 13:38:14,216 : INFO : EventManager : Event: ======'unexpected_ball_on_playfield'====== Args={}
2022-10-12 13:38:14,217 : INFO : EventManager : Event: ======'drop_target_d_drop_single_down'====== Args={'device': <drop_target.d_drop_single>}
2022-10-12 13:38:14,217 : INFO : EventManager : Event: ======'drop_target_bank_single_main_down'====== Args={}
2022-10-12 13:38:14,593 : INFO : SwitchController : <<<<<<< 's_drop_single' inactive >>>>>>>
2022-10-12 13:38:14,593 : INFO : EventManager : Event: ======'playfield_active'====== Args={}
2022-10-12 13:38:14,594 : INFO : EventManager : Event: ======'unexpected_ball_on_playfield'====== Args={}
2022-10-12 13:38:14,594 : INFO : EventManager : Event: ======'drop_target_d_drop_single_up'====== Args={'device': <drop_target.d_drop_single>}
2022-10-12 13:38:14,595 : INFO : EventManager : Event: ======'drop_target_bank_single_main_up'====== Args={}
2022-10-12 13:38:14,625 : INFO : drop_target_bank.single_main : All targets are already up. Will not reset bank.
2022-10-12 13:38:14,734 : INFO : SwitchController : <<<<<<< 's_drop_single' active >>>>>>>
2022-10-12 13:38:14,734 : INFO : EventManager : Event: ======'playfield_active'====== Args={}
2022-10-12 13:38:14,735 : INFO : EventManager : Event: ======'unexpected_ball_on_playfield'====== Args={}
2022-10-12 13:38:14,735 : INFO : EventManager : Event: ======'drop_target_d_drop_single_down'====== Args={'device': <drop_target.d_drop_single>}
2022-10-12 13:38:14,735 : INFO : EventManager : Event: ======'drop_target_bank_single_main_down'====== Args={}
2022-10-12 13:38:15,209 : INFO : drop_target_bank.single_main : 1 targets are down. Will reset those.
2022-10-12 13:38:15,209 : INFO : coil.c_drop_single : Pulsing Driver for 10ms (1.0 pulse_power)
2022-10-12 13:38:15,256 : INFO : SwitchController : <<<<<<< 's_drop_single' inactive >>>>>>>
2022-10-12 13:38:15,701 : INFO : EventManager : Event: ======'drop_target_d_drop_single_up'====== Args={'device': <drop_target.d_drop_single>}
2022-10-12 13:38:15,702 : INFO : EventManager : Event: ======'drop_target_bank_single_main_up'====== Args={}
2022-10-12 13:38:15,733 : INFO : drop_target_bank.single_main : All targets are already up. Will not reset bank.
2022-10-12 13:38:21,243 : INFO : SwitchController : <<<<<<< 's_trough_1' inactive >>>>>>>
2022-10-12 13:38:21,243 : INFO : SwitchController : <<<<<<< 's_trough_jam' inactive >>>>>>>
2022-10-12 13:38:25,477 : INFO : SwitchController : <<<<<<< 's_vuk_right' active >>>>>>>
2022-10-12 13:38:25,969 : INFO : EventManager : Event: ======'balldevice_bd_right_vuk_ball_count_changed'====== Args={'balls': 1}
2022-10-12 13:38:25,970 : INFO : ball_device.bd_right_vuk : Received unexpected ball
2022-10-12 13:38:25,970 : INFO : EventManager : Event: ======'balldevice_captured_from_playfield'====== Args={'balls': 1}
2022-10-12 13:38:25,970 : INFO : EventManager : Event: ======'sw_playfield_active'====== Args={'balls': 1}
2022-10-12 13:38:25,970 : INFO : EventManager : Event: ======'playfield_active'====== Args={}
2022-10-12 13:38:25,971 : INFO : EventManager : Event: ======'unexpected_ball_on_playfield'====== Args={}
2022-10-12 13:38:25,971 : INFO : EventManager : Event: ======'playfield_ball_count_change'====== Args={'balls': -1, 'change': -1}
2022-10-12 13:38:25,972 : INFO : EventManager : Event: ======'balldevice_bd_right_vuk_ball_enter'====== Args={'new_balls': 1, 'unclaimed_balls': 1, 'new_available_balls': 1, 'device': <ball_device.bd_right_vuk>}
2022-10-12 13:38:25,972 : INFO : ball_device.bd_right_vuk : Ejecting 1 unexpected balls using path deque([<ball_device.bd_right_vuk>, <playfield.playfield>])
2022-10-12 13:38:25,972 : INFO : EventManager : Event: ======'balldevice_balls_available'====== Args={}
2022-10-12 13:38:25,973 : INFO : EventManager : Event: ======'balldevice_balls_available'====== Args={}
2022-10-12 13:38:25,973 : INFO : EventManager : Event: ======'balldevice_bd_right_vuk_ball_entered'====== Args={'new_balls': 1, 'device': <ball_device.bd_right_vuk>}
2022-10-12 13:38:25,974 : INFO : ball_device.bd_right_vuk : State: waiting_for_target_ready
2022-10-12 13:38:25,974 : INFO : EventManager : Event: ======'balldevice_bd_right_vuk_ball_eject_attempt'====== Args={'balls': 1, 'target': <playfield.playfield>, 'source': <ball_device.bd_right_vuk>, 'mechanical_eject': False, 'num_attempts': 0}
2022-10-12 13:38:25,974 : INFO : ball_device.bd_right_vuk : State: ejecting
2022-10-12 13:38:25,974 : INFO : ball_device.bd_right_vuk : Ejecting ball to <playfield.playfield>
2022-10-12 13:38:25,974 : INFO : EventManager : Event: ======'balldevice_bd_right_vuk_ejecting_ball'====== Args={'balls': 1, 'target': <playfield.playfield>, 'source': <ball_device.bd_right_vuk>, 'mechanical_eject': False, 'num_attempts': 0}
2022-10-12 13:38:25,975 : INFO : ball_device.bd_right_vuk : Wait for ball to leave device
2022-10-12 13:38:25,975 : INFO : coil.c_right_vuk : Pulsing Driver for 10ms (1.0 pulse_power)
2022-10-12 13:38:26,018 : INFO : SwitchController : <<<<<<< 's_vuk_right' inactive >>>>>>>
2022-10-12 13:38:26,022 : INFO : ball_device.bd_right_vuk : State: ball_left
2022-10-12 13:38:26,022 : INFO : ball_device.bd_right_vuk : Ball left
2022-10-12 13:38:26,022 : INFO : ball_device.bd_right_vuk : Wait for confirm with timeout 2.0
2022-10-12 13:38:26,047 : INFO : SwitchController : <<<<<<< 's_vuk_right' active >>>>>>>
2022-10-12 13:38:26,381 : INFO : SwitchController : <<<<<<< 's_vuk_right' inactive >>>>>>>
2022-10-12 13:38:26,732 : INFO : EventManager : Event: ======'balldevice_bd_trough_ball_count_changed'====== Args={'balls': 1}
2022-10-12 13:38:26,733 : WARNING : ball_device.bd_trough : Ball disappeared while idle. This should not normally happen.
2022-10-12 13:38:26,733 : INFO : EventManager : Event: ======'balldevice_playfield_ball_enter'====== Args={'new_balls': 1, 'unclaimed_balls': 1, 'device': <playfield.playfield>}
2022-10-12 13:38:26,733 : INFO : EventManager : Event: ======'playfield_ball_count_change'====== Args={'balls': 0, 'change': 1}
2022-10-12 13:38:26,733 : INFO : ball_device.bd_trough : 1 ball(s) missing from device. Mechanical eject? False
2022-10-12 13:38:26,734 : INFO : EventManager : Event: ======'balldevice_bd_trough_ball_missing'====== Args={'balls': 1}
2022-10-12 13:38:26,734 : INFO : EventManager : Event: ======'balldevice_ball_missing'====== Args={'balls': 1, 'name': 'bd_trough'}
2022-10-12 13:38:26,734 : WARNING : ball_device.bd_trough : Ball disappeared while idle. This should not normally happen.
2022-10-12 13:38:26,735 : INFO : EventManager : Event: ======'balldevice_playfield_ball_enter'====== Args={'new_balls': 1, 'unclaimed_balls': 1, 'device': <playfield.playfield>}
2022-10-12 13:38:26,735 : INFO : EventManager : Event: ======'playfield_ball_count_change'====== Args={'balls': 1, 'change': 1}
2022-10-12 13:38:26,735 : INFO : ball_device.bd_trough : 1 ball(s) missing from device. Mechanical eject? False
2022-10-12 13:38:26,735 : INFO : EventManager : Event: ======'balldevice_bd_trough_ball_missing'====== Args={'balls': 1}
2022-10-12 13:38:26,736 : INFO : EventManager : Event: ======'balldevice_ball_missing'====== Args={'balls': 1, 'name': 'bd_trough'}
2022-10-12 13:38:28,008 : INFO : ball_device.bd_right_vuk : State: failed_confirm
2022-10-12 13:38:28,008 : INFO : ball_device.bd_right_vuk : Got timeout (2.0s) before confirm from <playfield.playfield>
2022-10-12 13:38:28,103 : INFO : ball_device.bd_right_vuk : Confirming eject because target is playfield and ball did not return.
2022-10-12 13:38:28,103 : INFO : ball_device.bd_right_vuk : Eject successful
2022-10-12 13:38:28,103 : INFO : EventManager : Event: ======'balldevice_bd_right_vuk_ball_eject_success'====== Args={'balls': 1, 'target': <playfield.playfield>}
2022-10-12 13:38:28,104 : INFO : EventManager : Event: ======'balldevice_playfield_ball_enter'====== Args={'new_balls': 1, 'unclaimed_balls': 1, 'device': <playfield.playfield>}
2022-10-12 13:38:28,104 : INFO : EventManager : Event: ======'playfield_ball_count_change'====== Args={'balls': 2, 'change': 1}
2022-10-12 13:38:28,105 : INFO : EventManager : Event: ======'balldevice_bd_right_vuk_ball_count_changed'====== Args={'balls': 0}
2022-10-12 13:38:28,105 : INFO : ball_device.bd_right_vuk : State: idle
2022-10-12 13:38:30,320 : INFO : SwitchController : <<<<<<< 's_vuk_top' active >>>>>>>
2022-10-12 13:38:30,812 : INFO : EventManager : Event: ======'balldevice_bd_top_vuk_ball_count_changed'====== Args={'balls': 1}
2022-10-12 13:38:30,813 : INFO : ball_device.bd_top_vuk : Received unexpected ball
2022-10-12 13:38:30,813 : INFO : EventManager : Event: ======'balldevice_captured_from_playfield'====== Args={'balls': 1}
2022-10-12 13:38:30,813 : INFO : EventManager : Event: ======'sw_playfield_active'====== Args={'balls': 1}
2022-10-12 13:38:30,814 : INFO : EventManager : Event: ======'playfield_ball_count_change'====== Args={'balls': 1, 'change': -1}
2022-10-12 13:38:30,814 : INFO : EventManager : Event: ======'balldevice_bd_top_vuk_ball_enter'====== Args={'new_balls': 1, 'unclaimed_balls': 1, 'new_available_balls': 1, 'device': <ball_device.bd_top_vuk>}
2022-10-12 13:38:30,815 : INFO : ball_device.bd_top_vuk : Ejecting 1 unexpected balls using path deque([<ball_device.bd_top_vuk>, <playfield.playfield>])
2022-10-12 13:38:30,815 : INFO : EventManager : Event: ======'balldevice_balls_available'====== Args={}
2022-10-12 13:38:30,815 : INFO : EventManager : Event: ======'balldevice_balls_available'====== Args={}
2022-10-12 13:38:30,815 : INFO : EventManager : Event: ======'balldevice_bd_top_vuk_ball_entered'====== Args={'new_balls': 1, 'device': <ball_device.bd_top_vuk>}
2022-10-12 13:38:30,816 : INFO : ball_device.bd_top_vuk : State: waiting_for_target_ready
2022-10-12 13:38:30,816 : INFO : EventManager : Event: ======'balldevice_bd_top_vuk_ball_eject_attempt'====== Args={'balls': 1, 'target': <playfield.playfield>, 'source': <ball_device.bd_top_vuk>, 'mechanical_eject': False, 'num_attempts': 0}
2022-10-12 13:38:30,817 : INFO : ball_device.bd_top_vuk : State: ejecting
2022-10-12 13:38:30,817 : INFO : ball_device.bd_top_vuk : Ejecting ball to <playfield.playfield>
2022-10-12 13:38:30,817 : INFO : EventManager : Event: ======'balldevice_bd_top_vuk_ejecting_ball'====== Args={'balls': 1, 'target': <playfield.playfield>, 'source': <ball_device.bd_top_vuk>, 'mechanical_eject': False, 'num_attempts': 0}
2022-10-12 13:38:30,818 : INFO : ball_device.bd_top_vuk : Wait for ball to leave device
2022-10-12 13:38:30,818 : INFO : coil.c_top_vuk : Pulsing Driver for 70ms (1.0 pulse_power)
2022-10-12 13:38:30,859 : INFO : SwitchController : <<<<<<< 's_vuk_top' inactive >>>>>>>
2022-10-12 13:38:30,864 : INFO : ball_device.bd_top_vuk : State: ball_left
2022-10-12 13:38:30,864 : INFO : ball_device.bd_top_vuk : Ball left
2022-10-12 13:38:30,864 : INFO : ball_device.bd_top_vuk : Wait for confirm with timeout 2.0
2022-10-12 13:38:30,938 : INFO : SwitchController : <<<<<<< 's_vuk_top' active >>>>>>>
2022-10-12 13:38:31,553 : INFO : SwitchController : <<<<<<< 's_vuk_top' inactive >>>>>>>
2022-10-12 13:38:32,865 : INFO : ball_device.bd_top_vuk : State: failed_confirm
2022-10-12 13:38:32,865 : INFO : ball_device.bd_top_vuk : Got timeout (2.0s) before confirm from <playfield.playfield>
2022-10-12 13:38:32,929 : INFO : SwitchController : <<<<<<< 's_vuk_top' active >>>>>>>
2022-10-12 13:38:32,949 : INFO : ball_device.bd_top_vuk : Confirming eject because target is playfield and ball did not return.
2022-10-12 13:38:32,949 : INFO : ball_device.bd_top_vuk : Eject successful
2022-10-12 13:38:32,949 : INFO : EventManager : Event: ======'balldevice_bd_top_vuk_ball_eject_success'====== Args={'balls': 1, 'target': <playfield.playfield>}
2022-10-12 13:38:32,950 : INFO : EventManager : Event: ======'balldevice_playfield_ball_enter'====== Args={'new_balls': 1, 'unclaimed_balls': 1, 'device': <playfield.playfield>}
2022-10-12 13:38:32,950 : INFO : EventManager : Event: ======'playfield_ball_count_change'====== Args={'balls': 2, 'change': 1}
2022-10-12 13:38:32,951 : INFO : EventManager : Event: ======'balldevice_bd_top_vuk_ball_count_changed'====== Args={'balls': 0}
2022-10-12 13:38:32,951 : INFO : ball_device.bd_top_vuk : State: idle
2022-10-12 13:38:33,197 : INFO : SwitchController : <<<<<<< 's_vuk_top' inactive >>>>>>>
2022-10-12 13:38:33,278 : INFO : SwitchController : <<<<<<< 's_vuk_top' active >>>>>>>
2022-10-12 13:38:33,484 : INFO : SwitchController : <<<<<<< 's_vuk_top' inactive >>>>>>>
2022-10-12 13:38:33,689 : INFO : SwitchController : <<<<<<< 's_vuk_top' active >>>>>>>
2022-10-12 13:38:33,989 : INFO : SwitchController : <<<<<<< 's_vuk_top' inactive >>>>>>>
2022-10-12 13:38:36,959 : INFO : SwitchController : <<<<<<< 's_vuk_top' active >>>>>>>
2022-10-12 13:38:37,304 : INFO : SwitchController : <<<<<<< 's_vuk_top' inactive >>>>>>>
2022-10-12 13:38:37,796 : INFO : SwitchController : <<<<<<< 's_vuk_top' active >>>>>>>
2022-10-12 13:38:38,302 : INFO : EventManager : Event: ======'balldevice_bd_top_vuk_ball_count_changed'====== Args={'balls': 1}
2022-10-12 13:38:38,303 : INFO : ball_device.bd_top_vuk : Received unexpected ball
2022-10-12 13:38:38,303 : INFO : EventManager : Event: ======'balldevice_captured_from_playfield'====== Args={'balls': 1}
2022-10-12 13:38:38,304 : INFO : EventManager : Event: ======'sw_playfield_active'====== Args={'balls': 1}
2022-10-12 13:38:38,304 : INFO : EventManager : Event: ======'playfield_ball_count_change'====== Args={'balls': 1, 'change': -1}
2022-10-12 13:38:38,304 : INFO : EventManager : Event: ======'balldevice_bd_top_vuk_ball_enter'====== Args={'new_balls': 1, 'unclaimed_balls': 1, 'new_available_balls': 1, 'device': <ball_device.bd_top_vuk>}
2022-10-12 13:38:38,305 : INFO : ball_device.bd_top_vuk : Ejecting 1 unexpected balls using path deque([<ball_device.bd_top_vuk>, <playfield.playfield>])
2022-10-12 13:38:38,305 : INFO : EventManager : Event: ======'balldevice_balls_available'====== Args={}
2022-10-12 13:38:38,305 : INFO : EventManager : Event: ======'balldevice_balls_available'====== Args={}
2022-10-12 13:38:38,306 : INFO : EventManager : Event: ======'balldevice_bd_top_vuk_ball_entered'====== Args={'new_balls': 1, 'device': <ball_device.bd_top_vuk>}
2022-10-12 13:38:38,307 : INFO : ball_device.bd_top_vuk : State: waiting_for_target_ready
2022-10-12 13:38:38,307 : INFO : EventManager : Event: ======'balldevice_bd_top_vuk_ball_eject_attempt'====== Args={'balls': 1, 'target': <playfield.playfield>, 'source': <ball_device.bd_top_vuk>, 'mechanical_eject': False, 'num_attempts': 0}
2022-10-12 13:38:38,307 : INFO : ball_device.bd_top_vuk : State: ejecting
2022-10-12 13:38:38,307 : INFO : ball_device.bd_top_vuk : Ejecting ball to <playfield.playfield>
2022-10-12 13:38:38,307 : INFO : EventManager : Event: ======'balldevice_bd_top_vuk_ejecting_ball'====== Args={'balls': 1, 'target': <playfield.playfield>, 'source': <ball_device.bd_top_vuk>, 'mechanical_eject': False, 'num_attempts': 0}
2022-10-12 13:38:38,308 : INFO : ball_device.bd_top_vuk : Wait for ball to leave device
2022-10-12 13:38:38,308 : INFO : coil.c_top_vuk : Pulsing Driver for 70ms (1.0 pulse_power)
2022-10-12 13:38:38,351 : INFO : SwitchController : <<<<<<< 's_vuk_top' inactive >>>>>>>
2022-10-12 13:38:38,355 : INFO : ball_device.bd_top_vuk : State: ball_left
2022-10-12 13:38:38,356 : INFO : ball_device.bd_top_vuk : Ball left
2022-10-12 13:38:38,356 : INFO : ball_device.bd_top_vuk : Wait for confirm with timeout 2.0
2022-10-12 13:38:38,429 : INFO : SwitchController : <<<<<<< 's_vuk_top' active >>>>>>>
2022-10-12 13:38:38,933 : INFO : SwitchController : <<<<<<< 's_vuk_top' inactive >>>>>>>
2022-10-12 13:38:40,357 : INFO : ball_device.bd_top_vuk : State: failed_confirm
2022-10-12 13:38:40,357 : INFO : ball_device.bd_top_vuk : Got timeout (2.0s) before confirm from <playfield.playfield>
2022-10-12 13:38:40,453 : INFO : ball_device.bd_top_vuk : Confirming eject because target is playfield and ball did not return.
2022-10-12 13:38:40,453 : INFO : ball_device.bd_top_vuk : Eject successful
2022-10-12 13:38:40,453 : INFO : EventManager : Event: ======'balldevice_bd_top_vuk_ball_eject_success'====== Args={'balls': 1, 'target': <playfield.playfield>}
2022-10-12 13:38:40,454 : INFO : EventManager : Event: ======'balldevice_playfield_ball_enter'====== Args={'new_balls': 1, 'unclaimed_balls': 1, 'device': <playfield.playfield>}
2022-10-12 13:38:40,454 : INFO : EventManager : Event: ======'playfield_ball_count_change'====== Args={'balls': 2, 'change': 1}
2022-10-12 13:38:40,454 : INFO : EventManager : Event: ======'balldevice_bd_top_vuk_ball_count_changed'====== Args={'balls': 0}
2022-10-12 13:38:40,455 : INFO : ball_device.bd_top_vuk : State: idle
2022-10-12 13:38:43,460 : INFO : SwitchController : <<<<<<< 's_trough_jam' active >>>>>>>
2022-10-12 13:38:43,776 : INFO : SwitchController : <<<<<<< 's_trough_jam' inactive >>>>>>>
2022-10-12 13:38:43,998 : INFO : SwitchController : <<<<<<< 's_trough_jam' active >>>>>>>
2022-10-12 13:38:44,237 : INFO : SwitchController : <<<<<<< 's_trough_jam' inactive >>>>>>>
2022-10-12 13:38:44,534 : INFO : SwitchController : <<<<<<< 's_trough_jam' active >>>>>>>
2022-10-12 13:38:44,886 : INFO : SwitchController : <<<<<<< 's_trough_jam' inactive >>>>>>>
2022-10-12 13:38:55,490 : INFO : SwitchController : <<<<<<< 's_trough_6' active >>>>>>>
2022-10-12 13:38:55,774 : INFO : SwitchController : <<<<<<< 's_trough_6' inactive >>>>>>>
2022-10-12 13:38:55,932 : INFO : SwitchController : <<<<<<< 's_trough_6' active >>>>>>>
2022-10-12 13:38:56,296 : INFO : SwitchController : <<<<<<< 's_trough_6' inactive >>>>>>>
2022-10-12 13:38:56,518 : INFO : SwitchController : <<<<<<< 's_trough_5' active >>>>>>>
2022-10-12 13:38:56,912 : INFO : SwitchController : <<<<<<< 's_trough_5' inactive >>>>>>>
2022-10-12 13:38:57,089 : INFO : SwitchController : <<<<<<< 's_trough_5' active >>>>>>>
2022-10-12 13:38:57,167 : INFO : SwitchController : <<<<<<< 's_trough_5' inactive >>>>>>>
2022-10-12 15:37:52,556 : INFO : SwitchController : <<<<<<< 's_left_flipper' active >>>>>>>
2022-10-12 15:37:52,585 : INFO : SwitchController : <<<<<<< 's_eos_left_top' active >>>>>>>
2022-10-12 15:37:52,822 : INFO : SwitchController : <<<<<<< 's_left_flipper' inactive >>>>>>>
2022-10-12 15:37:52,916 : INFO : SwitchController : <<<<<<< 's_eos_left_top' inactive >>>>>>>
2022-10-12 15:37:54,753 : INFO : SwitchController : <<<<<<< 's_left_flipper' active >>>>>>>
2022-10-12 15:37:54,767 : INFO : SwitchController : <<<<<<< 's_eos_left_top' active >>>>>>>
2022-10-12 15:37:54,923 : INFO : SwitchController : <<<<<<< 's_left_flipper' inactive >>>>>>>
2022-10-12 15:37:55,016 : INFO : SwitchController : <<<<<<< 's_eos_left_top' inactive >>>>>>>
2022-10-12 15:37:55,217 : INFO : SwitchController : <<<<<<< 's_left_flipper' active >>>>>>>
2022-10-12 15:37:55,247 : INFO : SwitchController : <<<<<<< 's_eos_left_top' active >>>>>>>
2022-10-12 15:37:55,311 : INFO : SwitchController : <<<<<<< 's_left_flipper' inactive >>>>>>>
2022-10-12 15:37:55,437 : INFO : SwitchController : <<<<<<< 's_eos_left_top' inactive >>>>>>>
2022-10-12 15:38:04,116 : INFO : SwitchController : <<<<<<< 's_drop_single' active >>>>>>>
2022-10-12 15:38:04,117 : INFO : EventManager : Event: ======'drop_target_d_drop_single_down'====== Args={'device': <drop_target.d_drop_single>}
2022-10-12 15:38:04,117 : INFO : EventManager : Event: ======'drop_target_bank_single_main_down'====== Args={}
2022-10-12 15:38:05,106 : INFO : drop_target_bank.single_main : 1 targets are down. Will reset those.
2022-10-12 15:38:05,106 : INFO : coil.c_drop_single : Pulsing Driver for 10ms (1.0 pulse_power)
2022-10-12 15:38:05,139 : INFO : SwitchController : <<<<<<< 's_drop_single' inactive >>>>>>>
2022-10-12 15:38:05,607 : INFO : EventManager : Event: ======'drop_target_d_drop_single_up'====== Args={'device': <drop_target.d_drop_single>}
2022-10-12 15:38:05,608 : INFO : EventManager : Event: ======'drop_target_bank_single_main_up'====== Args={}
2022-10-12 15:38:08,458 : INFO : SwitchController : <<<<<<< 's_drop_single' active >>>>>>>
2022-10-12 15:38:08,459 : INFO : EventManager : Event: ======'drop_target_d_drop_single_down'====== Args={'device': <drop_target.d_drop_single>}
2022-10-12 15:38:08,459 : INFO : EventManager : Event: ======'drop_target_bank_single_main_down'====== Args={}
2022-10-12 15:38:09,463 : INFO : drop_target_bank.single_main : 1 targets are down. Will reset those.
2022-10-12 15:38:09,463 : INFO : coil.c_drop_single : Pulsing Driver for 10ms (1.0 pulse_power)
2022-10-12 15:38:09,510 : INFO : SwitchController : <<<<<<< 's_drop_single' inactive >>>>>>>
2022-10-12 15:38:09,951 : INFO : EventManager : Event: ======'drop_target_d_drop_single_up'====== Args={'device': <drop_target.d_drop_single>}
2022-10-12 15:38:09,952 : INFO : EventManager : Event: ======'drop_target_bank_single_main_up'====== Args={}
2022-10-12 15:38:22,736 : INFO : SwitchController : <<<<<<< 's_drop_single' active >>>>>>>
2022-10-12 15:38:22,737 : INFO : EventManager : Event: ======'drop_target_d_drop_single_down'====== Args={'device': <drop_target.d_drop_single>}
2022-10-12 15:38:22,737 : INFO : EventManager : Event: ======'drop_target_bank_single_main_down'====== Args={}
2022-10-12 15:38:23,729 : INFO : drop_target_bank.single_main : 1 targets are down. Will reset those.
2022-10-12 15:38:23,729 : INFO : coil.c_drop_single : Pulsing Driver for 10ms (1.0 pulse_power)
2022-10-12 15:38:23,760 : INFO : SwitchController : <<<<<<< 's_drop_single' inactive >>>>>>>
2022-10-12 15:38:24,232 : INFO : EventManager : Event: ======'drop_target_d_drop_single_up'====== Args={'device': <drop_target.d_drop_single>}
2022-10-12 15:38:24,233 : INFO : EventManager : Event: ======'drop_target_bank_single_main_up'====== Args={}
2022-10-12 15:38:26,672 : INFO : SwitchController : <<<<<<< 's_pop_right' active >>>>>>>
2022-10-12 15:38:26,861 : INFO : SwitchController : <<<<<<< 's_pop_right' inactive >>>>>>>
2022-10-12 15:38:28,046 : INFO : SwitchController : <<<<<<< 's_drop_mid_right' active >>>>>>>
2022-10-12 15:38:28,047 : INFO : EventManager : Event: ======'drop_target_mid_right_down'====== Args={'device': <drop_target.mid_right>}
2022-10-12 15:38:28,047 : INFO : EventManager : Event: ======'drop_target_bank_mid_mixed'====== Args={'prev_value': <DropTargetBankState.UP: 'up'>, 'down': 1}
2022-10-12 15:38:28,348 : INFO : SwitchController : <<<<<<< 's_drop_mid_mid' active >>>>>>>
2022-10-12 15:38:28,349 : INFO : EventManager : Event: ======'drop_target_mid_mid_down'====== Args={'device': <drop_target.mid_mid>}
2022-10-12 15:38:28,349 : INFO : EventManager : Event: ======'drop_target_bank_mid_mixed'====== Args={'prev_value': <DropTargetBankState.MIXED: 'mixed'>, 'down': 2}
2022-10-12 15:38:28,631 : INFO : SwitchController : <<<<<<< 's_drop_mid_left' active >>>>>>>
2022-10-12 15:38:28,632 : INFO : EventManager : Event: ======'drop_target_mid_left_down'====== Args={'device': <drop_target.mid_left>}
2022-10-12 15:38:28,632 : INFO : EventManager : Event: ======'drop_target_bank_mid_down'====== Args={}
2022-10-12 15:38:29,621 : INFO : drop_target_bank.mid : 3 targets are down. Will reset those.
2022-10-12 15:38:29,621 : INFO : coil.c_drop_mid : Pulsing Driver for 50ms (0.7 pulse_power)
2022-10-12 15:38:29,685 : INFO : SwitchController : <<<<<<< 's_drop_mid_left' inactive >>>>>>>
2022-10-12 15:38:29,686 : INFO : SwitchController : <<<<<<< 's_drop_mid_right' inactive >>>>>>>
2022-10-12 15:38:29,686 : INFO : SwitchController : <<<<<<< 's_drop_mid_mid' inactive >>>>>>>
2022-10-12 15:38:30,125 : INFO : EventManager : Event: ======'drop_target_mid_right_up'====== Args={'device': <drop_target.mid_right>}
2022-10-12 15:38:30,125 : INFO : EventManager : Event: ======'drop_target_mid_mid_up'====== Args={'device': <drop_target.mid_mid>}
2022-10-12 15:38:30,126 : INFO : EventManager : Event: ======'drop_target_bank_mid_mixed'====== Args={'prev_value': <DropTargetBankState.DOWN: 'down'>, 'down': 1}
2022-10-12 15:38:30,126 : INFO : EventManager : Event: ======'drop_target_mid_left_up'====== Args={'device': <drop_target.mid_left>}
2022-10-12 15:38:30,127 : INFO : EventManager : Event: ======'drop_target_bank_mid_up'====== Args={}
2022-10-12 15:38:30,738 : INFO : SwitchController : <<<<<<< 's_drop_right_right' active >>>>>>>
2022-10-12 15:38:30,739 : INFO : EventManager : Event: ======'drop_target_right_right_down'====== Args={'device': <drop_target.right_right>}
2022-10-12 15:38:30,739 : INFO : EventManager : Event: ======'drop_target_bank_right_mixed'====== Args={'prev_value': <DropTargetBankState.UP: 'up'>, 'down': 1}
2022-10-12 15:38:31,113 : INFO : SwitchController : <<<<<<< 's_drop_right_left' active >>>>>>>
2022-10-12 15:38:31,114 : INFO : EventManager : Event: ======'drop_target_right_left_down'====== Args={'device': <drop_target.right_left>}
2022-10-12 15:38:31,114 : INFO : EventManager : Event: ======'drop_target_bank_right_down'====== Args={}
2022-10-12 15:38:32,116 : INFO : drop_target_bank.right : 2 targets are down. Will reset those.
2022-10-12 15:38:32,116 : INFO : coil.c_drop_right : Pulsing Driver for 10ms (1.0 pulse_power)
2022-10-12 15:38:32,164 : INFO : SwitchController : <<<<<<< 's_drop_right_right' inactive >>>>>>>
2022-10-12 15:38:32,164 : INFO : SwitchController : <<<<<<< 's_drop_right_left' inactive >>>>>>>
2022-10-12 15:38:32,195 : INFO : SwitchController : <<<<<<< 's_drop_right_left' active >>>>>>>
2022-10-12 15:38:32,619 : INFO : EventManager : Event: ======'drop_target_right_right_up'====== Args={'device': <drop_target.right_right>}
2022-10-12 15:38:32,620 : INFO : EventManager : Event: ======'drop_target_bank_right_mixed'====== Args={'prev_value': <DropTargetBankState.DOWN: 'down'>, 'down': 1}
2022-10-12 15:38:34,098 : INFO : SwitchController : <<<<<<< 's_drop_right_right' active >>>>>>>
2022-10-12 15:38:34,099 : INFO : EventManager : Event: ======'drop_target_right_right_down'====== Args={'device': <drop_target.right_right>}
2022-10-12 15:38:34,099 : INFO : EventManager : Event: ======'drop_target_bank_right_down'====== Args={}
2022-10-12 15:38:35,076 : INFO : drop_target_bank.right : 2 targets are down. Will reset those.
2022-10-12 15:38:35,076 : INFO : coil.c_drop_right : Pulsing Driver for 10ms (1.0 pulse_power)
2022-10-12 15:38:35,129 : INFO : SwitchController : <<<<<<< 's_drop_right_right' inactive >>>>>>>
2022-10-12 15:38:35,129 : INFO : SwitchController : <<<<<<< 's_drop_right_left' inactive >>>>>>>
2022-10-12 15:38:35,155 : INFO : SwitchController : <<<<<<< 's_drop_right_left' active >>>>>>>
2022-10-12 15:38:35,581 : INFO : EventManager : Event: ======'drop_target_right_right_up'====== Args={'device': <drop_target.right_right>}
2022-10-12 15:38:35,582 : INFO : EventManager : Event: ======'drop_target_bank_right_mixed'====== Args={'prev_value': <DropTargetBankState.DOWN: 'down'>, 'down': 1}
2022-10-12 15:38:36,038 : INFO : SwitchController : <<<<<<< 's_drop_right_right' active >>>>>>>
2022-10-12 15:38:36,039 : INFO : EventManager : Event: ======'drop_target_right_right_down'====== Args={'device': <drop_target.right_right>}
2022-10-12 15:38:36,039 : INFO : EventManager : Event: ======'drop_target_bank_right_down'====== Args={}
2022-10-12 15:38:37,029 : INFO : drop_target_bank.right : 2 targets are down. Will reset those.
2022-10-12 15:38:37,029 : INFO : coil.c_drop_right : Pulsing Driver for 10ms (1.0 pulse_power)
2022-10-12 15:38:37,077 : INFO : SwitchController : <<<<<<< 's_drop_right_right' inactive >>>>>>>
2022-10-12 15:38:37,078 : INFO : SwitchController : <<<<<<< 's_drop_right_left' inactive >>>>>>>
2022-10-12 15:38:37,106 : INFO : SwitchController : <<<<<<< 's_drop_right_left' active >>>>>>>
2022-10-12 15:38:37,531 : INFO : EventManager : Event: ======'drop_target_right_right_up'====== Args={'device': <drop_target.right_right>}
2022-10-12 15:38:37,532 : INFO : EventManager : Event: ======'drop_target_bank_right_mixed'====== Args={'prev_value': <DropTargetBankState.DOWN: 'down'>, 'down': 1}
2022-10-12 15:38:38,379 : INFO : SwitchController : <<<<<<< 's_vuk_right' active >>>>>>>
2022-10-12 15:38:38,884 : INFO : EventManager : Event: ======'balldevice_bd_right_vuk_ball_count_changed'====== Args={'balls': 1}
2022-10-12 15:38:38,884 : INFO : ball_device.bd_right_vuk : Received unexpected ball
2022-10-12 15:38:38,884 : INFO : EventManager : Event: ======'balldevice_captured_from_playfield'====== Args={'balls': 1}
2022-10-12 15:38:38,885 : INFO : EventManager : Event: ======'sw_playfield_active'====== Args={'balls': 1}
2022-10-12 15:38:38,885 : INFO : EventManager : Event: ======'playfield_ball_count_change'====== Args={'balls': 1, 'change': -1}
2022-10-12 15:38:38,886 : INFO : EventManager : Event: ======'balldevice_bd_right_vuk_ball_enter'====== Args={'new_balls': 1, 'unclaimed_balls': 1, 'new_available_balls': 1, 'device': <ball_device.bd_right_vuk>}
2022-10-12 15:38:38,887 : INFO : ball_device.bd_right_vuk : Ejecting 1 unexpected balls using path deque([<ball_device.bd_right_vuk>, <playfield.playfield>])
2022-10-12 15:38:38,887 : INFO : EventManager : Event: ======'balldevice_balls_available'====== Args={}
2022-10-12 15:38:38,888 : INFO : EventManager : Event: ======'balldevice_balls_available'====== Args={}
2022-10-12 15:38:38,888 : INFO : EventManager : Event: ======'balldevice_bd_right_vuk_ball_entered'====== Args={'new_balls': 1, 'device': <ball_device.bd_right_vuk>}
2022-10-12 15:38:38,889 : INFO : ball_device.bd_right_vuk : State: waiting_for_target_ready
2022-10-12 15:38:38,889 : INFO : EventManager : Event: ======'balldevice_bd_right_vuk_ball_eject_attempt'====== Args={'balls': 1, 'target': <playfield.playfield>, 'source': <ball_device.bd_right_vuk>, 'mechanical_eject': False, 'num_attempts': 0}
2022-10-12 15:38:38,889 : INFO : ball_device.bd_right_vuk : State: ejecting
2022-10-12 15:38:38,889 : INFO : ball_device.bd_right_vuk : Ejecting ball to <playfield.playfield>
2022-10-12 15:38:38,889 : INFO : EventManager : Event: ======'balldevice_bd_right_vuk_ejecting_ball'====== Args={'balls': 1, 'target': <playfield.playfield>, 'source': <ball_device.bd_right_vuk>, 'mechanical_eject': False, 'num_attempts': 0}
2022-10-12 15:38:38,890 : INFO : ball_device.bd_right_vuk : Wait for ball to leave device
2022-10-12 15:38:38,890 : INFO : coil.c_right_vuk : Pulsing Driver for 10ms (1.0 pulse_power)
2022-10-12 15:38:38,930 : INFO : SwitchController : <<<<<<< 's_vuk_right' inactive >>>>>>>
2022-10-12 15:38:38,931 : INFO : SwitchController : <<<<<<< 's_vuk_right' active >>>>>>>
2022-10-12 15:38:38,934 : INFO : ball_device.bd_right_vuk : State: ball_left
2022-10-12 15:38:38,934 : INFO : ball_device.bd_right_vuk : Ball left
2022-10-12 15:38:38,934 : INFO : ball_device.bd_right_vuk : Wait for confirm with timeout 2.0
2022-10-12 15:38:39,903 : INFO : SwitchController : <<<<<<< 's_vuk_right' inactive >>>>>>>
2022-10-12 15:38:40,327 : INFO : SwitchController : <<<<<<< 's_vuk_right' active >>>>>>>
2022-10-12 15:38:40,549 : INFO : SwitchController : <<<<<<< 's_vuk_right' inactive >>>>>>>
2022-10-12 15:38:40,942 : INFO : ball_device.bd_right_vuk : State: failed_confirm
2022-10-12 15:38:40,942 : INFO : ball_device.bd_right_vuk : Got timeout (2.0s) before confirm from <playfield.playfield>
2022-10-12 15:38:41,036 : INFO : ball_device.bd_right_vuk : Got unknown balls. Assuming a ball returned.
2022-10-12 15:38:41,036 : INFO : EventManager : Event: ======'balldevice_bd_right_vuk_ball_eject_failed'====== Args={'target': <playfield.playfield>, 'balls': 1, 'retry': True, 'num_attempts': 1}
2022-10-12 15:38:41,052 : INFO : ball_device.bd_right_vuk : State: waiting_for_target_ready
2022-10-12 15:38:41,053 : INFO : EventManager : Event: ======'balldevice_bd_right_vuk_ball_eject_attempt'====== Args={'balls': 1, 'target': <playfield.playfield>, 'source': <ball_device.bd_right_vuk>, 'mechanical_eject': False, 'num_attempts': 1}
2022-10-12 15:38:41,053 : INFO : ball_device.bd_right_vuk : State: ejecting
2022-10-12 15:38:41,054 : INFO : ball_device.bd_right_vuk : Ejecting ball to <playfield.playfield>
2022-10-12 15:38:41,054 : INFO : EventManager : Event: ======'balldevice_bd_right_vuk_ejecting_ball'====== Args={'balls': 1, 'target': <playfield.playfield>, 'source': <ball_device.bd_right_vuk>, 'mechanical_eject': False, 'num_attempts': 1}
2022-10-12 15:38:41,055 : WARNING : ball_device.bd_right_vuk : No switch is active. Cannot wait on empty list.
2022-10-12 15:38:41,055 : INFO : ball_device.bd_right_vuk : Wait for ball to leave device
2022-10-12 15:38:41,055 : INFO : coil.c_right_vuk : Pulsing Driver for 10ms (1.0 pulse_power)
2022-10-12 15:38:41,055 : INFO : ball_device.bd_right_vuk : State: ball_left
2022-10-12 15:38:41,055 : INFO : ball_device.bd_right_vuk : Ball left
2022-10-12 15:38:41,056 : INFO : ball_device.bd_right_vuk : Wait for confirm with timeout 2.0
2022-10-12 15:38:41,086 : INFO : SwitchController : <<<<<<< 's_vuk_right' active >>>>>>>
2022-10-12 15:38:41,894 : INFO : SwitchController : <<<<<<< 's_vuk_right' inactive >>>>>>>
2022-10-12 15:38:42,254 : INFO : SwitchController : <<<<<<< 's_drop_right_right' active >>>>>>>
2022-10-12 15:38:42,255 : INFO : EventManager : Event: ======'drop_target_right_right_down'====== Args={'device': <drop_target.right_right>}
2022-10-12 15:38:42,255 : INFO : EventManager : Event: ======'drop_target_bank_right_down'====== Args={}
2022-10-12 15:38:43,027 : INFO : ball_device.bd_right_vuk : State: failed_confirm
2022-10-12 15:38:43,027 : INFO : ball_device.bd_right_vuk : Got timeout (2.0s) before confirm from <playfield.playfield>
2022-10-12 15:38:43,140 : INFO : ball_device.bd_right_vuk : Got unknown balls. Assuming a ball returned.
2022-10-12 15:38:43,140 : INFO : EventManager : Event: ======'balldevice_bd_right_vuk_ball_eject_failed'====== Args={'target': <playfield.playfield>, 'balls': 1, 'retry': True, 'num_attempts': 2}
2022-10-12 15:38:43,143 : INFO : ball_device.bd_right_vuk : State: waiting_for_target_ready
2022-10-12 15:38:43,143 : INFO : EventManager : Event: ======'balldevice_bd_right_vuk_ball_eject_attempt'====== Args={'balls': 1, 'target': <playfield.playfield>, 'source': <ball_device.bd_right_vuk>, 'mechanical_eject': False, 'num_attempts': 2}
2022-10-12 15:38:43,143 : INFO : ball_device.bd_right_vuk : State: ejecting
2022-10-12 15:38:43,143 : INFO : ball_device.bd_right_vuk : Ejecting ball to <playfield.playfield>
2022-10-12 15:38:43,144 : INFO : EventManager : Event: ======'balldevice_bd_right_vuk_ejecting_ball'====== Args={'balls': 1, 'target': <playfield.playfield>, 'source': <ball_device.bd_right_vuk>, 'mechanical_eject': False, 'num_attempts': 2}
2022-10-12 15:38:43,144 : WARNING : ball_device.bd_right_vuk : No switch is active. Cannot wait on empty list.
2022-10-12 15:38:43,145 : INFO : ball_device.bd_right_vuk : Wait for ball to leave device
2022-10-12 15:38:43,145 : INFO : coil.c_right_vuk : Pulsing Driver for 10ms (1.0 pulse_power)
2022-10-12 15:38:43,145 : INFO : ball_device.bd_right_vuk : State: ball_left
2022-10-12 15:38:43,146 : INFO : ball_device.bd_right_vuk : Ball left
2022-10-12 15:38:43,146 : INFO : ball_device.bd_right_vuk : Wait for confirm with timeout 2.0
2022-10-12 15:38:43,216 : INFO : SwitchController : <<<<<<< 's_vuk_right' active >>>>>>>
2022-10-12 15:38:43,246 : INFO : drop_target_bank.right : 2 targets are down. Will reset those.
2022-10-12 15:38:43,246 : INFO : coil.c_drop_right : Pulsing Driver for 10ms (1.0 pulse_power)
2022-10-12 15:38:43,280 : INFO : SwitchController : <<<<<<< 's_drop_right_left' inactive >>>>>>>
2022-10-12 15:38:43,309 : INFO : SwitchController : <<<<<<< 's_drop_right_left' active >>>>>>>
2022-10-12 15:38:45,123 : INFO : ball_device.bd_right_vuk : State: failed_confirm
2022-10-12 15:38:45,124 : INFO : ball_device.bd_right_vuk : Got timeout (2.0s) before confirm from <playfield.playfield>
2022-10-12 15:38:45,219 : INFO : ball_device.bd_right_vuk : Got unknown balls. Assuming a ball returned.
2022-10-12 15:38:45,219 : INFO : EventManager : Event: ======'balldevice_bd_right_vuk_ball_eject_failed'====== Args={'target': <playfield.playfield>, 'balls': 1, 'retry': True, 'num_attempts': 3}
2022-10-12 15:38:45,220 : INFO : ball_device.bd_right_vuk : State: waiting_for_target_ready
2022-10-12 15:38:45,220 : INFO : EventManager : Event: ======'balldevice_bd_right_vuk_ball_eject_attempt'====== Args={'balls': 1, 'target': <playfield.playfield>, 'source': <ball_device.bd_right_vuk>, 'mechanical_eject': False, 'num_attempts': 3}
2022-10-12 15:38:45,220 : INFO : ball_device.bd_right_vuk : State: ejecting
2022-10-12 15:38:45,221 : INFO : ball_device.bd_right_vuk : Ejecting ball to <playfield.playfield>
2022-10-12 15:38:45,221 : INFO : EventManager : Event: ======'balldevice_bd_right_vuk_ejecting_ball'====== Args={'balls': 1, 'target': <playfield.playfield>, 'source': <ball_device.bd_right_vuk>, 'mechanical_eject': False, 'num_attempts': 3}
2022-10-12 15:38:45,221 : INFO : ball_device.bd_right_vuk : Wait for ball to leave device
2022-10-12 15:38:45,222 : INFO : coil.c_right_vuk : Pulsing Driver for 10ms (1.0 pulse_power)
2022-10-12 15:38:45,262 : INFO : SwitchController : <<<<<<< 's_vuk_right' inactive >>>>>>>
2022-10-12 15:38:45,263 : INFO : SwitchController : <<<<<<< 's_vuk_right' active >>>>>>>
2022-10-12 15:38:45,266 : INFO : ball_device.bd_right_vuk : State: ball_left
2022-10-12 15:38:45,266 : INFO : ball_device.bd_right_vuk : Ball left
2022-10-12 15:38:45,266 : INFO : ball_device.bd_right_vuk : Wait for confirm with timeout 2.0
2022-10-12 15:38:46,431 : INFO : SwitchController : <<<<<<< 's_vuk_right' inactive >>>>>>>
2022-10-12 15:38:47,248 : INFO : ball_device.bd_right_vuk : State: failed_confirm
2022-10-12 15:38:47,248 : INFO : ball_device.bd_right_vuk : Got timeout (2.0s) before confirm from <playfield.playfield>
2022-10-12 15:38:47,343 : INFO : ball_device.bd_right_vuk : Confirming eject because target is playfield and ball did not return.
2022-10-12 15:38:47,343 : INFO : ball_device.bd_right_vuk : Eject successful
2022-10-12 15:38:47,343 : INFO : EventManager : Event: ======'balldevice_bd_right_vuk_ball_eject_success'====== Args={'balls': 1, 'target': <playfield.playfield>}
2022-10-12 15:38:47,343 : INFO : EventManager : Event: ======'balldevice_playfield_ball_enter'====== Args={'new_balls': 1, 'unclaimed_balls': 1, 'device': <playfield.playfield>}
2022-10-12 15:38:47,343 : INFO : EventManager : Event: ======'playfield_ball_count_change'====== Args={'balls': 2, 'change': 1}
2022-10-12 15:38:47,344 : INFO : EventManager : Event: ======'balldevice_bd_right_vuk_ball_count_changed'====== Args={'balls': 0}
2022-10-12 15:38:47,344 : INFO : ball_device.bd_right_vuk : State: idle
2022-10-12 15:39:43,874 : INFO : SwitchController : <<<<<<< 's_bot_vuk' active >>>>>>>
2022-10-12 15:39:44,376 : INFO : EventManager : Event: ======'balldevice_bd_bot_vuk_ball_count_changed'====== Args={'balls': 1}
2022-10-12 15:39:44,377 : INFO : ball_device.bd_bot_vuk : Received unexpected ball
2022-10-12 15:39:44,377 : INFO : EventManager : Event: ======'balldevice_captured_from_playfield'====== Args={'balls': 1}
2022-10-12 15:39:44,378 : INFO : EventManager : Event: ======'sw_playfield_active'====== Args={'balls': 1}
2022-10-12 15:39:44,378 : INFO : EventManager : Event: ======'playfield_ball_count_change'====== Args={'balls': 1, 'change': -1}
2022-10-12 15:39:44,379 : INFO : EventManager : Event: ======'balldevice_bd_bot_vuk_ball_enter'====== Args={'new_balls': 1, 'unclaimed_balls': 1, 'new_available_balls': 1, 'device': <ball_device.bd_bot_vuk>}
2022-10-12 15:39:44,379 : INFO : ball_device.bd_bot_vuk : Ejecting 1 unexpected balls using path deque([<ball_device.bd_bot_vuk>, <playfield.playfield>])
2022-10-12 15:39:44,380 : INFO : EventManager : Event: ======'balldevice_balls_available'====== Args={}
2022-10-12 15:39:44,380 : INFO : EventManager : Event: ======'balldevice_balls_available'====== Args={}
2022-10-12 15:39:44,380 : INFO : EventManager : Event: ======'balldevice_bd_bot_vuk_ball_entered'====== Args={'new_balls': 1, 'device': <ball_device.bd_bot_vuk>}
2022-10-12 15:39:44,381 : INFO : ball_device.bd_bot_vuk : State: waiting_for_target_ready
2022-10-12 15:39:44,381 : INFO : EventManager : Event: ======'balldevice_bd_bot_vuk_ball_eject_attempt'====== Args={'balls': 1, 'target': <playfield.playfield>, 'source': <ball_device.bd_bot_vuk>, 'mechanical_eject': False, 'num_attempts': 0}
2022-10-12 15:39:44,381 : INFO : ball_device.bd_bot_vuk : State: ejecting
2022-10-12 15:39:44,382 : INFO : ball_device.bd_bot_vuk : Ejecting ball to <playfield.playfield>
2022-10-12 15:39:44,382 : INFO : EventManager : Event: ======'balldevice_bd_bot_vuk_ejecting_ball'====== Args={'balls': 1, 'target': <playfield.playfield>, 'source': <ball_device.bd_bot_vuk>, 'mechanical_eject': False, 'num_attempts': 0}
2022-10-12 15:39:44,382 : INFO : ball_device.bd_bot_vuk : Wait for ball to leave device
2022-10-12 15:39:44,382 : INFO : coil.c_bot_vuk : Pulsing Driver for 70ms (1.0 pulse_power)
2022-10-12 15:39:44,757 : INFO : SwitchController : <<<<<<< 's_bot_vuk' inactive >>>>>>>
2022-10-12 15:39:44,763 : INFO : ball_device.bd_bot_vuk : State: ball_left
2022-10-12 15:39:44,764 : INFO : ball_device.bd_bot_vuk : Ball left
2022-10-12 15:39:44,764 : INFO : ball_device.bd_bot_vuk : Wait for confirm with timeout 2.0
2022-10-12 15:39:46,753 : INFO : ball_device.bd_bot_vuk : State: failed_confirm
2022-10-12 15:39:46,753 : INFO : ball_device.bd_bot_vuk : Got timeout (2.0s) before confirm from <playfield.playfield>
2022-10-12 15:39:46,847 : INFO : ball_device.bd_bot_vuk : Confirming eject because target is playfield and ball did not return.
2022-10-12 15:39:46,847 : INFO : ball_device.bd_bot_vuk : Eject successful
2022-10-12 15:39:46,847 : INFO : EventManager : Event: ======'balldevice_bd_bot_vuk_ball_eject_success'====== Args={'balls': 1, 'target': <playfield.playfield>}
2022-10-12 15:39:46,848 : INFO : EventManager : Event: ======'balldevice_playfield_ball_enter'====== Args={'new_balls': 1, 'unclaimed_balls': 1, 'device': <playfield.playfield>}
2022-10-12 15:39:46,848 : INFO : EventManager : Event: ======'playfield_ball_count_change'====== Args={'balls': 2, 'change': 1}
2022-10-12 15:39:46,848 : INFO : EventManager : Event: ======'balldevice_bd_bot_vuk_ball_count_changed'====== Args={'balls': 0}
2022-10-12 15:39:46,849 : INFO : ball_device.bd_bot_vuk : State: idle
2022-10-12 15:39:52,023 : INFO : SwitchController : <<<<<<< 's_bot_vuk' active >>>>>>>
2022-10-12 15:39:52,524 : INFO : EventManager : Event: ======'balldevice_bd_bot_vuk_ball_count_changed'====== Args={'balls': 1}
2022-10-12 15:39:52,525 : INFO : ball_device.bd_bot_vuk : Received unexpected ball
2022-10-12 15:39:52,525 : INFO : EventManager : Event: ======'balldevice_captured_from_playfield'====== Args={'balls': 1}
2022-10-12 15:39:52,525 : INFO : EventManager : Event: ======'sw_playfield_active'====== Args={'balls': 1}
2022-10-12 15:39:52,526 : INFO : EventManager : Event: ======'playfield_ball_count_change'====== Args={'balls': 1, 'change': -1}
2022-10-12 15:39:52,526 : INFO : EventManager : Event: ======'balldevice_bd_bot_vuk_ball_enter'====== Args={'new_balls': 1, 'unclaimed_balls': 1, 'new_available_balls': 1, 'device': <ball_device.bd_bot_vuk>}
2022-10-12 15:39:52,527 : INFO : ball_device.bd_bot_vuk : Ejecting 1 unexpected balls using path deque([<ball_device.bd_bot_vuk>, <playfield.playfield>])
2022-10-12 15:39:52,527 : INFO : EventManager : Event: ======'balldevice_balls_available'====== Args={}
2022-10-12 15:39:52,528 : INFO : EventManager : Event: ======'balldevice_balls_available'====== Args={}
2022-10-12 15:39:52,528 : INFO : EventManager : Event: ======'balldevice_bd_bot_vuk_ball_entered'====== Args={'new_balls': 1, 'device': <ball_device.bd_bot_vuk>}
2022-10-12 15:39:52,529 : INFO : ball_device.bd_bot_vuk : State: waiting_for_target_ready
2022-10-12 15:39:52,529 : INFO : EventManager : Event: ======'balldevice_bd_bot_vuk_ball_eject_attempt'====== Args={'balls': 1, 'target': <playfield.playfield>, 'source': <ball_device.bd_bot_vuk>, 'mechanical_eject': False, 'num_attempts': 0}
2022-10-12 15:39:52,530 : INFO : ball_device.bd_bot_vuk : State: ejecting
2022-10-12 15:39:52,530 : INFO : ball_device.bd_bot_vuk : Ejecting ball to <playfield.playfield>
2022-10-12 15:39:52,530 : INFO : EventManager : Event: ======'balldevice_bd_bot_vuk_ejecting_ball'====== Args={'balls': 1, 'target': <playfield.playfield>, 'source': <ball_device.bd_bot_vuk>, 'mechanical_eject': False, 'num_attempts': 0}
2022-10-12 15:39:52,531 : INFO : ball_device.bd_bot_vuk : Wait for ball to leave device
2022-10-12 15:39:52,531 : INFO : coil.c_bot_vuk : Pulsing Driver for 70ms (1.0 pulse_power)
2022-10-12 15:39:53,062 : INFO : SwitchController : <<<<<<< 's_bot_vuk' inactive >>>>>>>
2022-10-12 15:39:53,068 : INFO : ball_device.bd_bot_vuk : State: ball_left
2022-10-12 15:39:53,068 : INFO : ball_device.bd_bot_vuk : Ball left
2022-10-12 15:39:53,068 : INFO : ball_device.bd_bot_vuk : Wait for confirm with timeout 2.0
2022-10-12 15:39:55,071 : INFO : ball_device.bd_bot_vuk : State: failed_confirm
2022-10-12 15:39:55,071 : INFO : ball_device.bd_bot_vuk : Got timeout (2.0s) before confirm from <playfield.playfield>
2022-10-12 15:39:55,164 : INFO : ball_device.bd_bot_vuk : Confirming eject because target is playfield and ball did not return.
2022-10-12 15:39:55,164 : INFO : ball_device.bd_bot_vuk : Eject successful
2022-10-12 15:39:55,164 : INFO : EventManager : Event: ======'balldevice_bd_bot_vuk_ball_eject_success'====== Args={'balls': 1, 'target': <playfield.playfield>}
2022-10-12 15:39:55,165 : INFO : EventManager : Event: ======'balldevice_playfield_ball_enter'====== Args={'new_balls': 1, 'unclaimed_balls': 1, 'device': <playfield.playfield>}
2022-10-12 15:39:55,165 : INFO : EventManager : Event: ======'playfield_ball_count_change'====== Args={'balls': 2, 'change': 1}
2022-10-12 15:39:55,166 : INFO : EventManager : Event: ======'balldevice_bd_bot_vuk_ball_count_changed'====== Args={'balls': 0}
2022-10-12 15:39:55,166 : INFO : ball_device.bd_bot_vuk : State: idle
2022-10-12 15:39:56,611 : INFO : SwitchController : <<<<<<< 's_left_flipper' active >>>>>>>
2022-10-12 15:39:56,641 : INFO : SwitchController : <<<<<<< 's_eos_left_top' active >>>>>>>
2022-10-12 15:39:57,002 : INFO : SwitchController : <<<<<<< 's_left_flipper' inactive >>>>>>>
2022-10-12 15:39:57,112 : INFO : SwitchController : <<<<<<< 's_eos_left_top' inactive >>>>>>>
2022-10-12 15:39:58,309 : INFO : SwitchController : <<<<<<< 's_left_flipper' active >>>>>>>
2022-10-12 15:39:58,329 : INFO : SwitchController : <<<<<<< 's_eos_left_top' active >>>>>>>
2022-10-12 15:39:58,330 : INFO : SwitchController : <<<<<<< 's_left_flipper' inactive >>>>>>>
2022-10-12 15:39:58,452 : INFO : SwitchController : <<<<<<< 's_eos_left_top' inactive >>>>>>>
2022-10-12 15:39:58,531 : INFO : SwitchController : <<<<<<< 's_left_flipper' active >>>>>>>
2022-10-12 15:39:58,551 : INFO : SwitchController : <<<<<<< 's_eos_left_top' active >>>>>>>
2022-10-12 15:39:59,165 : INFO : SwitchController : <<<<<<< 's_left_flipper' inactive >>>>>>>
2022-10-12 15:39:59,272 : INFO : SwitchController : <<<<<<< 's_eos_left_top' inactive >>>>>>>
2022-10-12 15:39:59,538 : INFO : SwitchController : <<<<<<< 's_left_flipper' active >>>>>>>
2022-10-12 15:39:59,560 : INFO : SwitchController : <<<<<<< 's_eos_left_top' active >>>>>>>
2022-10-12 15:39:59,620 : INFO : SwitchController : <<<<<<< 's_left_flipper' inactive >>>>>>>
2022-10-12 15:39:59,727 : INFO : SwitchController : <<<<<<< 's_eos_left_top' inactive >>>>>>>
2022-10-12 15:40:05,603 : INFO : SwitchController : <<<<<<< 's_right_flipper' active >>>>>>>
2022-10-12 15:40:05,604 : INFO : SwitchController : <<<<<<< 's_right_flipper' inactive >>>>>>>
2022-10-12 15:40:05,623 : INFO : SwitchController : <<<<<<< 's_right_flipper' active >>>>>>>
2022-10-12 15:40:05,623 : INFO : SwitchController : <<<<<<< 's_right_flipper' inactive >>>>>>>
2022-10-12 15:40:05,626 : INFO : SwitchController : <<<<<<< 's_right_flipper' active >>>>>>>
2022-10-12 15:40:05,666 : INFO : SwitchController : <<<<<<< 's_right_flipper' inactive >>>>>>>
2022-10-12 15:40:05,681 : INFO : SwitchController : <<<<<<< 's_right_flipper' active >>>>>>>
2022-10-12 15:40:05,760 : INFO : SwitchController : <<<<<<< 's_right_flipper' inactive >>>>>>>
2022-10-12 15:40:05,780 : INFO : SwitchController : <<<<<<< 's_right_flipper' active >>>>>>>
2022-10-12 15:40:05,781 : INFO : SwitchController : <<<<<<< 's_right_flipper' inactive >>>>>>>
2022-10-12 15:40:05,855 : INFO : SwitchController : <<<<<<< 's_right_flipper' active >>>>>>>
2022-10-12 15:40:05,888 : INFO : SwitchController : <<<<<<< 's_right_flipper' inactive >>>>>>>
2022-10-12 15:40:05,903 : INFO : SwitchController : <<<<<<< 's_right_flipper' active >>>>>>>
2022-10-12 15:40:06,470 : INFO : SwitchController : <<<<<<< 's_right_flipper' inactive >>>>>>>
2022-10-12 15:40:06,881 : INFO : SwitchController : <<<<<<< 's_right_flipper' active >>>>>>>
2022-10-12 15:40:06,928 : INFO : SwitchController : <<<<<<< 's_right_flipper' inactive >>>>>>>
2022-10-12 15:40:07,287 : INFO : SwitchController : <<<<<<< 's_right_flipper' active >>>>>>>
2022-10-12 15:40:07,288 : INFO : SwitchController : <<<<<<< 's_right_flipper' inactive >>>>>>>
2022-10-12 15:40:07,288 : INFO : SwitchController : <<<<<<< 's_right_flipper' active >>>>>>>
2022-10-12 15:40:07,349 : INFO : SwitchController : <<<<<<< 's_right_flipper' inactive >>>>>>>
2022-10-12 15:40:07,724 : INFO : SwitchController : <<<<<<< 's_right_flipper' active >>>>>>>
2022-10-12 15:40:08,290 : INFO : SwitchController : <<<<<<< 's_right_flipper' inactive >>>>>>>
2022-10-12 15:40:09,876 : INFO : SwitchController : <<<<<<< 's_tilt' active >>>>>>>
2022-10-12 15:40:09,876 : INFO : SwitchController : <<<<<<< 's_tilt' inactive >>>>>>>
2022-10-12 15:42:45,464 : INFO : SwitchController : <<<<<<< 's_left_flipper' active >>>>>>>
2022-10-12 15:42:45,485 : INFO : SwitchController : <<<<<<< 's_eos_left_top' active >>>>>>>
2022-10-12 15:42:45,513 : INFO : SwitchController : <<<<<<< 's_left_flipper' inactive >>>>>>>
2022-10-12 15:42:45,623 : INFO : SwitchController : <<<<<<< 's_eos_left_top' inactive >>>>>>>
2022-10-12 15:42:45,890 : INFO : SwitchController : <<<<<<< 's_left_flipper' active >>>>>>>
2022-10-12 15:42:45,906 : INFO : SwitchController : <<<<<<< 's_eos_left_top' active >>>>>>>
2022-10-12 15:42:46,082 : INFO : SwitchController : <<<<<<< 's_left_flipper' inactive >>>>>>>
2022-10-12 15:42:46,131 : INFO : SwitchController : <<<<<<< 's_left_flipper' active >>>>>>>
2022-10-12 15:42:46,320 : INFO : SwitchController : <<<<<<< 's_left_flipper' inactive >>>>>>>
2022-10-12 15:42:46,445 : INFO : SwitchController : <<<<<<< 's_eos_left_top' inactive >>>>>>>
2022-10-12 15:42:47,160 : INFO : SwitchController : <<<<<<< 's_left_flipper' active >>>>>>>
2022-10-12 15:42:47,190 : INFO : SwitchController : <<<<<<< 's_eos_left_top' active >>>>>>>
2022-10-12 15:42:47,270 : INFO : SwitchController : <<<<<<< 's_left_flipper' inactive >>>>>>>
2022-10-12 15:42:47,367 : INFO : SwitchController : <<<<<<< 's_eos_left_top' inactive >>>>>>>
2022-10-12 15:42:47,475 : INFO : SwitchController : <<<<<<< 's_left_flipper' active >>>>>>>
2022-10-12 15:42:47,507 : INFO : SwitchController : <<<<<<< 's_eos_left_top' active >>>>>>>
2022-10-12 15:42:48,868 : INFO : SwitchController : <<<<<<< 's_left_flipper' inactive >>>>>>>
2022-10-12 15:42:48,978 : INFO : SwitchController : <<<<<<< 's_eos_left_top' inactive >>>>>>>
2022-10-12 15:42:49,850 : INFO : SwitchController : <<<<<<< 's_left_flipper' active >>>>>>>
2022-10-12 15:42:49,871 : INFO : SwitchController : <<<<<<< 's_eos_left_top' active >>>>>>>
2022-10-12 15:42:49,871 : INFO : SwitchController : <<<<<<< 's_left_flipper' inactive >>>>>>>
2022-10-12 15:42:49,993 : INFO : SwitchController : <<<<<<< 's_eos_left_top' inactive >>>>>>>
2022-10-12 15:42:50,231 : INFO : SwitchController : <<<<<<< 's_left_flipper' active >>>>>>>
2022-10-12 15:42:50,262 : INFO : SwitchController : <<<<<<< 's_eos_left_top' active >>>>>>>
2022-10-12 15:42:50,596 : INFO : SwitchController : <<<<<<< 's_left_flipper' inactive >>>>>>>
2022-10-12 15:42:50,692 : INFO : SwitchController : <<<<<<< 's_eos_left_top' inactive >>>>>>>
2022-10-12 19:29:10,387 : INFO : Machine : Shutting down...
2022-10-12 19:29:10,388 : INFO : EventManager : Event: ======'shutdown'====== Args={}
2022-10-12 19:29:10,418 : WARNING : FAST : Port NET received more messages than were sent! Resetting!
2022-10-12 19:29:10,418 : WARNING : FAST : Port RGB received more messages than were sent! Resetting!
2022-10-12 19:29:10,480 : ERROR : FAST : Stop called on serial connection com9
2022-10-12 19:29:10,480 : ERROR : FAST : Stop called on serial connection com10
2022-10-12 19:29:10,727 : INFO : root : MPF run loop ended.
