2022-09-12 11:02:54,520 : INFO : root : Loading config.
2022-09-12 11:02:54,524 : INFO : YamlMultifileConfigLoader : Machine config file #1: config.yaml
2022-09-12 11:02:54,524 : WARNING : ConfigProcessor : Config file in cache changed: c:\trashland_2\config\config.yaml
2022-09-12 11:02:54,524 : INFO : ConfigProcessor : Loading config from file c:\users\tanner\appdata\local\programs\python\python37\lib\site-packages\mpf\mpfconfig.yaml.
2022-09-12 11:02:54,601 : INFO : ConfigProcessor : Loading config: c:\users\tanner\appdata\local\programs\python\python37\lib\site-packages\mpf\mpfconfig.yaml
2022-09-12 11:02:54,602 : INFO : ConfigProcessor : Loading config from file c:\trashland_2\config\config.yaml.
2022-09-12 11:02:54,703 : INFO : ConfigProcessor : Loading config: c:\trashland_2\config\config.yaml
2022-09-12 11:02:54,705 : INFO : ConfigProcessor : Config file cache created: C:\Users\Tanner\AppData\Local\Temp\a6762098cb994b55cb03a478b26022ee.mpf_cache
2022-09-12 11:02:54,774 : INFO : ConfigProcessor : Loading config from cache: C:\Users\Tanner\AppData\Local\Temp\9cf7ccc27b21f4d6162237fadfc53e5a.mpf_cache
2022-09-12 11:02:54,775 : INFO : ConfigProcessor : Loading config from cache: C:\Users\Tanner\AppData\Local\Temp\c215df352878fee5d54f1a5ec5b16e7c.mpf_cache
2022-09-12 11:02:54,776 : INFO : ConfigProcessor : Loading config from cache: C:\Users\Tanner\AppData\Local\Temp\abaa92c43d134e3392cbb2346e6a16be.mpf_cache
2022-09-12 11:02:54,777 : INFO : ConfigProcessor : Loading config from cache: C:\Users\Tanner\AppData\Local\Temp\fc46d53fcb9fe6b8abf783d9c813390a.mpf_cache
2022-09-12 11:02:54,778 : INFO : Machine : Mission Pinball Framework Core Engine v0.55.0
2022-09-12 11:02:54,778 : INFO : Machine : Command line arguments: {'no_load_cache': False, 'create_config_cache': True, 'bcp': False, 'configfile': ['config.yaml'], 'force_assets_load': False, 'jsonlogging': False, 'logfile': 'logs\\2022-09-12-11-02-54-mpf-DESKTOP-7HNFDQ5.log', 'pause': False, 'production': False, 'text_ui': True, 'loglevel': 15, 'consoleloglevel': 20, 'force_platform': None, 'syslog_address': None, 'mc_file_name': None, 'no_sound': False}
2022-09-12 11:02:54,778 : INFO : Machine : MPF path: c:\users\tanner\appdata\local\programs\python\python37\lib\site-packages\mpf
2022-09-12 11:02:54,778 : INFO : Machine : Machine path: c:\trashland_2
2022-09-12 11:02:54,778 : INFO : Machine : Platform: win32
2022-09-12 11:02:54,778 : INFO : Machine : Python executable location: c:\users\tanner\appdata\local\programs\python\python37\python.exe
2022-09-12 11:02:54,778 : INFO : Machine : Python version: 3.7.8 (64-bit)
2022-09-12 11:02:54,780 : INFO : Machine : Initialise MPF.
2022-09-12 11:02:55,086 : INFO : FAST : Connecting to com20 at 921600bps
2022-09-12 11:02:55,205 : INFO : FAST : Connected! Processor: NET, Board Type: FP-CPU-002-2, Firmware: 01.00
2022-09-12 11:02:55,205 : INFO : EventManager : Event: ======'machine_var_fast_net_firmware'====== Args={'value': '01.00', 'prev_value': None, 'change': True}
2022-09-12 11:02:55,205 : INFO : EventManager : Event: ======'machine_var_fast_net_model'====== Args={'value': 'FP-CPU-002-2', 'prev_value': None, 'change': True}
2022-09-12 11:03:00,203 : WARNING : FAST : Reset of NET CPU failed. This might be a firmware bug in your version.
2022-09-12 11:03:00,827 : INFO : FAST : Connecting to com21 at 921600bps
2022-09-12 11:03:00,942 : INFO : FAST : Connected! Processor: RGB, Board Type: FP-CPU-002-2, Firmware: 01.00
2022-09-12 11:03:00,942 : INFO : EventManager : Event: ======'machine_var_fast_rgb_firmware'====== Args={'value': '01.00', 'prev_value': None, 'change': True}
2022-09-12 11:03:00,942 : INFO : EventManager : Event: ======'machine_var_fast_rgb_model'====== Args={'value': 'FP-CPU-002-2', 'prev_value': None, 'change': True}
2022-09-12 11:03:00,943 : INFO : EventManager : Event: ======'machine_var_credits_string'====== Args={'value': 'FREE PLAY', 'prev_value': None, 'change': True}
2022-09-12 11:03:00,993 : INFO : EventManager : Event: ======'machine_var_master_volume'====== Args={'value': 0.5, 'prev_value': None, 'change': True}
2022-09-12 11:03:00,993 : INFO : EventManager : Event: ======'machine_var_mpf_version'====== Args={'value': 'MPF v0.55.0', 'prev_value': None, 'change': True}
2022-09-12 11:03:00,993 : INFO : EventManager : Event: ======'machine_var_mpf_extended_version'====== Args={'value': 'MPF v0.55.0, Config version:5, Show version: 5, BCP version:1.1', 'prev_value': None, 'change': True}
2022-09-12 11:03:00,993 : INFO : EventManager : Event: ======'machine_var_python_version'====== Args={'value': '3.7.8', 'prev_value': None, 'change': True}
2022-09-12 11:03:00,994 : INFO : EventManager : Event: ======'machine_var_platform'====== Args={'value': 'Windows-10-10.0.19041-SP0', 'prev_value': None, 'change': True}
2022-09-12 11:03:00,994 : INFO : EventManager : Event: ======'machine_var_platform_system'====== Args={'value': 'Windows', 'prev_value': None, 'change': True}
2022-09-12 11:03:00,994 : INFO : EventManager : Event: ======'machine_var_platform_release'====== Args={'value': '10', 'prev_value': None, 'change': True}
2022-09-12 11:03:00,994 : INFO : EventManager : Event: ======'machine_var_platform_version'====== Args={'value': '10.0.19041', 'prev_value': None, 'change': True}
2022-09-12 11:03:00,994 : INFO : EventManager : Event: ======'machine_var_platform_machine'====== Args={'value': 'AMD64', 'prev_value': None, 'change': True}
2022-09-12 11:03:00,994 : INFO : EventManager : Event: ======'init_phase_1'====== Args={}
2022-09-12 11:03:01,034 : INFO : EventManager : Event: ======'drop_target_bank_mid_up'====== Args={}
2022-09-12 11:03:01,034 : INFO : EventManager : Event: ======'drop_target_bank_right_up'====== Args={}
2022-09-12 11:03:01,047 : INFO : EventManager : Event: ======'init_phase_2'====== Args={}
2022-09-12 11:03:01,048 : INFO : SwitchController : Found active switch: (('3E', 1), <Platform.FAST>) <switch.s_trough_1>
2022-09-12 11:03:01,048 : INFO : SwitchController : Found active switch: (('3D', 1), <Platform.FAST>) <switch.s_trough_jam>
2022-09-12 11:03:01,048 : INFO : SwitchController : Found active switch: (('5D', 1), <Platform.FAST>) <switch.s_bot_vuk>
2022-09-12 11:03:01,054 : INFO : ball_device.bd_trough : BCH: Initial count: 2
2022-09-12 11:03:01,054 : INFO : ball_device.bd_trough : State: idle
2022-09-12 11:03:01,055 : INFO : ball_device.bd_plunger : BCH: Initial count: 0
2022-09-12 11:03:01,055 : INFO : ball_device.bd_plunger : State: idle
2022-09-12 11:03:01,096 : INFO : EventManager : Event: ======'init_phase_3'====== Args={}
2022-09-12 11:03:01,159 : INFO : EventManager : Event: ======'init_phase_4'====== Args={}
2022-09-12 11:03:01,159 : INFO : EventManager : Event: ======'playfield_active'====== Args={}
2022-09-12 11:03:01,160 : INFO : EventManager : Event: ======'unexpected_ball_on_playfield'====== Args={}
2022-09-12 11:03:01,160 : INFO : EventManager : Event: ======'playfield_active'====== Args={}
2022-09-12 11:03:01,160 : INFO : EventManager : Event: ======'unexpected_ball_on_playfield'====== Args={}
2022-09-12 11:03:01,160 : INFO : EventManager : Event: ======'playfield_active'====== Args={}
2022-09-12 11:03:01,160 : INFO : EventManager : Event: ======'unexpected_ball_on_playfield'====== Args={}
2022-09-12 11:03:01,160 : INFO : EventManager : Event: ======'playfield_active'====== Args={}
2022-09-12 11:03:01,160 : INFO : EventManager : Event: ======'unexpected_ball_on_playfield'====== Args={}
2022-09-12 11:03:01,160 : INFO : EventManager : Event: ======'playfield_active'====== Args={}
2022-09-12 11:03:01,160 : INFO : EventManager : Event: ======'unexpected_ball_on_playfield'====== Args={}
2022-09-12 11:03:01,160 : INFO : EventManager : Event: ======'playfield_active'====== Args={}
2022-09-12 11:03:01,160 : INFO : EventManager : Event: ======'unexpected_ball_on_playfield'====== Args={}
2022-09-12 11:03:01,161 : INFO : BallController : Initial balls found: 2
2022-09-12 11:03:01,162 : INFO : EventManager : Event: ======'machine_var_audits_events_game_ended'====== Args={'value': 0, 'prev_value': None, 'change': True}
2022-09-12 11:03:01,163 : INFO : EventManager : Event: ======'machine_var_audits_events_game_started'====== Args={'value': 0, 'prev_value': None, 'change': True}
2022-09-12 11:03:01,163 : INFO : EventManager : Event: ======'machine_var_audits_player_score'====== Args={'value': {'average': 0, 'top': [], 'total': 0}, 'prev_value': None, 'change': True}
2022-09-12 11:03:01,163 : INFO : EventManager : Event: ======'machine_var_audits_switches_s_autolauncher'====== Args={'value': 72, 'prev_value': None, 'change': True}
2022-09-12 11:03:01,163 : INFO : EventManager : Event: ======'machine_var_audits_switches_s_back_pop'====== Args={'value': 0, 'prev_value': None, 'change': True}
2022-09-12 11:03:01,163 : INFO : EventManager : Event: ======'machine_var_audits_switches_s_back_rollover'====== Args={'value': 0, 'prev_value': None, 'change': True}
2022-09-12 11:03:01,163 : INFO : EventManager : Event: ======'machine_var_audits_switches_s_back_stationary'====== Args={'value': 0, 'prev_value': None, 'change': True}
2022-09-12 11:03:01,163 : INFO : EventManager : Event: ======'machine_var_audits_switches_s_bot_back'====== Args={'value': 0, 'prev_value': None, 'change': True}
2022-09-12 11:03:01,163 : INFO : EventManager : Event: ======'machine_var_audits_switches_s_bot_big'====== Args={'value': 0, 'prev_value': None, 'change': True}
2022-09-12 11:03:01,164 : INFO : EventManager : Event: ======'machine_var_audits_switches_s_bot_left'====== Args={'value': 0, 'prev_value': None, 'change': True}
2022-09-12 11:03:01,164 : INFO : EventManager : Event: ======'machine_var_audits_switches_s_bot_right'====== Args={'value': 0, 'prev_value': None, 'change': True}
2022-09-12 11:03:01,164 : INFO : EventManager : Event: ======'machine_var_audits_switches_s_bot_rollover'====== Args={'value': 0, 'prev_value': None, 'change': True}
2022-09-12 11:03:01,164 : INFO : EventManager : Event: ======'machine_var_audits_switches_s_bot_vuk'====== Args={'value': 0, 'prev_value': None, 'change': True}
2022-09-12 11:03:01,164 : INFO : EventManager : Event: ======'machine_var_audits_switches_s_drop_mid_left'====== Args={'value': 45, 'prev_value': None, 'change': True}
2022-09-12 11:03:01,164 : INFO : EventManager : Event: ======'machine_var_audits_switches_s_drop_mid_mid'====== Args={'value': 46, 'prev_value': None, 'change': True}
2022-09-12 11:03:01,164 : INFO : EventManager : Event: ======'machine_var_audits_switches_s_drop_mid_right'====== Args={'value': 5, 'prev_value': None, 'change': True}
2022-09-12 11:03:01,165 : INFO : EventManager : Event: ======'machine_var_audits_switches_s_drop_right_left'====== Args={'value': 10, 'prev_value': None, 'change': True}
2022-09-12 11:03:01,165 : INFO : EventManager : Event: ======'machine_var_audits_switches_s_drop_right_right'====== Args={'value': 9, 'prev_value': None, 'change': True}
2022-09-12 11:03:01,165 : INFO : EventManager : Event: ======'machine_var_audits_switches_s_drop_single'====== Args={'value': 40, 'prev_value': None, 'change': True}
2022-09-12 11:03:01,165 : INFO : EventManager : Event: ======'machine_var_audits_switches_s_eos_left'====== Args={'value': 51, 'prev_value': None, 'change': True}
2022-09-12 11:03:01,165 : INFO : EventManager : Event: ======'machine_var_audits_switches_s_eos_left_top'====== Args={'value': 46, 'prev_value': None, 'change': True}
2022-09-12 11:03:01,165 : INFO : EventManager : Event: ======'machine_var_audits_switches_s_eos_right'====== Args={'value': 57, 'prev_value': None, 'change': True}
2022-09-12 11:03:01,166 : INFO : EventManager : Event: ======'machine_var_audits_switches_s_launch'====== Args={'value': 8, 'prev_value': None, 'change': True}
2022-09-12 11:03:01,166 : INFO : EventManager : Event: ======'machine_var_audits_switches_s_left_flipper'====== Args={'value': 69, 'prev_value': None, 'change': True}
2022-09-12 11:03:01,166 : INFO : EventManager : Event: ======'machine_var_audits_switches_s_left_inlane'====== Args={'value': 0, 'prev_value': None, 'change': True}
2022-09-12 11:03:01,166 : INFO : EventManager : Event: ======'machine_var_audits_switches_s_left_outlane'====== Args={'value': 0, 'prev_value': None, 'change': True}
2022-09-12 11:03:01,166 : INFO : EventManager : Event: ======'machine_var_audits_switches_s_pop_left'====== Args={'value': 21, 'prev_value': None, 'change': True}
2022-09-12 11:03:01,166 : INFO : EventManager : Event: ======'machine_var_audits_switches_s_pop_lower'====== Args={'value': 29, 'prev_value': None, 'change': True}
2022-09-12 11:03:01,167 : INFO : EventManager : Event: ======'machine_var_audits_switches_s_pop_right'====== Args={'value': 27, 'prev_value': None, 'change': True}
2022-09-12 11:03:01,167 : INFO : EventManager : Event: ======'machine_var_audits_switches_s_right_flipper'====== Args={'value': 79, 'prev_value': None, 'change': True}
2022-09-12 11:03:01,167 : INFO : EventManager : Event: ======'machine_var_audits_switches_s_right_inlane'====== Args={'value': 0, 'prev_value': None, 'change': True}
2022-09-12 11:03:01,167 : INFO : EventManager : Event: ======'machine_var_audits_switches_s_right_outlane'====== Args={'value': 1, 'prev_value': None, 'change': True}
2022-09-12 11:03:01,167 : INFO : EventManager : Event: ======'machine_var_audits_switches_s_rollover_left'====== Args={'value': 3, 'prev_value': None, 'change': True}
2022-09-12 11:03:01,168 : INFO : EventManager : Event: ======'machine_var_audits_switches_s_rollover_right'====== Args={'value': 1, 'prev_value': None, 'change': True}
2022-09-12 11:03:01,168 : INFO : EventManager : Event: ======'machine_var_audits_switches_s_sling_left'====== Args={'value': 3, 'prev_value': None, 'change': True}
2022-09-12 11:03:01,168 : INFO : EventManager : Event: ======'machine_var_audits_switches_s_sling_right'====== Args={'value': 0, 'prev_value': None, 'change': True}
2022-09-12 11:03:01,168 : INFO : EventManager : Event: ======'machine_var_audits_switches_s_start'====== Args={'value': 86, 'prev_value': None, 'change': True}
2022-09-12 11:03:01,168 : INFO : EventManager : Event: ======'machine_var_audits_switches_s_tilt'====== Args={'value': 0, 'prev_value': None, 'change': True}
2022-09-12 11:03:01,169 : INFO : EventManager : Event: ======'machine_var_audits_switches_s_transfer_rollover'====== Args={'value': 0, 'prev_value': None, 'change': True}
2022-09-12 11:03:01,169 : INFO : EventManager : Event: ======'machine_var_audits_switches_s_trough_1'====== Args={'value': 57, 'prev_value': None, 'change': True}
2022-09-12 11:03:01,169 : INFO : EventManager : Event: ======'machine_var_audits_switches_s_trough_2'====== Args={'value': 52, 'prev_value': None, 'change': True}
2022-09-12 11:03:01,169 : INFO : EventManager : Event: ======'machine_var_audits_switches_s_trough_3'====== Args={'value': 46, 'prev_value': None, 'change': True}
2022-09-12 11:03:01,170 : INFO : EventManager : Event: ======'machine_var_audits_switches_s_trough_4'====== Args={'value': 47, 'prev_value': None, 'change': True}
2022-09-12 11:03:01,170 : INFO : EventManager : Event: ======'machine_var_audits_switches_s_trough_5'====== Args={'value': 50, 'prev_value': None, 'change': True}
2022-09-12 11:03:01,170 : INFO : EventManager : Event: ======'machine_var_audits_switches_s_trough_6'====== Args={'value': 55, 'prev_value': None, 'change': True}
2022-09-12 11:03:01,170 : INFO : EventManager : Event: ======'machine_var_audits_switches_s_trough_jam'====== Args={'value': 108, 'prev_value': None, 'change': True}
2022-09-12 11:03:01,170 : INFO : EventManager : Event: ======'machine_var_audits_switches_s_upper_drop'====== Args={'value': 0, 'prev_value': None, 'change': True}
2022-09-12 11:03:01,171 : INFO : EventManager : Event: ======'machine_var_audits_switches_s_upper_rollover'====== Args={'value': 0, 'prev_value': None, 'change': True}
2022-09-12 11:03:01,171 : INFO : EventManager : Event: ======'machine_var_audits_switches_s_upper_stationary'====== Args={'value': 0, 'prev_value': None, 'change': True}
2022-09-12 11:03:01,171 : INFO : EventManager : Event: ======'machine_var_audits_switches_s_vuk_back'====== Args={'value': 0, 'prev_value': None, 'change': True}
2022-09-12 11:03:01,172 : INFO : EventManager : Event: ======'machine_var_audits_switches_s_vuk_right'====== Args={'value': 1, 'prev_value': None, 'change': True}
2022-09-12 11:03:01,173 : INFO : EventManager : Event: ======'init_phase_5'====== Args={}
2022-09-12 11:03:01,227 : INFO : EventManager : Event: ======'init_done'====== Args={}
2022-09-12 11:03:01,228 : INFO : EventManager : Event: ======'machine_reset_phase_1'====== Args={}
2022-09-12 11:03:01,229 : INFO : EventManager : Event: ======'machine_reset_phase_2'====== Args={}
2022-09-12 11:03:01,229 : INFO : EventManager : Event: ======'machine_reset_phase_3'====== Args={}
2022-09-12 11:03:01,230 : INFO : drop_target_bank.mid : All targets are already up. Will not reset bank.
2022-09-12 11:03:01,230 : INFO : drop_target_bank.right : All targets are already up. Will not reset bank.
2022-09-12 11:03:01,231 : INFO : EventManager : Event: ======'reset_complete'====== Args={}
2022-09-12 11:03:01,231 : INFO : EventManager : Event: ======'mode_attract_will_start'====== Args={}
2022-09-12 11:03:01,232 : INFO : EventManager : Event: ======'mode_attract_starting'====== Args={}
2022-09-12 11:03:01,232 : INFO : Mode.attract : Started. Priority: 10
2022-09-12 11:03:01,232 : INFO : EventManager : Event: ======'modes_active_modes_changed'====== Args={}
2022-09-12 11:03:01,232 : INFO : EventManager : Event: ======'mode_attract_started'====== Args={}
2022-09-12 11:03:01,232 : INFO : EventManager : Event: ======'collecting_balls_complete'====== Args={}
2022-09-12 11:03:01,256 : INFO : Machine : Starting the main run loop.
2022-09-12 11:03:01,451 : INFO : BcpServer : New client connected.
2022-09-12 11:03:13,652 : INFO : SwitchController : <<<<<<< 's_left_flipper' active >>>>>>>
2022-09-12 11:03:13,683 : INFO : SwitchController : <<<<<<< 's_eos_left' active >>>>>>>
2022-09-12 11:03:13,684 : INFO : SwitchController : <<<<<<< 's_eos_left_top' active >>>>>>>
2022-09-12 11:03:13,684 : INFO : SwitchController : <<<<<<< 's_eos_right' active >>>>>>>
2022-09-12 11:03:13,705 : INFO : SwitchController : <<<<<<< 's_eos_right' inactive >>>>>>>
2022-09-12 11:03:13,826 : INFO : SwitchController : <<<<<<< 's_left_flipper' inactive >>>>>>>
2022-09-12 11:03:13,941 : INFO : SwitchController : <<<<<<< 's_eos_left_top' inactive >>>>>>>
2022-09-12 11:03:13,941 : INFO : SwitchController : <<<<<<< 's_eos_left' inactive >>>>>>>
2022-09-12 11:03:14,154 : INFO : SwitchController : <<<<<<< 's_left_flipper' active >>>>>>>
2022-09-12 11:03:14,173 : INFO : SwitchController : <<<<<<< 's_eos_left_top' active >>>>>>>
2022-09-12 11:03:14,173 : INFO : SwitchController : <<<<<<< 's_eos_left' active >>>>>>>
2022-09-12 11:03:14,190 : INFO : SwitchController : <<<<<<< 's_eos_right' active >>>>>>>
2022-09-12 11:03:14,205 : INFO : SwitchController : <<<<<<< 's_eos_right' inactive >>>>>>>
2022-09-12 11:03:14,359 : INFO : SwitchController : <<<<<<< 's_left_flipper' inactive >>>>>>>
2022-09-12 11:03:14,469 : INFO : SwitchController : <<<<<<< 's_eos_left_top' inactive >>>>>>>
2022-09-12 11:03:14,470 : INFO : SwitchController : <<<<<<< 's_eos_left' inactive >>>>>>>
2022-09-12 11:03:14,490 : INFO : SwitchController : <<<<<<< 's_eos_left' active >>>>>>>
2022-09-12 11:03:14,491 : INFO : SwitchController : <<<<<<< 's_eos_left' inactive >>>>>>>
2022-09-12 11:03:17,380 : INFO : SwitchController : <<<<<<< 's_left_flipper' active >>>>>>>
2022-09-12 11:03:17,396 : INFO : SwitchController : <<<<<<< 's_eos_left' active >>>>>>>
2022-09-12 11:03:17,407 : INFO : SwitchController : <<<<<<< 's_eos_left_top' active >>>>>>>
2022-09-12 11:03:17,408 : INFO : SwitchController : <<<<<<< 's_eos_right' active >>>>>>>
2022-09-12 11:03:17,428 : INFO : SwitchController : <<<<<<< 's_eos_right' inactive >>>>>>>
2022-09-12 11:03:17,535 : INFO : SwitchController : <<<<<<< 's_left_flipper' inactive >>>>>>>
2022-09-12 11:03:17,646 : INFO : SwitchController : <<<<<<< 's_eos_left_top' inactive >>>>>>>
2022-09-12 11:03:17,647 : INFO : SwitchController : <<<<<<< 's_eos_left' inactive >>>>>>>
2022-09-12 11:03:17,994 : INFO : SwitchController : <<<<<<< 's_right_flipper' active >>>>>>>
2022-09-12 11:03:18,014 : INFO : SwitchController : <<<<<<< 's_eos_right' active >>>>>>>
2022-09-12 11:03:18,199 : INFO : SwitchController : <<<<<<< 's_right_flipper' inactive >>>>>>>
2022-09-12 11:03:18,311 : INFO : SwitchController : <<<<<<< 's_eos_right' inactive >>>>>>>
2022-09-12 11:03:18,502 : INFO : SwitchController : <<<<<<< 's_left_flipper' active >>>>>>>
2022-09-12 11:03:18,521 : INFO : SwitchController : <<<<<<< 's_eos_left' active >>>>>>>
2022-09-12 11:03:18,536 : INFO : SwitchController : <<<<<<< 's_eos_left_top' active >>>>>>>
2022-09-12 11:03:18,537 : INFO : SwitchController : <<<<<<< 's_eos_right' active >>>>>>>
2022-09-12 11:03:18,555 : INFO : SwitchController : <<<<<<< 's_eos_right' inactive >>>>>>>
2022-09-12 11:03:18,692 : INFO : SwitchController : <<<<<<< 's_right_flipper' active >>>>>>>
2022-09-12 11:03:18,692 : INFO : EventManager : Event: ======'flipper_cancel'====== Args={'triggering_group': 2, 'triggering_switch': 's_right_flipper'}
2022-09-12 11:03:18,710 : INFO : SwitchController : <<<<<<< 's_eos_right' active >>>>>>>
2022-09-12 11:03:18,851 : INFO : SwitchController : <<<<<<< 's_left_flipper' inactive >>>>>>>
2022-09-12 11:03:18,851 : INFO : EventManager : Event: ======'both_flippers_one'====== Args={'triggering_group': 1, 'triggering_switch': 's_left_flipper'}
2022-09-12 11:03:18,934 : INFO : SwitchController : <<<<<<< 's_right_flipper' inactive >>>>>>>
2022-09-12 11:03:18,934 : INFO : EventManager : Event: ======'both_flippers_inactive'====== Args={'triggering_group': 2, 'triggering_switch': 's_right_flipper'}
2022-09-12 11:03:18,946 : INFO : SwitchController : <<<<<<< 's_eos_left' inactive >>>>>>>
2022-09-12 11:03:18,966 : INFO : SwitchController : <<<<<<< 's_eos_left_top' inactive >>>>>>>
2022-09-12 11:03:19,026 : INFO : SwitchController : <<<<<<< 's_eos_right' inactive >>>>>>>
2022-09-12 11:03:19,151 : INFO : SwitchController : <<<<<<< 's_right_flipper' active >>>>>>>
2022-09-12 11:03:19,170 : INFO : SwitchController : <<<<<<< 's_eos_right' active >>>>>>>
2022-09-12 11:03:19,515 : INFO : SwitchController : <<<<<<< 's_left_flipper' active >>>>>>>
2022-09-12 11:03:19,516 : INFO : EventManager : Event: ======'flipper_cancel'====== Args={'triggering_group': 1, 'triggering_switch': 's_left_flipper'}
2022-09-12 11:03:19,548 : INFO : SwitchController : <<<<<<< 's_eos_left' active >>>>>>>
2022-09-12 11:03:19,549 : INFO : SwitchController : <<<<<<< 's_eos_left_top' active >>>>>>>
2022-09-12 11:03:19,787 : INFO : SwitchController : <<<<<<< 's_right_flipper' inactive >>>>>>>
2022-09-12 11:03:19,787 : INFO : EventManager : Event: ======'both_flippers_one'====== Args={'triggering_group': 2, 'triggering_switch': 's_right_flipper'}
2022-09-12 11:03:19,883 : INFO : SwitchController : <<<<<<< 's_eos_right' inactive >>>>>>>
2022-09-12 11:03:19,933 : INFO : SwitchController : <<<<<<< 's_left_flipper' inactive >>>>>>>
2022-09-12 11:03:19,933 : INFO : EventManager : Event: ======'both_flippers_inactive'====== Args={'triggering_group': 1, 'triggering_switch': 's_left_flipper'}
2022-09-12 11:03:20,025 : INFO : SwitchController : <<<<<<< 's_eos_left' inactive >>>>>>>
2022-09-12 11:03:20,026 : INFO : SwitchController : <<<<<<< 's_eos_left_top' inactive >>>>>>>
2022-09-12 11:03:27,599 : INFO : SwitchController : <<<<<<< 's_left_flipper' active >>>>>>>
2022-09-12 11:03:27,632 : INFO : SwitchController : <<<<<<< 's_eos_left_top' active >>>>>>>
2022-09-12 11:03:27,632 : INFO : SwitchController : <<<<<<< 's_eos_left' active >>>>>>>
2022-09-12 11:03:27,652 : INFO : SwitchController : <<<<<<< 's_eos_right' active >>>>>>>
2022-09-12 11:03:27,652 : INFO : SwitchController : <<<<<<< 's_right_flipper' active >>>>>>>
2022-09-12 11:03:27,652 : INFO : EventManager : Event: ======'flipper_cancel'====== Args={'triggering_group': 2, 'triggering_switch': 's_right_flipper'}
2022-09-12 11:03:27,653 : INFO : SwitchController : <<<<<<< 's_eos_right' inactive >>>>>>>
2022-09-12 11:03:27,663 : INFO : SwitchController : <<<<<<< 's_eos_right' active >>>>>>>
2022-09-12 11:03:27,775 : INFO : SwitchController : <<<<<<< 's_left_flipper' inactive >>>>>>>
2022-09-12 11:03:27,776 : INFO : EventManager : Event: ======'both_flippers_one'====== Args={'triggering_group': 1, 'triggering_switch': 's_left_flipper'}
2022-09-12 11:03:27,822 : INFO : SwitchController : <<<<<<< 's_right_flipper' inactive >>>>>>>
2022-09-12 11:03:27,822 : INFO : EventManager : Event: ======'both_flippers_inactive'====== Args={'triggering_group': 2, 'triggering_switch': 's_right_flipper'}
2022-09-12 11:03:27,870 : INFO : SwitchController : <<<<<<< 's_eos_left' inactive >>>>>>>
2022-09-12 11:03:27,871 : INFO : SwitchController : <<<<<<< 's_eos_left_top' inactive >>>>>>>
2022-09-12 11:03:27,939 : INFO : SwitchController : <<<<<<< 's_eos_right' inactive >>>>>>>
2022-09-12 11:03:28,077 : INFO : SwitchController : <<<<<<< 's_left_flipper' active >>>>>>>
2022-09-12 11:03:28,097 : INFO : SwitchController : <<<<<<< 's_eos_left' active >>>>>>>
2022-09-12 11:03:28,113 : INFO : SwitchController : <<<<<<< 's_eos_left_top' active >>>>>>>
2022-09-12 11:03:28,113 : INFO : SwitchController : <<<<<<< 's_eos_right' active >>>>>>>
2022-09-12 11:03:28,130 : INFO : SwitchController : <<<<<<< 's_eos_right' inactive >>>>>>>
2022-09-12 11:03:28,333 : INFO : SwitchController : <<<<<<< 's_right_flipper' active >>>>>>>
2022-09-12 11:03:28,334 : INFO : EventManager : Event: ======'flipper_cancel'====== Args={'triggering_group': 2, 'triggering_switch': 's_right_flipper'}
2022-09-12 11:03:28,349 : INFO : SwitchController : <<<<<<< 's_eos_right' active >>>>>>>
2022-09-12 11:03:28,541 : INFO : SwitchController : <<<<<<< 's_left_flipper' inactive >>>>>>>
2022-09-12 11:03:28,542 : INFO : EventManager : Event: ======'both_flippers_one'====== Args={'triggering_group': 1, 'triggering_switch': 's_left_flipper'}
2022-09-12 11:03:28,589 : INFO : SwitchController : <<<<<<< 's_right_flipper' inactive >>>>>>>
2022-09-12 11:03:28,589 : INFO : EventManager : Event: ======'both_flippers_inactive'====== Args={'triggering_group': 2, 'triggering_switch': 's_right_flipper'}
2022-09-12 11:03:28,638 : INFO : SwitchController : <<<<<<< 's_eos_left_top' inactive >>>>>>>
2022-09-12 11:03:28,638 : INFO : SwitchController : <<<<<<< 's_eos_left' inactive >>>>>>>
2022-09-12 11:03:28,701 : INFO : SwitchController : <<<<<<< 's_eos_right' inactive >>>>>>>
2022-09-12 11:03:28,910 : INFO : SwitchController : <<<<<<< 's_left_flipper' active >>>>>>>
2022-09-12 11:03:28,932 : INFO : SwitchController : <<<<<<< 's_right_flipper' active >>>>>>>
2022-09-12 11:03:28,932 : INFO : EventManager : Event: ======'flipper_cancel'====== Args={'triggering_group': 2, 'triggering_switch': 's_right_flipper'}
2022-09-12 11:03:28,933 : INFO : SwitchController : <<<<<<< 's_eos_left' active >>>>>>>
2022-09-12 11:03:28,933 : INFO : SwitchController : <<<<<<< 's_eos_left_top' active >>>>>>>
2022-09-12 11:03:28,941 : INFO : SwitchController : <<<<<<< 's_eos_right' active >>>>>>>
2022-09-12 11:03:29,117 : INFO : SwitchController : <<<<<<< 's_left_flipper' inactive >>>>>>>
2022-09-12 11:03:29,118 : INFO : EventManager : Event: ======'both_flippers_one'====== Args={'triggering_group': 1, 'triggering_switch': 's_left_flipper'}
2022-09-12 11:03:29,118 : INFO : SwitchController : <<<<<<< 's_right_flipper' inactive >>>>>>>
2022-09-12 11:03:29,118 : INFO : EventManager : Event: ======'both_flippers_inactive'====== Args={'triggering_group': 2, 'triggering_switch': 's_right_flipper'}
2022-09-12 11:03:29,216 : INFO : SwitchController : <<<<<<< 's_eos_left' inactive >>>>>>>
2022-09-12 11:03:29,230 : INFO : SwitchController : <<<<<<< 's_eos_left_top' inactive >>>>>>>
2022-09-12 11:03:29,231 : INFO : SwitchController : <<<<<<< 's_eos_right' inactive >>>>>>>
2022-09-12 11:03:29,551 : INFO : SwitchController : <<<<<<< 's_right_flipper' active >>>>>>>
2022-09-12 11:03:29,565 : INFO : SwitchController : <<<<<<< 's_eos_right' active >>>>>>>
2022-09-12 11:03:29,836 : INFO : SwitchController : <<<<<<< 's_left_flipper' active >>>>>>>
2022-09-12 11:03:29,837 : INFO : EventManager : Event: ======'flipper_cancel'====== Args={'triggering_group': 1, 'triggering_switch': 's_left_flipper'}
2022-09-12 11:03:29,886 : INFO : SwitchController : <<<<<<< 's_eos_left_top' active >>>>>>>
2022-09-12 11:03:29,886 : INFO : SwitchController : <<<<<<< 's_eos_left' active >>>>>>>
2022-09-12 11:03:30,028 : INFO : SwitchController : <<<<<<< 's_right_flipper' inactive >>>>>>>
2022-09-12 11:03:30,028 : INFO : EventManager : Event: ======'both_flippers_one'====== Args={'triggering_group': 2, 'triggering_switch': 's_right_flipper'}
2022-09-12 11:03:30,140 : INFO : SwitchController : <<<<<<< 's_eos_right' inactive >>>>>>>
2022-09-12 11:03:30,160 : INFO : SwitchController : <<<<<<< 's_left_flipper' inactive >>>>>>>
2022-09-12 11:03:30,160 : INFO : EventManager : Event: ======'both_flippers_inactive'====== Args={'triggering_group': 1, 'triggering_switch': 's_left_flipper'}
2022-09-12 11:03:30,267 : INFO : SwitchController : <<<<<<< 's_eos_left' inactive >>>>>>>
2022-09-12 11:03:30,268 : INFO : SwitchController : <<<<<<< 's_eos_left_top' inactive >>>>>>>
2022-09-12 11:03:30,558 : INFO : SwitchController : <<<<<<< 's_left_flipper' active >>>>>>>
2022-09-12 11:03:30,587 : INFO : SwitchController : <<<<<<< 's_eos_left' active >>>>>>>
2022-09-12 11:03:30,607 : INFO : SwitchController : <<<<<<< 's_eos_left_top' active >>>>>>>
2022-09-12 11:03:30,608 : INFO : SwitchController : <<<<<<< 's_eos_right' active >>>>>>>
2022-09-12 11:03:30,608 : INFO : SwitchController : <<<<<<< 's_eos_right' inactive >>>>>>>
2022-09-12 11:03:30,877 : INFO : SwitchController : <<<<<<< 's_right_flipper' active >>>>>>>
2022-09-12 11:03:30,877 : INFO : EventManager : Event: ======'flipper_cancel'====== Args={'triggering_group': 2, 'triggering_switch': 's_right_flipper'}
2022-09-12 11:03:30,907 : INFO : SwitchController : <<<<<<< 's_eos_right' active >>>>>>>
2022-09-12 11:03:31,244 : INFO : SwitchController : <<<<<<< 's_right_flipper' inactive >>>>>>>
2022-09-12 11:03:31,244 : INFO : EventManager : Event: ======'both_flippers_one'====== Args={'triggering_group': 2, 'triggering_switch': 's_right_flipper'}
2022-09-12 11:03:31,249 : INFO : SwitchController : <<<<<<< 's_left_flipper' inactive >>>>>>>
2022-09-12 11:03:31,249 : INFO : EventManager : Event: ======'both_flippers_inactive'====== Args={'triggering_group': 1, 'triggering_switch': 's_left_flipper'}
2022-09-12 11:03:31,371 : INFO : SwitchController : <<<<<<< 's_eos_left' inactive >>>>>>>
2022-09-12 11:03:31,371 : INFO : SwitchController : <<<<<<< 's_eos_right' inactive >>>>>>>
2022-09-12 11:03:31,371 : INFO : SwitchController : <<<<<<< 's_eos_left_top' inactive >>>>>>>
2022-09-12 11:03:31,720 : INFO : SwitchController : <<<<<<< 's_right_flipper' active >>>>>>>
2022-09-12 11:03:31,740 : INFO : SwitchController : <<<<<<< 's_eos_left' active >>>>>>>
2022-09-12 11:03:31,741 : INFO : SwitchController : <<<<<<< 's_eos_right' active >>>>>>>
2022-09-12 11:03:31,741 : INFO : SwitchController : <<<<<<< 's_eos_left' inactive >>>>>>>
2022-09-12 11:03:31,976 : INFO : SwitchController : <<<<<<< 's_left_flipper' active >>>>>>>
2022-09-12 11:03:31,977 : INFO : EventManager : Event: ======'flipper_cancel'====== Args={'triggering_group': 1, 'triggering_switch': 's_left_flipper'}
2022-09-12 11:03:31,992 : INFO : SwitchController : <<<<<<< 's_eos_left' active >>>>>>>
2022-09-12 11:03:32,012 : INFO : SwitchController : <<<<<<< 's_eos_left_top' active >>>>>>>
2022-09-12 11:03:32,249 : INFO : SwitchController : <<<<<<< 's_right_flipper' inactive >>>>>>>
2022-09-12 11:03:32,249 : INFO : EventManager : Event: ======'both_flippers_one'====== Args={'triggering_group': 2, 'triggering_switch': 's_right_flipper'}
2022-09-12 11:03:32,296 : INFO : SwitchController : <<<<<<< 's_left_flipper' inactive >>>>>>>
2022-09-12 11:03:32,297 : INFO : EventManager : Event: ======'both_flippers_inactive'====== Args={'triggering_group': 1, 'triggering_switch': 's_left_flipper'}
2022-09-12 11:03:32,359 : INFO : SwitchController : <<<<<<< 's_eos_right' inactive >>>>>>>
2022-09-12 11:03:32,407 : INFO : SwitchController : <<<<<<< 's_eos_left' inactive >>>>>>>
2022-09-12 11:03:32,408 : INFO : SwitchController : <<<<<<< 's_eos_left_top' inactive >>>>>>>
2022-09-12 11:03:35,180 : INFO : SwitchController : <<<<<<< 's_right_flipper' active >>>>>>>
2022-09-12 11:03:35,213 : INFO : SwitchController : <<<<<<< 's_eos_right' active >>>>>>>
2022-09-12 11:03:35,355 : INFO : SwitchController : <<<<<<< 's_right_flipper' inactive >>>>>>>
2022-09-12 11:03:35,374 : INFO : SwitchController : <<<<<<< 's_left_flipper' active >>>>>>>
2022-09-12 11:03:35,402 : INFO : SwitchController : <<<<<<< 's_eos_left' active >>>>>>>
2022-09-12 11:03:35,407 : INFO : SwitchController : <<<<<<< 's_eos_left_top' active >>>>>>>
2022-09-12 11:03:35,449 : INFO : SwitchController : <<<<<<< 's_eos_right' inactive >>>>>>>
2022-09-12 11:03:35,622 : INFO : SwitchController : <<<<<<< 's_right_flipper' active >>>>>>>
2022-09-12 11:03:35,622 : INFO : EventManager : Event: ======'flipper_cancel'====== Args={'triggering_group': 2, 'triggering_switch': 's_right_flipper'}
2022-09-12 11:03:35,638 : INFO : SwitchController : <<<<<<< 's_eos_right' active >>>>>>>
2022-09-12 11:03:35,796 : INFO : SwitchController : <<<<<<< 's_right_flipper' inactive >>>>>>>
2022-09-12 11:03:35,796 : INFO : EventManager : Event: ======'both_flippers_one'====== Args={'triggering_group': 2, 'triggering_switch': 's_right_flipper'}
2022-09-12 11:03:35,891 : INFO : SwitchController : <<<<<<< 's_right_flipper' active >>>>>>>
2022-09-12 11:03:35,892 : INFO : EventManager : Event: ======'flipper_cancel'====== Args={'triggering_group': 2, 'triggering_switch': 's_right_flipper'}
2022-09-12 11:03:36,034 : INFO : SwitchController : <<<<<<< 's_right_flipper' inactive >>>>>>>
2022-09-12 11:03:36,034 : INFO : EventManager : Event: ======'both_flippers_one'====== Args={'triggering_group': 2, 'triggering_switch': 's_right_flipper'}
2022-09-12 11:03:36,098 : INFO : SwitchController : <<<<<<< 's_left_flipper' inactive >>>>>>>
2022-09-12 11:03:36,098 : INFO : EventManager : Event: ======'both_flippers_inactive'====== Args={'triggering_group': 1, 'triggering_switch': 's_left_flipper'}
2022-09-12 11:03:36,129 : INFO : SwitchController : <<<<<<< 's_right_flipper' active >>>>>>>
2022-09-12 11:03:36,149 : INFO : SwitchController : <<<<<<< 's_left_flipper' active >>>>>>>
2022-09-12 11:03:36,149 : INFO : EventManager : Event: ======'flipper_cancel'====== Args={'triggering_group': 1, 'triggering_switch': 's_left_flipper'}
2022-09-12 11:03:36,273 : INFO : SwitchController : <<<<<<< 's_right_flipper' inactive >>>>>>>
2022-09-12 11:03:36,273 : INFO : EventManager : Event: ======'both_flippers_one'====== Args={'triggering_group': 2, 'triggering_switch': 's_right_flipper'}
2022-09-12 11:03:36,351 : INFO : SwitchController : <<<<<<< 's_right_flipper' active >>>>>>>
2022-09-12 11:03:36,351 : INFO : EventManager : Event: ======'flipper_cancel'====== Args={'triggering_group': 2, 'triggering_switch': 's_right_flipper'}
2022-09-12 11:03:36,478 : INFO : SwitchController : <<<<<<< 's_right_flipper' inactive >>>>>>>
2022-09-12 11:03:36,478 : INFO : EventManager : Event: ======'both_flippers_one'====== Args={'triggering_group': 2, 'triggering_switch': 's_right_flipper'}
2022-09-12 11:03:36,510 : INFO : SwitchController : <<<<<<< 's_left_flipper' inactive >>>>>>>
2022-09-12 11:03:36,510 : INFO : EventManager : Event: ======'both_flippers_inactive'====== Args={'triggering_group': 1, 'triggering_switch': 's_left_flipper'}
2022-09-12 11:03:36,589 : INFO : SwitchController : <<<<<<< 's_right_flipper' active >>>>>>>
2022-09-12 11:03:36,590 : INFO : SwitchController : <<<<<<< 's_eos_right' inactive >>>>>>>
2022-09-12 11:03:36,610 : INFO : SwitchController : <<<<<<< 's_eos_right' active >>>>>>>
2022-09-12 11:03:36,610 : INFO : SwitchController : <<<<<<< 's_eos_left' inactive >>>>>>>
2022-09-12 11:03:36,626 : INFO : SwitchController : <<<<<<< 's_eos_left_top' inactive >>>>>>>
2022-09-12 11:03:36,699 : INFO : SwitchController : <<<<<<< 's_right_flipper' inactive >>>>>>>
2022-09-12 11:03:36,762 : INFO : SwitchController : <<<<<<< 's_left_flipper' active >>>>>>>
2022-09-12 11:03:36,781 : INFO : SwitchController : <<<<<<< 's_eos_left' active >>>>>>>
2022-09-12 11:03:36,782 : INFO : SwitchController : <<<<<<< 's_eos_left_top' active >>>>>>>
2022-09-12 11:03:36,825 : INFO : SwitchController : <<<<<<< 's_eos_right' inactive >>>>>>>
2022-09-12 11:03:36,920 : INFO : SwitchController : <<<<<<< 's_right_flipper' active >>>>>>>
2022-09-12 11:03:36,920 : INFO : EventManager : Event: ======'flipper_cancel'====== Args={'triggering_group': 2, 'triggering_switch': 's_right_flipper'}
2022-09-12 11:03:36,952 : INFO : SwitchController : <<<<<<< 's_eos_right' active >>>>>>>
2022-09-12 11:03:36,957 : INFO : SwitchController : <<<<<<< 's_left_flipper' inactive >>>>>>>
2022-09-12 11:03:36,957 : INFO : EventManager : Event: ======'both_flippers_one'====== Args={'triggering_group': 1, 'triggering_switch': 's_left_flipper'}
2022-09-12 11:03:37,235 : WARNING : FAST : Port NET received more messages than were sent! Resetting!
2022-09-12 11:03:37,235 : ERROR : FAST : The FAST NET processor rebooted. Unfortunately, that means that it lost all its state (such as hardware rules or switch configs). This is likely caused by an unstable power supply but it might also be a firmware bug. MPF will exit now.
2022-09-12 11:03:37,236 : WARNING : FAST : Port NET received more messages than were sent! Resetting!
2022-09-12 11:03:37,236 : WARNING : FAST : Received malformed message: XX:F from NET
2022-09-12 11:03:37,236 : INFO : Machine : Shutting down...
2022-09-12 11:03:37,236 : INFO : EventManager : Event: ======'shutdown'====== Args={}
2022-09-12 11:03:37,251 : WARNING : FAST : Port NET received more messages than were sent! Resetting!
2022-09-12 11:03:37,267 : WARNING : FAST : Port RGB received more messages than were sent! Resetting!
2022-09-12 11:03:37,267 : WARNING : FAST : Received unknown serial command? BX:P from RGB.
2022-09-12 11:03:37,331 : ERROR : FAST : Stop called on serial connection com20
2022-09-12 11:03:37,331 : ERROR : FAST : Stop called on serial connection com21
2022-09-12 11:03:37,552 : INFO : root : MPF run loop ended.
