2022-10-22 21:08:01,620 : INFO : root : Loading config.
2022-10-22 21:08:01,623 : INFO : YamlMultifileConfigLoader : Machine config file #1: config.yaml
2022-10-22 21:08:01,623 : INFO : ConfigProcessor : Loading config from cache: C:\Users\Tanner\AppData\Local\Temp\a6762098cb994b55cb03a478b26022ee.mpf_cache
2022-10-22 21:08:01,687 : INFO : ConfigProcessor : Loading config from cache: C:\Users\Tanner\AppData\Local\Temp\9cf7ccc27b21f4d6162237fadfc53e5a.mpf_cache
2022-10-22 21:08:01,688 : INFO : ConfigProcessor : Loading config from cache: C:\Users\Tanner\AppData\Local\Temp\c215df352878fee5d54f1a5ec5b16e7c.mpf_cache
2022-10-22 21:08:01,689 : INFO : ConfigProcessor : Loading config from cache: C:\Users\Tanner\AppData\Local\Temp\708062243e0edcfa77dd6b1521bd0d4e.mpf_cache
2022-10-22 21:08:01,689 : INFO : ConfigProcessor : Loading config from cache: C:\Users\Tanner\AppData\Local\Temp\9cf7ccc27b21f4d6162237fadfc53e5a.mpf_cache
2022-10-22 21:08:01,690 : INFO : ConfigProcessor : Loading config from cache: C:\Users\Tanner\AppData\Local\Temp\c4174472f67f7b070dd6fb437c6feb0c.mpf_cache
2022-10-22 21:08:01,691 : INFO : ConfigProcessor : Loading config from cache: C:\Users\Tanner\AppData\Local\Temp\33b306b4bf49d065496332ee9ac2494c.mpf_cache
2022-10-22 21:08:01,692 : INFO : ConfigProcessor : Loading config from cache: C:\Users\Tanner\AppData\Local\Temp\9e6b4d5e43fd00e219ba7c739d818ad6.mpf_cache
2022-10-22 21:08:01,692 : INFO : ConfigProcessor : Loading config from cache: C:\Users\Tanner\AppData\Local\Temp\abaa92c43d134e3392cbb2346e6a16be.mpf_cache
2022-10-22 21:08:01,693 : INFO : ConfigProcessor : Loading config from cache: C:\Users\Tanner\AppData\Local\Temp\fc46d53fcb9fe6b8abf783d9c813390a.mpf_cache
2022-10-22 21:08:01,693 : INFO : ConfigProcessor : Loading config from cache: C:\Users\Tanner\AppData\Local\Temp\b46de592c65b9a27a1f4965daee53c91.mpf_cache
2022-10-22 21:08:01,694 : INFO : ConfigProcessor : Loading config from cache: C:\Users\Tanner\AppData\Local\Temp\5b50cb1d58cd4116013cda74c2923169.mpf_cache
2022-10-22 21:08:01,697 : INFO : ConfigProcessor : Loading config from cache: C:\Users\Tanner\AppData\Local\Temp\2734ac1662e5e62f2e4cb2a8d902a8f2.mpf_cache
2022-10-22 21:08:01,699 : INFO : ConfigProcessor : Loading config from cache: C:\Users\Tanner\AppData\Local\Temp\fe169133106b4804e097dca6b78afaf5.mpf_cache
2022-10-22 21:08:01,700 : INFO : ConfigProcessor : Loading config from cache: C:\Users\Tanner\AppData\Local\Temp\d4f531e94c6a484dd08e4121f6e3a74e.mpf_cache
2022-10-22 21:08:01,700 : INFO : ConfigProcessor : Loading config from cache: C:\Users\Tanner\AppData\Local\Temp\e9c431c8aa2f7ab7b37617b37185d68f.mpf_cache
2022-10-22 21:08:01,702 : INFO : ConfigProcessor : Loading config from cache: C:\Users\Tanner\AppData\Local\Temp\07112933e6abcdb1819075df64aee3c0.mpf_cache
2022-10-22 21:08:01,703 : INFO : Machine : Mission Pinball Framework Core Engine v0.55.0
2022-10-22 21:08:01,703 : INFO : Machine : Command line arguments: {'no_load_cache': False, 'create_config_cache': True, 'bcp': True, 'configfile': ['config.yaml'], 'force_assets_load': False, 'jsonlogging': False, 'logfile': 'logs\\2022-10-22-21-08-01-mpf-DESKTOP-7HNFDQ5.log', 'pause': False, 'production': False, 'text_ui': True, 'loglevel': 15, 'consoleloglevel': 20, 'force_platform': None, 'syslog_address': None, 'mc_file_name': None, 'no_sound': False}
2022-10-22 21:08:01,703 : INFO : Machine : MPF path: c:\users\tanner\appdata\local\programs\python\python37\lib\site-packages\mpf
2022-10-22 21:08:01,703 : INFO : Machine : Machine path: c:\trashland_2
2022-10-22 21:08:01,703 : INFO : Machine : Platform: win32
2022-10-22 21:08:01,703 : INFO : Machine : Python executable location: c:\users\tanner\appdata\local\programs\python\python37\python.exe
2022-10-22 21:08:01,703 : INFO : Machine : Python version: 3.7.8 (64-bit)
2022-10-22 21:08:01,705 : INFO : Machine : Initialise MPF.
2022-10-22 21:08:02,022 : INFO : FAST : Connecting to com14 at 921600bps
2022-10-22 21:08:02,130 : INFO : FAST : Connected! Processor: NET, Board Type: FP-CPU-002-2, Firmware: 01.05
2022-10-22 21:08:02,130 : INFO : EventManager : Event: ======'machine_var_fast_net_firmware'====== Args={'value': '01.05', 'prev_value': None, 'change': True}
2022-10-22 21:08:02,130 : INFO : EventManager : Event: ======'machine_var_fast_net_model'====== Args={'value': 'FP-CPU-002-2', 'prev_value': None, 'change': True}
2022-10-22 21:08:04,511 : WARNING : FAST : Got unexpected message from FAST: -N:0A
2022-10-22 21:08:04,511 : WARNING : FAST : Got unexpected message from FAST: -N:11
2022-10-22 21:08:04,511 : WARNING : FAST : Got unexpected message from FAST: -N:2B
2022-10-22 21:08:04,511 : WARNING : FAST : Got unexpected message from FAST: -N:2C
2022-10-22 21:08:04,511 : WARNING : FAST : Got unexpected message from FAST: -N:2D
2022-10-22 21:08:04,511 : WARNING : FAST : Got unexpected message from FAST: -N:33
2022-10-22 21:08:04,511 : WARNING : FAST : Got unexpected message from FAST: -N:34
2022-10-22 21:08:04,511 : WARNING : FAST : Got unexpected message from FAST: -N:38
2022-10-22 21:08:04,511 : WARNING : FAST : Got unexpected message from FAST: -N:3D
2022-10-22 21:08:04,512 : WARNING : FAST : Got unexpected message from FAST: -N:3F
2022-10-22 21:08:04,512 : WARNING : FAST : Got unexpected message from FAST: -N:40
2022-10-22 21:08:04,512 : WARNING : FAST : Got unexpected message from FAST: -N:41
2022-10-22 21:08:04,512 : WARNING : FAST : Got unexpected message from FAST: -N:42
2022-10-22 21:08:04,512 : WARNING : FAST : Got unexpected message from FAST: -N:48
2022-10-22 21:08:04,512 : WARNING : FAST : Got unexpected message from FAST: -N:5D
2022-10-22 21:08:04,735 : INFO : FAST : Connecting to com15 at 921600bps
2022-10-22 21:08:04,846 : INFO : FAST : Connected! Processor: RGB, Board Type: FP-CPU-002-2, Firmware: 00.87
2022-10-22 21:08:04,846 : INFO : EventManager : Event: ======'machine_var_fast_rgb_firmware'====== Args={'value': '00.87', 'prev_value': None, 'change': True}
2022-10-22 21:08:04,846 : INFO : EventManager : Event: ======'machine_var_fast_rgb_model'====== Args={'value': 'FP-CPU-002-2', 'prev_value': None, 'change': True}
2022-10-22 21:08:04,847 : INFO : EventManager : Event: ======'machine_var_credits_string'====== Args={'value': 'FREE PLAY', 'prev_value': None, 'change': True}
2022-10-22 21:08:04,892 : INFO : EventManager : Event: ======'machine_var_master_volume'====== Args={'value': 0.5, 'prev_value': None, 'change': True}
2022-10-22 21:08:04,892 : INFO : EventManager : Event: ======'machine_var_player1_score'====== Args={'value': 1010, 'prev_value': None, 'change': True}
2022-10-22 21:08:04,892 : INFO : EventManager : Event: ======'machine_var_mpf_version'====== Args={'value': 'MPF v0.55.0', 'prev_value': None, 'change': True}
2022-10-22 21:08:04,892 : INFO : EventManager : Event: ======'machine_var_mpf_extended_version'====== Args={'value': 'MPF v0.55.0, Config version:5, Show version: 5, BCP version:1.1', 'prev_value': None, 'change': True}
2022-10-22 21:08:04,892 : INFO : EventManager : Event: ======'machine_var_python_version'====== Args={'value': '3.7.8', 'prev_value': None, 'change': True}
2022-10-22 21:08:04,892 : INFO : EventManager : Event: ======'machine_var_platform'====== Args={'value': 'Windows-10-10.0.19041-SP0', 'prev_value': None, 'change': True}
2022-10-22 21:08:04,892 : INFO : EventManager : Event: ======'machine_var_platform_system'====== Args={'value': 'Windows', 'prev_value': None, 'change': True}
2022-10-22 21:08:04,892 : INFO : EventManager : Event: ======'machine_var_platform_release'====== Args={'value': '10', 'prev_value': None, 'change': True}
2022-10-22 21:08:04,893 : INFO : EventManager : Event: ======'machine_var_platform_version'====== Args={'value': '10.0.19041', 'prev_value': None, 'change': True}
2022-10-22 21:08:04,893 : INFO : EventManager : Event: ======'machine_var_platform_machine'====== Args={'value': 'AMD64', 'prev_value': None, 'change': True}
2022-10-22 21:08:04,893 : INFO : EventManager : Event: ======'init_phase_1'====== Args={}
2022-10-22 21:08:04,932 : INFO : EventManager : Event: ======'drop_target_bank_right_up'====== Args={}
2022-10-22 21:08:04,940 : INFO : EventManager : Event: ======'drop_target_bank_single_main_up'====== Args={}
2022-10-22 21:08:04,940 : INFO : EventManager : Event: ======'drop_target_bank_single_upper_up'====== Args={}
2022-10-22 21:08:04,941 : INFO : EventManager : Event: ======'drop_target_bank_mid_up'====== Args={}
2022-10-22 21:08:04,950 : INFO : EventManager : Event: ======'init_phase_2'====== Args={}
2022-10-22 21:08:04,951 : INFO : SwitchController : Found active switch: (('0A', 1), <Platform.FAST>) <switch.s_drop_upper>
2022-10-22 21:08:04,951 : INFO : SwitchController : Found active switch: (('0F', 1), <Platform.FAST>) <switch.s_left_return>
2022-10-22 21:08:04,951 : INFO : SwitchController : Found active switch: (('2D', 1), <Platform.FAST>) <switch.s_drop_mid_right>
2022-10-22 21:08:04,951 : INFO : SwitchController : Found active switch: (('2C', 1), <Platform.FAST>) <switch.s_drop_mid_mid>
2022-10-22 21:08:04,951 : INFO : SwitchController : Found active switch: (('2B', 1), <Platform.FAST>) <switch.s_drop_mid_left>
2022-10-22 21:08:04,951 : INFO : SwitchController : Found active switch: (('43', 1), <Platform.FAST>) <switch.s_trough_3>
2022-10-22 21:08:04,951 : INFO : SwitchController : Found active switch: (('44', 1), <Platform.FAST>) <switch.s_trough_2>
2022-10-22 21:08:04,951 : INFO : SwitchController : Found active switch: (('49', 1), <Platform.FAST>) <switch.s_trough_jam>
2022-10-22 21:08:04,951 : INFO : SwitchController : Found active switch: (('3F', 1), <Platform.FAST>) <switch.s_autolauncher>
2022-10-22 21:08:04,951 : INFO : SwitchController : Found active switch: (('3B', 1), <Platform.FAST>) <switch.s_eos_left>
2022-10-22 21:08:04,958 : INFO : EventManager : Event: ======'bcp_connection_attempt'====== Args={'name': 'local_display', 'host': 'localhost', 'port': 5050}
2022-10-22 21:08:04,959 : INFO : BCPClientSocket : Connecting BCP to 'local_display' at localhost:5050...
2022-10-22 21:08:05,947 : WARNING : FAST : Port com14 was blocked for more than 1s. Reseting send queue! If this happens frequently report a bug!
2022-10-22 21:08:05,963 : WARNING : FAST : Port com15 was blocked for more than 1s. Reseting send queue! If this happens frequently report a bug!
2022-10-22 21:08:06,956 : WARNING : FAST : Port com14 was blocked for more than 1s. Reseting send queue! If this happens frequently report a bug!
2022-10-22 21:08:07,020 : INFO : BCPClientSocket : Connected BCP to 'local_display' localhost:5050
2022-10-22 21:08:07,021 : INFO : EventManager : Event: ======'bcp_clients_connected'====== Args={}
2022-10-22 21:08:07,029 : INFO : ball_device.bd_trough : BCH: Initial count: 3
2022-10-22 21:08:07,029 : INFO : EventManager : Event: ======'machine_var_mc_version'====== Args={'value': 'MPF-MC v0.55.0', 'prev_value': None, 'change': True}
2022-10-22 21:08:07,030 : INFO : EventManager : Event: ======'machine_var_mc_extended_version'====== Args={'value': 'MPF-MC v0.55.0 (config_version=5, BCP v1.1, Requires MPF v0.55.0-dev.49)', 'prev_value': None, 'change': True}
2022-10-22 21:08:07,031 : INFO : ball_device.bd_trough : State: idle
2022-10-22 21:08:07,054 : INFO : ball_device.bd_plunger : BCH: Initial count: 1
2022-10-22 21:08:07,055 : INFO : ball_device.bd_plunger : State: idle
2022-10-22 21:08:07,055 : INFO : ball_device.bd_top_vuk : BCH: Initial count: 0
2022-10-22 21:08:07,055 : INFO : ball_device.bd_top_vuk : State: idle
2022-10-22 21:08:07,056 : INFO : ball_device.bd_right_vuk : BCH: Initial count: 0
2022-10-22 21:08:07,056 : INFO : ball_device.bd_right_vuk : State: idle
2022-10-22 21:08:07,057 : INFO : ball_device.bd_bot_vuk : BCH: Initial count: 0
2022-10-22 21:08:07,057 : INFO : ball_device.bd_bot_vuk : State: idle
2022-10-22 21:08:07,116 : INFO : EventManager : Event: ======'init_phase_3'====== Args={}
2022-10-22 21:08:07,693 : INFO : EventManager : Event: ======'init_phase_4'====== Args={}
2022-10-22 21:08:07,694 : INFO : EventManager : Event: ======'playfield_active'====== Args={}
2022-10-22 21:08:07,694 : INFO : EventManager : Event: ======'unexpected_ball_on_playfield'====== Args={}
2022-10-22 21:08:07,694 : INFO : EventManager : Event: ======'playfield_active'====== Args={}
2022-10-22 21:08:07,694 : INFO : EventManager : Event: ======'unexpected_ball_on_playfield'====== Args={}
2022-10-22 21:08:07,694 : INFO : EventManager : Event: ======'drop_target_d_drop_upper_down'====== Args={'device': <drop_target.d_drop_upper>}
2022-10-22 21:08:07,694 : INFO : EventManager : Event: ======'drop_target_bank_single_upper_down'====== Args={}
2022-10-22 21:08:07,694 : INFO : EventManager : Event: ======'playfield_active'====== Args={}
2022-10-22 21:08:07,694 : INFO : EventManager : Event: ======'unexpected_ball_on_playfield'====== Args={}
2022-10-22 21:08:07,694 : INFO : EventManager : Event: ======'drop_target_mid_right_down'====== Args={'device': <drop_target.mid_right>}
2022-10-22 21:08:07,695 : INFO : EventManager : Event: ======'drop_target_bank_mid_mixed'====== Args={'prev_value': <DropTargetBankState.UP: 'up'>, 'down': 1}
2022-10-22 21:08:07,695 : INFO : EventManager : Event: ======'playfield_active'====== Args={}
2022-10-22 21:08:07,695 : INFO : EventManager : Event: ======'unexpected_ball_on_playfield'====== Args={}
2022-10-22 21:08:07,695 : INFO : EventManager : Event: ======'drop_target_mid_mid_down'====== Args={'device': <drop_target.mid_mid>}
2022-10-22 21:08:07,695 : INFO : EventManager : Event: ======'drop_target_bank_mid_mixed'====== Args={'prev_value': <DropTargetBankState.MIXED: 'mixed'>, 'down': 2}
2022-10-22 21:08:07,695 : INFO : EventManager : Event: ======'playfield_active'====== Args={}
2022-10-22 21:08:07,695 : INFO : EventManager : Event: ======'unexpected_ball_on_playfield'====== Args={}
2022-10-22 21:08:07,695 : INFO : EventManager : Event: ======'drop_target_mid_left_down'====== Args={'device': <drop_target.mid_left>}
2022-10-22 21:08:07,695 : INFO : EventManager : Event: ======'drop_target_bank_mid_down'====== Args={}
2022-10-22 21:08:07,695 : INFO : EventManager : Event: ======'playfield_active'====== Args={}
2022-10-22 21:08:07,695 : INFO : EventManager : Event: ======'unexpected_ball_on_playfield'====== Args={}
2022-10-22 21:08:07,695 : INFO : EventManager : Event: ======'playfield_active'====== Args={}
2022-10-22 21:08:07,695 : INFO : EventManager : Event: ======'unexpected_ball_on_playfield'====== Args={}
2022-10-22 21:08:07,696 : INFO : BallController : Initial balls found: 4
2022-10-22 21:08:07,698 : INFO : EventManager : Event: ======'machine_var_audits_events_game_ended'====== Args={'value': 0, 'prev_value': None, 'change': True}
2022-10-22 21:08:07,698 : INFO : EventManager : Event: ======'machine_var_audits_events_game_started'====== Args={'value': 0, 'prev_value': None, 'change': True}
2022-10-22 21:08:07,698 : INFO : EventManager : Event: ======'machine_var_audits_player_score'====== Args={'value': {'average': 3414.735294117648, 'top': [50520, 30050, 28460, 25700, 25170, 18620, 17680, 14760, 14060, 11850], 'total': 340}, 'prev_value': None, 'change': True}
2022-10-22 21:08:07,699 : INFO : EventManager : Event: ======'machine_var_audits_shots_left_inlane'====== Args={'value': 210, 'prev_value': None, 'change': True}
2022-10-22 21:08:07,699 : INFO : EventManager : Event: ======'machine_var_audits_shots_left_outlane'====== Args={'value': 45, 'prev_value': None, 'change': True}
2022-10-22 21:08:07,699 : INFO : EventManager : Event: ======'machine_var_audits_shots_left_pop'====== Args={'value': 1930, 'prev_value': None, 'change': True}
2022-10-22 21:08:07,699 : INFO : EventManager : Event: ======'machine_var_audits_shots_left_return'====== Args={'value': 20, 'prev_value': None, 'change': True}
2022-10-22 21:08:07,700 : INFO : EventManager : Event: ======'machine_var_audits_shots_lower_pop'====== Args={'value': 2130, 'prev_value': None, 'change': True}
2022-10-22 21:08:07,700 : INFO : EventManager : Event: ======'machine_var_audits_shots_r_left_inlane'====== Args={'value': 193, 'prev_value': None, 'change': True}
2022-10-22 21:08:07,700 : INFO : EventManager : Event: ======'machine_var_audits_shots_r_left_outlane'====== Args={'value': 42, 'prev_value': None, 'change': True}
2022-10-22 21:08:07,700 : INFO : EventManager : Event: ======'machine_var_audits_shots_r_right_inlane'====== Args={'value': 1798, 'prev_value': None, 'change': True}
2022-10-22 21:08:07,701 : INFO : EventManager : Event: ======'machine_var_audits_shots_r_right_outlane'====== Args={'value': 18, 'prev_value': None, 'change': True}
2022-10-22 21:08:07,701 : INFO : EventManager : Event: ======'machine_var_audits_shots_right_inlane'====== Args={'value': 1798, 'prev_value': None, 'change': True}
2022-10-22 21:08:07,701 : INFO : EventManager : Event: ======'machine_var_audits_shots_right_outlane'====== Args={'value': 144, 'prev_value': None, 'change': True}
2022-10-22 21:08:07,701 : INFO : EventManager : Event: ======'machine_var_audits_shots_right_pop'====== Args={'value': 3212, 'prev_value': None, 'change': True}
2022-10-22 21:08:07,702 : INFO : EventManager : Event: ======'machine_var_audits_shots_scoop'====== Args={'value': 385, 'prev_value': None, 'change': True}
2022-10-22 21:08:07,702 : INFO : EventManager : Event: ======'machine_var_audits_shots_single_drop_shot'====== Args={'value': 17, 'prev_value': None, 'change': True}
2022-10-22 21:08:07,702 : INFO : EventManager : Event: ======'machine_var_audits_switches_s_autolauncher'====== Args={'value': 1310, 'prev_value': None, 'change': True}
2022-10-22 21:08:07,702 : INFO : EventManager : Event: ======'machine_var_audits_switches_s_back_pop'====== Args={'value': 302, 'prev_value': None, 'change': True}
2022-10-22 21:08:07,703 : INFO : EventManager : Event: ======'machine_var_audits_switches_s_back_rollover'====== Args={'value': 33, 'prev_value': None, 'change': True}
2022-10-22 21:08:07,703 : INFO : EventManager : Event: ======'machine_var_audits_switches_s_back_stationary'====== Args={'value': 30, 'prev_value': None, 'change': True}
2022-10-22 21:08:07,703 : INFO : EventManager : Event: ======'machine_var_audits_switches_s_bot_back'====== Args={'value': 1, 'prev_value': None, 'change': True}
2022-10-22 21:08:07,704 : INFO : EventManager : Event: ======'machine_var_audits_switches_s_bot_big'====== Args={'value': 55, 'prev_value': None, 'change': True}
2022-10-22 21:08:07,704 : INFO : EventManager : Event: ======'machine_var_audits_switches_s_bot_left'====== Args={'value': 0, 'prev_value': None, 'change': True}
2022-10-22 21:08:07,704 : INFO : EventManager : Event: ======'machine_var_audits_switches_s_bot_right'====== Args={'value': 7, 'prev_value': None, 'change': True}
2022-10-22 21:08:07,704 : INFO : EventManager : Event: ======'machine_var_audits_switches_s_bot_rollover'====== Args={'value': 1, 'prev_value': None, 'change': True}
2022-10-22 21:08:07,705 : INFO : EventManager : Event: ======'machine_var_audits_switches_s_bot_vuk'====== Args={'value': 232, 'prev_value': None, 'change': True}
2022-10-22 21:08:07,705 : INFO : EventManager : Event: ======'machine_var_audits_switches_s_drop_mid_left'====== Args={'value': 734, 'prev_value': None, 'change': True}
2022-10-22 21:08:07,705 : INFO : EventManager : Event: ======'machine_var_audits_switches_s_drop_mid_mid'====== Args={'value': 710, 'prev_value': None, 'change': True}
2022-10-22 21:08:07,706 : INFO : EventManager : Event: ======'machine_var_audits_switches_s_drop_mid_right'====== Args={'value': 1073, 'prev_value': None, 'change': True}
2022-10-22 21:08:07,706 : INFO : EventManager : Event: ======'machine_var_audits_switches_s_drop_right_left'====== Args={'value': 162, 'prev_value': None, 'change': True}
2022-10-22 21:08:07,706 : INFO : EventManager : Event: ======'machine_var_audits_switches_s_drop_right_right'====== Args={'value': 213, 'prev_value': None, 'change': True}
2022-10-22 21:08:07,707 : INFO : EventManager : Event: ======'machine_var_audits_switches_s_drop_single'====== Args={'value': 67, 'prev_value': None, 'change': True}
2022-10-22 21:08:07,707 : INFO : EventManager : Event: ======'machine_var_audits_switches_s_drop_upper'====== Args={'value': 2, 'prev_value': None, 'change': True}
2022-10-22 21:08:07,707 : INFO : EventManager : Event: ======'machine_var_audits_switches_s_eos_left'====== Args={'value': 305, 'prev_value': None, 'change': True}
2022-10-22 21:08:07,707 : INFO : EventManager : Event: ======'machine_var_audits_switches_s_eos_left_top'====== Args={'value': 11113, 'prev_value': None, 'change': True}
2022-10-22 21:08:07,708 : INFO : EventManager : Event: ======'machine_var_audits_switches_s_eos_right'====== Args={'value': 20417, 'prev_value': None, 'change': True}
2022-10-22 21:08:07,708 : INFO : EventManager : Event: ======'machine_var_audits_switches_s_launch'====== Args={'value': 1713, 'prev_value': None, 'change': True}
2022-10-22 21:08:07,708 : INFO : EventManager : Event: ======'machine_var_audits_switches_s_left_flipper'====== Args={'value': 11735, 'prev_value': None, 'change': True}
2022-10-22 21:08:07,709 : INFO : EventManager : Event: ======'machine_var_audits_switches_s_left_inlane'====== Args={'value': 244, 'prev_value': None, 'change': True}
2022-10-22 21:08:07,709 : INFO : EventManager : Event: ======'machine_var_audits_switches_s_left_orbit_prox'====== Args={'value': 87, 'prev_value': None, 'change': True}
2022-10-22 21:08:07,709 : INFO : EventManager : Event: ======'machine_var_audits_switches_s_left_outlane'====== Args={'value': 52, 'prev_value': None, 'change': True}
2022-10-22 21:08:07,710 : INFO : EventManager : Event: ======'machine_var_audits_switches_s_left_return'====== Args={'value': 20, 'prev_value': None, 'change': True}
2022-10-22 21:08:07,710 : INFO : EventManager : Event: ======'machine_var_audits_switches_s_pop_left'====== Args={'value': 2123, 'prev_value': None, 'change': True}
2022-10-22 21:08:07,710 : INFO : EventManager : Event: ======'machine_var_audits_switches_s_pop_lower'====== Args={'value': 2425, 'prev_value': None, 'change': True}
2022-10-22 21:08:07,711 : INFO : EventManager : Event: ======'machine_var_audits_switches_s_pop_right'====== Args={'value': 3562, 'prev_value': None, 'change': True}
2022-10-22 21:08:07,711 : INFO : EventManager : Event: ======'machine_var_audits_switches_s_right_flipper'====== Args={'value': 14895, 'prev_value': None, 'change': True}
2022-10-22 21:08:07,711 : INFO : EventManager : Event: ======'machine_var_audits_switches_s_right_inlane'====== Args={'value': 1847, 'prev_value': None, 'change': True}
2022-10-22 21:08:07,712 : INFO : EventManager : Event: ======'machine_var_audits_switches_s_right_outlane'====== Args={'value': 238, 'prev_value': None, 'change': True}
2022-10-22 21:08:07,712 : INFO : EventManager : Event: ======'machine_var_audits_switches_s_rollover_left'====== Args={'value': 411, 'prev_value': None, 'change': True}
2022-10-22 21:08:07,712 : INFO : EventManager : Event: ======'machine_var_audits_switches_s_rollover_right'====== Args={'value': 148, 'prev_value': None, 'change': True}
2022-10-22 21:08:07,713 : INFO : EventManager : Event: ======'machine_var_audits_switches_s_sling_left'====== Args={'value': 122, 'prev_value': None, 'change': True}
2022-10-22 21:08:07,713 : INFO : EventManager : Event: ======'machine_var_audits_switches_s_sling_right'====== Args={'value': 1048, 'prev_value': None, 'change': True}
2022-10-22 21:08:07,714 : INFO : EventManager : Event: ======'machine_var_audits_switches_s_start'====== Args={'value': 383, 'prev_value': None, 'change': True}
2022-10-22 21:08:07,714 : INFO : EventManager : Event: ======'machine_var_audits_switches_s_tilt'====== Args={'value': 2177, 'prev_value': None, 'change': True}
2022-10-22 21:08:07,714 : INFO : EventManager : Event: ======'machine_var_audits_switches_s_transfer_rollover'====== Args={'value': 8, 'prev_value': None, 'change': True}
2022-10-22 21:08:07,715 : INFO : EventManager : Event: ======'machine_var_audits_switches_s_trough_1'====== Args={'value': 1339, 'prev_value': None, 'change': True}
2022-10-22 21:08:07,715 : INFO : EventManager : Event: ======'machine_var_audits_switches_s_trough_2'====== Args={'value': 1418, 'prev_value': None, 'change': True}
2022-10-22 21:08:07,715 : INFO : EventManager : Event: ======'machine_var_audits_switches_s_trough_3'====== Args={'value': 1228, 'prev_value': None, 'change': True}
2022-10-22 21:08:07,716 : INFO : EventManager : Event: ======'machine_var_audits_switches_s_trough_4'====== Args={'value': 1209, 'prev_value': None, 'change': True}
2022-10-22 21:08:07,716 : INFO : EventManager : Event: ======'machine_var_audits_switches_s_trough_5'====== Args={'value': 1189, 'prev_value': None, 'change': True}
2022-10-22 21:08:07,717 : INFO : EventManager : Event: ======'machine_var_audits_switches_s_trough_6'====== Args={'value': 1289, 'prev_value': None, 'change': True}
2022-10-22 21:08:07,717 : INFO : EventManager : Event: ======'machine_var_audits_switches_s_trough_jam'====== Args={'value': 1830, 'prev_value': None, 'change': True}
2022-10-22 21:08:07,717 : INFO : EventManager : Event: ======'machine_var_audits_switches_s_upper_drop'====== Args={'value': 0, 'prev_value': None, 'change': True}
2022-10-22 21:08:07,718 : INFO : EventManager : Event: ======'machine_var_audits_switches_s_upper_rollover'====== Args={'value': 28, 'prev_value': None, 'change': True}
2022-10-22 21:08:07,718 : INFO : EventManager : Event: ======'machine_var_audits_switches_s_upper_stationary'====== Args={'value': 16, 'prev_value': None, 'change': True}
2022-10-22 21:08:07,718 : INFO : EventManager : Event: ======'machine_var_audits_switches_s_vuk_back'====== Args={'value': 1, 'prev_value': None, 'change': True}
2022-10-22 21:08:07,719 : INFO : EventManager : Event: ======'machine_var_audits_switches_s_vuk_right'====== Args={'value': 415, 'prev_value': None, 'change': True}
2022-10-22 21:08:07,719 : INFO : EventManager : Event: ======'machine_var_audits_switches_s_vuk_top'====== Args={'value': 2865, 'prev_value': None, 'change': True}
2022-10-22 21:08:07,720 : INFO : EventManager : Event: ======'init_phase_5'====== Args={}
2022-10-22 21:08:07,965 : INFO : EventManager : Event: ======'init_done'====== Args={}
2022-10-22 21:08:07,966 : WARNING : FAST : Port RGB received more messages than were sent! Resetting!
2022-10-22 21:08:07,966 : WARNING : FAST : Port RGB received more messages than were sent! Resetting!
2022-10-22 21:08:07,966 : WARNING : FAST : Port RGB received more messages than were sent! Resetting!
2022-10-22 21:08:07,966 : WARNING : FAST : Port RGB received more messages than were sent! Resetting!
2022-10-22 21:08:07,966 : WARNING : FAST : Port NET received more messages than were sent! Resetting!
2022-10-22 21:08:07,966 : WARNING : FAST : Port NET received more messages than were sent! Resetting!
2022-10-22 21:08:07,966 : WARNING : FAST : Port NET received more messages than were sent! Resetting!
2022-10-22 21:08:07,966 : WARNING : FAST : Port NET received more messages than were sent! Resetting!
2022-10-22 21:08:07,966 : WARNING : FAST : Port NET received more messages than were sent! Resetting!
2022-10-22 21:08:07,966 : WARNING : FAST : Port NET received more messages than were sent! Resetting!
2022-10-22 21:08:07,966 : WARNING : FAST : Port NET received more messages than were sent! Resetting!
2022-10-22 21:08:07,966 : WARNING : FAST : Port NET received more messages than were sent! Resetting!
2022-10-22 21:08:07,966 : WARNING : FAST : Port NET received more messages than were sent! Resetting!
2022-10-22 21:08:07,966 : WARNING : FAST : Port NET received more messages than were sent! Resetting!
2022-10-22 21:08:07,966 : WARNING : FAST : Port NET received more messages than were sent! Resetting!
2022-10-22 21:08:07,966 : WARNING : FAST : Port NET received more messages than were sent! Resetting!
2022-10-22 21:08:07,966 : WARNING : FAST : Port NET received more messages than were sent! Resetting!
2022-10-22 21:08:07,966 : WARNING : FAST : Port NET received more messages than were sent! Resetting!
2022-10-22 21:08:07,967 : WARNING : FAST : Port NET received more messages than were sent! Resetting!
2022-10-22 21:08:07,967 : WARNING : FAST : Port NET received more messages than were sent! Resetting!
2022-10-22 21:08:07,967 : WARNING : FAST : Port NET received more messages than were sent! Resetting!
2022-10-22 21:08:07,967 : WARNING : FAST : Port NET received more messages than were sent! Resetting!
2022-10-22 21:08:07,967 : WARNING : FAST : Port NET received more messages than were sent! Resetting!
2022-10-22 21:08:07,967 : WARNING : FAST : Port NET received more messages than were sent! Resetting!
2022-10-22 21:08:07,967 : WARNING : FAST : Port NET received more messages than were sent! Resetting!
2022-10-22 21:08:07,967 : WARNING : FAST : Port NET received more messages than were sent! Resetting!
2022-10-22 21:08:07,996 : INFO : EventManager : Event: ======'machine_reset_phase_1'====== Args={}
2022-10-22 21:08:07,997 : WARNING : FAST : Port com14 was blocked for more than 1s. Reseting send queue! If this happens frequently report a bug!
2022-10-22 21:08:08,026 : INFO : EventManager : Event: ======'slide_welcome_slide_removed'====== Args={'_from_bcp': True}
2022-10-22 21:08:08,028 : INFO : EventManager : Event: ======'slide_welcome_slide_created'====== Args={'_from_bcp': True}
2022-10-22 21:08:08,029 : INFO : EventManager : Event: ======'machine_reset_phase_2'====== Args={}
2022-10-22 21:08:08,029 : INFO : EventManager : Event: ======'machine_reset_phase_3'====== Args={}
2022-10-22 21:08:08,029 : INFO : EventManager : Event: ======'slide_welcome_slide_active'====== Args={'_from_bcp': True}
2022-10-22 21:08:08,029 : INFO : EventManager : Event: ======'mode_tilt_will_start'====== Args={'queue': <QueuedEvent>}
2022-10-22 21:08:08,030 : INFO : EventManager : Event: ======'mode_tilt_starting'====== Args={'queue': <QueuedEvent>}
2022-10-22 21:08:08,030 : INFO : drop_target_bank.single_main : All targets are already up. Will not reset bank.
2022-10-22 21:08:08,030 : INFO : Mode.tilt : Started. Priority: 1000000
2022-10-22 21:08:08,030 : INFO : EventManager : Event: ======'modes_active_modes_changed'====== Args={}
2022-10-22 21:08:08,031 : INFO : EventManager : Event: ======'mode_tilt_started'====== Args={'queue': <QueuedEvent>}
2022-10-22 21:08:08,031 : INFO : EventManager : Event: ======'reset_complete'====== Args={}
2022-10-22 21:08:08,031 : INFO : EventManager : Event: ======'mode_attract_will_start'====== Args={}
2022-10-22 21:08:08,032 : INFO : EventManager : Event: ======'mode_attract_starting'====== Args={}
2022-10-22 21:08:08,032 : INFO : Mode.attract : Started. Priority: 10
2022-10-22 21:08:08,032 : INFO : EventManager : Event: ======'modes_active_modes_changed'====== Args={}
2022-10-22 21:08:08,032 : INFO : EventManager : Event: ======'mode_attract_started'====== Args={}
2022-10-22 21:08:08,033 : INFO : EventManager : Event: ======'collecting_balls'====== Args={}
2022-10-22 21:08:08,033 : INFO : ball_device.bd_plunger : Adding 1 ball(s) to the eject_queue with target <playfield.playfield>.
2022-10-22 21:08:08,033 : INFO : EventManager : Event: ======'balldevice_balls_available'====== Args={}
2022-10-22 21:08:08,227 : INFO : EventManager : Event: ======'slide_press_start_created'====== Args={'_from_bcp': True}
2022-10-22 21:08:08,227 : INFO : EventManager : Event: ======'slide_press_start_active'====== Args={'_from_bcp': True}
2022-10-22 21:08:08,228 : INFO : Machine : Starting the main run loop.
2022-10-22 21:08:08,229 : INFO : ball_device.bd_plunger : State: waiting_for_target_ready
2022-10-22 21:08:08,229 : INFO : EventManager : Event: ======'balldevice_bd_plunger_ball_eject_attempt'====== Args={'balls': 1, 'target': <ball_device.bd_top_vuk>, 'source': <ball_device.bd_plunger>, 'mechanical_eject': False, 'num_attempts': 0}
2022-10-22 21:08:08,229 : INFO : ball_device.bd_top_vuk : State: waiting_for_ball
2022-10-22 21:08:08,230 : INFO : ball_device.bd_plunger : State: ejecting
2022-10-22 21:08:08,230 : INFO : ball_device.bd_plunger : Ejecting ball to <ball_device.bd_top_vuk>
2022-10-22 21:08:08,230 : INFO : EventManager : Event: ======'balldevice_bd_plunger_ejecting_ball'====== Args={'balls': 1, 'target': <ball_device.bd_top_vuk>, 'source': <ball_device.bd_plunger>, 'mechanical_eject': False, 'num_attempts': 0}
2022-10-22 21:08:08,231 : INFO : ball_device.bd_plunger : Wait for ball to leave device
2022-10-22 21:08:08,231 : INFO : coil.c_autolauncher : Pulsing Driver for 11ms (1.0 pulse_power)
2022-10-22 21:08:10,214 : INFO : EventManager : Event: ======'balldevice_bd_plunger_ball_eject_failed'====== Args={'target': <ball_device.bd_top_vuk>, 'balls': 1, 'retry': True, 'num_attempts': 1}
2022-10-22 21:08:10,215 : INFO : ball_device.bd_plunger : State: waiting_for_target_ready
2022-10-22 21:08:10,215 : INFO : EventManager : Event: ======'balldevice_bd_plunger_ball_eject_attempt'====== Args={'balls': 1, 'target': <ball_device.bd_top_vuk>, 'source': <ball_device.bd_plunger>, 'mechanical_eject': False, 'num_attempts': 1}
2022-10-22 21:08:10,215 : INFO : ball_device.bd_plunger : State: ejecting
2022-10-22 21:08:10,215 : INFO : ball_device.bd_plunger : Ejecting ball to <ball_device.bd_top_vuk>
2022-10-22 21:08:10,215 : INFO : EventManager : Event: ======'balldevice_bd_plunger_ejecting_ball'====== Args={'balls': 1, 'target': <ball_device.bd_top_vuk>, 'source': <ball_device.bd_plunger>, 'mechanical_eject': False, 'num_attempts': 1}
2022-10-22 21:08:10,216 : INFO : ball_device.bd_plunger : Wait for ball to leave device
2022-10-22 21:08:10,216 : INFO : coil.c_autolauncher : Pulsing Driver for 11ms (1.0 pulse_power)
2022-10-22 21:08:10,262 : INFO : SwitchController : <<<<<<< 's_autolauncher' inactive >>>>>>>
2022-10-22 21:08:10,268 : INFO : ball_device.bd_plunger : State: ball_left
2022-10-22 21:08:10,268 : INFO : ball_device.bd_plunger : Ball left
2022-10-22 21:08:10,268 : INFO : ball_device.bd_plunger : Wait for confirm with timeout 2.0
2022-10-22 21:08:11,021 : INFO : EventManager : Event: ======'slide_mission_pinball_created'====== Args={'_from_bcp': True}
2022-10-22 21:08:11,022 : INFO : EventManager : Event: ======'slide_mission_pinball_active'====== Args={'_from_bcp': True}
2022-10-22 21:08:11,301 : INFO : SwitchController : <<<<<<< 's_vuk_top' active >>>>>>>
2022-10-22 21:08:11,797 : INFO : ball_device.bd_top_vuk : Received ball from <ball_device.bd_plunger>
2022-10-22 21:08:11,797 : INFO : EventManager : Event: ======'balldevice_bd_top_vuk_ball_enter'====== Args={'new_balls': 1, 'unclaimed_balls': 0, 'new_available_balls': 0, 'device': <ball_device.bd_top_vuk>}
2022-10-22 21:08:11,798 : INFO : EventManager : Event: ======'balldevice_bd_top_vuk_ball_entered'====== Args={'new_balls': 0, 'device': <ball_device.bd_top_vuk>}
2022-10-22 21:08:11,798 : INFO : EventManager : Event: ======'balldevice_bd_top_vuk_ball_count_changed'====== Args={'balls': 1}
2022-10-22 21:08:11,798 : INFO : ball_device.bd_plunger : Got eject confirm
2022-10-22 21:08:11,798 : INFO : ball_device.bd_plunger : Eject successful
2022-10-22 21:08:11,798 : INFO : EventManager : Event: ======'balldevice_bd_plunger_ball_eject_success'====== Args={'balls': 1, 'target': <ball_device.bd_top_vuk>}
2022-10-22 21:08:11,799 : INFO : ball_device.bd_top_vuk : State: waiting_for_target_ready
2022-10-22 21:08:11,799 : INFO : EventManager : Event: ======'balldevice_bd_top_vuk_ball_eject_attempt'====== Args={'balls': 1, 'target': <playfield.playfield>, 'source': <ball_device.bd_top_vuk>, 'mechanical_eject': False, 'num_attempts': 0}
2022-10-22 21:08:11,799 : INFO : EventManager : Event: ======'balldevice_bd_plunger_ball_count_changed'====== Args={'balls': 0}
2022-10-22 21:08:11,799 : INFO : ball_device.bd_plunger : State: idle
2022-10-22 21:08:11,800 : INFO : ball_device.bd_top_vuk : State: ejecting
2022-10-22 21:08:11,800 : INFO : ball_device.bd_top_vuk : Ejecting ball to <playfield.playfield>
2022-10-22 21:08:11,800 : INFO : EventManager : Event: ======'balldevice_bd_top_vuk_ejecting_ball'====== Args={'balls': 1, 'target': <playfield.playfield>, 'source': <ball_device.bd_top_vuk>, 'mechanical_eject': False, 'num_attempts': 0}
2022-10-22 21:08:11,800 : INFO : ball_device.bd_top_vuk : Wait for ball to leave device
2022-10-22 21:08:11,800 : INFO : coil.c_top_vuk : Pulsing Driver for 100ms (1.0 pulse_power)
2022-10-22 21:08:11,941 : INFO : SwitchController : <<<<<<< 's_vuk_top' inactive >>>>>>>
2022-10-22 21:08:11,946 : INFO : ball_device.bd_top_vuk : State: ball_left
2022-10-22 21:08:11,946 : INFO : ball_device.bd_top_vuk : Ball left
2022-10-22 21:08:11,946 : INFO : ball_device.bd_top_vuk : Wait for confirm with timeout 2.0
2022-10-22 21:08:13,955 : INFO : ball_device.bd_top_vuk : State: failed_confirm
2022-10-22 21:08:13,955 : INFO : ball_device.bd_top_vuk : Got timeout (2.0s) before confirm from <playfield.playfield>
2022-10-22 21:08:14,030 : INFO : EventManager : Event: ======'slide_last_game_score_slide_created'====== Args={'_from_bcp': True}
2022-10-22 21:08:14,031 : INFO : EventManager : Event: ======'slide_last_game_score_slide_active'====== Args={'_from_bcp': True}
2022-10-22 21:08:14,051 : INFO : ball_device.bd_top_vuk : Confirming eject because target is playfield and ball did not return.
2022-10-22 21:08:14,051 : INFO : ball_device.bd_top_vuk : Eject successful
2022-10-22 21:08:14,051 : INFO : EventManager : Event: ======'balldevice_bd_top_vuk_ball_eject_success'====== Args={'balls': 1, 'target': <playfield.playfield>}
2022-10-22 21:08:14,052 : INFO : EventManager : Event: ======'balldevice_playfield_ball_enter'====== Args={'new_balls': 1, 'unclaimed_balls': 1, 'device': <playfield.playfield>}
2022-10-22 21:08:14,052 : INFO : EventManager : Event: ======'playfield_ball_count_change'====== Args={'balls': 1, 'change': 1}
2022-10-22 21:08:14,052 : INFO : EventManager : Event: ======'balldevice_bd_top_vuk_ball_count_changed'====== Args={'balls': 0}
2022-10-22 21:08:14,052 : INFO : ball_device.bd_top_vuk : State: idle
2022-10-22 21:08:14,435 : INFO : SwitchController : <<<<<<< 's_right_inlane' active >>>>>>>
2022-10-22 21:08:14,435 : INFO : EventManager : Event: ======'sw_playfield_active'====== Args={}
2022-10-22 21:08:14,435 : INFO : SwitchController : <<<<<<< 's_right_inlane' inactive >>>>>>>
2022-10-22 21:08:16,290 : INFO : SwitchController : <<<<<<< 's_trough_6' active >>>>>>>
2022-10-22 21:08:16,370 : INFO : SwitchController : <<<<<<< 's_trough_6' inactive >>>>>>>
2022-10-22 21:08:16,418 : INFO : SwitchController : <<<<<<< 's_trough_5' active >>>>>>>
2022-10-22 21:08:16,482 : INFO : SwitchController : <<<<<<< 's_trough_5' inactive >>>>>>>
2022-10-22 21:08:16,530 : INFO : SwitchController : <<<<<<< 's_trough_4' active >>>>>>>
2022-10-22 21:08:17,019 : INFO : EventManager : Event: ======'slide_press_start_removed'====== Args={'_from_bcp': True}
2022-10-22 21:08:17,021 : INFO : EventManager : Event: ======'slide_press_start_created'====== Args={'_from_bcp': True}
2022-10-22 21:08:17,022 : INFO : EventManager : Event: ======'slide_press_start_active'====== Args={'_from_bcp': True}
2022-10-22 21:08:19,697 : INFO : SwitchController : <<<<<<< 's_start' active >>>>>>>
2022-10-22 21:08:19,953 : INFO : SwitchController : <<<<<<< 's_start' inactive >>>>>>>
2022-10-22 21:08:19,953 : INFO : EventManager : Event: ======'request_to_start_game'====== Args={}
2022-10-22 21:08:19,953 : INFO : EventManager : Event: ======'collecting_balls'====== Args={}
2022-10-22 21:08:19,954 : INFO : BallController : Known balls: 4
2022-10-22 21:08:19,954 : INFO : BallController : bd_trough contains 3 balls. Tags ['trough', 'home', 'drain']
2022-10-22 21:08:19,954 : INFO : BallController : bd_plunger contains 0 balls. Tags []
2022-10-22 21:08:19,954 : INFO : BallController : bd_top_vuk contains 0 balls. Tags []
2022-10-22 21:08:19,954 : INFO : BallController : bd_right_vuk contains 0 balls. Tags []
2022-10-22 21:08:19,954 : INFO : BallController : bd_bot_vuk contains 0 balls. Tags []
2022-10-22 21:08:19,954 : INFO : BallController : playfield contains 1 balls. Tags ['default']
2022-10-22 21:08:19,954 : WARNING : BallController : BallController denies game start. Balls are not in their home positions.
2022-10-22 21:08:20,018 : INFO : EventManager : Event: ======'slide_mission_pinball_removed'====== Args={'_from_bcp': True}
2022-10-22 21:08:20,020 : INFO : EventManager : Event: ======'slide_mission_pinball_created'====== Args={'_from_bcp': True}
2022-10-22 21:08:20,021 : INFO : EventManager : Event: ======'slide_mission_pinball_active'====== Args={'_from_bcp': True}
2022-10-22 21:08:20,849 : INFO : SwitchController : <<<<<<< 's_start' active >>>>>>>
2022-10-22 21:08:21,137 : INFO : SwitchController : <<<<<<< 's_start' inactive >>>>>>>
2022-10-22 21:08:21,137 : INFO : EventManager : Event: ======'request_to_start_game'====== Args={}
2022-10-22 21:08:21,138 : INFO : EventManager : Event: ======'collecting_balls'====== Args={}
2022-10-22 21:08:21,138 : INFO : BallController : Known balls: 4
2022-10-22 21:08:21,138 : INFO : BallController : bd_trough contains 3 balls. Tags ['trough', 'home', 'drain']
2022-10-22 21:08:21,138 : INFO : BallController : bd_plunger contains 0 balls. Tags []
2022-10-22 21:08:21,138 : INFO : BallController : bd_top_vuk contains 0 balls. Tags []
2022-10-22 21:08:21,138 : INFO : BallController : bd_right_vuk contains 0 balls. Tags []
2022-10-22 21:08:21,138 : INFO : BallController : bd_bot_vuk contains 0 balls. Tags []
2022-10-22 21:08:21,138 : INFO : BallController : playfield contains 1 balls. Tags ['default']
2022-10-22 21:08:21,138 : WARNING : BallController : BallController denies game start. Balls are not in their home positions.
2022-10-22 21:08:21,313 : INFO : SwitchController : <<<<<<< 's_start' active >>>>>>>
2022-10-22 21:08:21,633 : INFO : SwitchController : <<<<<<< 's_start' inactive >>>>>>>
2022-10-22 21:08:21,633 : INFO : EventManager : Event: ======'request_to_start_game'====== Args={}
2022-10-22 21:08:21,633 : INFO : EventManager : Event: ======'collecting_balls'====== Args={}
2022-10-22 21:08:21,634 : INFO : BallController : Known balls: 4
2022-10-22 21:08:21,634 : INFO : BallController : bd_trough contains 3 balls. Tags ['trough', 'home', 'drain']
2022-10-22 21:08:21,634 : INFO : BallController : bd_plunger contains 0 balls. Tags []
2022-10-22 21:08:21,634 : INFO : BallController : bd_top_vuk contains 0 balls. Tags []
2022-10-22 21:08:21,634 : INFO : BallController : bd_right_vuk contains 0 balls. Tags []
2022-10-22 21:08:21,634 : INFO : BallController : bd_bot_vuk contains 0 balls. Tags []
2022-10-22 21:08:21,634 : INFO : BallController : playfield contains 1 balls. Tags ['default']
2022-10-22 21:08:21,634 : WARNING : BallController : BallController denies game start. Balls are not in their home positions.
2022-10-22 21:08:21,761 : INFO : SwitchController : <<<<<<< 's_start' active >>>>>>>
2022-10-22 21:08:22,034 : INFO : SwitchController : <<<<<<< 's_start' inactive >>>>>>>
2022-10-22 21:08:22,034 : INFO : EventManager : Event: ======'request_to_start_game'====== Args={}
2022-10-22 21:08:22,034 : INFO : EventManager : Event: ======'collecting_balls'====== Args={}
2022-10-22 21:08:22,035 : INFO : BallController : Known balls: 4
2022-10-22 21:08:22,035 : INFO : BallController : bd_trough contains 3 balls. Tags ['trough', 'home', 'drain']
2022-10-22 21:08:22,035 : INFO : BallController : bd_plunger contains 0 balls. Tags []
2022-10-22 21:08:22,035 : INFO : BallController : bd_top_vuk contains 0 balls. Tags []
2022-10-22 21:08:22,035 : INFO : BallController : bd_right_vuk contains 0 balls. Tags []
2022-10-22 21:08:22,035 : INFO : BallController : bd_bot_vuk contains 0 balls. Tags []
2022-10-22 21:08:22,035 : INFO : BallController : playfield contains 1 balls. Tags ['default']
2022-10-22 21:08:22,035 : WARNING : BallController : BallController denies game start. Balls are not in their home positions.
2022-10-22 21:08:22,178 : INFO : SwitchController : <<<<<<< 's_start' active >>>>>>>
2022-10-22 21:08:22,337 : INFO : SwitchController : <<<<<<< 's_start' inactive >>>>>>>
2022-10-22 21:08:22,337 : INFO : EventManager : Event: ======'request_to_start_game'====== Args={}
2022-10-22 21:08:22,338 : INFO : EventManager : Event: ======'collecting_balls'====== Args={}
2022-10-22 21:08:22,338 : INFO : BallController : Known balls: 4
2022-10-22 21:08:22,338 : INFO : BallController : bd_trough contains 3 balls. Tags ['trough', 'home', 'drain']
2022-10-22 21:08:22,338 : INFO : BallController : bd_plunger contains 0 balls. Tags []
2022-10-22 21:08:22,338 : INFO : BallController : bd_top_vuk contains 0 balls. Tags []
2022-10-22 21:08:22,338 : INFO : BallController : bd_right_vuk contains 0 balls. Tags []
2022-10-22 21:08:22,338 : INFO : BallController : bd_bot_vuk contains 0 balls. Tags []
2022-10-22 21:08:22,338 : INFO : BallController : playfield contains 1 balls. Tags ['default']
2022-10-22 21:08:22,338 : WARNING : BallController : BallController denies game start. Balls are not in their home positions.
2022-10-22 21:08:22,480 : INFO : SwitchController : <<<<<<< 's_start' active >>>>>>>
2022-10-22 21:08:22,720 : INFO : SwitchController : <<<<<<< 's_start' inactive >>>>>>>
2022-10-22 21:08:22,720 : INFO : EventManager : Event: ======'request_to_start_game'====== Args={}
2022-10-22 21:08:22,720 : INFO : EventManager : Event: ======'collecting_balls'====== Args={}
2022-10-22 21:08:22,721 : INFO : BallController : Known balls: 4
2022-10-22 21:08:22,721 : INFO : BallController : bd_trough contains 3 balls. Tags ['trough', 'home', 'drain']
2022-10-22 21:08:22,721 : INFO : BallController : bd_plunger contains 0 balls. Tags []
2022-10-22 21:08:22,721 : INFO : BallController : bd_top_vuk contains 0 balls. Tags []
2022-10-22 21:08:22,721 : INFO : BallController : bd_right_vuk contains 0 balls. Tags []
2022-10-22 21:08:22,721 : INFO : BallController : bd_bot_vuk contains 0 balls. Tags []
2022-10-22 21:08:22,721 : INFO : BallController : playfield contains 1 balls. Tags ['default']
2022-10-22 21:08:22,721 : WARNING : BallController : BallController denies game start. Balls are not in their home positions.
2022-10-22 21:08:22,816 : INFO : SwitchController : <<<<<<< 's_start' active >>>>>>>
2022-10-22 21:08:22,976 : INFO : SwitchController : <<<<<<< 's_start' inactive >>>>>>>
2022-10-22 21:08:22,976 : INFO : EventManager : Event: ======'request_to_start_game'====== Args={}
2022-10-22 21:08:22,976 : INFO : EventManager : Event: ======'collecting_balls'====== Args={}
2022-10-22 21:08:22,976 : INFO : BallController : Known balls: 4
2022-10-22 21:08:22,977 : INFO : BallController : bd_trough contains 3 balls. Tags ['trough', 'home', 'drain']
2022-10-22 21:08:22,977 : INFO : BallController : bd_plunger contains 0 balls. Tags []
2022-10-22 21:08:22,977 : INFO : BallController : bd_top_vuk contains 0 balls. Tags []
2022-10-22 21:08:22,977 : INFO : BallController : bd_right_vuk contains 0 balls. Tags []
2022-10-22 21:08:22,977 : INFO : BallController : bd_bot_vuk contains 0 balls. Tags []
2022-10-22 21:08:22,977 : INFO : BallController : playfield contains 1 balls. Tags ['default']
2022-10-22 21:08:22,977 : WARNING : BallController : BallController denies game start. Balls are not in their home positions.
2022-10-22 21:08:23,017 : INFO : EventManager : Event: ======'slide_last_game_score_slide_removed'====== Args={'_from_bcp': True}
2022-10-22 21:08:23,020 : INFO : EventManager : Event: ======'slide_last_game_score_slide_created'====== Args={'_from_bcp': True}
2022-10-22 21:08:23,021 : INFO : EventManager : Event: ======'slide_last_game_score_slide_active'====== Args={'_from_bcp': True}
2022-10-22 21:08:24,858 : INFO : SwitchController : <<<<<<< 's_launch' active >>>>>>>
2022-10-22 21:08:24,954 : INFO : SwitchController : <<<<<<< 's_launch' inactive >>>>>>>
2022-10-22 21:08:26,030 : INFO : EventManager : Event: ======'slide_press_start_removed'====== Args={'_from_bcp': True}
2022-10-22 21:08:26,032 : INFO : EventManager : Event: ======'slide_press_start_created'====== Args={'_from_bcp': True}
2022-10-22 21:08:26,033 : INFO : EventManager : Event: ======'slide_press_start_active'====== Args={'_from_bcp': True}
2022-10-22 21:08:29,021 : INFO : EventManager : Event: ======'slide_mission_pinball_removed'====== Args={'_from_bcp': True}
2022-10-22 21:08:29,022 : INFO : EventManager : Event: ======'slide_mission_pinball_created'====== Args={'_from_bcp': True}
2022-10-22 21:08:29,023 : INFO : EventManager : Event: ======'slide_mission_pinball_active'====== Args={'_from_bcp': True}
2022-10-22 21:08:31,593 : INFO : SwitchController : <<<<<<< 's_start' active >>>>>>>
2022-10-22 21:08:31,839 : INFO : SwitchController : <<<<<<< 's_start' inactive >>>>>>>
2022-10-22 21:08:31,839 : INFO : EventManager : Event: ======'request_to_start_game'====== Args={}
2022-10-22 21:08:31,839 : INFO : EventManager : Event: ======'collecting_balls'====== Args={}
2022-10-22 21:08:31,839 : INFO : BallController : Known balls: 4
2022-10-22 21:08:31,839 : INFO : BallController : bd_trough contains 3 balls. Tags ['trough', 'home', 'drain']
2022-10-22 21:08:31,839 : INFO : BallController : bd_plunger contains 0 balls. Tags []
2022-10-22 21:08:31,839 : INFO : BallController : bd_top_vuk contains 0 balls. Tags []
2022-10-22 21:08:31,839 : INFO : BallController : bd_right_vuk contains 0 balls. Tags []
2022-10-22 21:08:31,840 : INFO : BallController : bd_bot_vuk contains 0 balls. Tags []
2022-10-22 21:08:31,840 : INFO : BallController : playfield contains 1 balls. Tags ['default']
2022-10-22 21:08:31,840 : WARNING : BallController : BallController denies game start. Balls are not in their home positions.
2022-10-22 21:08:32,024 : INFO : EventManager : Event: ======'slide_last_game_score_slide_removed'====== Args={'_from_bcp': True}
2022-10-22 21:08:32,026 : INFO : EventManager : Event: ======'slide_last_game_score_slide_created'====== Args={'_from_bcp': True}
2022-10-22 21:08:32,027 : INFO : EventManager : Event: ======'slide_last_game_score_slide_active'====== Args={'_from_bcp': True}
2022-10-22 21:08:35,028 : INFO : EventManager : Event: ======'slide_press_start_removed'====== Args={'_from_bcp': True}
2022-10-22 21:08:35,030 : INFO : EventManager : Event: ======'slide_press_start_created'====== Args={'_from_bcp': True}
2022-10-22 21:08:35,032 : INFO : EventManager : Event: ======'slide_press_start_active'====== Args={'_from_bcp': True}
2022-10-22 21:08:36,324 : INFO : SwitchController : <<<<<<< 's_start' active >>>>>>>
2022-10-22 21:08:36,483 : INFO : SwitchController : <<<<<<< 's_start' inactive >>>>>>>
2022-10-22 21:08:36,483 : INFO : EventManager : Event: ======'request_to_start_game'====== Args={}
2022-10-22 21:08:36,483 : INFO : EventManager : Event: ======'collecting_balls'====== Args={}
2022-10-22 21:08:36,484 : INFO : BallController : Known balls: 4
2022-10-22 21:08:36,484 : INFO : BallController : bd_trough contains 3 balls. Tags ['trough', 'home', 'drain']
2022-10-22 21:08:36,484 : INFO : BallController : bd_plunger contains 0 balls. Tags []
2022-10-22 21:08:36,484 : INFO : BallController : bd_top_vuk contains 0 balls. Tags []
2022-10-22 21:08:36,484 : INFO : BallController : bd_right_vuk contains 0 balls. Tags []
2022-10-22 21:08:36,484 : INFO : BallController : bd_bot_vuk contains 0 balls. Tags []
2022-10-22 21:08:36,484 : INFO : BallController : playfield contains 1 balls. Tags ['default']
2022-10-22 21:08:36,484 : WARNING : BallController : BallController denies game start. Balls are not in their home positions.
2022-10-22 21:08:36,659 : INFO : SwitchController : <<<<<<< 's_start' active >>>>>>>
2022-10-22 21:08:36,823 : INFO : SwitchController : <<<<<<< 's_start' inactive >>>>>>>
2022-10-22 21:08:36,823 : INFO : EventManager : Event: ======'request_to_start_game'====== Args={}
2022-10-22 21:08:36,823 : INFO : EventManager : Event: ======'collecting_balls'====== Args={}
2022-10-22 21:08:36,824 : INFO : BallController : Known balls: 4
2022-10-22 21:08:36,824 : INFO : BallController : bd_trough contains 3 balls. Tags ['trough', 'home', 'drain']
2022-10-22 21:08:36,824 : INFO : BallController : bd_plunger contains 0 balls. Tags []
2022-10-22 21:08:36,824 : INFO : BallController : bd_top_vuk contains 0 balls. Tags []
2022-10-22 21:08:36,824 : INFO : BallController : bd_right_vuk contains 0 balls. Tags []
2022-10-22 21:08:36,824 : INFO : BallController : bd_bot_vuk contains 0 balls. Tags []
2022-10-22 21:08:36,824 : INFO : BallController : playfield contains 1 balls. Tags ['default']
2022-10-22 21:08:36,824 : WARNING : BallController : BallController denies game start. Balls are not in their home positions.
2022-10-22 21:08:36,931 : INFO : SwitchController : <<<<<<< 's_start' active >>>>>>>
2022-10-22 21:08:37,363 : INFO : SwitchController : <<<<<<< 's_start' inactive >>>>>>>
2022-10-22 21:08:37,363 : INFO : EventManager : Event: ======'request_to_start_game'====== Args={}
2022-10-22 21:08:37,363 : INFO : EventManager : Event: ======'collecting_balls'====== Args={}
2022-10-22 21:08:37,363 : INFO : BallController : Known balls: 4
2022-10-22 21:08:37,364 : INFO : BallController : bd_trough contains 3 balls. Tags ['trough', 'home', 'drain']
2022-10-22 21:08:37,364 : INFO : BallController : bd_plunger contains 0 balls. Tags []
2022-10-22 21:08:37,364 : INFO : BallController : bd_top_vuk contains 0 balls. Tags []
2022-10-22 21:08:37,364 : INFO : BallController : bd_right_vuk contains 0 balls. Tags []
2022-10-22 21:08:37,364 : INFO : BallController : bd_bot_vuk contains 0 balls. Tags []
2022-10-22 21:08:37,364 : INFO : BallController : playfield contains 1 balls. Tags ['default']
2022-10-22 21:08:37,364 : WARNING : BallController : BallController denies game start. Balls are not in their home positions.
2022-10-22 21:08:38,026 : INFO : EventManager : Event: ======'slide_mission_pinball_removed'====== Args={'_from_bcp': True}
2022-10-22 21:08:38,028 : INFO : EventManager : Event: ======'slide_mission_pinball_created'====== Args={'_from_bcp': True}
2022-10-22 21:08:38,028 : INFO : EventManager : Event: ======'slide_mission_pinball_active'====== Args={'_from_bcp': True}
2022-10-22 21:08:40,002 : INFO : SwitchController : <<<<<<< 's_trough_1' active >>>>>>>
2022-10-22 21:08:40,082 : INFO : SwitchController : <<<<<<< 's_trough_jam' inactive >>>>>>>
2022-10-22 21:08:40,194 : INFO : SwitchController : <<<<<<< 's_trough_1' inactive >>>>>>>
2022-10-22 21:08:40,210 : INFO : SwitchController : <<<<<<< 's_trough_jam' active >>>>>>>
2022-10-22 21:08:40,386 : INFO : SwitchController : <<<<<<< 's_trough_1' active >>>>>>>
2022-10-22 21:08:40,402 : INFO : SwitchController : <<<<<<< 's_trough_1' inactive >>>>>>>
2022-10-22 21:08:40,530 : INFO : SwitchController : <<<<<<< 's_trough_3' inactive >>>>>>>
2022-10-22 21:08:40,561 : INFO : SwitchController : <<<<<<< 's_trough_4' inactive >>>>>>>
2022-10-22 21:08:40,580 : INFO : SwitchController : <<<<<<< 's_trough_jam' inactive >>>>>>>
2022-10-22 21:08:40,625 : INFO : SwitchController : <<<<<<< 's_trough_2' inactive >>>>>>>
2022-10-22 21:08:40,753 : INFO : SwitchController : <<<<<<< 's_trough_jam' active >>>>>>>
2022-10-22 21:08:40,837 : INFO : SwitchController : <<<<<<< 's_autolauncher' active >>>>>>>
2022-10-22 21:08:40,849 : INFO : SwitchController : <<<<<<< 's_trough_2' active >>>>>>>
2022-10-22 21:08:40,849 : INFO : SwitchController : <<<<<<< 's_trough_3' active >>>>>>>
2022-10-22 21:08:41,016 : INFO : EventManager : Event: ======'slide_last_game_score_slide_removed'====== Args={'_from_bcp': True}
2022-10-22 21:08:41,018 : INFO : EventManager : Event: ======'slide_last_game_score_slide_created'====== Args={'_from_bcp': True}
2022-10-22 21:08:41,019 : INFO : EventManager : Event: ======'slide_last_game_score_slide_active'====== Args={'_from_bcp': True}
2022-10-22 21:08:41,345 : INFO : EventManager : Event: ======'balldevice_bd_plunger_ball_count_changed'====== Args={'balls': 1}
2022-10-22 21:08:41,346 : INFO : ball_device.bd_plunger : Received unexpected ball
2022-10-22 21:08:41,346 : INFO : EventManager : Event: ======'balldevice_captured_from_playfield'====== Args={'balls': 1}
2022-10-22 21:08:41,346 : INFO : EventManager : Event: ======'sw_playfield_active'====== Args={'balls': 1}
2022-10-22 21:08:41,346 : INFO : EventManager : Event: ======'playfield_ball_count_change'====== Args={'balls': 0, 'change': -1}
2022-10-22 21:08:41,346 : INFO : EventManager : Event: ======'balldevice_bd_plunger_ball_enter'====== Args={'new_balls': 1, 'unclaimed_balls': 1, 'new_available_balls': 1, 'device': <ball_device.bd_plunger>}
2022-10-22 21:08:41,347 : INFO : ball_device.bd_plunger : Ejecting 1 unexpected balls using path deque([<ball_device.bd_plunger>, <ball_device.bd_top_vuk>, <playfield.playfield>])
2022-10-22 21:08:41,347 : INFO : EventManager : Event: ======'balldevice_balls_available'====== Args={}
2022-10-22 21:08:41,347 : INFO : EventManager : Event: ======'balldevice_balls_available'====== Args={}
2022-10-22 21:08:41,347 : INFO : EventManager : Event: ======'balldevice_bd_plunger_ball_entered'====== Args={'new_balls': 1, 'device': <ball_device.bd_plunger>}
2022-10-22 21:08:41,348 : INFO : ball_device.bd_plunger : State: waiting_for_target_ready
2022-10-22 21:08:41,348 : INFO : EventManager : Event: ======'balldevice_bd_plunger_ball_eject_attempt'====== Args={'balls': 1, 'target': <ball_device.bd_top_vuk>, 'source': <ball_device.bd_plunger>, 'mechanical_eject': False, 'num_attempts': 0}
2022-10-22 21:08:41,348 : INFO : ball_device.bd_top_vuk : State: waiting_for_ball
2022-10-22 21:08:41,348 : INFO : ball_device.bd_plunger : State: ejecting
2022-10-22 21:08:41,349 : INFO : ball_device.bd_plunger : Ejecting ball to <ball_device.bd_top_vuk>
2022-10-22 21:08:41,349 : INFO : EventManager : Event: ======'balldevice_bd_plunger_ejecting_ball'====== Args={'balls': 1, 'target': <ball_device.bd_top_vuk>, 'source': <ball_device.bd_plunger>, 'mechanical_eject': False, 'num_attempts': 0}
2022-10-22 21:08:41,349 : INFO : ball_device.bd_plunger : Wait for ball to leave device
2022-10-22 21:08:41,349 : INFO : coil.c_autolauncher : Pulsing Driver for 11ms (1.0 pulse_power)
2022-10-22 21:08:41,393 : INFO : SwitchController : <<<<<<< 's_autolauncher' inactive >>>>>>>
2022-10-22 21:08:41,398 : INFO : ball_device.bd_plunger : State: ball_left
2022-10-22 21:08:41,398 : INFO : ball_device.bd_plunger : Ball left
2022-10-22 21:08:41,398 : INFO : ball_device.bd_plunger : Wait for confirm with timeout 2.0
2022-10-22 21:08:42,415 : INFO : SwitchController : <<<<<<< 's_vuk_top' active >>>>>>>
2022-10-22 21:08:42,925 : INFO : ball_device.bd_top_vuk : Received ball from <ball_device.bd_plunger>
2022-10-22 21:08:42,925 : INFO : EventManager : Event: ======'balldevice_bd_top_vuk_ball_enter'====== Args={'new_balls': 1, 'unclaimed_balls': 0, 'new_available_balls': 0, 'device': <ball_device.bd_top_vuk>}
2022-10-22 21:08:42,926 : INFO : EventManager : Event: ======'balldevice_bd_top_vuk_ball_entered'====== Args={'new_balls': 0, 'device': <ball_device.bd_top_vuk>}
2022-10-22 21:08:42,926 : INFO : EventManager : Event: ======'balldevice_bd_top_vuk_ball_count_changed'====== Args={'balls': 1}
2022-10-22 21:08:42,926 : INFO : ball_device.bd_plunger : Got eject confirm
2022-10-22 21:08:42,926 : INFO : ball_device.bd_plunger : Eject successful
2022-10-22 21:08:42,926 : INFO : EventManager : Event: ======'balldevice_bd_plunger_ball_eject_success'====== Args={'balls': 1, 'target': <ball_device.bd_top_vuk>}
2022-10-22 21:08:42,926 : INFO : ball_device.bd_top_vuk : State: waiting_for_target_ready
2022-10-22 21:08:42,926 : INFO : EventManager : Event: ======'balldevice_bd_top_vuk_ball_eject_attempt'====== Args={'balls': 1, 'target': <playfield.playfield>, 'source': <ball_device.bd_top_vuk>, 'mechanical_eject': False, 'num_attempts': 0}
2022-10-22 21:08:42,927 : INFO : EventManager : Event: ======'balldevice_bd_plunger_ball_count_changed'====== Args={'balls': 0}
2022-10-22 21:08:42,927 : INFO : ball_device.bd_plunger : State: idle
2022-10-22 21:08:42,927 : INFO : ball_device.bd_top_vuk : State: ejecting
2022-10-22 21:08:42,927 : INFO : ball_device.bd_top_vuk : Ejecting ball to <playfield.playfield>
2022-10-22 21:08:42,927 : INFO : EventManager : Event: ======'balldevice_bd_top_vuk_ejecting_ball'====== Args={'balls': 1, 'target': <playfield.playfield>, 'source': <ball_device.bd_top_vuk>, 'mechanical_eject': False, 'num_attempts': 0}
2022-10-22 21:08:42,928 : INFO : ball_device.bd_top_vuk : Wait for ball to leave device
2022-10-22 21:08:42,928 : INFO : coil.c_top_vuk : Pulsing Driver for 100ms (1.0 pulse_power)
2022-10-22 21:08:43,085 : INFO : SwitchController : <<<<<<< 's_vuk_top' inactive >>>>>>>
2022-10-22 21:08:43,089 : INFO : ball_device.bd_top_vuk : State: ball_left
2022-10-22 21:08:43,090 : INFO : ball_device.bd_top_vuk : Ball left
2022-10-22 21:08:43,090 : INFO : ball_device.bd_top_vuk : Wait for confirm with timeout 2.0
2022-10-22 21:08:43,437 : INFO : SwitchController : <<<<<<< 's_vuk_top' active >>>>>>>
2022-10-22 21:08:44,027 : INFO : EventManager : Event: ======'slide_press_start_removed'====== Args={'_from_bcp': True}
2022-10-22 21:08:44,029 : INFO : EventManager : Event: ======'slide_press_start_created'====== Args={'_from_bcp': True}
2022-10-22 21:08:44,030 : INFO : EventManager : Event: ======'slide_press_start_active'====== Args={'_from_bcp': True}
2022-10-22 21:08:45,086 : INFO : ball_device.bd_top_vuk : State: failed_confirm
2022-10-22 21:08:45,086 : INFO : ball_device.bd_top_vuk : Got timeout (2.0s) before confirm from <playfield.playfield>
2022-10-22 21:08:45,166 : INFO : SwitchController : <<<<<<< 's_start' active >>>>>>>
2022-10-22 21:08:45,186 : INFO : ball_device.bd_top_vuk : Got unknown balls. Assuming a ball returned.
2022-10-22 21:08:45,186 : INFO : EventManager : Event: ======'balldevice_bd_top_vuk_ball_eject_failed'====== Args={'target': <playfield.playfield>, 'balls': 1, 'retry': True, 'num_attempts': 1}
2022-10-22 21:08:45,187 : INFO : ball_device.bd_top_vuk : State: waiting_for_target_ready
2022-10-22 21:08:45,187 : INFO : EventManager : Event: ======'balldevice_bd_top_vuk_ball_eject_attempt'====== Args={'balls': 1, 'target': <playfield.playfield>, 'source': <ball_device.bd_top_vuk>, 'mechanical_eject': False, 'num_attempts': 1}
2022-10-22 21:08:45,188 : INFO : ball_device.bd_top_vuk : State: ejecting
2022-10-22 21:08:45,188 : INFO : ball_device.bd_top_vuk : Ejecting ball to <playfield.playfield>
2022-10-22 21:08:45,188 : INFO : EventManager : Event: ======'balldevice_bd_top_vuk_ejecting_ball'====== Args={'balls': 1, 'target': <playfield.playfield>, 'source': <ball_device.bd_top_vuk>, 'mechanical_eject': False, 'num_attempts': 1}
2022-10-22 21:08:45,188 : INFO : ball_device.bd_top_vuk : Wait for ball to leave device
2022-10-22 21:08:45,188 : INFO : coil.c_top_vuk : Pulsing Driver for 100ms (1.0 pulse_power)
2022-10-22 21:08:45,326 : INFO : SwitchController : <<<<<<< 's_start' inactive >>>>>>>
2022-10-22 21:08:45,326 : INFO : EventManager : Event: ======'request_to_start_game'====== Args={}
2022-10-22 21:08:45,326 : INFO : SwitchController : <<<<<<< 's_vuk_top' inactive >>>>>>>
2022-10-22 21:08:45,327 : INFO : BallController : Known balls: 4
2022-10-22 21:08:45,327 : INFO : BallController : bd_trough contains 3 balls. Tags ['trough', 'home', 'drain']
2022-10-22 21:08:45,327 : INFO : BallController : bd_plunger contains 0 balls. Tags []
2022-10-22 21:08:45,327 : INFO : BallController : bd_top_vuk contains 1 balls. Tags []
2022-10-22 21:08:45,327 : INFO : BallController : bd_right_vuk contains 0 balls. Tags []
2022-10-22 21:08:45,327 : INFO : BallController : bd_bot_vuk contains 0 balls. Tags []
2022-10-22 21:08:45,327 : INFO : BallController : playfield contains 0 balls. Tags ['default']
2022-10-22 21:08:45,327 : WARNING : BallController : BallController denies game start. Not enough balls. -1 found. 1 required
2022-10-22 21:08:45,327 : INFO : BallController : Triggering ball search.
2022-10-22 21:08:45,334 : INFO : ball_device.bd_top_vuk : State: ball_left
2022-10-22 21:08:45,334 : INFO : ball_device.bd_top_vuk : Ball left
2022-10-22 21:08:45,335 : INFO : ball_device.bd_top_vuk : Wait for confirm with timeout 2.0
2022-10-22 21:08:45,582 : INFO : SwitchController : <<<<<<< 's_vuk_top' active >>>>>>>
2022-10-22 21:08:47,027 : INFO : EventManager : Event: ======'slide_mission_pinball_removed'====== Args={'_from_bcp': True}
2022-10-22 21:08:47,029 : INFO : EventManager : Event: ======'slide_mission_pinball_created'====== Args={'_from_bcp': True}
2022-10-22 21:08:47,029 : INFO : EventManager : Event: ======'slide_mission_pinball_active'====== Args={'_from_bcp': True}
2022-10-22 21:08:47,340 : INFO : ball_device.bd_top_vuk : State: failed_confirm
2022-10-22 21:08:47,340 : INFO : ball_device.bd_top_vuk : Got timeout (2.0s) before confirm from <playfield.playfield>
2022-10-22 21:08:47,436 : INFO : ball_device.bd_top_vuk : Got unknown balls. Assuming a ball returned.
2022-10-22 21:08:47,436 : INFO : EventManager : Event: ======'balldevice_bd_top_vuk_ball_eject_failed'====== Args={'target': <playfield.playfield>, 'balls': 1, 'retry': True, 'num_attempts': 2}
2022-10-22 21:08:47,437 : INFO : ball_device.bd_top_vuk : State: waiting_for_target_ready
2022-10-22 21:08:47,437 : INFO : EventManager : Event: ======'balldevice_bd_top_vuk_ball_eject_attempt'====== Args={'balls': 1, 'target': <playfield.playfield>, 'source': <ball_device.bd_top_vuk>, 'mechanical_eject': False, 'num_attempts': 2}
2022-10-22 21:08:47,437 : INFO : ball_device.bd_top_vuk : State: ejecting
2022-10-22 21:08:47,437 : INFO : ball_device.bd_top_vuk : Ejecting ball to <playfield.playfield>
2022-10-22 21:08:47,437 : INFO : EventManager : Event: ======'balldevice_bd_top_vuk_ejecting_ball'====== Args={'balls': 1, 'target': <playfield.playfield>, 'source': <ball_device.bd_top_vuk>, 'mechanical_eject': False, 'num_attempts': 2}
2022-10-22 21:08:47,438 : INFO : ball_device.bd_top_vuk : Wait for ball to leave device
2022-10-22 21:08:47,438 : INFO : coil.c_top_vuk : Pulsing Driver for 100ms (1.0 pulse_power)
2022-10-22 21:08:47,596 : INFO : SwitchController : <<<<<<< 's_vuk_top' inactive >>>>>>>
2022-10-22 21:08:47,601 : INFO : ball_device.bd_top_vuk : State: ball_left
2022-10-22 21:08:47,601 : INFO : ball_device.bd_top_vuk : Ball left
2022-10-22 21:08:47,601 : INFO : ball_device.bd_top_vuk : Wait for confirm with timeout 2.0
2022-10-22 21:08:49,587 : INFO : ball_device.bd_top_vuk : State: failed_confirm
2022-10-22 21:08:49,587 : INFO : ball_device.bd_top_vuk : Got timeout (2.0s) before confirm from <playfield.playfield>
2022-10-22 21:08:49,682 : INFO : ball_device.bd_top_vuk : Confirming eject because target is playfield and ball did not return.
2022-10-22 21:08:49,682 : INFO : ball_device.bd_top_vuk : Eject successful
2022-10-22 21:08:49,682 : INFO : EventManager : Event: ======'balldevice_bd_top_vuk_ball_eject_success'====== Args={'balls': 1, 'target': <playfield.playfield>}
2022-10-22 21:08:49,682 : INFO : EventManager : Event: ======'balldevice_playfield_ball_enter'====== Args={'new_balls': 1, 'unclaimed_balls': 1, 'device': <playfield.playfield>}
2022-10-22 21:08:49,682 : INFO : EventManager : Event: ======'playfield_ball_count_change'====== Args={'balls': 1, 'change': 1}
2022-10-22 21:08:49,683 : INFO : EventManager : Event: ======'balldevice_bd_top_vuk_ball_count_changed'====== Args={'balls': 0}
2022-10-22 21:08:49,683 : INFO : ball_device.bd_top_vuk : State: idle
2022-10-22 21:08:50,026 : INFO : EventManager : Event: ======'slide_last_game_score_slide_removed'====== Args={'_from_bcp': True}
2022-10-22 21:08:50,028 : INFO : EventManager : Event: ======'slide_last_game_score_slide_created'====== Args={'_from_bcp': True}
2022-10-22 21:08:50,029 : INFO : EventManager : Event: ======'slide_last_game_score_slide_active'====== Args={'_from_bcp': True}
2022-10-22 21:08:50,064 : INFO : SwitchController : <<<<<<< 's_right_inlane' active >>>>>>>
2022-10-22 21:08:50,064 : INFO : EventManager : Event: ======'sw_playfield_active'====== Args={}
2022-10-22 21:08:50,064 : INFO : SwitchController : <<<<<<< 's_right_inlane' inactive >>>>>>>
2022-10-22 21:08:50,064 : INFO : SwitchController : <<<<<<< 's_eos_right' active >>>>>>>
2022-10-22 21:08:50,079 : INFO : SwitchController : <<<<<<< 's_eos_right' inactive >>>>>>>
2022-10-22 21:08:52,009 : INFO : SwitchController : <<<<<<< 's_trough_6' active >>>>>>>
2022-10-22 21:08:52,106 : INFO : SwitchController : <<<<<<< 's_trough_6' inactive >>>>>>>
2022-10-22 21:08:52,169 : INFO : SwitchController : <<<<<<< 's_trough_5' active >>>>>>>
2022-10-22 21:08:52,250 : INFO : SwitchController : <<<<<<< 's_trough_5' inactive >>>>>>>
2022-10-22 21:08:52,314 : INFO : SwitchController : <<<<<<< 's_trough_4' active >>>>>>>
2022-10-22 21:08:53,018 : INFO : EventManager : Event: ======'slide_press_start_removed'====== Args={'_from_bcp': True}
2022-10-22 21:08:53,021 : INFO : EventManager : Event: ======'slide_press_start_created'====== Args={'_from_bcp': True}
2022-10-22 21:08:53,022 : INFO : EventManager : Event: ======'slide_press_start_active'====== Args={'_from_bcp': True}
2022-10-22 21:08:53,251 : INFO : SwitchController : <<<<<<< 's_start' active >>>>>>>
2022-10-22 21:08:53,474 : INFO : SwitchController : <<<<<<< 's_start' inactive >>>>>>>
2022-10-22 21:08:53,474 : INFO : EventManager : Event: ======'request_to_start_game'====== Args={}
2022-10-22 21:08:53,475 : INFO : EventManager : Event: ======'collecting_balls'====== Args={}
2022-10-22 21:08:53,475 : INFO : BallController : Known balls: 4
2022-10-22 21:08:53,475 : INFO : BallController : bd_trough contains 3 balls. Tags ['trough', 'home', 'drain']
2022-10-22 21:08:53,475 : INFO : BallController : bd_plunger contains 0 balls. Tags []
2022-10-22 21:08:53,475 : INFO : BallController : bd_top_vuk contains 0 balls. Tags []
2022-10-22 21:08:53,475 : INFO : BallController : bd_right_vuk contains 0 balls. Tags []
2022-10-22 21:08:53,475 : INFO : BallController : bd_bot_vuk contains 0 balls. Tags []
2022-10-22 21:08:53,475 : INFO : BallController : playfield contains 1 balls. Tags ['default']
2022-10-22 21:08:53,475 : WARNING : BallController : BallController denies game start. Balls are not in their home positions.
2022-10-22 21:08:53,760 : INFO : SwitchController : <<<<<<< 's_start' active >>>>>>>
2022-10-22 21:08:53,984 : INFO : SwitchController : <<<<<<< 's_start' inactive >>>>>>>
2022-10-22 21:08:53,984 : INFO : EventManager : Event: ======'request_to_start_game'====== Args={}
2022-10-22 21:08:53,984 : INFO : EventManager : Event: ======'collecting_balls'====== Args={}
2022-10-22 21:08:53,985 : INFO : BallController : Known balls: 4
2022-10-22 21:08:53,985 : INFO : BallController : bd_trough contains 3 balls. Tags ['trough', 'home', 'drain']
2022-10-22 21:08:53,985 : INFO : BallController : bd_plunger contains 0 balls. Tags []
2022-10-22 21:08:53,985 : INFO : BallController : bd_top_vuk contains 0 balls. Tags []
2022-10-22 21:08:53,985 : INFO : BallController : bd_right_vuk contains 0 balls. Tags []
2022-10-22 21:08:53,985 : INFO : BallController : bd_bot_vuk contains 0 balls. Tags []
2022-10-22 21:08:53,985 : INFO : BallController : playfield contains 1 balls. Tags ['default']
2022-10-22 21:08:53,985 : WARNING : BallController : BallController denies game start. Balls are not in their home positions.
2022-10-22 21:08:54,335 : INFO : SwitchController : <<<<<<< 's_start' active >>>>>>>
2022-10-22 21:08:54,543 : INFO : SwitchController : <<<<<<< 's_start' inactive >>>>>>>
2022-10-22 21:08:54,543 : INFO : EventManager : Event: ======'request_to_start_game'====== Args={}
2022-10-22 21:08:54,543 : INFO : EventManager : Event: ======'collecting_balls'====== Args={}
2022-10-22 21:08:54,544 : INFO : BallController : Known balls: 4
2022-10-22 21:08:54,544 : INFO : BallController : bd_trough contains 3 balls. Tags ['trough', 'home', 'drain']
2022-10-22 21:08:54,544 : INFO : BallController : bd_plunger contains 0 balls. Tags []
2022-10-22 21:08:54,544 : INFO : BallController : bd_top_vuk contains 0 balls. Tags []
2022-10-22 21:08:54,544 : INFO : BallController : bd_right_vuk contains 0 balls. Tags []
2022-10-22 21:08:54,544 : INFO : BallController : bd_bot_vuk contains 0 balls. Tags []
2022-10-22 21:08:54,544 : INFO : BallController : playfield contains 1 balls. Tags ['default']
2022-10-22 21:08:54,544 : WARNING : BallController : BallController denies game start. Balls are not in their home positions.
2022-10-22 21:08:54,835 : INFO : SwitchController : <<<<<<< 's_start' active >>>>>>>
2022-10-22 21:08:55,022 : INFO : SwitchController : <<<<<<< 's_start' inactive >>>>>>>
2022-10-22 21:08:55,022 : INFO : EventManager : Event: ======'request_to_start_game'====== Args={}
2022-10-22 21:08:55,022 : INFO : EventManager : Event: ======'collecting_balls'====== Args={}
2022-10-22 21:08:55,023 : INFO : BallController : Known balls: 4
2022-10-22 21:08:55,023 : INFO : BallController : bd_trough contains 3 balls. Tags ['trough', 'home', 'drain']
2022-10-22 21:08:55,023 : INFO : BallController : bd_plunger contains 0 balls. Tags []
2022-10-22 21:08:55,023 : INFO : BallController : bd_top_vuk contains 0 balls. Tags []
2022-10-22 21:08:55,023 : INFO : BallController : bd_right_vuk contains 0 balls. Tags []
2022-10-22 21:08:55,023 : INFO : BallController : bd_bot_vuk contains 0 balls. Tags []
2022-10-22 21:08:55,023 : INFO : BallController : playfield contains 1 balls. Tags ['default']
2022-10-22 21:08:55,023 : WARNING : BallController : BallController denies game start. Balls are not in their home positions.
2022-10-22 21:08:55,214 : INFO : SwitchController : <<<<<<< 's_start' active >>>>>>>
2022-10-22 21:08:55,406 : INFO : SwitchController : <<<<<<< 's_start' inactive >>>>>>>
2022-10-22 21:08:55,406 : INFO : EventManager : Event: ======'request_to_start_game'====== Args={}
2022-10-22 21:08:55,406 : INFO : EventManager : Event: ======'collecting_balls'====== Args={}
2022-10-22 21:08:55,407 : INFO : BallController : Known balls: 4
2022-10-22 21:08:55,407 : INFO : BallController : bd_trough contains 3 balls. Tags ['trough', 'home', 'drain']
2022-10-22 21:08:55,407 : INFO : BallController : bd_plunger contains 0 balls. Tags []
2022-10-22 21:08:55,407 : INFO : BallController : bd_top_vuk contains 0 balls. Tags []
2022-10-22 21:08:55,407 : INFO : BallController : bd_right_vuk contains 0 balls. Tags []
2022-10-22 21:08:55,407 : INFO : BallController : bd_bot_vuk contains 0 balls. Tags []
2022-10-22 21:08:55,407 : INFO : BallController : playfield contains 1 balls. Tags ['default']
2022-10-22 21:08:55,407 : WARNING : BallController : BallController denies game start. Balls are not in their home positions.
2022-10-22 21:08:56,026 : INFO : EventManager : Event: ======'slide_mission_pinball_removed'====== Args={'_from_bcp': True}
2022-10-22 21:08:56,027 : INFO : EventManager : Event: ======'slide_mission_pinball_created'====== Args={'_from_bcp': True}
2022-10-22 21:08:56,028 : INFO : EventManager : Event: ======'slide_mission_pinball_active'====== Args={'_from_bcp': True}
2022-10-22 21:08:58,364 : INFO : Machine : Shutting down...
2022-10-22 21:08:58,364 : INFO : EventManager : Event: ======'shutdown'====== Args={}
2022-10-22 21:08:58,380 : WARNING : FAST : Port RGB received more messages than were sent! Resetting!
2022-10-22 21:08:58,396 : WARNING : FAST : Port NET received more messages than were sent! Resetting!
2022-10-22 21:08:58,474 : ERROR : FAST : Stop called on serial connection com14
2022-10-22 21:08:58,474 : ERROR : FAST : Stop called on serial connection com15
2022-10-22 21:08:58,710 : INFO : root : MPF run loop ended.
