2022-10-06 07:31:31,859 : INFO : root : Loading config.
2022-10-06 07:31:31,862 : INFO : YamlMultifileConfigLoader : Machine config file #1: config.yaml
2022-10-06 07:31:31,863 : INFO : ConfigProcessor : Loading config from cache: C:\Users\Tanner\AppData\Local\Temp\a6762098cb994b55cb03a478b26022ee.mpf_cache
2022-10-06 07:31:31,922 : INFO : ConfigProcessor : Loading config from cache: C:\Users\Tanner\AppData\Local\Temp\9cf7ccc27b21f4d6162237fadfc53e5a.mpf_cache
2022-10-06 07:31:31,923 : INFO : ConfigProcessor : Loading config from cache: C:\Users\Tanner\AppData\Local\Temp\c215df352878fee5d54f1a5ec5b16e7c.mpf_cache
2022-10-06 07:31:31,924 : INFO : ConfigProcessor : Loading config from cache: C:\Users\Tanner\AppData\Local\Temp\708062243e0edcfa77dd6b1521bd0d4e.mpf_cache
2022-10-06 07:31:31,925 : INFO : ConfigProcessor : Loading config from cache: C:\Users\Tanner\AppData\Local\Temp\c4174472f67f7b070dd6fb437c6feb0c.mpf_cache
2022-10-06 07:31:31,925 : INFO : ConfigProcessor : Loading config from cache: C:\Users\Tanner\AppData\Local\Temp\abaa92c43d134e3392cbb2346e6a16be.mpf_cache
2022-10-06 07:31:31,926 : INFO : ConfigProcessor : Loading config from cache: C:\Users\Tanner\AppData\Local\Temp\fc46d53fcb9fe6b8abf783d9c813390a.mpf_cache
2022-10-06 07:31:31,927 : INFO : Machine : Mission Pinball Framework Core Engine v0.55.0
2022-10-06 07:31:31,927 : INFO : Machine : Command line arguments: {'no_load_cache': False, 'create_config_cache': True, 'bcp': False, 'configfile': ['config.yaml'], 'force_assets_load': False, 'jsonlogging': False, 'logfile': 'logs\\2022-10-06-07-31-31-mpf-DESKTOP-7HNFDQ5.log', 'pause': False, 'production': False, 'text_ui': True, 'loglevel': 15, 'consoleloglevel': 20, 'force_platform': None, 'syslog_address': None, 'mc_file_name': None, 'no_sound': False}
2022-10-06 07:31:31,927 : INFO : Machine : MPF path: c:\users\tanner\appdata\local\programs\python\python37\lib\site-packages\mpf
2022-10-06 07:31:31,927 : INFO : Machine : Machine path: c:\trashland_2
2022-10-06 07:31:31,927 : INFO : Machine : Platform: win32
2022-10-06 07:31:31,927 : INFO : Machine : Python executable location: c:\users\tanner\appdata\local\programs\python\python37\python.exe
2022-10-06 07:31:31,927 : INFO : Machine : Python version: 3.7.8 (64-bit)
2022-10-06 07:31:31,928 : INFO : Machine : Initialise MPF.
2022-10-06 07:31:32,168 : INFO : FAST : Connecting to com9 at 921600bps
2022-10-06 07:31:32,216 : INFO : FAST : Connected! Processor: NET, Board Type: FP-CPU-002-2, Firmware: 01.05
2022-10-06 07:31:32,216 : INFO : EventManager : Event: ======'machine_var_fast_net_firmware'====== Args={'value': '01.05', 'prev_value': None, 'change': True}
2022-10-06 07:31:32,216 : INFO : EventManager : Event: ======'machine_var_fast_net_model'====== Args={'value': 'FP-CPU-002-2', 'prev_value': None, 'change': True}
2022-10-06 07:31:34,580 : WARNING : FAST : Got unexpected message from FAST: -N:2B
2022-10-06 07:31:34,580 : WARNING : FAST : Got unexpected message from FAST: -N:2C
2022-10-06 07:31:34,580 : WARNING : FAST : Got unexpected message from FAST: -N:30
2022-10-06 07:31:34,580 : WARNING : FAST : Got unexpected message from FAST: -N:33
2022-10-06 07:31:34,580 : WARNING : FAST : Got unexpected message from FAST: -N:34
2022-10-06 07:31:34,580 : WARNING : FAST : Got unexpected message from FAST: -N:38
2022-10-06 07:31:34,580 : WARNING : FAST : Got unexpected message from FAST: -N:40
2022-10-06 07:31:34,580 : WARNING : FAST : Got unexpected message from FAST: -N:41
2022-10-06 07:31:34,580 : WARNING : FAST : Got unexpected message from FAST: -N:42
2022-10-06 07:31:34,580 : WARNING : FAST : Got unexpected message from FAST: -N:43
2022-10-06 07:31:34,581 : WARNING : FAST : Got unexpected message from FAST: -N:44
2022-10-06 07:31:34,581 : WARNING : FAST : Got unexpected message from FAST: /N:43
2022-10-06 07:31:34,581 : WARNING : FAST : Got unexpected message from FAST: -N:43
2022-10-06 07:31:34,581 : WARNING : FAST : Got unexpected message from FAST: /N:44
2022-10-06 07:31:34,692 : INFO : FAST : Connecting to com10 at 921600bps
2022-10-06 07:31:34,722 : INFO : FAST : Connected! Processor: RGB, Board Type: FP-CPU-002-2, Firmware: 00.87
2022-10-06 07:31:34,722 : INFO : EventManager : Event: ======'machine_var_fast_rgb_firmware'====== Args={'value': '00.87', 'prev_value': None, 'change': True}
2022-10-06 07:31:34,722 : INFO : EventManager : Event: ======'machine_var_fast_rgb_model'====== Args={'value': 'FP-CPU-002-2', 'prev_value': None, 'change': True}
2022-10-06 07:31:34,723 : INFO : EventManager : Event: ======'machine_var_credits_string'====== Args={'value': 'FREE PLAY', 'prev_value': None, 'change': True}
2022-10-06 07:31:34,763 : INFO : EventManager : Event: ======'machine_var_master_volume'====== Args={'value': 0.5, 'prev_value': None, 'change': True}
2022-10-06 07:31:34,763 : INFO : EventManager : Event: ======'machine_var_mpf_version'====== Args={'value': 'MPF v0.55.0', 'prev_value': None, 'change': True}
2022-10-06 07:31:34,763 : INFO : EventManager : Event: ======'machine_var_mpf_extended_version'====== Args={'value': 'MPF v0.55.0, Config version:5, Show version: 5, BCP version:1.1', 'prev_value': None, 'change': True}
2022-10-06 07:31:34,763 : INFO : EventManager : Event: ======'machine_var_python_version'====== Args={'value': '3.7.8', 'prev_value': None, 'change': True}
2022-10-06 07:31:34,763 : INFO : EventManager : Event: ======'machine_var_platform'====== Args={'value': 'Windows-10-10.0.19041-SP0', 'prev_value': None, 'change': True}
2022-10-06 07:31:34,763 : INFO : EventManager : Event: ======'machine_var_platform_system'====== Args={'value': 'Windows', 'prev_value': None, 'change': True}
2022-10-06 07:31:34,763 : INFO : EventManager : Event: ======'machine_var_platform_release'====== Args={'value': '10', 'prev_value': None, 'change': True}
2022-10-06 07:31:34,763 : INFO : EventManager : Event: ======'machine_var_platform_version'====== Args={'value': '10.0.19041', 'prev_value': None, 'change': True}
2022-10-06 07:31:34,764 : INFO : EventManager : Event: ======'machine_var_platform_machine'====== Args={'value': 'AMD64', 'prev_value': None, 'change': True}
2022-10-06 07:31:34,764 : INFO : EventManager : Event: ======'init_phase_1'====== Args={}
2022-10-06 07:31:34,797 : INFO : EventManager : Event: ======'drop_target_bank_mid_up'====== Args={}
2022-10-06 07:31:34,798 : INFO : EventManager : Event: ======'drop_target_bank_right_up'====== Args={}
2022-10-06 07:31:34,812 : INFO : EventManager : Event: ======'init_phase_2'====== Args={}
2022-10-06 07:31:34,813 : INFO : SwitchController : Found active switch: (('2C', 1), <Platform.FAST>) <switch.s_drop_mid_mid>
2022-10-06 07:31:34,813 : INFO : SwitchController : Found active switch: (('2B', 1), <Platform.FAST>) <switch.s_drop_mid_left>
2022-10-06 07:31:34,813 : INFO : SwitchController : Found active switch: (('30', 1), <Platform.FAST>) <switch.s_drop_right_right>
2022-10-06 07:31:34,813 : INFO : SwitchController : Found active switch: (('44', 1), <Platform.FAST>) <switch.s_trough_2>
2022-10-06 07:31:34,813 : INFO : SwitchController : Found active switch: (('3E', 1), <Platform.FAST>) <switch.s_trough_1>
2022-10-06 07:31:34,813 : INFO : SwitchController : Found active switch: (('3D', 1), <Platform.FAST>) <switch.s_trough_jam>
2022-10-06 07:31:34,813 : INFO : SwitchController : Found active switch: (('3C', 1), <Platform.FAST>) <switch.s_eos_right>
2022-10-06 07:31:34,813 : INFO : SwitchController : Found active switch: (('3B', 1), <Platform.FAST>) <switch.s_eos_left>
2022-10-06 07:31:34,813 : INFO : SwitchController : Found active switch: (('5D', 1), <Platform.FAST>) <switch.s_bot_vuk>
2022-10-06 07:31:34,820 : INFO : ball_device.bd_trough : BCH: Initial count: 3
2022-10-06 07:31:34,820 : INFO : ball_device.bd_trough : State: idle
2022-10-06 07:31:34,821 : INFO : ball_device.bd_plunger : BCH: Initial count: 0
2022-10-06 07:31:34,821 : INFO : ball_device.bd_plunger : State: idle
2022-10-06 07:31:34,821 : INFO : ball_device.bd_top_vuk : BCH: Initial count: 0
2022-10-06 07:31:34,822 : INFO : ball_device.bd_top_vuk : State: idle
2022-10-06 07:31:34,822 : INFO : ball_device.bd_right_vuk : BCH: Initial count: 0
2022-10-06 07:31:34,822 : INFO : ball_device.bd_right_vuk : State: idle
2022-10-06 07:31:34,861 : INFO : EventManager : Event: ======'init_phase_3'====== Args={}
2022-10-06 07:31:34,894 : INFO : EventManager : Event: ======'init_phase_4'====== Args={}
2022-10-06 07:31:34,894 : INFO : EventManager : Event: ======'playfield_active'====== Args={}
2022-10-06 07:31:34,894 : INFO : EventManager : Event: ======'unexpected_ball_on_playfield'====== Args={}
2022-10-06 07:31:34,894 : INFO : EventManager : Event: ======'playfield_active'====== Args={}
2022-10-06 07:31:34,894 : INFO : EventManager : Event: ======'unexpected_ball_on_playfield'====== Args={}
2022-10-06 07:31:34,894 : INFO : EventManager : Event: ======'playfield_active'====== Args={}
2022-10-06 07:31:34,894 : INFO : EventManager : Event: ======'unexpected_ball_on_playfield'====== Args={}
2022-10-06 07:31:34,894 : INFO : EventManager : Event: ======'drop_target_mid_mid_down'====== Args={'device': <drop_target.mid_mid>}
2022-10-06 07:31:34,894 : INFO : EventManager : Event: ======'drop_target_bank_mid_mixed'====== Args={'prev_value': <DropTargetBankState.UP: 'up'>, 'down': 1}
2022-10-06 07:31:34,894 : INFO : EventManager : Event: ======'playfield_active'====== Args={}
2022-10-06 07:31:34,895 : INFO : EventManager : Event: ======'unexpected_ball_on_playfield'====== Args={}
2022-10-06 07:31:34,895 : INFO : EventManager : Event: ======'drop_target_mid_left_down'====== Args={'device': <drop_target.mid_left>}
2022-10-06 07:31:34,895 : INFO : EventManager : Event: ======'drop_target_bank_mid_mixed'====== Args={'prev_value': <DropTargetBankState.MIXED: 'mixed'>, 'down': 2}
2022-10-06 07:31:34,895 : INFO : EventManager : Event: ======'playfield_active'====== Args={}
2022-10-06 07:31:34,895 : INFO : EventManager : Event: ======'unexpected_ball_on_playfield'====== Args={}
2022-10-06 07:31:34,895 : INFO : EventManager : Event: ======'drop_target_right_right_down'====== Args={'device': <drop_target.right_right>}
2022-10-06 07:31:34,895 : INFO : EventManager : Event: ======'drop_target_bank_right_mixed'====== Args={'prev_value': <DropTargetBankState.UP: 'up'>, 'down': 1}
2022-10-06 07:31:34,895 : INFO : EventManager : Event: ======'playfield_active'====== Args={}
2022-10-06 07:31:34,895 : INFO : EventManager : Event: ======'unexpected_ball_on_playfield'====== Args={}
2022-10-06 07:31:34,896 : INFO : BallController : Initial balls found: 3
2022-10-06 07:31:34,897 : INFO : EventManager : Event: ======'machine_var_audits_events_game_ended'====== Args={'value': 0, 'prev_value': None, 'change': True}
2022-10-06 07:31:34,898 : INFO : EventManager : Event: ======'machine_var_audits_events_game_started'====== Args={'value': 0, 'prev_value': None, 'change': True}
2022-10-06 07:31:34,898 : INFO : EventManager : Event: ======'machine_var_audits_player_score'====== Args={'value': {'average': 0, 'top': [], 'total': 0}, 'prev_value': None, 'change': True}
2022-10-06 07:31:34,898 : INFO : EventManager : Event: ======'machine_var_audits_switches_s_autolauncher'====== Args={'value': 75, 'prev_value': None, 'change': True}
2022-10-06 07:31:34,898 : INFO : EventManager : Event: ======'machine_var_audits_switches_s_back_pop'====== Args={'value': 0, 'prev_value': None, 'change': True}
2022-10-06 07:31:34,898 : INFO : EventManager : Event: ======'machine_var_audits_switches_s_back_rollover'====== Args={'value': 0, 'prev_value': None, 'change': True}
2022-10-06 07:31:34,898 : INFO : EventManager : Event: ======'machine_var_audits_switches_s_back_stationary'====== Args={'value': 0, 'prev_value': None, 'change': True}
2022-10-06 07:31:34,898 : INFO : EventManager : Event: ======'machine_var_audits_switches_s_bot_back'====== Args={'value': 0, 'prev_value': None, 'change': True}
2022-10-06 07:31:34,898 : INFO : EventManager : Event: ======'machine_var_audits_switches_s_bot_big'====== Args={'value': 0, 'prev_value': None, 'change': True}
2022-10-06 07:31:34,899 : INFO : EventManager : Event: ======'machine_var_audits_switches_s_bot_left'====== Args={'value': 0, 'prev_value': None, 'change': True}
2022-10-06 07:31:34,899 : INFO : EventManager : Event: ======'machine_var_audits_switches_s_bot_right'====== Args={'value': 0, 'prev_value': None, 'change': True}
2022-10-06 07:31:34,899 : INFO : EventManager : Event: ======'machine_var_audits_switches_s_bot_rollover'====== Args={'value': 0, 'prev_value': None, 'change': True}
2022-10-06 07:31:34,899 : INFO : EventManager : Event: ======'machine_var_audits_switches_s_bot_vuk'====== Args={'value': 0, 'prev_value': None, 'change': True}
2022-10-06 07:31:34,899 : INFO : EventManager : Event: ======'machine_var_audits_switches_s_drop_mid_left'====== Args={'value': 51, 'prev_value': None, 'change': True}
2022-10-06 07:31:34,899 : INFO : EventManager : Event: ======'machine_var_audits_switches_s_drop_mid_mid'====== Args={'value': 55, 'prev_value': None, 'change': True}
2022-10-06 07:31:34,899 : INFO : EventManager : Event: ======'machine_var_audits_switches_s_drop_mid_right'====== Args={'value': 5, 'prev_value': None, 'change': True}
2022-10-06 07:31:34,900 : INFO : EventManager : Event: ======'machine_var_audits_switches_s_drop_right_left'====== Args={'value': 13, 'prev_value': None, 'change': True}
2022-10-06 07:31:34,900 : INFO : EventManager : Event: ======'machine_var_audits_switches_s_drop_right_right'====== Args={'value': 19, 'prev_value': None, 'change': True}
2022-10-06 07:31:34,900 : INFO : EventManager : Event: ======'machine_var_audits_switches_s_drop_single'====== Args={'value': 40, 'prev_value': None, 'change': True}
2022-10-06 07:31:34,900 : INFO : EventManager : Event: ======'machine_var_audits_switches_s_eos_left'====== Args={'value': 71, 'prev_value': None, 'change': True}
2022-10-06 07:31:34,900 : INFO : EventManager : Event: ======'machine_var_audits_switches_s_eos_left_top'====== Args={'value': 234, 'prev_value': None, 'change': True}
2022-10-06 07:31:34,900 : INFO : EventManager : Event: ======'machine_var_audits_switches_s_eos_right'====== Args={'value': 96, 'prev_value': None, 'change': True}
2022-10-06 07:31:34,900 : INFO : EventManager : Event: ======'machine_var_audits_switches_s_launch'====== Args={'value': 32, 'prev_value': None, 'change': True}
2022-10-06 07:31:34,901 : INFO : EventManager : Event: ======'machine_var_audits_switches_s_left_flipper'====== Args={'value': 298, 'prev_value': None, 'change': True}
2022-10-06 07:31:34,901 : INFO : EventManager : Event: ======'machine_var_audits_switches_s_left_inlane'====== Args={'value': 9, 'prev_value': None, 'change': True}
2022-10-06 07:31:34,901 : INFO : EventManager : Event: ======'machine_var_audits_switches_s_left_outlane'====== Args={'value': 1, 'prev_value': None, 'change': True}
2022-10-06 07:31:34,901 : INFO : EventManager : Event: ======'machine_var_audits_switches_s_pop_left'====== Args={'value': 58, 'prev_value': None, 'change': True}
2022-10-06 07:31:34,901 : INFO : EventManager : Event: ======'machine_var_audits_switches_s_pop_lower'====== Args={'value': 70, 'prev_value': None, 'change': True}
2022-10-06 07:31:34,902 : INFO : EventManager : Event: ======'machine_var_audits_switches_s_pop_right'====== Args={'value': 61, 'prev_value': None, 'change': True}
2022-10-06 07:31:34,902 : INFO : EventManager : Event: ======'machine_var_audits_switches_s_right_flipper'====== Args={'value': 354, 'prev_value': None, 'change': True}
2022-10-06 07:31:34,902 : INFO : EventManager : Event: ======'machine_var_audits_switches_s_right_inlane'====== Args={'value': 0, 'prev_value': None, 'change': True}
2022-10-06 07:31:34,902 : INFO : EventManager : Event: ======'machine_var_audits_switches_s_right_outlane'====== Args={'value': 12, 'prev_value': None, 'change': True}
2022-10-06 07:31:34,902 : INFO : EventManager : Event: ======'machine_var_audits_switches_s_rollover_left'====== Args={'value': 9, 'prev_value': None, 'change': True}
2022-10-06 07:31:34,902 : INFO : EventManager : Event: ======'machine_var_audits_switches_s_rollover_right'====== Args={'value': 10, 'prev_value': None, 'change': True}
2022-10-06 07:31:34,903 : INFO : EventManager : Event: ======'machine_var_audits_switches_s_sling_left'====== Args={'value': 20, 'prev_value': None, 'change': True}
2022-10-06 07:31:34,903 : INFO : EventManager : Event: ======'machine_var_audits_switches_s_sling_right'====== Args={'value': 20, 'prev_value': None, 'change': True}
2022-10-06 07:31:34,903 : INFO : EventManager : Event: ======'machine_var_audits_switches_s_start'====== Args={'value': 106, 'prev_value': None, 'change': True}
2022-10-06 07:31:34,903 : INFO : EventManager : Event: ======'machine_var_audits_switches_s_tilt'====== Args={'value': 49, 'prev_value': None, 'change': True}
2022-10-06 07:31:34,903 : INFO : EventManager : Event: ======'machine_var_audits_switches_s_transfer_rollover'====== Args={'value': 0, 'prev_value': None, 'change': True}
2022-10-06 07:31:34,904 : INFO : EventManager : Event: ======'machine_var_audits_switches_s_trough_1'====== Args={'value': 57, 'prev_value': None, 'change': True}
2022-10-06 07:31:34,904 : INFO : EventManager : Event: ======'machine_var_audits_switches_s_trough_2'====== Args={'value': 71, 'prev_value': None, 'change': True}
2022-10-06 07:31:34,904 : INFO : EventManager : Event: ======'machine_var_audits_switches_s_trough_3'====== Args={'value': 60, 'prev_value': None, 'change': True}
2022-10-06 07:31:34,904 : INFO : EventManager : Event: ======'machine_var_audits_switches_s_trough_4'====== Args={'value': 60, 'prev_value': None, 'change': True}
2022-10-06 07:31:34,905 : INFO : EventManager : Event: ======'machine_var_audits_switches_s_trough_5'====== Args={'value': 63, 'prev_value': None, 'change': True}
2022-10-06 07:31:34,905 : INFO : EventManager : Event: ======'machine_var_audits_switches_s_trough_6'====== Args={'value': 82, 'prev_value': None, 'change': True}
2022-10-06 07:31:34,905 : INFO : EventManager : Event: ======'machine_var_audits_switches_s_trough_jam'====== Args={'value': 108, 'prev_value': None, 'change': True}
2022-10-06 07:31:34,905 : INFO : EventManager : Event: ======'machine_var_audits_switches_s_upper_drop'====== Args={'value': 0, 'prev_value': None, 'change': True}
2022-10-06 07:31:34,905 : INFO : EventManager : Event: ======'machine_var_audits_switches_s_upper_rollover'====== Args={'value': 0, 'prev_value': None, 'change': True}
2022-10-06 07:31:34,906 : INFO : EventManager : Event: ======'machine_var_audits_switches_s_upper_stationary'====== Args={'value': 0, 'prev_value': None, 'change': True}
2022-10-06 07:31:34,906 : INFO : EventManager : Event: ======'machine_var_audits_switches_s_vuk_back'====== Args={'value': 1, 'prev_value': None, 'change': True}
2022-10-06 07:31:34,906 : INFO : EventManager : Event: ======'machine_var_audits_switches_s_vuk_right'====== Args={'value': 2, 'prev_value': None, 'change': True}
2022-10-06 07:31:34,906 : INFO : EventManager : Event: ======'machine_var_audits_switches_s_vuk_top'====== Args={'value': 0, 'prev_value': None, 'change': True}
2022-10-06 07:31:34,907 : INFO : EventManager : Event: ======'init_phase_5'====== Args={}
2022-10-06 07:31:34,958 : INFO : EventManager : Event: ======'init_done'====== Args={}
2022-10-06 07:31:34,958 : INFO : EventManager : Event: ======'machine_reset_phase_1'====== Args={}
2022-10-06 07:31:34,959 : INFO : EventManager : Event: ======'machine_reset_phase_2'====== Args={}
2022-10-06 07:31:34,960 : INFO : EventManager : Event: ======'machine_reset_phase_3'====== Args={}
2022-10-06 07:31:34,960 : INFO : EventManager : Event: ======'mode_tilt_will_start'====== Args={'queue': <QueuedEvent>}
2022-10-06 07:31:34,960 : INFO : EventManager : Event: ======'mode_tilt_starting'====== Args={'queue': <QueuedEvent>}
2022-10-06 07:31:34,960 : INFO : drop_target_bank.mid : 2 targets are down. Will reset those.
2022-10-06 07:31:34,961 : INFO : coil.c_drop_mid : Pulsing Driver for 50ms (0.7 pulse_power)
2022-10-06 07:31:34,961 : INFO : drop_target_bank.right : 1 targets are down. Will reset those.
2022-10-06 07:31:34,962 : INFO : Mode.tilt : Started. Priority: 1000000
2022-10-06 07:31:34,962 : INFO : EventManager : Event: ======'modes_active_modes_changed'====== Args={}
2022-10-06 07:31:34,962 : INFO : EventManager : Event: ======'mode_tilt_started'====== Args={'queue': <QueuedEvent>}
2022-10-06 07:31:34,962 : INFO : EventManager : Event: ======'reset_complete'====== Args={}
2022-10-06 07:31:34,962 : INFO : EventManager : Event: ======'mode_attract_will_start'====== Args={}
2022-10-06 07:31:34,962 : INFO : EventManager : Event: ======'mode_attract_starting'====== Args={}
2022-10-06 07:31:34,963 : INFO : Mode.attract : Started. Priority: 10
2022-10-06 07:31:34,963 : INFO : EventManager : Event: ======'modes_active_modes_changed'====== Args={}
2022-10-06 07:31:34,963 : INFO : EventManager : Event: ======'mode_attract_started'====== Args={}
2022-10-06 07:31:34,963 : INFO : EventManager : Event: ======'collecting_balls_complete'====== Args={}
2022-10-06 07:31:34,985 : INFO : Machine : Starting the main run loop.
2022-10-06 07:31:35,008 : INFO : coil.c_drop_right : Pulsing Driver for 10ms (1.0 pulse_power)
2022-10-06 07:31:35,040 : INFO : coil.c_drop_right : Pulsing Driver for 10ms (1.0 pulse_power)
2022-10-06 07:31:35,455 : INFO : EventManager : Event: ======'drop_target_bank_mid_mixed'====== Args={'prev_value': <DropTargetBankState.MIXED: 'mixed'>, 'down': 2}
2022-10-06 07:31:35,455 : INFO : EventManager : Event: ======'drop_target_bank_right_mixed'====== Args={'prev_value': <DropTargetBankState.MIXED: 'mixed'>, 'down': 1}
2022-10-06 07:31:36,449 : INFO : SwitchController : <<<<<<< 's_start' active >>>>>>>
2022-10-06 07:31:36,620 : INFO : SwitchController : <<<<<<< 's_start' inactive >>>>>>>
2022-10-06 07:31:36,620 : INFO : EventManager : Event: ======'request_to_start_game'====== Args={}
2022-10-06 07:31:36,621 : INFO : EventManager : Event: ======'game_start'====== Args={'buttons': [], 'hold_time': 0.17200000000002547}
2022-10-06 07:31:36,621 : INFO : EventManager : Event: ======'mode_game_will_start'====== Args={'buttons': [], 'hold_time': 0.17200000000002547}
2022-10-06 07:31:36,621 : INFO : EventManager : Event: ======'mode_game_starting'====== Args={'buttons': [], 'hold_time': 0.17200000000002547}
2022-10-06 07:31:36,621 : INFO : EventManager : Event: ======'mode_attract_will_stop'====== Args={}
2022-10-06 07:31:36,621 : INFO : EventManager : Event: ======'mode_attract_stopping'====== Args={}
2022-10-06 07:31:36,621 : INFO : Mode.attract : Stopped.
2022-10-06 07:31:36,621 : INFO : EventManager : Event: ======'modes_active_modes_changed'====== Args={}
2022-10-06 07:31:36,621 : INFO : EventManager : Event: ======'mode_attract_stopped'====== Args={}
2022-10-06 07:31:36,622 : INFO : EventManager : Event: ======'clear'====== Args={'key': 'attract'}
2022-10-06 07:31:36,622 : INFO : Mode.game : Started. Priority: 20
2022-10-06 07:31:36,622 : INFO : EventManager : Event: ======'modes_active_modes_changed'====== Args={}
2022-10-06 07:31:36,622 : INFO : EventManager : Event: ======'mode_game_started'====== Args={'buttons': [], 'hold_time': 0.17200000000002547}
2022-10-06 07:31:36,626 : INFO : EventManager : Event: ======'game_will_start'====== Args={}
2022-10-06 07:31:36,627 : INFO : EventManager : Event: ======'game_starting'====== Args={'game': <Mode.game>}
2022-10-06 07:31:36,628 : INFO : EventManager : Event: ======'player_add_request'====== Args={}
2022-10-06 07:31:36,628 : INFO : EventManager : Event: ======'player_will_add'====== Args={'number': 1}
2022-10-06 07:31:36,628 : INFO : EventManager : Event: ======'player_adding'====== Args={'player': <Player 1>, 'number': 1}
2022-10-06 07:31:36,628 : INFO : EventManager : Event: ======'player_added'====== Args={'player': <Player 1>, 'num': 1}
2022-10-06 07:31:36,628 : INFO : Mode.game : Player added successfully. Total players: 1
2022-10-06 07:31:36,628 : INFO : EventManager : Event: ======'player_index'====== Args={'value': 0, 'prev_value': 0, 'change': 0, 'player_num': 1}
2022-10-06 07:31:36,628 : INFO : EventManager : Event: ======'player_number'====== Args={'value': 1, 'prev_value': 1, 'change': 0, 'player_num': 1}
2022-10-06 07:31:36,628 : INFO : EventManager : Event: ======'player_score'====== Args={'value': 0, 'prev_value': 0, 'change': 0, 'player_num': 1}
2022-10-06 07:31:36,629 : INFO : EventManager : Event: ======'game_started'====== Args={}
2022-10-06 07:31:36,641 : INFO : EventManager : Event: ======'player_turn_will_start'====== Args={'player': <Player 1>, 'number': 1}
2022-10-06 07:31:36,642 : INFO : EventManager : Event: ======'player_turn_starting'====== Args={'player': <Player 1>, 'number': 1}
2022-10-06 07:31:36,642 : INFO : EventManager : Event: ======'player_ball'====== Args={'value': 1, 'prev_value': 0, 'change': 1, 'player_num': 1}
2022-10-06 07:31:36,642 : INFO : EventManager : Event: ======'player_turn_started'====== Args={'player': <Player 1>, 'number': 1}
2022-10-06 07:31:36,643 : INFO : EventManager : Event: ======'ball_will_start'====== Args={'player': 1, 'ball': 1, 'balls_remaining': 2, 'is_extra_ball': False}
2022-10-06 07:31:36,646 : INFO : EventManager : Event: ======'ball_starting'====== Args={'player': 1, 'ball': 1, 'balls_remaining': 2, 'is_extra_ball': False}
2022-10-06 07:31:36,646 : INFO : EventManager : Event: ======'mode_base_will_start'====== Args={'queue': <QueuedEvent>, 'player': 1, 'ball': 1, 'balls_remaining': 2, 'is_extra_ball': False}
2022-10-06 07:31:36,646 : INFO : EventManager : Event: ======'mode_base_starting'====== Args={'queue': <QueuedEvent>, 'player': 1, 'ball': 1, 'balls_remaining': 2, 'is_extra_ball': False}
2022-10-06 07:31:36,646 : INFO : drop_target_bank.mid : 2 targets are down. Will reset those.
2022-10-06 07:31:36,646 : INFO : coil.c_drop_mid : Pulsing Driver for 50ms (0.7 pulse_power)
2022-10-06 07:31:36,646 : INFO : drop_target_bank.right : 1 targets are down. Will reset those.
2022-10-06 07:31:36,647 : INFO : Mode.base : Started. Priority: 100
2022-10-06 07:31:36,647 : INFO : EventManager : Event: ======'modes_active_modes_changed'====== Args={}
2022-10-06 07:31:36,647 : INFO : EventManager : Event: ======'mode_base_started'====== Args={'queue': <QueuedEvent>, 'player': 1, 'ball': 1, 'balls_remaining': 2, 'is_extra_ball': False}
2022-10-06 07:31:36,647 : INFO : EventManager : Event: ======'balls_in_play'====== Args={'balls': 1}
2022-10-06 07:31:36,647 : INFO : EventManager : Event: ======'ball_started'====== Args={'player': 1, 'ball': 1, 'balls_remaining': 2, 'is_extra_ball': False}
2022-10-06 07:31:36,665 : INFO : EventManager : Event: ======'single_player_ball_started'====== Args={}
2022-10-06 07:31:36,666 : INFO : EventManager : Event: ======'ball_start_target'====== Args={'target': 'playfield'}
2022-10-06 07:31:36,666 : INFO : ball_device.bd_plunger : Setting up player-controlled eject. Balls: 1, Target: <playfield.playfield>, player_controlled_eject_event: s_launch_active
2022-10-06 07:31:36,666 : INFO : EventManager : Event: ======'balldevice_balls_available'====== Args={}
2022-10-06 07:31:36,667 : INFO : ball_device.bd_trough : State: waiting_for_target_ready
2022-10-06 07:31:36,667 : INFO : EventManager : Event: ======'balldevice_bd_trough_ball_eject_attempt'====== Args={'balls': 1, 'target': <ball_device.bd_plunger>, 'source': <ball_device.bd_trough>, 'mechanical_eject': True, 'num_attempts': 0}
2022-10-06 07:31:36,667 : INFO : ball_device.bd_plunger : State: waiting_for_ball
2022-10-06 07:31:36,667 : INFO : ball_device.bd_top_vuk : State: waiting_for_ball
2022-10-06 07:31:36,668 : INFO : ball_device.bd_trough : State: ejecting
2022-10-06 07:31:36,668 : INFO : ball_device.bd_trough : Ejecting ball to <ball_device.bd_plunger>
2022-10-06 07:31:36,668 : INFO : EventManager : Event: ======'balldevice_bd_trough_ejecting_ball'====== Args={'balls': 1, 'target': <ball_device.bd_plunger>, 'source': <ball_device.bd_trough>, 'mechanical_eject': True, 'num_attempts': 0}
2022-10-06 07:31:36,668 : INFO : ball_device.bd_trough : Wait for ball to leave device
2022-10-06 07:31:36,700 : INFO : coil.c_drop_right : Pulsing Driver for 10ms (1.0 pulse_power)
2022-10-06 07:31:36,731 : INFO : coil.c_drop_right : Pulsing Driver for 10ms (1.0 pulse_power)
2022-10-06 07:31:36,731 : INFO : SwitchController : <<<<<<< 's_drop_mid_left' inactive >>>>>>>
2022-10-06 07:31:36,731 : INFO : SwitchController : <<<<<<< 's_drop_mid_mid' inactive >>>>>>>
2022-10-06 07:31:36,735 : INFO : coil.c_trough : Pulsing Driver for 25ms (0.8 pulse_power)
2022-10-06 07:31:36,747 : INFO : SwitchController : <<<<<<< 's_drop_right_right' inactive >>>>>>>
2022-10-06 07:31:36,841 : INFO : SwitchController : <<<<<<< 's_drop_right_right' active >>>>>>>
2022-10-06 07:31:36,841 : INFO : EventManager : Event: ======'machine_var_audits_switches_s_drop_right_right'====== Args={'value': 20, 'prev_value': 19, 'change': 1}
2022-10-06 07:31:36,998 : INFO : SwitchController : <<<<<<< 's_trough_2' inactive >>>>>>>
2022-10-06 07:31:37,001 : INFO : ball_device.bd_trough : State: ball_left
2022-10-06 07:31:37,002 : INFO : ball_device.bd_trough : Ball left
2022-10-06 07:31:37,002 : INFO : ball_device.bd_trough : Wait for confirm with timeout 10.0
2022-10-06 07:31:37,143 : INFO : EventManager : Event: ======'drop_target_bank_mid_mixed'====== Args={'prev_value': <DropTargetBankState.MIXED: 'mixed'>, 'down': 2}
2022-10-06 07:31:37,143 : INFO : EventManager : Event: ======'drop_target_mid_left_up'====== Args={'device': <drop_target.mid_left>}
2022-10-06 07:31:37,143 : INFO : EventManager : Event: ======'drop_target_bank_mid_mixed'====== Args={'prev_value': <DropTargetBankState.MIXED: 'mixed'>, 'down': 1}
2022-10-06 07:31:37,143 : INFO : EventManager : Event: ======'drop_target_mid_mid_up'====== Args={'device': <drop_target.mid_mid>}
2022-10-06 07:31:37,143 : INFO : EventManager : Event: ======'drop_target_bank_mid_up'====== Args={}
2022-10-06 07:31:37,143 : INFO : EventManager : Event: ======'drop_target_bank_right_mixed'====== Args={'prev_value': <DropTargetBankState.MIXED: 'mixed'>, 'down': 1}
2022-10-06 07:31:37,872 : INFO : SwitchController : <<<<<<< 's_tilt' active >>>>>>>
2022-10-06 07:31:37,872 : INFO : Mode.tilt : Tilt Warning
2022-10-06 07:31:37,872 : INFO : EventManager : Event: ======'player_tilt_warnings'====== Args={'value': 1, 'prev_value': 0, 'change': 1, 'player_num': 1}
2022-10-06 07:31:37,872 : INFO : EventManager : Event: ======'tilt_warning'====== Args={'warnings': 1, 'warnings_remaining': 2}
2022-10-06 07:31:37,872 : INFO : EventManager : Event: ======'tilt_warning_1'====== Args={}
2022-10-06 07:31:37,872 : INFO : EventManager : Event: ======'machine_var_audits_switches_s_tilt'====== Args={'value': 50, 'prev_value': 49, 'change': 1}
2022-10-06 07:31:37,873 : INFO : SwitchController : <<<<<<< 's_tilt' inactive >>>>>>>
2022-10-06 07:31:38,489 : INFO : SwitchController : <<<<<<< 's_tilt' active >>>>>>>
2022-10-06 07:31:38,489 : INFO : Mode.tilt : Tilt Warning
2022-10-06 07:31:38,489 : INFO : EventManager : Event: ======'player_tilt_warnings'====== Args={'value': 2, 'prev_value': 1, 'change': 1, 'player_num': 1}
2022-10-06 07:31:38,489 : INFO : EventManager : Event: ======'tilt_warning'====== Args={'warnings': 2, 'warnings_remaining': 1}
2022-10-06 07:31:38,489 : INFO : EventManager : Event: ======'tilt_warning_2'====== Args={}
2022-10-06 07:31:38,490 : INFO : EventManager : Event: ======'machine_var_audits_switches_s_tilt'====== Args={'value': 51, 'prev_value': 50, 'change': 1}
2022-10-06 07:31:38,490 : INFO : SwitchController : <<<<<<< 's_tilt' inactive >>>>>>>
2022-10-06 07:31:40,189 : INFO : SwitchController : <<<<<<< 's_right_flipper' active >>>>>>>
2022-10-06 07:31:40,189 : INFO : EventManager : Event: ======'machine_var_audits_switches_s_right_flipper'====== Args={'value': 355, 'prev_value': 354, 'change': 1}
2022-10-06 07:31:40,515 : INFO : SwitchController : <<<<<<< 's_tilt' active >>>>>>>
2022-10-06 07:31:40,515 : INFO : Mode.tilt : Tilt Warning
2022-10-06 07:31:40,515 : INFO : EventManager : Event: ======'player_tilt_warnings'====== Args={'value': 3, 'prev_value': 2, 'change': 1, 'player_num': 1}
2022-10-06 07:31:40,515 : INFO : Mode.tilt : Processing Tilt. Balls to collect: 1
2022-10-06 07:31:40,515 : INFO : EventManager : Event: ======'tilt'====== Args={}
2022-10-06 07:31:40,516 : INFO : EventManager : Event: ======'machine_var_audits_switches_s_tilt'====== Args={'value': 52, 'prev_value': 51, 'change': 1}
2022-10-06 07:31:40,516 : INFO : SwitchController : <<<<<<< 's_pop_right' active >>>>>>>
2022-10-06 07:31:40,516 : INFO : EventManager : Event: ======'playfield_active'====== Args={}
2022-10-06 07:31:40,516 : INFO : EventManager : Event: ======'unexpected_ball_on_playfield'====== Args={}
2022-10-06 07:31:40,516 : INFO : EventManager : Event: ======'machine_var_audits_switches_s_pop_right'====== Args={'value': 62, 'prev_value': 61, 'change': 1}
2022-10-06 07:31:40,517 : INFO : SwitchController : <<<<<<< 's_tilt' inactive >>>>>>>
2022-10-06 07:31:40,517 : INFO : EventManager : Event: ======'ball_will_end'====== Args={}
2022-10-06 07:31:40,521 : INFO : EventManager : Event: ======'player_tilt_warnings'====== Args={'value': 0, 'prev_value': 3, 'change': -3, 'player_num': 1}
2022-10-06 07:31:40,522 : INFO : EventManager : Event: ======'ball_ending'====== Args={}
2022-10-06 07:31:40,522 : INFO : SwitchController : <<<<<<< 's_pop_right' inactive >>>>>>>
2022-10-06 07:31:40,522 : INFO : EventManager : Event: ======'mode_base_will_stop'====== Args={}
2022-10-06 07:31:40,522 : INFO : EventManager : Event: ======'mode_base_stopping'====== Args={}
2022-10-06 07:31:40,525 : INFO : Mode.base : Stopped.
2022-10-06 07:31:40,525 : INFO : EventManager : Event: ======'modes_active_modes_changed'====== Args={}
2022-10-06 07:31:40,525 : INFO : EventManager : Event: ======'mode_base_stopped'====== Args={}
2022-10-06 07:31:40,526 : INFO : EventManager : Event: ======'clear'====== Args={'key': 'base'}
2022-10-06 07:31:40,542 : INFO : EventManager : Event: ======'ball_ended'====== Args={}
2022-10-06 07:31:40,543 : INFO : EventManager : Event: ======'player_turn_will_end'====== Args={'player': <Player 1>, 'number': 1}
2022-10-06 07:31:40,546 : INFO : EventManager : Event: ======'player_turn_ending'====== Args={'player': <Player 1>, 'number': 1}
2022-10-06 07:31:40,672 : INFO : SwitchController : <<<<<<< 's_right_flipper' inactive >>>>>>>
2022-10-06 07:31:40,796 : INFO : SwitchController : <<<<<<< 's_left_flipper' active >>>>>>>
2022-10-06 07:31:40,796 : INFO : EventManager : Event: ======'machine_var_audits_switches_s_left_flipper'====== Args={'value': 299, 'prev_value': 298, 'change': 1}
2022-10-06 07:31:41,047 : INFO : SwitchController : <<<<<<< 's_left_flipper' inactive >>>>>>>
2022-10-06 07:31:41,104 : INFO : SwitchController : <<<<<<< 's_tilt' active >>>>>>>
2022-10-06 07:31:41,104 : INFO : EventManager : Event: ======'machine_var_audits_switches_s_tilt'====== Args={'value': 53, 'prev_value': 52, 'change': 1}
2022-10-06 07:31:41,123 : INFO : SwitchController : <<<<<<< 's_tilt' inactive >>>>>>>
2022-10-06 07:31:41,474 : INFO : SwitchController : <<<<<<< 's_left_flipper' active >>>>>>>
2022-10-06 07:31:41,474 : INFO : EventManager : Event: ======'machine_var_audits_switches_s_left_flipper'====== Args={'value': 300, 'prev_value': 299, 'change': 1}
2022-10-06 07:31:41,506 : INFO : SwitchController : <<<<<<< 's_right_flipper' active >>>>>>>
2022-10-06 07:31:41,506 : INFO : EventManager : Event: ======'flipper_cancel'====== Args={'triggering_group': 2, 'triggering_switch': 's_right_flipper'}
2022-10-06 07:31:41,506 : INFO : EventManager : Event: ======'machine_var_audits_switches_s_right_flipper'====== Args={'value': 356, 'prev_value': 355, 'change': 1}
2022-10-06 07:31:41,506 : INFO : SwitchController : <<<<<<< 's_right_flipper' inactive >>>>>>>
2022-10-06 07:31:41,507 : INFO : EventManager : Event: ======'both_flippers_one'====== Args={'triggering_group': 2, 'triggering_switch': 's_right_flipper'}
2022-10-06 07:31:41,507 : INFO : SwitchController : <<<<<<< 's_right_flipper' active >>>>>>>
2022-10-06 07:31:41,507 : INFO : EventManager : Event: ======'flipper_cancel'====== Args={'triggering_group': 2, 'triggering_switch': 's_right_flipper'}
2022-10-06 07:31:41,507 : INFO : EventManager : Event: ======'machine_var_audits_switches_s_right_flipper'====== Args={'value': 357, 'prev_value': 356, 'change': 1}
2022-10-06 07:31:41,678 : INFO : SwitchController : <<<<<<< 's_right_flipper' inactive >>>>>>>
2022-10-06 07:31:41,678 : INFO : EventManager : Event: ======'both_flippers_one'====== Args={'triggering_group': 2, 'triggering_switch': 's_right_flipper'}
2022-10-06 07:31:41,708 : INFO : SwitchController : <<<<<<< 's_tilt' active >>>>>>>
2022-10-06 07:31:41,708 : INFO : EventManager : Event: ======'machine_var_audits_switches_s_tilt'====== Args={'value': 54, 'prev_value': 53, 'change': 1}
2022-10-06 07:31:41,708 : INFO : SwitchController : <<<<<<< 's_tilt' inactive >>>>>>>
2022-10-06 07:31:41,727 : INFO : SwitchController : <<<<<<< 's_left_flipper' inactive >>>>>>>
2022-10-06 07:31:41,727 : INFO : EventManager : Event: ======'both_flippers_inactive'====== Args={'triggering_group': 1, 'triggering_switch': 's_left_flipper'}
2022-10-06 07:31:43,000 : INFO : SwitchController : <<<<<<< 's_left_flipper' active >>>>>>>
2022-10-06 07:31:43,000 : INFO : EventManager : Event: ======'machine_var_audits_switches_s_left_flipper'====== Args={'value': 301, 'prev_value': 300, 'change': 1}
2022-10-06 07:31:43,279 : INFO : SwitchController : <<<<<<< 's_left_flipper' inactive >>>>>>>
2022-10-06 07:31:43,980 : INFO : SwitchController : <<<<<<< 's_left_flipper' active >>>>>>>
2022-10-06 07:31:43,980 : INFO : EventManager : Event: ======'machine_var_audits_switches_s_left_flipper'====== Args={'value': 302, 'prev_value': 301, 'change': 1}
2022-10-06 07:31:44,492 : INFO : SwitchController : <<<<<<< 's_right_flipper' active >>>>>>>
2022-10-06 07:31:44,492 : INFO : EventManager : Event: ======'flipper_cancel'====== Args={'triggering_group': 2, 'triggering_switch': 's_right_flipper'}
2022-10-06 07:31:44,492 : INFO : EventManager : Event: ======'machine_var_audits_switches_s_right_flipper'====== Args={'value': 358, 'prev_value': 357, 'change': 1}
2022-10-06 07:31:44,708 : INFO : SwitchController : <<<<<<< 's_left_flipper' inactive >>>>>>>
2022-10-06 07:31:44,708 : INFO : EventManager : Event: ======'both_flippers_one'====== Args={'triggering_group': 1, 'triggering_switch': 's_left_flipper'}
2022-10-06 07:31:44,816 : INFO : SwitchController : <<<<<<< 's_right_flipper' inactive >>>>>>>
2022-10-06 07:31:44,816 : INFO : EventManager : Event: ======'both_flippers_inactive'====== Args={'triggering_group': 2, 'triggering_switch': 's_right_flipper'}
2022-10-06 07:31:44,879 : INFO : SwitchController : <<<<<<< 's_right_flipper' active >>>>>>>
2022-10-06 07:31:44,879 : INFO : EventManager : Event: ======'machine_var_audits_switches_s_right_flipper'====== Args={'value': 359, 'prev_value': 358, 'change': 1}
2022-10-06 07:31:44,942 : INFO : SwitchController : <<<<<<< 's_left_flipper' active >>>>>>>
2022-10-06 07:31:44,942 : INFO : EventManager : Event: ======'flipper_cancel'====== Args={'triggering_group': 1, 'triggering_switch': 's_left_flipper'}
2022-10-06 07:31:44,942 : INFO : EventManager : Event: ======'machine_var_audits_switches_s_left_flipper'====== Args={'value': 303, 'prev_value': 302, 'change': 1}
2022-10-06 07:31:45,112 : INFO : SwitchController : <<<<<<< 's_right_flipper' inactive >>>>>>>
2022-10-06 07:31:45,112 : INFO : EventManager : Event: ======'both_flippers_one'====== Args={'triggering_group': 2, 'triggering_switch': 's_right_flipper'}
2022-10-06 07:31:45,204 : INFO : SwitchController : <<<<<<< 's_left_flipper' inactive >>>>>>>
2022-10-06 07:31:45,204 : INFO : EventManager : Event: ======'both_flippers_inactive'====== Args={'triggering_group': 1, 'triggering_switch': 's_left_flipper'}
2022-10-06 07:31:45,922 : INFO : SwitchController : <<<<<<< 's_pop_lower' active >>>>>>>
2022-10-06 07:31:45,922 : INFO : EventManager : Event: ======'machine_var_audits_switches_s_pop_lower'====== Args={'value': 71, 'prev_value': 70, 'change': 1}
2022-10-06 07:31:45,983 : INFO : SwitchController : <<<<<<< 's_pop_lower' inactive >>>>>>>
2022-10-06 07:31:46,370 : INFO : SwitchController : <<<<<<< 's_pop_lower' active >>>>>>>
2022-10-06 07:31:46,370 : INFO : EventManager : Event: ======'machine_var_audits_switches_s_pop_lower'====== Args={'value': 72, 'prev_value': 71, 'change': 1}
2022-10-06 07:31:46,465 : INFO : SwitchController : <<<<<<< 's_pop_lower' inactive >>>>>>>
2022-10-06 07:31:46,713 : INFO : SwitchController : <<<<<<< 's_pop_lower' active >>>>>>>
2022-10-06 07:31:46,713 : INFO : EventManager : Event: ======'machine_var_audits_switches_s_pop_lower'====== Args={'value': 73, 'prev_value': 72, 'change': 1}
2022-10-06 07:31:46,992 : INFO : ball_device.bd_trough : State: failed_confirm
2022-10-06 07:31:46,992 : INFO : ball_device.bd_trough : Got timeout (10.0s) before confirm from <ball_device.bd_plunger>
2022-10-06 07:31:47,134 : INFO : SwitchController : <<<<<<< 's_pop_lower' inactive >>>>>>>
2022-10-06 07:31:47,907 : INFO : SwitchController : <<<<<<< 's_start' active >>>>>>>
2022-10-06 07:31:47,907 : INFO : EventManager : Event: ======'sw_start'====== Args={}
2022-10-06 07:31:47,907 : INFO : EventManager : Event: ======'machine_var_audits_switches_s_start'====== Args={'value': 107, 'prev_value': 106, 'change': 1}
2022-10-06 07:31:47,908 : INFO : EventManager : Event: ======'player_add_request'====== Args={}
2022-10-06 07:31:47,908 : INFO : EventManager : Event: ======'player_will_add'====== Args={'number': 2}
2022-10-06 07:31:47,908 : INFO : EventManager : Event: ======'player_adding'====== Args={'player': <Player 2>, 'number': 2}
2022-10-06 07:31:47,908 : INFO : EventManager : Event: ======'player_added'====== Args={'player': <Player 2>, 'num': 2}
2022-10-06 07:31:47,908 : INFO : Mode.game : Player added successfully. Total players: 2
2022-10-06 07:31:47,908 : INFO : EventManager : Event: ======'multiplayer_game'====== Args={}
2022-10-06 07:31:47,908 : INFO : EventManager : Event: ======'player_index'====== Args={'value': 1, 'prev_value': 1, 'change': 0, 'player_num': 2}
2022-10-06 07:31:47,908 : INFO : EventManager : Event: ======'player_number'====== Args={'value': 2, 'prev_value': 2, 'change': 0, 'player_num': 2}
2022-10-06 07:31:47,908 : INFO : EventManager : Event: ======'player_score'====== Args={'value': 0, 'prev_value': 0, 'change': 0, 'player_num': 2}
2022-10-06 07:31:48,232 : INFO : SwitchController : <<<<<<< 's_start' inactive >>>>>>>
2022-10-06 07:31:48,339 : INFO : SwitchController : <<<<<<< 's_tilt' active >>>>>>>
2022-10-06 07:31:48,339 : INFO : EventManager : Event: ======'machine_var_audits_switches_s_tilt'====== Args={'value': 55, 'prev_value': 54, 'change': 1}
2022-10-06 07:31:48,339 : INFO : SwitchController : <<<<<<< 's_tilt' inactive >>>>>>>
2022-10-06 07:31:48,962 : INFO : SwitchController : <<<<<<< 's_left_flipper' active >>>>>>>
2022-10-06 07:31:48,962 : INFO : EventManager : Event: ======'machine_var_audits_switches_s_left_flipper'====== Args={'value': 304, 'prev_value': 303, 'change': 1}
2022-10-06 07:31:48,967 : INFO : SwitchController : <<<<<<< 's_tilt' active >>>>>>>
2022-10-06 07:31:48,968 : INFO : EventManager : Event: ======'machine_var_audits_switches_s_tilt'====== Args={'value': 56, 'prev_value': 55, 'change': 1}
2022-10-06 07:31:48,968 : INFO : SwitchController : <<<<<<< 's_tilt' inactive >>>>>>>
2022-10-06 07:31:49,211 : INFO : SwitchController : <<<<<<< 's_left_flipper' inactive >>>>>>>
2022-10-06 07:31:49,258 : INFO : SwitchController : <<<<<<< 's_right_flipper' active >>>>>>>
2022-10-06 07:31:49,258 : INFO : EventManager : Event: ======'machine_var_audits_switches_s_right_flipper'====== Args={'value': 360, 'prev_value': 359, 'change': 1}
2022-10-06 07:31:49,430 : INFO : SwitchController : <<<<<<< 's_right_flipper' inactive >>>>>>>
2022-10-06 07:31:49,570 : INFO : SwitchController : <<<<<<< 's_tilt' active >>>>>>>
2022-10-06 07:31:49,570 : INFO : EventManager : Event: ======'machine_var_audits_switches_s_tilt'====== Args={'value': 57, 'prev_value': 56, 'change': 1}
2022-10-06 07:31:49,590 : INFO : SwitchController : <<<<<<< 's_tilt' inactive >>>>>>>
2022-10-06 07:31:50,209 : INFO : SwitchController : <<<<<<< 's_tilt' active >>>>>>>
2022-10-06 07:31:50,209 : INFO : EventManager : Event: ======'machine_var_audits_switches_s_tilt'====== Args={'value': 58, 'prev_value': 57, 'change': 1}
2022-10-06 07:31:50,229 : INFO : SwitchController : <<<<<<< 's_tilt' inactive >>>>>>>
2022-10-06 07:31:53,262 : INFO : Machine : Shutting down...
2022-10-06 07:31:53,262 : INFO : EventManager : Event: ======'shutdown'====== Args={}
2022-10-06 07:31:53,278 : WARNING : FAST : Port RGB received more messages than were sent! Resetting!
2022-10-06 07:31:53,278 : WARNING : FAST : Port NET received more messages than were sent! Resetting!
2022-10-06 07:31:53,372 : ERROR : FAST : Stop called on serial connection com9
2022-10-06 07:31:53,372 : ERROR : FAST : Stop called on serial connection com10
2022-10-06 07:31:53,619 : INFO : root : MPF run loop ended.
