2022-09-06 17:21:27,711 : INFO : root : Loading config.
2022-09-06 17:21:27,714 : INFO : YamlMultifileConfigLoader : Machine config file #1: config.yaml
2022-09-06 17:21:27,715 : INFO : ConfigProcessor : Loading config from cache: C:\Users\Tanner\AppData\Local\Temp\a6762098cb994b55cb03a478b26022ee.mpf_cache
2022-09-06 17:21:27,776 : INFO : ConfigProcessor : Loading config from cache: C:\Users\Tanner\AppData\Local\Temp\ec172e3d2b0d14c1982139d23248bb88.mpf_cache
2022-09-06 17:21:27,777 : INFO : ConfigProcessor : Loading config from cache: C:\Users\Tanner\AppData\Local\Temp\c215df352878fee5d54f1a5ec5b16e7c.mpf_cache
2022-09-06 17:21:27,778 : INFO : Machine : Mission Pinball Framework Core Engine v0.55.0
2022-09-06 17:21:27,778 : INFO : Machine : Command line arguments: {'no_load_cache': False, 'create_config_cache': True, 'bcp': False, 'configfile': ['config.yaml'], 'force_assets_load': False, 'jsonlogging': False, 'logfile': 'logs\\2022-09-06-17-21-27-mpf-DESKTOP-7HNFDQ5.log', 'pause': False, 'production': False, 'text_ui': True, 'loglevel': 15, 'consoleloglevel': 20, 'force_platform': None, 'syslog_address': None, 'mc_file_name': None, 'no_sound': False}
2022-09-06 17:21:27,778 : INFO : Machine : MPF path: c:\users\tanner\appdata\local\programs\python\python37\lib\site-packages\mpf
2022-09-06 17:21:27,778 : INFO : Machine : Machine path: c:\trashland_2
2022-09-06 17:21:27,778 : INFO : Machine : Platform: win32
2022-09-06 17:21:27,778 : INFO : Machine : Python executable location: c:\users\tanner\appdata\local\programs\python\python37\python.exe
2022-09-06 17:21:27,778 : INFO : Machine : Python version: 3.7.8 (64-bit)
2022-09-06 17:21:27,780 : INFO : Machine : Initialise MPF.
2022-09-06 17:21:28,027 : INFO : FAST : Connecting to com20 at 921600bps
2022-09-06 17:21:28,140 : INFO : FAST : Connected! Processor: NET, Board Type: FP-CPU-002-2, Firmware: 01.00
2022-09-06 17:21:28,140 : INFO : EventManager : Event: ======'machine_var_fast_net_firmware'====== Args={'value': '01.00', 'prev_value': None, 'change': True}
2022-09-06 17:21:28,140 : INFO : EventManager : Event: ======'machine_var_fast_net_model'====== Args={'value': 'FP-CPU-002-2', 'prev_value': None, 'change': True}
2022-09-06 17:21:33,151 : WARNING : FAST : Reset of NET CPU failed. This might be a firmware bug in your version.
2022-09-06 17:21:33,765 : INFO : FAST : Connecting to com21 at 921600bps
2022-09-06 17:21:33,876 : INFO : FAST : Connected! Processor: RGB, Board Type: FP-CPU-002-2, Firmware: 01.00
2022-09-06 17:21:33,876 : INFO : EventManager : Event: ======'machine_var_fast_rgb_firmware'====== Args={'value': '01.00', 'prev_value': None, 'change': True}
2022-09-06 17:21:33,877 : INFO : EventManager : Event: ======'machine_var_fast_rgb_model'====== Args={'value': 'FP-CPU-002-2', 'prev_value': None, 'change': True}
2022-09-06 17:21:33,877 : INFO : EventManager : Event: ======'machine_var_credits_string'====== Args={'value': 'FREE PLAY', 'prev_value': None, 'change': True}
2022-09-06 17:21:33,922 : INFO : EventManager : Event: ======'machine_var_master_volume'====== Args={'value': 0.5, 'prev_value': None, 'change': True}
2022-09-06 17:21:33,923 : INFO : EventManager : Event: ======'machine_var_mpf_version'====== Args={'value': 'MPF v0.55.0', 'prev_value': None, 'change': True}
2022-09-06 17:21:33,923 : INFO : EventManager : Event: ======'machine_var_mpf_extended_version'====== Args={'value': 'MPF v0.55.0, Config version:5, Show version: 5, BCP version:1.1', 'prev_value': None, 'change': True}
2022-09-06 17:21:33,923 : INFO : EventManager : Event: ======'machine_var_python_version'====== Args={'value': '3.7.8', 'prev_value': None, 'change': True}
2022-09-06 17:21:33,923 : INFO : EventManager : Event: ======'machine_var_platform'====== Args={'value': 'Windows-10-10.0.19041-SP0', 'prev_value': None, 'change': True}
2022-09-06 17:21:33,923 : INFO : EventManager : Event: ======'machine_var_platform_system'====== Args={'value': 'Windows', 'prev_value': None, 'change': True}
2022-09-06 17:21:33,923 : INFO : EventManager : Event: ======'machine_var_platform_release'====== Args={'value': '10', 'prev_value': None, 'change': True}
2022-09-06 17:21:33,923 : INFO : EventManager : Event: ======'machine_var_platform_version'====== Args={'value': '10.0.19041', 'prev_value': None, 'change': True}
2022-09-06 17:21:33,923 : INFO : EventManager : Event: ======'machine_var_platform_machine'====== Args={'value': 'AMD64', 'prev_value': None, 'change': True}
2022-09-06 17:21:33,923 : INFO : EventManager : Event: ======'init_phase_1'====== Args={}
2022-09-06 17:21:33,955 : INFO : EventManager : Event: ======'drop_target_bank_mid_up'====== Args={}
2022-09-06 17:21:33,955 : INFO : EventManager : Event: ======'drop_target_bank_right_up'====== Args={}
2022-09-06 17:21:33,970 : INFO : EventManager : Event: ======'init_phase_2'====== Args={}
2022-09-06 17:21:33,970 : INFO : SwitchController : Found active switch: (('2C', 1), <Platform.FAST>) <switch.s_drop_mid_mid>
2022-09-06 17:21:33,971 : INFO : SwitchController : Found active switch: (('2B', 1), <Platform.FAST>) <switch.s_drop_mid_left>
2022-09-06 17:21:33,971 : INFO : SwitchController : Found active switch: (('31', 1), <Platform.FAST>) <switch.s_drop_right_left>
2022-09-06 17:21:33,971 : INFO : SwitchController : Found active switch: (('32', 1), <Platform.FAST>) <switch.s_drop_single>
2022-09-06 17:21:33,971 : INFO : SwitchController : Found active switch: (('3E', 1), <Platform.FAST>) <switch.s_trough_1>
2022-09-06 17:21:33,971 : INFO : SwitchController : Found active switch: (('3D', 1), <Platform.FAST>) <switch.s_trough_jam>
2022-09-06 17:21:33,976 : INFO : ball_device.bd_trough : BCH: Initial count: 2
2022-09-06 17:21:33,976 : INFO : ball_device.bd_trough : State: idle
2022-09-06 17:21:33,977 : INFO : ball_device.bd_plunger : BCH: Initial count: 0
2022-09-06 17:21:33,977 : INFO : ball_device.bd_plunger : State: idle
2022-09-06 17:21:34,022 : INFO : EventManager : Event: ======'init_phase_3'====== Args={}
2022-09-06 17:21:34,025 : INFO : EventManager : Event: ======'init_phase_4'====== Args={}
2022-09-06 17:21:34,025 : INFO : EventManager : Event: ======'playfield_active'====== Args={}
2022-09-06 17:21:34,025 : INFO : EventManager : Event: ======'unexpected_ball_on_playfield'====== Args={}
2022-09-06 17:21:34,025 : INFO : EventManager : Event: ======'drop_target_d_drop_single_down'====== Args={'device': <drop_target.d_drop_single>}
2022-09-06 17:21:34,025 : INFO : EventManager : Event: ======'playfield_active'====== Args={}
2022-09-06 17:21:34,025 : INFO : EventManager : Event: ======'unexpected_ball_on_playfield'====== Args={}
2022-09-06 17:21:34,025 : INFO : EventManager : Event: ======'playfield_active'====== Args={}
2022-09-06 17:21:34,025 : INFO : EventManager : Event: ======'unexpected_ball_on_playfield'====== Args={}
2022-09-06 17:21:34,025 : INFO : EventManager : Event: ======'drop_target_mid_mid_down'====== Args={'device': <drop_target.mid_mid>}
2022-09-06 17:21:34,026 : INFO : EventManager : Event: ======'drop_target_bank_mid_mixed'====== Args={'prev_value': <DropTargetBankState.UP: 'up'>, 'down': 1}
2022-09-06 17:21:34,026 : INFO : EventManager : Event: ======'playfield_active'====== Args={}
2022-09-06 17:21:34,026 : INFO : EventManager : Event: ======'unexpected_ball_on_playfield'====== Args={}
2022-09-06 17:21:34,026 : INFO : EventManager : Event: ======'drop_target_mid_left_down'====== Args={'device': <drop_target.mid_left>}
2022-09-06 17:21:34,026 : INFO : EventManager : Event: ======'drop_target_bank_mid_mixed'====== Args={'prev_value': <DropTargetBankState.MIXED: 'mixed'>, 'down': 2}
2022-09-06 17:21:34,026 : INFO : EventManager : Event: ======'playfield_active'====== Args={}
2022-09-06 17:21:34,026 : INFO : EventManager : Event: ======'unexpected_ball_on_playfield'====== Args={}
2022-09-06 17:21:34,026 : INFO : EventManager : Event: ======'playfield_active'====== Args={}
2022-09-06 17:21:34,026 : INFO : EventManager : Event: ======'unexpected_ball_on_playfield'====== Args={}
2022-09-06 17:21:34,026 : INFO : EventManager : Event: ======'drop_target_right_left_down'====== Args={'device': <drop_target.right_left>}
2022-09-06 17:21:34,026 : INFO : EventManager : Event: ======'drop_target_bank_right_mixed'====== Args={'prev_value': <DropTargetBankState.UP: 'up'>, 'down': 1}
2022-09-06 17:21:34,027 : INFO : BallController : Initial balls found: 2
2022-09-06 17:21:34,028 : INFO : EventManager : Event: ======'machine_var_audits_events_game_ended'====== Args={'value': 0, 'prev_value': None, 'change': True}
2022-09-06 17:21:34,029 : INFO : EventManager : Event: ======'machine_var_audits_events_game_started'====== Args={'value': 0, 'prev_value': None, 'change': True}
2022-09-06 17:21:34,029 : INFO : EventManager : Event: ======'machine_var_audits_player_score'====== Args={'value': {'average': 0, 'top': [], 'total': 0}, 'prev_value': None, 'change': True}
2022-09-06 17:21:34,029 : INFO : EventManager : Event: ======'machine_var_audits_switches_s_autolauncher'====== Args={'value': 69, 'prev_value': None, 'change': True}
2022-09-06 17:21:34,029 : INFO : EventManager : Event: ======'machine_var_audits_switches_s_bot_back'====== Args={'value': 0, 'prev_value': None, 'change': True}
2022-09-06 17:21:34,029 : INFO : EventManager : Event: ======'machine_var_audits_switches_s_bot_big'====== Args={'value': 0, 'prev_value': None, 'change': True}
2022-09-06 17:21:34,029 : INFO : EventManager : Event: ======'machine_var_audits_switches_s_bot_left'====== Args={'value': 0, 'prev_value': None, 'change': True}
2022-09-06 17:21:34,029 : INFO : EventManager : Event: ======'machine_var_audits_switches_s_bot_right'====== Args={'value': 0, 'prev_value': None, 'change': True}
2022-09-06 17:21:34,029 : INFO : EventManager : Event: ======'machine_var_audits_switches_s_bot_rollover'====== Args={'value': 0, 'prev_value': None, 'change': True}
2022-09-06 17:21:34,030 : INFO : EventManager : Event: ======'machine_var_audits_switches_s_bot_vuk'====== Args={'value': 0, 'prev_value': None, 'change': True}
2022-09-06 17:21:34,030 : INFO : EventManager : Event: ======'machine_var_audits_switches_s_drop_mid_left'====== Args={'value': 45, 'prev_value': None, 'change': True}
2022-09-06 17:21:34,030 : INFO : EventManager : Event: ======'machine_var_audits_switches_s_drop_mid_mid'====== Args={'value': 46, 'prev_value': None, 'change': True}
2022-09-06 17:21:34,030 : INFO : EventManager : Event: ======'machine_var_audits_switches_s_drop_mid_right'====== Args={'value': 5, 'prev_value': None, 'change': True}
2022-09-06 17:21:34,030 : INFO : EventManager : Event: ======'machine_var_audits_switches_s_drop_right_left'====== Args={'value': 7, 'prev_value': None, 'change': True}
2022-09-06 17:21:34,030 : INFO : EventManager : Event: ======'machine_var_audits_switches_s_drop_right_right'====== Args={'value': 6, 'prev_value': None, 'change': True}
2022-09-06 17:21:34,030 : INFO : EventManager : Event: ======'machine_var_audits_switches_s_drop_single'====== Args={'value': 40, 'prev_value': None, 'change': True}
2022-09-06 17:21:34,030 : INFO : EventManager : Event: ======'machine_var_audits_switches_s_eos_left'====== Args={'value': 26, 'prev_value': None, 'change': True}
2022-09-06 17:21:34,031 : INFO : EventManager : Event: ======'machine_var_audits_switches_s_eos_left_top'====== Args={'value': 24, 'prev_value': None, 'change': True}
2022-09-06 17:21:34,031 : INFO : EventManager : Event: ======'machine_var_audits_switches_s_eos_right'====== Args={'value': 0, 'prev_value': None, 'change': True}
2022-09-06 17:21:34,031 : INFO : EventManager : Event: ======'machine_var_audits_switches_s_launch'====== Args={'value': 0, 'prev_value': None, 'change': True}
2022-09-06 17:21:34,031 : INFO : EventManager : Event: ======'machine_var_audits_switches_s_left_flipper'====== Args={'value': 47, 'prev_value': None, 'change': True}
2022-09-06 17:21:34,031 : INFO : EventManager : Event: ======'machine_var_audits_switches_s_left_inlane'====== Args={'value': 0, 'prev_value': None, 'change': True}
2022-09-06 17:21:34,031 : INFO : EventManager : Event: ======'machine_var_audits_switches_s_left_outlane'====== Args={'value': 0, 'prev_value': None, 'change': True}
2022-09-06 17:21:34,032 : INFO : EventManager : Event: ======'machine_var_audits_switches_s_pop_left'====== Args={'value': 8, 'prev_value': None, 'change': True}
2022-09-06 17:21:34,032 : INFO : EventManager : Event: ======'machine_var_audits_switches_s_pop_lower'====== Args={'value': 20, 'prev_value': None, 'change': True}
2022-09-06 17:21:34,032 : INFO : EventManager : Event: ======'machine_var_audits_switches_s_pop_right'====== Args={'value': 26, 'prev_value': None, 'change': True}
2022-09-06 17:21:34,032 : INFO : EventManager : Event: ======'machine_var_audits_switches_s_right_flipper'====== Args={'value': 44, 'prev_value': None, 'change': True}
2022-09-06 17:21:34,032 : INFO : EventManager : Event: ======'machine_var_audits_switches_s_right_inlane'====== Args={'value': 0, 'prev_value': None, 'change': True}
2022-09-06 17:21:34,033 : INFO : EventManager : Event: ======'machine_var_audits_switches_s_right_outlane'====== Args={'value': 1, 'prev_value': None, 'change': True}
2022-09-06 17:21:34,033 : INFO : EventManager : Event: ======'machine_var_audits_switches_s_rollover_left'====== Args={'value': 3, 'prev_value': None, 'change': True}
2022-09-06 17:21:34,033 : INFO : EventManager : Event: ======'machine_var_audits_switches_s_rollover_right'====== Args={'value': 1, 'prev_value': None, 'change': True}
2022-09-06 17:21:34,033 : INFO : EventManager : Event: ======'machine_var_audits_switches_s_sling_left'====== Args={'value': 3, 'prev_value': None, 'change': True}
2022-09-06 17:21:34,033 : INFO : EventManager : Event: ======'machine_var_audits_switches_s_start'====== Args={'value': 86, 'prev_value': None, 'change': True}
2022-09-06 17:21:34,034 : INFO : EventManager : Event: ======'machine_var_audits_switches_s_trough_1'====== Args={'value': 56, 'prev_value': None, 'change': True}
2022-09-06 17:21:34,034 : INFO : EventManager : Event: ======'machine_var_audits_switches_s_trough_2'====== Args={'value': 46, 'prev_value': None, 'change': True}
2022-09-06 17:21:34,034 : INFO : EventManager : Event: ======'machine_var_audits_switches_s_trough_3'====== Args={'value': 45, 'prev_value': None, 'change': True}
2022-09-06 17:21:34,034 : INFO : EventManager : Event: ======'machine_var_audits_switches_s_trough_4'====== Args={'value': 46, 'prev_value': None, 'change': True}
2022-09-06 17:21:34,034 : INFO : EventManager : Event: ======'machine_var_audits_switches_s_trough_5'====== Args={'value': 49, 'prev_value': None, 'change': True}
2022-09-06 17:21:34,035 : INFO : EventManager : Event: ======'machine_var_audits_switches_s_trough_6'====== Args={'value': 52, 'prev_value': None, 'change': True}
2022-09-06 17:21:34,035 : INFO : EventManager : Event: ======'machine_var_audits_switches_s_trough_jam'====== Args={'value': 107, 'prev_value': None, 'change': True}
2022-09-06 17:21:34,035 : INFO : EventManager : Event: ======'machine_var_audits_switches_s_vuk_back'====== Args={'value': 0, 'prev_value': None, 'change': True}
2022-09-06 17:21:34,035 : INFO : EventManager : Event: ======'machine_var_audits_switches_s_vuk_right'====== Args={'value': 0, 'prev_value': None, 'change': True}
2022-09-06 17:21:34,035 : INFO : EventManager : Event: ======'machine_var_audits_switches_s_upper_rollover'====== Args={'value': 0, 'prev_value': None, 'change': True}
2022-09-06 17:21:34,036 : INFO : EventManager : Event: ======'machine_var_audits_switches_s_upper_drop'====== Args={'value': 0, 'prev_value': None, 'change': True}
2022-09-06 17:21:34,036 : INFO : EventManager : Event: ======'machine_var_audits_switches_s_upper_stationary'====== Args={'value': 0, 'prev_value': None, 'change': True}
2022-09-06 17:21:34,036 : INFO : EventManager : Event: ======'machine_var_audits_switches_s_back_rollover'====== Args={'value': 0, 'prev_value': None, 'change': True}
2022-09-06 17:21:34,037 : INFO : EventManager : Event: ======'machine_var_audits_switches_s_back_pop'====== Args={'value': 0, 'prev_value': None, 'change': True}
2022-09-06 17:21:34,037 : INFO : EventManager : Event: ======'machine_var_audits_switches_s_back_stationary'====== Args={'value': 0, 'prev_value': None, 'change': True}
2022-09-06 17:21:34,037 : INFO : EventManager : Event: ======'machine_var_audits_switches_s_transfer_rollover'====== Args={'value': 0, 'prev_value': None, 'change': True}
2022-09-06 17:21:34,037 : INFO : EventManager : Event: ======'machine_var_audits_switches_s_sling_right'====== Args={'value': 0, 'prev_value': None, 'change': True}
2022-09-06 17:21:34,038 : INFO : EventManager : Event: ======'init_phase_5'====== Args={}
2022-09-06 17:21:34,087 : INFO : EventManager : Event: ======'init_done'====== Args={}
2022-09-06 17:21:34,088 : INFO : EventManager : Event: ======'machine_reset_phase_1'====== Args={}
2022-09-06 17:21:34,089 : INFO : EventManager : Event: ======'machine_reset_phase_2'====== Args={}
2022-09-06 17:21:34,089 : INFO : EventManager : Event: ======'machine_reset_phase_3'====== Args={}
2022-09-06 17:21:34,090 : INFO : drop_target_bank.mid : 2 targets are down. Will reset those.
2022-09-06 17:21:34,090 : INFO : coil.c_drop_mid : Pulsing Driver for 50ms (0.7 pulse_power)
2022-09-06 17:21:34,090 : INFO : drop_target_bank.right : 1 targets are down. Will reset those.
2022-09-06 17:21:34,090 : INFO : coil.c_drop_mid : Pulsing Driver for 50ms (0.7 pulse_power)
2022-09-06 17:21:34,090 : INFO : coil.c_drop_mid : Pulsing Driver for 50ms (0.7 pulse_power)
2022-09-06 17:21:34,091 : INFO : coil.c_drop_right : Pulsing Driver for 10ms (1.0 pulse_power)
2022-09-06 17:21:34,091 : INFO : EventManager : Event: ======'reset_complete'====== Args={}
2022-09-06 17:21:34,092 : INFO : EventManager : Event: ======'mode_attract_will_start'====== Args={}
2022-09-06 17:21:34,092 : INFO : EventManager : Event: ======'mode_attract_starting'====== Args={}
2022-09-06 17:21:34,092 : INFO : Mode.attract : Started. Priority: 10
2022-09-06 17:21:34,092 : INFO : EventManager : Event: ======'modes_active_modes_changed'====== Args={}
2022-09-06 17:21:34,092 : INFO : EventManager : Event: ======'mode_attract_started'====== Args={}
2022-09-06 17:21:34,092 : INFO : EventManager : Event: ======'collecting_balls_complete'====== Args={}
2022-09-06 17:21:34,114 : INFO : Machine : Starting the main run loop.
2022-09-06 17:21:34,131 : INFO : coil.c_drop_right : Pulsing Driver for 10ms (1.0 pulse_power)
2022-09-06 17:21:34,162 : INFO : coil.c_drop_single : Pulsing Driver for 10ms (1.0 pulse_power)
2022-09-06 17:21:34,256 : INFO : SwitchController : <<<<<<< 's_drop_right_left' inactive >>>>>>>
2022-09-06 17:21:34,256 : INFO : SwitchController : <<<<<<< 's_drop_mid_left' inactive >>>>>>>
2022-09-06 17:21:34,275 : INFO : SwitchController : <<<<<<< 's_drop_mid_mid' inactive >>>>>>>
2022-09-06 17:21:34,275 : INFO : SwitchController : <<<<<<< 's_drop_single' inactive >>>>>>>
2022-09-06 17:21:34,303 : INFO : SwitchController : <<<<<<< 's_drop_single' active >>>>>>>
2022-09-06 17:21:34,303 : INFO : SwitchController : <<<<<<< 's_drop_mid_mid' active >>>>>>>
2022-09-06 17:21:34,398 : INFO : SwitchController : <<<<<<< 's_drop_mid_left' active >>>>>>>
2022-09-06 17:21:34,572 : INFO : EventManager : Event: ======'drop_target_right_left_up'====== Args={'device': <drop_target.right_left>}
2022-09-06 17:21:34,572 : INFO : EventManager : Event: ======'drop_target_bank_right_up'====== Args={}
2022-09-06 17:21:34,572 : INFO : EventManager : Event: ======'drop_target_bank_mid_mixed'====== Args={'prev_value': <DropTargetBankState.MIXED: 'mixed'>, 'down': 2}
2022-09-06 17:21:35,342 : INFO : SwitchController : <<<<<<< 's_right_flipper' active >>>>>>>
2022-09-06 17:21:35,373 : INFO : SwitchController : <<<<<<< 's_eos_right' active >>>>>>>
2022-09-06 17:21:38,336 : INFO : EventManager : Event: ======'flipper_cradle'====== Args={}
2022-09-06 17:21:42,719 : INFO : SwitchController : <<<<<<< 's_right_flipper' inactive >>>>>>>
2022-09-06 17:21:42,719 : INFO : EventManager : Event: ======'flipper_cradle_release'====== Args={}
2022-09-06 17:21:42,828 : INFO : SwitchController : <<<<<<< 's_eos_right' inactive >>>>>>>
2022-09-06 17:21:43,081 : INFO : SwitchController : <<<<<<< 's_right_flipper' active >>>>>>>
2022-09-06 17:21:43,112 : INFO : SwitchController : <<<<<<< 's_eos_right' active >>>>>>>
2022-09-06 17:21:43,647 : INFO : SwitchController : <<<<<<< 's_right_flipper' inactive >>>>>>>
2022-09-06 17:21:43,759 : INFO : SwitchController : <<<<<<< 's_eos_right' inactive >>>>>>>
2022-09-06 17:21:50,667 : INFO : SwitchController : <<<<<<< 's_right_flipper' active >>>>>>>
2022-09-06 17:21:50,687 : INFO : SwitchController : <<<<<<< 's_eos_right' active >>>>>>>
2022-09-06 17:21:50,702 : INFO : SwitchController : <<<<<<< 's_right_flipper' inactive >>>>>>>
2022-09-06 17:21:50,747 : INFO : SwitchController : <<<<<<< 's_right_flipper' active >>>>>>>
2022-09-06 17:21:53,743 : INFO : EventManager : Event: ======'flipper_cradle'====== Args={}
2022-09-06 17:21:56,916 : INFO : SwitchController : <<<<<<< 's_right_flipper' inactive >>>>>>>
2022-09-06 17:21:56,916 : INFO : EventManager : Event: ======'flipper_cradle_release'====== Args={}
2022-09-06 17:21:57,211 : INFO : SwitchController : <<<<<<< 's_eos_right' inactive >>>>>>>
2022-09-06 17:21:57,729 : INFO : SwitchController : <<<<<<< 's_right_flipper' active >>>>>>>
2022-09-06 17:21:57,760 : INFO : SwitchController : <<<<<<< 's_eos_right' active >>>>>>>
2022-09-06 17:21:57,837 : INFO : SwitchController : <<<<<<< 's_pop_lower' active >>>>>>>
2022-09-06 17:21:57,856 : INFO : SwitchController : <<<<<<< 's_pop_lower' inactive >>>>>>>
2022-09-06 17:21:58,216 : INFO : SwitchController : <<<<<<< 's_right_flipper' inactive >>>>>>>
2022-09-06 17:21:58,326 : INFO : SwitchController : <<<<<<< 's_eos_right' inactive >>>>>>>
2022-09-06 17:21:58,941 : INFO : SwitchController : <<<<<<< 's_left_outlane' active >>>>>>>
2022-09-06 17:21:58,941 : INFO : EventManager : Event: ======'sw_playfield_active'====== Args={}
2022-09-06 17:21:58,941 : INFO : EventManager : Event: ======'playfield_active'====== Args={}
2022-09-06 17:21:58,941 : INFO : EventManager : Event: ======'unexpected_ball_on_playfield'====== Args={}
2022-09-06 17:21:58,972 : INFO : SwitchController : <<<<<<< 's_left_outlane' inactive >>>>>>>
2022-09-06 17:22:03,453 : INFO : SwitchController : <<<<<<< 's_right_flipper' active >>>>>>>
2022-09-06 17:22:03,472 : INFO : SwitchController : <<<<<<< 's_right_flipper' inactive >>>>>>>
2022-09-06 17:22:03,486 : INFO : SwitchController : <<<<<<< 's_eos_right' active >>>>>>>
2022-09-06 17:22:03,502 : INFO : SwitchController : <<<<<<< 's_right_flipper' active >>>>>>>
2022-09-06 17:22:03,689 : INFO : SwitchController : <<<<<<< 's_right_flipper' inactive >>>>>>>
2022-09-06 17:22:03,800 : INFO : SwitchController : <<<<<<< 's_eos_right' inactive >>>>>>>
2022-09-06 17:22:04,068 : INFO : SwitchController : <<<<<<< 's_right_flipper' active >>>>>>>
2022-09-06 17:22:04,073 : INFO : SwitchController : <<<<<<< 's_eos_right' active >>>>>>>
2022-09-06 17:22:04,210 : INFO : SwitchController : <<<<<<< 's_right_flipper' inactive >>>>>>>
2022-09-06 17:22:04,335 : INFO : SwitchController : <<<<<<< 's_eos_right' inactive >>>>>>>
2022-09-06 17:22:09,031 : INFO : SwitchController : <<<<<<< 's_right_flipper' active >>>>>>>
2022-09-06 17:22:09,062 : INFO : SwitchController : <<<<<<< 's_eos_right' active >>>>>>>
2022-09-06 17:22:12,033 : INFO : EventManager : Event: ======'flipper_cradle'====== Args={}
2022-09-06 17:22:14,995 : INFO : SwitchController : <<<<<<< 's_right_flipper' inactive >>>>>>>
2022-09-06 17:22:14,995 : INFO : EventManager : Event: ======'flipper_cradle_release'====== Args={}
2022-09-06 17:22:15,104 : INFO : SwitchController : <<<<<<< 's_eos_right' inactive >>>>>>>
2022-09-06 17:22:15,416 : INFO : SwitchController : <<<<<<< 's_right_flipper' active >>>>>>>
2022-09-06 17:22:15,447 : INFO : SwitchController : <<<<<<< 's_eos_right' active >>>>>>>
2022-09-06 17:22:15,652 : INFO : SwitchController : <<<<<<< 's_pop_left' active >>>>>>>
2022-09-06 17:22:15,671 : INFO : SwitchController : <<<<<<< 's_pop_left' inactive >>>>>>>
2022-09-06 17:22:15,953 : INFO : SwitchController : <<<<<<< 's_right_flipper' inactive >>>>>>>
2022-09-06 17:22:16,079 : INFO : SwitchController : <<<<<<< 's_eos_right' inactive >>>>>>>
2022-09-06 17:22:17,666 : INFO : SwitchController : <<<<<<< 's_pop_lower' active >>>>>>>
2022-09-06 17:22:18,154 : INFO : SwitchController : <<<<<<< 's_pop_lower' inactive >>>>>>>
2022-09-06 17:22:19,414 : INFO : SwitchController : <<<<<<< 's_eos_right' active >>>>>>>
2022-09-06 17:22:19,810 : INFO : SwitchController : <<<<<<< 's_eos_right' inactive >>>>>>>
2022-09-06 17:22:19,907 : INFO : SwitchController : <<<<<<< 's_eos_right' active >>>>>>>
2022-09-06 17:22:22,027 : INFO : SwitchController : <<<<<<< 's_right_flipper' active >>>>>>>
2022-09-06 17:22:25,020 : INFO : EventManager : Event: ======'flipper_cradle'====== Args={}
2022-09-06 17:22:33,749 : INFO : SwitchController : <<<<<<< 's_right_flipper' inactive >>>>>>>
2022-09-06 17:22:33,749 : INFO : EventManager : Event: ======'flipper_cradle_release'====== Args={}
2022-09-06 17:22:33,921 : INFO : SwitchController : <<<<<<< 's_eos_right' inactive >>>>>>>
2022-09-06 17:22:34,174 : INFO : SwitchController : <<<<<<< 's_right_flipper' active >>>>>>>
2022-09-06 17:22:34,205 : INFO : SwitchController : <<<<<<< 's_eos_right' active >>>>>>>
2022-09-06 17:22:34,378 : INFO : SwitchController : <<<<<<< 's_drop_mid_right' active >>>>>>>
2022-09-06 17:22:34,378 : INFO : EventManager : Event: ======'playfield_active'====== Args={}
2022-09-06 17:22:34,378 : INFO : EventManager : Event: ======'unexpected_ball_on_playfield'====== Args={}
2022-09-06 17:22:34,378 : INFO : EventManager : Event: ======'drop_target_mid_right_down'====== Args={'device': <drop_target.mid_right>}
2022-09-06 17:22:34,379 : INFO : EventManager : Event: ======'drop_target_bank_mid_down'====== Args={}
2022-09-06 17:22:34,676 : INFO : SwitchController : <<<<<<< 's_right_flipper' inactive >>>>>>>
2022-09-06 17:22:34,694 : INFO : SwitchController : <<<<<<< 's_trough_6' active >>>>>>>
2022-09-06 17:22:34,722 : INFO : SwitchController : <<<<<<< 's_trough_6' inactive >>>>>>>
2022-09-06 17:22:34,802 : INFO : SwitchController : <<<<<<< 's_eos_right' inactive >>>>>>>
2022-09-06 17:22:35,366 : INFO : drop_target_bank.mid : 3 targets are down. Will reset those.
2022-09-06 17:22:35,366 : INFO : coil.c_drop_mid : Pulsing Driver for 50ms (0.7 pulse_power)
2022-09-06 17:22:35,413 : INFO : SwitchController : <<<<<<< 's_drop_mid_left' inactive >>>>>>>
2022-09-06 17:22:35,432 : INFO : SwitchController : <<<<<<< 's_drop_mid_mid' inactive >>>>>>>
2022-09-06 17:22:35,432 : INFO : SwitchController : <<<<<<< 's_drop_mid_right' inactive >>>>>>>
2022-09-06 17:22:35,475 : INFO : SwitchController : <<<<<<< 's_drop_mid_mid' active >>>>>>>
2022-09-06 17:22:35,553 : INFO : SwitchController : <<<<<<< 's_drop_mid_right' active >>>>>>>
2022-09-06 17:22:35,553 : INFO : SwitchController : <<<<<<< 's_drop_mid_left' active >>>>>>>
2022-09-06 17:22:36,118 : WARNING : FAST : Port NET received more messages than were sent! Resetting!
2022-09-06 17:22:36,118 : ERROR : FAST : The FAST NET processor rebooted. Unfortunately, that means that it lost all its state (such as hardware rules or switch configs). This is likely caused by an unstable power supply but it might also be a firmware bug. MPF will exit now.
2022-09-06 17:22:36,118 : WARNING : FAST : Port NET received more messages than were sent! Resetting!
2022-09-06 17:22:36,118 : WARNING : FAST : Received malformed message: XX:F from NET
2022-09-06 17:22:36,119 : INFO : Machine : Shutting down...
2022-09-06 17:22:36,119 : INFO : EventManager : Event: ======'shutdown'====== Args={}
2022-09-06 17:22:36,134 : WARNING : FAST : Port RGB received more messages than were sent! Resetting!
2022-09-06 17:22:36,134 : WARNING : FAST : Received unknown serial command? BX:P from RGB.
2022-09-06 17:22:36,134 : WARNING : FAST : Port NET received more messages than were sent! Resetting!
2022-09-06 17:22:36,211 : ERROR : FAST : Stop called on serial connection com20
2022-09-06 17:22:36,211 : ERROR : FAST : Stop called on serial connection com21
2022-09-06 17:22:36,461 : INFO : root : MPF run loop ended.
