2022-10-12 07:52:05,719 : INFO : root : Loading config.
2022-10-12 07:52:05,722 : INFO : YamlMultifileConfigLoader : Machine config file #1: config.yaml
2022-10-12 07:52:05,723 : WARNING : ConfigProcessor : Config file in cache changed: c:\trashland_2\config\config.yaml
2022-10-12 07:52:05,723 : INFO : ConfigProcessor : Loading config from file c:\users\tanner\appdata\local\programs\python\python37\lib\site-packages\mpf\mpfconfig.yaml.
2022-10-12 07:52:05,793 : INFO : ConfigProcessor : Loading config: c:\users\tanner\appdata\local\programs\python\python37\lib\site-packages\mpf\mpfconfig.yaml
2022-10-12 07:52:05,794 : INFO : ConfigProcessor : Loading config from file c:\trashland_2\config\config.yaml.
2022-10-12 07:52:05,904 : INFO : ConfigProcessor : Loading config: c:\trashland_2\config\config.yaml
2022-10-12 07:52:05,906 : INFO : ConfigProcessor : Config file cache created: C:\Users\Tanner\AppData\Local\Temp\a6762098cb994b55cb03a478b26022ee.mpf_cache
2022-10-12 07:52:05,969 : INFO : ConfigProcessor : Loading config from cache: C:\Users\Tanner\AppData\Local\Temp\9cf7ccc27b21f4d6162237fadfc53e5a.mpf_cache
2022-10-12 07:52:05,970 : INFO : ConfigProcessor : Loading config from cache: C:\Users\Tanner\AppData\Local\Temp\c215df352878fee5d54f1a5ec5b16e7c.mpf_cache
2022-10-12 07:52:05,971 : INFO : ConfigProcessor : Loading config from cache: C:\Users\Tanner\AppData\Local\Temp\708062243e0edcfa77dd6b1521bd0d4e.mpf_cache
2022-10-12 07:52:05,971 : INFO : ConfigProcessor : Loading config from cache: C:\Users\Tanner\AppData\Local\Temp\c4174472f67f7b070dd6fb437c6feb0c.mpf_cache
2022-10-12 07:52:05,972 : INFO : ConfigProcessor : Loading config from cache: C:\Users\Tanner\AppData\Local\Temp\abaa92c43d134e3392cbb2346e6a16be.mpf_cache
2022-10-12 07:52:05,973 : INFO : ConfigProcessor : Loading config from cache: C:\Users\Tanner\AppData\Local\Temp\fc46d53fcb9fe6b8abf783d9c813390a.mpf_cache
2022-10-12 07:52:05,974 : INFO : Machine : Mission Pinball Framework Core Engine v0.55.0
2022-10-12 07:52:05,974 : INFO : Machine : Command line arguments: {'no_load_cache': False, 'create_config_cache': True, 'bcp': False, 'configfile': ['config.yaml'], 'force_assets_load': False, 'jsonlogging': False, 'logfile': 'logs\\2022-10-12-07-52-05-mpf-DESKTOP-7HNFDQ5.log', 'pause': False, 'production': False, 'text_ui': True, 'loglevel': 15, 'consoleloglevel': 20, 'force_platform': None, 'syslog_address': None, 'mc_file_name': None, 'no_sound': False}
2022-10-12 07:52:05,974 : INFO : Machine : MPF path: c:\users\tanner\appdata\local\programs\python\python37\lib\site-packages\mpf
2022-10-12 07:52:05,974 : INFO : Machine : Machine path: c:\trashland_2
2022-10-12 07:52:05,974 : INFO : Machine : Platform: win32
2022-10-12 07:52:05,974 : INFO : Machine : Python executable location: c:\users\tanner\appdata\local\programs\python\python37\python.exe
2022-10-12 07:52:05,975 : INFO : Machine : Python version: 3.7.8 (64-bit)
2022-10-12 07:52:05,976 : INFO : Machine : Initialise MPF.
2022-10-12 07:52:06,240 : INFO : FAST : Connecting to com9 at 921600bps
2022-10-12 07:52:06,280 : INFO : FAST : Connected! Processor: NET, Board Type: FP-CPU-002-2, Firmware: 01.05
2022-10-12 07:52:06,280 : INFO : EventManager : Event: ======'machine_var_fast_net_firmware'====== Args={'value': '01.05', 'prev_value': None, 'change': True}
2022-10-12 07:52:06,280 : INFO : EventManager : Event: ======'machine_var_fast_net_model'====== Args={'value': 'FP-CPU-002-2', 'prev_value': None, 'change': True}
2022-10-12 07:52:08,634 : WARNING : FAST : Got unexpected message from FAST: -N:11
2022-10-12 07:52:08,634 : WARNING : FAST : Got unexpected message from FAST: -N:38
2022-10-12 07:52:08,634 : WARNING : FAST : Got unexpected message from FAST: -N:40
2022-10-12 07:52:08,634 : WARNING : FAST : Got unexpected message from FAST: -N:41
2022-10-12 07:52:08,634 : WARNING : FAST : Got unexpected message from FAST: -N:43
2022-10-12 07:52:08,634 : WARNING : FAST : Got unexpected message from FAST: -N:44
2022-10-12 07:52:08,634 : WARNING : FAST : Got unexpected message from FAST: -N:5D
2022-10-12 07:52:08,744 : INFO : FAST : Connecting to com10 at 921600bps
2022-10-12 07:52:08,776 : INFO : FAST : Connected! Processor: RGB, Board Type: FP-CPU-002-2, Firmware: 00.87
2022-10-12 07:52:08,776 : INFO : EventManager : Event: ======'machine_var_fast_rgb_firmware'====== Args={'value': '00.87', 'prev_value': None, 'change': True}
2022-10-12 07:52:08,776 : INFO : EventManager : Event: ======'machine_var_fast_rgb_model'====== Args={'value': 'FP-CPU-002-2', 'prev_value': None, 'change': True}
2022-10-12 07:52:08,777 : INFO : EventManager : Event: ======'machine_var_credits_string'====== Args={'value': 'FREE PLAY', 'prev_value': None, 'change': True}
2022-10-12 07:52:08,820 : INFO : EventManager : Event: ======'machine_var_master_volume'====== Args={'value': 0.5, 'prev_value': None, 'change': True}
2022-10-12 07:52:08,820 : INFO : EventManager : Event: ======'machine_var_mpf_version'====== Args={'value': 'MPF v0.55.0', 'prev_value': None, 'change': True}
2022-10-12 07:52:08,820 : INFO : EventManager : Event: ======'machine_var_mpf_extended_version'====== Args={'value': 'MPF v0.55.0, Config version:5, Show version: 5, BCP version:1.1', 'prev_value': None, 'change': True}
2022-10-12 07:52:08,820 : INFO : EventManager : Event: ======'machine_var_python_version'====== Args={'value': '3.7.8', 'prev_value': None, 'change': True}
2022-10-12 07:52:08,820 : INFO : EventManager : Event: ======'machine_var_platform'====== Args={'value': 'Windows-10-10.0.19041-SP0', 'prev_value': None, 'change': True}
2022-10-12 07:52:08,820 : INFO : EventManager : Event: ======'machine_var_platform_system'====== Args={'value': 'Windows', 'prev_value': None, 'change': True}
2022-10-12 07:52:08,820 : INFO : EventManager : Event: ======'machine_var_platform_release'====== Args={'value': '10', 'prev_value': None, 'change': True}
2022-10-12 07:52:08,821 : INFO : EventManager : Event: ======'machine_var_platform_version'====== Args={'value': '10.0.19041', 'prev_value': None, 'change': True}
2022-10-12 07:52:08,821 : INFO : EventManager : Event: ======'machine_var_platform_machine'====== Args={'value': 'AMD64', 'prev_value': None, 'change': True}
2022-10-12 07:52:08,821 : INFO : EventManager : Event: ======'init_phase_1'====== Args={}
2022-10-12 07:52:08,859 : INFO : EventManager : Event: ======'drop_target_bank_mid_up'====== Args={}
2022-10-12 07:52:08,860 : INFO : EventManager : Event: ======'drop_target_bank_right_up'====== Args={}
2022-10-12 07:52:08,878 : INFO : EventManager : Event: ======'init_phase_2'====== Args={}
2022-10-12 07:52:08,878 : INFO : SwitchController : Found active switch: (('42', 1), <Platform.FAST>) <switch.s_trough_4>
2022-10-12 07:52:08,878 : INFO : SwitchController : Found active switch: (('48', 1), <Platform.FAST>) <switch.s_trough_1>
2022-10-12 07:52:08,879 : INFO : SwitchController : Found active switch: (('49', 1), <Platform.FAST>) <switch.s_trough_jam>
2022-10-12 07:52:08,879 : INFO : SwitchController : Found active switch: (('3C', 1), <Platform.FAST>) <switch.s_eos_right>
2022-10-12 07:52:08,879 : INFO : SwitchController : Found active switch: (('3B', 1), <Platform.FAST>) <switch.s_eos_left>
2022-10-12 07:52:08,887 : INFO : ball_device.bd_trough : BCH: Initial count: 2
2022-10-12 07:52:08,887 : INFO : ball_device.bd_trough : State: idle
2022-10-12 07:52:08,887 : INFO : ball_device.bd_plunger : BCH: Initial count: 0
2022-10-12 07:52:08,888 : INFO : ball_device.bd_plunger : State: idle
2022-10-12 07:52:08,888 : INFO : ball_device.bd_top_vuk : BCH: Initial count: 0
2022-10-12 07:52:08,889 : INFO : ball_device.bd_top_vuk : State: idle
2022-10-12 07:52:08,889 : INFO : ball_device.bd_right_vuk : BCH: Initial count: 0
2022-10-12 07:52:08,889 : INFO : ball_device.bd_right_vuk : State: idle
2022-10-12 07:52:08,890 : INFO : ball_device.bd_bot_vuk : BCH: Initial count: 0
2022-10-12 07:52:08,890 : INFO : ball_device.bd_bot_vuk : State: idle
2022-10-12 07:52:08,926 : INFO : EventManager : Event: ======'init_phase_3'====== Args={}
2022-10-12 07:52:08,980 : INFO : EventManager : Event: ======'init_phase_4'====== Args={}
2022-10-12 07:52:08,980 : INFO : EventManager : Event: ======'playfield_active'====== Args={}
2022-10-12 07:52:08,980 : INFO : EventManager : Event: ======'unexpected_ball_on_playfield'====== Args={}
2022-10-12 07:52:08,980 : INFO : EventManager : Event: ======'playfield_active'====== Args={}
2022-10-12 07:52:08,980 : INFO : EventManager : Event: ======'unexpected_ball_on_playfield'====== Args={}
2022-10-12 07:52:08,980 : INFO : EventManager : Event: ======'playfield_active'====== Args={}
2022-10-12 07:52:08,980 : INFO : EventManager : Event: ======'unexpected_ball_on_playfield'====== Args={}
2022-10-12 07:52:08,980 : INFO : EventManager : Event: ======'playfield_active'====== Args={}
2022-10-12 07:52:08,980 : INFO : EventManager : Event: ======'unexpected_ball_on_playfield'====== Args={}
2022-10-12 07:52:08,981 : INFO : EventManager : Event: ======'playfield_active'====== Args={}
2022-10-12 07:52:08,981 : INFO : EventManager : Event: ======'unexpected_ball_on_playfield'====== Args={}
2022-10-12 07:52:08,981 : INFO : EventManager : Event: ======'playfield_active'====== Args={}
2022-10-12 07:52:08,981 : INFO : EventManager : Event: ======'unexpected_ball_on_playfield'====== Args={}
2022-10-12 07:52:08,981 : INFO : BallController : Initial balls found: 2
2022-10-12 07:52:08,983 : INFO : EventManager : Event: ======'machine_var_audits_events_game_ended'====== Args={'value': 0, 'prev_value': None, 'change': True}
2022-10-12 07:52:08,983 : INFO : EventManager : Event: ======'machine_var_audits_events_game_started'====== Args={'value': 0, 'prev_value': None, 'change': True}
2022-10-12 07:52:08,983 : INFO : EventManager : Event: ======'machine_var_audits_player_score'====== Args={'value': {'average': 0, 'top': [], 'total': 0}, 'prev_value': None, 'change': True}
2022-10-12 07:52:08,983 : INFO : EventManager : Event: ======'machine_var_audits_switches_s_autolauncher'====== Args={'value': 86, 'prev_value': None, 'change': True}
2022-10-12 07:52:08,983 : INFO : EventManager : Event: ======'machine_var_audits_switches_s_back_pop'====== Args={'value': 5, 'prev_value': None, 'change': True}
2022-10-12 07:52:08,983 : INFO : EventManager : Event: ======'machine_var_audits_switches_s_back_rollover'====== Args={'value': 0, 'prev_value': None, 'change': True}
2022-10-12 07:52:08,984 : INFO : EventManager : Event: ======'machine_var_audits_switches_s_back_stationary'====== Args={'value': 0, 'prev_value': None, 'change': True}
2022-10-12 07:52:08,984 : INFO : EventManager : Event: ======'machine_var_audits_switches_s_bot_back'====== Args={'value': 0, 'prev_value': None, 'change': True}
2022-10-12 07:52:08,984 : INFO : EventManager : Event: ======'machine_var_audits_switches_s_bot_big'====== Args={'value': 2, 'prev_value': None, 'change': True}
2022-10-12 07:52:08,984 : INFO : EventManager : Event: ======'machine_var_audits_switches_s_bot_left'====== Args={'value': 0, 'prev_value': None, 'change': True}
2022-10-12 07:52:08,984 : INFO : EventManager : Event: ======'machine_var_audits_switches_s_bot_right'====== Args={'value': 1, 'prev_value': None, 'change': True}
2022-10-12 07:52:08,984 : INFO : EventManager : Event: ======'machine_var_audits_switches_s_bot_rollover'====== Args={'value': 0, 'prev_value': None, 'change': True}
2022-10-12 07:52:08,984 : INFO : EventManager : Event: ======'machine_var_audits_switches_s_bot_vuk'====== Args={'value': 2, 'prev_value': None, 'change': True}
2022-10-12 07:52:08,984 : INFO : EventManager : Event: ======'machine_var_audits_switches_s_drop_mid_left'====== Args={'value': 76, 'prev_value': None, 'change': True}
2022-10-12 07:52:08,985 : INFO : EventManager : Event: ======'machine_var_audits_switches_s_drop_mid_mid'====== Args={'value': 85, 'prev_value': None, 'change': True}
2022-10-12 07:52:08,985 : INFO : EventManager : Event: ======'machine_var_audits_switches_s_drop_mid_right'====== Args={'value': 7, 'prev_value': None, 'change': True}
2022-10-12 07:52:08,985 : INFO : EventManager : Event: ======'machine_var_audits_switches_s_drop_right_left'====== Args={'value': 24, 'prev_value': None, 'change': True}
2022-10-12 07:52:08,985 : INFO : EventManager : Event: ======'machine_var_audits_switches_s_drop_right_right'====== Args={'value': 61, 'prev_value': None, 'change': True}
2022-10-12 07:52:08,985 : INFO : EventManager : Event: ======'machine_var_audits_switches_s_drop_single'====== Args={'value': 41, 'prev_value': None, 'change': True}
2022-10-12 07:52:08,985 : INFO : EventManager : Event: ======'machine_var_audits_switches_s_eos_left'====== Args={'value': 71, 'prev_value': None, 'change': True}
2022-10-12 07:52:08,986 : INFO : EventManager : Event: ======'machine_var_audits_switches_s_eos_left_top'====== Args={'value': 945, 'prev_value': None, 'change': True}
2022-10-12 07:52:08,986 : INFO : EventManager : Event: ======'machine_var_audits_switches_s_eos_right'====== Args={'value': 96, 'prev_value': None, 'change': True}
2022-10-12 07:52:08,986 : INFO : EventManager : Event: ======'machine_var_audits_switches_s_launch'====== Args={'value': 59, 'prev_value': None, 'change': True}
2022-10-12 07:52:08,986 : INFO : EventManager : Event: ======'machine_var_audits_switches_s_left_flipper'====== Args={'value': 1048, 'prev_value': None, 'change': True}
2022-10-12 07:52:08,986 : INFO : EventManager : Event: ======'machine_var_audits_switches_s_left_inlane'====== Args={'value': 25, 'prev_value': None, 'change': True}
2022-10-12 07:52:08,986 : INFO : EventManager : Event: ======'machine_var_audits_switches_s_left_outlane'====== Args={'value': 5, 'prev_value': None, 'change': True}
2022-10-12 07:52:08,987 : INFO : EventManager : Event: ======'machine_var_audits_switches_s_pop_left'====== Args={'value': 165, 'prev_value': None, 'change': True}
2022-10-12 07:52:08,987 : INFO : EventManager : Event: ======'machine_var_audits_switches_s_pop_lower'====== Args={'value': 256, 'prev_value': None, 'change': True}
2022-10-12 07:52:08,987 : INFO : EventManager : Event: ======'machine_var_audits_switches_s_pop_right'====== Args={'value': 341, 'prev_value': None, 'change': True}
2022-10-12 07:52:08,987 : INFO : EventManager : Event: ======'machine_var_audits_switches_s_right_flipper'====== Args={'value': 1014, 'prev_value': None, 'change': True}
2022-10-12 07:52:08,987 : INFO : EventManager : Event: ======'machine_var_audits_switches_s_right_inlane'====== Args={'value': 0, 'prev_value': None, 'change': True}
2022-10-12 07:52:08,987 : INFO : EventManager : Event: ======'machine_var_audits_switches_s_right_outlane'====== Args={'value': 79, 'prev_value': None, 'change': True}
2022-10-12 07:52:08,988 : INFO : EventManager : Event: ======'machine_var_audits_switches_s_rollover_left'====== Args={'value': 71, 'prev_value': None, 'change': True}
2022-10-12 07:52:08,988 : INFO : EventManager : Event: ======'machine_var_audits_switches_s_rollover_right'====== Args={'value': 46, 'prev_value': None, 'change': True}
2022-10-12 07:52:08,988 : INFO : EventManager : Event: ======'machine_var_audits_switches_s_sling_left'====== Args={'value': 42, 'prev_value': None, 'change': True}
2022-10-12 07:52:08,988 : INFO : EventManager : Event: ======'machine_var_audits_switches_s_sling_right'====== Args={'value': 136, 'prev_value': None, 'change': True}
2022-10-12 07:52:08,989 : INFO : EventManager : Event: ======'machine_var_audits_switches_s_start'====== Args={'value': 153, 'prev_value': None, 'change': True}
2022-10-12 07:52:08,989 : INFO : EventManager : Event: ======'machine_var_audits_switches_s_tilt'====== Args={'value': 126, 'prev_value': None, 'change': True}
2022-10-12 07:52:08,989 : INFO : EventManager : Event: ======'machine_var_audits_switches_s_transfer_rollover'====== Args={'value': 3, 'prev_value': None, 'change': True}
2022-10-12 07:52:08,989 : INFO : EventManager : Event: ======'machine_var_audits_switches_s_trough_1'====== Args={'value': 57, 'prev_value': None, 'change': True}
2022-10-12 07:52:08,989 : INFO : EventManager : Event: ======'machine_var_audits_switches_s_trough_2'====== Args={'value': 201, 'prev_value': None, 'change': True}
2022-10-12 07:52:08,990 : INFO : EventManager : Event: ======'machine_var_audits_switches_s_trough_3'====== Args={'value': 103, 'prev_value': None, 'change': True}
2022-10-12 07:52:08,990 : INFO : EventManager : Event: ======'machine_var_audits_switches_s_trough_4'====== Args={'value': 105, 'prev_value': None, 'change': True}
2022-10-12 07:52:08,990 : INFO : EventManager : Event: ======'machine_var_audits_switches_s_trough_5'====== Args={'value': 110, 'prev_value': None, 'change': True}
2022-10-12 07:52:08,990 : INFO : EventManager : Event: ======'machine_var_audits_switches_s_trough_6'====== Args={'value': 187, 'prev_value': None, 'change': True}
2022-10-12 07:52:08,990 : INFO : EventManager : Event: ======'machine_var_audits_switches_s_trough_jam'====== Args={'value': 108, 'prev_value': None, 'change': True}
2022-10-12 07:52:08,991 : INFO : EventManager : Event: ======'machine_var_audits_switches_s_upper_drop'====== Args={'value': 0, 'prev_value': None, 'change': True}
2022-10-12 07:52:08,991 : INFO : EventManager : Event: ======'machine_var_audits_switches_s_upper_rollover'====== Args={'value': 10, 'prev_value': None, 'change': True}
2022-10-12 07:52:08,991 : INFO : EventManager : Event: ======'machine_var_audits_switches_s_upper_stationary'====== Args={'value': 12, 'prev_value': None, 'change': True}
2022-10-12 07:52:08,991 : INFO : EventManager : Event: ======'machine_var_audits_switches_s_vuk_back'====== Args={'value': 1, 'prev_value': None, 'change': True}
2022-10-12 07:52:08,992 : INFO : EventManager : Event: ======'machine_var_audits_switches_s_vuk_right'====== Args={'value': 3, 'prev_value': None, 'change': True}
2022-10-12 07:52:08,992 : INFO : EventManager : Event: ======'machine_var_audits_switches_s_vuk_top'====== Args={'value': 29, 'prev_value': None, 'change': True}
2022-10-12 07:52:08,993 : INFO : EventManager : Event: ======'init_phase_5'====== Args={}
2022-10-12 07:52:09,045 : INFO : EventManager : Event: ======'init_done'====== Args={}
2022-10-12 07:52:09,045 : INFO : EventManager : Event: ======'machine_reset_phase_1'====== Args={}
2022-10-12 07:52:09,046 : INFO : EventManager : Event: ======'machine_reset_phase_2'====== Args={}
2022-10-12 07:52:09,047 : INFO : EventManager : Event: ======'machine_reset_phase_3'====== Args={}
2022-10-12 07:52:09,047 : INFO : EventManager : Event: ======'mode_tilt_will_start'====== Args={'queue': <QueuedEvent>}
2022-10-12 07:52:09,048 : INFO : EventManager : Event: ======'mode_tilt_starting'====== Args={'queue': <QueuedEvent>}
2022-10-12 07:52:09,048 : INFO : drop_target_bank.mid : All targets are already up. Will not reset bank.
2022-10-12 07:52:09,048 : INFO : drop_target_bank.right : All targets are already up. Will not reset bank.
2022-10-12 07:52:09,049 : INFO : Mode.tilt : Started. Priority: 1000000
2022-10-12 07:52:09,049 : INFO : EventManager : Event: ======'modes_active_modes_changed'====== Args={}
2022-10-12 07:52:09,049 : INFO : EventManager : Event: ======'mode_tilt_started'====== Args={'queue': <QueuedEvent>}
2022-10-12 07:52:09,049 : INFO : EventManager : Event: ======'reset_complete'====== Args={}
2022-10-12 07:52:09,049 : INFO : EventManager : Event: ======'mode_attract_will_start'====== Args={}
2022-10-12 07:52:09,050 : INFO : EventManager : Event: ======'mode_attract_starting'====== Args={}
2022-10-12 07:52:09,050 : INFO : Mode.attract : Started. Priority: 10
2022-10-12 07:52:09,050 : INFO : EventManager : Event: ======'modes_active_modes_changed'====== Args={}
2022-10-12 07:52:09,050 : INFO : EventManager : Event: ======'mode_attract_started'====== Args={}
2022-10-12 07:52:09,050 : INFO : EventManager : Event: ======'collecting_balls_complete'====== Args={}
2022-10-12 07:52:09,074 : INFO : Machine : Starting the main run loop.
2022-10-12 07:52:09,378 : INFO : BcpServer : New client connected.
2022-10-12 07:52:10,251 : INFO : SwitchController : <<<<<<< 's_left_flipper' active >>>>>>>
2022-10-12 07:52:10,282 : INFO : SwitchController : <<<<<<< 's_eos_left_top' active >>>>>>>
2022-10-12 07:52:10,456 : INFO : SwitchController : <<<<<<< 's_right_flipper' active >>>>>>>
2022-10-12 07:52:10,456 : INFO : EventManager : Event: ======'flipper_cancel'====== Args={'triggering_group': 2, 'triggering_switch': 's_right_flipper'}
2022-10-12 07:52:10,723 : INFO : SwitchController : <<<<<<< 's_left_flipper' inactive >>>>>>>
2022-10-12 07:52:10,723 : INFO : EventManager : Event: ======'both_flippers_one'====== Args={'triggering_group': 1, 'triggering_switch': 's_left_flipper'}
2022-10-12 07:52:10,755 : INFO : SwitchController : <<<<<<< 's_right_flipper' inactive >>>>>>>
2022-10-12 07:52:10,755 : INFO : EventManager : Event: ======'both_flippers_inactive'====== Args={'triggering_group': 2, 'triggering_switch': 's_right_flipper'}
2022-10-12 07:52:10,819 : INFO : SwitchController : <<<<<<< 's_eos_left_top' inactive >>>>>>>
2022-10-12 07:52:11,021 : INFO : SwitchController : <<<<<<< 's_right_flipper' active >>>>>>>
2022-10-12 07:52:11,354 : INFO : SwitchController : <<<<<<< 's_left_flipper' active >>>>>>>
2022-10-12 07:52:11,354 : INFO : EventManager : Event: ======'flipper_cancel'====== Args={'triggering_group': 1, 'triggering_switch': 's_left_flipper'}
2022-10-12 07:52:11,386 : INFO : SwitchController : <<<<<<< 's_eos_left_top' active >>>>>>>
2022-10-12 07:52:11,591 : INFO : SwitchController : <<<<<<< 's_right_flipper' inactive >>>>>>>
2022-10-12 07:52:11,591 : INFO : EventManager : Event: ======'both_flippers_one'====== Args={'triggering_group': 2, 'triggering_switch': 's_right_flipper'}
2022-10-12 07:52:11,623 : INFO : SwitchController : <<<<<<< 's_left_flipper' inactive >>>>>>>
2022-10-12 07:52:11,624 : INFO : EventManager : Event: ======'both_flippers_inactive'====== Args={'triggering_group': 1, 'triggering_switch': 's_left_flipper'}
2022-10-12 07:52:11,718 : INFO : SwitchController : <<<<<<< 's_eos_left_top' inactive >>>>>>>
2022-10-12 07:52:11,954 : INFO : SwitchController : <<<<<<< 's_left_flipper' active >>>>>>>
2022-10-12 07:52:11,986 : INFO : SwitchController : <<<<<<< 's_eos_left_top' active >>>>>>>
2022-10-12 07:52:12,208 : INFO : SwitchController : <<<<<<< 's_right_flipper' active >>>>>>>
2022-10-12 07:52:12,209 : INFO : EventManager : Event: ======'flipper_cancel'====== Args={'triggering_group': 2, 'triggering_switch': 's_right_flipper'}
2022-10-12 07:52:12,634 : INFO : SwitchController : <<<<<<< 's_left_flipper' inactive >>>>>>>
2022-10-12 07:52:12,634 : INFO : EventManager : Event: ======'both_flippers_one'====== Args={'triggering_group': 1, 'triggering_switch': 's_left_flipper'}
2022-10-12 07:52:12,635 : INFO : SwitchController : <<<<<<< 's_right_flipper' inactive >>>>>>>
2022-10-12 07:52:12,635 : INFO : EventManager : Event: ======'both_flippers_inactive'====== Args={'triggering_group': 2, 'triggering_switch': 's_right_flipper'}
2022-10-12 07:52:12,730 : INFO : SwitchController : <<<<<<< 's_eos_left_top' inactive >>>>>>>
2022-10-12 07:52:13,078 : INFO : SwitchController : <<<<<<< 's_left_flipper' active >>>>>>>
2022-10-12 07:52:13,114 : INFO : SwitchController : <<<<<<< 's_eos_left_top' active >>>>>>>
2022-10-12 07:52:13,142 : INFO : SwitchController : <<<<<<< 's_right_flipper' active >>>>>>>
2022-10-12 07:52:13,142 : INFO : EventManager : Event: ======'flipper_cancel'====== Args={'triggering_group': 2, 'triggering_switch': 's_right_flipper'}
2022-10-12 07:52:13,158 : INFO : SwitchController : <<<<<<< 's_right_flipper' inactive >>>>>>>
2022-10-12 07:52:13,159 : INFO : EventManager : Event: ======'both_flippers_one'====== Args={'triggering_group': 2, 'triggering_switch': 's_right_flipper'}
2022-10-12 07:52:13,381 : INFO : SwitchController : <<<<<<< 's_right_flipper' active >>>>>>>
2022-10-12 07:52:13,382 : INFO : EventManager : Event: ======'flipper_cancel'====== Args={'triggering_group': 2, 'triggering_switch': 's_right_flipper'}
2022-10-12 07:52:13,790 : INFO : SwitchController : <<<<<<< 's_right_flipper' inactive >>>>>>>
2022-10-12 07:52:13,790 : INFO : EventManager : Event: ======'both_flippers_one'====== Args={'triggering_group': 2, 'triggering_switch': 's_right_flipper'}
2022-10-12 07:52:13,837 : INFO : SwitchController : <<<<<<< 's_left_flipper' inactive >>>>>>>
2022-10-12 07:52:13,837 : INFO : EventManager : Event: ======'both_flippers_inactive'====== Args={'triggering_group': 1, 'triggering_switch': 's_left_flipper'}
2022-10-12 07:52:13,932 : INFO : SwitchController : <<<<<<< 's_eos_left_top' inactive >>>>>>>
2022-10-12 07:52:14,708 : INFO : SwitchController : <<<<<<< 's_left_flipper' active >>>>>>>
2022-10-12 07:52:14,738 : INFO : SwitchController : <<<<<<< 's_eos_left_top' active >>>>>>>
2022-10-12 07:52:14,785 : INFO : SwitchController : <<<<<<< 's_right_flipper' active >>>>>>>
2022-10-12 07:52:14,785 : INFO : EventManager : Event: ======'flipper_cancel'====== Args={'triggering_group': 2, 'triggering_switch': 's_right_flipper'}
2022-10-12 07:52:14,786 : INFO : SwitchController : <<<<<<< 's_right_flipper' inactive >>>>>>>
2022-10-12 07:52:14,786 : INFO : EventManager : Event: ======'both_flippers_one'====== Args={'triggering_group': 2, 'triggering_switch': 's_right_flipper'}
2022-10-12 07:52:15,480 : INFO : SwitchController : <<<<<<< 's_left_flipper' inactive >>>>>>>
2022-10-12 07:52:15,480 : INFO : EventManager : Event: ======'both_flippers_inactive'====== Args={'triggering_group': 1, 'triggering_switch': 's_left_flipper'}
2022-10-12 07:52:15,575 : INFO : SwitchController : <<<<<<< 's_eos_left_top' inactive >>>>>>>
2022-10-12 07:52:15,926 : INFO : SwitchController : <<<<<<< 's_left_flipper' active >>>>>>>
2022-10-12 07:52:15,945 : INFO : SwitchController : <<<<<<< 's_eos_left_top' active >>>>>>>
2022-10-12 07:52:16,239 : INFO : SwitchController : <<<<<<< 's_right_flipper' active >>>>>>>
2022-10-12 07:52:16,239 : INFO : EventManager : Event: ======'flipper_cancel'====== Args={'triggering_group': 2, 'triggering_switch': 's_right_flipper'}
2022-10-12 07:52:17,059 : INFO : SwitchController : <<<<<<< 's_right_flipper' inactive >>>>>>>
2022-10-12 07:52:17,059 : INFO : EventManager : Event: ======'both_flippers_one'====== Args={'triggering_group': 2, 'triggering_switch': 's_right_flipper'}
2022-10-12 07:52:17,075 : INFO : SwitchController : <<<<<<< 's_left_flipper' inactive >>>>>>>
2022-10-12 07:52:17,075 : INFO : EventManager : Event: ======'both_flippers_inactive'====== Args={'triggering_group': 1, 'triggering_switch': 's_left_flipper'}
2022-10-12 07:52:17,170 : INFO : SwitchController : <<<<<<< 's_eos_left_top' inactive >>>>>>>
2022-10-12 07:52:17,373 : INFO : SwitchController : <<<<<<< 's_left_flipper' active >>>>>>>
2022-10-12 07:52:17,392 : INFO : SwitchController : <<<<<<< 's_eos_left_top' active >>>>>>>
2022-10-12 07:52:17,532 : INFO : SwitchController : <<<<<<< 's_right_flipper' active >>>>>>>
2022-10-12 07:52:17,532 : INFO : EventManager : Event: ======'flipper_cancel'====== Args={'triggering_group': 2, 'triggering_switch': 's_right_flipper'}
2022-10-12 07:52:17,785 : INFO : SwitchController : <<<<<<< 's_right_flipper' inactive >>>>>>>
2022-10-12 07:52:17,785 : INFO : EventManager : Event: ======'both_flippers_one'====== Args={'triggering_group': 2, 'triggering_switch': 's_right_flipper'}
2022-10-12 07:52:17,832 : INFO : SwitchController : <<<<<<< 's_left_flipper' inactive >>>>>>>
2022-10-12 07:52:17,832 : INFO : EventManager : Event: ======'both_flippers_inactive'====== Args={'triggering_group': 1, 'triggering_switch': 's_left_flipper'}
2022-10-12 07:52:17,927 : INFO : SwitchController : <<<<<<< 's_eos_left_top' inactive >>>>>>>
2022-10-12 07:52:17,992 : INFO : SwitchController : <<<<<<< 's_left_flipper' active >>>>>>>
2022-10-12 07:52:18,023 : INFO : SwitchController : <<<<<<< 's_eos_left_top' active >>>>>>>
2022-10-12 07:52:18,023 : INFO : SwitchController : <<<<<<< 's_right_flipper' active >>>>>>>
2022-10-12 07:52:18,023 : INFO : EventManager : Event: ======'flipper_cancel'====== Args={'triggering_group': 2, 'triggering_switch': 's_right_flipper'}
2022-10-12 07:52:18,497 : INFO : SwitchController : <<<<<<< 's_left_flipper' inactive >>>>>>>
2022-10-12 07:52:18,497 : INFO : EventManager : Event: ======'both_flippers_one'====== Args={'triggering_group': 1, 'triggering_switch': 's_left_flipper'}
2022-10-12 07:52:18,512 : INFO : SwitchController : <<<<<<< 's_right_flipper' inactive >>>>>>>
2022-10-12 07:52:18,512 : INFO : EventManager : Event: ======'both_flippers_inactive'====== Args={'triggering_group': 2, 'triggering_switch': 's_right_flipper'}
2022-10-12 07:52:18,592 : INFO : SwitchController : <<<<<<< 's_eos_left_top' inactive >>>>>>>
2022-10-12 07:52:18,751 : INFO : SwitchController : <<<<<<< 's_right_flipper' active >>>>>>>
2022-10-12 07:52:18,798 : INFO : SwitchController : <<<<<<< 's_left_flipper' active >>>>>>>
2022-10-12 07:52:18,798 : INFO : EventManager : Event: ======'flipper_cancel'====== Args={'triggering_group': 1, 'triggering_switch': 's_left_flipper'}
2022-10-12 07:52:18,829 : INFO : SwitchController : <<<<<<< 's_eos_left_top' active >>>>>>>
2022-10-12 07:52:18,909 : INFO : SwitchController : <<<<<<< 's_right_flipper' inactive >>>>>>>
2022-10-12 07:52:18,909 : INFO : EventManager : Event: ======'both_flippers_one'====== Args={'triggering_group': 2, 'triggering_switch': 's_right_flipper'}
2022-10-12 07:52:18,957 : INFO : SwitchController : <<<<<<< 's_left_flipper' inactive >>>>>>>
2022-10-12 07:52:18,957 : INFO : EventManager : Event: ======'both_flippers_inactive'====== Args={'triggering_group': 1, 'triggering_switch': 's_left_flipper'}
2022-10-12 07:52:19,005 : INFO : SwitchController : <<<<<<< 's_right_flipper' active >>>>>>>
2022-10-12 07:52:19,025 : INFO : SwitchController : <<<<<<< 's_left_flipper' active >>>>>>>
2022-10-12 07:52:19,025 : INFO : EventManager : Event: ======'flipper_cancel'====== Args={'triggering_group': 1, 'triggering_switch': 's_left_flipper'}
2022-10-12 07:52:19,196 : INFO : SwitchController : <<<<<<< 's_right_flipper' inactive >>>>>>>
2022-10-12 07:52:19,196 : INFO : EventManager : Event: ======'both_flippers_one'====== Args={'triggering_group': 2, 'triggering_switch': 's_right_flipper'}
2022-10-12 07:52:19,204 : INFO : SwitchController : <<<<<<< 's_left_flipper' inactive >>>>>>>
2022-10-12 07:52:19,205 : INFO : EventManager : Event: ======'both_flippers_inactive'====== Args={'triggering_group': 1, 'triggering_switch': 's_left_flipper'}
2022-10-12 07:52:19,306 : INFO : SwitchController : <<<<<<< 's_eos_left_top' inactive >>>>>>>
2022-10-12 07:52:19,464 : INFO : SwitchController : <<<<<<< 's_right_flipper' active >>>>>>>
2022-10-12 07:52:19,465 : INFO : SwitchController : <<<<<<< 's_left_flipper' active >>>>>>>
2022-10-12 07:52:19,465 : INFO : EventManager : Event: ======'flipper_cancel'====== Args={'triggering_group': 1, 'triggering_switch': 's_left_flipper'}
2022-10-12 07:52:19,496 : INFO : SwitchController : <<<<<<< 's_eos_left_top' active >>>>>>>
2022-10-12 07:52:19,732 : INFO : SwitchController : <<<<<<< 's_right_flipper' inactive >>>>>>>
2022-10-12 07:52:19,732 : INFO : EventManager : Event: ======'both_flippers_one'====== Args={'triggering_group': 2, 'triggering_switch': 's_right_flipper'}
2022-10-12 07:52:19,747 : INFO : SwitchController : <<<<<<< 's_left_flipper' inactive >>>>>>>
2022-10-12 07:52:19,747 : INFO : EventManager : Event: ======'both_flippers_inactive'====== Args={'triggering_group': 1, 'triggering_switch': 's_left_flipper'}
2022-10-12 07:52:19,843 : INFO : SwitchController : <<<<<<< 's_eos_left_top' inactive >>>>>>>
2022-10-12 07:52:20,286 : INFO : SwitchController : <<<<<<< 's_left_flipper' active >>>>>>>
2022-10-12 07:52:20,291 : INFO : SwitchController : <<<<<<< 's_right_flipper' active >>>>>>>
2022-10-12 07:52:20,291 : INFO : EventManager : Event: ======'flipper_cancel'====== Args={'triggering_group': 2, 'triggering_switch': 's_right_flipper'}
2022-10-12 07:52:20,291 : INFO : SwitchController : <<<<<<< 's_eos_left_top' active >>>>>>>
2022-10-12 07:52:20,365 : INFO : SwitchController : <<<<<<< 's_left_flipper' inactive >>>>>>>
2022-10-12 07:52:20,365 : INFO : EventManager : Event: ======'both_flippers_one'====== Args={'triggering_group': 1, 'triggering_switch': 's_left_flipper'}
2022-10-12 07:52:20,397 : INFO : SwitchController : <<<<<<< 's_right_flipper' inactive >>>>>>>
2022-10-12 07:52:20,398 : INFO : EventManager : Event: ======'both_flippers_inactive'====== Args={'triggering_group': 2, 'triggering_switch': 's_right_flipper'}
2022-10-12 07:52:20,461 : INFO : SwitchController : <<<<<<< 's_eos_left_top' inactive >>>>>>>
2022-10-12 07:52:20,543 : INFO : SwitchController : <<<<<<< 's_left_flipper' active >>>>>>>
2022-10-12 07:52:20,544 : INFO : SwitchController : <<<<<<< 's_right_flipper' active >>>>>>>
2022-10-12 07:52:20,544 : INFO : EventManager : Event: ======'flipper_cancel'====== Args={'triggering_group': 2, 'triggering_switch': 's_right_flipper'}
2022-10-12 07:52:20,544 : INFO : SwitchController : <<<<<<< 's_eos_left_top' active >>>>>>>
2022-10-12 07:52:20,668 : INFO : SwitchController : <<<<<<< 's_left_flipper' inactive >>>>>>>
2022-10-12 07:52:20,668 : INFO : EventManager : Event: ======'both_flippers_one'====== Args={'triggering_group': 1, 'triggering_switch': 's_left_flipper'}
2022-10-12 07:52:20,684 : INFO : SwitchController : <<<<<<< 's_right_flipper' inactive >>>>>>>
2022-10-12 07:52:20,684 : INFO : EventManager : Event: ======'both_flippers_inactive'====== Args={'triggering_group': 2, 'triggering_switch': 's_right_flipper'}
2022-10-12 07:52:20,763 : INFO : SwitchController : <<<<<<< 's_eos_left_top' inactive >>>>>>>
2022-10-12 07:52:20,783 : INFO : SwitchController : <<<<<<< 's_left_flipper' active >>>>>>>
2022-10-12 07:52:20,784 : INFO : SwitchController : <<<<<<< 's_right_flipper' active >>>>>>>
2022-10-12 07:52:20,784 : INFO : EventManager : Event: ======'flipper_cancel'====== Args={'triggering_group': 2, 'triggering_switch': 's_right_flipper'}
2022-10-12 07:52:20,826 : INFO : SwitchController : <<<<<<< 's_eos_left_top' active >>>>>>>
2022-10-12 07:52:20,890 : INFO : SwitchController : <<<<<<< 's_left_flipper' inactive >>>>>>>
2022-10-12 07:52:20,891 : INFO : EventManager : Event: ======'both_flippers_one'====== Args={'triggering_group': 1, 'triggering_switch': 's_left_flipper'}
2022-10-12 07:52:20,895 : INFO : SwitchController : <<<<<<< 's_right_flipper' inactive >>>>>>>
2022-10-12 07:52:20,895 : INFO : EventManager : Event: ======'both_flippers_inactive'====== Args={'triggering_group': 2, 'triggering_switch': 's_right_flipper'}
2022-10-12 07:52:20,986 : INFO : SwitchController : <<<<<<< 's_eos_left_top' inactive >>>>>>>
2022-10-12 07:52:21,048 : INFO : SwitchController : <<<<<<< 's_left_flipper' active >>>>>>>
2022-10-12 07:52:21,049 : INFO : SwitchController : <<<<<<< 's_right_flipper' active >>>>>>>
2022-10-12 07:52:21,049 : INFO : EventManager : Event: ======'flipper_cancel'====== Args={'triggering_group': 2, 'triggering_switch': 's_right_flipper'}
2022-10-12 07:52:21,079 : INFO : SwitchController : <<<<<<< 's_eos_left_top' active >>>>>>>
2022-10-12 07:52:21,114 : INFO : SwitchController : <<<<<<< 's_left_flipper' inactive >>>>>>>
2022-10-12 07:52:21,115 : INFO : EventManager : Event: ======'both_flippers_one'====== Args={'triggering_group': 1, 'triggering_switch': 's_left_flipper'}
2022-10-12 07:52:21,160 : INFO : SwitchController : <<<<<<< 's_right_flipper' inactive >>>>>>>
2022-10-12 07:52:21,160 : INFO : EventManager : Event: ======'both_flippers_inactive'====== Args={'triggering_group': 2, 'triggering_switch': 's_right_flipper'}
2022-10-12 07:52:21,222 : INFO : SwitchController : <<<<<<< 's_eos_left_top' inactive >>>>>>>
2022-10-12 07:52:21,286 : INFO : SwitchController : <<<<<<< 's_left_flipper' active >>>>>>>
2022-10-12 07:52:21,306 : INFO : SwitchController : <<<<<<< 's_right_flipper' active >>>>>>>
2022-10-12 07:52:21,306 : INFO : EventManager : Event: ======'flipper_cancel'====== Args={'triggering_group': 2, 'triggering_switch': 's_right_flipper'}
2022-10-12 07:52:21,318 : INFO : SwitchController : <<<<<<< 's_eos_left_top' active >>>>>>>
2022-10-12 07:52:21,763 : INFO : SwitchController : <<<<<<< 's_right_flipper' inactive >>>>>>>
2022-10-12 07:52:21,763 : INFO : EventManager : Event: ======'both_flippers_one'====== Args={'triggering_group': 2, 'triggering_switch': 's_right_flipper'}
2022-10-12 07:52:21,778 : INFO : SwitchController : <<<<<<< 's_left_flipper' inactive >>>>>>>
2022-10-12 07:52:21,778 : INFO : EventManager : Event: ======'both_flippers_inactive'====== Args={'triggering_group': 1, 'triggering_switch': 's_left_flipper'}
2022-10-12 07:52:21,873 : INFO : SwitchController : <<<<<<< 's_eos_left_top' inactive >>>>>>>
2022-10-12 07:52:22,063 : INFO : SwitchController : <<<<<<< 's_left_flipper' active >>>>>>>
2022-10-12 07:52:22,082 : INFO : SwitchController : <<<<<<< 's_eos_left_top' active >>>>>>>
2022-10-12 07:52:22,312 : INFO : SwitchController : <<<<<<< 's_right_flipper' active >>>>>>>
2022-10-12 07:52:22,312 : INFO : EventManager : Event: ======'flipper_cancel'====== Args={'triggering_group': 2, 'triggering_switch': 's_right_flipper'}
2022-10-12 07:52:22,629 : INFO : SwitchController : <<<<<<< 's_right_flipper' inactive >>>>>>>
2022-10-12 07:52:22,629 : INFO : EventManager : Event: ======'both_flippers_one'====== Args={'triggering_group': 2, 'triggering_switch': 's_right_flipper'}
2022-10-12 07:52:22,661 : INFO : SwitchController : <<<<<<< 's_left_flipper' inactive >>>>>>>
2022-10-12 07:52:22,661 : INFO : EventManager : Event: ======'both_flippers_inactive'====== Args={'triggering_group': 1, 'triggering_switch': 's_left_flipper'}
2022-10-12 07:52:22,757 : INFO : SwitchController : <<<<<<< 's_eos_left_top' inactive >>>>>>>
2022-10-12 07:52:22,851 : INFO : SwitchController : <<<<<<< 's_right_flipper' active >>>>>>>
2022-10-12 07:52:22,852 : INFO : SwitchController : <<<<<<< 's_left_flipper' active >>>>>>>
2022-10-12 07:52:22,852 : INFO : EventManager : Event: ======'flipper_cancel'====== Args={'triggering_group': 1, 'triggering_switch': 's_left_flipper'}
2022-10-12 07:52:22,883 : INFO : SwitchController : <<<<<<< 's_eos_left_top' active >>>>>>>
2022-10-12 07:52:22,994 : INFO : SwitchController : <<<<<<< 's_right_flipper' inactive >>>>>>>
2022-10-12 07:52:22,994 : INFO : EventManager : Event: ======'both_flippers_one'====== Args={'triggering_group': 2, 'triggering_switch': 's_right_flipper'}
2022-10-12 07:52:23,009 : INFO : SwitchController : <<<<<<< 's_left_flipper' inactive >>>>>>>
2022-10-12 07:52:23,009 : INFO : EventManager : Event: ======'both_flippers_inactive'====== Args={'triggering_group': 1, 'triggering_switch': 's_left_flipper'}
2022-10-12 07:52:23,120 : INFO : SwitchController : <<<<<<< 's_eos_left_top' inactive >>>>>>>
2022-10-12 07:52:23,121 : INFO : SwitchController : <<<<<<< 's_left_flipper' active >>>>>>>
2022-10-12 07:52:23,141 : INFO : SwitchController : <<<<<<< 's_right_flipper' active >>>>>>>
2022-10-12 07:52:23,141 : INFO : EventManager : Event: ======'flipper_cancel'====== Args={'triggering_group': 2, 'triggering_switch': 's_right_flipper'}
2022-10-12 07:52:23,142 : INFO : SwitchController : <<<<<<< 's_eos_left_top' active >>>>>>>
2022-10-12 07:52:23,708 : INFO : SwitchController : <<<<<<< 's_right_flipper' inactive >>>>>>>
2022-10-12 07:52:23,708 : INFO : EventManager : Event: ======'both_flippers_one'====== Args={'triggering_group': 2, 'triggering_switch': 's_right_flipper'}
2022-10-12 07:52:23,723 : INFO : SwitchController : <<<<<<< 's_left_flipper' inactive >>>>>>>
2022-10-12 07:52:23,724 : INFO : EventManager : Event: ======'both_flippers_inactive'====== Args={'triggering_group': 1, 'triggering_switch': 's_left_flipper'}
2022-10-12 07:52:23,834 : INFO : SwitchController : <<<<<<< 's_eos_left_top' inactive >>>>>>>
2022-10-12 07:52:24,071 : INFO : SwitchController : <<<<<<< 's_right_flipper' active >>>>>>>
2022-10-12 07:52:24,091 : INFO : SwitchController : <<<<<<< 's_left_flipper' active >>>>>>>
2022-10-12 07:52:24,091 : INFO : EventManager : Event: ======'flipper_cancel'====== Args={'triggering_group': 1, 'triggering_switch': 's_left_flipper'}
2022-10-12 07:52:24,123 : INFO : SwitchController : <<<<<<< 's_eos_left_top' active >>>>>>>
2022-10-12 07:52:25,019 : INFO : SwitchController : <<<<<<< 's_right_flipper' inactive >>>>>>>
2022-10-12 07:52:25,019 : INFO : EventManager : Event: ======'both_flippers_one'====== Args={'triggering_group': 2, 'triggering_switch': 's_right_flipper'}
2022-10-12 07:52:25,037 : INFO : SwitchController : <<<<<<< 's_right_flipper' active >>>>>>>
2022-10-12 07:52:25,037 : INFO : EventManager : Event: ======'flipper_cancel'====== Args={'triggering_group': 2, 'triggering_switch': 's_right_flipper'}
2022-10-12 07:52:25,038 : INFO : SwitchController : <<<<<<< 's_left_flipper' inactive >>>>>>>
2022-10-12 07:52:25,038 : INFO : EventManager : Event: ======'both_flippers_one'====== Args={'triggering_group': 1, 'triggering_switch': 's_left_flipper'}
2022-10-12 07:52:25,038 : INFO : SwitchController : <<<<<<< 's_right_flipper' inactive >>>>>>>
2022-10-12 07:52:25,039 : INFO : EventManager : Event: ======'both_flippers_inactive'====== Args={'triggering_group': 2, 'triggering_switch': 's_right_flipper'}
2022-10-12 07:52:25,042 : INFO : SwitchController : <<<<<<< 's_right_flipper' active >>>>>>>
2022-10-12 07:52:25,131 : INFO : SwitchController : <<<<<<< 's_eos_left_top' inactive >>>>>>>
2022-10-12 07:52:25,162 : INFO : SwitchController : <<<<<<< 's_right_flipper' inactive >>>>>>>
2022-10-12 07:52:25,194 : INFO : SwitchController : <<<<<<< 's_right_flipper' active >>>>>>>
2022-10-12 07:52:26,253 : INFO : SwitchController : <<<<<<< 's_left_flipper' active >>>>>>>
2022-10-12 07:52:26,253 : INFO : EventManager : Event: ======'flipper_cancel'====== Args={'triggering_group': 1, 'triggering_switch': 's_left_flipper'}
2022-10-12 07:52:26,285 : INFO : SwitchController : <<<<<<< 's_eos_left_top' active >>>>>>>
2022-10-12 07:52:26,490 : INFO : SwitchController : <<<<<<< 's_right_flipper' inactive >>>>>>>
2022-10-12 07:52:26,490 : INFO : EventManager : Event: ======'both_flippers_one'====== Args={'triggering_group': 2, 'triggering_switch': 's_right_flipper'}
2022-10-12 07:52:26,633 : INFO : SwitchController : <<<<<<< 's_right_flipper' active >>>>>>>
2022-10-12 07:52:26,633 : INFO : EventManager : Event: ======'flipper_cancel'====== Args={'triggering_group': 2, 'triggering_switch': 's_right_flipper'}
2022-10-12 07:52:27,121 : INFO : SwitchController : <<<<<<< 's_right_flipper' inactive >>>>>>>
2022-10-12 07:52:27,121 : INFO : EventManager : Event: ======'both_flippers_one'====== Args={'triggering_group': 2, 'triggering_switch': 's_right_flipper'}
2022-10-12 07:52:27,137 : INFO : SwitchController : <<<<<<< 's_left_flipper' inactive >>>>>>>
2022-10-12 07:52:27,137 : INFO : EventManager : Event: ======'both_flippers_inactive'====== Args={'triggering_group': 1, 'triggering_switch': 's_left_flipper'}
2022-10-12 07:52:27,232 : INFO : SwitchController : <<<<<<< 's_eos_left_top' inactive >>>>>>>
2022-10-12 07:52:27,311 : INFO : SwitchController : <<<<<<< 's_left_flipper' active >>>>>>>
2022-10-12 07:52:27,358 : INFO : SwitchController : <<<<<<< 's_right_flipper' active >>>>>>>
2022-10-12 07:52:27,358 : INFO : EventManager : Event: ======'flipper_cancel'====== Args={'triggering_group': 2, 'triggering_switch': 's_right_flipper'}
2022-10-12 07:52:27,359 : INFO : SwitchController : <<<<<<< 's_eos_left_top' active >>>>>>>
2022-10-12 07:52:28,430 : INFO : SwitchController : <<<<<<< 's_left_flipper' inactive >>>>>>>
2022-10-12 07:52:28,430 : INFO : EventManager : Event: ======'both_flippers_one'====== Args={'triggering_group': 1, 'triggering_switch': 's_left_flipper'}
2022-10-12 07:52:28,431 : INFO : SwitchController : <<<<<<< 's_right_flipper' inactive >>>>>>>
2022-10-12 07:52:28,431 : INFO : EventManager : Event: ======'both_flippers_inactive'====== Args={'triggering_group': 2, 'triggering_switch': 's_right_flipper'}
2022-10-12 07:52:28,527 : INFO : SwitchController : <<<<<<< 's_eos_left_top' inactive >>>>>>>
2022-10-12 07:52:29,191 : INFO : SwitchController : <<<<<<< 's_left_flipper' active >>>>>>>
2022-10-12 07:52:29,192 : INFO : SwitchController : <<<<<<< 's_right_flipper' active >>>>>>>
2022-10-12 07:52:29,192 : INFO : EventManager : Event: ======'flipper_cancel'====== Args={'triggering_group': 2, 'triggering_switch': 's_right_flipper'}
2022-10-12 07:52:29,207 : INFO : SwitchController : <<<<<<< 's_eos_left_top' active >>>>>>>
2022-10-12 07:52:29,680 : INFO : SwitchController : <<<<<<< 's_right_flipper' inactive >>>>>>>
2022-10-12 07:52:29,680 : INFO : EventManager : Event: ======'both_flippers_one'====== Args={'triggering_group': 2, 'triggering_switch': 's_right_flipper'}
2022-10-12 07:52:29,727 : INFO : SwitchController : <<<<<<< 's_left_flipper' inactive >>>>>>>
2022-10-12 07:52:29,727 : INFO : EventManager : Event: ======'both_flippers_inactive'====== Args={'triggering_group': 1, 'triggering_switch': 's_left_flipper'}
2022-10-12 07:52:29,807 : INFO : SwitchController : <<<<<<< 's_right_flipper' active >>>>>>>
2022-10-12 07:52:29,826 : INFO : SwitchController : <<<<<<< 's_eos_left_top' inactive >>>>>>>
2022-10-12 07:52:29,826 : INFO : SwitchController : <<<<<<< 's_left_flipper' active >>>>>>>
2022-10-12 07:52:29,826 : INFO : EventManager : Event: ======'flipper_cancel'====== Args={'triggering_group': 1, 'triggering_switch': 's_left_flipper'}
2022-10-12 07:52:29,854 : INFO : SwitchController : <<<<<<< 's_eos_left_top' active >>>>>>>
2022-10-12 07:52:30,012 : INFO : SwitchController : <<<<<<< 's_right_flipper' inactive >>>>>>>
2022-10-12 07:52:30,012 : INFO : EventManager : Event: ======'both_flippers_one'====== Args={'triggering_group': 2, 'triggering_switch': 's_right_flipper'}
2022-10-12 07:52:30,030 : INFO : SwitchController : <<<<<<< 's_left_flipper' inactive >>>>>>>
2022-10-12 07:52:30,030 : INFO : EventManager : Event: ======'both_flippers_inactive'====== Args={'triggering_group': 1, 'triggering_switch': 's_left_flipper'}
2022-10-12 07:52:30,112 : INFO : SwitchController : <<<<<<< 's_right_flipper' active >>>>>>>
2022-10-12 07:52:30,128 : INFO : SwitchController : <<<<<<< 's_eos_left_top' inactive >>>>>>>
2022-10-12 07:52:30,145 : INFO : SwitchController : <<<<<<< 's_left_flipper' active >>>>>>>
2022-10-12 07:52:30,145 : INFO : EventManager : Event: ======'flipper_cancel'====== Args={'triggering_group': 1, 'triggering_switch': 's_left_flipper'}
2022-10-12 07:52:30,188 : INFO : SwitchController : <<<<<<< 's_eos_left_top' active >>>>>>>
2022-10-12 07:52:30,331 : INFO : SwitchController : <<<<<<< 's_left_flipper' inactive >>>>>>>
2022-10-12 07:52:30,331 : INFO : EventManager : Event: ======'both_flippers_one'====== Args={'triggering_group': 1, 'triggering_switch': 's_left_flipper'}
2022-10-12 07:52:30,347 : INFO : SwitchController : <<<<<<< 's_right_flipper' inactive >>>>>>>
2022-10-12 07:52:30,347 : INFO : EventManager : Event: ======'both_flippers_inactive'====== Args={'triggering_group': 2, 'triggering_switch': 's_right_flipper'}
2022-10-12 07:52:30,427 : INFO : SwitchController : <<<<<<< 's_eos_left_top' inactive >>>>>>>
2022-10-12 07:52:30,447 : INFO : SwitchController : <<<<<<< 's_right_flipper' active >>>>>>>
2022-10-12 07:52:30,448 : INFO : SwitchController : <<<<<<< 's_left_flipper' active >>>>>>>
2022-10-12 07:52:30,448 : INFO : EventManager : Event: ======'flipper_cancel'====== Args={'triggering_group': 1, 'triggering_switch': 's_left_flipper'}
2022-10-12 07:52:30,475 : INFO : SwitchController : <<<<<<< 's_eos_left_top' active >>>>>>>
2022-10-12 07:52:30,680 : INFO : SwitchController : <<<<<<< 's_left_flipper' inactive >>>>>>>
2022-10-12 07:52:30,681 : INFO : EventManager : Event: ======'both_flippers_one'====== Args={'triggering_group': 1, 'triggering_switch': 's_left_flipper'}
2022-10-12 07:52:30,714 : INFO : SwitchController : <<<<<<< 's_right_flipper' inactive >>>>>>>
2022-10-12 07:52:30,714 : INFO : EventManager : Event: ======'both_flippers_inactive'====== Args={'triggering_group': 2, 'triggering_switch': 's_right_flipper'}
2022-10-12 07:52:30,776 : INFO : SwitchController : <<<<<<< 's_eos_left_top' inactive >>>>>>>
2022-10-12 07:52:33,911 : INFO : SwitchController : <<<<<<< 's_right_flipper' active >>>>>>>
2022-10-12 07:52:34,006 : INFO : SwitchController : <<<<<<< 's_left_flipper' active >>>>>>>
2022-10-12 07:52:34,006 : INFO : EventManager : Event: ======'flipper_cancel'====== Args={'triggering_group': 1, 'triggering_switch': 's_left_flipper'}
2022-10-12 07:52:34,022 : INFO : SwitchController : <<<<<<< 's_eos_left_top' active >>>>>>>
2022-10-12 07:52:34,369 : INFO : SwitchController : <<<<<<< 's_left_flipper' inactive >>>>>>>
2022-10-12 07:52:34,369 : INFO : EventManager : Event: ======'both_flippers_one'====== Args={'triggering_group': 1, 'triggering_switch': 's_left_flipper'}
2022-10-12 07:52:34,385 : INFO : SwitchController : <<<<<<< 's_right_flipper' inactive >>>>>>>
2022-10-12 07:52:34,385 : INFO : EventManager : Event: ======'both_flippers_inactive'====== Args={'triggering_group': 2, 'triggering_switch': 's_right_flipper'}
2022-10-12 07:52:34,464 : INFO : SwitchController : <<<<<<< 's_eos_left_top' inactive >>>>>>>
2022-10-12 07:52:34,589 : INFO : SwitchController : <<<<<<< 's_right_flipper' active >>>>>>>
2022-10-12 07:52:34,636 : INFO : SwitchController : <<<<<<< 's_left_flipper' active >>>>>>>
2022-10-12 07:52:34,636 : INFO : EventManager : Event: ======'flipper_cancel'====== Args={'triggering_group': 1, 'triggering_switch': 's_left_flipper'}
2022-10-12 07:52:34,667 : INFO : SwitchController : <<<<<<< 's_eos_left_top' active >>>>>>>
2022-10-12 07:52:34,857 : INFO : SwitchController : <<<<<<< 's_right_flipper' inactive >>>>>>>
2022-10-12 07:52:34,857 : INFO : EventManager : Event: ======'both_flippers_one'====== Args={'triggering_group': 2, 'triggering_switch': 's_right_flipper'}
2022-10-12 07:52:34,904 : INFO : SwitchController : <<<<<<< 's_left_flipper' inactive >>>>>>>
2022-10-12 07:52:34,904 : INFO : EventManager : Event: ======'both_flippers_inactive'====== Args={'triggering_group': 1, 'triggering_switch': 's_left_flipper'}
2022-10-12 07:52:35,016 : INFO : SwitchController : <<<<<<< 's_eos_left_top' inactive >>>>>>>
2022-10-12 07:52:36,956 : INFO : SwitchController : <<<<<<< 's_left_flipper' active >>>>>>>
2022-10-12 07:52:36,975 : INFO : SwitchController : <<<<<<< 's_right_flipper' active >>>>>>>
2022-10-12 07:52:36,975 : INFO : EventManager : Event: ======'flipper_cancel'====== Args={'triggering_group': 2, 'triggering_switch': 's_right_flipper'}
2022-10-12 07:52:36,976 : INFO : SwitchController : <<<<<<< 's_eos_left_top' active >>>>>>>
2022-10-12 07:52:37,145 : INFO : SwitchController : <<<<<<< 's_right_flipper' inactive >>>>>>>
2022-10-12 07:52:37,145 : INFO : EventManager : Event: ======'both_flippers_one'====== Args={'triggering_group': 2, 'triggering_switch': 's_right_flipper'}
2022-10-12 07:52:37,176 : INFO : SwitchController : <<<<<<< 's_left_flipper' inactive >>>>>>>
2022-10-12 07:52:37,176 : INFO : EventManager : Event: ======'both_flippers_inactive'====== Args={'triggering_group': 1, 'triggering_switch': 's_left_flipper'}
2022-10-12 07:52:37,256 : INFO : SwitchController : <<<<<<< 's_right_flipper' active >>>>>>>
2022-10-12 07:52:37,276 : INFO : SwitchController : <<<<<<< 's_eos_left_top' inactive >>>>>>>
2022-10-12 07:52:37,292 : INFO : SwitchController : <<<<<<< 's_left_flipper' active >>>>>>>
2022-10-12 07:52:37,292 : INFO : EventManager : Event: ======'flipper_cancel'====== Args={'triggering_group': 1, 'triggering_switch': 's_left_flipper'}
2022-10-12 07:52:37,320 : INFO : SwitchController : <<<<<<< 's_eos_left_top' active >>>>>>>
2022-10-12 07:52:37,462 : INFO : SwitchController : <<<<<<< 's_right_flipper' inactive >>>>>>>
2022-10-12 07:52:37,462 : INFO : EventManager : Event: ======'both_flippers_one'====== Args={'triggering_group': 2, 'triggering_switch': 's_right_flipper'}
2022-10-12 07:52:37,527 : INFO : SwitchController : <<<<<<< 's_left_flipper' inactive >>>>>>>
2022-10-12 07:52:37,528 : INFO : EventManager : Event: ======'both_flippers_inactive'====== Args={'triggering_group': 1, 'triggering_switch': 's_left_flipper'}
2022-10-12 07:52:37,557 : INFO : SwitchController : <<<<<<< 's_left_flipper' active >>>>>>>
2022-10-12 07:52:37,577 : INFO : SwitchController : <<<<<<< 's_right_flipper' active >>>>>>>
2022-10-12 07:52:37,577 : INFO : EventManager : Event: ======'flipper_cancel'====== Args={'triggering_group': 2, 'triggering_switch': 's_right_flipper'}
2022-10-12 07:52:37,811 : INFO : SwitchController : <<<<<<< 's_right_flipper' inactive >>>>>>>
2022-10-12 07:52:37,811 : INFO : EventManager : Event: ======'both_flippers_one'====== Args={'triggering_group': 2, 'triggering_switch': 's_right_flipper'}
2022-10-12 07:52:37,812 : INFO : SwitchController : <<<<<<< 's_left_flipper' inactive >>>>>>>
2022-10-12 07:52:37,812 : INFO : EventManager : Event: ======'both_flippers_inactive'====== Args={'triggering_group': 1, 'triggering_switch': 's_left_flipper'}
2022-10-12 07:52:37,907 : INFO : SwitchController : <<<<<<< 's_eos_left_top' inactive >>>>>>>
2022-10-12 07:52:38,079 : INFO : SwitchController : <<<<<<< 's_right_flipper' active >>>>>>>
2022-10-12 07:52:38,283 : INFO : SwitchController : <<<<<<< 's_left_flipper' active >>>>>>>
2022-10-12 07:52:38,283 : INFO : EventManager : Event: ======'flipper_cancel'====== Args={'triggering_group': 1, 'triggering_switch': 's_left_flipper'}
2022-10-12 07:52:38,315 : INFO : SwitchController : <<<<<<< 's_eos_left_top' active >>>>>>>
2022-10-12 07:52:38,394 : INFO : SwitchController : <<<<<<< 's_right_flipper' inactive >>>>>>>
2022-10-12 07:52:38,395 : INFO : EventManager : Event: ======'both_flippers_one'====== Args={'triggering_group': 2, 'triggering_switch': 's_right_flipper'}
2022-10-12 07:52:38,539 : INFO : SwitchController : <<<<<<< 's_right_flipper' active >>>>>>>
2022-10-12 07:52:38,539 : INFO : EventManager : Event: ======'flipper_cancel'====== Args={'triggering_group': 2, 'triggering_switch': 's_right_flipper'}
2022-10-12 07:52:38,743 : INFO : SwitchController : <<<<<<< 's_left_flipper' inactive >>>>>>>
2022-10-12 07:52:38,744 : INFO : EventManager : Event: ======'both_flippers_one'====== Args={'triggering_group': 1, 'triggering_switch': 's_left_flipper'}
2022-10-12 07:52:38,839 : INFO : SwitchController : <<<<<<< 's_eos_left_top' inactive >>>>>>>
2022-10-12 07:52:39,094 : INFO : SwitchController : <<<<<<< 's_right_flipper' inactive >>>>>>>
2022-10-12 07:52:39,094 : INFO : EventManager : Event: ======'both_flippers_inactive'====== Args={'triggering_group': 2, 'triggering_switch': 's_right_flipper'}
2022-10-12 07:52:39,158 : INFO : SwitchController : <<<<<<< 's_right_flipper' active >>>>>>>
2022-10-12 07:52:39,179 : INFO : SwitchController : <<<<<<< 's_left_flipper' active >>>>>>>
2022-10-12 07:52:39,179 : INFO : EventManager : Event: ======'flipper_cancel'====== Args={'triggering_group': 1, 'triggering_switch': 's_left_flipper'}
2022-10-12 07:52:39,207 : INFO : SwitchController : <<<<<<< 's_eos_left_top' active >>>>>>>
2022-10-12 07:52:39,633 : INFO : SwitchController : <<<<<<< 's_left_flipper' inactive >>>>>>>
2022-10-12 07:52:39,633 : INFO : EventManager : Event: ======'both_flippers_one'====== Args={'triggering_group': 1, 'triggering_switch': 's_left_flipper'}
2022-10-12 07:52:39,650 : INFO : SwitchController : <<<<<<< 's_right_flipper' inactive >>>>>>>
2022-10-12 07:52:39,650 : INFO : EventManager : Event: ======'both_flippers_inactive'====== Args={'triggering_group': 2, 'triggering_switch': 's_right_flipper'}
2022-10-12 07:52:39,746 : INFO : SwitchController : <<<<<<< 's_eos_left_top' inactive >>>>>>>
2022-10-12 07:52:40,409 : INFO : SwitchController : <<<<<<< 's_left_flipper' active >>>>>>>
2022-10-12 07:52:40,410 : INFO : SwitchController : <<<<<<< 's_right_flipper' active >>>>>>>
2022-10-12 07:52:40,410 : INFO : EventManager : Event: ======'flipper_cancel'====== Args={'triggering_group': 2, 'triggering_switch': 's_right_flipper'}
2022-10-12 07:52:40,441 : INFO : SwitchController : <<<<<<< 's_eos_left_top' active >>>>>>>
2022-10-12 07:52:40,629 : INFO : SwitchController : <<<<<<< 's_right_flipper' inactive >>>>>>>
2022-10-12 07:52:40,629 : INFO : EventManager : Event: ======'both_flippers_one'====== Args={'triggering_group': 2, 'triggering_switch': 's_right_flipper'}
2022-10-12 07:52:40,645 : INFO : SwitchController : <<<<<<< 's_left_flipper' inactive >>>>>>>
2022-10-12 07:52:40,645 : INFO : EventManager : Event: ======'both_flippers_inactive'====== Args={'triggering_group': 1, 'triggering_switch': 's_left_flipper'}
2022-10-12 07:52:40,741 : INFO : SwitchController : <<<<<<< 's_eos_left_top' inactive >>>>>>>
2022-10-12 07:52:41,913 : INFO : SwitchController : <<<<<<< 's_right_flipper' active >>>>>>>
2022-10-12 07:52:42,070 : INFO : SwitchController : <<<<<<< 's_right_flipper' inactive >>>>>>>
2022-10-12 07:52:42,165 : INFO : SwitchController : <<<<<<< 's_right_flipper' active >>>>>>>
2022-10-12 07:52:42,325 : INFO : SwitchController : <<<<<<< 's_right_flipper' inactive >>>>>>>
2022-10-12 07:53:07,637 : ERROR : asyncio : Exception in callback SerialTransport._poll_read()
handle: <TimerHandle when=522372.1255 SerialTransport._poll_read()>
Traceback (most recent call last):
  File "c:\users\tanner\appdata\local\programs\python\python37\lib\asyncio\events.py", line 88, in _run
    self._context.run(self._callback, *self._args)
  File "c:\users\tanner\appdata\local\programs\python\python37\lib\site-packages\serial_asyncio\__init__.py", line 275, in _poll_read
    if self.serial.in_waiting:
  File "c:\users\tanner\appdata\local\programs\python\python37\lib\site-packages\serial\serialwin32.py", line 259, in in_waiting
    raise SerialException("ClearCommError failed ({!r})".format(ctypes.WinError()))
serial.serialutil.SerialException: ClearCommError failed (PermissionError(13, 'Access is denied.', None, 5))
2022-10-12 07:53:07,638 : ERROR : asyncio : Exception in callback SerialTransport._poll_read()
handle: <TimerHandle when=522372.1255 SerialTransport._poll_read()>
Traceback (most recent call last):
  File "c:\users\tanner\appdata\local\programs\python\python37\lib\asyncio\events.py", line 88, in _run
    self._context.run(self._callback, *self._args)
  File "c:\users\tanner\appdata\local\programs\python\python37\lib\site-packages\serial_asyncio\__init__.py", line 275, in _poll_read
    if self.serial.in_waiting:
  File "c:\users\tanner\appdata\local\programs\python\python37\lib\site-packages\serial\serialwin32.py", line 259, in in_waiting
    raise SerialException("ClearCommError failed ({!r})".format(ctypes.WinError()))
serial.serialutil.SerialException: ClearCommError failed (PermissionError(13, 'Access is denied.', None, 5))
2022-10-12 07:53:07,644 : INFO : Machine : Shutting down...
2022-10-12 07:53:07,646 : INFO : EventManager : Event: ======'shutdown'====== Args={}
2022-10-12 07:53:07,649 : ERROR : asyncio : Fatal write error on serial transport
protocol: <asyncio.streams.StreamReaderProtocol object at 0x0000029A30038488>
transport: SerialTransport(<_WindowsSelectorEventLoop running=False closed=False debug=False>, <asyncio.streams.StreamReaderProtocol object at 0x0000029A30038488>, Serial<id=0x29a30038508, open=True>(port='com9', baudrate=921600, bytesize=8, parity='N', stopbits=1, timeout=0, xonxoff=False, rtscts=False, dsrdtr=False))
Traceback (most recent call last):
  File "c:\users\tanner\appdata\local\programs\python\python37\lib\site-packages\serial_asyncio\__init__.py", line 120, in write
    n = self._serial.write(data)
  File "c:\users\tanner\appdata\local\programs\python\python37\lib\site-packages\serial\serialwin32.py", line 336, in write
    raise SerialException("WriteFile failed ({!r})".format(ctypes.WinError()))
serial.serialutil.SerialException: WriteFile failed (PermissionError(13, 'Access is denied.', None, 5))
2022-10-12 07:53:07,650 : ERROR : asyncio : Fatal write error on serial transport
protocol: <asyncio.streams.StreamReaderProtocol object at 0x0000029A30059908>
transport: SerialTransport(<_WindowsSelectorEventLoop running=False closed=False debug=False>, <asyncio.streams.StreamReaderProtocol object at 0x0000029A30059908>, Serial<id=0x29a300597c8, open=True>(port='com10', baudrate=921600, bytesize=8, parity='N', stopbits=1, timeout=0, xonxoff=False, rtscts=False, dsrdtr=False))
Traceback (most recent call last):
  File "c:\users\tanner\appdata\local\programs\python\python37\lib\site-packages\serial_asyncio\__init__.py", line 120, in write
    n = self._serial.write(data)
  File "c:\users\tanner\appdata\local\programs\python\python37\lib\site-packages\serial\serialwin32.py", line 336, in write
    raise SerialException("WriteFile failed ({!r})".format(ctypes.WinError()))
serial.serialutil.SerialException: WriteFile failed (PermissionError(13, 'Access is denied.', None, 5))
2022-10-12 07:53:07,651 : ERROR : asyncio : Exception in callback SerialTransport._call_connection_lost(SerialExcepti...', None, 5))"))
handle: <Handle SerialTransport._call_connection_lost(SerialExcepti...', None, 5))"))>
Traceback (most recent call last):
  File "c:\users\tanner\appdata\local\programs\python\python37\lib\asyncio\events.py", line 88, in _run
    self._context.run(self._callback, *self._args)
  File "c:\users\tanner\appdata\local\programs\python\python37\lib\site-packages\serial_asyncio\__init__.py", line 390, in _call_connection_lost
    self._serial.flush()
  File "c:\users\tanner\appdata\local\programs\python\python37\lib\site-packages\serial\serialwin32.py", line 345, in flush
    while self.out_waiting:
  File "c:\users\tanner\appdata\local\programs\python\python37\lib\site-packages\serial\serialwin32.py", line 447, in out_waiting
    raise SerialException("ClearCommError failed ({!r})".format(ctypes.WinError()))
serial.serialutil.SerialException: ClearCommError failed (PermissionError(13, 'Access is denied.', None, 5))
2022-10-12 07:53:07,654 : ERROR : asyncio : Exception in callback SerialTransport._call_connection_lost(SerialExcepti...', None, 5))"))
handle: <Handle SerialTransport._call_connection_lost(SerialExcepti...', None, 5))"))>
Traceback (most recent call last):
  File "c:\users\tanner\appdata\local\programs\python\python37\lib\asyncio\events.py", line 88, in _run
    self._context.run(self._callback, *self._args)
  File "c:\users\tanner\appdata\local\programs\python\python37\lib\site-packages\serial_asyncio\__init__.py", line 390, in _call_connection_lost
    self._serial.flush()
  File "c:\users\tanner\appdata\local\programs\python\python37\lib\site-packages\serial\serialwin32.py", line 345, in flush
    while self.out_waiting:
  File "c:\users\tanner\appdata\local\programs\python\python37\lib\site-packages\serial\serialwin32.py", line 447, in out_waiting
    raise SerialException("ClearCommError failed ({!r})".format(ctypes.WinError()))
serial.serialutil.SerialException: ClearCommError failed (PermissionError(13, 'Access is denied.', None, 5))
2022-10-12 07:53:07,747 : ERROR : FAST : Stop called on serial connection com9
2022-10-12 07:53:07,747 : ERROR : FAST : Stop called on serial connection com10
2022-10-12 07:53:07,749 : ERROR : Machine : Runtime Exception
Traceback (most recent call last):
  File "c:\users\tanner\appdata\local\programs\python\python37\lib\site-packages\mpf\core\machine.py", line 769, in _run_loop
    raise self._exception['exception']
  File "c:\users\tanner\appdata\local\programs\python\python37\lib\asyncio\events.py", line 88, in _run
    self._context.run(self._callback, *self._args)
  File "c:\users\tanner\appdata\local\programs\python\python37\lib\site-packages\serial_asyncio\__init__.py", line 275, in _poll_read
    if self.serial.in_waiting:
  File "c:\users\tanner\appdata\local\programs\python\python37\lib\site-packages\serial\serialwin32.py", line 259, in in_waiting
    raise SerialException("ClearCommError failed ({!r})".format(ctypes.WinError()))
serial.serialutil.SerialException: ClearCommError failed (PermissionError(13, 'Access is denied.', None, 5))
2022-10-12 07:53:07,815 : ERROR : root : ClearCommError failed (PermissionError(13, 'Access is denied.', None, 5))
2022-10-12 07:54:58,369 : INFO : root : MPF run loop ended.
