2022-09-12 11:56:17,461 : INFO : root : Loading config.
2022-09-12 11:56:17,469 : INFO : YamlMultifileConfigLoader : Machine config file #1: config.yaml
2022-09-12 11:56:17,469 : INFO : ConfigProcessor : Loading config from cache: C:\Users\Tanner\AppData\Local\Temp\a6762098cb994b55cb03a478b26022ee.mpf_cache
2022-09-12 11:56:17,551 : INFO : ConfigProcessor : Loading config from cache: C:\Users\Tanner\AppData\Local\Temp\9cf7ccc27b21f4d6162237fadfc53e5a.mpf_cache
2022-09-12 11:56:17,556 : INFO : ConfigProcessor : Loading config from cache: C:\Users\Tanner\AppData\Local\Temp\c215df352878fee5d54f1a5ec5b16e7c.mpf_cache
2022-09-12 11:56:17,561 : INFO : ConfigProcessor : Loading config from cache: C:\Users\Tanner\AppData\Local\Temp\abaa92c43d134e3392cbb2346e6a16be.mpf_cache
2022-09-12 11:56:17,566 : INFO : ConfigProcessor : Loading config from cache: C:\Users\Tanner\AppData\Local\Temp\fc46d53fcb9fe6b8abf783d9c813390a.mpf_cache
2022-09-12 11:56:17,570 : INFO : Machine : Mission Pinball Framework Core Engine v0.55.0
2022-09-12 11:56:17,570 : INFO : Machine : Command line arguments: {'no_load_cache': False, 'create_config_cache': True, 'bcp': False, 'configfile': ['config.yaml'], 'force_assets_load': False, 'jsonlogging': False, 'logfile': 'logs\\2022-09-12-11-56-17-mpf-DESKTOP-7HNFDQ5.log', 'pause': False, 'production': False, 'text_ui': True, 'loglevel': 15, 'consoleloglevel': 20, 'force_platform': None, 'syslog_address': None, 'mc_file_name': None, 'no_sound': False}
2022-09-12 11:56:17,570 : INFO : Machine : MPF path: c:\users\tanner\appdata\local\programs\python\python37\lib\site-packages\mpf
2022-09-12 11:56:17,570 : INFO : Machine : Machine path: c:\trashland_2
2022-09-12 11:56:17,570 : INFO : Machine : Platform: win32
2022-09-12 11:56:17,570 : INFO : Machine : Python executable location: c:\users\tanner\appdata\local\programs\python\python37\python.exe
2022-09-12 11:56:17,570 : INFO : Machine : Python version: 3.7.8 (64-bit)
2022-09-12 11:56:17,572 : INFO : Machine : Initialise MPF.
2022-09-12 11:56:17,904 : INFO : FAST : Connecting to com20 at 921600bps
2022-09-12 11:56:18,018 : INFO : FAST : Connected! Processor: NET, Board Type: FP-CPU-002-2, Firmware: 01.05
2022-09-12 11:56:18,019 : INFO : EventManager : Event: ======'machine_var_fast_net_firmware'====== Args={'value': '01.05', 'prev_value': None, 'change': True}
2022-09-12 11:56:18,019 : INFO : EventManager : Event: ======'machine_var_fast_net_model'====== Args={'value': 'FP-CPU-002-2', 'prev_value': None, 'change': True}
2022-09-12 11:56:20,393 : WARNING : FAST : Got unexpected message from FAST: -N:33
2022-09-12 11:56:20,393 : WARNING : FAST : Got unexpected message from FAST: -N:34
2022-09-12 11:56:20,393 : WARNING : FAST : Got unexpected message from FAST: -N:38
2022-09-12 11:56:20,393 : WARNING : FAST : Got unexpected message from FAST: -N:3B
2022-09-12 11:56:20,393 : WARNING : FAST : Got unexpected message from FAST: -N:3C
2022-09-12 11:56:20,393 : WARNING : FAST : Got unexpected message from FAST: -N:40
2022-09-12 11:56:20,393 : WARNING : FAST : Got unexpected message from FAST: -N:41
2022-09-12 11:56:20,393 : WARNING : FAST : Got unexpected message from FAST: -N:42
2022-09-12 11:56:20,393 : WARNING : FAST : Got unexpected message from FAST: -N:43
2022-09-12 11:56:20,393 : WARNING : FAST : Got unexpected message from FAST: -N:44
2022-09-12 11:56:20,503 : INFO : FAST : Connecting to com21 at 921600bps
2022-09-12 11:56:20,628 : INFO : FAST : Connected! Processor: RGB, Board Type: FP-CPU-002-2, Firmware: 01.00
2022-09-12 11:56:20,628 : INFO : EventManager : Event: ======'machine_var_fast_rgb_firmware'====== Args={'value': '01.00', 'prev_value': None, 'change': True}
2022-09-12 11:56:20,628 : INFO : EventManager : Event: ======'machine_var_fast_rgb_model'====== Args={'value': 'FP-CPU-002-2', 'prev_value': None, 'change': True}
2022-09-12 11:56:20,629 : INFO : EventManager : Event: ======'machine_var_credits_string'====== Args={'value': 'FREE PLAY', 'prev_value': None, 'change': True}
2022-09-12 11:56:20,688 : INFO : EventManager : Event: ======'machine_var_master_volume'====== Args={'value': 0.5, 'prev_value': None, 'change': True}
2022-09-12 11:56:20,689 : INFO : EventManager : Event: ======'machine_var_mpf_version'====== Args={'value': 'MPF v0.55.0', 'prev_value': None, 'change': True}
2022-09-12 11:56:20,689 : INFO : EventManager : Event: ======'machine_var_mpf_extended_version'====== Args={'value': 'MPF v0.55.0, Config version:5, Show version: 5, BCP version:1.1', 'prev_value': None, 'change': True}
2022-09-12 11:56:20,689 : INFO : EventManager : Event: ======'machine_var_python_version'====== Args={'value': '3.7.8', 'prev_value': None, 'change': True}
2022-09-12 11:56:20,689 : INFO : EventManager : Event: ======'machine_var_platform'====== Args={'value': 'Windows-10-10.0.19041-SP0', 'prev_value': None, 'change': True}
2022-09-12 11:56:20,689 : INFO : EventManager : Event: ======'machine_var_platform_system'====== Args={'value': 'Windows', 'prev_value': None, 'change': True}
2022-09-12 11:56:20,689 : INFO : EventManager : Event: ======'machine_var_platform_release'====== Args={'value': '10', 'prev_value': None, 'change': True}
2022-09-12 11:56:20,689 : INFO : EventManager : Event: ======'machine_var_platform_version'====== Args={'value': '10.0.19041', 'prev_value': None, 'change': True}
2022-09-12 11:56:20,689 : INFO : EventManager : Event: ======'machine_var_platform_machine'====== Args={'value': 'AMD64', 'prev_value': None, 'change': True}
2022-09-12 11:56:20,690 : INFO : EventManager : Event: ======'init_phase_1'====== Args={}
2022-09-12 11:56:20,723 : INFO : EventManager : Event: ======'drop_target_bank_mid_up'====== Args={}
2022-09-12 11:56:20,723 : INFO : EventManager : Event: ======'drop_target_bank_right_up'====== Args={}
2022-09-12 11:56:20,740 : INFO : EventManager : Event: ======'init_phase_2'====== Args={}
2022-09-12 11:56:20,741 : INFO : SwitchController : Found active switch: (('3E', 1), <Platform.FAST>) <switch.s_trough_1>
2022-09-12 11:56:20,741 : INFO : SwitchController : Found active switch: (('3D', 1), <Platform.FAST>) <switch.s_trough_jam>
2022-09-12 11:56:20,741 : INFO : SwitchController : Found active switch: (('5D', 1), <Platform.FAST>) <switch.s_bot_vuk>
2022-09-12 11:56:20,747 : INFO : ball_device.bd_trough : BCH: Initial count: 2
2022-09-12 11:56:20,747 : INFO : ball_device.bd_trough : State: idle
2022-09-12 11:56:20,748 : INFO : ball_device.bd_plunger : BCH: Initial count: 0
2022-09-12 11:56:20,748 : INFO : ball_device.bd_plunger : State: idle
2022-09-12 11:56:20,812 : INFO : EventManager : Event: ======'init_phase_3'====== Args={}
2022-09-12 11:56:20,876 : INFO : EventManager : Event: ======'init_phase_4'====== Args={}
2022-09-12 11:56:20,877 : INFO : EventManager : Event: ======'playfield_active'====== Args={}
2022-09-12 11:56:20,877 : INFO : EventManager : Event: ======'unexpected_ball_on_playfield'====== Args={}
2022-09-12 11:56:20,877 : INFO : EventManager : Event: ======'playfield_active'====== Args={}
2022-09-12 11:56:20,877 : INFO : EventManager : Event: ======'unexpected_ball_on_playfield'====== Args={}
2022-09-12 11:56:20,877 : INFO : EventManager : Event: ======'playfield_active'====== Args={}
2022-09-12 11:56:20,877 : INFO : EventManager : Event: ======'unexpected_ball_on_playfield'====== Args={}
2022-09-12 11:56:20,877 : INFO : EventManager : Event: ======'playfield_active'====== Args={}
2022-09-12 11:56:20,877 : INFO : EventManager : Event: ======'unexpected_ball_on_playfield'====== Args={}
2022-09-12 11:56:20,877 : INFO : EventManager : Event: ======'playfield_active'====== Args={}
2022-09-12 11:56:20,877 : INFO : EventManager : Event: ======'unexpected_ball_on_playfield'====== Args={}
2022-09-12 11:56:20,877 : INFO : EventManager : Event: ======'playfield_active'====== Args={}
2022-09-12 11:56:20,877 : INFO : EventManager : Event: ======'unexpected_ball_on_playfield'====== Args={}
2022-09-12 11:56:20,878 : INFO : BallController : Initial balls found: 2
2022-09-12 11:56:20,879 : INFO : EventManager : Event: ======'machine_var_audits_events_game_ended'====== Args={'value': 0, 'prev_value': None, 'change': True}
2022-09-12 11:56:20,879 : INFO : EventManager : Event: ======'machine_var_audits_events_game_started'====== Args={'value': 0, 'prev_value': None, 'change': True}
2022-09-12 11:56:20,879 : INFO : EventManager : Event: ======'machine_var_audits_player_score'====== Args={'value': {'average': 0, 'top': [], 'total': 0}, 'prev_value': None, 'change': True}
2022-09-12 11:56:20,880 : INFO : EventManager : Event: ======'machine_var_audits_switches_s_autolauncher'====== Args={'value': 72, 'prev_value': None, 'change': True}
2022-09-12 11:56:20,880 : INFO : EventManager : Event: ======'machine_var_audits_switches_s_back_pop'====== Args={'value': 0, 'prev_value': None, 'change': True}
2022-09-12 11:56:20,880 : INFO : EventManager : Event: ======'machine_var_audits_switches_s_back_rollover'====== Args={'value': 0, 'prev_value': None, 'change': True}
2022-09-12 11:56:20,880 : INFO : EventManager : Event: ======'machine_var_audits_switches_s_back_stationary'====== Args={'value': 0, 'prev_value': None, 'change': True}
2022-09-12 11:56:20,880 : INFO : EventManager : Event: ======'machine_var_audits_switches_s_bot_back'====== Args={'value': 0, 'prev_value': None, 'change': True}
2022-09-12 11:56:20,880 : INFO : EventManager : Event: ======'machine_var_audits_switches_s_bot_big'====== Args={'value': 0, 'prev_value': None, 'change': True}
2022-09-12 11:56:20,880 : INFO : EventManager : Event: ======'machine_var_audits_switches_s_bot_left'====== Args={'value': 0, 'prev_value': None, 'change': True}
2022-09-12 11:56:20,880 : INFO : EventManager : Event: ======'machine_var_audits_switches_s_bot_right'====== Args={'value': 0, 'prev_value': None, 'change': True}
2022-09-12 11:56:20,881 : INFO : EventManager : Event: ======'machine_var_audits_switches_s_bot_rollover'====== Args={'value': 0, 'prev_value': None, 'change': True}
2022-09-12 11:56:20,881 : INFO : EventManager : Event: ======'machine_var_audits_switches_s_bot_vuk'====== Args={'value': 0, 'prev_value': None, 'change': True}
2022-09-12 11:56:20,881 : INFO : EventManager : Event: ======'machine_var_audits_switches_s_drop_mid_left'====== Args={'value': 45, 'prev_value': None, 'change': True}
2022-09-12 11:56:20,881 : INFO : EventManager : Event: ======'machine_var_audits_switches_s_drop_mid_mid'====== Args={'value': 46, 'prev_value': None, 'change': True}
2022-09-12 11:56:20,881 : INFO : EventManager : Event: ======'machine_var_audits_switches_s_drop_mid_right'====== Args={'value': 5, 'prev_value': None, 'change': True}
2022-09-12 11:56:20,881 : INFO : EventManager : Event: ======'machine_var_audits_switches_s_drop_right_left'====== Args={'value': 10, 'prev_value': None, 'change': True}
2022-09-12 11:56:20,881 : INFO : EventManager : Event: ======'machine_var_audits_switches_s_drop_right_right'====== Args={'value': 9, 'prev_value': None, 'change': True}
2022-09-12 11:56:20,882 : INFO : EventManager : Event: ======'machine_var_audits_switches_s_drop_single'====== Args={'value': 40, 'prev_value': None, 'change': True}
2022-09-12 11:56:20,882 : INFO : EventManager : Event: ======'machine_var_audits_switches_s_eos_left'====== Args={'value': 51, 'prev_value': None, 'change': True}
2022-09-12 11:56:20,882 : INFO : EventManager : Event: ======'machine_var_audits_switches_s_eos_left_top'====== Args={'value': 46, 'prev_value': None, 'change': True}
2022-09-12 11:56:20,882 : INFO : EventManager : Event: ======'machine_var_audits_switches_s_eos_right'====== Args={'value': 57, 'prev_value': None, 'change': True}
2022-09-12 11:56:20,882 : INFO : EventManager : Event: ======'machine_var_audits_switches_s_launch'====== Args={'value': 8, 'prev_value': None, 'change': True}
2022-09-12 11:56:20,882 : INFO : EventManager : Event: ======'machine_var_audits_switches_s_left_flipper'====== Args={'value': 69, 'prev_value': None, 'change': True}
2022-09-12 11:56:20,883 : INFO : EventManager : Event: ======'machine_var_audits_switches_s_left_inlane'====== Args={'value': 0, 'prev_value': None, 'change': True}
2022-09-12 11:56:20,883 : INFO : EventManager : Event: ======'machine_var_audits_switches_s_left_outlane'====== Args={'value': 0, 'prev_value': None, 'change': True}
2022-09-12 11:56:20,883 : INFO : EventManager : Event: ======'machine_var_audits_switches_s_pop_left'====== Args={'value': 21, 'prev_value': None, 'change': True}
2022-09-12 11:56:20,883 : INFO : EventManager : Event: ======'machine_var_audits_switches_s_pop_lower'====== Args={'value': 29, 'prev_value': None, 'change': True}
2022-09-12 11:56:20,883 : INFO : EventManager : Event: ======'machine_var_audits_switches_s_pop_right'====== Args={'value': 27, 'prev_value': None, 'change': True}
2022-09-12 11:56:20,883 : INFO : EventManager : Event: ======'machine_var_audits_switches_s_right_flipper'====== Args={'value': 79, 'prev_value': None, 'change': True}
2022-09-12 11:56:20,884 : INFO : EventManager : Event: ======'machine_var_audits_switches_s_right_inlane'====== Args={'value': 0, 'prev_value': None, 'change': True}
2022-09-12 11:56:20,884 : INFO : EventManager : Event: ======'machine_var_audits_switches_s_right_outlane'====== Args={'value': 1, 'prev_value': None, 'change': True}
2022-09-12 11:56:20,884 : INFO : EventManager : Event: ======'machine_var_audits_switches_s_rollover_left'====== Args={'value': 3, 'prev_value': None, 'change': True}
2022-09-12 11:56:20,884 : INFO : EventManager : Event: ======'machine_var_audits_switches_s_rollover_right'====== Args={'value': 1, 'prev_value': None, 'change': True}
2022-09-12 11:56:20,884 : INFO : EventManager : Event: ======'machine_var_audits_switches_s_sling_left'====== Args={'value': 3, 'prev_value': None, 'change': True}
2022-09-12 11:56:20,885 : INFO : EventManager : Event: ======'machine_var_audits_switches_s_sling_right'====== Args={'value': 0, 'prev_value': None, 'change': True}
2022-09-12 11:56:20,885 : INFO : EventManager : Event: ======'machine_var_audits_switches_s_start'====== Args={'value': 86, 'prev_value': None, 'change': True}
2022-09-12 11:56:20,885 : INFO : EventManager : Event: ======'machine_var_audits_switches_s_tilt'====== Args={'value': 0, 'prev_value': None, 'change': True}
2022-09-12 11:56:20,885 : INFO : EventManager : Event: ======'machine_var_audits_switches_s_transfer_rollover'====== Args={'value': 0, 'prev_value': None, 'change': True}
2022-09-12 11:56:20,885 : INFO : EventManager : Event: ======'machine_var_audits_switches_s_trough_1'====== Args={'value': 57, 'prev_value': None, 'change': True}
2022-09-12 11:56:20,886 : INFO : EventManager : Event: ======'machine_var_audits_switches_s_trough_2'====== Args={'value': 52, 'prev_value': None, 'change': True}
2022-09-12 11:56:20,886 : INFO : EventManager : Event: ======'machine_var_audits_switches_s_trough_3'====== Args={'value': 46, 'prev_value': None, 'change': True}
2022-09-12 11:56:20,886 : INFO : EventManager : Event: ======'machine_var_audits_switches_s_trough_4'====== Args={'value': 47, 'prev_value': None, 'change': True}
2022-09-12 11:56:20,886 : INFO : EventManager : Event: ======'machine_var_audits_switches_s_trough_5'====== Args={'value': 50, 'prev_value': None, 'change': True}
2022-09-12 11:56:20,886 : INFO : EventManager : Event: ======'machine_var_audits_switches_s_trough_6'====== Args={'value': 55, 'prev_value': None, 'change': True}
2022-09-12 11:56:20,887 : INFO : EventManager : Event: ======'machine_var_audits_switches_s_trough_jam'====== Args={'value': 108, 'prev_value': None, 'change': True}
2022-09-12 11:56:20,887 : INFO : EventManager : Event: ======'machine_var_audits_switches_s_upper_drop'====== Args={'value': 0, 'prev_value': None, 'change': True}
2022-09-12 11:56:20,887 : INFO : EventManager : Event: ======'machine_var_audits_switches_s_upper_rollover'====== Args={'value': 0, 'prev_value': None, 'change': True}
2022-09-12 11:56:20,887 : INFO : EventManager : Event: ======'machine_var_audits_switches_s_upper_stationary'====== Args={'value': 0, 'prev_value': None, 'change': True}
2022-09-12 11:56:20,888 : INFO : EventManager : Event: ======'machine_var_audits_switches_s_vuk_back'====== Args={'value': 0, 'prev_value': None, 'change': True}
2022-09-12 11:56:20,888 : INFO : EventManager : Event: ======'machine_var_audits_switches_s_vuk_right'====== Args={'value': 1, 'prev_value': None, 'change': True}
2022-09-12 11:56:20,889 : INFO : EventManager : Event: ======'init_phase_5'====== Args={}
2022-09-12 11:56:20,914 : INFO : EventManager : Event: ======'init_done'====== Args={}
2022-09-12 11:56:20,915 : INFO : EventManager : Event: ======'machine_reset_phase_1'====== Args={}
2022-09-12 11:56:20,916 : INFO : EventManager : Event: ======'machine_reset_phase_2'====== Args={}
2022-09-12 11:56:20,916 : INFO : EventManager : Event: ======'machine_reset_phase_3'====== Args={}
2022-09-12 11:56:20,917 : INFO : drop_target_bank.mid : All targets are already up. Will not reset bank.
2022-09-12 11:56:20,917 : INFO : drop_target_bank.right : All targets are already up. Will not reset bank.
2022-09-12 11:56:20,918 : INFO : EventManager : Event: ======'reset_complete'====== Args={}
2022-09-12 11:56:20,918 : INFO : EventManager : Event: ======'mode_attract_will_start'====== Args={}
2022-09-12 11:56:20,918 : INFO : EventManager : Event: ======'mode_attract_starting'====== Args={}
2022-09-12 11:56:20,919 : INFO : Mode.attract : Started. Priority: 10
2022-09-12 11:56:20,919 : INFO : EventManager : Event: ======'modes_active_modes_changed'====== Args={}
2022-09-12 11:56:20,919 : INFO : EventManager : Event: ======'mode_attract_started'====== Args={}
2022-09-12 11:56:20,919 : INFO : EventManager : Event: ======'collecting_balls_complete'====== Args={}
2022-09-12 11:56:20,941 : INFO : Machine : Starting the main run loop.
2022-09-12 11:56:21,475 : INFO : SwitchController : <<<<<<< 's_left_flipper' active >>>>>>>
2022-09-12 11:56:21,494 : INFO : SwitchController : <<<<<<< 's_eos_left' active >>>>>>>
2022-09-12 11:56:21,494 : INFO : SwitchController : <<<<<<< 's_eos_left_top' active >>>>>>>
2022-09-12 11:56:21,495 : INFO : SwitchController : <<<<<<< 's_eos_right' active >>>>>>>
2022-09-12 11:56:21,519 : INFO : SwitchController : <<<<<<< 's_eos_right' inactive >>>>>>>
2022-09-12 11:56:21,662 : INFO : SwitchController : <<<<<<< 's_left_flipper' inactive >>>>>>>
2022-09-12 11:56:21,756 : INFO : SwitchController : <<<<<<< 's_eos_left' inactive >>>>>>>
2022-09-12 11:56:21,756 : INFO : SwitchController : <<<<<<< 's_eos_left_top' inactive >>>>>>>
2022-09-12 11:56:22,005 : INFO : SwitchController : <<<<<<< 's_right_flipper' active >>>>>>>
2022-09-12 11:56:22,025 : INFO : SwitchController : <<<<<<< 's_eos_right' active >>>>>>>
2022-09-12 11:56:22,040 : INFO : SwitchController : <<<<<<< 's_eos_left' active >>>>>>>
2022-09-12 11:56:22,040 : INFO : SwitchController : <<<<<<< 's_eos_left' inactive >>>>>>>
2022-09-12 11:56:22,193 : INFO : SwitchController : <<<<<<< 's_right_flipper' inactive >>>>>>>
2022-09-12 11:56:22,334 : INFO : SwitchController : <<<<<<< 's_eos_right' inactive >>>>>>>
2022-09-12 11:56:22,504 : INFO : SwitchController : <<<<<<< 's_right_flipper' active >>>>>>>
2022-09-12 11:56:22,536 : INFO : SwitchController : <<<<<<< 's_eos_right' active >>>>>>>
2022-09-12 11:56:22,723 : INFO : SwitchController : <<<<<<< 's_right_flipper' inactive >>>>>>>
2022-09-12 11:56:22,834 : INFO : SwitchController : <<<<<<< 's_eos_right' inactive >>>>>>>
2022-09-12 11:56:23,441 : INFO : SwitchController : <<<<<<< 's_right_flipper' active >>>>>>>
2022-09-12 11:56:23,456 : INFO : SwitchController : <<<<<<< 's_eos_right' active >>>>>>>
2022-09-12 11:56:23,475 : INFO : SwitchController : <<<<<<< 's_eos_left' active >>>>>>>
2022-09-12 11:56:23,475 : INFO : SwitchController : <<<<<<< 's_eos_left' inactive >>>>>>>
2022-09-12 11:56:23,835 : INFO : SwitchController : <<<<<<< 's_right_flipper' inactive >>>>>>>
2022-09-12 11:56:23,943 : INFO : SwitchController : <<<<<<< 's_eos_right' inactive >>>>>>>
2022-09-12 11:56:25,241 : INFO : SwitchController : <<<<<<< 's_right_flipper' active >>>>>>>
2022-09-12 11:56:25,262 : INFO : SwitchController : <<<<<<< 's_eos_right' active >>>>>>>
2022-09-12 11:56:25,644 : INFO : SwitchController : <<<<<<< 's_right_flipper' inactive >>>>>>>
2022-09-12 11:56:25,738 : INFO : SwitchController : <<<<<<< 's_eos_right' inactive >>>>>>>
2022-09-12 11:56:33,323 : INFO : SwitchController : <<<<<<< 's_right_flipper' active >>>>>>>
2022-09-12 11:56:33,355 : INFO : SwitchController : <<<<<<< 's_eos_right' active >>>>>>>
2022-09-12 11:56:33,685 : INFO : SwitchController : <<<<<<< 's_left_flipper' active >>>>>>>
2022-09-12 11:56:33,685 : INFO : EventManager : Event: ======'flipper_cancel'====== Args={'triggering_group': 1, 'triggering_switch': 's_left_flipper'}
2022-09-12 11:56:33,717 : INFO : SwitchController : <<<<<<< 's_eos_left_top' active >>>>>>>
2022-09-12 11:56:33,717 : INFO : SwitchController : <<<<<<< 's_eos_left' active >>>>>>>
2022-09-12 11:56:34,140 : INFO : SwitchController : <<<<<<< 's_right_flipper' inactive >>>>>>>
2022-09-12 11:56:34,140 : INFO : EventManager : Event: ======'both_flippers_one'====== Args={'triggering_group': 2, 'triggering_switch': 's_right_flipper'}
2022-09-12 11:56:34,140 : INFO : SwitchController : <<<<<<< 's_left_flipper' inactive >>>>>>>
2022-09-12 11:56:34,140 : INFO : EventManager : Event: ======'both_flippers_inactive'====== Args={'triggering_group': 1, 'triggering_switch': 's_left_flipper'}
2022-09-12 11:56:34,252 : INFO : SwitchController : <<<<<<< 's_eos_left_top' inactive >>>>>>>
2022-09-12 11:56:34,252 : INFO : SwitchController : <<<<<<< 's_eos_left' inactive >>>>>>>
2022-09-12 11:56:34,252 : INFO : SwitchController : <<<<<<< 's_eos_right' inactive >>>>>>>
2022-09-12 11:56:35,045 : INFO : SwitchController : <<<<<<< 's_right_flipper' active >>>>>>>
2022-09-12 11:56:35,077 : INFO : SwitchController : <<<<<<< 's_eos_right' active >>>>>>>
2022-09-12 11:56:35,469 : INFO : SwitchController : <<<<<<< 's_left_flipper' active >>>>>>>
2022-09-12 11:56:35,469 : INFO : EventManager : Event: ======'flipper_cancel'====== Args={'triggering_group': 1, 'triggering_switch': 's_left_flipper'}
2022-09-12 11:56:35,488 : INFO : SwitchController : <<<<<<< 's_eos_left' active >>>>>>>
2022-09-12 11:56:35,488 : INFO : SwitchController : <<<<<<< 's_eos_left_top' active >>>>>>>
2022-09-12 11:56:35,787 : INFO : SwitchController : <<<<<<< 's_right_flipper' inactive >>>>>>>
2022-09-12 11:56:35,788 : INFO : EventManager : Event: ======'both_flippers_one'====== Args={'triggering_group': 2, 'triggering_switch': 's_right_flipper'}
2022-09-12 11:56:35,893 : INFO : SwitchController : <<<<<<< 's_eos_right' inactive >>>>>>>
2022-09-12 11:56:35,913 : INFO : SwitchController : <<<<<<< 's_left_flipper' inactive >>>>>>>
2022-09-12 11:56:35,913 : INFO : EventManager : Event: ======'both_flippers_inactive'====== Args={'triggering_group': 1, 'triggering_switch': 's_left_flipper'}
2022-09-12 11:56:36,003 : INFO : SwitchController : <<<<<<< 's_eos_left' inactive >>>>>>>
2022-09-12 11:56:36,003 : INFO : SwitchController : <<<<<<< 's_eos_left_top' inactive >>>>>>>
2022-09-12 11:56:38,347 : INFO : SwitchController : <<<<<<< 's_right_flipper' active >>>>>>>
2022-09-12 11:56:38,367 : INFO : SwitchController : <<<<<<< 's_eos_right' active >>>>>>>
2022-09-12 11:56:38,367 : INFO : SwitchController : <<<<<<< 's_eos_left' active >>>>>>>
2022-09-12 11:56:38,367 : INFO : SwitchController : <<<<<<< 's_eos_left' inactive >>>>>>>
2022-09-12 11:56:38,521 : INFO : SwitchController : <<<<<<< 's_right_flipper' inactive >>>>>>>
2022-09-12 11:56:38,539 : INFO : SwitchController : <<<<<<< 's_left_flipper' active >>>>>>>
2022-09-12 11:56:38,567 : INFO : SwitchController : <<<<<<< 's_eos_left_top' active >>>>>>>
2022-09-12 11:56:38,567 : INFO : SwitchController : <<<<<<< 's_eos_left' active >>>>>>>
2022-09-12 11:56:38,630 : INFO : SwitchController : <<<<<<< 's_eos_right' inactive >>>>>>>
2022-09-12 11:56:38,724 : INFO : SwitchController : <<<<<<< 's_left_flipper' inactive >>>>>>>
2022-09-12 11:56:38,819 : INFO : SwitchController : <<<<<<< 's_eos_left' inactive >>>>>>>
2022-09-12 11:56:38,839 : INFO : SwitchController : <<<<<<< 's_eos_left_top' inactive >>>>>>>
2022-09-12 11:56:38,943 : INFO : SwitchController : <<<<<<< 's_right_flipper' active >>>>>>>
2022-09-12 11:56:38,989 : INFO : SwitchController : <<<<<<< 's_eos_left' active >>>>>>>
2022-09-12 11:56:38,989 : INFO : SwitchController : <<<<<<< 's_eos_right' active >>>>>>>
2022-09-12 11:56:38,989 : INFO : SwitchController : <<<<<<< 's_eos_left' inactive >>>>>>>
2022-09-12 11:56:39,115 : INFO : SwitchController : <<<<<<< 's_right_flipper' inactive >>>>>>>
2022-09-12 11:56:39,145 : INFO : SwitchController : <<<<<<< 's_left_flipper' active >>>>>>>
2022-09-12 11:56:39,165 : INFO : SwitchController : <<<<<<< 's_eos_left' active >>>>>>>
2022-09-12 11:56:39,165 : INFO : SwitchController : <<<<<<< 's_eos_left_top' active >>>>>>>
2022-09-12 11:56:39,240 : INFO : SwitchController : <<<<<<< 's_eos_right' inactive >>>>>>>
2022-09-12 11:56:39,258 : INFO : SwitchController : <<<<<<< 's_left_flipper' inactive >>>>>>>
2022-09-12 11:56:39,349 : INFO : SwitchController : <<<<<<< 's_eos_left_top' inactive >>>>>>>
2022-09-12 11:56:39,349 : INFO : SwitchController : <<<<<<< 's_eos_left' inactive >>>>>>>
2022-09-12 11:56:39,492 : INFO : SwitchController : <<<<<<< 's_right_flipper' active >>>>>>>
2022-09-12 11:56:39,524 : INFO : SwitchController : <<<<<<< 's_eos_right' active >>>>>>>
2022-09-12 11:56:39,524 : INFO : SwitchController : <<<<<<< 's_eos_left' active >>>>>>>
2022-09-12 11:56:39,524 : INFO : SwitchController : <<<<<<< 's_eos_left' inactive >>>>>>>
2022-09-12 11:56:39,633 : INFO : SwitchController : <<<<<<< 's_right_flipper' inactive >>>>>>>
2022-09-12 11:56:39,760 : INFO : SwitchController : <<<<<<< 's_eos_right' inactive >>>>>>>
2022-09-12 11:56:44,700 : INFO : SwitchController : <<<<<<< 's_right_flipper' active >>>>>>>
2022-09-12 11:56:44,732 : INFO : SwitchController : <<<<<<< 's_eos_right' active >>>>>>>
2022-09-12 11:56:44,732 : INFO : SwitchController : <<<<<<< 's_eos_left' active >>>>>>>
2022-09-12 11:56:44,732 : INFO : SwitchController : <<<<<<< 's_eos_left' inactive >>>>>>>
2022-09-12 11:56:44,967 : INFO : SwitchController : <<<<<<< 's_right_flipper' inactive >>>>>>>
2022-09-12 11:56:45,076 : INFO : SwitchController : <<<<<<< 's_eos_right' inactive >>>>>>>
2022-09-12 11:56:46,092 : INFO : SwitchController : <<<<<<< 's_right_flipper' active >>>>>>>
2022-09-12 11:56:46,123 : INFO : SwitchController : <<<<<<< 's_eos_right' active >>>>>>>
2022-09-12 11:56:47,859 : INFO : SwitchController : <<<<<<< 's_right_flipper' inactive >>>>>>>
2022-09-12 11:56:47,969 : INFO : SwitchController : <<<<<<< 's_eos_right' inactive >>>>>>>
2022-09-12 11:56:48,531 : INFO : SwitchController : <<<<<<< 's_right_flipper' active >>>>>>>
2022-09-12 11:56:48,553 : INFO : SwitchController : <<<<<<< 's_eos_right' active >>>>>>>
2022-09-12 11:56:49,921 : INFO : SwitchController : <<<<<<< 's_right_flipper' inactive >>>>>>>
2022-09-12 11:56:50,030 : INFO : SwitchController : <<<<<<< 's_eos_right' inactive >>>>>>>
2022-09-12 11:56:50,798 : INFO : SwitchController : <<<<<<< 's_right_flipper' active >>>>>>>
2022-09-12 11:56:50,827 : INFO : SwitchController : <<<<<<< 's_eos_right' active >>>>>>>
2022-09-12 11:56:51,878 : INFO : SwitchController : <<<<<<< 's_right_flipper' inactive >>>>>>>
2022-09-12 11:56:51,989 : INFO : SwitchController : <<<<<<< 's_eos_right' inactive >>>>>>>
2022-09-12 11:56:53,236 : INFO : SwitchController : <<<<<<< 's_right_flipper' active >>>>>>>
2022-09-12 11:56:53,267 : INFO : SwitchController : <<<<<<< 's_eos_right' active >>>>>>>
2022-09-12 11:56:53,375 : INFO : SwitchController : <<<<<<< 's_right_flipper' inactive >>>>>>>
2022-09-12 11:56:53,499 : INFO : SwitchController : <<<<<<< 's_eos_right' inactive >>>>>>>
2022-09-12 11:56:53,624 : INFO : SwitchController : <<<<<<< 's_right_flipper' active >>>>>>>
2022-09-12 11:56:53,655 : INFO : SwitchController : <<<<<<< 's_eos_right' active >>>>>>>
2022-09-12 11:56:53,781 : INFO : SwitchController : <<<<<<< 's_right_flipper' inactive >>>>>>>
2022-09-12 11:56:53,887 : INFO : SwitchController : <<<<<<< 's_eos_right' inactive >>>>>>>
2022-09-12 11:56:55,746 : INFO : SwitchController : <<<<<<< 's_right_flipper' active >>>>>>>
2022-09-12 11:56:55,781 : INFO : SwitchController : <<<<<<< 's_eos_right' active >>>>>>>
2022-09-12 11:56:55,855 : INFO : SwitchController : <<<<<<< 's_right_flipper' inactive >>>>>>>
2022-09-12 11:56:55,978 : INFO : SwitchController : <<<<<<< 's_eos_right' inactive >>>>>>>
2022-09-12 11:56:56,900 : INFO : SwitchController : <<<<<<< 's_right_flipper' active >>>>>>>
2022-09-12 11:56:56,920 : INFO : SwitchController : <<<<<<< 's_eos_right' active >>>>>>>
2022-09-12 11:56:57,086 : INFO : SwitchController : <<<<<<< 's_right_flipper' inactive >>>>>>>
2022-09-12 11:56:57,211 : INFO : SwitchController : <<<<<<< 's_eos_right' inactive >>>>>>>
2022-09-12 11:56:57,258 : INFO : SwitchController : <<<<<<< 's_right_flipper' active >>>>>>>
2022-09-12 11:56:57,290 : INFO : SwitchController : <<<<<<< 's_eos_right' active >>>>>>>
2022-09-12 11:56:57,522 : INFO : SwitchController : <<<<<<< 's_right_flipper' inactive >>>>>>>
2022-09-12 11:56:57,568 : INFO : SwitchController : <<<<<<< 's_left_flipper' active >>>>>>>
2022-09-12 11:56:57,599 : INFO : SwitchController : <<<<<<< 's_eos_left' active >>>>>>>
2022-09-12 11:56:57,599 : INFO : SwitchController : <<<<<<< 's_eos_left_top' active >>>>>>>
2022-09-12 11:56:57,631 : INFO : SwitchController : <<<<<<< 's_eos_right' inactive >>>>>>>
2022-09-12 11:56:57,805 : INFO : SwitchController : <<<<<<< 's_right_flipper' active >>>>>>>
2022-09-12 11:56:57,805 : INFO : EventManager : Event: ======'flipper_cancel'====== Args={'triggering_group': 2, 'triggering_switch': 's_right_flipper'}
2022-09-12 11:56:57,806 : INFO : SwitchController : <<<<<<< 's_eos_right' active >>>>>>>
2022-09-12 11:56:57,849 : INFO : SwitchController : <<<<<<< 's_left_flipper' inactive >>>>>>>
2022-09-12 11:56:57,849 : INFO : EventManager : Event: ======'both_flippers_one'====== Args={'triggering_group': 1, 'triggering_switch': 's_left_flipper'}
2022-09-12 11:56:57,958 : INFO : SwitchController : <<<<<<< 's_eos_left' inactive >>>>>>>
2022-09-12 11:56:57,958 : INFO : SwitchController : <<<<<<< 's_eos_left_top' inactive >>>>>>>
2022-09-12 11:56:58,036 : INFO : SwitchController : <<<<<<< 's_right_flipper' inactive >>>>>>>
2022-09-12 11:56:58,036 : INFO : EventManager : Event: ======'both_flippers_inactive'====== Args={'triggering_group': 2, 'triggering_switch': 's_right_flipper'}
2022-09-12 11:56:58,054 : INFO : SwitchController : <<<<<<< 's_left_flipper' active >>>>>>>
2022-09-12 11:56:58,069 : INFO : SwitchController : <<<<<<< 's_eos_left_top' active >>>>>>>
2022-09-12 11:56:58,085 : INFO : SwitchController : <<<<<<< 's_eos_left' active >>>>>>>
2022-09-12 11:56:58,128 : INFO : SwitchController : <<<<<<< 's_eos_right' inactive >>>>>>>
2022-09-12 11:56:58,223 : INFO : SwitchController : <<<<<<< 's_right_flipper' active >>>>>>>
2022-09-12 11:56:58,223 : INFO : EventManager : Event: ======'flipper_cancel'====== Args={'triggering_group': 2, 'triggering_switch': 's_right_flipper'}
2022-09-12 11:56:58,241 : INFO : SwitchController : <<<<<<< 's_left_flipper' inactive >>>>>>>
2022-09-12 11:56:58,241 : INFO : EventManager : Event: ======'both_flippers_one'====== Args={'triggering_group': 1, 'triggering_switch': 's_left_flipper'}
2022-09-12 11:56:58,257 : INFO : SwitchController : <<<<<<< 's_eos_right' active >>>>>>>
2022-09-12 11:56:58,347 : INFO : SwitchController : <<<<<<< 's_eos_left_top' inactive >>>>>>>
2022-09-12 11:56:58,347 : INFO : SwitchController : <<<<<<< 's_eos_left' inactive >>>>>>>
2022-09-12 11:56:58,645 : INFO : SwitchController : <<<<<<< 's_right_flipper' inactive >>>>>>>
2022-09-12 11:56:58,645 : INFO : EventManager : Event: ======'both_flippers_inactive'====== Args={'triggering_group': 2, 'triggering_switch': 's_right_flipper'}
2022-09-12 11:56:58,677 : INFO : SwitchController : <<<<<<< 's_left_flipper' active >>>>>>>
2022-09-12 11:56:58,708 : INFO : SwitchController : <<<<<<< 's_eos_left_top' active >>>>>>>
2022-09-12 11:56:58,708 : INFO : SwitchController : <<<<<<< 's_eos_left' active >>>>>>>
2022-09-12 11:56:58,739 : INFO : SwitchController : <<<<<<< 's_eos_right' inactive >>>>>>>
2022-09-12 11:56:59,002 : INFO : SwitchController : <<<<<<< 's_right_flipper' active >>>>>>>
2022-09-12 11:56:59,002 : INFO : EventManager : Event: ======'flipper_cancel'====== Args={'triggering_group': 2, 'triggering_switch': 's_right_flipper'}
2022-09-12 11:56:59,022 : INFO : SwitchController : <<<<<<< 's_left_flipper' inactive >>>>>>>
2022-09-12 11:56:59,022 : INFO : EventManager : Event: ======'both_flippers_one'====== Args={'triggering_group': 1, 'triggering_switch': 's_left_flipper'}
2022-09-12 11:56:59,022 : INFO : SwitchController : <<<<<<< 's_eos_right' active >>>>>>>
2022-09-12 11:56:59,110 : INFO : SwitchController : <<<<<<< 's_eos_left_top' inactive >>>>>>>
2022-09-12 11:56:59,110 : INFO : SwitchController : <<<<<<< 's_eos_left' inactive >>>>>>>
2022-09-12 11:56:59,315 : INFO : SwitchController : <<<<<<< 's_left_flipper' active >>>>>>>
2022-09-12 11:56:59,315 : INFO : EventManager : Event: ======'flipper_cancel'====== Args={'triggering_group': 1, 'triggering_switch': 's_left_flipper'}
2022-09-12 11:56:59,347 : INFO : SwitchController : <<<<<<< 's_eos_left' active >>>>>>>
2022-09-12 11:56:59,347 : INFO : SwitchController : <<<<<<< 's_eos_left_top' active >>>>>>>
2022-09-12 11:56:59,367 : INFO : SwitchController : <<<<<<< 's_right_flipper' inactive >>>>>>>
2022-09-12 11:56:59,368 : INFO : EventManager : Event: ======'both_flippers_one'====== Args={'triggering_group': 2, 'triggering_switch': 's_right_flipper'}
2022-09-12 11:56:59,472 : INFO : SwitchController : <<<<<<< 's_eos_right' inactive >>>>>>>
2022-09-12 11:56:59,582 : INFO : SwitchController : <<<<<<< 's_right_flipper' active >>>>>>>
2022-09-12 11:56:59,582 : INFO : EventManager : Event: ======'flipper_cancel'====== Args={'triggering_group': 2, 'triggering_switch': 's_right_flipper'}
2022-09-12 11:56:59,600 : INFO : SwitchController : <<<<<<< 's_eos_right' active >>>>>>>
2022-09-12 11:56:59,660 : INFO : SwitchController : <<<<<<< 's_left_flipper' inactive >>>>>>>
2022-09-12 11:56:59,660 : INFO : EventManager : Event: ======'both_flippers_one'====== Args={'triggering_group': 1, 'triggering_switch': 's_left_flipper'}
2022-09-12 11:56:59,754 : INFO : SwitchController : <<<<<<< 's_eos_left_top' inactive >>>>>>>
2022-09-12 11:56:59,754 : INFO : SwitchController : <<<<<<< 's_eos_left' inactive >>>>>>>
2022-09-12 11:56:59,816 : INFO : SwitchController : <<<<<<< 's_left_flipper' active >>>>>>>
2022-09-12 11:56:59,816 : INFO : EventManager : Event: ======'flipper_cancel'====== Args={'triggering_group': 1, 'triggering_switch': 's_left_flipper'}
2022-09-12 11:56:59,847 : INFO : SwitchController : <<<<<<< 's_eos_left_top' active >>>>>>>
2022-09-12 11:56:59,847 : INFO : SwitchController : <<<<<<< 's_eos_left' active >>>>>>>
2022-09-12 11:56:59,879 : INFO : SwitchController : <<<<<<< 's_right_flipper' inactive >>>>>>>
2022-09-12 11:56:59,879 : INFO : EventManager : Event: ======'both_flippers_one'====== Args={'triggering_group': 2, 'triggering_switch': 's_right_flipper'}
2022-09-12 11:56:59,972 : INFO : SwitchController : <<<<<<< 's_right_flipper' active >>>>>>>
2022-09-12 11:56:59,972 : INFO : EventManager : Event: ======'flipper_cancel'====== Args={'triggering_group': 2, 'triggering_switch': 's_right_flipper'}
2022-09-12 11:57:00,033 : INFO : SwitchController : <<<<<<< 's_left_flipper' inactive >>>>>>>
2022-09-12 11:57:00,033 : INFO : EventManager : Event: ======'both_flippers_one'====== Args={'triggering_group': 1, 'triggering_switch': 's_left_flipper'}
2022-09-12 11:57:00,142 : INFO : SwitchController : <<<<<<< 's_eos_left' inactive >>>>>>>
2022-09-12 11:57:00,142 : INFO : SwitchController : <<<<<<< 's_eos_left_top' inactive >>>>>>>
2022-09-12 11:57:00,189 : INFO : SwitchController : <<<<<<< 's_right_flipper' inactive >>>>>>>
2022-09-12 11:57:00,189 : INFO : EventManager : Event: ======'both_flippers_inactive'====== Args={'triggering_group': 2, 'triggering_switch': 's_right_flipper'}
2022-09-12 11:57:00,312 : INFO : SwitchController : <<<<<<< 's_eos_right' inactive >>>>>>>
2022-09-12 11:57:00,437 : INFO : SwitchController : <<<<<<< 's_left_flipper' active >>>>>>>
2022-09-12 11:57:00,437 : INFO : SwitchController : <<<<<<< 's_right_flipper' active >>>>>>>
2022-09-12 11:57:00,437 : INFO : EventManager : Event: ======'flipper_cancel'====== Args={'triggering_group': 2, 'triggering_switch': 's_right_flipper'}
2022-09-12 11:57:00,468 : INFO : SwitchController : <<<<<<< 's_eos_left_top' active >>>>>>>
2022-09-12 11:57:00,468 : INFO : SwitchController : <<<<<<< 's_eos_left' active >>>>>>>
2022-09-12 11:57:00,468 : INFO : SwitchController : <<<<<<< 's_eos_right' active >>>>>>>
2022-09-12 11:57:00,577 : INFO : SwitchController : <<<<<<< 's_left_flipper' inactive >>>>>>>
2022-09-12 11:57:00,577 : INFO : EventManager : Event: ======'both_flippers_one'====== Args={'triggering_group': 1, 'triggering_switch': 's_left_flipper'}
2022-09-12 11:57:00,577 : INFO : SwitchController : <<<<<<< 's_right_flipper' inactive >>>>>>>
2022-09-12 11:57:00,578 : INFO : EventManager : Event: ======'both_flippers_inactive'====== Args={'triggering_group': 2, 'triggering_switch': 's_right_flipper'}
2022-09-12 11:57:00,669 : INFO : SwitchController : <<<<<<< 's_eos_left_top' inactive >>>>>>>
2022-09-12 11:57:00,669 : INFO : SwitchController : <<<<<<< 's_eos_left' inactive >>>>>>>
2022-09-12 11:57:00,689 : INFO : SwitchController : <<<<<<< 's_eos_right' inactive >>>>>>>
2022-09-12 11:57:00,733 : INFO : SwitchController : <<<<<<< 's_left_flipper' active >>>>>>>
2022-09-12 11:57:00,752 : INFO : SwitchController : <<<<<<< 's_right_flipper' active >>>>>>>
2022-09-12 11:57:00,752 : INFO : EventManager : Event: ======'flipper_cancel'====== Args={'triggering_group': 2, 'triggering_switch': 's_right_flipper'}
2022-09-12 11:57:00,784 : INFO : SwitchController : <<<<<<< 's_eos_left' active >>>>>>>
2022-09-12 11:57:00,784 : INFO : SwitchController : <<<<<<< 's_eos_left_top' active >>>>>>>
2022-09-12 11:57:00,788 : INFO : SwitchController : <<<<<<< 's_eos_right' active >>>>>>>
2022-09-12 11:57:00,874 : INFO : SwitchController : <<<<<<< 's_left_flipper' inactive >>>>>>>
2022-09-12 11:57:00,874 : INFO : EventManager : Event: ======'both_flippers_one'====== Args={'triggering_group': 1, 'triggering_switch': 's_left_flipper'}
2022-09-12 11:57:00,874 : INFO : SwitchController : <<<<<<< 's_right_flipper' inactive >>>>>>>
2022-09-12 11:57:00,874 : INFO : EventManager : Event: ======'both_flippers_inactive'====== Args={'triggering_group': 2, 'triggering_switch': 's_right_flipper'}
2022-09-12 11:57:00,968 : INFO : SwitchController : <<<<<<< 's_eos_left_top' inactive >>>>>>>
2022-09-12 11:57:00,968 : INFO : SwitchController : <<<<<<< 's_eos_left' inactive >>>>>>>
2022-09-12 11:57:00,988 : INFO : SwitchController : <<<<<<< 's_eos_right' inactive >>>>>>>
2022-09-12 11:57:01,002 : INFO : SwitchController : <<<<<<< 's_right_flipper' active >>>>>>>
2022-09-12 11:57:01,002 : INFO : SwitchController : <<<<<<< 's_left_flipper' active >>>>>>>
2022-09-12 11:57:01,002 : INFO : EventManager : Event: ======'flipper_cancel'====== Args={'triggering_group': 1, 'triggering_switch': 's_left_flipper'}
2022-09-12 11:57:01,031 : INFO : SwitchController : <<<<<<< 's_eos_left' active >>>>>>>
2022-09-12 11:57:01,031 : INFO : SwitchController : <<<<<<< 's_eos_left_top' active >>>>>>>
2022-09-12 11:57:01,031 : INFO : SwitchController : <<<<<<< 's_eos_right' active >>>>>>>
2022-09-12 11:57:01,108 : INFO : SwitchController : <<<<<<< 's_left_flipper' inactive >>>>>>>
2022-09-12 11:57:01,108 : INFO : EventManager : Event: ======'both_flippers_one'====== Args={'triggering_group': 1, 'triggering_switch': 's_left_flipper'}
2022-09-12 11:57:01,108 : INFO : SwitchController : <<<<<<< 's_right_flipper' inactive >>>>>>>
2022-09-12 11:57:01,108 : INFO : EventManager : Event: ======'both_flippers_inactive'====== Args={'triggering_group': 2, 'triggering_switch': 's_right_flipper'}
2022-09-12 11:57:01,201 : INFO : SwitchController : <<<<<<< 's_eos_left' inactive >>>>>>>
2022-09-12 11:57:01,201 : INFO : SwitchController : <<<<<<< 's_eos_left_top' inactive >>>>>>>
2022-09-12 11:57:01,221 : INFO : SwitchController : <<<<<<< 's_eos_right' inactive >>>>>>>
2022-09-12 11:57:01,249 : INFO : SwitchController : <<<<<<< 's_left_flipper' active >>>>>>>
2022-09-12 11:57:01,249 : INFO : SwitchController : <<<<<<< 's_right_flipper' active >>>>>>>
2022-09-12 11:57:01,249 : INFO : EventManager : Event: ======'flipper_cancel'====== Args={'triggering_group': 2, 'triggering_switch': 's_right_flipper'}
2022-09-12 11:57:01,264 : INFO : SwitchController : <<<<<<< 's_eos_left' active >>>>>>>
2022-09-12 11:57:01,264 : INFO : SwitchController : <<<<<<< 's_eos_left_top' active >>>>>>>
2022-09-12 11:57:01,283 : INFO : SwitchController : <<<<<<< 's_eos_right' active >>>>>>>
2022-09-12 11:57:01,327 : INFO : SwitchController : <<<<<<< 's_left_flipper' inactive >>>>>>>
2022-09-12 11:57:01,327 : INFO : EventManager : Event: ======'both_flippers_one'====== Args={'triggering_group': 1, 'triggering_switch': 's_left_flipper'}
2022-09-12 11:57:01,358 : INFO : SwitchController : <<<<<<< 's_right_flipper' inactive >>>>>>>
2022-09-12 11:57:01,358 : INFO : EventManager : Event: ======'both_flippers_inactive'====== Args={'triggering_group': 2, 'triggering_switch': 's_right_flipper'}
2022-09-12 11:57:01,436 : INFO : SwitchController : <<<<<<< 's_eos_left_top' inactive >>>>>>>
2022-09-12 11:57:01,436 : INFO : SwitchController : <<<<<<< 's_eos_left' inactive >>>>>>>
2022-09-12 11:57:01,467 : INFO : SwitchController : <<<<<<< 's_left_flipper' active >>>>>>>
2022-09-12 11:57:01,486 : INFO : SwitchController : <<<<<<< 's_eos_left_top' active >>>>>>>
2022-09-12 11:57:01,486 : INFO : SwitchController : <<<<<<< 's_eos_left' active >>>>>>>
2022-09-12 11:57:01,486 : INFO : SwitchController : <<<<<<< 's_right_flipper' active >>>>>>>
2022-09-12 11:57:01,486 : INFO : EventManager : Event: ======'flipper_cancel'====== Args={'triggering_group': 2, 'triggering_switch': 's_right_flipper'}
2022-09-12 11:57:01,514 : INFO : SwitchController : <<<<<<< 's_eos_right' inactive >>>>>>>
2022-09-12 11:57:01,533 : INFO : SwitchController : <<<<<<< 's_eos_right' active >>>>>>>
2022-09-12 11:57:01,576 : INFO : SwitchController : <<<<<<< 's_left_flipper' inactive >>>>>>>
2022-09-12 11:57:01,577 : INFO : EventManager : Event: ======'both_flippers_one'====== Args={'triggering_group': 1, 'triggering_switch': 's_left_flipper'}
2022-09-12 11:57:01,595 : INFO : SwitchController : <<<<<<< 's_right_flipper' inactive >>>>>>>
2022-09-12 11:57:01,595 : INFO : EventManager : Event: ======'both_flippers_inactive'====== Args={'triggering_group': 2, 'triggering_switch': 's_right_flipper'}
2022-09-12 11:57:01,671 : INFO : SwitchController : <<<<<<< 's_eos_left' inactive >>>>>>>
2022-09-12 11:57:01,671 : INFO : SwitchController : <<<<<<< 's_eos_left_top' inactive >>>>>>>
2022-09-12 11:57:01,691 : INFO : SwitchController : <<<<<<< 's_left_flipper' active >>>>>>>
2022-09-12 11:57:01,692 : INFO : SwitchController : <<<<<<< 's_right_flipper' active >>>>>>>
2022-09-12 11:57:01,692 : INFO : EventManager : Event: ======'flipper_cancel'====== Args={'triggering_group': 2, 'triggering_switch': 's_right_flipper'}
2022-09-12 11:57:01,696 : INFO : SwitchController : <<<<<<< 's_eos_left_top' active >>>>>>>
2022-09-12 11:57:01,696 : INFO : SwitchController : <<<<<<< 's_eos_left' active >>>>>>>
2022-09-12 11:57:01,812 : INFO : SwitchController : <<<<<<< 's_left_flipper' inactive >>>>>>>
2022-09-12 11:57:01,812 : INFO : EventManager : Event: ======'both_flippers_one'====== Args={'triggering_group': 1, 'triggering_switch': 's_left_flipper'}
2022-09-12 11:57:01,842 : INFO : SwitchController : <<<<<<< 's_right_flipper' inactive >>>>>>>
2022-09-12 11:57:01,842 : INFO : EventManager : Event: ======'both_flippers_inactive'====== Args={'triggering_group': 2, 'triggering_switch': 's_right_flipper'}
2022-09-12 11:57:01,904 : INFO : SwitchController : <<<<<<< 's_eos_left' inactive >>>>>>>
2022-09-12 11:57:01,905 : INFO : SwitchController : <<<<<<< 's_eos_left_top' inactive >>>>>>>
2022-09-12 11:57:01,952 : INFO : SwitchController : <<<<<<< 's_eos_right' inactive >>>>>>>
2022-09-12 11:57:06,227 : INFO : SwitchController : <<<<<<< 's_right_flipper' active >>>>>>>
2022-09-12 11:57:06,246 : INFO : SwitchController : <<<<<<< 's_eos_right' active >>>>>>>
2022-09-12 11:57:06,305 : INFO : SwitchController : <<<<<<< 's_left_flipper' active >>>>>>>
2022-09-12 11:57:06,305 : INFO : EventManager : Event: ======'flipper_cancel'====== Args={'triggering_group': 1, 'triggering_switch': 's_left_flipper'}
2022-09-12 11:57:06,337 : INFO : SwitchController : <<<<<<< 's_eos_left_top' active >>>>>>>
2022-09-12 11:57:06,337 : INFO : SwitchController : <<<<<<< 's_eos_left' active >>>>>>>
2022-09-12 11:57:06,506 : INFO : SwitchController : <<<<<<< 's_left_flipper' inactive >>>>>>>
2022-09-12 11:57:06,506 : INFO : EventManager : Event: ======'both_flippers_one'====== Args={'triggering_group': 1, 'triggering_switch': 's_left_flipper'}
2022-09-12 11:57:06,553 : INFO : SwitchController : <<<<<<< 's_right_flipper' inactive >>>>>>>
2022-09-12 11:57:06,553 : INFO : EventManager : Event: ======'both_flippers_inactive'====== Args={'triggering_group': 2, 'triggering_switch': 's_right_flipper'}
2022-09-12 11:57:06,601 : INFO : SwitchController : <<<<<<< 's_eos_left' inactive >>>>>>>
2022-09-12 11:57:06,601 : INFO : SwitchController : <<<<<<< 's_eos_left_top' inactive >>>>>>>
2022-09-12 11:57:06,648 : INFO : SwitchController : <<<<<<< 's_eos_right' inactive >>>>>>>
2022-09-12 11:57:07,066 : INFO : SwitchController : <<<<<<< 's_right_flipper' active >>>>>>>
2022-09-12 11:57:07,086 : INFO : SwitchController : <<<<<<< 's_eos_right' active >>>>>>>
2022-09-12 11:57:07,203 : INFO : SwitchController : <<<<<<< 's_left_flipper' active >>>>>>>
2022-09-12 11:57:07,203 : INFO : EventManager : Event: ======'flipper_cancel'====== Args={'triggering_group': 1, 'triggering_switch': 's_left_flipper'}
2022-09-12 11:57:07,235 : INFO : SwitchController : <<<<<<< 's_eos_left_top' active >>>>>>>
2022-09-12 11:57:07,235 : INFO : SwitchController : <<<<<<< 's_eos_left' active >>>>>>>
2022-09-12 11:57:07,457 : INFO : SwitchController : <<<<<<< 's_left_flipper' inactive >>>>>>>
2022-09-12 11:57:07,457 : INFO : EventManager : Event: ======'both_flippers_one'====== Args={'triggering_group': 1, 'triggering_switch': 's_left_flipper'}
2022-09-12 11:57:07,488 : INFO : SwitchController : <<<<<<< 's_right_flipper' inactive >>>>>>>
2022-09-12 11:57:07,488 : INFO : EventManager : Event: ======'both_flippers_inactive'====== Args={'triggering_group': 2, 'triggering_switch': 's_right_flipper'}
2022-09-12 11:57:07,567 : INFO : SwitchController : <<<<<<< 's_eos_left' inactive >>>>>>>
2022-09-12 11:57:07,567 : INFO : SwitchController : <<<<<<< 's_eos_left_top' inactive >>>>>>>
2022-09-12 11:57:07,598 : INFO : SwitchController : <<<<<<< 's_eos_right' inactive >>>>>>>
2022-09-12 11:57:07,911 : INFO : SwitchController : <<<<<<< 's_right_flipper' active >>>>>>>
2022-09-12 11:57:07,926 : INFO : SwitchController : <<<<<<< 's_eos_right' active >>>>>>>
2022-09-12 11:57:08,126 : INFO : SwitchController : <<<<<<< 's_left_flipper' active >>>>>>>
2022-09-12 11:57:08,126 : INFO : EventManager : Event: ======'flipper_cancel'====== Args={'triggering_group': 1, 'triggering_switch': 's_left_flipper'}
2022-09-12 11:57:08,145 : INFO : SwitchController : <<<<<<< 's_eos_left_top' active >>>>>>>
2022-09-12 11:57:08,145 : INFO : SwitchController : <<<<<<< 's_eos_left' active >>>>>>>
2022-09-12 11:57:08,379 : INFO : SwitchController : <<<<<<< 's_right_flipper' inactive >>>>>>>
2022-09-12 11:57:08,379 : INFO : EventManager : Event: ======'both_flippers_one'====== Args={'triggering_group': 2, 'triggering_switch': 's_right_flipper'}
2022-09-12 11:57:08,472 : INFO : SwitchController : <<<<<<< 's_eos_right' inactive >>>>>>>
2022-09-12 11:57:08,492 : INFO : SwitchController : <<<<<<< 's_left_flipper' inactive >>>>>>>
2022-09-12 11:57:08,492 : INFO : EventManager : Event: ======'both_flippers_inactive'====== Args={'triggering_group': 1, 'triggering_switch': 's_left_flipper'}
2022-09-12 11:57:08,581 : INFO : SwitchController : <<<<<<< 's_eos_left' inactive >>>>>>>
2022-09-12 11:57:08,581 : INFO : SwitchController : <<<<<<< 's_eos_left_top' inactive >>>>>>>
2022-09-12 11:57:08,830 : INFO : SwitchController : <<<<<<< 's_right_flipper' active >>>>>>>
2022-09-12 11:57:08,850 : INFO : SwitchController : <<<<<<< 's_eos_right' active >>>>>>>
2022-09-12 11:57:09,095 : INFO : SwitchController : <<<<<<< 's_left_flipper' active >>>>>>>
2022-09-12 11:57:09,095 : INFO : EventManager : Event: ======'flipper_cancel'====== Args={'triggering_group': 1, 'triggering_switch': 's_left_flipper'}
2022-09-12 11:57:09,110 : INFO : SwitchController : <<<<<<< 's_eos_left' active >>>>>>>
2022-09-12 11:57:09,129 : INFO : SwitchController : <<<<<<< 's_eos_left_top' active >>>>>>>
2022-09-12 11:57:09,360 : INFO : SwitchController : <<<<<<< 's_right_flipper' inactive >>>>>>>
2022-09-12 11:57:09,360 : INFO : EventManager : Event: ======'both_flippers_one'====== Args={'triggering_group': 2, 'triggering_switch': 's_right_flipper'}
2022-09-12 11:57:09,455 : INFO : SwitchController : <<<<<<< 's_eos_right' inactive >>>>>>>
2022-09-12 11:57:09,535 : INFO : SwitchController : <<<<<<< 's_left_flipper' inactive >>>>>>>
2022-09-12 11:57:09,535 : INFO : EventManager : Event: ======'both_flippers_inactive'====== Args={'triggering_group': 1, 'triggering_switch': 's_left_flipper'}
2022-09-12 11:57:09,630 : INFO : SwitchController : <<<<<<< 's_eos_left' inactive >>>>>>>
2022-09-12 11:57:09,630 : INFO : SwitchController : <<<<<<< 's_eos_left_top' inactive >>>>>>>
2022-09-12 11:57:10,521 : INFO : SwitchController : <<<<<<< 's_right_flipper' active >>>>>>>
2022-09-12 11:57:10,521 : INFO : SwitchController : <<<<<<< 's_left_flipper' active >>>>>>>
2022-09-12 11:57:10,521 : INFO : EventManager : Event: ======'flipper_cancel'====== Args={'triggering_group': 1, 'triggering_switch': 's_left_flipper'}
2022-09-12 11:57:10,541 : INFO : SwitchController : <<<<<<< 's_eos_right' active >>>>>>>
2022-09-12 11:57:10,541 : INFO : SwitchController : <<<<<<< 's_eos_left' active >>>>>>>
2022-09-12 11:57:10,541 : INFO : SwitchController : <<<<<<< 's_eos_left_top' active >>>>>>>
2022-09-12 11:57:10,599 : INFO : SwitchController : <<<<<<< 's_right_flipper' inactive >>>>>>>
2022-09-12 11:57:10,599 : INFO : EventManager : Event: ======'both_flippers_one'====== Args={'triggering_group': 2, 'triggering_switch': 's_right_flipper'}
2022-09-12 11:57:10,599 : INFO : SwitchController : <<<<<<< 's_left_flipper' inactive >>>>>>>
2022-09-12 11:57:10,599 : INFO : EventManager : Event: ======'both_flippers_inactive'====== Args={'triggering_group': 1, 'triggering_switch': 's_left_flipper'}
2022-09-12 11:57:10,707 : INFO : SwitchController : <<<<<<< 's_eos_left_top' inactive >>>>>>>
2022-09-12 11:57:10,707 : INFO : SwitchController : <<<<<<< 's_eos_left' inactive >>>>>>>
2022-09-12 11:57:10,707 : INFO : SwitchController : <<<<<<< 's_eos_right' inactive >>>>>>>
2022-09-12 11:57:10,728 : INFO : SwitchController : <<<<<<< 's_left_flipper' active >>>>>>>
2022-09-12 11:57:10,728 : INFO : SwitchController : <<<<<<< 's_eos_left' active >>>>>>>
2022-09-12 11:57:10,728 : INFO : SwitchController : <<<<<<< 's_right_flipper' active >>>>>>>
2022-09-12 11:57:10,728 : INFO : EventManager : Event: ======'flipper_cancel'====== Args={'triggering_group': 2, 'triggering_switch': 's_right_flipper'}
2022-09-12 11:57:10,728 : INFO : SwitchController : <<<<<<< 's_eos_left' inactive >>>>>>>
2022-09-12 11:57:10,733 : INFO : SwitchController : <<<<<<< 's_eos_left_top' active >>>>>>>
2022-09-12 11:57:10,733 : INFO : SwitchController : <<<<<<< 's_eos_left' active >>>>>>>
2022-09-12 11:57:10,754 : INFO : SwitchController : <<<<<<< 's_eos_right' active >>>>>>>
2022-09-12 11:57:10,801 : INFO : SwitchController : <<<<<<< 's_left_flipper' inactive >>>>>>>
2022-09-12 11:57:10,801 : INFO : EventManager : Event: ======'both_flippers_one'====== Args={'triggering_group': 1, 'triggering_switch': 's_left_flipper'}
2022-09-12 11:57:10,833 : INFO : SwitchController : <<<<<<< 's_right_flipper' inactive >>>>>>>
2022-09-12 11:57:10,833 : INFO : EventManager : Event: ======'both_flippers_inactive'====== Args={'triggering_group': 2, 'triggering_switch': 's_right_flipper'}
2022-09-12 11:57:10,895 : INFO : SwitchController : <<<<<<< 's_eos_left' inactive >>>>>>>
2022-09-12 11:57:10,915 : INFO : SwitchController : <<<<<<< 's_eos_left_top' inactive >>>>>>>
2022-09-12 11:57:10,943 : INFO : SwitchController : <<<<<<< 's_eos_right' inactive >>>>>>>
2022-09-12 11:57:18,018 : INFO : SwitchController : <<<<<<< 's_right_flipper' active >>>>>>>
2022-09-12 11:57:18,038 : INFO : SwitchController : <<<<<<< 's_left_flipper' active >>>>>>>
2022-09-12 11:57:18,038 : INFO : EventManager : Event: ======'flipper_cancel'====== Args={'triggering_group': 1, 'triggering_switch': 's_left_flipper'}
2022-09-12 11:57:18,053 : INFO : SwitchController : <<<<<<< 's_eos_right' active >>>>>>>
2022-09-12 11:57:18,070 : INFO : SwitchController : <<<<<<< 's_eos_left' active >>>>>>>
2022-09-12 11:57:18,070 : INFO : SwitchController : <<<<<<< 's_eos_left_top' active >>>>>>>
2022-09-12 11:57:18,113 : INFO : SwitchController : <<<<<<< 's_left_flipper' inactive >>>>>>>
2022-09-12 11:57:18,113 : INFO : EventManager : Event: ======'both_flippers_one'====== Args={'triggering_group': 1, 'triggering_switch': 's_left_flipper'}
2022-09-12 11:57:18,145 : INFO : SwitchController : <<<<<<< 's_right_flipper' inactive >>>>>>>
2022-09-12 11:57:18,145 : INFO : EventManager : Event: ======'both_flippers_inactive'====== Args={'triggering_group': 2, 'triggering_switch': 's_right_flipper'}
2022-09-12 11:57:18,208 : INFO : SwitchController : <<<<<<< 's_eos_left' inactive >>>>>>>
2022-09-12 11:57:18,227 : INFO : SwitchController : <<<<<<< 's_eos_left_top' inactive >>>>>>>
2022-09-12 11:57:18,242 : INFO : SwitchController : <<<<<<< 's_eos_right' inactive >>>>>>>
2022-09-12 11:57:18,565 : INFO : SwitchController : <<<<<<< 's_right_flipper' active >>>>>>>
2022-09-12 11:57:18,585 : INFO : SwitchController : <<<<<<< 's_eos_right' active >>>>>>>
2022-09-12 11:57:18,599 : INFO : SwitchController : <<<<<<< 's_right_flipper' inactive >>>>>>>
2022-09-12 11:57:18,722 : INFO : SwitchController : <<<<<<< 's_eos_right' inactive >>>>>>>
2022-09-12 11:57:18,816 : INFO : SwitchController : <<<<<<< 's_left_flipper' active >>>>>>>
2022-09-12 11:57:18,847 : INFO : SwitchController : <<<<<<< 's_eos_left_top' active >>>>>>>
2022-09-12 11:57:18,847 : INFO : SwitchController : <<<<<<< 's_eos_left' active >>>>>>>
2022-09-12 11:57:18,847 : INFO : SwitchController : <<<<<<< 's_eos_right' active >>>>>>>
2022-09-12 11:57:18,868 : INFO : SwitchController : <<<<<<< 's_eos_right' inactive >>>>>>>
2022-09-12 11:57:18,894 : INFO : SwitchController : <<<<<<< 's_left_flipper' inactive >>>>>>>
2022-09-12 11:57:19,001 : INFO : SwitchController : <<<<<<< 's_eos_left' inactive >>>>>>>
2022-09-12 11:57:19,001 : INFO : SwitchController : <<<<<<< 's_eos_left_top' inactive >>>>>>>
2022-09-12 11:57:19,078 : INFO : SwitchController : <<<<<<< 's_right_flipper' active >>>>>>>
2022-09-12 11:57:19,097 : INFO : SwitchController : <<<<<<< 's_eos_right' active >>>>>>>
2022-09-12 11:57:19,124 : INFO : SwitchController : <<<<<<< 's_right_flipper' inactive >>>>>>>
2022-09-12 11:57:19,233 : INFO : SwitchController : <<<<<<< 's_eos_right' inactive >>>>>>>
2022-09-12 11:57:19,624 : INFO : SwitchController : <<<<<<< 's_right_flipper' active >>>>>>>
2022-09-12 11:57:19,643 : INFO : SwitchController : <<<<<<< 's_eos_right' active >>>>>>>
2022-09-12 11:57:19,782 : INFO : SwitchController : <<<<<<< 's_right_flipper' inactive >>>>>>>
2022-09-12 11:57:19,890 : INFO : SwitchController : <<<<<<< 's_left_flipper' active >>>>>>>
2022-09-12 11:57:19,890 : INFO : SwitchController : <<<<<<< 's_eos_right' inactive >>>>>>>
2022-09-12 11:57:19,911 : INFO : SwitchController : <<<<<<< 's_eos_left' active >>>>>>>
2022-09-12 11:57:19,921 : INFO : SwitchController : <<<<<<< 's_eos_left_top' active >>>>>>>
2022-09-12 11:57:19,921 : INFO : SwitchController : <<<<<<< 's_eos_right' active >>>>>>>
2022-09-12 11:57:19,941 : INFO : SwitchController : <<<<<<< 's_eos_right' inactive >>>>>>>
2022-09-12 11:57:20,184 : INFO : SwitchController : <<<<<<< 's_right_flipper' active >>>>>>>
2022-09-12 11:57:20,184 : INFO : EventManager : Event: ======'flipper_cancel'====== Args={'triggering_group': 2, 'triggering_switch': 's_right_flipper'}
2022-09-12 11:57:20,202 : INFO : SwitchController : <<<<<<< 's_right_flipper' inactive >>>>>>>
2022-09-12 11:57:20,202 : INFO : EventManager : Event: ======'both_flippers_one'====== Args={'triggering_group': 2, 'triggering_switch': 's_right_flipper'}
2022-09-12 11:57:20,202 : INFO : SwitchController : <<<<<<< 's_right_flipper' active >>>>>>>
2022-09-12 11:57:20,202 : INFO : EventManager : Event: ======'flipper_cancel'====== Args={'triggering_group': 2, 'triggering_switch': 's_right_flipper'}
2022-09-12 11:57:20,231 : INFO : SwitchController : <<<<<<< 's_eos_right' active >>>>>>>
2022-09-12 11:57:20,262 : INFO : SwitchController : <<<<<<< 's_right_flipper' inactive >>>>>>>
2022-09-12 11:57:20,262 : INFO : EventManager : Event: ======'both_flippers_one'====== Args={'triggering_group': 2, 'triggering_switch': 's_right_flipper'}
2022-09-12 11:57:20,387 : INFO : SwitchController : <<<<<<< 's_eos_right' inactive >>>>>>>
2022-09-12 11:57:20,465 : INFO : SwitchController : <<<<<<< 's_right_flipper' active >>>>>>>
2022-09-12 11:57:20,465 : INFO : EventManager : Event: ======'flipper_cancel'====== Args={'triggering_group': 2, 'triggering_switch': 's_right_flipper'}
2022-09-12 11:57:20,465 : INFO : SwitchController : <<<<<<< 's_right_flipper' inactive >>>>>>>
2022-09-12 11:57:20,465 : INFO : EventManager : Event: ======'both_flippers_one'====== Args={'triggering_group': 2, 'triggering_switch': 's_right_flipper'}
2022-09-12 11:57:20,482 : INFO : SwitchController : <<<<<<< 's_right_flipper' active >>>>>>>
2022-09-12 11:57:20,482 : INFO : EventManager : Event: ======'flipper_cancel'====== Args={'triggering_group': 2, 'triggering_switch': 's_right_flipper'}
2022-09-12 11:57:20,498 : INFO : SwitchController : <<<<<<< 's_eos_right' active >>>>>>>
2022-09-12 11:57:20,527 : INFO : SwitchController : <<<<<<< 's_left_flipper' inactive >>>>>>>
2022-09-12 11:57:20,527 : INFO : EventManager : Event: ======'both_flippers_one'====== Args={'triggering_group': 1, 'triggering_switch': 's_left_flipper'}
2022-09-12 11:57:20,575 : INFO : SwitchController : <<<<<<< 's_right_flipper' inactive >>>>>>>
2022-09-12 11:57:20,575 : INFO : EventManager : Event: ======'both_flippers_inactive'====== Args={'triggering_group': 2, 'triggering_switch': 's_right_flipper'}
2022-09-12 11:57:20,622 : INFO : SwitchController : <<<<<<< 's_eos_left' inactive >>>>>>>
2022-09-12 11:57:20,622 : INFO : SwitchController : <<<<<<< 's_eos_left_top' inactive >>>>>>>
2022-09-12 11:57:20,669 : INFO : SwitchController : <<<<<<< 's_eos_right' inactive >>>>>>>
2022-09-12 11:57:20,687 : INFO : SwitchController : <<<<<<< 's_left_flipper' active >>>>>>>
2022-09-12 11:57:20,716 : INFO : SwitchController : <<<<<<< 's_eos_left_top' active >>>>>>>
2022-09-12 11:57:20,716 : INFO : SwitchController : <<<<<<< 's_eos_left' active >>>>>>>
2022-09-12 11:57:20,716 : INFO : SwitchController : <<<<<<< 's_eos_right' active >>>>>>>
2022-09-12 11:57:20,737 : INFO : SwitchController : <<<<<<< 's_eos_right' inactive >>>>>>>
2022-09-12 11:57:21,277 : INFO : SwitchController : <<<<<<< 's_right_flipper' active >>>>>>>
2022-09-12 11:57:21,277 : INFO : EventManager : Event: ======'flipper_cancel'====== Args={'triggering_group': 2, 'triggering_switch': 's_right_flipper'}
2022-09-12 11:57:21,277 : INFO : SwitchController : <<<<<<< 's_right_flipper' inactive >>>>>>>
2022-09-12 11:57:21,277 : INFO : EventManager : Event: ======'both_flippers_one'====== Args={'triggering_group': 2, 'triggering_switch': 's_right_flipper'}
2022-09-12 11:57:21,308 : INFO : SwitchController : <<<<<<< 's_right_flipper' active >>>>>>>
2022-09-12 11:57:21,308 : INFO : EventManager : Event: ======'flipper_cancel'====== Args={'triggering_group': 2, 'triggering_switch': 's_right_flipper'}
2022-09-12 11:57:21,308 : INFO : SwitchController : <<<<<<< 's_eos_right' active >>>>>>>
2022-09-12 11:57:21,308 : INFO : SwitchController : <<<<<<< 's_left_flipper' inactive >>>>>>>
2022-09-12 11:57:21,308 : INFO : EventManager : Event: ======'both_flippers_one'====== Args={'triggering_group': 1, 'triggering_switch': 's_left_flipper'}
2022-09-12 11:57:21,340 : INFO : SwitchController : <<<<<<< 's_right_flipper' inactive >>>>>>>
2022-09-12 11:57:21,340 : INFO : EventManager : Event: ======'both_flippers_inactive'====== Args={'triggering_group': 2, 'triggering_switch': 's_right_flipper'}
2022-09-12 11:57:21,418 : INFO : SwitchController : <<<<<<< 's_eos_left' inactive >>>>>>>
2022-09-12 11:57:21,437 : INFO : SwitchController : <<<<<<< 's_eos_left_top' inactive >>>>>>>
2022-09-12 11:57:21,480 : INFO : SwitchController : <<<<<<< 's_eos_right' inactive >>>>>>>
2022-09-12 11:57:21,620 : INFO : SwitchController : <<<<<<< 's_left_flipper' active >>>>>>>
2022-09-12 11:57:21,639 : INFO : SwitchController : <<<<<<< 's_eos_left' active >>>>>>>
2022-09-12 11:57:21,654 : INFO : SwitchController : <<<<<<< 's_eos_left_top' active >>>>>>>
2022-09-12 11:57:21,654 : INFO : SwitchController : <<<<<<< 's_eos_right' active >>>>>>>
2022-09-12 11:57:21,671 : INFO : SwitchController : <<<<<<< 's_eos_right' inactive >>>>>>>
2022-09-12 11:57:21,810 : INFO : SwitchController : <<<<<<< 's_right_flipper' active >>>>>>>
2022-09-12 11:57:21,810 : INFO : EventManager : Event: ======'flipper_cancel'====== Args={'triggering_group': 2, 'triggering_switch': 's_right_flipper'}
2022-09-12 11:57:21,839 : INFO : SwitchController : <<<<<<< 's_eos_right' active >>>>>>>
2022-09-12 11:57:22,122 : INFO : SwitchController : <<<<<<< 's_right_flipper' inactive >>>>>>>
2022-09-12 11:57:22,122 : INFO : EventManager : Event: ======'both_flippers_one'====== Args={'triggering_group': 2, 'triggering_switch': 's_right_flipper'}
2022-09-12 11:57:22,170 : INFO : SwitchController : <<<<<<< 's_left_flipper' inactive >>>>>>>
2022-09-12 11:57:22,170 : INFO : EventManager : Event: ======'both_flippers_inactive'====== Args={'triggering_group': 1, 'triggering_switch': 's_left_flipper'}
2022-09-12 11:57:22,217 : INFO : SwitchController : <<<<<<< 's_eos_right' inactive >>>>>>>
2022-09-12 11:57:22,264 : INFO : SwitchController : <<<<<<< 's_eos_left' inactive >>>>>>>
2022-09-12 11:57:22,264 : INFO : SwitchController : <<<<<<< 's_eos_left_top' inactive >>>>>>>
2022-09-12 11:57:22,497 : INFO : SwitchController : <<<<<<< 's_right_flipper' active >>>>>>>
2022-09-12 11:57:22,516 : INFO : SwitchController : <<<<<<< 's_eos_right' active >>>>>>>
2022-09-12 11:57:22,764 : INFO : SwitchController : <<<<<<< 's_left_flipper' active >>>>>>>
2022-09-12 11:57:22,764 : INFO : EventManager : Event: ======'flipper_cancel'====== Args={'triggering_group': 1, 'triggering_switch': 's_left_flipper'}
2022-09-12 11:57:22,811 : INFO : SwitchController : <<<<<<< 's_eos_left' active >>>>>>>
2022-09-12 11:57:22,811 : INFO : SwitchController : <<<<<<< 's_eos_left_top' active >>>>>>>
2022-09-12 11:57:23,452 : INFO : SwitchController : <<<<<<< 's_right_flipper' inactive >>>>>>>
2022-09-12 11:57:23,452 : INFO : EventManager : Event: ======'both_flippers_one'====== Args={'triggering_group': 2, 'triggering_switch': 's_right_flipper'}
2022-09-12 11:57:23,471 : INFO : SwitchController : <<<<<<< 's_left_flipper' inactive >>>>>>>
2022-09-12 11:57:23,471 : INFO : EventManager : Event: ======'both_flippers_inactive'====== Args={'triggering_group': 1, 'triggering_switch': 's_left_flipper'}
2022-09-12 11:57:23,578 : INFO : SwitchController : <<<<<<< 's_eos_right' inactive >>>>>>>
2022-09-12 11:57:23,578 : INFO : SwitchController : <<<<<<< 's_eos_left' inactive >>>>>>>
2022-09-12 11:57:23,598 : INFO : SwitchController : <<<<<<< 's_eos_left_top' inactive >>>>>>>
2022-09-12 11:57:23,968 : INFO : SwitchController : <<<<<<< 's_right_flipper' active >>>>>>>
2022-09-12 11:57:23,988 : INFO : SwitchController : <<<<<<< 's_eos_right' active >>>>>>>
2022-09-12 11:57:24,326 : INFO : SwitchController : <<<<<<< 's_left_flipper' active >>>>>>>
2022-09-12 11:57:24,326 : INFO : EventManager : Event: ======'flipper_cancel'====== Args={'triggering_group': 1, 'triggering_switch': 's_left_flipper'}
2022-09-12 11:57:24,344 : INFO : SwitchController : <<<<<<< 's_eos_left_top' active >>>>>>>
2022-09-12 11:57:24,344 : INFO : SwitchController : <<<<<<< 's_eos_left' active >>>>>>>
2022-09-12 11:57:24,653 : INFO : SwitchController : <<<<<<< 's_right_flipper' inactive >>>>>>>
2022-09-12 11:57:24,653 : INFO : EventManager : Event: ======'both_flippers_one'====== Args={'triggering_group': 2, 'triggering_switch': 's_right_flipper'}
2022-09-12 11:57:24,747 : INFO : SwitchController : <<<<<<< 's_left_flipper' inactive >>>>>>>
2022-09-12 11:57:24,748 : INFO : EventManager : Event: ======'both_flippers_inactive'====== Args={'triggering_group': 1, 'triggering_switch': 's_left_flipper'}
2022-09-12 11:57:24,781 : INFO : SwitchController : <<<<<<< 's_eos_right' inactive >>>>>>>
2022-09-12 11:57:24,841 : INFO : SwitchController : <<<<<<< 's_eos_left' inactive >>>>>>>
2022-09-12 11:57:24,859 : INFO : SwitchController : <<<<<<< 's_eos_left_top' inactive >>>>>>>
2022-09-12 11:57:25,230 : INFO : SwitchController : <<<<<<< 's_right_flipper' active >>>>>>>
2022-09-12 11:57:25,250 : INFO : SwitchController : <<<<<<< 's_eos_right' active >>>>>>>
2022-09-12 11:57:25,622 : INFO : SwitchController : <<<<<<< 's_left_flipper' active >>>>>>>
2022-09-12 11:57:25,622 : INFO : EventManager : Event: ======'flipper_cancel'====== Args={'triggering_group': 1, 'triggering_switch': 's_left_flipper'}
2022-09-12 11:57:25,641 : INFO : SwitchController : <<<<<<< 's_eos_left_top' active >>>>>>>
2022-09-12 11:57:25,641 : INFO : SwitchController : <<<<<<< 's_eos_left' active >>>>>>>
2022-09-12 11:57:26,045 : INFO : SwitchController : <<<<<<< 's_right_flipper' inactive >>>>>>>
2022-09-12 11:57:26,045 : INFO : EventManager : Event: ======'both_flippers_one'====== Args={'triggering_group': 2, 'triggering_switch': 's_right_flipper'}
2022-09-12 11:57:26,076 : INFO : SwitchController : <<<<<<< 's_left_flipper' inactive >>>>>>>
2022-09-12 11:57:26,077 : INFO : EventManager : Event: ======'both_flippers_inactive'====== Args={'triggering_group': 1, 'triggering_switch': 's_left_flipper'}
2022-09-12 11:57:26,156 : INFO : SwitchController : <<<<<<< 's_eos_right' inactive >>>>>>>
2022-09-12 11:57:26,187 : INFO : SwitchController : <<<<<<< 's_eos_left_top' inactive >>>>>>>
2022-09-12 11:57:26,187 : INFO : SwitchController : <<<<<<< 's_eos_left' inactive >>>>>>>
2022-09-12 11:57:31,013 : INFO : SwitchController : <<<<<<< 's_right_flipper' active >>>>>>>
2022-09-12 11:57:31,044 : INFO : SwitchController : <<<<<<< 's_eos_right' active >>>>>>>
2022-09-12 11:57:31,513 : INFO : SwitchController : <<<<<<< 's_left_flipper' active >>>>>>>
2022-09-12 11:57:31,513 : INFO : EventManager : Event: ======'flipper_cancel'====== Args={'triggering_group': 1, 'triggering_switch': 's_left_flipper'}
2022-09-12 11:57:31,544 : INFO : SwitchController : <<<<<<< 's_eos_left_top' active >>>>>>>
2022-09-12 11:57:31,544 : INFO : SwitchController : <<<<<<< 's_eos_left' active >>>>>>>
2022-09-12 11:57:32,044 : INFO : SwitchController : <<<<<<< 's_right_flipper' inactive >>>>>>>
2022-09-12 11:57:32,044 : INFO : EventManager : Event: ======'both_flippers_one'====== Args={'triggering_group': 2, 'triggering_switch': 's_right_flipper'}
2022-09-12 11:57:32,063 : INFO : SwitchController : <<<<<<< 's_left_flipper' inactive >>>>>>>
2022-09-12 11:57:32,063 : INFO : EventManager : Event: ======'both_flippers_inactive'====== Args={'triggering_group': 1, 'triggering_switch': 's_left_flipper'}
2022-09-12 11:57:32,169 : INFO : SwitchController : <<<<<<< 's_eos_right' inactive >>>>>>>
2022-09-12 11:57:32,187 : INFO : SwitchController : <<<<<<< 's_eos_left_top' inactive >>>>>>>
2022-09-12 11:57:32,187 : INFO : SwitchController : <<<<<<< 's_eos_left' inactive >>>>>>>
2022-09-12 11:57:33,045 : INFO : SwitchController : <<<<<<< 's_right_flipper' active >>>>>>>
2022-09-12 11:57:33,064 : INFO : SwitchController : <<<<<<< 's_eos_right' active >>>>>>>
2022-09-12 11:57:33,557 : INFO : SwitchController : <<<<<<< 's_left_flipper' active >>>>>>>
2022-09-12 11:57:33,557 : INFO : EventManager : Event: ======'flipper_cancel'====== Args={'triggering_group': 1, 'triggering_switch': 's_left_flipper'}
2022-09-12 11:57:33,576 : INFO : SwitchController : <<<<<<< 's_eos_left' active >>>>>>>
2022-09-12 11:57:33,576 : INFO : SwitchController : <<<<<<< 's_eos_left_top' active >>>>>>>
2022-09-12 11:57:34,073 : INFO : SwitchController : <<<<<<< 's_right_flipper' inactive >>>>>>>
2022-09-12 11:57:34,073 : INFO : EventManager : Event: ======'both_flippers_one'====== Args={'triggering_group': 2, 'triggering_switch': 's_right_flipper'}
2022-09-12 11:57:34,073 : INFO : SwitchController : <<<<<<< 's_left_flipper' inactive >>>>>>>
2022-09-12 11:57:34,073 : INFO : EventManager : Event: ======'both_flippers_inactive'====== Args={'triggering_group': 1, 'triggering_switch': 's_left_flipper'}
2022-09-12 11:57:34,183 : INFO : SwitchController : <<<<<<< 's_eos_left' inactive >>>>>>>
2022-09-12 11:57:34,183 : INFO : SwitchController : <<<<<<< 's_eos_left_top' inactive >>>>>>>
2022-09-12 11:57:34,183 : INFO : SwitchController : <<<<<<< 's_eos_right' inactive >>>>>>>
2022-09-12 11:57:40,436 : ERROR : asyncio : Exception in callback SerialTransport._poll_read()
handle: <TimerHandle when=1527.0935000000002 SerialTransport._poll_read()>
Traceback (most recent call last):
  File "c:\users\tanner\appdata\local\programs\python\python37\lib\asyncio\events.py", line 88, in _run
    self._context.run(self._callback, *self._args)
  File "c:\users\tanner\appdata\local\programs\python\python37\lib\site-packages\serial_asyncio\__init__.py", line 275, in _poll_read
    if self.serial.in_waiting:
  File "c:\users\tanner\appdata\local\programs\python\python37\lib\site-packages\serial\serialwin32.py", line 259, in in_waiting
    raise SerialException("ClearCommError failed ({!r})".format(ctypes.WinError()))
serial.serialutil.SerialException: ClearCommError failed (PermissionError(13, 'Access is denied.', None, 5))
2022-09-12 11:57:40,461 : ERROR : asyncio : Exception in callback SerialTransport._poll_read()
handle: <TimerHandle when=1527.0935000000002 SerialTransport._poll_read()>
Traceback (most recent call last):
  File "c:\users\tanner\appdata\local\programs\python\python37\lib\asyncio\events.py", line 88, in _run
    self._context.run(self._callback, *self._args)
  File "c:\users\tanner\appdata\local\programs\python\python37\lib\site-packages\serial_asyncio\__init__.py", line 275, in _poll_read
    if self.serial.in_waiting:
  File "c:\users\tanner\appdata\local\programs\python\python37\lib\site-packages\serial\serialwin32.py", line 259, in in_waiting
    raise SerialException("ClearCommError failed ({!r})".format(ctypes.WinError()))
serial.serialutil.SerialException: ClearCommError failed (PermissionError(13, 'Access is denied.', None, 5))
2022-09-12 11:57:40,464 : INFO : Machine : Shutting down...
2022-09-12 11:57:40,465 : INFO : EventManager : Event: ======'shutdown'====== Args={}
2022-09-12 11:57:40,466 : ERROR : asyncio : Fatal write error on serial transport
protocol: <asyncio.streams.StreamReaderProtocol object at 0x000002C0376849C8>
transport: SerialTransport(<_WindowsSelectorEventLoop running=True closed=False debug=False>, <asyncio.streams.StreamReaderProtocol object at 0x000002C0376849C8>, Serial<id=0x2c037684888, open=True>(port='com21', baudrate=921600, bytesize=8, parity='N', stopbits=1, timeout=0, xonxoff=False, rtscts=False, dsrdtr=False))
Traceback (most recent call last):
  File "c:\users\tanner\appdata\local\programs\python\python37\lib\site-packages\serial_asyncio\__init__.py", line 120, in write
    n = self._serial.write(data)
  File "c:\users\tanner\appdata\local\programs\python\python37\lib\site-packages\serial\serialwin32.py", line 336, in write
    raise SerialException("WriteFile failed ({!r})".format(ctypes.WinError()))
serial.serialutil.SerialException: WriteFile failed (PermissionError(13, 'Access is denied.', None, 5))
2022-09-12 11:57:40,467 : ERROR : asyncio : Exception in callback SerialTransport._call_connection_lost(SerialExcepti...', None, 5))"))
handle: <Handle SerialTransport._call_connection_lost(SerialExcepti...', None, 5))"))>
Traceback (most recent call last):
  File "c:\users\tanner\appdata\local\programs\python\python37\lib\asyncio\events.py", line 88, in _run
    self._context.run(self._callback, *self._args)
  File "c:\users\tanner\appdata\local\programs\python\python37\lib\site-packages\serial_asyncio\__init__.py", line 390, in _call_connection_lost
    self._serial.flush()
  File "c:\users\tanner\appdata\local\programs\python\python37\lib\site-packages\serial\serialwin32.py", line 345, in flush
    while self.out_waiting:
  File "c:\users\tanner\appdata\local\programs\python\python37\lib\site-packages\serial\serialwin32.py", line 447, in out_waiting
    raise SerialException("ClearCommError failed ({!r})".format(ctypes.WinError()))
serial.serialutil.SerialException: ClearCommError failed (PermissionError(13, 'Access is denied.', None, 5))
2022-09-12 11:57:40,468 : ERROR : asyncio : Fatal write error on serial transport
protocol: <asyncio.streams.StreamReaderProtocol object at 0x000002C036D790C8>
transport: SerialTransport(<_WindowsSelectorEventLoop running=False closed=False debug=False>, <asyncio.streams.StreamReaderProtocol object at 0x000002C036D790C8>, Serial<id=0x2c0376614c8, open=True>(port='com20', baudrate=921600, bytesize=8, parity='N', stopbits=1, timeout=0, xonxoff=False, rtscts=False, dsrdtr=False))
Traceback (most recent call last):
  File "c:\users\tanner\appdata\local\programs\python\python37\lib\site-packages\serial_asyncio\__init__.py", line 120, in write
    n = self._serial.write(data)
  File "c:\users\tanner\appdata\local\programs\python\python37\lib\site-packages\serial\serialwin32.py", line 336, in write
    raise SerialException("WriteFile failed ({!r})".format(ctypes.WinError()))
serial.serialutil.SerialException: WriteFile failed (PermissionError(13, 'Access is denied.', None, 5))
2022-09-12 11:57:40,469 : ERROR : asyncio : Exception in callback SerialTransport._call_connection_lost(SerialExcepti...', None, 5))"))
handle: <Handle SerialTransport._call_connection_lost(SerialExcepti...', None, 5))"))>
Traceback (most recent call last):
  File "c:\users\tanner\appdata\local\programs\python\python37\lib\asyncio\events.py", line 88, in _run
    self._context.run(self._callback, *self._args)
  File "c:\users\tanner\appdata\local\programs\python\python37\lib\site-packages\serial_asyncio\__init__.py", line 390, in _call_connection_lost
    self._serial.flush()
  File "c:\users\tanner\appdata\local\programs\python\python37\lib\site-packages\serial\serialwin32.py", line 345, in flush
    while self.out_waiting:
  File "c:\users\tanner\appdata\local\programs\python\python37\lib\site-packages\serial\serialwin32.py", line 447, in out_waiting
    raise SerialException("ClearCommError failed ({!r})".format(ctypes.WinError()))
serial.serialutil.SerialException: ClearCommError failed (PermissionError(13, 'Access is denied.', None, 5))
2022-09-12 11:57:40,581 : ERROR : FAST : Stop called on serial connection com20
2022-09-12 11:57:40,581 : ERROR : FAST : Stop called on serial connection com21
2022-09-12 11:57:40,587 : ERROR : Machine : Runtime Exception
Traceback (most recent call last):
  File "c:\users\tanner\appdata\local\programs\python\python37\lib\site-packages\mpf\core\machine.py", line 769, in _run_loop
    raise self._exception['exception']
  File "c:\users\tanner\appdata\local\programs\python\python37\lib\asyncio\events.py", line 88, in _run
    self._context.run(self._callback, *self._args)
  File "c:\users\tanner\appdata\local\programs\python\python37\lib\site-packages\serial_asyncio\__init__.py", line 275, in _poll_read
    if self.serial.in_waiting:
  File "c:\users\tanner\appdata\local\programs\python\python37\lib\site-packages\serial\serialwin32.py", line 259, in in_waiting
    raise SerialException("ClearCommError failed ({!r})".format(ctypes.WinError()))
serial.serialutil.SerialException: ClearCommError failed (PermissionError(13, 'Access is denied.', None, 5))
2022-09-12 11:57:40,662 : ERROR : root : ClearCommError failed (PermissionError(13, 'Access is denied.', None, 5))
2022-09-12 12:03:23,314 : INFO : root : MPF run loop ended.
