2022-10-12 07:56:21,290 : INFO : root : Loading config.
2022-10-12 07:56:21,293 : INFO : YamlMultifileConfigLoader : Machine config file #1: config.yaml
2022-10-12 07:56:21,294 : WARNING : ConfigProcessor : Config file in cache changed: c:\trashland_2\config\config.yaml
2022-10-12 07:56:21,294 : INFO : ConfigProcessor : Loading config from file c:\users\tanner\appdata\local\programs\python\python37\lib\site-packages\mpf\mpfconfig.yaml.
2022-10-12 07:56:21,367 : INFO : ConfigProcessor : Loading config: c:\users\tanner\appdata\local\programs\python\python37\lib\site-packages\mpf\mpfconfig.yaml
2022-10-12 07:56:21,367 : INFO : ConfigProcessor : Loading config from file c:\trashland_2\config\config.yaml.
2022-10-12 07:56:21,471 : INFO : ConfigProcessor : Loading config: c:\trashland_2\config\config.yaml
2022-10-12 07:56:21,474 : INFO : ConfigProcessor : Config file cache created: C:\Users\Tanner\AppData\Local\Temp\a6762098cb994b55cb03a478b26022ee.mpf_cache
2022-10-12 07:56:21,537 : INFO : ConfigProcessor : Loading config from cache: C:\Users\Tanner\AppData\Local\Temp\9cf7ccc27b21f4d6162237fadfc53e5a.mpf_cache
2022-10-12 07:56:21,538 : INFO : ConfigProcessor : Loading config from cache: C:\Users\Tanner\AppData\Local\Temp\c215df352878fee5d54f1a5ec5b16e7c.mpf_cache
2022-10-12 07:56:21,539 : INFO : ConfigProcessor : Loading config from cache: C:\Users\Tanner\AppData\Local\Temp\708062243e0edcfa77dd6b1521bd0d4e.mpf_cache
2022-10-12 07:56:21,540 : INFO : ConfigProcessor : Loading config from cache: C:\Users\Tanner\AppData\Local\Temp\c4174472f67f7b070dd6fb437c6feb0c.mpf_cache
2022-10-12 07:56:21,540 : INFO : ConfigProcessor : Loading config from cache: C:\Users\Tanner\AppData\Local\Temp\abaa92c43d134e3392cbb2346e6a16be.mpf_cache
2022-10-12 07:56:21,541 : INFO : ConfigProcessor : Loading config from cache: C:\Users\Tanner\AppData\Local\Temp\fc46d53fcb9fe6b8abf783d9c813390a.mpf_cache
2022-10-12 07:56:21,542 : INFO : Machine : Mission Pinball Framework Core Engine v0.55.0
2022-10-12 07:56:21,542 : INFO : Machine : Command line arguments: {'no_load_cache': False, 'create_config_cache': True, 'bcp': False, 'configfile': ['config.yaml'], 'force_assets_load': False, 'jsonlogging': False, 'logfile': 'logs\\2022-10-12-07-56-21-mpf-DESKTOP-7HNFDQ5.log', 'pause': False, 'production': False, 'text_ui': True, 'loglevel': 15, 'consoleloglevel': 20, 'force_platform': None, 'syslog_address': None, 'mc_file_name': None, 'no_sound': False}
2022-10-12 07:56:21,542 : INFO : Machine : MPF path: c:\users\tanner\appdata\local\programs\python\python37\lib\site-packages\mpf
2022-10-12 07:56:21,543 : INFO : Machine : Machine path: c:\trashland_2
2022-10-12 07:56:21,543 : INFO : Machine : Platform: win32
2022-10-12 07:56:21,543 : INFO : Machine : Python executable location: c:\users\tanner\appdata\local\programs\python\python37\python.exe
2022-10-12 07:56:21,543 : INFO : Machine : Python version: 3.7.8 (64-bit)
2022-10-12 07:56:21,544 : INFO : Machine : Initialise MPF.
2022-10-12 07:56:21,803 : INFO : FAST : Connecting to com9 at 921600bps
2022-10-12 07:56:21,840 : INFO : FAST : Connected! Processor: NET, Board Type: FP-CPU-002-2, Firmware: 01.05
2022-10-12 07:56:21,840 : INFO : EventManager : Event: ======'machine_var_fast_net_firmware'====== Args={'value': '01.05', 'prev_value': None, 'change': True}
2022-10-12 07:56:21,840 : INFO : EventManager : Event: ======'machine_var_fast_net_model'====== Args={'value': 'FP-CPU-002-2', 'prev_value': None, 'change': True}
2022-10-12 07:56:24,212 : WARNING : FAST : Got unexpected message from FAST: -N:11
2022-10-12 07:56:24,212 : WARNING : FAST : Got unexpected message from FAST: -N:38
2022-10-12 07:56:24,212 : WARNING : FAST : Got unexpected message from FAST: -N:40
2022-10-12 07:56:24,212 : WARNING : FAST : Got unexpected message from FAST: -N:41
2022-10-12 07:56:24,212 : WARNING : FAST : Got unexpected message from FAST: -N:43
2022-10-12 07:56:24,212 : WARNING : FAST : Got unexpected message from FAST: -N:44
2022-10-12 07:56:24,212 : WARNING : FAST : Got unexpected message from FAST: -N:5D
2022-10-12 07:56:24,323 : INFO : FAST : Connecting to com10 at 921600bps
2022-10-12 07:56:24,354 : INFO : FAST : Connected! Processor: RGB, Board Type: FP-CPU-002-2, Firmware: 00.87
2022-10-12 07:56:24,354 : INFO : EventManager : Event: ======'machine_var_fast_rgb_firmware'====== Args={'value': '00.87', 'prev_value': None, 'change': True}
2022-10-12 07:56:24,354 : INFO : EventManager : Event: ======'machine_var_fast_rgb_model'====== Args={'value': 'FP-CPU-002-2', 'prev_value': None, 'change': True}
2022-10-12 07:56:24,355 : INFO : EventManager : Event: ======'machine_var_credits_string'====== Args={'value': 'FREE PLAY', 'prev_value': None, 'change': True}
2022-10-12 07:56:24,399 : INFO : EventManager : Event: ======'machine_var_master_volume'====== Args={'value': 0.5, 'prev_value': None, 'change': True}
2022-10-12 07:56:24,399 : INFO : EventManager : Event: ======'machine_var_mpf_version'====== Args={'value': 'MPF v0.55.0', 'prev_value': None, 'change': True}
2022-10-12 07:56:24,399 : INFO : EventManager : Event: ======'machine_var_mpf_extended_version'====== Args={'value': 'MPF v0.55.0, Config version:5, Show version: 5, BCP version:1.1', 'prev_value': None, 'change': True}
2022-10-12 07:56:24,399 : INFO : EventManager : Event: ======'machine_var_python_version'====== Args={'value': '3.7.8', 'prev_value': None, 'change': True}
2022-10-12 07:56:24,399 : INFO : EventManager : Event: ======'machine_var_platform'====== Args={'value': 'Windows-10-10.0.19041-SP0', 'prev_value': None, 'change': True}
2022-10-12 07:56:24,399 : INFO : EventManager : Event: ======'machine_var_platform_system'====== Args={'value': 'Windows', 'prev_value': None, 'change': True}
2022-10-12 07:56:24,399 : INFO : EventManager : Event: ======'machine_var_platform_release'====== Args={'value': '10', 'prev_value': None, 'change': True}
2022-10-12 07:56:24,399 : INFO : EventManager : Event: ======'machine_var_platform_version'====== Args={'value': '10.0.19041', 'prev_value': None, 'change': True}
2022-10-12 07:56:24,399 : INFO : EventManager : Event: ======'machine_var_platform_machine'====== Args={'value': 'AMD64', 'prev_value': None, 'change': True}
2022-10-12 07:56:24,399 : INFO : EventManager : Event: ======'init_phase_1'====== Args={}
2022-10-12 07:56:24,437 : INFO : EventManager : Event: ======'drop_target_bank_mid_up'====== Args={}
2022-10-12 07:56:24,437 : INFO : EventManager : Event: ======'drop_target_bank_right_up'====== Args={}
2022-10-12 07:56:24,455 : INFO : EventManager : Event: ======'init_phase_2'====== Args={}
2022-10-12 07:56:24,456 : INFO : SwitchController : Found active switch: (('42', 1), <Platform.FAST>) <switch.s_trough_4>
2022-10-12 07:56:24,456 : INFO : SwitchController : Found active switch: (('48', 1), <Platform.FAST>) <switch.s_trough_1>
2022-10-12 07:56:24,456 : INFO : SwitchController : Found active switch: (('49', 1), <Platform.FAST>) <switch.s_trough_jam>
2022-10-12 07:56:24,456 : INFO : SwitchController : Found active switch: (('3C', 1), <Platform.FAST>) <switch.s_eos_right>
2022-10-12 07:56:24,456 : INFO : SwitchController : Found active switch: (('3B', 1), <Platform.FAST>) <switch.s_eos_left>
2022-10-12 07:56:24,463 : INFO : ball_device.bd_trough : BCH: Initial count: 2
2022-10-12 07:56:24,464 : INFO : ball_device.bd_trough : State: idle
2022-10-12 07:56:24,464 : INFO : ball_device.bd_plunger : BCH: Initial count: 0
2022-10-12 07:56:24,465 : INFO : ball_device.bd_plunger : State: idle
2022-10-12 07:56:24,465 : INFO : ball_device.bd_top_vuk : BCH: Initial count: 0
2022-10-12 07:56:24,465 : INFO : ball_device.bd_top_vuk : State: idle
2022-10-12 07:56:24,466 : INFO : ball_device.bd_right_vuk : BCH: Initial count: 0
2022-10-12 07:56:24,466 : INFO : ball_device.bd_right_vuk : State: idle
2022-10-12 07:56:24,466 : INFO : ball_device.bd_bot_vuk : BCH: Initial count: 0
2022-10-12 07:56:24,467 : INFO : ball_device.bd_bot_vuk : State: idle
2022-10-12 07:56:24,502 : INFO : EventManager : Event: ======'init_phase_3'====== Args={}
2022-10-12 07:56:24,556 : INFO : EventManager : Event: ======'init_phase_4'====== Args={}
2022-10-12 07:56:24,557 : INFO : EventManager : Event: ======'playfield_active'====== Args={}
2022-10-12 07:56:24,557 : INFO : EventManager : Event: ======'unexpected_ball_on_playfield'====== Args={}
2022-10-12 07:56:24,557 : INFO : EventManager : Event: ======'playfield_active'====== Args={}
2022-10-12 07:56:24,557 : INFO : EventManager : Event: ======'unexpected_ball_on_playfield'====== Args={}
2022-10-12 07:56:24,557 : INFO : EventManager : Event: ======'playfield_active'====== Args={}
2022-10-12 07:56:24,557 : INFO : EventManager : Event: ======'unexpected_ball_on_playfield'====== Args={}
2022-10-12 07:56:24,557 : INFO : EventManager : Event: ======'playfield_active'====== Args={}
2022-10-12 07:56:24,557 : INFO : EventManager : Event: ======'unexpected_ball_on_playfield'====== Args={}
2022-10-12 07:56:24,557 : INFO : EventManager : Event: ======'playfield_active'====== Args={}
2022-10-12 07:56:24,557 : INFO : EventManager : Event: ======'unexpected_ball_on_playfield'====== Args={}
2022-10-12 07:56:24,557 : INFO : EventManager : Event: ======'playfield_active'====== Args={}
2022-10-12 07:56:24,557 : INFO : EventManager : Event: ======'unexpected_ball_on_playfield'====== Args={}
2022-10-12 07:56:24,558 : INFO : BallController : Initial balls found: 2
2022-10-12 07:56:24,559 : INFO : EventManager : Event: ======'machine_var_audits_events_game_ended'====== Args={'value': 0, 'prev_value': None, 'change': True}
2022-10-12 07:56:24,560 : INFO : EventManager : Event: ======'machine_var_audits_events_game_started'====== Args={'value': 0, 'prev_value': None, 'change': True}
2022-10-12 07:56:24,560 : INFO : EventManager : Event: ======'machine_var_audits_player_score'====== Args={'value': {'average': 0, 'top': [], 'total': 0}, 'prev_value': None, 'change': True}
2022-10-12 07:56:24,560 : INFO : EventManager : Event: ======'machine_var_audits_switches_s_autolauncher'====== Args={'value': 86, 'prev_value': None, 'change': True}
2022-10-12 07:56:24,560 : INFO : EventManager : Event: ======'machine_var_audits_switches_s_back_pop'====== Args={'value': 5, 'prev_value': None, 'change': True}
2022-10-12 07:56:24,560 : INFO : EventManager : Event: ======'machine_var_audits_switches_s_back_rollover'====== Args={'value': 0, 'prev_value': None, 'change': True}
2022-10-12 07:56:24,560 : INFO : EventManager : Event: ======'machine_var_audits_switches_s_back_stationary'====== Args={'value': 0, 'prev_value': None, 'change': True}
2022-10-12 07:56:24,560 : INFO : EventManager : Event: ======'machine_var_audits_switches_s_bot_back'====== Args={'value': 0, 'prev_value': None, 'change': True}
2022-10-12 07:56:24,560 : INFO : EventManager : Event: ======'machine_var_audits_switches_s_bot_big'====== Args={'value': 2, 'prev_value': None, 'change': True}
2022-10-12 07:56:24,561 : INFO : EventManager : Event: ======'machine_var_audits_switches_s_bot_left'====== Args={'value': 0, 'prev_value': None, 'change': True}
2022-10-12 07:56:24,561 : INFO : EventManager : Event: ======'machine_var_audits_switches_s_bot_right'====== Args={'value': 1, 'prev_value': None, 'change': True}
2022-10-12 07:56:24,561 : INFO : EventManager : Event: ======'machine_var_audits_switches_s_bot_rollover'====== Args={'value': 0, 'prev_value': None, 'change': True}
2022-10-12 07:56:24,561 : INFO : EventManager : Event: ======'machine_var_audits_switches_s_bot_vuk'====== Args={'value': 2, 'prev_value': None, 'change': True}
2022-10-12 07:56:24,561 : INFO : EventManager : Event: ======'machine_var_audits_switches_s_drop_mid_left'====== Args={'value': 76, 'prev_value': None, 'change': True}
2022-10-12 07:56:24,561 : INFO : EventManager : Event: ======'machine_var_audits_switches_s_drop_mid_mid'====== Args={'value': 85, 'prev_value': None, 'change': True}
2022-10-12 07:56:24,561 : INFO : EventManager : Event: ======'machine_var_audits_switches_s_drop_mid_right'====== Args={'value': 7, 'prev_value': None, 'change': True}
2022-10-12 07:56:24,562 : INFO : EventManager : Event: ======'machine_var_audits_switches_s_drop_right_left'====== Args={'value': 24, 'prev_value': None, 'change': True}
2022-10-12 07:56:24,562 : INFO : EventManager : Event: ======'machine_var_audits_switches_s_drop_right_right'====== Args={'value': 61, 'prev_value': None, 'change': True}
2022-10-12 07:56:24,562 : INFO : EventManager : Event: ======'machine_var_audits_switches_s_drop_single'====== Args={'value': 41, 'prev_value': None, 'change': True}
2022-10-12 07:56:24,562 : INFO : EventManager : Event: ======'machine_var_audits_switches_s_eos_left'====== Args={'value': 71, 'prev_value': None, 'change': True}
2022-10-12 07:56:24,562 : INFO : EventManager : Event: ======'machine_var_audits_switches_s_eos_left_top'====== Args={'value': 945, 'prev_value': None, 'change': True}
2022-10-12 07:56:24,562 : INFO : EventManager : Event: ======'machine_var_audits_switches_s_eos_right'====== Args={'value': 96, 'prev_value': None, 'change': True}
2022-10-12 07:56:24,563 : INFO : EventManager : Event: ======'machine_var_audits_switches_s_launch'====== Args={'value': 59, 'prev_value': None, 'change': True}
2022-10-12 07:56:24,563 : INFO : EventManager : Event: ======'machine_var_audits_switches_s_left_flipper'====== Args={'value': 1048, 'prev_value': None, 'change': True}
2022-10-12 07:56:24,563 : INFO : EventManager : Event: ======'machine_var_audits_switches_s_left_inlane'====== Args={'value': 25, 'prev_value': None, 'change': True}
2022-10-12 07:56:24,563 : INFO : EventManager : Event: ======'machine_var_audits_switches_s_left_outlane'====== Args={'value': 5, 'prev_value': None, 'change': True}
2022-10-12 07:56:24,563 : INFO : EventManager : Event: ======'machine_var_audits_switches_s_pop_left'====== Args={'value': 165, 'prev_value': None, 'change': True}
2022-10-12 07:56:24,563 : INFO : EventManager : Event: ======'machine_var_audits_switches_s_pop_lower'====== Args={'value': 256, 'prev_value': None, 'change': True}
2022-10-12 07:56:24,564 : INFO : EventManager : Event: ======'machine_var_audits_switches_s_pop_right'====== Args={'value': 341, 'prev_value': None, 'change': True}
2022-10-12 07:56:24,564 : INFO : EventManager : Event: ======'machine_var_audits_switches_s_right_flipper'====== Args={'value': 1014, 'prev_value': None, 'change': True}
2022-10-12 07:56:24,564 : INFO : EventManager : Event: ======'machine_var_audits_switches_s_right_inlane'====== Args={'value': 0, 'prev_value': None, 'change': True}
2022-10-12 07:56:24,564 : INFO : EventManager : Event: ======'machine_var_audits_switches_s_right_outlane'====== Args={'value': 79, 'prev_value': None, 'change': True}
2022-10-12 07:56:24,564 : INFO : EventManager : Event: ======'machine_var_audits_switches_s_rollover_left'====== Args={'value': 71, 'prev_value': None, 'change': True}
2022-10-12 07:56:24,565 : INFO : EventManager : Event: ======'machine_var_audits_switches_s_rollover_right'====== Args={'value': 46, 'prev_value': None, 'change': True}
2022-10-12 07:56:24,565 : INFO : EventManager : Event: ======'machine_var_audits_switches_s_sling_left'====== Args={'value': 42, 'prev_value': None, 'change': True}
2022-10-12 07:56:24,565 : INFO : EventManager : Event: ======'machine_var_audits_switches_s_sling_right'====== Args={'value': 136, 'prev_value': None, 'change': True}
2022-10-12 07:56:24,565 : INFO : EventManager : Event: ======'machine_var_audits_switches_s_start'====== Args={'value': 153, 'prev_value': None, 'change': True}
2022-10-12 07:56:24,565 : INFO : EventManager : Event: ======'machine_var_audits_switches_s_tilt'====== Args={'value': 126, 'prev_value': None, 'change': True}
2022-10-12 07:56:24,566 : INFO : EventManager : Event: ======'machine_var_audits_switches_s_transfer_rollover'====== Args={'value': 3, 'prev_value': None, 'change': True}
2022-10-12 07:56:24,566 : INFO : EventManager : Event: ======'machine_var_audits_switches_s_trough_1'====== Args={'value': 57, 'prev_value': None, 'change': True}
2022-10-12 07:56:24,566 : INFO : EventManager : Event: ======'machine_var_audits_switches_s_trough_2'====== Args={'value': 201, 'prev_value': None, 'change': True}
2022-10-12 07:56:24,566 : INFO : EventManager : Event: ======'machine_var_audits_switches_s_trough_3'====== Args={'value': 103, 'prev_value': None, 'change': True}
2022-10-12 07:56:24,567 : INFO : EventManager : Event: ======'machine_var_audits_switches_s_trough_4'====== Args={'value': 105, 'prev_value': None, 'change': True}
2022-10-12 07:56:24,567 : INFO : EventManager : Event: ======'machine_var_audits_switches_s_trough_5'====== Args={'value': 110, 'prev_value': None, 'change': True}
2022-10-12 07:56:24,567 : INFO : EventManager : Event: ======'machine_var_audits_switches_s_trough_6'====== Args={'value': 187, 'prev_value': None, 'change': True}
2022-10-12 07:56:24,567 : INFO : EventManager : Event: ======'machine_var_audits_switches_s_trough_jam'====== Args={'value': 108, 'prev_value': None, 'change': True}
2022-10-12 07:56:24,567 : INFO : EventManager : Event: ======'machine_var_audits_switches_s_upper_drop'====== Args={'value': 0, 'prev_value': None, 'change': True}
2022-10-12 07:56:24,568 : INFO : EventManager : Event: ======'machine_var_audits_switches_s_upper_rollover'====== Args={'value': 10, 'prev_value': None, 'change': True}
2022-10-12 07:56:24,568 : INFO : EventManager : Event: ======'machine_var_audits_switches_s_upper_stationary'====== Args={'value': 12, 'prev_value': None, 'change': True}
2022-10-12 07:56:24,568 : INFO : EventManager : Event: ======'machine_var_audits_switches_s_vuk_back'====== Args={'value': 1, 'prev_value': None, 'change': True}
2022-10-12 07:56:24,568 : INFO : EventManager : Event: ======'machine_var_audits_switches_s_vuk_right'====== Args={'value': 3, 'prev_value': None, 'change': True}
2022-10-12 07:56:24,569 : INFO : EventManager : Event: ======'machine_var_audits_switches_s_vuk_top'====== Args={'value': 29, 'prev_value': None, 'change': True}
2022-10-12 07:56:24,570 : INFO : EventManager : Event: ======'init_phase_5'====== Args={}
2022-10-12 07:56:24,623 : INFO : EventManager : Event: ======'init_done'====== Args={}
2022-10-12 07:56:24,623 : INFO : SwitchController : <<<<<<< 's_right_flipper' active >>>>>>>
2022-10-12 07:56:24,623 : INFO : SwitchController : <<<<<<< 's_right_flipper' inactive >>>>>>>
2022-10-12 07:56:24,624 : INFO : EventManager : Event: ======'machine_reset_phase_1'====== Args={}
2022-10-12 07:56:24,626 : INFO : EventManager : Event: ======'machine_reset_phase_2'====== Args={}
2022-10-12 07:56:24,627 : INFO : EventManager : Event: ======'machine_reset_phase_3'====== Args={}
2022-10-12 07:56:24,627 : INFO : EventManager : Event: ======'mode_tilt_will_start'====== Args={'queue': <QueuedEvent>}
2022-10-12 07:56:24,628 : INFO : EventManager : Event: ======'mode_tilt_starting'====== Args={'queue': <QueuedEvent>}
2022-10-12 07:56:24,628 : INFO : drop_target_bank.mid : All targets are already up. Will not reset bank.
2022-10-12 07:56:24,628 : INFO : drop_target_bank.right : All targets are already up. Will not reset bank.
2022-10-12 07:56:24,629 : INFO : Mode.tilt : Started. Priority: 1000000
2022-10-12 07:56:24,629 : INFO : EventManager : Event: ======'modes_active_modes_changed'====== Args={}
2022-10-12 07:56:24,629 : INFO : EventManager : Event: ======'mode_tilt_started'====== Args={'queue': <QueuedEvent>}
2022-10-12 07:56:24,629 : INFO : EventManager : Event: ======'reset_complete'====== Args={}
2022-10-12 07:56:24,630 : INFO : EventManager : Event: ======'mode_attract_will_start'====== Args={}
2022-10-12 07:56:24,630 : INFO : EventManager : Event: ======'mode_attract_starting'====== Args={}
2022-10-12 07:56:24,630 : INFO : Mode.attract : Started. Priority: 10
2022-10-12 07:56:24,630 : INFO : EventManager : Event: ======'modes_active_modes_changed'====== Args={}
2022-10-12 07:56:24,630 : INFO : EventManager : Event: ======'mode_attract_started'====== Args={}
2022-10-12 07:56:24,631 : INFO : EventManager : Event: ======'collecting_balls_complete'====== Args={}
2022-10-12 07:56:24,666 : INFO : Machine : Starting the main run loop.
2022-10-12 07:56:24,881 : INFO : BcpServer : New client connected.
2022-10-12 07:56:25,447 : INFO : SwitchController : <<<<<<< 's_right_flipper' active >>>>>>>
2022-10-12 07:56:25,606 : INFO : SwitchController : <<<<<<< 's_right_flipper' inactive >>>>>>>
2022-10-12 07:56:25,626 : INFO : SwitchController : <<<<<<< 's_right_flipper' active >>>>>>>
2022-10-12 07:56:25,630 : INFO : SwitchController : <<<<<<< 's_right_flipper' inactive >>>>>>>
2022-10-12 07:56:25,907 : INFO : SwitchController : <<<<<<< 's_right_flipper' active >>>>>>>
2022-10-12 07:56:26,110 : INFO : SwitchController : <<<<<<< 's_right_flipper' inactive >>>>>>>
2022-10-12 07:56:26,551 : INFO : SwitchController : <<<<<<< 's_right_flipper' active >>>>>>>
2022-10-12 07:56:26,898 : INFO : SwitchController : <<<<<<< 's_right_flipper' inactive >>>>>>>
2022-10-12 07:56:27,374 : INFO : SwitchController : <<<<<<< 's_right_flipper' active >>>>>>>
2022-10-12 07:56:27,549 : INFO : SwitchController : <<<<<<< 's_right_flipper' inactive >>>>>>>
2022-10-12 07:56:27,974 : INFO : SwitchController : <<<<<<< 's_right_flipper' active >>>>>>>
2022-10-12 07:56:29,050 : INFO : SwitchController : <<<<<<< 's_right_flipper' inactive >>>>>>>
2022-10-12 07:56:29,732 : INFO : SwitchController : <<<<<<< 's_left_flipper' active >>>>>>>
2022-10-12 07:56:29,763 : INFO : SwitchController : <<<<<<< 's_eos_left_top' active >>>>>>>
2022-10-12 07:56:30,677 : INFO : SwitchController : <<<<<<< 's_left_flipper' inactive >>>>>>>
2022-10-12 07:56:30,773 : INFO : SwitchController : <<<<<<< 's_eos_left_top' inactive >>>>>>>
2022-10-12 07:56:31,248 : INFO : SwitchController : <<<<<<< 's_left_flipper' active >>>>>>>
2022-10-12 07:56:31,268 : INFO : SwitchController : <<<<<<< 's_eos_left_top' active >>>>>>>
2022-10-12 07:56:31,468 : INFO : SwitchController : <<<<<<< 's_left_flipper' inactive >>>>>>>
2022-10-12 07:56:31,579 : INFO : SwitchController : <<<<<<< 's_eos_left_top' inactive >>>>>>>
2022-10-12 07:56:31,661 : INFO : SwitchController : <<<<<<< 's_right_flipper' active >>>>>>>
2022-10-12 07:56:31,786 : INFO : SwitchController : <<<<<<< 's_right_flipper' inactive >>>>>>>
2022-10-12 07:56:32,085 : INFO : SwitchController : <<<<<<< 's_right_flipper' active >>>>>>>
2022-10-12 07:56:32,525 : INFO : SwitchController : <<<<<<< 's_right_flipper' inactive >>>>>>>
2022-10-12 07:56:33,014 : INFO : SwitchController : <<<<<<< 's_right_flipper' active >>>>>>>
2022-10-12 07:56:33,171 : INFO : SwitchController : <<<<<<< 's_right_flipper' inactive >>>>>>>
2022-10-12 07:56:33,392 : INFO : SwitchController : <<<<<<< 's_right_flipper' active >>>>>>>
2022-10-12 07:56:33,534 : INFO : SwitchController : <<<<<<< 's_right_flipper' inactive >>>>>>>
2022-10-12 07:56:33,800 : INFO : SwitchController : <<<<<<< 's_right_flipper' active >>>>>>>
2022-10-12 07:56:33,961 : INFO : SwitchController : <<<<<<< 's_right_flipper' inactive >>>>>>>
2022-10-12 07:56:34,150 : INFO : SwitchController : <<<<<<< 's_right_flipper' active >>>>>>>
2022-10-12 07:56:34,246 : INFO : SwitchController : <<<<<<< 's_right_flipper' inactive >>>>>>>
2022-10-12 07:56:34,370 : INFO : SwitchController : <<<<<<< 's_right_flipper' active >>>>>>>
2022-10-12 07:56:34,481 : INFO : SwitchController : <<<<<<< 's_right_flipper' inactive >>>>>>>
2022-10-12 07:56:34,500 : INFO : SwitchController : <<<<<<< 's_right_flipper' active >>>>>>>
2022-10-12 07:56:34,500 : INFO : SwitchController : <<<<<<< 's_right_flipper' inactive >>>>>>>
2022-10-12 07:56:34,576 : INFO : SwitchController : <<<<<<< 's_right_flipper' active >>>>>>>
2022-10-12 07:56:34,670 : INFO : SwitchController : <<<<<<< 's_right_flipper' inactive >>>>>>>
2022-10-12 07:56:34,671 : INFO : SwitchController : <<<<<<< 's_right_flipper' active >>>>>>>
2022-10-12 07:56:34,688 : INFO : SwitchController : <<<<<<< 's_right_flipper' inactive >>>>>>>
2022-10-12 07:56:34,689 : INFO : SwitchController : <<<<<<< 's_right_flipper' active >>>>>>>
2022-10-12 07:56:34,689 : INFO : SwitchController : <<<<<<< 's_right_flipper' inactive >>>>>>>
2022-10-12 07:56:34,707 : INFO : SwitchController : <<<<<<< 's_right_flipper' active >>>>>>>
2022-10-12 07:56:34,707 : INFO : SwitchController : <<<<<<< 's_right_flipper' inactive >>>>>>>
2022-10-12 07:56:34,734 : INFO : SwitchController : <<<<<<< 's_right_flipper' active >>>>>>>
2022-10-12 07:56:34,783 : INFO : SwitchController : <<<<<<< 's_right_flipper' inactive >>>>>>>
2022-10-12 07:56:34,784 : INFO : SwitchController : <<<<<<< 's_right_flipper' active >>>>>>>
2022-10-12 07:56:34,800 : INFO : SwitchController : <<<<<<< 's_right_flipper' inactive >>>>>>>
2022-10-12 07:56:34,813 : INFO : SwitchController : <<<<<<< 's_right_flipper' active >>>>>>>
2022-10-12 07:56:34,845 : INFO : SwitchController : <<<<<<< 's_right_flipper' inactive >>>>>>>
2022-10-12 07:56:34,864 : INFO : SwitchController : <<<<<<< 's_right_flipper' active >>>>>>>
2022-10-12 07:56:34,865 : INFO : SwitchController : <<<<<<< 's_right_flipper' inactive >>>>>>>
2022-10-12 07:56:34,879 : INFO : SwitchController : <<<<<<< 's_right_flipper' active >>>>>>>
2022-10-12 07:56:34,880 : INFO : SwitchController : <<<<<<< 's_right_flipper' inactive >>>>>>>
2022-10-12 07:56:34,924 : INFO : SwitchController : <<<<<<< 's_right_flipper' active >>>>>>>
2022-10-12 07:56:34,925 : INFO : SwitchController : <<<<<<< 's_right_flipper' inactive >>>>>>>
2022-10-12 07:56:34,958 : INFO : SwitchController : <<<<<<< 's_right_flipper' active >>>>>>>
2022-10-12 07:56:34,959 : INFO : SwitchController : <<<<<<< 's_right_flipper' inactive >>>>>>>
2022-10-12 07:56:35,018 : INFO : SwitchController : <<<<<<< 's_right_flipper' active >>>>>>>
2022-10-12 07:56:35,019 : INFO : SwitchController : <<<<<<< 's_right_flipper' inactive >>>>>>>
2022-10-12 07:56:35,019 : INFO : SwitchController : <<<<<<< 's_right_flipper' active >>>>>>>
2022-10-12 07:56:35,036 : INFO : SwitchController : <<<<<<< 's_right_flipper' inactive >>>>>>>
2022-10-12 07:56:35,037 : INFO : SwitchController : <<<<<<< 's_right_flipper' active >>>>>>>
2022-10-12 07:56:35,063 : INFO : SwitchController : <<<<<<< 's_right_flipper' inactive >>>>>>>
2022-10-12 07:56:35,064 : INFO : SwitchController : <<<<<<< 's_right_flipper' active >>>>>>>
2022-10-12 07:56:35,082 : INFO : SwitchController : <<<<<<< 's_right_flipper' inactive >>>>>>>
2022-10-12 07:56:35,083 : INFO : SwitchController : <<<<<<< 's_right_flipper' active >>>>>>>
2022-10-12 07:56:35,097 : INFO : SwitchController : <<<<<<< 's_left_flipper' active >>>>>>>
2022-10-12 07:56:35,097 : INFO : EventManager : Event: ======'flipper_cancel'====== Args={'triggering_group': 1, 'triggering_switch': 's_left_flipper'}
2022-10-12 07:56:35,098 : INFO : SwitchController : <<<<<<< 's_right_flipper' inactive >>>>>>>
2022-10-12 07:56:35,098 : INFO : EventManager : Event: ======'both_flippers_one'====== Args={'triggering_group': 2, 'triggering_switch': 's_right_flipper'}
2022-10-12 07:56:35,111 : INFO : SwitchController : <<<<<<< 's_right_flipper' active >>>>>>>
2022-10-12 07:56:35,111 : INFO : EventManager : Event: ======'flipper_cancel'====== Args={'triggering_group': 2, 'triggering_switch': 's_right_flipper'}
2022-10-12 07:56:35,112 : INFO : SwitchController : <<<<<<< 's_eos_left_top' active >>>>>>>
2022-10-12 07:56:35,112 : INFO : SwitchController : <<<<<<< 's_right_flipper' inactive >>>>>>>
2022-10-12 07:56:35,112 : INFO : EventManager : Event: ======'both_flippers_one'====== Args={'triggering_group': 2, 'triggering_switch': 's_right_flipper'}
2022-10-12 07:56:35,254 : INFO : SwitchController : <<<<<<< 's_left_flipper' inactive >>>>>>>
2022-10-12 07:56:35,254 : INFO : EventManager : Event: ======'both_flippers_inactive'====== Args={'triggering_group': 1, 'triggering_switch': 's_left_flipper'}
2022-10-12 07:56:35,366 : INFO : SwitchController : <<<<<<< 's_eos_left_top' inactive >>>>>>>
2022-10-12 07:56:35,697 : INFO : SwitchController : <<<<<<< 's_right_flipper' active >>>>>>>
2022-10-12 07:56:35,854 : INFO : SwitchController : <<<<<<< 's_right_flipper' inactive >>>>>>>
2022-10-12 07:56:36,265 : INFO : SwitchController : <<<<<<< 's_right_flipper' active >>>>>>>
2022-10-12 07:56:36,359 : INFO : SwitchController : <<<<<<< 's_right_flipper' inactive >>>>>>>
2022-10-12 07:56:36,591 : INFO : SwitchController : <<<<<<< 's_right_flipper' active >>>>>>>
2022-10-12 07:56:36,938 : INFO : SwitchController : <<<<<<< 's_right_flipper' inactive >>>>>>>
2022-10-12 07:56:37,683 : INFO : SwitchController : <<<<<<< 's_right_flipper' active >>>>>>>
2022-10-12 07:56:37,793 : INFO : SwitchController : <<<<<<< 's_right_flipper' inactive >>>>>>>
2022-10-12 07:56:38,109 : INFO : SwitchController : <<<<<<< 's_right_flipper' active >>>>>>>
2022-10-12 07:56:38,474 : INFO : SwitchController : <<<<<<< 's_right_flipper' inactive >>>>>>>
2022-10-12 07:56:38,887 : INFO : SwitchController : <<<<<<< 's_right_flipper' active >>>>>>>
2022-10-12 07:56:38,996 : INFO : SwitchController : <<<<<<< 's_right_flipper' inactive >>>>>>>
2022-10-12 07:56:39,153 : INFO : SwitchController : <<<<<<< 's_right_flipper' active >>>>>>>
2022-10-12 07:56:39,263 : INFO : SwitchController : <<<<<<< 's_right_flipper' inactive >>>>>>>
2022-10-12 07:56:48,500 : INFO : SwitchController : <<<<<<< 's_right_flipper' active >>>>>>>
2022-10-12 07:56:49,556 : INFO : SwitchController : <<<<<<< 's_right_flipper' inactive >>>>>>>
2022-10-12 07:56:57,816 : INFO : SwitchController : <<<<<<< 's_right_flipper' active >>>>>>>
2022-10-12 07:56:59,567 : INFO : SwitchController : <<<<<<< 's_right_flipper' inactive >>>>>>>
2022-10-12 07:57:11,427 : INFO : SwitchController : <<<<<<< 's_right_flipper' active >>>>>>>
2022-10-12 07:57:11,428 : INFO : SwitchController : <<<<<<< 's_right_flipper' inactive >>>>>>>
2022-10-12 07:57:11,617 : INFO : SwitchController : <<<<<<< 's_right_flipper' active >>>>>>>
2022-10-12 07:57:13,658 : INFO : SwitchController : <<<<<<< 's_right_flipper' inactive >>>>>>>
2022-10-12 07:57:14,668 : INFO : SwitchController : <<<<<<< 's_right_flipper' active >>>>>>>
2022-10-12 07:57:14,791 : INFO : SwitchController : <<<<<<< 's_right_flipper' inactive >>>>>>>
2022-10-12 07:57:30,971 : INFO : SwitchController : <<<<<<< 's_start' active >>>>>>>
2022-10-12 07:57:31,132 : INFO : SwitchController : <<<<<<< 's_start' inactive >>>>>>>
2022-10-12 07:57:31,132 : INFO : EventManager : Event: ======'request_to_start_game'====== Args={}
2022-10-12 07:57:31,133 : INFO : EventManager : Event: ======'game_start'====== Args={'buttons': [], 'hold_time': 0.15700000000651926}
2022-10-12 07:57:31,133 : INFO : EventManager : Event: ======'mode_game_will_start'====== Args={'buttons': [], 'hold_time': 0.15700000000651926}
2022-10-12 07:57:31,134 : INFO : EventManager : Event: ======'mode_game_starting'====== Args={'buttons': [], 'hold_time': 0.15700000000651926}
2022-10-12 07:57:31,134 : INFO : EventManager : Event: ======'mode_attract_will_stop'====== Args={}
2022-10-12 07:57:31,134 : INFO : EventManager : Event: ======'mode_attract_stopping'====== Args={}
2022-10-12 07:57:31,134 : INFO : Mode.attract : Stopped.
2022-10-12 07:57:31,134 : INFO : EventManager : Event: ======'modes_active_modes_changed'====== Args={}
2022-10-12 07:57:31,135 : INFO : EventManager : Event: ======'mode_attract_stopped'====== Args={}
2022-10-12 07:57:31,135 : INFO : EventManager : Event: ======'clear'====== Args={'key': 'attract'}
2022-10-12 07:57:31,136 : INFO : Mode.game : Started. Priority: 20
2022-10-12 07:57:31,136 : INFO : EventManager : Event: ======'modes_active_modes_changed'====== Args={}
2022-10-12 07:57:31,136 : INFO : EventManager : Event: ======'mode_game_started'====== Args={'buttons': [], 'hold_time': 0.15700000000651926}
2022-10-12 07:57:31,141 : INFO : EventManager : Event: ======'game_will_start'====== Args={}
2022-10-12 07:57:31,143 : INFO : EventManager : Event: ======'game_starting'====== Args={'game': <Mode.game>}
2022-10-12 07:57:31,143 : INFO : EventManager : Event: ======'player_add_request'====== Args={}
2022-10-12 07:57:31,144 : INFO : EventManager : Event: ======'player_will_add'====== Args={'number': 1}
2022-10-12 07:57:31,144 : INFO : EventManager : Event: ======'player_adding'====== Args={'player': <Player 1>, 'number': 1}
2022-10-12 07:57:31,144 : INFO : EventManager : Event: ======'player_added'====== Args={'player': <Player 1>, 'num': 1}
2022-10-12 07:57:31,145 : INFO : Mode.game : Player added successfully. Total players: 1
2022-10-12 07:57:31,145 : INFO : EventManager : Event: ======'player_index'====== Args={'value': 0, 'prev_value': 0, 'change': 0, 'player_num': 1}
2022-10-12 07:57:31,145 : INFO : EventManager : Event: ======'player_number'====== Args={'value': 1, 'prev_value': 1, 'change': 0, 'player_num': 1}
2022-10-12 07:57:31,145 : INFO : EventManager : Event: ======'player_score'====== Args={'value': 0, 'prev_value': 0, 'change': 0, 'player_num': 1}
2022-10-12 07:57:31,146 : INFO : EventManager : Event: ======'game_started'====== Args={}
2022-10-12 07:57:31,158 : INFO : EventManager : Event: ======'player_turn_will_start'====== Args={'player': <Player 1>, 'number': 1}
2022-10-12 07:57:31,159 : INFO : EventManager : Event: ======'player_turn_starting'====== Args={'player': <Player 1>, 'number': 1}
2022-10-12 07:57:31,160 : INFO : EventManager : Event: ======'player_ball'====== Args={'value': 1, 'prev_value': 0, 'change': 1, 'player_num': 1}
2022-10-12 07:57:31,160 : INFO : EventManager : Event: ======'player_turn_started'====== Args={'player': <Player 1>, 'number': 1}
2022-10-12 07:57:31,161 : INFO : EventManager : Event: ======'ball_will_start'====== Args={'player': 1, 'ball': 1, 'balls_remaining': 2, 'is_extra_ball': False}
2022-10-12 07:57:31,164 : INFO : EventManager : Event: ======'ball_starting'====== Args={'player': 1, 'ball': 1, 'balls_remaining': 2, 'is_extra_ball': False}
2022-10-12 07:57:31,165 : INFO : EventManager : Event: ======'mode_base_will_start'====== Args={'queue': <QueuedEvent>, 'player': 1, 'ball': 1, 'balls_remaining': 2, 'is_extra_ball': False}
2022-10-12 07:57:31,165 : INFO : EventManager : Event: ======'mode_base_starting'====== Args={'queue': <QueuedEvent>, 'player': 1, 'ball': 1, 'balls_remaining': 2, 'is_extra_ball': False}
2022-10-12 07:57:31,165 : INFO : drop_target_bank.mid : All targets are already up. Will not reset bank.
2022-10-12 07:57:31,165 : INFO : drop_target_bank.right : All targets are already up. Will not reset bank.
2022-10-12 07:57:31,166 : INFO : Mode.base : Started. Priority: 100
2022-10-12 07:57:31,166 : INFO : EventManager : Event: ======'modes_active_modes_changed'====== Args={}
2022-10-12 07:57:31,166 : INFO : EventManager : Event: ======'mode_base_started'====== Args={'queue': <QueuedEvent>, 'player': 1, 'ball': 1, 'balls_remaining': 2, 'is_extra_ball': False}
2022-10-12 07:57:31,167 : INFO : EventManager : Event: ======'balls_in_play'====== Args={'balls': 1}
2022-10-12 07:57:31,167 : INFO : EventManager : Event: ======'ball_started'====== Args={'player': 1, 'ball': 1, 'balls_remaining': 2, 'is_extra_ball': False}
2022-10-12 07:57:31,185 : INFO : EventManager : Event: ======'single_player_ball_started'====== Args={}
2022-10-12 07:57:31,186 : INFO : EventManager : Event: ======'ball_start_target'====== Args={'target': 'playfield'}
2022-10-12 07:57:31,186 : INFO : ball_device.bd_plunger : Setting up player-controlled eject. Balls: 1, Target: <playfield.playfield>, player_controlled_eject_event: s_launch_active
2022-10-12 07:57:31,187 : INFO : EventManager : Event: ======'balldevice_balls_available'====== Args={}
2022-10-12 07:57:31,188 : INFO : ball_device.bd_trough : State: waiting_for_target_ready
2022-10-12 07:57:31,188 : INFO : EventManager : Event: ======'balldevice_bd_trough_ball_eject_attempt'====== Args={'balls': 1, 'target': <ball_device.bd_plunger>, 'source': <ball_device.bd_trough>, 'mechanical_eject': True, 'num_attempts': 0}
2022-10-12 07:57:31,188 : INFO : ball_device.bd_plunger : State: waiting_for_ball
2022-10-12 07:57:31,188 : INFO : ball_device.bd_top_vuk : State: waiting_for_ball
2022-10-12 07:57:31,189 : INFO : ball_device.bd_trough : State: ejecting
2022-10-12 07:57:31,189 : INFO : ball_device.bd_trough : Ejecting ball to <ball_device.bd_plunger>
2022-10-12 07:57:31,189 : INFO : EventManager : Event: ======'balldevice_bd_trough_ejecting_ball'====== Args={'balls': 1, 'target': <ball_device.bd_plunger>, 'source': <ball_device.bd_trough>, 'mechanical_eject': True, 'num_attempts': 0}
2022-10-12 07:57:31,190 : INFO : ball_device.bd_trough : Wait for ball to leave device
2022-10-12 07:57:31,190 : INFO : coil.c_trough : Pulsing Driver for 30ms (0.9 pulse_power)
2022-10-12 07:57:31,657 : INFO : SwitchController : <<<<<<< 's_autolauncher' active >>>>>>>
2022-10-12 07:57:31,657 : INFO : EventManager : Event: ======'machine_var_audits_switches_s_autolauncher'====== Args={'value': 87, 'prev_value': 86, 'change': 1}
2022-10-12 07:57:32,158 : INFO : ball_device.bd_plunger : Received unexpected ball
2022-10-12 07:57:32,158 : INFO : EventManager : Event: ======'balldevice_captured_from_playfield'====== Args={'balls': 1}
2022-10-12 07:57:32,159 : INFO : EventManager : Event: ======'sw_playfield_active'====== Args={'balls': 1}
2022-10-12 07:57:32,159 : INFO : EventManager : Event: ======'playfield_active'====== Args={}
2022-10-12 07:57:32,159 : INFO : EventManager : Event: ======'unexpected_ball_on_playfield'====== Args={}
2022-10-12 07:57:32,159 : INFO : EventManager : Event: ======'playfield_ball_count_change'====== Args={'balls': -1, 'change': -1}
2022-10-12 07:57:32,160 : INFO : EventManager : Event: ======'balldevice_playfield_ball_enter'====== Args={'new_balls': 1, 'unclaimed_balls': 1, 'device': <playfield.playfield>}
2022-10-12 07:57:32,160 : INFO : EventManager : Event: ======'playfield_ball_count_change'====== Args={'balls': 0, 'change': 1}
2022-10-12 07:57:32,161 : INFO : BallController : Found a new ball which was captured from playfield. Known balls: 3
2022-10-12 07:57:32,161 : INFO : EventManager : Event: ======'found_new_ball'====== Args={}
2022-10-12 07:57:32,161 : INFO : EventManager : Event: ======'balldevice_bd_plunger_ball_enter'====== Args={'new_balls': 1, 'unclaimed_balls': 1, 'new_available_balls': 1, 'device': <ball_device.bd_plunger>}
2022-10-12 07:57:32,161 : INFO : ball_device.bd_plunger : Ejecting 1 unexpected balls using path deque([<ball_device.bd_plunger>, <ball_device.bd_top_vuk>, <playfield.playfield>])
2022-10-12 07:57:32,162 : INFO : EventManager : Event: ======'balldevice_balls_available'====== Args={}
2022-10-12 07:57:32,162 : INFO : EventManager : Event: ======'balldevice_balls_available'====== Args={}
2022-10-12 07:57:32,162 : INFO : EventManager : Event: ======'balldevice_bd_plunger_ball_entered'====== Args={'new_balls': 1, 'device': <ball_device.bd_plunger>}
2022-10-12 07:57:32,162 : INFO : EventManager : Event: ======'balldevice_bd_plunger_ball_count_changed'====== Args={'balls': 1}
2022-10-12 07:57:32,163 : INFO : ball_device.bd_plunger : State: waiting_for_target_ready
2022-10-12 07:57:32,163 : INFO : EventManager : Event: ======'balldevice_bd_plunger_ball_eject_attempt'====== Args={'balls': 1, 'target': <ball_device.bd_top_vuk>, 'source': <ball_device.bd_plunger>, 'mechanical_eject': True, 'num_attempts': 0}
2022-10-12 07:57:32,163 : INFO : ball_device.bd_plunger : State: ejecting
2022-10-12 07:57:32,163 : INFO : ball_device.bd_plunger : Ejecting ball to <ball_device.bd_top_vuk>
2022-10-12 07:57:32,163 : INFO : EventManager : Event: ======'balldevice_bd_plunger_ejecting_ball'====== Args={'balls': 1, 'target': <ball_device.bd_top_vuk>, 'source': <ball_device.bd_plunger>, 'mechanical_eject': True, 'num_attempts': 0}
2022-10-12 07:57:32,164 : INFO : ball_device.bd_plunger : Wait for ball to leave device
2022-10-12 07:57:35,149 : INFO : SwitchController : <<<<<<< 's_autolauncher' inactive >>>>>>>
2022-10-12 07:57:35,153 : INFO : ball_device.bd_plunger : State: ball_left
2022-10-12 07:57:35,154 : INFO : ball_device.bd_plunger : Ball left
2022-10-12 07:57:35,154 : INFO : ball_device.bd_plunger : Wait for confirm with timeout 2.0
2022-10-12 07:57:36,797 : INFO : SwitchController : <<<<<<< 's_right_flipper' active >>>>>>>
2022-10-12 07:57:36,797 : INFO : EventManager : Event: ======'machine_var_audits_switches_s_right_flipper'====== Args={'value': 1015, 'prev_value': 1014, 'change': 1}
2022-10-12 07:57:36,813 : INFO : SwitchController : <<<<<<< 's_right_flipper' inactive >>>>>>>
2022-10-12 07:57:36,861 : INFO : SwitchController : <<<<<<< 's_right_flipper' active >>>>>>>
2022-10-12 07:57:36,861 : INFO : EventManager : Event: ======'machine_var_audits_switches_s_right_flipper'====== Args={'value': 1016, 'prev_value': 1015, 'change': 1}
2022-10-12 07:57:36,862 : INFO : SwitchController : <<<<<<< 's_right_flipper' inactive >>>>>>>
2022-10-12 07:57:36,877 : INFO : SwitchController : <<<<<<< 's_right_flipper' active >>>>>>>
2022-10-12 07:57:36,877 : INFO : EventManager : Event: ======'machine_var_audits_switches_s_right_flipper'====== Args={'value': 1017, 'prev_value': 1016, 'change': 1}
2022-10-12 07:57:37,004 : INFO : SwitchController : <<<<<<< 's_right_flipper' inactive >>>>>>>
2022-10-12 07:57:37,163 : INFO : ball_device.bd_plunger : State: failed_confirm
2022-10-12 07:57:37,163 : INFO : ball_device.bd_plunger : Got timeout (2.0s) before confirm from <ball_device.bd_top_vuk>
2022-10-12 07:57:37,448 : INFO : SwitchController : <<<<<<< 's_right_flipper' active >>>>>>>
2022-10-12 07:57:37,448 : INFO : EventManager : Event: ======'machine_var_audits_switches_s_right_flipper'====== Args={'value': 1018, 'prev_value': 1017, 'change': 1}
2022-10-12 07:57:37,969 : INFO : SwitchController : <<<<<<< 's_right_flipper' inactive >>>>>>>
2022-10-12 07:57:39,217 : INFO : SwitchController : <<<<<<< 's_right_flipper' active >>>>>>>
2022-10-12 07:57:39,217 : INFO : EventManager : Event: ======'machine_var_audits_switches_s_right_flipper'====== Args={'value': 1019, 'prev_value': 1018, 'change': 1}
2022-10-12 07:57:41,162 : INFO : SwitchController : <<<<<<< 's_right_flipper' inactive >>>>>>>
2022-10-12 07:57:41,194 : INFO : EventManager : Event: ======'balldevice_bd_trough_ball_eject_failed'====== Args={'target': <ball_device.bd_plunger>, 'balls': 1, 'retry': True, 'num_attempts': 1}
2022-10-12 07:57:41,195 : INFO : ball_device.bd_trough : State: waiting_for_target_ready
2022-10-12 07:57:41,195 : INFO : EventManager : Event: ======'balldevice_bd_trough_ball_eject_attempt'====== Args={'balls': 1, 'target': <ball_device.bd_plunger>, 'source': <ball_device.bd_trough>, 'mechanical_eject': True, 'num_attempts': 1}
2022-10-12 07:57:41,369 : INFO : SwitchController : <<<<<<< 's_right_flipper' active >>>>>>>
2022-10-12 07:57:41,369 : INFO : EventManager : Event: ======'machine_var_audits_switches_s_right_flipper'====== Args={'value': 1020, 'prev_value': 1019, 'change': 1}
2022-10-12 07:57:41,718 : INFO : SwitchController : <<<<<<< 's_right_flipper' inactive >>>>>>>
2022-10-12 07:57:44,627 : INFO : SwitchController : <<<<<<< 's_right_flipper' active >>>>>>>
2022-10-12 07:57:44,627 : INFO : EventManager : Event: ======'machine_var_audits_switches_s_right_flipper'====== Args={'value': 1021, 'prev_value': 1020, 'change': 1}
2022-10-12 07:57:45,433 : INFO : SwitchController : <<<<<<< 's_right_flipper' inactive >>>>>>>
2022-10-12 07:57:45,659 : INFO : SwitchController : <<<<<<< 's_right_flipper' active >>>>>>>
2022-10-12 07:57:45,659 : INFO : EventManager : Event: ======'machine_var_audits_switches_s_right_flipper'====== Args={'value': 1022, 'prev_value': 1021, 'change': 1}
2022-10-12 07:57:47,126 : INFO : SwitchController : <<<<<<< 's_right_flipper' inactive >>>>>>>
2022-10-12 07:57:47,313 : INFO : SwitchController : <<<<<<< 's_right_flipper' active >>>>>>>
2022-10-12 07:57:47,313 : INFO : EventManager : Event: ======'machine_var_audits_switches_s_right_flipper'====== Args={'value': 1023, 'prev_value': 1022, 'change': 1}
2022-10-12 07:57:47,674 : INFO : SwitchController : <<<<<<< 's_right_flipper' inactive >>>>>>>
2022-10-12 07:57:47,752 : INFO : SwitchController : <<<<<<< 's_back_pop' active >>>>>>>
2022-10-12 07:57:47,752 : INFO : EventManager : Event: ======'playfield_active'====== Args={}
2022-10-12 07:57:47,753 : INFO : EventManager : Event: ======'unexpected_ball_on_playfield'====== Args={}
2022-10-12 07:57:47,753 : INFO : EventManager : Event: ======'machine_var_audits_switches_s_back_pop'====== Args={'value': 6, 'prev_value': 5, 'change': 1}
2022-10-12 07:57:47,768 : INFO : SwitchController : <<<<<<< 's_back_pop' inactive >>>>>>>
2022-10-12 07:57:48,626 : INFO : SwitchController : <<<<<<< 's_pop_left' active >>>>>>>
2022-10-12 07:57:48,626 : INFO : EventManager : Event: ======'playfield_active'====== Args={}
2022-10-12 07:57:48,627 : INFO : EventManager : Event: ======'unexpected_ball_on_playfield'====== Args={}
2022-10-12 07:57:48,627 : INFO : EventManager : Event: ======'machine_var_audits_switches_s_pop_left'====== Args={'value': 166, 'prev_value': 165, 'change': 1}
2022-10-12 07:57:48,632 : INFO : SwitchController : <<<<<<< 's_pop_left' inactive >>>>>>>
2022-10-12 07:57:49,506 : INFO : SwitchController : <<<<<<< 's_left_inlane' active >>>>>>>
2022-10-12 07:57:49,506 : INFO : EventManager : Event: ======'sw_playfield_active'====== Args={}
2022-10-12 07:57:49,507 : INFO : EventManager : Event: ======'machine_var_audits_switches_s_left_inlane'====== Args={'value': 26, 'prev_value': 25, 'change': 1}
2022-10-12 07:57:49,507 : INFO : EventManager : Event: ======'playfield_active'====== Args={}
2022-10-12 07:57:49,507 : INFO : EventManager : Event: ======'unexpected_ball_on_playfield'====== Args={}
2022-10-12 07:57:49,512 : INFO : SwitchController : <<<<<<< 's_left_inlane' inactive >>>>>>>
2022-10-12 07:57:57,159 : INFO : EventManager : Event: ======'balldevice_bd_plunger_ball_eject_failed'====== Args={'target': <ball_device.bd_top_vuk>, 'balls': 1, 'retry': True, 'num_attempts': 0}
2022-10-12 07:57:57,160 : WARNING : ball_device.bd_plunger : Path to <ball_device.bd_top_vuk> canceled. Assuming the ball jumped to <playfield.playfield>.
2022-10-12 07:57:57,160 : INFO : EventManager : Event: ======'balldevice_playfield_ball_enter'====== Args={'new_balls': 1, 'unclaimed_balls': 1, 'device': <playfield.playfield>}
2022-10-12 07:57:57,160 : INFO : EventManager : Event: ======'playfield_ball_count_change'====== Args={'balls': 1, 'change': 1}
2022-10-12 07:57:57,160 : INFO : ball_device.bd_plunger : 1 ball(s) missing from device. Mechanical eject? False
2022-10-12 07:57:57,161 : INFO : EventManager : Event: ======'balldevice_bd_plunger_ball_missing'====== Args={'balls': 1}
2022-10-12 07:57:57,161 : INFO : ball_device.bd_top_vuk : State: idle
2022-10-12 07:57:57,161 : INFO : EventManager : Event: ======'balldevice_ball_missing'====== Args={'balls': 1, 'name': 'bd_plunger'}
2022-10-12 07:57:57,162 : INFO : EventManager : Event: ======'balldevice_bd_plunger_ball_count_changed'====== Args={'balls': 0}
2022-10-12 07:57:57,162 : INFO : ball_device.bd_plunger : State: idle
2022-10-12 07:57:57,162 : INFO : ball_device.bd_trough : State: ejecting
2022-10-12 07:57:57,162 : INFO : ball_device.bd_trough : Ejecting ball to <ball_device.bd_plunger>
2022-10-12 07:57:57,163 : INFO : EventManager : Event: ======'balldevice_bd_trough_ejecting_ball'====== Args={'balls': 1, 'target': <ball_device.bd_plunger>, 'source': <ball_device.bd_trough>, 'mechanical_eject': True, 'num_attempts': 1}
2022-10-12 07:57:57,163 : INFO : ball_device.bd_top_vuk : State: waiting_for_ball
2022-10-12 07:57:57,164 : INFO : ball_device.bd_trough : Wait for ball to leave device
2022-10-12 07:57:57,164 : INFO : coil.c_trough : Pulsing Driver for 30ms (0.9 pulse_power)
2022-10-12 07:57:57,164 : INFO : ball_device.bd_plunger : State: waiting_for_ball
2022-10-12 07:58:06,964 : INFO : Machine : Shutting down...
2022-10-12 07:58:06,964 : INFO : EventManager : Event: ======'shutdown'====== Args={}
2022-10-12 07:58:06,996 : WARNING : FAST : Port RGB received more messages than were sent! Resetting!
2022-10-12 07:58:06,996 : WARNING : FAST : Port NET received more messages than were sent! Resetting!
2022-10-12 07:58:07,060 : ERROR : FAST : Stop called on serial connection com9
2022-10-12 07:58:07,060 : ERROR : FAST : Stop called on serial connection com10
2022-10-12 07:58:07,282 : INFO : root : MPF run loop ended.
