2022-10-18 11:58:18,078 : INFO : root : Loading config.
2022-10-18 11:58:18,085 : INFO : YamlMultifileConfigLoader : Machine config file #1: config.yaml
2022-10-18 11:58:18,086 : INFO : ConfigProcessor : Loading config from cache: C:\Users\Tanner\AppData\Local\Temp\a6762098cb994b55cb03a478b26022ee.mpf_cache
2022-10-18 11:58:18,165 : INFO : ConfigProcessor : Loading config from cache: C:\Users\Tanner\AppData\Local\Temp\9cf7ccc27b21f4d6162237fadfc53e5a.mpf_cache
2022-10-18 11:58:18,169 : INFO : ConfigProcessor : Loading config from cache: C:\Users\Tanner\AppData\Local\Temp\c215df352878fee5d54f1a5ec5b16e7c.mpf_cache
2022-10-18 11:58:18,173 : INFO : ConfigProcessor : Loading config from cache: C:\Users\Tanner\AppData\Local\Temp\708062243e0edcfa77dd6b1521bd0d4e.mpf_cache
2022-10-18 11:58:18,177 : INFO : ConfigProcessor : Loading config from cache: C:\Users\Tanner\AppData\Local\Temp\c4174472f67f7b070dd6fb437c6feb0c.mpf_cache
2022-10-18 11:58:18,182 : INFO : ConfigProcessor : Loading config from cache: C:\Users\Tanner\AppData\Local\Temp\9e6b4d5e43fd00e219ba7c739d818ad6.mpf_cache
2022-10-18 11:58:18,185 : INFO : ConfigProcessor : Loading config from cache: C:\Users\Tanner\AppData\Local\Temp\abaa92c43d134e3392cbb2346e6a16be.mpf_cache
2022-10-18 11:58:18,190 : INFO : ConfigProcessor : Loading config from cache: C:\Users\Tanner\AppData\Local\Temp\fc46d53fcb9fe6b8abf783d9c813390a.mpf_cache
2022-10-18 11:58:18,194 : INFO : ConfigProcessor : Loading config from cache: C:\Users\Tanner\AppData\Local\Temp\b46de592c65b9a27a1f4965daee53c91.mpf_cache
2022-10-18 11:58:18,198 : INFO : ConfigProcessor : Loading config from cache: C:\Users\Tanner\AppData\Local\Temp\5b50cb1d58cd4116013cda74c2923169.mpf_cache
2022-10-18 11:58:18,204 : INFO : ConfigProcessor : Loading config from cache: C:\Users\Tanner\AppData\Local\Temp\2734ac1662e5e62f2e4cb2a8d902a8f2.mpf_cache
2022-10-18 11:58:18,211 : INFO : ConfigProcessor : Loading config from cache: C:\Users\Tanner\AppData\Local\Temp\fe169133106b4804e097dca6b78afaf5.mpf_cache
2022-10-18 11:58:18,216 : INFO : ConfigProcessor : Loading config from cache: C:\Users\Tanner\AppData\Local\Temp\d4f531e94c6a484dd08e4121f6e3a74e.mpf_cache
2022-10-18 11:58:18,220 : INFO : ConfigProcessor : Loading config from cache: C:\Users\Tanner\AppData\Local\Temp\e9c431c8aa2f7ab7b37617b37185d68f.mpf_cache
2022-10-18 11:58:18,226 : INFO : ConfigProcessor : Loading config from cache: C:\Users\Tanner\AppData\Local\Temp\07112933e6abcdb1819075df64aee3c0.mpf_cache
2022-10-18 11:58:18,231 : INFO : Machine : Mission Pinball Framework Core Engine v0.55.0
2022-10-18 11:58:18,231 : INFO : Machine : Command line arguments: {'no_load_cache': False, 'create_config_cache': True, 'bcp': True, 'configfile': ['config.yaml'], 'force_assets_load': False, 'jsonlogging': False, 'logfile': 'logs\\2022-10-18-11-58-18-mpf-DESKTOP-7HNFDQ5.log', 'pause': False, 'production': False, 'text_ui': True, 'loglevel': 15, 'consoleloglevel': 20, 'force_platform': 'virtual', 'syslog_address': None, 'mc_file_name': None, 'no_sound': False}
2022-10-18 11:58:18,231 : INFO : Machine : MPF path: c:\users\tanner\appdata\local\programs\python\python37\lib\site-packages\mpf
2022-10-18 11:58:18,231 : INFO : Machine : Machine path: c:\trashland_2
2022-10-18 11:58:18,231 : INFO : Machine : Platform: win32
2022-10-18 11:58:18,231 : INFO : Machine : Python executable location: c:\users\tanner\appdata\local\programs\python\python37\python.exe
2022-10-18 11:58:18,231 : INFO : Machine : Python version: 3.7.8 (64-bit)
2022-10-18 11:58:18,233 : INFO : Machine : Initialise MPF.
2022-10-18 11:58:18,456 : INFO : EventManager : Event: ======'machine_var_credits_string'====== Args={'value': 'FREE PLAY', 'prev_value': None, 'change': True}
2022-10-18 11:58:18,503 : INFO : EventManager : Event: ======'machine_var_master_volume'====== Args={'value': 0.5, 'prev_value': None, 'change': True}
2022-10-18 11:58:18,503 : INFO : EventManager : Event: ======'machine_var_mpf_version'====== Args={'value': 'MPF v0.55.0', 'prev_value': None, 'change': True}
2022-10-18 11:58:18,503 : INFO : EventManager : Event: ======'machine_var_mpf_extended_version'====== Args={'value': 'MPF v0.55.0, Config version:5, Show version: 5, BCP version:1.1', 'prev_value': None, 'change': True}
2022-10-18 11:58:18,503 : INFO : EventManager : Event: ======'machine_var_python_version'====== Args={'value': '3.7.8', 'prev_value': None, 'change': True}
2022-10-18 11:58:18,503 : INFO : EventManager : Event: ======'machine_var_platform'====== Args={'value': 'Windows-10-10.0.19041-SP0', 'prev_value': None, 'change': True}
2022-10-18 11:58:18,503 : INFO : EventManager : Event: ======'machine_var_platform_system'====== Args={'value': 'Windows', 'prev_value': None, 'change': True}
2022-10-18 11:58:18,503 : INFO : EventManager : Event: ======'machine_var_platform_release'====== Args={'value': '10', 'prev_value': None, 'change': True}
2022-10-18 11:58:18,504 : INFO : EventManager : Event: ======'machine_var_platform_version'====== Args={'value': '10.0.19041', 'prev_value': None, 'change': True}
2022-10-18 11:58:18,504 : INFO : EventManager : Event: ======'machine_var_platform_machine'====== Args={'value': 'AMD64', 'prev_value': None, 'change': True}
2022-10-18 11:58:18,504 : INFO : EventManager : Event: ======'init_phase_1'====== Args={}
2022-10-18 11:58:18,548 : INFO : EventManager : Event: ======'drop_target_bank_single_main_up'====== Args={}
2022-10-18 11:58:18,548 : INFO : EventManager : Event: ======'drop_target_bank_mid_up'====== Args={}
2022-10-18 11:58:18,548 : INFO : EventManager : Event: ======'drop_target_bank_right_up'====== Args={}
2022-10-18 11:58:18,555 : INFO : EventManager : Event: ======'init_phase_2'====== Args={}
2022-10-18 11:58:18,561 : INFO : EventManager : Event: ======'bcp_connection_attempt'====== Args={'name': 'local_display', 'host': 'localhost', 'port': 5050}
2022-10-18 11:58:18,563 : INFO : BCPClientSocket : Connecting BCP to 'local_display' at localhost:5050...
2022-10-18 11:58:22,149 : INFO : BCPClientSocket : Connected BCP to 'local_display' localhost:5050
2022-10-18 11:58:22,150 : INFO : EventManager : Event: ======'bcp_clients_connected'====== Args={}
2022-10-18 11:58:22,155 : INFO : ball_device.bd_trough : BCH: Initial count: 0
2022-10-18 11:58:22,155 : INFO : ball_device.bd_trough : State: idle
2022-10-18 11:58:22,156 : INFO : ball_device.bd_plunger : BCH: Initial count: 0
2022-10-18 11:58:22,156 : INFO : ball_device.bd_plunger : State: idle
2022-10-18 11:58:22,157 : INFO : ball_device.bd_top_vuk : BCH: Initial count: 0
2022-10-18 11:58:22,157 : INFO : ball_device.bd_top_vuk : State: idle
2022-10-18 11:58:22,157 : INFO : ball_device.bd_right_vuk : BCH: Initial count: 0
2022-10-18 11:58:22,158 : INFO : ball_device.bd_right_vuk : State: idle
2022-10-18 11:58:22,158 : INFO : ball_device.bd_bot_vuk : BCH: Initial count: 0
2022-10-18 11:58:22,158 : INFO : ball_device.bd_bot_vuk : State: idle
2022-10-18 11:58:22,212 : INFO : EventManager : Event: ======'init_phase_3'====== Args={}
2022-10-18 11:58:22,821 : INFO : EventManager : Event: ======'machine_var_mc_version'====== Args={'value': 'MPF-MC v0.55.0', 'prev_value': None, 'change': True}
2022-10-18 11:58:22,821 : INFO : EventManager : Event: ======'machine_var_mc_extended_version'====== Args={'value': 'MPF-MC v0.55.0 (config_version=5, BCP v1.1, Requires MPF v0.55.0-dev.49)', 'prev_value': None, 'change': True}
2022-10-18 11:58:22,823 : INFO : EventManager : Event: ======'init_phase_4'====== Args={}
2022-10-18 11:58:22,835 : INFO : EventManager : Event: ======'playfield_active'====== Args={}
2022-10-18 11:58:22,835 : INFO : EventManager : Event: ======'unexpected_ball_on_playfield'====== Args={}
2022-10-18 11:58:22,835 : INFO : EventManager : Event: ======'playfield_active'====== Args={}
2022-10-18 11:58:22,835 : INFO : EventManager : Event: ======'unexpected_ball_on_playfield'====== Args={}
2022-10-18 11:58:22,835 : INFO : EventManager : Event: ======'playfield_active'====== Args={}
2022-10-18 11:58:22,835 : INFO : EventManager : Event: ======'unexpected_ball_on_playfield'====== Args={}
2022-10-18 11:58:22,835 : INFO : EventManager : Event: ======'playfield_active'====== Args={}
2022-10-18 11:58:22,835 : INFO : EventManager : Event: ======'unexpected_ball_on_playfield'====== Args={}
2022-10-18 11:58:22,835 : INFO : EventManager : Event: ======'playfield_active'====== Args={}
2022-10-18 11:58:22,835 : INFO : EventManager : Event: ======'unexpected_ball_on_playfield'====== Args={}
2022-10-18 11:58:22,835 : INFO : EventManager : Event: ======'playfield_active'====== Args={}
2022-10-18 11:58:22,835 : INFO : EventManager : Event: ======'unexpected_ball_on_playfield'====== Args={}
2022-10-18 11:58:22,836 : INFO : BallController : Initial balls found: 0
2022-10-18 11:58:22,837 : INFO : EventManager : Event: ======'machine_var_audits_events_game_ended'====== Args={'value': 0, 'prev_value': None, 'change': True}
2022-10-18 11:58:22,838 : INFO : EventManager : Event: ======'machine_var_audits_events_game_started'====== Args={'value': 0, 'prev_value': None, 'change': True}
2022-10-18 11:58:22,838 : INFO : EventManager : Event: ======'machine_var_audits_player_score'====== Args={'value': {'average': 0, 'top': [], 'total': 0}, 'prev_value': None, 'change': True}
2022-10-18 11:58:22,838 : INFO : EventManager : Event: ======'machine_var_audits_switches_s_autolauncher'====== Args={'value': 92, 'prev_value': None, 'change': True}
2022-10-18 11:58:22,838 : INFO : EventManager : Event: ======'machine_var_audits_switches_s_back_pop'====== Args={'value': 12, 'prev_value': None, 'change': True}
2022-10-18 11:58:22,839 : INFO : EventManager : Event: ======'machine_var_audits_switches_s_back_rollover'====== Args={'value': 0, 'prev_value': None, 'change': True}
2022-10-18 11:58:22,839 : INFO : EventManager : Event: ======'machine_var_audits_switches_s_back_stationary'====== Args={'value': 3, 'prev_value': None, 'change': True}
2022-10-18 11:58:22,839 : INFO : EventManager : Event: ======'machine_var_audits_switches_s_bot_back'====== Args={'value': 1, 'prev_value': None, 'change': True}
2022-10-18 11:58:22,839 : INFO : EventManager : Event: ======'machine_var_audits_switches_s_bot_big'====== Args={'value': 4, 'prev_value': None, 'change': True}
2022-10-18 11:58:22,840 : INFO : EventManager : Event: ======'machine_var_audits_switches_s_bot_left'====== Args={'value': 0, 'prev_value': None, 'change': True}
2022-10-18 11:58:22,840 : INFO : EventManager : Event: ======'machine_var_audits_switches_s_bot_right'====== Args={'value': 1, 'prev_value': None, 'change': True}
2022-10-18 11:58:22,840 : INFO : EventManager : Event: ======'machine_var_audits_switches_s_bot_rollover'====== Args={'value': 1, 'prev_value': None, 'change': True}
2022-10-18 11:58:22,840 : INFO : EventManager : Event: ======'machine_var_audits_switches_s_bot_vuk'====== Args={'value': 3, 'prev_value': None, 'change': True}
2022-10-18 11:58:22,841 : INFO : EventManager : Event: ======'machine_var_audits_switches_s_drop_mid_left'====== Args={'value': 104, 'prev_value': None, 'change': True}
2022-10-18 11:58:22,841 : INFO : EventManager : Event: ======'machine_var_audits_switches_s_drop_mid_mid'====== Args={'value': 125, 'prev_value': None, 'change': True}
2022-10-18 11:58:22,841 : INFO : EventManager : Event: ======'machine_var_audits_switches_s_drop_mid_right'====== Args={'value': 36, 'prev_value': None, 'change': True}
2022-10-18 11:58:22,841 : INFO : EventManager : Event: ======'machine_var_audits_switches_s_drop_right_left'====== Args={'value': 26, 'prev_value': None, 'change': True}
2022-10-18 11:58:22,842 : INFO : EventManager : Event: ======'machine_var_audits_switches_s_drop_right_right'====== Args={'value': 63, 'prev_value': None, 'change': True}
2022-10-18 11:58:22,842 : INFO : EventManager : Event: ======'machine_var_audits_switches_s_drop_single'====== Args={'value': 41, 'prev_value': None, 'change': True}
2022-10-18 11:58:22,842 : INFO : EventManager : Event: ======'machine_var_audits_switches_s_eos_left'====== Args={'value': 117, 'prev_value': None, 'change': True}
2022-10-18 11:58:22,842 : INFO : EventManager : Event: ======'machine_var_audits_switches_s_eos_left_top'====== Args={'value': 981, 'prev_value': None, 'change': True}
2022-10-18 11:58:22,843 : INFO : EventManager : Event: ======'machine_var_audits_switches_s_eos_right'====== Args={'value': 271, 'prev_value': None, 'change': True}
2022-10-18 11:58:22,843 : INFO : EventManager : Event: ======'machine_var_audits_switches_s_launch'====== Args={'value': 64, 'prev_value': None, 'change': True}
2022-10-18 11:58:22,843 : INFO : EventManager : Event: ======'machine_var_audits_switches_s_left_flipper'====== Args={'value': 1088, 'prev_value': None, 'change': True}
2022-10-18 11:58:22,844 : INFO : EventManager : Event: ======'machine_var_audits_switches_s_left_inlane'====== Args={'value': 34, 'prev_value': None, 'change': True}
2022-10-18 11:58:22,844 : INFO : EventManager : Event: ======'machine_var_audits_switches_s_left_outlane'====== Args={'value': 7, 'prev_value': None, 'change': True}
2022-10-18 11:58:22,844 : INFO : EventManager : Event: ======'machine_var_audits_switches_s_pop_left'====== Args={'value': 192, 'prev_value': None, 'change': True}
2022-10-18 11:58:22,845 : INFO : EventManager : Event: ======'machine_var_audits_switches_s_pop_lower'====== Args={'value': 279, 'prev_value': None, 'change': True}
2022-10-18 11:58:22,845 : INFO : EventManager : Event: ======'machine_var_audits_switches_s_pop_right'====== Args={'value': 348, 'prev_value': None, 'change': True}
2022-10-18 11:58:22,845 : INFO : EventManager : Event: ======'machine_var_audits_switches_s_right_flipper'====== Args={'value': 1226, 'prev_value': None, 'change': True}
2022-10-18 11:58:22,845 : INFO : EventManager : Event: ======'machine_var_audits_switches_s_right_inlane'====== Args={'value': 6, 'prev_value': None, 'change': True}
2022-10-18 11:58:22,846 : INFO : EventManager : Event: ======'machine_var_audits_switches_s_right_outlane'====== Args={'value': 91, 'prev_value': None, 'change': True}
2022-10-18 11:58:22,846 : INFO : EventManager : Event: ======'machine_var_audits_switches_s_rollover_left'====== Args={'value': 72, 'prev_value': None, 'change': True}
2022-10-18 11:58:22,846 : INFO : EventManager : Event: ======'machine_var_audits_switches_s_rollover_right'====== Args={'value': 100, 'prev_value': None, 'change': True}
2022-10-18 11:58:22,847 : INFO : EventManager : Event: ======'machine_var_audits_switches_s_sling_left'====== Args={'value': 44, 'prev_value': None, 'change': True}
2022-10-18 11:58:22,847 : INFO : EventManager : Event: ======'machine_var_audits_switches_s_sling_right'====== Args={'value': 141, 'prev_value': None, 'change': True}
2022-10-18 11:58:22,847 : INFO : EventManager : Event: ======'machine_var_audits_switches_s_start'====== Args={'value': 154, 'prev_value': None, 'change': True}
2022-10-18 11:58:22,848 : INFO : EventManager : Event: ======'machine_var_audits_switches_s_tilt'====== Args={'value': 132, 'prev_value': None, 'change': True}
2022-10-18 11:58:22,848 : INFO : EventManager : Event: ======'machine_var_audits_switches_s_transfer_rollover'====== Args={'value': 3, 'prev_value': None, 'change': True}
2022-10-18 11:58:22,848 : INFO : EventManager : Event: ======'machine_var_audits_switches_s_trough_1'====== Args={'value': 57, 'prev_value': None, 'change': True}
2022-10-18 11:58:22,849 : INFO : EventManager : Event: ======'machine_var_audits_switches_s_trough_2'====== Args={'value': 212, 'prev_value': None, 'change': True}
2022-10-18 11:58:22,849 : INFO : EventManager : Event: ======'machine_var_audits_switches_s_trough_3'====== Args={'value': 103, 'prev_value': None, 'change': True}
2022-10-18 11:58:22,849 : INFO : EventManager : Event: ======'machine_var_audits_switches_s_trough_4'====== Args={'value': 105, 'prev_value': None, 'change': True}
2022-10-18 11:58:22,850 : INFO : EventManager : Event: ======'machine_var_audits_switches_s_trough_5'====== Args={'value': 111, 'prev_value': None, 'change': True}
2022-10-18 11:58:22,850 : INFO : EventManager : Event: ======'machine_var_audits_switches_s_trough_6'====== Args={'value': 187, 'prev_value': None, 'change': True}
2022-10-18 11:58:22,850 : INFO : EventManager : Event: ======'machine_var_audits_switches_s_trough_jam'====== Args={'value': 108, 'prev_value': None, 'change': True}
2022-10-18 11:58:22,851 : INFO : EventManager : Event: ======'machine_var_audits_switches_s_upper_drop'====== Args={'value': 0, 'prev_value': None, 'change': True}
2022-10-18 11:58:22,851 : INFO : EventManager : Event: ======'machine_var_audits_switches_s_upper_rollover'====== Args={'value': 26, 'prev_value': None, 'change': True}
2022-10-18 11:58:22,851 : INFO : EventManager : Event: ======'machine_var_audits_switches_s_upper_stationary'====== Args={'value': 13, 'prev_value': None, 'change': True}
2022-10-18 11:58:22,852 : INFO : EventManager : Event: ======'machine_var_audits_switches_s_vuk_back'====== Args={'value': 1, 'prev_value': None, 'change': True}
2022-10-18 11:58:22,852 : INFO : EventManager : Event: ======'machine_var_audits_switches_s_vuk_right'====== Args={'value': 3, 'prev_value': None, 'change': True}
2022-10-18 11:58:22,852 : INFO : EventManager : Event: ======'machine_var_audits_switches_s_vuk_top'====== Args={'value': 36, 'prev_value': None, 'change': True}
2022-10-18 11:58:22,853 : INFO : EventManager : Event: ======'machine_var_audits_switches_s_left_orbit_prox'====== Args={'value': 0, 'prev_value': None, 'change': True}
2022-10-18 11:58:22,853 : INFO : EventManager : Event: ======'machine_var_audits_switches_s_left_return'====== Args={'value': 0, 'prev_value': None, 'change': True}
2022-10-18 11:58:22,854 : INFO : EventManager : Event: ======'init_phase_5'====== Args={}
2022-10-18 11:58:22,867 : INFO : EventManager : Event: ======'init_done'====== Args={}
2022-10-18 11:58:22,867 : INFO : EventManager : Event: ======'machine_reset_phase_1'====== Args={}
2022-10-18 11:58:22,869 : INFO : EventManager : Event: ======'slide_welcome_slide_removed'====== Args={'_from_bcp': True}
2022-10-18 11:58:22,871 : INFO : EventManager : Event: ======'slide_welcome_slide_created'====== Args={'_from_bcp': True}
2022-10-18 11:58:22,872 : INFO : EventManager : Event: ======'machine_reset_phase_2'====== Args={}
2022-10-18 11:58:22,872 : INFO : EventManager : Event: ======'machine_reset_phase_3'====== Args={}
2022-10-18 11:58:22,873 : INFO : EventManager : Event: ======'mode_tilt_will_start'====== Args={'queue': <QueuedEvent>}
2022-10-18 11:58:22,873 : INFO : EventManager : Event: ======'mode_tilt_starting'====== Args={'queue': <QueuedEvent>}
2022-10-18 11:58:22,873 : INFO : drop_target_bank.single_main : All targets are already up. Will not reset bank.
2022-10-18 11:58:22,873 : INFO : drop_target_bank.mid : All targets are already up. Will not reset bank.
2022-10-18 11:58:22,873 : INFO : drop_target_bank.right : All targets are already up. Will not reset bank.
2022-10-18 11:58:22,874 : INFO : Mode.tilt : Started. Priority: 1000000
2022-10-18 11:58:22,874 : INFO : EventManager : Event: ======'modes_active_modes_changed'====== Args={}
2022-10-18 11:58:22,874 : INFO : EventManager : Event: ======'mode_tilt_started'====== Args={'queue': <QueuedEvent>}
2022-10-18 11:58:22,875 : INFO : EventManager : Event: ======'reset_complete'====== Args={}
2022-10-18 11:58:22,875 : INFO : EventManager : Event: ======'slide_welcome_slide_active'====== Args={'_from_bcp': True}
2022-10-18 11:58:22,875 : INFO : EventManager : Event: ======'mode_attract_will_start'====== Args={}
2022-10-18 11:58:22,875 : INFO : EventManager : Event: ======'mode_attract_starting'====== Args={}
2022-10-18 11:58:22,875 : INFO : Mode.attract : Started. Priority: 10
2022-10-18 11:58:22,875 : INFO : EventManager : Event: ======'modes_active_modes_changed'====== Args={}
2022-10-18 11:58:22,875 : INFO : EventManager : Event: ======'mode_attract_started'====== Args={}
2022-10-18 11:58:22,876 : INFO : EventManager : Event: ======'collecting_balls_complete'====== Args={}
2022-10-18 11:58:22,894 : INFO : Machine : Starting the main run loop.
2022-10-18 11:58:23,411 : INFO : BcpServer : New client connected.
2022-10-18 11:58:52,161 : INFO : Machine : Shutting down...
2022-10-18 11:58:52,161 : INFO : EventManager : Event: ======'shutdown'====== Args={}
2022-10-18 11:58:52,165 : INFO : root : MPF run loop ended.
