2022-10-21 09:27:19,276 : kivy : Factory: 186 symbols loaded
2022-10-21 09:27:19,396 : kivy : ImageLoaderFFPy: Using ffpyplayer 4.3.2
2022-10-21 09:27:19,396 : kivy : Image: Providers: img_tex, img_dds, img_sdl2, img_pil, img_ffpyplayer 
2022-10-21 09:27:19,431 : kivy : VideoGstplayer: Using Gstreamer 1.18.0.0
2022-10-21 09:27:19,431 : kivy : Video: Provider: gstplayer
2022-10-21 09:27:19,628 : kivy : Loading MPF-MC controller
2022-10-21 09:27:19,631 : YamlMultifileConfigLoader : Machine config file #1: config
2022-10-21 09:27:19,632 : ConfigProcessor : Config file in cache changed: c:\trashland_2\config\config
2022-10-21 09:27:19,632 : ConfigProcessor : Loading config from file c:\users\tanner\appdata\local\programs\python\python37\lib\site-packages\mpfmc\mcconfig.yaml.
2022-10-21 09:27:19,668 : ConfigProcessor : Loading config: c:\users\tanner\appdata\local\programs\python\python37\lib\site-packages\mpfmc\mcconfig.yaml
2022-10-21 09:27:19,669 : ConfigProcessor : Loading config from file c:\trashland_2\config\config.
2022-10-21 09:27:19,775 : ConfigProcessor : Loading config: c:\trashland_2\config\config
2022-10-21 09:27:19,778 : ConfigProcessor : Config file cache created: C:\Users\Tanner\AppData\Local\Temp\af2f9975217aa24f0c3c7583f835539f.mpf_cache
2022-10-21 09:27:19,778 : ConfigProcessor : Loading config from cache: C:\Users\Tanner\AppData\Local\Temp\9cf7ccc27b21f4d6162237fadfc53e5a.mpf_cache
2022-10-21 09:27:19,779 : ConfigProcessor : Loading config from cache: C:\Users\Tanner\AppData\Local\Temp\c215df352878fee5d54f1a5ec5b16e7c.mpf_cache
2022-10-21 09:27:19,780 : ConfigProcessor : Loading config from cache: C:\Users\Tanner\AppData\Local\Temp\708062243e0edcfa77dd6b1521bd0d4e.mpf_cache
2022-10-21 09:27:19,780 : ConfigProcessor : Loading config from cache: C:\Users\Tanner\AppData\Local\Temp\c4174472f67f7b070dd6fb437c6feb0c.mpf_cache
2022-10-21 09:27:19,781 : mpfmc : Mission Pinball Framework Media Controller v0.55.0
2022-10-21 09:27:19,781 : mpfmc : Mission Pinball Framework Game Engine v0.55.0
2022-10-21 09:27:19,781 : mpfmc : Machine path: c:\trashland_2
2022-10-21 09:27:19,781 : mpfmc : Starting clock at 60.0Hz
2022-10-21 09:27:19,793 : kivy : Text: Provider: sdl2
2022-10-21 09:27:19,828 : kivy : Window: Provider: sdl2
2022-10-21 09:27:20,523 : kivy : GL: Using the "OpenGL" graphics system
2022-10-21 09:27:20,531 : kivy : GL: GLEW initialization succeeded
2022-10-21 09:27:20,531 : kivy : GL: Backend used <glew>
2022-10-21 09:27:20,531 : kivy : GL: OpenGL version <b'4.6.0 NVIDIA 512.15'>
2022-10-21 09:27:20,531 : kivy : GL: OpenGL vendor <b'NVIDIA Corporation'>
2022-10-21 09:27:20,531 : kivy : GL: OpenGL renderer <b'NVIDIA GeForce GTX 1060 3GB/PCIe/SSE2'>
2022-10-21 09:27:20,531 : kivy : GL: OpenGL parsed version: 4, 6
2022-10-21 09:27:20,531 : kivy : GL: Shading version <b'4.60 NVIDIA'>
2022-10-21 09:27:20,531 : kivy : GL: Texture max size <32768>
2022-10-21 09:27:20,531 : kivy : GL: Texture max units <32>
2022-10-21 09:27:20,579 : kivy : Window: auto add sdl2 input provider
2022-10-21 09:27:20,579 : kivy : Window: virtual keyboard not allowed, single mode, not docked
2022-10-21 09:27:20,586 : SoundSystem : SoundSystem: Using default 'sound_system' settings
2022-10-21 09:27:20,810 : AudioInterface : Initialized
2022-10-21 09:27:20,810 : AudioInterface : Loaded SDL 2.0.12
2022-10-21 09:27:20,810 : AudioInterface : Loaded SDL_Mixer 2.0.4
2022-10-21 09:27:20,810 : AudioInterface : Loaded GStreamer 1.18.0.0
2022-10-21 09:27:20,810 : AudioInterface : Loaded GLib 2.62.6
2022-10-21 09:27:20,810 : AudioInterface : Settings requested - rate: 44100, channels: 1, buffer: 2048 samples
2022-10-21 09:27:20,810 : AudioInterface : Settings in use - rate: 44100, channels: 1, buffer: 2048 samples (4096 bytes @ 2 bytes per sample)
2022-10-21 09:27:20,811 : SoundSystem : No audio tracks are specified in your machine config file. a track named 'default' has been created.
2022-10-21 09:27:20,811 : SoundSystem : Setting master volume to 0.0
2022-10-21 09:27:20,811 : SoundSystem : master_volume in sound_system is deprecated and will be removed in the future.
2022-10-21 09:27:20,811 : AudioInterface : Enabling audio playback
2022-10-21 09:27:20,813 : kivy : Base: Start application main loop
2022-10-21 09:27:20,813 : EventManager : Event: ======'display_window_initialized'====== Args={}
2022-10-21 09:27:20,823 : mpfmc : Display: Setting 'window' as default display
2022-10-21 09:27:20,828 : EventManager : Event: ======'displays_initialized'====== Args={}
2022-10-21 09:27:20,829 : EventManager : Event: ======'slide_window_blank_created'====== Args={}
2022-10-21 09:27:20,830 : EventManager : Event: ======'display_window_ready'====== Args={}
2022-10-21 09:27:20,840 : EventManager : Event: ======'init_phase_1'====== Args={}
2022-10-21 09:27:20,844 : EventManager : Event: ======'mc_ready'====== Args={}
2022-10-21 09:27:20,844 : EventManager : Event: ======'init_phase_2'====== Args={}
2022-10-21 09:27:20,847 : EventManager : Event: ======'init_phase_3'====== Args={}
2022-10-21 09:27:20,848 : EventManager : Event: ======'init_phase_4'====== Args={}
2022-10-21 09:27:20,849 : EventManager : Event: ======'init_phase_5'====== Args={}
2022-10-21 09:27:20,849 : EventManager : Event: ======'init_done'====== Args={}
2022-10-21 09:27:20,849 : MPF-MC BCP Server : Starting up on localhost port 5050
2022-10-21 09:27:20,852 : MPF-MC BCP Server : Waiting for a connection...
2022-10-21 09:27:20,852 : mpfmc : SlidePlayer: Play called with settings={'slides': {welcome_slide-None-None: {'priority': None, 'target': None, 'background_color': [0.0, 0.0, 0.0, 1.0], 'show': True, 'force': False, 'expire': None, 'slide': None, 'tokens': {}, 'action': 'play', 'transition': None, 'transition_out': None}}}
2022-10-21 09:27:20,872 : kivy : GL: NPOT texture support is available
2022-10-21 09:27:20,873 : EventManager : Event: ======'slide_welcome_slide_created'====== Args={}
2022-10-21 09:27:20,875 : EventManager : Event: ======'slide_welcome_slide_active'====== Args={}
2022-10-21 09:27:20,877 : EventManager : Event: ======'client_disconnected'====== Args={'host': '127.0.0.1', 'port': 5050}
2022-10-21 09:28:28,133 : kivy : Base: Leaving application in progress...
