2022-10-12 09:08:45,247 : INFO : root : Loading config.
2022-10-12 09:08:45,250 : INFO : YamlMultifileConfigLoader : Machine config file #1: config.yaml
2022-10-12 09:08:45,251 : INFO : ConfigProcessor : Loading config from cache: C:\Users\Tanner\AppData\Local\Temp\a6762098cb994b55cb03a478b26022ee.mpf_cache
2022-10-12 09:08:45,323 : WARNING : ConfigProcessor : Config file in cache changed: c:\trashland_2\modes\attract\config\attract.yaml
2022-10-12 09:08:45,323 : INFO : ConfigProcessor : Loading config from file c:\users\tanner\appdata\local\programs\python\python37\lib\site-packages\mpf\modes\attract\config\attract.yaml.
2022-10-12 09:08:45,324 : INFO : ConfigProcessor : Loading config: c:\users\tanner\appdata\local\programs\python\python37\lib\site-packages\mpf\modes\attract\config\attract.yaml
2022-10-12 09:08:45,325 : INFO : ConfigProcessor : Loading config from file c:\trashland_2\modes\attract\config\attract.yaml.
2022-10-12 09:08:45,326 : INFO : ConfigProcessor : Loading config: c:\trashland_2\modes\attract\config\attract.yaml
2022-10-12 09:08:45,326 : INFO : ConfigProcessor : Config file cache created: C:\Users\Tanner\AppData\Local\Temp\9cf7ccc27b21f4d6162237fadfc53e5a.mpf_cache
2022-10-12 09:08:45,327 : INFO : ConfigProcessor : Loading config from cache: C:\Users\Tanner\AppData\Local\Temp\c215df352878fee5d54f1a5ec5b16e7c.mpf_cache
2022-10-12 09:08:45,328 : INFO : ConfigProcessor : Loading config from cache: C:\Users\Tanner\AppData\Local\Temp\708062243e0edcfa77dd6b1521bd0d4e.mpf_cache
2022-10-12 09:08:45,328 : INFO : ConfigProcessor : Loading config from cache: C:\Users\Tanner\AppData\Local\Temp\c4174472f67f7b070dd6fb437c6feb0c.mpf_cache
2022-10-12 09:08:45,329 : INFO : ConfigProcessor : Loading config from cache: C:\Users\Tanner\AppData\Local\Temp\abaa92c43d134e3392cbb2346e6a16be.mpf_cache
2022-10-12 09:08:45,330 : INFO : ConfigProcessor : Loading config from cache: C:\Users\Tanner\AppData\Local\Temp\fc46d53fcb9fe6b8abf783d9c813390a.mpf_cache
2022-10-12 09:08:45,331 : INFO : ConfigProcessor : Loading config from cache: C:\Users\Tanner\AppData\Local\Temp\b46de592c65b9a27a1f4965daee53c91.mpf_cache
2022-10-12 09:08:45,331 : INFO : ConfigProcessor : Loading config from cache: C:\Users\Tanner\AppData\Local\Temp\5b50cb1d58cd4116013cda74c2923169.mpf_cache
2022-10-12 09:08:45,334 : INFO : ConfigProcessor : Loading config from cache: C:\Users\Tanner\AppData\Local\Temp\2734ac1662e5e62f2e4cb2a8d902a8f2.mpf_cache
2022-10-12 09:08:45,337 : INFO : ConfigProcessor : Loading config from cache: C:\Users\Tanner\AppData\Local\Temp\fe169133106b4804e097dca6b78afaf5.mpf_cache
2022-10-12 09:08:45,337 : INFO : ConfigProcessor : Loading config from cache: C:\Users\Tanner\AppData\Local\Temp\d4f531e94c6a484dd08e4121f6e3a74e.mpf_cache
2022-10-12 09:08:45,338 : INFO : ConfigProcessor : Loading config from cache: C:\Users\Tanner\AppData\Local\Temp\e9c431c8aa2f7ab7b37617b37185d68f.mpf_cache
2022-10-12 09:08:45,339 : INFO : ConfigProcessor : Loading config from cache: C:\Users\Tanner\AppData\Local\Temp\07112933e6abcdb1819075df64aee3c0.mpf_cache
2022-10-12 09:08:45,340 : INFO : Machine : Mission Pinball Framework Core Engine v0.55.0
2022-10-12 09:08:45,341 : INFO : Machine : Command line arguments: {'no_load_cache': False, 'create_config_cache': True, 'bcp': False, 'configfile': ['config.yaml'], 'force_assets_load': False, 'jsonlogging': False, 'logfile': 'logs\\2022-10-12-09-08-45-mpf-DESKTOP-7HNFDQ5.log', 'pause': False, 'production': False, 'text_ui': True, 'loglevel': 15, 'consoleloglevel': 20, 'force_platform': None, 'syslog_address': None, 'mc_file_name': None, 'no_sound': False}
2022-10-12 09:08:45,341 : INFO : Machine : MPF path: c:\users\tanner\appdata\local\programs\python\python37\lib\site-packages\mpf
2022-10-12 09:08:45,341 : INFO : Machine : Machine path: c:\trashland_2
2022-10-12 09:08:45,341 : INFO : Machine : Platform: win32
2022-10-12 09:08:45,341 : INFO : Machine : Python executable location: c:\users\tanner\appdata\local\programs\python\python37\python.exe
2022-10-12 09:08:45,341 : INFO : Machine : Python version: 3.7.8 (64-bit)
2022-10-12 09:08:45,342 : INFO : Machine : Initialise MPF.
2022-10-12 09:08:45,622 : INFO : FAST : Connecting to com9 at 921600bps
2022-10-12 09:08:45,669 : INFO : FAST : Connected! Processor: NET, Board Type: FP-CPU-002-2, Firmware: 01.05
2022-10-12 09:08:45,669 : INFO : EventManager : Event: ======'machine_var_fast_net_firmware'====== Args={'value': '01.05', 'prev_value': None, 'change': True}
2022-10-12 09:08:45,669 : INFO : EventManager : Event: ======'machine_var_fast_net_model'====== Args={'value': 'FP-CPU-002-2', 'prev_value': None, 'change': True}
2022-10-12 09:08:48,031 : WARNING : FAST : Got unexpected message from FAST: -N:11
2022-10-12 09:08:48,031 : WARNING : FAST : Got unexpected message from FAST: -N:2B
2022-10-12 09:08:48,031 : WARNING : FAST : Got unexpected message from FAST: -N:38
2022-10-12 09:08:48,031 : WARNING : FAST : Got unexpected message from FAST: -N:40
2022-10-12 09:08:48,031 : WARNING : FAST : Got unexpected message from FAST: -N:41
2022-10-12 09:08:48,031 : WARNING : FAST : Got unexpected message from FAST: -N:43
2022-10-12 09:08:48,031 : WARNING : FAST : Got unexpected message from FAST: -N:44
2022-10-12 09:08:48,031 : WARNING : FAST : Got unexpected message from FAST: -N:5D
2022-10-12 09:08:48,143 : INFO : FAST : Connecting to com10 at 921600bps
2022-10-12 09:08:48,175 : INFO : FAST : Connected! Processor: RGB, Board Type: FP-CPU-002-2, Firmware: 00.87
2022-10-12 09:08:48,175 : INFO : EventManager : Event: ======'machine_var_fast_rgb_firmware'====== Args={'value': '00.87', 'prev_value': None, 'change': True}
2022-10-12 09:08:48,175 : INFO : EventManager : Event: ======'machine_var_fast_rgb_model'====== Args={'value': 'FP-CPU-002-2', 'prev_value': None, 'change': True}
2022-10-12 09:08:48,176 : INFO : EventManager : Event: ======'machine_var_credits_string'====== Args={'value': 'FREE PLAY', 'prev_value': None, 'change': True}
2022-10-12 09:08:48,222 : INFO : EventManager : Event: ======'machine_var_master_volume'====== Args={'value': 0.5, 'prev_value': None, 'change': True}
2022-10-12 09:08:48,222 : INFO : EventManager : Event: ======'machine_var_mpf_version'====== Args={'value': 'MPF v0.55.0', 'prev_value': None, 'change': True}
2022-10-12 09:08:48,222 : INFO : EventManager : Event: ======'machine_var_mpf_extended_version'====== Args={'value': 'MPF v0.55.0, Config version:5, Show version: 5, BCP version:1.1', 'prev_value': None, 'change': True}
2022-10-12 09:08:48,222 : INFO : EventManager : Event: ======'machine_var_python_version'====== Args={'value': '3.7.8', 'prev_value': None, 'change': True}
2022-10-12 09:08:48,223 : INFO : EventManager : Event: ======'machine_var_platform'====== Args={'value': 'Windows-10-10.0.19041-SP0', 'prev_value': None, 'change': True}
2022-10-12 09:08:48,223 : INFO : EventManager : Event: ======'machine_var_platform_system'====== Args={'value': 'Windows', 'prev_value': None, 'change': True}
2022-10-12 09:08:48,223 : INFO : EventManager : Event: ======'machine_var_platform_release'====== Args={'value': '10', 'prev_value': None, 'change': True}
2022-10-12 09:08:48,223 : INFO : EventManager : Event: ======'machine_var_platform_version'====== Args={'value': '10.0.19041', 'prev_value': None, 'change': True}
2022-10-12 09:08:48,223 : INFO : EventManager : Event: ======'machine_var_platform_machine'====== Args={'value': 'AMD64', 'prev_value': None, 'change': True}
2022-10-12 09:08:48,223 : INFO : EventManager : Event: ======'init_phase_1'====== Args={}
2022-10-12 09:08:48,258 : INFO : EventManager : Event: ======'drop_target_bank_mid_up'====== Args={}
2022-10-12 09:08:48,259 : INFO : EventManager : Event: ======'drop_target_bank_right_up'====== Args={}
2022-10-12 09:08:48,280 : INFO : EventManager : Event: ======'init_phase_2'====== Args={}
2022-10-12 09:08:48,281 : INFO : SwitchController : Found active switch: (('2B', 1), <Platform.FAST>) <switch.s_drop_mid_left>
2022-10-12 09:08:48,281 : INFO : SwitchController : Found active switch: (('42', 1), <Platform.FAST>) <switch.s_trough_4>
2022-10-12 09:08:48,281 : INFO : SwitchController : Found active switch: (('48', 1), <Platform.FAST>) <switch.s_trough_1>
2022-10-12 09:08:48,281 : INFO : SwitchController : Found active switch: (('49', 1), <Platform.FAST>) <switch.s_trough_jam>
2022-10-12 09:08:48,281 : INFO : SwitchController : Found active switch: (('3C', 1), <Platform.FAST>) <switch.s_eos_right>
2022-10-12 09:08:48,281 : INFO : SwitchController : Found active switch: (('3B', 1), <Platform.FAST>) <switch.s_eos_left>
2022-10-12 09:08:48,289 : INFO : ball_device.bd_trough : BCH: Initial count: 2
2022-10-12 09:08:48,289 : INFO : ball_device.bd_trough : State: idle
2022-10-12 09:08:48,290 : INFO : ball_device.bd_plunger : BCH: Initial count: 0
2022-10-12 09:08:48,290 : INFO : ball_device.bd_plunger : State: idle
2022-10-12 09:08:48,290 : INFO : ball_device.bd_top_vuk : BCH: Initial count: 0
2022-10-12 09:08:48,291 : INFO : ball_device.bd_top_vuk : State: idle
2022-10-12 09:08:48,291 : INFO : ball_device.bd_right_vuk : BCH: Initial count: 0
2022-10-12 09:08:48,291 : INFO : ball_device.bd_right_vuk : State: idle
2022-10-12 09:08:48,292 : INFO : ball_device.bd_bot_vuk : BCH: Initial count: 0
2022-10-12 09:08:48,292 : INFO : ball_device.bd_bot_vuk : State: idle
2022-10-12 09:08:48,333 : INFO : EventManager : Event: ======'init_phase_3'====== Args={}
2022-10-12 09:08:48,949 : INFO : EventManager : Event: ======'init_phase_4'====== Args={}
2022-10-12 09:08:48,986 : INFO : EventManager : Event: ======'playfield_active'====== Args={}
2022-10-12 09:08:48,986 : INFO : EventManager : Event: ======'unexpected_ball_on_playfield'====== Args={}
2022-10-12 09:08:48,986 : INFO : EventManager : Event: ======'playfield_active'====== Args={}
2022-10-12 09:08:48,986 : INFO : EventManager : Event: ======'unexpected_ball_on_playfield'====== Args={}
2022-10-12 09:08:48,986 : INFO : EventManager : Event: ======'playfield_active'====== Args={}
2022-10-12 09:08:48,986 : INFO : EventManager : Event: ======'unexpected_ball_on_playfield'====== Args={}
2022-10-12 09:08:48,986 : INFO : EventManager : Event: ======'playfield_active'====== Args={}
2022-10-12 09:08:48,987 : INFO : EventManager : Event: ======'unexpected_ball_on_playfield'====== Args={}
2022-10-12 09:08:48,987 : INFO : EventManager : Event: ======'drop_target_mid_left_down'====== Args={'device': <drop_target.mid_left>}
2022-10-12 09:08:48,987 : INFO : EventManager : Event: ======'drop_target_bank_mid_mixed'====== Args={'prev_value': <DropTargetBankState.UP: 'up'>, 'down': 1}
2022-10-12 09:08:48,987 : INFO : EventManager : Event: ======'playfield_active'====== Args={}
2022-10-12 09:08:48,987 : INFO : EventManager : Event: ======'unexpected_ball_on_playfield'====== Args={}
2022-10-12 09:08:48,987 : INFO : EventManager : Event: ======'playfield_active'====== Args={}
2022-10-12 09:08:48,987 : INFO : EventManager : Event: ======'unexpected_ball_on_playfield'====== Args={}
2022-10-12 09:08:48,988 : INFO : BallController : Initial balls found: 2
2022-10-12 09:08:48,989 : INFO : EventManager : Event: ======'machine_var_audits_events_game_ended'====== Args={'value': 0, 'prev_value': None, 'change': True}
2022-10-12 09:08:48,989 : INFO : EventManager : Event: ======'machine_var_audits_events_game_started'====== Args={'value': 0, 'prev_value': None, 'change': True}
2022-10-12 09:08:48,990 : INFO : EventManager : Event: ======'machine_var_audits_player_score'====== Args={'value': {'average': 0, 'top': [], 'total': 0}, 'prev_value': None, 'change': True}
2022-10-12 09:08:48,990 : INFO : EventManager : Event: ======'machine_var_audits_switches_s_autolauncher'====== Args={'value': 88, 'prev_value': None, 'change': True}
2022-10-12 09:08:48,990 : INFO : EventManager : Event: ======'machine_var_audits_switches_s_back_pop'====== Args={'value': 10, 'prev_value': None, 'change': True}
2022-10-12 09:08:48,990 : INFO : EventManager : Event: ======'machine_var_audits_switches_s_back_rollover'====== Args={'value': 0, 'prev_value': None, 'change': True}
2022-10-12 09:08:48,990 : INFO : EventManager : Event: ======'machine_var_audits_switches_s_back_stationary'====== Args={'value': 3, 'prev_value': None, 'change': True}
2022-10-12 09:08:48,990 : INFO : EventManager : Event: ======'machine_var_audits_switches_s_bot_back'====== Args={'value': 0, 'prev_value': None, 'change': True}
2022-10-12 09:08:48,990 : INFO : EventManager : Event: ======'machine_var_audits_switches_s_bot_big'====== Args={'value': 2, 'prev_value': None, 'change': True}
2022-10-12 09:08:48,991 : INFO : EventManager : Event: ======'machine_var_audits_switches_s_bot_left'====== Args={'value': 0, 'prev_value': None, 'change': True}
2022-10-12 09:08:48,991 : INFO : EventManager : Event: ======'machine_var_audits_switches_s_bot_right'====== Args={'value': 1, 'prev_value': None, 'change': True}
2022-10-12 09:08:48,991 : INFO : EventManager : Event: ======'machine_var_audits_switches_s_bot_rollover'====== Args={'value': 0, 'prev_value': None, 'change': True}
2022-10-12 09:08:48,991 : INFO : EventManager : Event: ======'machine_var_audits_switches_s_bot_vuk'====== Args={'value': 2, 'prev_value': None, 'change': True}
2022-10-12 09:08:48,991 : INFO : EventManager : Event: ======'machine_var_audits_switches_s_drop_mid_left'====== Args={'value': 76, 'prev_value': None, 'change': True}
2022-10-12 09:08:48,991 : INFO : EventManager : Event: ======'machine_var_audits_switches_s_drop_mid_mid'====== Args={'value': 85, 'prev_value': None, 'change': True}
2022-10-12 09:08:48,992 : INFO : EventManager : Event: ======'machine_var_audits_switches_s_drop_mid_right'====== Args={'value': 7, 'prev_value': None, 'change': True}
2022-10-12 09:08:48,992 : INFO : EventManager : Event: ======'machine_var_audits_switches_s_drop_right_left'====== Args={'value': 24, 'prev_value': None, 'change': True}
2022-10-12 09:08:48,992 : INFO : EventManager : Event: ======'machine_var_audits_switches_s_drop_right_right'====== Args={'value': 61, 'prev_value': None, 'change': True}
2022-10-12 09:08:48,992 : INFO : EventManager : Event: ======'machine_var_audits_switches_s_drop_single'====== Args={'value': 41, 'prev_value': None, 'change': True}
2022-10-12 09:08:48,992 : INFO : EventManager : Event: ======'machine_var_audits_switches_s_eos_left'====== Args={'value': 71, 'prev_value': None, 'change': True}
2022-10-12 09:08:48,992 : INFO : EventManager : Event: ======'machine_var_audits_switches_s_eos_left_top'====== Args={'value': 961, 'prev_value': None, 'change': True}
2022-10-12 09:08:48,993 : INFO : EventManager : Event: ======'machine_var_audits_switches_s_eos_right'====== Args={'value': 96, 'prev_value': None, 'change': True}
2022-10-12 09:08:48,993 : INFO : EventManager : Event: ======'machine_var_audits_switches_s_launch'====== Args={'value': 59, 'prev_value': None, 'change': True}
2022-10-12 09:08:48,993 : INFO : EventManager : Event: ======'machine_var_audits_switches_s_left_flipper'====== Args={'value': 1067, 'prev_value': None, 'change': True}
2022-10-12 09:08:48,993 : INFO : EventManager : Event: ======'machine_var_audits_switches_s_left_inlane'====== Args={'value': 26, 'prev_value': None, 'change': True}
2022-10-12 09:08:48,993 : INFO : EventManager : Event: ======'machine_var_audits_switches_s_left_outlane'====== Args={'value': 5, 'prev_value': None, 'change': True}
2022-10-12 09:08:48,994 : INFO : EventManager : Event: ======'machine_var_audits_switches_s_pop_left'====== Args={'value': 174, 'prev_value': None, 'change': True}
2022-10-12 09:08:48,994 : INFO : EventManager : Event: ======'machine_var_audits_switches_s_pop_lower'====== Args={'value': 256, 'prev_value': None, 'change': True}
2022-10-12 09:08:48,994 : INFO : EventManager : Event: ======'machine_var_audits_switches_s_pop_right'====== Args={'value': 341, 'prev_value': None, 'change': True}
2022-10-12 09:08:48,994 : INFO : EventManager : Event: ======'machine_var_audits_switches_s_right_flipper'====== Args={'value': 1049, 'prev_value': None, 'change': True}
2022-10-12 09:08:48,994 : INFO : EventManager : Event: ======'machine_var_audits_switches_s_right_inlane'====== Args={'value': 0, 'prev_value': None, 'change': True}
2022-10-12 09:08:48,995 : INFO : EventManager : Event: ======'machine_var_audits_switches_s_right_outlane'====== Args={'value': 79, 'prev_value': None, 'change': True}
2022-10-12 09:08:48,995 : INFO : EventManager : Event: ======'machine_var_audits_switches_s_rollover_left'====== Args={'value': 71, 'prev_value': None, 'change': True}
2022-10-12 09:08:48,995 : INFO : EventManager : Event: ======'machine_var_audits_switches_s_rollover_right'====== Args={'value': 46, 'prev_value': None, 'change': True}
2022-10-12 09:08:48,995 : INFO : EventManager : Event: ======'machine_var_audits_switches_s_sling_left'====== Args={'value': 43, 'prev_value': None, 'change': True}
2022-10-12 09:08:48,995 : INFO : EventManager : Event: ======'machine_var_audits_switches_s_sling_right'====== Args={'value': 136, 'prev_value': None, 'change': True}
2022-10-12 09:08:48,996 : INFO : EventManager : Event: ======'machine_var_audits_switches_s_start'====== Args={'value': 154, 'prev_value': None, 'change': True}
2022-10-12 09:08:48,996 : INFO : EventManager : Event: ======'machine_var_audits_switches_s_tilt'====== Args={'value': 129, 'prev_value': None, 'change': True}
2022-10-12 09:08:48,996 : INFO : EventManager : Event: ======'machine_var_audits_switches_s_transfer_rollover'====== Args={'value': 3, 'prev_value': None, 'change': True}
2022-10-12 09:08:48,996 : INFO : EventManager : Event: ======'machine_var_audits_switches_s_trough_1'====== Args={'value': 57, 'prev_value': None, 'change': True}
2022-10-12 09:08:48,997 : INFO : EventManager : Event: ======'machine_var_audits_switches_s_trough_2'====== Args={'value': 211, 'prev_value': None, 'change': True}
2022-10-12 09:08:48,997 : INFO : EventManager : Event: ======'machine_var_audits_switches_s_trough_3'====== Args={'value': 103, 'prev_value': None, 'change': True}
2022-10-12 09:08:48,997 : INFO : EventManager : Event: ======'machine_var_audits_switches_s_trough_4'====== Args={'value': 105, 'prev_value': None, 'change': True}
2022-10-12 09:08:48,997 : INFO : EventManager : Event: ======'machine_var_audits_switches_s_trough_5'====== Args={'value': 111, 'prev_value': None, 'change': True}
2022-10-12 09:08:48,998 : INFO : EventManager : Event: ======'machine_var_audits_switches_s_trough_6'====== Args={'value': 187, 'prev_value': None, 'change': True}
2022-10-12 09:08:48,998 : INFO : EventManager : Event: ======'machine_var_audits_switches_s_trough_jam'====== Args={'value': 108, 'prev_value': None, 'change': True}
2022-10-12 09:08:48,998 : INFO : EventManager : Event: ======'machine_var_audits_switches_s_upper_drop'====== Args={'value': 0, 'prev_value': None, 'change': True}
2022-10-12 09:08:48,998 : INFO : EventManager : Event: ======'machine_var_audits_switches_s_upper_rollover'====== Args={'value': 24, 'prev_value': None, 'change': True}
2022-10-12 09:08:48,999 : INFO : EventManager : Event: ======'machine_var_audits_switches_s_upper_stationary'====== Args={'value': 13, 'prev_value': None, 'change': True}
2022-10-12 09:08:48,999 : INFO : EventManager : Event: ======'machine_var_audits_switches_s_vuk_back'====== Args={'value': 1, 'prev_value': None, 'change': True}
2022-10-12 09:08:48,999 : INFO : EventManager : Event: ======'machine_var_audits_switches_s_vuk_right'====== Args={'value': 3, 'prev_value': None, 'change': True}
2022-10-12 09:08:49,000 : INFO : EventManager : Event: ======'machine_var_audits_switches_s_vuk_top'====== Args={'value': 29, 'prev_value': None, 'change': True}
2022-10-12 09:08:49,001 : INFO : EventManager : Event: ======'init_phase_5'====== Args={}
2022-10-12 09:08:49,029 : INFO : EventManager : Event: ======'init_done'====== Args={}
2022-10-12 09:08:49,030 : INFO : EventManager : Event: ======'machine_reset_phase_1'====== Args={}
2022-10-12 09:08:49,031 : INFO : EventManager : Event: ======'machine_reset_phase_2'====== Args={}
2022-10-12 09:08:49,032 : INFO : EventManager : Event: ======'machine_reset_phase_3'====== Args={}
2022-10-12 09:08:49,032 : INFO : EventManager : Event: ======'mode_tilt_will_start'====== Args={'queue': <QueuedEvent>}
2022-10-12 09:08:49,033 : INFO : EventManager : Event: ======'mode_tilt_starting'====== Args={'queue': <QueuedEvent>}
2022-10-12 09:08:49,033 : INFO : drop_target_bank.mid : 1 targets are down. Will reset those.
2022-10-12 09:08:49,033 : INFO : coil.c_drop_mid : Pulsing Driver for 50ms (0.7 pulse_power)
2022-10-12 09:08:49,033 : INFO : drop_target_bank.right : All targets are already up. Will not reset bank.
2022-10-12 09:08:49,034 : INFO : Mode.tilt : Started. Priority: 1000000
2022-10-12 09:08:49,034 : INFO : EventManager : Event: ======'modes_active_modes_changed'====== Args={}
2022-10-12 09:08:49,034 : INFO : EventManager : Event: ======'mode_tilt_started'====== Args={'queue': <QueuedEvent>}
2022-10-12 09:08:49,034 : INFO : EventManager : Event: ======'reset_complete'====== Args={}
2022-10-12 09:08:49,035 : INFO : EventManager : Event: ======'mode_attract_will_start'====== Args={}
2022-10-12 09:08:49,035 : INFO : EventManager : Event: ======'mode_attract_starting'====== Args={}
2022-10-12 09:08:49,035 : INFO : Mode.attract : Started. Priority: 10
2022-10-12 09:08:49,035 : INFO : EventManager : Event: ======'modes_active_modes_changed'====== Args={}
2022-10-12 09:08:49,035 : INFO : EventManager : Event: ======'mode_attract_started'====== Args={}
2022-10-12 09:08:49,036 : INFO : EventManager : Event: ======'collecting_balls_complete'====== Args={}
2022-10-12 09:08:49,060 : INFO : Machine : Starting the main run loop.
2022-10-12 09:08:49,526 : INFO : EventManager : Event: ======'drop_target_bank_mid_mixed'====== Args={'prev_value': <DropTargetBankState.MIXED: 'mixed'>, 'down': 1}
2022-10-12 09:08:49,859 : INFO : BcpServer : New client connected.
2022-10-12 09:09:43,900 : INFO : Machine : Shutting down...
2022-10-12 09:09:43,900 : INFO : EventManager : Event: ======'shutdown'====== Args={}
2022-10-12 09:09:43,916 : WARNING : FAST : Port RGB received more messages than were sent! Resetting!
2022-10-12 09:09:43,916 : WARNING : FAST : Port NET received more messages than were sent! Resetting!
2022-10-12 09:09:43,996 : ERROR : FAST : Stop called on serial connection com9
2022-10-12 09:09:43,996 : ERROR : FAST : Stop called on serial connection com10
2022-10-12 09:09:44,217 : INFO : root : MPF run loop ended.
