2022-10-18 12:10:32,468 : kivy : Factory: 186 symbols loaded
2022-10-18 12:10:32,585 : kivy : ImageLoaderFFPy: Using ffpyplayer 4.3.2
2022-10-18 12:10:32,585 : kivy : Image: Providers: img_tex, img_dds, img_sdl2, img_pil, img_ffpyplayer 
2022-10-18 12:10:32,622 : kivy : VideoGstplayer: Using Gstreamer 1.18.0.0
2022-10-18 12:10:32,622 : kivy : Video: Provider: gstplayer
2022-10-18 12:10:32,824 : kivy : Loading MPF-MC controller
2022-10-18 12:10:32,826 : YamlMultifileConfigLoader : Machine config file #1: config
2022-10-18 12:10:32,827 : ConfigProcessor : Config file in cache changed: c:\trashland_2\config\config
2022-10-18 12:10:32,827 : ConfigProcessor : Loading config from file c:\users\tanner\appdata\local\programs\python\python37\lib\site-packages\mpfmc\mcconfig.yaml.
2022-10-18 12:10:32,865 : ConfigProcessor : Loading config: c:\users\tanner\appdata\local\programs\python\python37\lib\site-packages\mpfmc\mcconfig.yaml
2022-10-18 12:10:32,865 : ConfigProcessor : Loading config from file c:\trashland_2\config\config.
2022-10-18 12:10:32,976 : ConfigProcessor : Loading config: c:\trashland_2\config\config
2022-10-18 12:10:32,979 : ConfigProcessor : Config file cache created: C:\Users\Tanner\AppData\Local\Temp\af2f9975217aa24f0c3c7583f835539f.mpf_cache
2022-10-18 12:10:32,980 : ConfigProcessor : Loading config from cache: C:\Users\Tanner\AppData\Local\Temp\9cf7ccc27b21f4d6162237fadfc53e5a.mpf_cache
2022-10-18 12:10:32,980 : ConfigProcessor : Loading config from cache: C:\Users\Tanner\AppData\Local\Temp\c215df352878fee5d54f1a5ec5b16e7c.mpf_cache
2022-10-18 12:10:32,981 : ConfigProcessor : Loading config from cache: C:\Users\Tanner\AppData\Local\Temp\708062243e0edcfa77dd6b1521bd0d4e.mpf_cache
2022-10-18 12:10:32,981 : ConfigProcessor : Loading config from cache: C:\Users\Tanner\AppData\Local\Temp\c4174472f67f7b070dd6fb437c6feb0c.mpf_cache
2022-10-18 12:10:32,982 : mpfmc : Mission Pinball Framework Media Controller v0.55.0
2022-10-18 12:10:32,982 : mpfmc : Mission Pinball Framework Game Engine v0.55.0
2022-10-18 12:10:32,982 : mpfmc : Machine path: c:\trashland_2
2022-10-18 12:10:32,982 : mpfmc : Starting clock at 60.0Hz
2022-10-18 12:10:32,995 : kivy : Text: Provider: sdl2
2022-10-18 12:10:33,031 : kivy : Window: Provider: sdl2
2022-10-18 12:10:33,624 : kivy : GL: Using the "OpenGL" graphics system
2022-10-18 12:10:33,630 : kivy : GL: GLEW initialization succeeded
2022-10-18 12:10:33,630 : kivy : GL: Backend used <glew>
2022-10-18 12:10:33,630 : kivy : GL: OpenGL version <b'4.6.0 NVIDIA 512.15'>
2022-10-18 12:10:33,630 : kivy : GL: OpenGL vendor <b'NVIDIA Corporation'>
2022-10-18 12:10:33,630 : kivy : GL: OpenGL renderer <b'NVIDIA GeForce GTX 1060 3GB/PCIe/SSE2'>
2022-10-18 12:10:33,630 : kivy : GL: OpenGL parsed version: 4, 6
2022-10-18 12:10:33,631 : kivy : GL: Shading version <b'4.60 NVIDIA'>
2022-10-18 12:10:33,631 : kivy : GL: Texture max size <32768>
2022-10-18 12:10:33,631 : kivy : GL: Texture max units <32>
2022-10-18 12:10:33,673 : kivy : Window: auto add sdl2 input provider
2022-10-18 12:10:33,673 : kivy : Window: virtual keyboard not allowed, single mode, not docked
2022-10-18 12:10:33,680 : SoundSystem : SoundSystem: Using default 'sound_system' settings
2022-10-18 12:10:33,901 : AudioInterface : Initialized
2022-10-18 12:10:33,901 : AudioInterface : Loaded SDL 2.0.12
2022-10-18 12:10:33,901 : AudioInterface : Loaded SDL_Mixer 2.0.4
2022-10-18 12:10:33,901 : AudioInterface : Loaded GStreamer 1.18.0.0
2022-10-18 12:10:33,902 : AudioInterface : Loaded GLib 2.62.6
2022-10-18 12:10:33,902 : AudioInterface : Settings requested - rate: 44100, channels: 1, buffer: 2048 samples
2022-10-18 12:10:33,902 : AudioInterface : Settings in use - rate: 44100, channels: 1, buffer: 2048 samples (4096 bytes @ 2 bytes per sample)
2022-10-18 12:10:33,902 : SoundSystem : No audio tracks are specified in your machine config file. a track named 'default' has been created.
2022-10-18 12:10:33,902 : SoundSystem : Setting master volume to 0.0
2022-10-18 12:10:33,902 : SoundSystem : master_volume in sound_system is deprecated and will be removed in the future.
2022-10-18 12:10:33,902 : AudioInterface : Enabling audio playback
2022-10-18 12:10:33,904 : kivy : Base: Start application main loop
2022-10-18 12:10:33,904 : EventManager : Event: ======'display_window_initialized'====== Args={}
2022-10-18 12:10:33,917 : mpfmc : Display: Setting 'window' as default display
2022-10-18 12:10:33,921 : EventManager : Event: ======'displays_initialized'====== Args={}
2022-10-18 12:10:33,922 : EventManager : Event: ======'slide_window_blank_created'====== Args={}
2022-10-18 12:10:33,922 : EventManager : Event: ======'display_window_ready'====== Args={}
2022-10-18 12:10:33,932 : EventManager : Event: ======'init_phase_1'====== Args={}
2022-10-18 12:10:33,936 : EventManager : Event: ======'mc_ready'====== Args={}
2022-10-18 12:10:33,936 : EventManager : Event: ======'init_phase_2'====== Args={}
2022-10-18 12:10:33,939 : EventManager : Event: ======'init_phase_3'====== Args={}
2022-10-18 12:10:33,940 : EventManager : Event: ======'init_phase_4'====== Args={}
2022-10-18 12:10:33,940 : EventManager : Event: ======'init_phase_5'====== Args={}
2022-10-18 12:10:33,940 : EventManager : Event: ======'init_done'====== Args={}
2022-10-18 12:10:33,940 : MPF-MC BCP Server : Starting up on localhost port 5050
2022-10-18 12:10:33,944 : MPF-MC BCP Server : Waiting for a connection...
2022-10-18 12:10:33,944 : mpfmc : SlidePlayer: Play called with settings={'slides': {welcome_slide-None-None: {'priority': None, 'target': None, 'background_color': [0.0, 0.0, 0.0, 1.0], 'show': True, 'force': False, 'expire': None, 'slide': None, 'tokens': {}, 'action': 'play', 'transition': None, 'transition_out': None}}}
2022-10-18 12:10:33,992 : kivy : GL: NPOT texture support is available
2022-10-18 12:10:33,992 : EventManager : Event: ======'slide_welcome_slide_created'====== Args={}
2022-10-18 12:10:33,994 : EventManager : Event: ======'slide_welcome_slide_active'====== Args={}
2022-10-18 12:10:33,997 : EventManager : Event: ======'client_disconnected'====== Args={'host': '127.0.0.1', 'port': 5050}
2022-10-18 12:10:34,580 : MPF-MC BCP Server : Received connection from: 127.0.0.1:56145
2022-10-18 12:10:34,581 : EventManager : Event: ======'client_connected'====== Args={'host': '127.0.0.1', 'port': 56145}
2022-10-18 12:10:34,593 : EventManager : Event: ======'machine_var_credits_string'====== Args={'value': 'FREE PLAY', 'prev_value': None, 'change': True}
2022-10-18 12:10:34,593 : EventManager : Event: ======'machine_var_master_volume'====== Args={'value': 0.5, 'prev_value': None, 'change': True}
2022-10-18 12:10:34,593 : EventManager : Event: ======'machine_var_mpf_version'====== Args={'value': 'MPF v0.55.0', 'prev_value': None, 'change': True}
2022-10-18 12:10:34,593 : EventManager : Event: ======'machine_var_mpf_extended_version'====== Args={'value': 'MPF v0.55.0, Config version:5, Show version: 5, BCP version:1.1', 'prev_value': None, 'change': True}
2022-10-18 12:10:34,593 : EventManager : Event: ======'machine_var_python_version'====== Args={'value': '3.7.8', 'prev_value': None, 'change': True}
2022-10-18 12:10:34,593 : EventManager : Event: ======'machine_var_platform'====== Args={'value': 'Windows-10-10.0.19041-SP0', 'prev_value': None, 'change': True}
2022-10-18 12:10:34,593 : EventManager : Event: ======'machine_var_platform_system'====== Args={'value': 'Windows', 'prev_value': None, 'change': True}
2022-10-18 12:10:34,593 : EventManager : Event: ======'machine_var_platform_release'====== Args={'value': '10', 'prev_value': None, 'change': True}
2022-10-18 12:10:34,593 : EventManager : Event: ======'machine_var_platform_version'====== Args={'value': '10.0.19041', 'prev_value': None, 'change': True}
2022-10-18 12:10:34,593 : EventManager : Event: ======'machine_var_platform_machine'====== Args={'value': 'AMD64', 'prev_value': None, 'change': True}
2022-10-18 12:10:34,593 : EventManager : Event: ======'machine_var_mc_version'====== Args={'value': 'MPF-MC v0.55.0', 'prev_value': None, 'change': True}
2022-10-18 12:10:34,593 : EventManager : Event: ======'machine_var_mc_extended_version'====== Args={'value': 'MPF-MC v0.55.0 (config_version=5, BCP v1.1, Requires MPF v0.55.0-dev.49)', 'prev_value': None, 'change': True}
2022-10-18 12:10:34,594 : SoundSystem : Setting master volume to 0.5
2022-10-18 12:10:35,269 : EventManager : Event: ======'machine_var_audits_events_game_ended'====== Args={'value': 0, 'prev_value': None, 'change': True}
2022-10-18 12:10:35,269 : EventManager : Event: ======'machine_var_audits_events_game_started'====== Args={'value': 0, 'prev_value': None, 'change': True}
2022-10-18 12:10:35,269 : EventManager : Event: ======'machine_var_audits_player_score'====== Args={'value': {'average': 0, 'top': [], 'total': 0}, 'prev_value': None, 'change': True}
2022-10-18 12:10:35,269 : EventManager : Event: ======'machine_var_audits_switches_s_autolauncher'====== Args={'value': 92, 'prev_value': None, 'change': True}
2022-10-18 12:10:35,269 : EventManager : Event: ======'machine_var_audits_switches_s_back_pop'====== Args={'value': 12, 'prev_value': None, 'change': True}
2022-10-18 12:10:35,269 : EventManager : Event: ======'machine_var_audits_switches_s_back_rollover'====== Args={'value': 0, 'prev_value': None, 'change': True}
2022-10-18 12:10:35,269 : EventManager : Event: ======'machine_var_audits_switches_s_back_stationary'====== Args={'value': 3, 'prev_value': None, 'change': True}
2022-10-18 12:10:35,269 : EventManager : Event: ======'machine_var_audits_switches_s_bot_back'====== Args={'value': 1, 'prev_value': None, 'change': True}
2022-10-18 12:10:35,281 : EventManager : Event: ======'machine_var_audits_switches_s_bot_big'====== Args={'value': 4, 'prev_value': None, 'change': True}
2022-10-18 12:10:35,281 : EventManager : Event: ======'machine_var_audits_switches_s_bot_left'====== Args={'value': 0, 'prev_value': None, 'change': True}
2022-10-18 12:10:35,281 : EventManager : Event: ======'machine_var_audits_switches_s_bot_right'====== Args={'value': 1, 'prev_value': None, 'change': True}
2022-10-18 12:10:35,281 : EventManager : Event: ======'machine_var_audits_switches_s_bot_rollover'====== Args={'value': 1, 'prev_value': None, 'change': True}
2022-10-18 12:10:35,281 : EventManager : Event: ======'machine_var_audits_switches_s_bot_vuk'====== Args={'value': 3, 'prev_value': None, 'change': True}
2022-10-18 12:10:35,281 : EventManager : Event: ======'machine_var_audits_switches_s_drop_mid_left'====== Args={'value': 104, 'prev_value': None, 'change': True}
2022-10-18 12:10:35,281 : EventManager : Event: ======'machine_var_audits_switches_s_drop_mid_mid'====== Args={'value': 125, 'prev_value': None, 'change': True}
2022-10-18 12:10:35,281 : EventManager : Event: ======'machine_var_audits_switches_s_drop_mid_right'====== Args={'value': 36, 'prev_value': None, 'change': True}
2022-10-18 12:10:35,281 : EventManager : Event: ======'machine_var_audits_switches_s_drop_right_left'====== Args={'value': 26, 'prev_value': None, 'change': True}
2022-10-18 12:10:35,281 : EventManager : Event: ======'machine_var_audits_switches_s_drop_right_right'====== Args={'value': 63, 'prev_value': None, 'change': True}
2022-10-18 12:10:35,281 : EventManager : Event: ======'machine_var_audits_switches_s_drop_single'====== Args={'value': 41, 'prev_value': None, 'change': True}
2022-10-18 12:10:35,281 : EventManager : Event: ======'machine_var_audits_switches_s_eos_left'====== Args={'value': 117, 'prev_value': None, 'change': True}
2022-10-18 12:10:35,282 : EventManager : Event: ======'machine_var_audits_switches_s_eos_left_top'====== Args={'value': 981, 'prev_value': None, 'change': True}
2022-10-18 12:10:35,282 : EventManager : Event: ======'machine_var_audits_switches_s_eos_right'====== Args={'value': 271, 'prev_value': None, 'change': True}
2022-10-18 12:10:35,282 : EventManager : Event: ======'machine_var_audits_switches_s_launch'====== Args={'value': 64, 'prev_value': None, 'change': True}
2022-10-18 12:10:35,282 : EventManager : Event: ======'machine_var_audits_switches_s_left_flipper'====== Args={'value': 1088, 'prev_value': None, 'change': True}
2022-10-18 12:10:35,282 : EventManager : Event: ======'machine_var_audits_switches_s_left_inlane'====== Args={'value': 34, 'prev_value': None, 'change': True}
2022-10-18 12:10:35,282 : EventManager : Event: ======'machine_var_audits_switches_s_left_outlane'====== Args={'value': 7, 'prev_value': None, 'change': True}
2022-10-18 12:10:35,282 : EventManager : Event: ======'machine_var_audits_switches_s_pop_left'====== Args={'value': 192, 'prev_value': None, 'change': True}
2022-10-18 12:10:35,282 : EventManager : Event: ======'machine_var_audits_switches_s_pop_lower'====== Args={'value': 279, 'prev_value': None, 'change': True}
2022-10-18 12:10:35,282 : EventManager : Event: ======'machine_var_audits_switches_s_pop_right'====== Args={'value': 348, 'prev_value': None, 'change': True}
2022-10-18 12:10:35,282 : EventManager : Event: ======'machine_var_audits_switches_s_right_flipper'====== Args={'value': 1226, 'prev_value': None, 'change': True}
2022-10-18 12:10:35,282 : EventManager : Event: ======'machine_var_audits_switches_s_right_inlane'====== Args={'value': 6, 'prev_value': None, 'change': True}
2022-10-18 12:10:35,282 : EventManager : Event: ======'machine_var_audits_switches_s_right_outlane'====== Args={'value': 91, 'prev_value': None, 'change': True}
2022-10-18 12:10:35,282 : EventManager : Event: ======'machine_var_audits_switches_s_rollover_left'====== Args={'value': 72, 'prev_value': None, 'change': True}
2022-10-18 12:10:35,283 : EventManager : Event: ======'machine_var_audits_switches_s_rollover_right'====== Args={'value': 100, 'prev_value': None, 'change': True}
2022-10-18 12:10:35,283 : EventManager : Event: ======'machine_var_audits_switches_s_sling_left'====== Args={'value': 44, 'prev_value': None, 'change': True}
2022-10-18 12:10:35,283 : EventManager : Event: ======'machine_var_audits_switches_s_sling_right'====== Args={'value': 141, 'prev_value': None, 'change': True}
2022-10-18 12:10:35,283 : EventManager : Event: ======'machine_var_audits_switches_s_start'====== Args={'value': 154, 'prev_value': None, 'change': True}
2022-10-18 12:10:35,283 : EventManager : Event: ======'machine_var_audits_switches_s_tilt'====== Args={'value': 132, 'prev_value': None, 'change': True}
2022-10-18 12:10:35,283 : EventManager : Event: ======'machine_var_audits_switches_s_transfer_rollover'====== Args={'value': 3, 'prev_value': None, 'change': True}
2022-10-18 12:10:35,283 : EventManager : Event: ======'machine_var_audits_switches_s_trough_1'====== Args={'value': 57, 'prev_value': None, 'change': True}
2022-10-18 12:10:35,283 : EventManager : Event: ======'machine_var_audits_switches_s_trough_2'====== Args={'value': 212, 'prev_value': None, 'change': True}
2022-10-18 12:10:35,283 : EventManager : Event: ======'machine_var_audits_switches_s_trough_3'====== Args={'value': 103, 'prev_value': None, 'change': True}
2022-10-18 12:10:35,283 : EventManager : Event: ======'machine_var_audits_switches_s_trough_4'====== Args={'value': 105, 'prev_value': None, 'change': True}
2022-10-18 12:10:35,283 : EventManager : Event: ======'machine_var_audits_switches_s_trough_5'====== Args={'value': 111, 'prev_value': None, 'change': True}
2022-10-18 12:10:35,283 : EventManager : Event: ======'machine_var_audits_switches_s_trough_6'====== Args={'value': 187, 'prev_value': None, 'change': True}
2022-10-18 12:10:35,283 : EventManager : Event: ======'machine_var_audits_switches_s_trough_jam'====== Args={'value': 108, 'prev_value': None, 'change': True}
2022-10-18 12:10:35,283 : EventManager : Event: ======'machine_var_audits_switches_s_upper_drop'====== Args={'value': 0, 'prev_value': None, 'change': True}
2022-10-18 12:10:35,283 : EventManager : Event: ======'machine_var_audits_switches_s_upper_rollover'====== Args={'value': 26, 'prev_value': None, 'change': True}
2022-10-18 12:10:35,284 : EventManager : Event: ======'machine_var_audits_switches_s_upper_stationary'====== Args={'value': 13, 'prev_value': None, 'change': True}
2022-10-18 12:10:35,284 : EventManager : Event: ======'machine_var_audits_switches_s_vuk_back'====== Args={'value': 1, 'prev_value': None, 'change': True}
2022-10-18 12:10:35,284 : EventManager : Event: ======'machine_var_audits_switches_s_vuk_right'====== Args={'value': 3, 'prev_value': None, 'change': True}
2022-10-18 12:10:35,284 : EventManager : Event: ======'machine_var_audits_switches_s_vuk_top'====== Args={'value': 36, 'prev_value': None, 'change': True}
2022-10-18 12:10:35,284 : EventManager : Event: ======'machine_var_audits_switches_s_left_orbit_prox'====== Args={'value': 0, 'prev_value': None, 'change': True}
2022-10-18 12:10:35,284 : EventManager : Event: ======'machine_var_audits_switches_s_left_return'====== Args={'value': 0, 'prev_value': None, 'change': True}
2022-10-18 12:10:35,306 : EventManager : Event: ======'slides_play'====== Args={'settings': {'welcome_slide': {'target': None, 'background_color': [0.0, 0.0, 0.0, 1.0], 'priority': None, 'show': True, 'force': False, 'expire': None, 'slide': None, 'tokens': {}, 'action': 'play'}}, 'context': '_global', 'calling_context': 'init_done', 'priority': 0}
2022-10-18 12:10:35,306 : EventManager : Event: ======'mc_reset_phase_1'====== Args={}
2022-10-18 12:10:35,306 : mpfmc : SlidePlayer: Play called with settings={'welcome_slide': {'target': None, 'background_color': [0.0, 0.0, 0.0, 1.0], 'priority': None, 'show': True, 'force': False, 'expire': None, 'slide': None, 'tokens': {}, 'action': 'play'}}
2022-10-18 12:10:35,306 : EventManager : Event: ======'slide_welcome_slide_removed'====== Args={}
2022-10-18 12:10:35,308 : EventManager : Event: ======'slide_welcome_slide_created'====== Args={}
2022-10-18 12:10:35,308 : EventManager : Event: ======'mc_reset_phase_2'====== Args={}
2022-10-18 12:10:35,308 : EventManager : Event: ======'mc_reset_phase_3'====== Args={}
2022-10-18 12:10:35,308 : EventManager : Event: ======'mc_reset_complete'====== Args={}
2022-10-18 12:10:35,309 : EventManager : Event: ======'slide_welcome_slide_active'====== Args={}
2022-10-18 12:10:55,954 : kivy : Base: Leaving application in progress...
