2022-10-23 09:59:57,031 : INFO : root : Loading config.
2022-10-23 09:59:57,038 : INFO : YamlMultifileConfigLoader : Machine config file #1: config.yaml
2022-10-23 09:59:57,039 : INFO : ConfigProcessor : Loading config from cache: C:\Users\Tanner\AppData\Local\Temp\a6762098cb994b55cb03a478b26022ee.mpf_cache
2022-10-23 09:59:57,124 : INFO : ConfigProcessor : Loading config from cache: C:\Users\Tanner\AppData\Local\Temp\9cf7ccc27b21f4d6162237fadfc53e5a.mpf_cache
2022-10-23 09:59:57,129 : INFO : ConfigProcessor : Loading config from cache: C:\Users\Tanner\AppData\Local\Temp\c215df352878fee5d54f1a5ec5b16e7c.mpf_cache
2022-10-23 09:59:57,133 : INFO : ConfigProcessor : Loading config from cache: C:\Users\Tanner\AppData\Local\Temp\708062243e0edcfa77dd6b1521bd0d4e.mpf_cache
2022-10-23 09:59:57,137 : INFO : ConfigProcessor : Loading config from cache: C:\Users\Tanner\AppData\Local\Temp\9cf7ccc27b21f4d6162237fadfc53e5a.mpf_cache
2022-10-23 09:59:57,139 : INFO : ConfigProcessor : Loading config from cache: C:\Users\Tanner\AppData\Local\Temp\c4174472f67f7b070dd6fb437c6feb0c.mpf_cache
2022-10-23 09:59:57,143 : INFO : ConfigProcessor : Loading config from cache: C:\Users\Tanner\AppData\Local\Temp\33b306b4bf49d065496332ee9ac2494c.mpf_cache
2022-10-23 09:59:57,148 : INFO : ConfigProcessor : Loading config from cache: C:\Users\Tanner\AppData\Local\Temp\9e6b4d5e43fd00e219ba7c739d818ad6.mpf_cache
2022-10-23 09:59:57,152 : INFO : ConfigProcessor : Loading config from cache: C:\Users\Tanner\AppData\Local\Temp\abaa92c43d134e3392cbb2346e6a16be.mpf_cache
2022-10-23 09:59:57,156 : INFO : ConfigProcessor : Loading config from cache: C:\Users\Tanner\AppData\Local\Temp\fc46d53fcb9fe6b8abf783d9c813390a.mpf_cache
2022-10-23 09:59:57,160 : INFO : ConfigProcessor : Loading config from cache: C:\Users\Tanner\AppData\Local\Temp\b46de592c65b9a27a1f4965daee53c91.mpf_cache
2022-10-23 09:59:57,165 : INFO : ConfigProcessor : Loading config from cache: C:\Users\Tanner\AppData\Local\Temp\5b50cb1d58cd4116013cda74c2923169.mpf_cache
2022-10-23 09:59:57,172 : INFO : ConfigProcessor : Loading config from cache: C:\Users\Tanner\AppData\Local\Temp\2734ac1662e5e62f2e4cb2a8d902a8f2.mpf_cache
2022-10-23 09:59:57,178 : INFO : ConfigProcessor : Loading config from cache: C:\Users\Tanner\AppData\Local\Temp\fe169133106b4804e097dca6b78afaf5.mpf_cache
2022-10-23 09:59:57,183 : INFO : ConfigProcessor : Loading config from cache: C:\Users\Tanner\AppData\Local\Temp\d4f531e94c6a484dd08e4121f6e3a74e.mpf_cache
2022-10-23 09:59:57,187 : INFO : ConfigProcessor : Loading config from cache: C:\Users\Tanner\AppData\Local\Temp\e9c431c8aa2f7ab7b37617b37185d68f.mpf_cache
2022-10-23 09:59:57,193 : INFO : ConfigProcessor : Loading config from cache: C:\Users\Tanner\AppData\Local\Temp\07112933e6abcdb1819075df64aee3c0.mpf_cache
2022-10-23 09:59:57,198 : INFO : Machine : Mission Pinball Framework Core Engine v0.55.0
2022-10-23 09:59:57,198 : INFO : Machine : Command line arguments: {'no_load_cache': False, 'create_config_cache': True, 'bcp': False, 'configfile': ['config.yaml'], 'force_assets_load': False, 'jsonlogging': False, 'logfile': 'logs\\2022-10-23-09-59-57-mpf-DESKTOP-7HNFDQ5.log', 'pause': False, 'production': False, 'text_ui': True, 'loglevel': 15, 'consoleloglevel': 20, 'force_platform': None, 'syslog_address': None, 'mc_file_name': None, 'no_sound': False}
2022-10-23 09:59:57,198 : INFO : Machine : MPF path: c:\users\tanner\appdata\local\programs\python\python37\lib\site-packages\mpf
2022-10-23 09:59:57,198 : INFO : Machine : Machine path: c:\trashland_2
2022-10-23 09:59:57,198 : INFO : Machine : Platform: win32
2022-10-23 09:59:57,198 : INFO : Machine : Python executable location: c:\users\tanner\appdata\local\programs\python\python37\python.exe
2022-10-23 09:59:57,198 : INFO : Machine : Python version: 3.7.8 (64-bit)
2022-10-23 09:59:57,200 : INFO : Machine : Initialise MPF.
2022-10-23 09:59:57,625 : INFO : FAST : Connecting to com14 at 921600bps
2022-10-23 09:59:57,742 : INFO : FAST : Connected! Processor: NET, Board Type: FP-CPU-002-2, Firmware: 01.05
2022-10-23 09:59:57,742 : INFO : EventManager : Event: ======'machine_var_fast_net_firmware'====== Args={'value': '01.05', 'prev_value': None, 'change': True}
2022-10-23 09:59:57,742 : INFO : EventManager : Event: ======'machine_var_fast_net_model'====== Args={'value': 'FP-CPU-002-2', 'prev_value': None, 'change': True}
2022-10-23 10:00:00,110 : WARNING : FAST : Got unexpected message from FAST: -N:0A
2022-10-23 10:00:00,110 : WARNING : FAST : Got unexpected message from FAST: -N:11
2022-10-23 10:00:00,110 : WARNING : FAST : Got unexpected message from FAST: -N:2B
2022-10-23 10:00:00,110 : WARNING : FAST : Got unexpected message from FAST: -N:2C
2022-10-23 10:00:00,110 : WARNING : FAST : Got unexpected message from FAST: -N:33
2022-10-23 10:00:00,110 : WARNING : FAST : Got unexpected message from FAST: -N:34
2022-10-23 10:00:00,110 : WARNING : FAST : Got unexpected message from FAST: -N:38
2022-10-23 10:00:00,110 : WARNING : FAST : Got unexpected message from FAST: -N:3D
2022-10-23 10:00:00,110 : WARNING : FAST : Got unexpected message from FAST: -N:40
2022-10-23 10:00:00,110 : WARNING : FAST : Got unexpected message from FAST: -N:41
2022-10-23 10:00:00,110 : WARNING : FAST : Got unexpected message from FAST: -N:42
2022-10-23 10:00:00,110 : WARNING : FAST : Got unexpected message from FAST: -N:43
2022-10-23 10:00:00,111 : WARNING : FAST : Got unexpected message from FAST: -N:48
2022-10-23 10:00:00,111 : WARNING : FAST : Got unexpected message from FAST: -N:5D
2022-10-23 10:00:00,222 : INFO : FAST : Connecting to com15 at 921600bps
2022-10-23 10:00:00,334 : INFO : FAST : Connected! Processor: RGB, Board Type: FP-CPU-002-2, Firmware: 00.87
2022-10-23 10:00:00,334 : INFO : EventManager : Event: ======'machine_var_fast_rgb_firmware'====== Args={'value': '00.87', 'prev_value': None, 'change': True}
2022-10-23 10:00:00,334 : INFO : EventManager : Event: ======'machine_var_fast_rgb_model'====== Args={'value': 'FP-CPU-002-2', 'prev_value': None, 'change': True}
2022-10-23 10:00:00,335 : INFO : EventManager : Event: ======'machine_var_credits_string'====== Args={'value': 'FREE PLAY', 'prev_value': None, 'change': True}
2022-10-23 10:00:00,401 : INFO : EventManager : Event: ======'machine_var_master_volume'====== Args={'value': 0.5, 'prev_value': None, 'change': True}
2022-10-23 10:00:00,401 : INFO : EventManager : Event: ======'machine_var_player1_score'====== Args={'value': 1630, 'prev_value': None, 'change': True}
2022-10-23 10:00:00,401 : INFO : EventManager : Event: ======'machine_var_mpf_version'====== Args={'value': 'MPF v0.55.0', 'prev_value': None, 'change': True}
2022-10-23 10:00:00,401 : INFO : EventManager : Event: ======'machine_var_mpf_extended_version'====== Args={'value': 'MPF v0.55.0, Config version:5, Show version: 5, BCP version:1.1', 'prev_value': None, 'change': True}
2022-10-23 10:00:00,401 : INFO : EventManager : Event: ======'machine_var_python_version'====== Args={'value': '3.7.8', 'prev_value': None, 'change': True}
2022-10-23 10:00:00,402 : INFO : EventManager : Event: ======'machine_var_platform'====== Args={'value': 'Windows-10-10.0.19041-SP0', 'prev_value': None, 'change': True}
2022-10-23 10:00:00,402 : INFO : EventManager : Event: ======'machine_var_platform_system'====== Args={'value': 'Windows', 'prev_value': None, 'change': True}
2022-10-23 10:00:00,402 : INFO : EventManager : Event: ======'machine_var_platform_release'====== Args={'value': '10', 'prev_value': None, 'change': True}
2022-10-23 10:00:00,402 : INFO : EventManager : Event: ======'machine_var_platform_version'====== Args={'value': '10.0.19041', 'prev_value': None, 'change': True}
2022-10-23 10:00:00,402 : INFO : EventManager : Event: ======'machine_var_platform_machine'====== Args={'value': 'AMD64', 'prev_value': None, 'change': True}
2022-10-23 10:00:00,402 : INFO : EventManager : Event: ======'init_phase_1'====== Args={}
2022-10-23 10:00:00,449 : INFO : EventManager : Event: ======'drop_target_bank_single_main_up'====== Args={}
2022-10-23 10:00:00,449 : INFO : EventManager : Event: ======'drop_target_bank_single_upper_up'====== Args={}
2022-10-23 10:00:00,450 : INFO : EventManager : Event: ======'drop_target_bank_mid_up'====== Args={}
2022-10-23 10:00:00,450 : INFO : EventManager : Event: ======'drop_target_bank_right_up'====== Args={}
2022-10-23 10:00:00,470 : INFO : EventManager : Event: ======'init_phase_2'====== Args={}
2022-10-23 10:00:00,471 : INFO : SwitchController : Found active switch: (('0A', 1), <Platform.FAST>) <switch.s_drop_upper>
2022-10-23 10:00:00,471 : INFO : SwitchController : Found active switch: (('0F', 1), <Platform.FAST>) <switch.s_left_return>
2022-10-23 10:00:00,471 : INFO : SwitchController : Found active switch: (('2C', 1), <Platform.FAST>) <switch.s_drop_mid_mid>
2022-10-23 10:00:00,471 : INFO : SwitchController : Found active switch: (('2B', 1), <Platform.FAST>) <switch.s_drop_mid_left>
2022-10-23 10:00:00,471 : INFO : SwitchController : Found active switch: (('44', 1), <Platform.FAST>) <switch.s_trough_2>
2022-10-23 10:00:00,471 : INFO : SwitchController : Found active switch: (('49', 1), <Platform.FAST>) <switch.s_trough_jam>
2022-10-23 10:00:00,471 : INFO : SwitchController : Found active switch: (('3B', 1), <Platform.FAST>) <switch.s_eos_left>
2022-10-23 10:00:00,480 : INFO : ball_device.bd_trough : BCH: Initial count: 2
2022-10-23 10:00:00,480 : INFO : ball_device.bd_trough : State: idle
2022-10-23 10:00:00,480 : INFO : ball_device.bd_plunger : BCH: Initial count: 0
2022-10-23 10:00:00,481 : INFO : ball_device.bd_plunger : State: idle
2022-10-23 10:00:00,481 : INFO : ball_device.bd_top_vuk : BCH: Initial count: 0
2022-10-23 10:00:00,481 : INFO : ball_device.bd_top_vuk : State: idle
2022-10-23 10:00:00,482 : INFO : ball_device.bd_right_vuk : BCH: Initial count: 0
2022-10-23 10:00:00,482 : INFO : ball_device.bd_right_vuk : State: idle
2022-10-23 10:00:00,482 : INFO : ball_device.bd_bot_vuk : BCH: Initial count: 0
2022-10-23 10:00:00,483 : INFO : ball_device.bd_bot_vuk : State: idle
2022-10-23 10:00:00,552 : INFO : EventManager : Event: ======'init_phase_3'====== Args={}
2022-10-23 10:00:01,147 : INFO : EventManager : Event: ======'init_phase_4'====== Args={}
2022-10-23 10:00:01,148 : INFO : EventManager : Event: ======'playfield_active'====== Args={}
2022-10-23 10:00:01,148 : INFO : EventManager : Event: ======'unexpected_ball_on_playfield'====== Args={}
2022-10-23 10:00:01,148 : INFO : EventManager : Event: ======'drop_target_mid_left_down'====== Args={'device': <drop_target.mid_left>}
2022-10-23 10:00:01,148 : INFO : EventManager : Event: ======'drop_target_bank_mid_mixed'====== Args={'prev_value': <DropTargetBankState.UP: 'up'>, 'down': 1}
2022-10-23 10:00:01,148 : INFO : EventManager : Event: ======'playfield_active'====== Args={}
2022-10-23 10:00:01,148 : INFO : EventManager : Event: ======'unexpected_ball_on_playfield'====== Args={}
2022-10-23 10:00:01,148 : INFO : EventManager : Event: ======'playfield_active'====== Args={}
2022-10-23 10:00:01,148 : INFO : EventManager : Event: ======'unexpected_ball_on_playfield'====== Args={}
2022-10-23 10:00:01,148 : INFO : EventManager : Event: ======'playfield_active'====== Args={}
2022-10-23 10:00:01,148 : INFO : EventManager : Event: ======'unexpected_ball_on_playfield'====== Args={}
2022-10-23 10:00:01,148 : INFO : EventManager : Event: ======'playfield_active'====== Args={}
2022-10-23 10:00:01,148 : INFO : EventManager : Event: ======'unexpected_ball_on_playfield'====== Args={}
2022-10-23 10:00:01,148 : INFO : EventManager : Event: ======'drop_target_d_drop_upper_down'====== Args={'device': <drop_target.d_drop_upper>}
2022-10-23 10:00:01,149 : INFO : EventManager : Event: ======'drop_target_bank_single_upper_down'====== Args={}
2022-10-23 10:00:01,149 : INFO : EventManager : Event: ======'playfield_active'====== Args={}
2022-10-23 10:00:01,149 : INFO : EventManager : Event: ======'unexpected_ball_on_playfield'====== Args={}
2022-10-23 10:00:01,149 : INFO : EventManager : Event: ======'playfield_active'====== Args={}
2022-10-23 10:00:01,149 : INFO : EventManager : Event: ======'unexpected_ball_on_playfield'====== Args={}
2022-10-23 10:00:01,149 : INFO : EventManager : Event: ======'drop_target_mid_mid_down'====== Args={'device': <drop_target.mid_mid>}
2022-10-23 10:00:01,149 : INFO : EventManager : Event: ======'drop_target_bank_mid_mixed'====== Args={'prev_value': <DropTargetBankState.MIXED: 'mixed'>, 'down': 2}
2022-10-23 10:00:01,149 : INFO : BallController : Initial balls found: 2
2022-10-23 10:00:01,151 : INFO : EventManager : Event: ======'machine_var_audits_events_game_ended'====== Args={'value': 0, 'prev_value': None, 'change': True}
2022-10-23 10:00:01,152 : INFO : EventManager : Event: ======'machine_var_audits_events_game_started'====== Args={'value': 0, 'prev_value': None, 'change': True}
2022-10-23 10:00:01,152 : INFO : EventManager : Event: ======'machine_var_audits_player_score'====== Args={'value': {'average': 3732.7339901477844, 'top': [50520, 38090, 37280, 30050, 28460, 25700, 25170, 20070, 18990, 18620], 'total': 406}, 'prev_value': None, 'change': True}
2022-10-23 10:00:01,152 : INFO : EventManager : Event: ======'machine_var_audits_shots_left_inlane'====== Args={'value': 251, 'prev_value': None, 'change': True}
2022-10-23 10:00:01,152 : INFO : EventManager : Event: ======'machine_var_audits_shots_left_outlane'====== Args={'value': 51, 'prev_value': None, 'change': True}
2022-10-23 10:00:01,152 : INFO : EventManager : Event: ======'machine_var_audits_shots_left_pop'====== Args={'value': 2272, 'prev_value': None, 'change': True}
2022-10-23 10:00:01,152 : INFO : EventManager : Event: ======'machine_var_audits_shots_left_return'====== Args={'value': 20, 'prev_value': None, 'change': True}
2022-10-23 10:00:01,152 : INFO : EventManager : Event: ======'machine_var_audits_shots_lower_pop'====== Args={'value': 2542, 'prev_value': None, 'change': True}
2022-10-23 10:00:01,152 : INFO : EventManager : Event: ======'machine_var_audits_shots_r_left_inlane'====== Args={'value': 234, 'prev_value': None, 'change': True}
2022-10-23 10:00:01,153 : INFO : EventManager : Event: ======'machine_var_audits_shots_r_left_outlane'====== Args={'value': 48, 'prev_value': None, 'change': True}
2022-10-23 10:00:01,153 : INFO : EventManager : Event: ======'machine_var_audits_shots_r_right_inlane'====== Args={'value': 2174, 'prev_value': None, 'change': True}
2022-10-23 10:00:01,153 : INFO : EventManager : Event: ======'machine_var_audits_shots_r_right_outlane'====== Args={'value': 18, 'prev_value': None, 'change': True}
2022-10-23 10:00:01,153 : INFO : EventManager : Event: ======'machine_var_audits_shots_right_inlane'====== Args={'value': 2174, 'prev_value': None, 'change': True}
2022-10-23 10:00:01,153 : INFO : EventManager : Event: ======'machine_var_audits_shots_right_outlane'====== Args={'value': 144, 'prev_value': None, 'change': True}
2022-10-23 10:00:01,153 : INFO : EventManager : Event: ======'machine_var_audits_shots_right_pop'====== Args={'value': 4763, 'prev_value': None, 'change': True}
2022-10-23 10:00:01,153 : INFO : EventManager : Event: ======'machine_var_audits_shots_scoop'====== Args={'value': 443, 'prev_value': None, 'change': True}
2022-10-23 10:00:01,154 : INFO : EventManager : Event: ======'machine_var_audits_shots_single_drop_shot'====== Args={'value': 17, 'prev_value': None, 'change': True}
2022-10-23 10:00:01,154 : INFO : EventManager : Event: ======'machine_var_audits_switches_s_autolauncher'====== Args={'value': 1546, 'prev_value': None, 'change': True}
2022-10-23 10:00:01,154 : INFO : EventManager : Event: ======'machine_var_audits_switches_s_back_pop'====== Args={'value': 340, 'prev_value': None, 'change': True}
2022-10-23 10:00:01,154 : INFO : EventManager : Event: ======'machine_var_audits_switches_s_back_rollover'====== Args={'value': 38, 'prev_value': None, 'change': True}
2022-10-23 10:00:01,154 : INFO : EventManager : Event: ======'machine_var_audits_switches_s_back_stationary'====== Args={'value': 33, 'prev_value': None, 'change': True}
2022-10-23 10:00:01,154 : INFO : EventManager : Event: ======'machine_var_audits_switches_s_bot_back'====== Args={'value': 1, 'prev_value': None, 'change': True}
2022-10-23 10:00:01,155 : INFO : EventManager : Event: ======'machine_var_audits_switches_s_bot_big'====== Args={'value': 59, 'prev_value': None, 'change': True}
2022-10-23 10:00:01,155 : INFO : EventManager : Event: ======'machine_var_audits_switches_s_bot_left'====== Args={'value': 0, 'prev_value': None, 'change': True}
2022-10-23 10:00:01,155 : INFO : EventManager : Event: ======'machine_var_audits_switches_s_bot_right'====== Args={'value': 8, 'prev_value': None, 'change': True}
2022-10-23 10:00:01,155 : INFO : EventManager : Event: ======'machine_var_audits_switches_s_bot_rollover'====== Args={'value': 1, 'prev_value': None, 'change': True}
2022-10-23 10:00:01,155 : INFO : EventManager : Event: ======'machine_var_audits_switches_s_bot_vuk'====== Args={'value': 260, 'prev_value': None, 'change': True}
2022-10-23 10:00:01,155 : INFO : EventManager : Event: ======'machine_var_audits_switches_s_drop_mid_left'====== Args={'value': 835, 'prev_value': None, 'change': True}
2022-10-23 10:00:01,156 : INFO : EventManager : Event: ======'machine_var_audits_switches_s_drop_mid_mid'====== Args={'value': 816, 'prev_value': None, 'change': True}
2022-10-23 10:00:01,156 : INFO : EventManager : Event: ======'machine_var_audits_switches_s_drop_mid_right'====== Args={'value': 1163, 'prev_value': None, 'change': True}
2022-10-23 10:00:01,156 : INFO : EventManager : Event: ======'machine_var_audits_switches_s_drop_right_left'====== Args={'value': 189, 'prev_value': None, 'change': True}
2022-10-23 10:00:01,156 : INFO : EventManager : Event: ======'machine_var_audits_switches_s_drop_right_right'====== Args={'value': 249, 'prev_value': None, 'change': True}
2022-10-23 10:00:01,156 : INFO : EventManager : Event: ======'machine_var_audits_switches_s_drop_single'====== Args={'value': 67, 'prev_value': None, 'change': True}
2022-10-23 10:00:01,157 : INFO : EventManager : Event: ======'machine_var_audits_switches_s_drop_upper'====== Args={'value': 2, 'prev_value': None, 'change': True}
2022-10-23 10:00:01,157 : INFO : EventManager : Event: ======'machine_var_audits_switches_s_eos_left'====== Args={'value': 305, 'prev_value': None, 'change': True}
2022-10-23 10:00:01,157 : INFO : EventManager : Event: ======'machine_var_audits_switches_s_eos_left_top'====== Args={'value': 12970, 'prev_value': None, 'change': True}
2022-10-23 10:00:01,157 : INFO : EventManager : Event: ======'machine_var_audits_switches_s_eos_right'====== Args={'value': 24041, 'prev_value': None, 'change': True}
2022-10-23 10:00:01,157 : INFO : EventManager : Event: ======'machine_var_audits_switches_s_launch'====== Args={'value': 2009, 'prev_value': None, 'change': True}
2022-10-23 10:00:01,158 : INFO : EventManager : Event: ======'machine_var_audits_switches_s_left_flipper'====== Args={'value': 13694, 'prev_value': None, 'change': True}
2022-10-23 10:00:01,158 : INFO : EventManager : Event: ======'machine_var_audits_switches_s_left_inlane'====== Args={'value': 285, 'prev_value': None, 'change': True}
2022-10-23 10:00:01,158 : INFO : EventManager : Event: ======'machine_var_audits_switches_s_left_orbit_prox'====== Args={'value': 87, 'prev_value': None, 'change': True}
2022-10-23 10:00:01,158 : INFO : EventManager : Event: ======'machine_var_audits_switches_s_left_outlane'====== Args={'value': 58, 'prev_value': None, 'change': True}
2022-10-23 10:00:01,158 : INFO : EventManager : Event: ======'machine_var_audits_switches_s_left_return'====== Args={'value': 20, 'prev_value': None, 'change': True}
2022-10-23 10:00:01,159 : INFO : EventManager : Event: ======'machine_var_audits_switches_s_pop_left'====== Args={'value': 2465, 'prev_value': None, 'change': True}
2022-10-23 10:00:01,159 : INFO : EventManager : Event: ======'machine_var_audits_switches_s_pop_lower'====== Args={'value': 2843, 'prev_value': None, 'change': True}
2022-10-23 10:00:01,159 : INFO : EventManager : Event: ======'machine_var_audits_switches_s_pop_right'====== Args={'value': 5117, 'prev_value': None, 'change': True}
2022-10-23 10:00:01,159 : INFO : EventManager : Event: ======'machine_var_audits_switches_s_right_flipper'====== Args={'value': 17489, 'prev_value': None, 'change': True}
2022-10-23 10:00:01,160 : INFO : EventManager : Event: ======'machine_var_audits_switches_s_right_inlane'====== Args={'value': 2236, 'prev_value': None, 'change': True}
2022-10-23 10:00:01,160 : INFO : EventManager : Event: ======'machine_var_audits_switches_s_right_outlane'====== Args={'value': 238, 'prev_value': None, 'change': True}
2022-10-23 10:00:01,160 : INFO : EventManager : Event: ======'machine_var_audits_switches_s_rollover_left'====== Args={'value': 501, 'prev_value': None, 'change': True}
2022-10-23 10:00:01,160 : INFO : EventManager : Event: ======'machine_var_audits_switches_s_rollover_right'====== Args={'value': 149, 'prev_value': None, 'change': True}
2022-10-23 10:00:01,161 : INFO : EventManager : Event: ======'machine_var_audits_switches_s_sling_left'====== Args={'value': 122, 'prev_value': None, 'change': True}
2022-10-23 10:00:01,161 : INFO : EventManager : Event: ======'machine_var_audits_switches_s_sling_right'====== Args={'value': 1217, 'prev_value': None, 'change': True}
2022-10-23 10:00:01,161 : INFO : EventManager : Event: ======'machine_var_audits_switches_s_start'====== Args={'value': 446, 'prev_value': None, 'change': True}
2022-10-23 10:00:01,161 : INFO : EventManager : Event: ======'machine_var_audits_switches_s_tilt'====== Args={'value': 2500, 'prev_value': None, 'change': True}
2022-10-23 10:00:01,162 : INFO : EventManager : Event: ======'machine_var_audits_switches_s_transfer_rollover'====== Args={'value': 9, 'prev_value': None, 'change': True}
2022-10-23 10:00:01,162 : INFO : EventManager : Event: ======'machine_var_audits_switches_s_trough_1'====== Args={'value': 1592, 'prev_value': None, 'change': True}
2022-10-23 10:00:01,162 : INFO : EventManager : Event: ======'machine_var_audits_switches_s_trough_2'====== Args={'value': 1671, 'prev_value': None, 'change': True}
2022-10-23 10:00:01,162 : INFO : EventManager : Event: ======'machine_var_audits_switches_s_trough_3'====== Args={'value': 1463, 'prev_value': None, 'change': True}
2022-10-23 10:00:01,163 : INFO : EventManager : Event: ======'machine_var_audits_switches_s_trough_4'====== Args={'value': 1446, 'prev_value': None, 'change': True}
2022-10-23 10:00:01,163 : INFO : EventManager : Event: ======'machine_var_audits_switches_s_trough_5'====== Args={'value': 1403, 'prev_value': None, 'change': True}
2022-10-23 10:00:01,163 : INFO : EventManager : Event: ======'machine_var_audits_switches_s_trough_6'====== Args={'value': 1504, 'prev_value': None, 'change': True}
2022-10-23 10:00:01,163 : INFO : EventManager : Event: ======'machine_var_audits_switches_s_trough_jam'====== Args={'value': 2197, 'prev_value': None, 'change': True}
2022-10-23 10:00:01,164 : INFO : EventManager : Event: ======'machine_var_audits_switches_s_upper_drop'====== Args={'value': 0, 'prev_value': None, 'change': True}
2022-10-23 10:00:01,164 : INFO : EventManager : Event: ======'machine_var_audits_switches_s_upper_rollover'====== Args={'value': 28, 'prev_value': None, 'change': True}
2022-10-23 10:00:01,164 : INFO : EventManager : Event: ======'machine_var_audits_switches_s_upper_stationary'====== Args={'value': 16, 'prev_value': None, 'change': True}
2022-10-23 10:00:01,165 : INFO : EventManager : Event: ======'machine_var_audits_switches_s_vuk_back'====== Args={'value': 1, 'prev_value': None, 'change': True}
2022-10-23 10:00:01,165 : INFO : EventManager : Event: ======'machine_var_audits_switches_s_vuk_right'====== Args={'value': 473, 'prev_value': None, 'change': True}
2022-10-23 10:00:01,165 : INFO : EventManager : Event: ======'machine_var_audits_switches_s_vuk_top'====== Args={'value': 3399, 'prev_value': None, 'change': True}
2022-10-23 10:00:01,166 : INFO : EventManager : Event: ======'init_phase_5'====== Args={}
2022-10-23 10:00:01,250 : INFO : EventManager : Event: ======'init_done'====== Args={}
2022-10-23 10:00:01,251 : INFO : EventManager : Event: ======'machine_reset_phase_1'====== Args={}
2022-10-23 10:00:01,252 : INFO : EventManager : Event: ======'machine_reset_phase_2'====== Args={}
2022-10-23 10:00:01,253 : INFO : EventManager : Event: ======'machine_reset_phase_3'====== Args={}
2022-10-23 10:00:01,253 : INFO : EventManager : Event: ======'mode_tilt_will_start'====== Args={'queue': <QueuedEvent>}
2022-10-23 10:00:01,254 : INFO : EventManager : Event: ======'mode_tilt_starting'====== Args={'queue': <QueuedEvent>}
2022-10-23 10:00:01,254 : INFO : drop_target_bank.single_main : All targets are already up. Will not reset bank.
2022-10-23 10:00:01,254 : INFO : Mode.tilt : Started. Priority: 1000000
2022-10-23 10:00:01,254 : INFO : EventManager : Event: ======'modes_active_modes_changed'====== Args={}
2022-10-23 10:00:01,254 : INFO : EventManager : Event: ======'mode_tilt_started'====== Args={'queue': <QueuedEvent>}
2022-10-23 10:00:01,255 : INFO : EventManager : Event: ======'reset_complete'====== Args={}
2022-10-23 10:00:01,255 : INFO : EventManager : Event: ======'mode_attract_will_start'====== Args={}
2022-10-23 10:00:01,255 : INFO : EventManager : Event: ======'mode_attract_starting'====== Args={}
2022-10-23 10:00:01,255 : INFO : Mode.attract : Started. Priority: 10
2022-10-23 10:00:01,255 : INFO : EventManager : Event: ======'modes_active_modes_changed'====== Args={}
2022-10-23 10:00:01,255 : INFO : EventManager : Event: ======'mode_attract_started'====== Args={}
2022-10-23 10:00:01,256 : INFO : EventManager : Event: ======'collecting_balls_complete'====== Args={}
2022-10-23 10:00:01,307 : INFO : Machine : Starting the main run loop.
2022-10-23 10:00:04,543 : INFO : Machine : Shutting down...
2022-10-23 10:00:04,543 : INFO : EventManager : Event: ======'shutdown'====== Args={}
2022-10-23 10:00:04,559 : WARNING : FAST : Port RGB received more messages than were sent! Resetting!
2022-10-23 10:00:04,574 : WARNING : FAST : Port NET received more messages than were sent! Resetting!
2022-10-23 10:00:04,637 : ERROR : FAST : Stop called on serial connection com14
2022-10-23 10:00:04,637 : ERROR : FAST : Stop called on serial connection com15
2022-10-23 10:00:04,873 : INFO : root : MPF run loop ended.
