2022-10-06 09:47:16,427 : INFO : root : Loading MPF Monitor
2022-10-06 09:47:16,654 : INFO : Core : Looking for MPF at localhost:5051
2022-10-06 09:47:17,647 : INFO : BCP Client : Connected to MPF
2022-10-06 09:51:49,159 : INFO : BCP Client : Connected to MPF
2022-10-06 12:30:58,144 : INFO : BCP Client : Connected to MPF
2022-10-06 12:37:58,158 : INFO : BCP Client : Connected to MPF
2022-10-06 12:39:11,130 : INFO : BCP Client : Connected to MPF
2022-10-06 12:40:54,638 : INFO : BCP Client : Connected to MPF
2022-10-06 12:42:44,141 : INFO : BCP Client : Connected to MPF
2022-10-06 12:45:38,133 : INFO : BCP Client : Connected to MPF
2022-10-06 12:51:43,127 : INFO : BCP Client : Connected to MPF
2022-10-06 13:06:27,134 : INFO : BCP Client : Connected to MPF
2022-10-06 13:07:16,142 : INFO : BCP Client : Connected to MPF
2022-10-06 13:11:17,630 : INFO : BCP Client : Connected to MPF
2022-10-06 13:12:15,641 : INFO : BCP Client : Connected to MPF
2022-10-06 13:17:02,640 : INFO : BCP Client : Connected to MPF
2022-10-06 14:02:31,137 : INFO : BCP Client : Connected to MPF
2022-10-06 14:04:25,160 : INFO : BCP Client : Connected to MPF
2022-10-06 14:06:08,126 : INFO : BCP Client : Connected to MPF
2022-10-06 14:06:22,141 : INFO : BCP Client : Connected to MPF
2022-10-06 14:06:46,149 : INFO : BCP Client : Connected to MPF
2022-10-06 14:07:52,142 : INFO : BCP Client : Connected to MPF
2022-10-06 15:14:40,731 : INFO : BCP Client : Connected to MPF
2022-10-06 15:17:44,204 : INFO : BCP Client : Connected to MPF
2022-10-06 15:18:46,228 : INFO : BCP Client : Connected to MPF
2022-10-06 15:32:00,205 : INFO : BCP Client : Connected to MPF
2022-10-06 15:32:57,217 : INFO : BCP Client : Connected to MPF
2022-10-06 15:34:49,725 : INFO : BCP Client : Connected to MPF
2022-10-06 16:24:15,204 : INFO : BCP Client : Connected to MPF
2022-10-06 16:25:23,206 : INFO : BCP Client : Connected to MPF
2022-10-06 18:32:21,218 : INFO : BCP Client : Connected to MPF
2022-10-07 15:11:53,893 : INFO : BCP Client : Connected to MPF
2022-10-07 15:12:20,288 : INFO : Core : Quitting due to quit on close
2022-10-07 15:12:20,300 : INFO : root : MPF Monitor run loop ended.
2022-10-07 15:12:20,300 : INFO : root : Stopping child threads... (2 remaining)
2022-10-07 15:12:21,178 : INFO : root : All child threads stopped.
