2022-10-06 09:02:18,105 : INFO : root : Loading config.
2022-10-06 09:02:18,108 : INFO : YamlMultifileConfigLoader : Machine config file #1: config.yaml
2022-10-06 09:02:18,109 : INFO : ConfigProcessor : Loading config from cache: C:\Users\Tanner\AppData\Local\Temp\a6762098cb994b55cb03a478b26022ee.mpf_cache
2022-10-06 09:02:18,169 : INFO : ConfigProcessor : Loading config from cache: C:\Users\Tanner\AppData\Local\Temp\9cf7ccc27b21f4d6162237fadfc53e5a.mpf_cache
2022-10-06 09:02:18,170 : INFO : ConfigProcessor : Loading config from cache: C:\Users\Tanner\AppData\Local\Temp\c215df352878fee5d54f1a5ec5b16e7c.mpf_cache
2022-10-06 09:02:18,171 : INFO : ConfigProcessor : Loading config from cache: C:\Users\Tanner\AppData\Local\Temp\708062243e0edcfa77dd6b1521bd0d4e.mpf_cache
2022-10-06 09:02:18,171 : INFO : ConfigProcessor : Loading config from cache: C:\Users\Tanner\AppData\Local\Temp\c4174472f67f7b070dd6fb437c6feb0c.mpf_cache
2022-10-06 09:02:18,172 : INFO : ConfigProcessor : Loading config from cache: C:\Users\Tanner\AppData\Local\Temp\abaa92c43d134e3392cbb2346e6a16be.mpf_cache
2022-10-06 09:02:18,173 : INFO : ConfigProcessor : Loading config from cache: C:\Users\Tanner\AppData\Local\Temp\fc46d53fcb9fe6b8abf783d9c813390a.mpf_cache
2022-10-06 09:02:18,173 : INFO : Machine : Mission Pinball Framework Core Engine v0.55.0
2022-10-06 09:02:18,173 : INFO : Machine : Command line arguments: {'no_load_cache': False, 'create_config_cache': True, 'bcp': False, 'configfile': ['config.yaml'], 'force_assets_load': False, 'jsonlogging': False, 'logfile': 'logs\\2022-10-06-09-02-18-mpf-DESKTOP-7HNFDQ5.log', 'pause': False, 'production': False, 'text_ui': True, 'loglevel': 15, 'consoleloglevel': 20, 'force_platform': None, 'syslog_address': None, 'mc_file_name': None, 'no_sound': False}
2022-10-06 09:02:18,174 : INFO : Machine : MPF path: c:\users\tanner\appdata\local\programs\python\python37\lib\site-packages\mpf
2022-10-06 09:02:18,174 : INFO : Machine : Machine path: c:\trashland_2
2022-10-06 09:02:18,174 : INFO : Machine : Platform: win32
2022-10-06 09:02:18,174 : INFO : Machine : Python executable location: c:\users\tanner\appdata\local\programs\python\python37\python.exe
2022-10-06 09:02:18,174 : INFO : Machine : Python version: 3.7.8 (64-bit)
2022-10-06 09:02:18,175 : INFO : Machine : Initialise MPF.
2022-10-06 09:02:18,415 : INFO : FAST : Connecting to com9 at 921600bps
2022-10-06 09:02:18,449 : INFO : FAST : Connected! Processor: NET, Board Type: FP-CPU-002-2, Firmware: 01.05
2022-10-06 09:02:18,449 : INFO : EventManager : Event: ======'machine_var_fast_net_firmware'====== Args={'value': '01.05', 'prev_value': None, 'change': True}
2022-10-06 09:02:18,449 : INFO : EventManager : Event: ======'machine_var_fast_net_model'====== Args={'value': 'FP-CPU-002-2', 'prev_value': None, 'change': True}
2022-10-06 09:02:20,830 : WARNING : FAST : Got unexpected message from FAST: -N:2B
2022-10-06 09:02:20,830 : WARNING : FAST : Got unexpected message from FAST: -N:2C
2022-10-06 09:02:20,830 : WARNING : FAST : Got unexpected message from FAST: -N:30
2022-10-06 09:02:20,830 : WARNING : FAST : Got unexpected message from FAST: -N:33
2022-10-06 09:02:20,830 : WARNING : FAST : Got unexpected message from FAST: -N:34
2022-10-06 09:02:20,830 : WARNING : FAST : Got unexpected message from FAST: -N:38
2022-10-06 09:02:20,830 : WARNING : FAST : Got unexpected message from FAST: -N:40
2022-10-06 09:02:20,830 : WARNING : FAST : Got unexpected message from FAST: -N:41
2022-10-06 09:02:20,830 : WARNING : FAST : Got unexpected message from FAST: -N:42
2022-10-06 09:02:20,830 : WARNING : FAST : Got unexpected message from FAST: -N:43
2022-10-06 09:02:20,830 : WARNING : FAST : Got unexpected message from FAST: -N:44
2022-10-06 09:02:20,940 : INFO : FAST : Connecting to com10 at 921600bps
2022-10-06 09:02:20,970 : INFO : FAST : Connected! Processor: RGB, Board Type: FP-CPU-002-2, Firmware: 00.87
2022-10-06 09:02:20,970 : INFO : EventManager : Event: ======'machine_var_fast_rgb_firmware'====== Args={'value': '00.87', 'prev_value': None, 'change': True}
2022-10-06 09:02:20,970 : INFO : EventManager : Event: ======'machine_var_fast_rgb_model'====== Args={'value': 'FP-CPU-002-2', 'prev_value': None, 'change': True}
2022-10-06 09:02:20,971 : INFO : EventManager : Event: ======'machine_var_credits_string'====== Args={'value': 'FREE PLAY', 'prev_value': None, 'change': True}
2022-10-06 09:02:21,012 : INFO : EventManager : Event: ======'machine_var_master_volume'====== Args={'value': 0.5, 'prev_value': None, 'change': True}
2022-10-06 09:02:21,012 : INFO : EventManager : Event: ======'machine_var_mpf_version'====== Args={'value': 'MPF v0.55.0', 'prev_value': None, 'change': True}
2022-10-06 09:02:21,012 : INFO : EventManager : Event: ======'machine_var_mpf_extended_version'====== Args={'value': 'MPF v0.55.0, Config version:5, Show version: 5, BCP version:1.1', 'prev_value': None, 'change': True}
2022-10-06 09:02:21,012 : INFO : EventManager : Event: ======'machine_var_python_version'====== Args={'value': '3.7.8', 'prev_value': None, 'change': True}
2022-10-06 09:02:21,012 : INFO : EventManager : Event: ======'machine_var_platform'====== Args={'value': 'Windows-10-10.0.19041-SP0', 'prev_value': None, 'change': True}
2022-10-06 09:02:21,012 : INFO : EventManager : Event: ======'machine_var_platform_system'====== Args={'value': 'Windows', 'prev_value': None, 'change': True}
2022-10-06 09:02:21,012 : INFO : EventManager : Event: ======'machine_var_platform_release'====== Args={'value': '10', 'prev_value': None, 'change': True}
2022-10-06 09:02:21,012 : INFO : EventManager : Event: ======'machine_var_platform_version'====== Args={'value': '10.0.19041', 'prev_value': None, 'change': True}
2022-10-06 09:02:21,012 : INFO : EventManager : Event: ======'machine_var_platform_machine'====== Args={'value': 'AMD64', 'prev_value': None, 'change': True}
2022-10-06 09:02:21,012 : INFO : EventManager : Event: ======'init_phase_1'====== Args={}
2022-10-06 09:02:21,046 : INFO : EventManager : Event: ======'drop_target_bank_mid_up'====== Args={}
2022-10-06 09:02:21,046 : INFO : EventManager : Event: ======'drop_target_bank_right_up'====== Args={}
2022-10-06 09:02:21,061 : INFO : EventManager : Event: ======'init_phase_2'====== Args={}
2022-10-06 09:02:21,061 : INFO : SwitchController : Found active switch: (('2C', 1), <Platform.FAST>) <switch.s_drop_mid_mid>
2022-10-06 09:02:21,061 : INFO : SwitchController : Found active switch: (('2B', 1), <Platform.FAST>) <switch.s_drop_mid_left>
2022-10-06 09:02:21,061 : INFO : SwitchController : Found active switch: (('30', 1), <Platform.FAST>) <switch.s_drop_right_right>
2022-10-06 09:02:21,061 : INFO : SwitchController : Found active switch: (('3E', 1), <Platform.FAST>) <switch.s_trough_1>
2022-10-06 09:02:21,061 : INFO : SwitchController : Found active switch: (('3D', 1), <Platform.FAST>) <switch.s_trough_jam>
2022-10-06 09:02:21,061 : INFO : SwitchController : Found active switch: (('3C', 1), <Platform.FAST>) <switch.s_eos_right>
2022-10-06 09:02:21,062 : INFO : SwitchController : Found active switch: (('3B', 1), <Platform.FAST>) <switch.s_eos_left>
2022-10-06 09:02:21,062 : INFO : SwitchController : Found active switch: (('5D', 1), <Platform.FAST>) <switch.s_bot_vuk>
2022-10-06 09:02:21,069 : INFO : ball_device.bd_trough : BCH: Initial count: 2
2022-10-06 09:02:21,069 : INFO : ball_device.bd_trough : State: idle
2022-10-06 09:02:21,069 : INFO : ball_device.bd_plunger : BCH: Initial count: 0
2022-10-06 09:02:21,070 : INFO : ball_device.bd_plunger : State: idle
2022-10-06 09:02:21,070 : INFO : ball_device.bd_top_vuk : BCH: Initial count: 0
2022-10-06 09:02:21,070 : INFO : ball_device.bd_top_vuk : State: idle
2022-10-06 09:02:21,071 : INFO : ball_device.bd_right_vuk : BCH: Initial count: 0
2022-10-06 09:02:21,071 : INFO : ball_device.bd_right_vuk : State: idle
2022-10-06 09:02:21,109 : INFO : EventManager : Event: ======'init_phase_3'====== Args={}
2022-10-06 09:02:21,143 : INFO : EventManager : Event: ======'init_phase_4'====== Args={}
2022-10-06 09:02:21,143 : INFO : EventManager : Event: ======'playfield_active'====== Args={}
2022-10-06 09:02:21,143 : INFO : EventManager : Event: ======'unexpected_ball_on_playfield'====== Args={}
2022-10-06 09:02:21,143 : INFO : EventManager : Event: ======'playfield_active'====== Args={}
2022-10-06 09:02:21,143 : INFO : EventManager : Event: ======'unexpected_ball_on_playfield'====== Args={}
2022-10-06 09:02:21,143 : INFO : EventManager : Event: ======'playfield_active'====== Args={}
2022-10-06 09:02:21,143 : INFO : EventManager : Event: ======'unexpected_ball_on_playfield'====== Args={}
2022-10-06 09:02:21,143 : INFO : EventManager : Event: ======'drop_target_mid_mid_down'====== Args={'device': <drop_target.mid_mid>}
2022-10-06 09:02:21,144 : INFO : EventManager : Event: ======'drop_target_bank_mid_mixed'====== Args={'prev_value': <DropTargetBankState.UP: 'up'>, 'down': 1}
2022-10-06 09:02:21,144 : INFO : EventManager : Event: ======'playfield_active'====== Args={}
2022-10-06 09:02:21,144 : INFO : EventManager : Event: ======'unexpected_ball_on_playfield'====== Args={}
2022-10-06 09:02:21,144 : INFO : EventManager : Event: ======'drop_target_mid_left_down'====== Args={'device': <drop_target.mid_left>}
2022-10-06 09:02:21,144 : INFO : EventManager : Event: ======'drop_target_bank_mid_mixed'====== Args={'prev_value': <DropTargetBankState.MIXED: 'mixed'>, 'down': 2}
2022-10-06 09:02:21,144 : INFO : EventManager : Event: ======'playfield_active'====== Args={}
2022-10-06 09:02:21,144 : INFO : EventManager : Event: ======'unexpected_ball_on_playfield'====== Args={}
2022-10-06 09:02:21,144 : INFO : EventManager : Event: ======'drop_target_right_right_down'====== Args={'device': <drop_target.right_right>}
2022-10-06 09:02:21,144 : INFO : EventManager : Event: ======'drop_target_bank_right_mixed'====== Args={'prev_value': <DropTargetBankState.UP: 'up'>, 'down': 1}
2022-10-06 09:02:21,144 : INFO : EventManager : Event: ======'playfield_active'====== Args={}
2022-10-06 09:02:21,144 : INFO : EventManager : Event: ======'unexpected_ball_on_playfield'====== Args={}
2022-10-06 09:02:21,145 : INFO : BallController : Initial balls found: 2
2022-10-06 09:02:21,146 : INFO : EventManager : Event: ======'machine_var_audits_events_game_ended'====== Args={'value': 0, 'prev_value': None, 'change': True}
2022-10-06 09:02:21,147 : INFO : EventManager : Event: ======'machine_var_audits_events_game_started'====== Args={'value': 0, 'prev_value': None, 'change': True}
2022-10-06 09:02:21,147 : INFO : EventManager : Event: ======'machine_var_audits_player_score'====== Args={'value': {'average': 0, 'top': [], 'total': 0}, 'prev_value': None, 'change': True}
2022-10-06 09:02:21,147 : INFO : EventManager : Event: ======'machine_var_audits_switches_s_autolauncher'====== Args={'value': 75, 'prev_value': None, 'change': True}
2022-10-06 09:02:21,147 : INFO : EventManager : Event: ======'machine_var_audits_switches_s_back_pop'====== Args={'value': 0, 'prev_value': None, 'change': True}
2022-10-06 09:02:21,147 : INFO : EventManager : Event: ======'machine_var_audits_switches_s_back_rollover'====== Args={'value': 0, 'prev_value': None, 'change': True}
2022-10-06 09:02:21,147 : INFO : EventManager : Event: ======'machine_var_audits_switches_s_back_stationary'====== Args={'value': 0, 'prev_value': None, 'change': True}
2022-10-06 09:02:21,147 : INFO : EventManager : Event: ======'machine_var_audits_switches_s_bot_back'====== Args={'value': 0, 'prev_value': None, 'change': True}
2022-10-06 09:02:21,147 : INFO : EventManager : Event: ======'machine_var_audits_switches_s_bot_big'====== Args={'value': 1, 'prev_value': None, 'change': True}
2022-10-06 09:02:21,148 : INFO : EventManager : Event: ======'machine_var_audits_switches_s_bot_left'====== Args={'value': 0, 'prev_value': None, 'change': True}
2022-10-06 09:02:21,148 : INFO : EventManager : Event: ======'machine_var_audits_switches_s_bot_right'====== Args={'value': 0, 'prev_value': None, 'change': True}
2022-10-06 09:02:21,148 : INFO : EventManager : Event: ======'machine_var_audits_switches_s_bot_rollover'====== Args={'value': 0, 'prev_value': None, 'change': True}
2022-10-06 09:02:21,148 : INFO : EventManager : Event: ======'machine_var_audits_switches_s_bot_vuk'====== Args={'value': 0, 'prev_value': None, 'change': True}
2022-10-06 09:02:21,148 : INFO : EventManager : Event: ======'machine_var_audits_switches_s_drop_mid_left'====== Args={'value': 71, 'prev_value': None, 'change': True}
2022-10-06 09:02:21,148 : INFO : EventManager : Event: ======'machine_var_audits_switches_s_drop_mid_mid'====== Args={'value': 79, 'prev_value': None, 'change': True}
2022-10-06 09:02:21,149 : INFO : EventManager : Event: ======'machine_var_audits_switches_s_drop_mid_right'====== Args={'value': 5, 'prev_value': None, 'change': True}
2022-10-06 09:02:21,149 : INFO : EventManager : Event: ======'machine_var_audits_switches_s_drop_right_left'====== Args={'value': 22, 'prev_value': None, 'change': True}
2022-10-06 09:02:21,149 : INFO : EventManager : Event: ======'machine_var_audits_switches_s_drop_right_right'====== Args={'value': 53, 'prev_value': None, 'change': True}
2022-10-06 09:02:21,149 : INFO : EventManager : Event: ======'machine_var_audits_switches_s_drop_single'====== Args={'value': 40, 'prev_value': None, 'change': True}
2022-10-06 09:02:21,149 : INFO : EventManager : Event: ======'machine_var_audits_switches_s_eos_left'====== Args={'value': 71, 'prev_value': None, 'change': True}
2022-10-06 09:02:21,150 : INFO : EventManager : Event: ======'machine_var_audits_switches_s_eos_left_top'====== Args={'value': 747, 'prev_value': None, 'change': True}
2022-10-06 09:02:21,150 : INFO : EventManager : Event: ======'machine_var_audits_switches_s_eos_right'====== Args={'value': 96, 'prev_value': None, 'change': True}
2022-10-06 09:02:21,150 : INFO : EventManager : Event: ======'machine_var_audits_switches_s_launch'====== Args={'value': 48, 'prev_value': None, 'change': True}
2022-10-06 09:02:21,150 : INFO : EventManager : Event: ======'machine_var_audits_switches_s_left_flipper'====== Args={'value': 842, 'prev_value': None, 'change': True}
2022-10-06 09:02:21,150 : INFO : EventManager : Event: ======'machine_var_audits_switches_s_left_inlane'====== Args={'value': 16, 'prev_value': None, 'change': True}
2022-10-06 09:02:21,150 : INFO : EventManager : Event: ======'machine_var_audits_switches_s_left_outlane'====== Args={'value': 5, 'prev_value': None, 'change': True}
2022-10-06 09:02:21,151 : INFO : EventManager : Event: ======'machine_var_audits_switches_s_pop_left'====== Args={'value': 144, 'prev_value': None, 'change': True}
2022-10-06 09:02:21,151 : INFO : EventManager : Event: ======'machine_var_audits_switches_s_pop_lower'====== Args={'value': 215, 'prev_value': None, 'change': True}
2022-10-06 09:02:21,151 : INFO : EventManager : Event: ======'machine_var_audits_switches_s_pop_right'====== Args={'value': 259, 'prev_value': None, 'change': True}
2022-10-06 09:02:21,151 : INFO : EventManager : Event: ======'machine_var_audits_switches_s_right_flipper'====== Args={'value': 877, 'prev_value': None, 'change': True}
2022-10-06 09:02:21,151 : INFO : EventManager : Event: ======'machine_var_audits_switches_s_right_inlane'====== Args={'value': 0, 'prev_value': None, 'change': True}
2022-10-06 09:02:21,152 : INFO : EventManager : Event: ======'machine_var_audits_switches_s_right_outlane'====== Args={'value': 61, 'prev_value': None, 'change': True}
2022-10-06 09:02:21,152 : INFO : EventManager : Event: ======'machine_var_audits_switches_s_rollover_left'====== Args={'value': 50, 'prev_value': None, 'change': True}
2022-10-06 09:02:21,152 : INFO : EventManager : Event: ======'machine_var_audits_switches_s_rollover_right'====== Args={'value': 41, 'prev_value': None, 'change': True}
2022-10-06 09:02:21,152 : INFO : EventManager : Event: ======'machine_var_audits_switches_s_sling_left'====== Args={'value': 34, 'prev_value': None, 'change': True}
2022-10-06 09:02:21,153 : INFO : EventManager : Event: ======'machine_var_audits_switches_s_sling_right'====== Args={'value': 95, 'prev_value': None, 'change': True}
2022-10-06 09:02:21,153 : INFO : EventManager : Event: ======'machine_var_audits_switches_s_start'====== Args={'value': 152, 'prev_value': None, 'change': True}
2022-10-06 09:02:21,153 : INFO : EventManager : Event: ======'machine_var_audits_switches_s_tilt'====== Args={'value': 106, 'prev_value': None, 'change': True}
2022-10-06 09:02:21,153 : INFO : EventManager : Event: ======'machine_var_audits_switches_s_transfer_rollover'====== Args={'value': 0, 'prev_value': None, 'change': True}
2022-10-06 09:02:21,153 : INFO : EventManager : Event: ======'machine_var_audits_switches_s_trough_1'====== Args={'value': 57, 'prev_value': None, 'change': True}
2022-10-06 09:02:21,154 : INFO : EventManager : Event: ======'machine_var_audits_switches_s_trough_2'====== Args={'value': 155, 'prev_value': None, 'change': True}
2022-10-06 09:02:21,154 : INFO : EventManager : Event: ======'machine_var_audits_switches_s_trough_3'====== Args={'value': 93, 'prev_value': None, 'change': True}
2022-10-06 09:02:21,154 : INFO : EventManager : Event: ======'machine_var_audits_switches_s_trough_4'====== Args={'value': 91, 'prev_value': None, 'change': True}
2022-10-06 09:02:21,154 : INFO : EventManager : Event: ======'machine_var_audits_switches_s_trough_5'====== Args={'value': 97, 'prev_value': None, 'change': True}
2022-10-06 09:02:21,155 : INFO : EventManager : Event: ======'machine_var_audits_switches_s_trough_6'====== Args={'value': 164, 'prev_value': None, 'change': True}
2022-10-06 09:02:21,155 : INFO : EventManager : Event: ======'machine_var_audits_switches_s_trough_jam'====== Args={'value': 108, 'prev_value': None, 'change': True}
2022-10-06 09:02:21,155 : INFO : EventManager : Event: ======'machine_var_audits_switches_s_upper_drop'====== Args={'value': 0, 'prev_value': None, 'change': True}
2022-10-06 09:02:21,155 : INFO : EventManager : Event: ======'machine_var_audits_switches_s_upper_rollover'====== Args={'value': 0, 'prev_value': None, 'change': True}
2022-10-06 09:02:21,156 : INFO : EventManager : Event: ======'machine_var_audits_switches_s_upper_stationary'====== Args={'value': 0, 'prev_value': None, 'change': True}
2022-10-06 09:02:21,156 : INFO : EventManager : Event: ======'machine_var_audits_switches_s_vuk_back'====== Args={'value': 1, 'prev_value': None, 'change': True}
2022-10-06 09:02:21,156 : INFO : EventManager : Event: ======'machine_var_audits_switches_s_vuk_right'====== Args={'value': 3, 'prev_value': None, 'change': True}
2022-10-06 09:02:21,157 : INFO : EventManager : Event: ======'machine_var_audits_switches_s_vuk_top'====== Args={'value': 21, 'prev_value': None, 'change': True}
2022-10-06 09:02:21,158 : INFO : EventManager : Event: ======'init_phase_5'====== Args={}
2022-10-06 09:02:21,207 : INFO : EventManager : Event: ======'init_done'====== Args={}
2022-10-06 09:02:21,208 : INFO : EventManager : Event: ======'machine_reset_phase_1'====== Args={}
2022-10-06 09:02:21,208 : INFO : EventManager : Event: ======'machine_reset_phase_2'====== Args={}
2022-10-06 09:02:21,209 : INFO : EventManager : Event: ======'machine_reset_phase_3'====== Args={}
2022-10-06 09:02:21,209 : INFO : EventManager : Event: ======'mode_tilt_will_start'====== Args={'queue': <QueuedEvent>}
2022-10-06 09:02:21,209 : INFO : EventManager : Event: ======'mode_tilt_starting'====== Args={'queue': <QueuedEvent>}
2022-10-06 09:02:21,210 : INFO : drop_target_bank.mid : 2 targets are down. Will reset those.
2022-10-06 09:02:21,210 : INFO : coil.c_drop_mid : Pulsing Driver for 50ms (0.7 pulse_power)
2022-10-06 09:02:21,210 : INFO : drop_target_bank.right : 1 targets are down. Will reset those.
2022-10-06 09:02:21,211 : INFO : Mode.tilt : Started. Priority: 1000000
2022-10-06 09:02:21,211 : INFO : EventManager : Event: ======'modes_active_modes_changed'====== Args={}
2022-10-06 09:02:21,211 : INFO : EventManager : Event: ======'mode_tilt_started'====== Args={'queue': <QueuedEvent>}
2022-10-06 09:02:21,211 : INFO : EventManager : Event: ======'reset_complete'====== Args={}
2022-10-06 09:02:21,211 : INFO : EventManager : Event: ======'mode_attract_will_start'====== Args={}
2022-10-06 09:02:21,212 : INFO : EventManager : Event: ======'mode_attract_starting'====== Args={}
2022-10-06 09:02:21,212 : INFO : Mode.attract : Started. Priority: 10
2022-10-06 09:02:21,212 : INFO : EventManager : Event: ======'modes_active_modes_changed'====== Args={}
2022-10-06 09:02:21,212 : INFO : EventManager : Event: ======'mode_attract_started'====== Args={}
2022-10-06 09:02:21,212 : INFO : EventManager : Event: ======'collecting_balls_complete'====== Args={}
2022-10-06 09:02:21,235 : INFO : Machine : Starting the main run loop.
2022-10-06 09:02:21,258 : INFO : coil.c_drop_right : Pulsing Driver for 10ms (1.0 pulse_power)
2022-10-06 09:02:21,289 : INFO : coil.c_drop_right : Pulsing Driver for 10ms (1.0 pulse_power)
2022-10-06 09:02:21,712 : INFO : EventManager : Event: ======'drop_target_bank_mid_mixed'====== Args={'prev_value': <DropTargetBankState.MIXED: 'mixed'>, 'down': 2}
2022-10-06 09:02:21,712 : INFO : EventManager : Event: ======'drop_target_bank_right_mixed'====== Args={'prev_value': <DropTargetBankState.MIXED: 'mixed'>, 'down': 1}
2022-10-06 09:04:24,425 : INFO : SwitchController : <<<<<<< 's_start' active >>>>>>>
2022-10-06 09:04:24,596 : INFO : SwitchController : <<<<<<< 's_start' inactive >>>>>>>
2022-10-06 09:04:24,596 : INFO : EventManager : Event: ======'request_to_start_game'====== Args={}
2022-10-06 09:04:24,596 : INFO : EventManager : Event: ======'game_start'====== Args={'buttons': [], 'hold_time': 0.17199999999866122}
2022-10-06 09:04:24,596 : INFO : EventManager : Event: ======'mode_game_will_start'====== Args={'buttons': [], 'hold_time': 0.17199999999866122}
2022-10-06 09:04:24,597 : INFO : EventManager : Event: ======'mode_game_starting'====== Args={'buttons': [], 'hold_time': 0.17199999999866122}
2022-10-06 09:04:24,597 : INFO : EventManager : Event: ======'mode_attract_will_stop'====== Args={}
2022-10-06 09:04:24,597 : INFO : EventManager : Event: ======'mode_attract_stopping'====== Args={}
2022-10-06 09:04:24,597 : INFO : Mode.attract : Stopped.
2022-10-06 09:04:24,597 : INFO : EventManager : Event: ======'modes_active_modes_changed'====== Args={}
2022-10-06 09:04:24,597 : INFO : EventManager : Event: ======'mode_attract_stopped'====== Args={}
2022-10-06 09:04:24,597 : INFO : EventManager : Event: ======'clear'====== Args={'key': 'attract'}
2022-10-06 09:04:24,598 : INFO : Mode.game : Started. Priority: 20
2022-10-06 09:04:24,598 : INFO : EventManager : Event: ======'modes_active_modes_changed'====== Args={}
2022-10-06 09:04:24,598 : INFO : EventManager : Event: ======'mode_game_started'====== Args={'buttons': [], 'hold_time': 0.17199999999866122}
2022-10-06 09:04:24,603 : INFO : EventManager : Event: ======'game_will_start'====== Args={}
2022-10-06 09:04:24,603 : INFO : EventManager : Event: ======'game_starting'====== Args={'game': <Mode.game>}
2022-10-06 09:04:24,604 : INFO : EventManager : Event: ======'player_add_request'====== Args={}
2022-10-06 09:04:24,604 : INFO : EventManager : Event: ======'player_will_add'====== Args={'number': 1}
2022-10-06 09:04:24,604 : INFO : EventManager : Event: ======'player_adding'====== Args={'player': <Player 1>, 'number': 1}
2022-10-06 09:04:24,604 : INFO : EventManager : Event: ======'player_added'====== Args={'player': <Player 1>, 'num': 1}
2022-10-06 09:04:24,604 : INFO : Mode.game : Player added successfully. Total players: 1
2022-10-06 09:04:24,604 : INFO : EventManager : Event: ======'player_index'====== Args={'value': 0, 'prev_value': 0, 'change': 0, 'player_num': 1}
2022-10-06 09:04:24,604 : INFO : EventManager : Event: ======'player_number'====== Args={'value': 1, 'prev_value': 1, 'change': 0, 'player_num': 1}
2022-10-06 09:04:24,604 : INFO : EventManager : Event: ======'player_score'====== Args={'value': 0, 'prev_value': 0, 'change': 0, 'player_num': 1}
2022-10-06 09:04:24,605 : INFO : EventManager : Event: ======'game_started'====== Args={}
2022-10-06 09:04:24,617 : INFO : EventManager : Event: ======'player_turn_will_start'====== Args={'player': <Player 1>, 'number': 1}
2022-10-06 09:04:24,618 : INFO : EventManager : Event: ======'player_turn_starting'====== Args={'player': <Player 1>, 'number': 1}
2022-10-06 09:04:24,618 : INFO : EventManager : Event: ======'player_ball'====== Args={'value': 1, 'prev_value': 0, 'change': 1, 'player_num': 1}
2022-10-06 09:04:24,618 : INFO : EventManager : Event: ======'player_turn_started'====== Args={'player': <Player 1>, 'number': 1}
2022-10-06 09:04:24,619 : INFO : EventManager : Event: ======'ball_will_start'====== Args={'player': 1, 'ball': 1, 'balls_remaining': 2, 'is_extra_ball': False}
2022-10-06 09:04:24,621 : INFO : EventManager : Event: ======'ball_starting'====== Args={'player': 1, 'ball': 1, 'balls_remaining': 2, 'is_extra_ball': False}
2022-10-06 09:04:24,621 : INFO : EventManager : Event: ======'mode_base_will_start'====== Args={'queue': <QueuedEvent>, 'player': 1, 'ball': 1, 'balls_remaining': 2, 'is_extra_ball': False}
2022-10-06 09:04:24,622 : INFO : EventManager : Event: ======'mode_base_starting'====== Args={'queue': <QueuedEvent>, 'player': 1, 'ball': 1, 'balls_remaining': 2, 'is_extra_ball': False}
2022-10-06 09:04:24,622 : INFO : drop_target_bank.mid : 2 targets are down. Will reset those.
2022-10-06 09:04:24,622 : INFO : coil.c_drop_mid : Pulsing Driver for 50ms (0.7 pulse_power)
2022-10-06 09:04:24,622 : INFO : drop_target_bank.right : 1 targets are down. Will reset those.
2022-10-06 09:04:24,623 : INFO : Mode.base : Started. Priority: 100
2022-10-06 09:04:24,623 : INFO : EventManager : Event: ======'modes_active_modes_changed'====== Args={}
2022-10-06 09:04:24,623 : INFO : EventManager : Event: ======'mode_base_started'====== Args={'queue': <QueuedEvent>, 'player': 1, 'ball': 1, 'balls_remaining': 2, 'is_extra_ball': False}
2022-10-06 09:04:24,623 : INFO : EventManager : Event: ======'balls_in_play'====== Args={'balls': 1}
2022-10-06 09:04:24,623 : INFO : EventManager : Event: ======'ball_started'====== Args={'player': 1, 'ball': 1, 'balls_remaining': 2, 'is_extra_ball': False}
2022-10-06 09:04:24,641 : INFO : EventManager : Event: ======'single_player_ball_started'====== Args={}
2022-10-06 09:04:24,641 : INFO : EventManager : Event: ======'ball_start_target'====== Args={'target': 'playfield'}
2022-10-06 09:04:24,642 : INFO : ball_device.bd_plunger : Setting up player-controlled eject. Balls: 1, Target: <playfield.playfield>, player_controlled_eject_event: s_launch_active
2022-10-06 09:04:24,642 : INFO : EventManager : Event: ======'balldevice_balls_available'====== Args={}
2022-10-06 09:04:24,643 : INFO : ball_device.bd_trough : State: waiting_for_target_ready
2022-10-06 09:04:24,643 : INFO : EventManager : Event: ======'balldevice_bd_trough_ball_eject_attempt'====== Args={'balls': 1, 'target': <ball_device.bd_plunger>, 'source': <ball_device.bd_trough>, 'mechanical_eject': True, 'num_attempts': 0}
2022-10-06 09:04:24,643 : INFO : ball_device.bd_plunger : State: waiting_for_ball
2022-10-06 09:04:24,643 : INFO : ball_device.bd_top_vuk : State: waiting_for_ball
2022-10-06 09:04:24,644 : INFO : ball_device.bd_trough : State: ejecting
2022-10-06 09:04:24,644 : INFO : ball_device.bd_trough : Ejecting ball to <ball_device.bd_plunger>
2022-10-06 09:04:24,644 : INFO : EventManager : Event: ======'balldevice_bd_trough_ejecting_ball'====== Args={'balls': 1, 'target': <ball_device.bd_plunger>, 'source': <ball_device.bd_trough>, 'mechanical_eject': True, 'num_attempts': 0}
2022-10-06 09:04:24,644 : INFO : ball_device.bd_trough : Wait for ball to leave device
2022-10-06 09:04:24,660 : INFO : coil.c_drop_right : Pulsing Driver for 10ms (1.0 pulse_power)
2022-10-06 09:04:24,692 : INFO : coil.c_drop_right : Pulsing Driver for 10ms (1.0 pulse_power)
2022-10-06 09:04:24,707 : INFO : coil.c_trough : Pulsing Driver for 30ms (0.9 pulse_power)
2022-10-06 09:04:24,708 : INFO : SwitchController : <<<<<<< 's_drop_mid_left' inactive >>>>>>>
2022-10-06 09:04:24,708 : INFO : SwitchController : <<<<<<< 's_drop_right_right' inactive >>>>>>>
2022-10-06 09:04:24,708 : INFO : SwitchController : <<<<<<< 's_drop_mid_mid' inactive >>>>>>>
2022-10-06 09:04:25,113 : INFO : EventManager : Event: ======'drop_target_mid_mid_up'====== Args={'device': <drop_target.mid_mid>}
2022-10-06 09:04:25,113 : INFO : EventManager : Event: ======'drop_target_bank_mid_mixed'====== Args={'prev_value': <DropTargetBankState.MIXED: 'mixed'>, 'down': 1}
2022-10-06 09:04:25,113 : INFO : EventManager : Event: ======'drop_target_right_right_up'====== Args={'device': <drop_target.right_right>}
2022-10-06 09:04:25,113 : INFO : EventManager : Event: ======'drop_target_mid_left_up'====== Args={'device': <drop_target.mid_left>}
2022-10-06 09:04:25,113 : INFO : EventManager : Event: ======'drop_target_bank_mid_up'====== Args={}
2022-10-06 09:04:25,113 : INFO : EventManager : Event: ======'drop_target_bank_right_up'====== Args={}
2022-10-06 09:04:27,966 : INFO : SwitchController : <<<<<<< 's_right_flipper' active >>>>>>>
2022-10-06 09:04:27,966 : INFO : EventManager : Event: ======'machine_var_audits_switches_s_right_flipper'====== Args={'value': 878, 'prev_value': 877, 'change': 1}
2022-10-06 09:04:28,342 : INFO : SwitchController : <<<<<<< 's_right_flipper' inactive >>>>>>>
2022-10-06 09:04:31,386 : INFO : SwitchController : <<<<<<< 's_left_flipper' active >>>>>>>
2022-10-06 09:04:31,386 : INFO : EventManager : Event: ======'machine_var_audits_switches_s_left_flipper'====== Args={'value': 843, 'prev_value': 842, 'change': 1}
2022-10-06 09:04:31,433 : INFO : SwitchController : <<<<<<< 's_eos_left_top' active >>>>>>>
2022-10-06 09:04:31,433 : INFO : EventManager : Event: ======'machine_var_audits_switches_s_eos_left_top'====== Args={'value': 748, 'prev_value': 747, 'change': 1}
2022-10-06 09:04:31,465 : INFO : SwitchController : <<<<<<< 's_drop_right_right' active >>>>>>>
2022-10-06 09:04:31,465 : INFO : EventManager : Event: ======'playfield_active'====== Args={}
2022-10-06 09:04:31,465 : INFO : EventManager : Event: ======'unexpected_ball_on_playfield'====== Args={}
2022-10-06 09:04:31,465 : INFO : EventManager : Event: ======'drop_target_right_right_down'====== Args={'device': <drop_target.right_right>}
2022-10-06 09:04:31,465 : INFO : EventManager : Event: ======'drop_target_bank_right_mixed'====== Args={'prev_value': <DropTargetBankState.UP: 'up'>, 'down': 1}
2022-10-06 09:04:31,465 : INFO : EventManager : Event: ======'machine_var_audits_switches_s_drop_right_right'====== Args={'value': 54, 'prev_value': 53, 'change': 1}
2022-10-06 09:04:31,512 : INFO : SwitchController : <<<<<<< 's_left_flipper' inactive >>>>>>>
2022-10-06 09:04:31,608 : INFO : SwitchController : <<<<<<< 's_eos_left_top' inactive >>>>>>>
2022-10-06 09:04:31,826 : INFO : SwitchController : <<<<<<< 's_right_flipper' active >>>>>>>
2022-10-06 09:04:31,826 : INFO : EventManager : Event: ======'machine_var_audits_switches_s_right_flipper'====== Args={'value': 879, 'prev_value': 878, 'change': 1}
2022-10-06 09:04:31,952 : INFO : SwitchController : <<<<<<< 's_right_flipper' inactive >>>>>>>
2022-10-06 09:04:32,648 : INFO : SwitchController : <<<<<<< 's_left_flipper' active >>>>>>>
2022-10-06 09:04:32,648 : INFO : EventManager : Event: ======'machine_var_audits_switches_s_left_flipper'====== Args={'value': 844, 'prev_value': 843, 'change': 1}
2022-10-06 09:04:32,668 : INFO : SwitchController : <<<<<<< 's_eos_left_top' active >>>>>>>
2022-10-06 09:04:32,668 : INFO : EventManager : Event: ======'machine_var_audits_switches_s_eos_left_top'====== Args={'value': 749, 'prev_value': 748, 'change': 1}
2022-10-06 09:04:32,727 : INFO : SwitchController : <<<<<<< 's_left_flipper' inactive >>>>>>>
2022-10-06 09:04:32,821 : INFO : SwitchController : <<<<<<< 's_eos_left_top' inactive >>>>>>>
2022-10-06 09:04:33,583 : INFO : SwitchController : <<<<<<< 's_left_flipper' active >>>>>>>
2022-10-06 09:04:33,583 : INFO : EventManager : Event: ======'machine_var_audits_switches_s_left_flipper'====== Args={'value': 845, 'prev_value': 844, 'change': 1}
2022-10-06 09:04:33,614 : INFO : SwitchController : <<<<<<< 's_eos_left_top' active >>>>>>>
2022-10-06 09:04:33,614 : INFO : EventManager : Event: ======'machine_var_audits_switches_s_eos_left_top'====== Args={'value': 750, 'prev_value': 749, 'change': 1}
2022-10-06 09:04:33,939 : INFO : SwitchController : <<<<<<< 's_left_flipper' inactive >>>>>>>
2022-10-06 09:04:34,033 : INFO : SwitchController : <<<<<<< 's_eos_left_top' inactive >>>>>>>
2022-10-06 09:04:34,282 : INFO : SwitchController : <<<<<<< 's_left_flipper' active >>>>>>>
2022-10-06 09:04:34,282 : INFO : EventManager : Event: ======'machine_var_audits_switches_s_left_flipper'====== Args={'value': 846, 'prev_value': 845, 'change': 1}
2022-10-06 09:04:34,328 : INFO : SwitchController : <<<<<<< 's_eos_left_top' active >>>>>>>
2022-10-06 09:04:34,328 : INFO : EventManager : Event: ======'machine_var_audits_switches_s_eos_left_top'====== Args={'value': 751, 'prev_value': 750, 'change': 1}
2022-10-06 09:04:34,426 : INFO : SwitchController : <<<<<<< 's_left_flipper' inactive >>>>>>>
2022-10-06 09:04:34,531 : INFO : SwitchController : <<<<<<< 's_eos_left_top' inactive >>>>>>>
2022-10-06 09:04:34,656 : INFO : EventManager : Event: ======'balldevice_bd_trough_ball_eject_failed'====== Args={'target': <ball_device.bd_plunger>, 'balls': 1, 'retry': True, 'num_attempts': 1}
2022-10-06 09:04:34,656 : INFO : ball_device.bd_trough : State: waiting_for_target_ready
2022-10-06 09:04:34,657 : INFO : EventManager : Event: ======'balldevice_bd_trough_ball_eject_attempt'====== Args={'balls': 1, 'target': <ball_device.bd_plunger>, 'source': <ball_device.bd_trough>, 'mechanical_eject': True, 'num_attempts': 1}
2022-10-06 09:04:34,657 : INFO : ball_device.bd_trough : State: ejecting
2022-10-06 09:04:34,657 : INFO : ball_device.bd_trough : Ejecting ball to <ball_device.bd_plunger>
2022-10-06 09:04:34,657 : INFO : EventManager : Event: ======'balldevice_bd_trough_ejecting_ball'====== Args={'balls': 1, 'target': <ball_device.bd_plunger>, 'source': <ball_device.bd_trough>, 'mechanical_eject': True, 'num_attempts': 1}
2022-10-06 09:04:34,657 : INFO : ball_device.bd_trough : Wait for ball to leave device
2022-10-06 09:04:34,658 : INFO : coil.c_trough : Pulsing Driver for 30ms (0.9 pulse_power)
2022-10-06 09:04:34,686 : INFO : SwitchController : <<<<<<< 's_right_flipper' active >>>>>>>
2022-10-06 09:04:34,686 : INFO : EventManager : Event: ======'machine_var_audits_switches_s_right_flipper'====== Args={'value': 880, 'prev_value': 879, 'change': 1}
2022-10-06 09:04:34,795 : INFO : SwitchController : <<<<<<< 's_right_flipper' inactive >>>>>>>
2022-10-06 09:04:35,405 : INFO : SwitchController : <<<<<<< 's_right_flipper' active >>>>>>>
2022-10-06 09:04:35,405 : INFO : EventManager : Event: ======'machine_var_audits_switches_s_right_flipper'====== Args={'value': 881, 'prev_value': 880, 'change': 1}
2022-10-06 09:04:35,826 : INFO : SwitchController : <<<<<<< 's_pop_left' active >>>>>>>
2022-10-06 09:04:35,826 : INFO : EventManager : Event: ======'playfield_active'====== Args={}
2022-10-06 09:04:35,826 : INFO : EventManager : Event: ======'unexpected_ball_on_playfield'====== Args={}
2022-10-06 09:04:35,826 : INFO : EventManager : Event: ======'machine_var_audits_switches_s_pop_left'====== Args={'value': 145, 'prev_value': 144, 'change': 1}
2022-10-06 09:04:35,845 : INFO : SwitchController : <<<<<<< 's_pop_left' inactive >>>>>>>
2022-10-06 09:04:35,888 : INFO : SwitchController : <<<<<<< 's_right_flipper' inactive >>>>>>>
2022-10-06 09:04:37,145 : INFO : SwitchController : <<<<<<< 's_sling_left' active >>>>>>>
2022-10-06 09:04:37,145 : INFO : EventManager : Event: ======'playfield_active'====== Args={}
2022-10-06 09:04:37,145 : INFO : EventManager : Event: ======'unexpected_ball_on_playfield'====== Args={}
2022-10-06 09:04:37,145 : INFO : EventManager : Event: ======'machine_var_audits_switches_s_sling_left'====== Args={'value': 35, 'prev_value': 34, 'change': 1}
2022-10-06 09:04:37,167 : INFO : SwitchController : <<<<<<< 's_sling_left' inactive >>>>>>>
2022-10-06 09:04:38,373 : INFO : SwitchController : <<<<<<< 's_left_flipper' active >>>>>>>
2022-10-06 09:04:38,373 : INFO : EventManager : Event: ======'machine_var_audits_switches_s_left_flipper'====== Args={'value': 847, 'prev_value': 846, 'change': 1}
2022-10-06 09:04:38,403 : INFO : SwitchController : <<<<<<< 's_eos_left_top' active >>>>>>>
2022-10-06 09:04:38,403 : INFO : EventManager : Event: ======'machine_var_audits_switches_s_eos_left_top'====== Args={'value': 752, 'prev_value': 751, 'change': 1}
2022-10-06 09:04:38,542 : INFO : SwitchController : <<<<<<< 's_left_flipper' inactive >>>>>>>
2022-10-06 09:04:38,651 : INFO : SwitchController : <<<<<<< 's_eos_left_top' inactive >>>>>>>
2022-10-06 09:04:38,651 : INFO : SwitchController : <<<<<<< 's_pop_right' active >>>>>>>
2022-10-06 09:04:38,651 : INFO : EventManager : Event: ======'playfield_active'====== Args={}
2022-10-06 09:04:38,651 : INFO : EventManager : Event: ======'unexpected_ball_on_playfield'====== Args={}
2022-10-06 09:04:38,651 : INFO : EventManager : Event: ======'machine_var_audits_switches_s_pop_right'====== Args={'value': 260, 'prev_value': 259, 'change': 1}
2022-10-06 09:04:38,671 : INFO : SwitchController : <<<<<<< 's_pop_right' inactive >>>>>>>
2022-10-06 09:04:39,259 : INFO : SwitchController : <<<<<<< 's_right_flipper' active >>>>>>>
2022-10-06 09:04:39,259 : INFO : EventManager : Event: ======'machine_var_audits_switches_s_right_flipper'====== Args={'value': 882, 'prev_value': 881, 'change': 1}
2022-10-06 09:04:39,554 : INFO : SwitchController : <<<<<<< 's_pop_right' active >>>>>>>
2022-10-06 09:04:39,554 : INFO : EventManager : Event: ======'playfield_active'====== Args={}
2022-10-06 09:04:39,554 : INFO : EventManager : Event: ======'unexpected_ball_on_playfield'====== Args={}
2022-10-06 09:04:39,554 : INFO : EventManager : Event: ======'machine_var_audits_switches_s_pop_right'====== Args={'value': 261, 'prev_value': 260, 'change': 1}
2022-10-06 09:04:39,575 : INFO : SwitchController : <<<<<<< 's_pop_right' inactive >>>>>>>
2022-10-06 09:04:39,575 : INFO : SwitchController : <<<<<<< 's_pop_right' active >>>>>>>
2022-10-06 09:04:39,575 : INFO : EventManager : Event: ======'playfield_active'====== Args={}
2022-10-06 09:04:39,575 : INFO : EventManager : Event: ======'unexpected_ball_on_playfield'====== Args={}
2022-10-06 09:04:39,575 : INFO : EventManager : Event: ======'machine_var_audits_switches_s_pop_right'====== Args={'value': 262, 'prev_value': 261, 'change': 1}
2022-10-06 09:04:39,587 : INFO : SwitchController : <<<<<<< 's_pop_right' inactive >>>>>>>
2022-10-06 09:04:39,649 : INFO : SwitchController : <<<<<<< 's_right_flipper' inactive >>>>>>>
2022-10-06 09:04:39,761 : INFO : SwitchController : <<<<<<< 's_rollover_left' active >>>>>>>
2022-10-06 09:04:39,761 : INFO : EventManager : Event: ======'sw_playfield_active'====== Args={}
2022-10-06 09:04:39,761 : INFO : EventManager : Event: ======'machine_var_audits_switches_s_rollover_left'====== Args={'value': 51, 'prev_value': 50, 'change': 1}
2022-10-06 09:04:39,762 : INFO : EventManager : Event: ======'playfield_active'====== Args={}
2022-10-06 09:04:39,762 : INFO : EventManager : Event: ======'unexpected_ball_on_playfield'====== Args={}
2022-10-06 09:04:40,089 : INFO : SwitchController : <<<<<<< 's_rollover_left' inactive >>>>>>>
2022-10-06 09:04:41,222 : INFO : SwitchController : <<<<<<< 's_left_flipper' active >>>>>>>
2022-10-06 09:04:41,223 : INFO : EventManager : Event: ======'machine_var_audits_switches_s_left_flipper'====== Args={'value': 848, 'prev_value': 847, 'change': 1}
2022-10-06 09:04:41,253 : INFO : SwitchController : <<<<<<< 's_eos_left_top' active >>>>>>>
2022-10-06 09:04:41,253 : INFO : EventManager : Event: ======'machine_var_audits_switches_s_eos_left_top'====== Args={'value': 753, 'prev_value': 752, 'change': 1}
2022-10-06 09:04:41,315 : INFO : SwitchController : <<<<<<< 's_left_flipper' inactive >>>>>>>
2022-10-06 09:04:41,409 : INFO : SwitchController : <<<<<<< 's_eos_left_top' inactive >>>>>>>
2022-10-06 09:04:41,690 : INFO : SwitchController : <<<<<<< 's_pop_right' active >>>>>>>
2022-10-06 09:04:41,690 : INFO : EventManager : Event: ======'playfield_active'====== Args={}
2022-10-06 09:04:41,690 : INFO : EventManager : Event: ======'unexpected_ball_on_playfield'====== Args={}
2022-10-06 09:04:41,690 : INFO : EventManager : Event: ======'machine_var_audits_switches_s_pop_right'====== Args={'value': 263, 'prev_value': 262, 'change': 1}
2022-10-06 09:04:41,710 : INFO : SwitchController : <<<<<<< 's_pop_right' inactive >>>>>>>
2022-10-06 09:04:41,816 : INFO : SwitchController : <<<<<<< 's_pop_right' active >>>>>>>
2022-10-06 09:04:41,816 : INFO : EventManager : Event: ======'playfield_active'====== Args={}
2022-10-06 09:04:41,816 : INFO : EventManager : Event: ======'unexpected_ball_on_playfield'====== Args={}
2022-10-06 09:04:41,816 : INFO : EventManager : Event: ======'machine_var_audits_switches_s_pop_right'====== Args={'value': 264, 'prev_value': 263, 'change': 1}
2022-10-06 09:04:41,835 : INFO : SwitchController : <<<<<<< 's_pop_right' inactive >>>>>>>
2022-10-06 09:04:41,894 : INFO : SwitchController : <<<<<<< 's_pop_right' active >>>>>>>
2022-10-06 09:04:41,894 : INFO : EventManager : Event: ======'playfield_active'====== Args={}
2022-10-06 09:04:41,894 : INFO : EventManager : Event: ======'unexpected_ball_on_playfield'====== Args={}
2022-10-06 09:04:41,894 : INFO : EventManager : Event: ======'machine_var_audits_switches_s_pop_right'====== Args={'value': 265, 'prev_value': 264, 'change': 1}
2022-10-06 09:04:41,913 : INFO : SwitchController : <<<<<<< 's_pop_right' inactive >>>>>>>
2022-10-06 09:04:41,957 : INFO : SwitchController : <<<<<<< 's_pop_right' active >>>>>>>
2022-10-06 09:04:41,957 : INFO : EventManager : Event: ======'playfield_active'====== Args={}
2022-10-06 09:04:41,957 : INFO : EventManager : Event: ======'unexpected_ball_on_playfield'====== Args={}
2022-10-06 09:04:41,957 : INFO : EventManager : Event: ======'machine_var_audits_switches_s_pop_right'====== Args={'value': 266, 'prev_value': 265, 'change': 1}
2022-10-06 09:04:41,975 : INFO : SwitchController : <<<<<<< 's_pop_right' inactive >>>>>>>
2022-10-06 09:04:41,990 : INFO : SwitchController : <<<<<<< 's_pop_right' active >>>>>>>
2022-10-06 09:04:41,990 : INFO : EventManager : Event: ======'playfield_active'====== Args={}
2022-10-06 09:04:41,990 : INFO : EventManager : Event: ======'unexpected_ball_on_playfield'====== Args={}
2022-10-06 09:04:41,990 : INFO : EventManager : Event: ======'machine_var_audits_switches_s_pop_right'====== Args={'value': 267, 'prev_value': 266, 'change': 1}
2022-10-06 09:04:41,990 : INFO : SwitchController : <<<<<<< 's_pop_right' inactive >>>>>>>
2022-10-06 09:04:42,052 : INFO : SwitchController : <<<<<<< 's_pop_right' active >>>>>>>
2022-10-06 09:04:42,052 : INFO : EventManager : Event: ======'playfield_active'====== Args={}
2022-10-06 09:04:42,052 : INFO : EventManager : Event: ======'unexpected_ball_on_playfield'====== Args={}
2022-10-06 09:04:42,052 : INFO : EventManager : Event: ======'machine_var_audits_switches_s_pop_right'====== Args={'value': 268, 'prev_value': 267, 'change': 1}
2022-10-06 09:04:42,071 : INFO : SwitchController : <<<<<<< 's_pop_right' inactive >>>>>>>
2022-10-06 09:04:42,146 : INFO : SwitchController : <<<<<<< 's_pop_right' active >>>>>>>
2022-10-06 09:04:42,146 : INFO : EventManager : Event: ======'playfield_active'====== Args={}
2022-10-06 09:04:42,146 : INFO : EventManager : Event: ======'unexpected_ball_on_playfield'====== Args={}
2022-10-06 09:04:42,146 : INFO : EventManager : Event: ======'machine_var_audits_switches_s_pop_right'====== Args={'value': 269, 'prev_value': 268, 'change': 1}
2022-10-06 09:04:42,166 : INFO : SwitchController : <<<<<<< 's_pop_right' inactive >>>>>>>
2022-10-06 09:04:42,244 : INFO : SwitchController : <<<<<<< 's_pop_right' active >>>>>>>
2022-10-06 09:04:42,244 : INFO : EventManager : Event: ======'playfield_active'====== Args={}
2022-10-06 09:04:42,244 : INFO : EventManager : Event: ======'unexpected_ball_on_playfield'====== Args={}
2022-10-06 09:04:42,244 : INFO : EventManager : Event: ======'machine_var_audits_switches_s_pop_right'====== Args={'value': 270, 'prev_value': 269, 'change': 1}
2022-10-06 09:04:42,263 : INFO : SwitchController : <<<<<<< 's_pop_right' inactive >>>>>>>
2022-10-06 09:04:42,355 : INFO : SwitchController : <<<<<<< 's_pop_right' active >>>>>>>
2022-10-06 09:04:42,355 : INFO : EventManager : Event: ======'playfield_active'====== Args={}
2022-10-06 09:04:42,355 : INFO : EventManager : Event: ======'unexpected_ball_on_playfield'====== Args={}
2022-10-06 09:04:42,355 : INFO : EventManager : Event: ======'machine_var_audits_switches_s_pop_right'====== Args={'value': 271, 'prev_value': 270, 'change': 1}
2022-10-06 09:04:42,356 : INFO : SwitchController : <<<<<<< 's_pop_right' inactive >>>>>>>
2022-10-06 09:04:43,627 : INFO : SwitchController : <<<<<<< 's_left_flipper' active >>>>>>>
2022-10-06 09:04:43,627 : INFO : EventManager : Event: ======'machine_var_audits_switches_s_left_flipper'====== Args={'value': 849, 'prev_value': 848, 'change': 1}
2022-10-06 09:04:43,660 : INFO : SwitchController : <<<<<<< 's_eos_left_top' active >>>>>>>
2022-10-06 09:04:43,660 : INFO : EventManager : Event: ======'machine_var_audits_switches_s_eos_left_top'====== Args={'value': 754, 'prev_value': 753, 'change': 1}
2022-10-06 09:04:43,706 : INFO : SwitchController : <<<<<<< 's_left_flipper' inactive >>>>>>>
2022-10-06 09:04:43,816 : INFO : SwitchController : <<<<<<< 's_eos_left_top' inactive >>>>>>>
2022-10-06 09:04:44,619 : INFO : SwitchController : <<<<<<< 's_left_flipper' active >>>>>>>
2022-10-06 09:04:44,619 : INFO : EventManager : Event: ======'machine_var_audits_switches_s_left_flipper'====== Args={'value': 850, 'prev_value': 849, 'change': 1}
2022-10-06 09:04:44,651 : INFO : SwitchController : <<<<<<< 's_eos_left_top' active >>>>>>>
2022-10-06 09:04:44,651 : INFO : EventManager : Event: ======'machine_var_audits_switches_s_eos_left_top'====== Args={'value': 755, 'prev_value': 754, 'change': 1}
2022-10-06 09:04:44,669 : INFO : EventManager : Event: ======'balldevice_bd_trough_ball_eject_failed'====== Args={'target': <ball_device.bd_plunger>, 'balls': 1, 'retry': True, 'num_attempts': 2}
2022-10-06 09:04:44,670 : INFO : ball_device.bd_trough : State: waiting_for_target_ready
2022-10-06 09:04:44,670 : INFO : EventManager : Event: ======'balldevice_bd_trough_ball_eject_attempt'====== Args={'balls': 1, 'target': <ball_device.bd_plunger>, 'source': <ball_device.bd_trough>, 'mechanical_eject': True, 'num_attempts': 2}
2022-10-06 09:04:44,670 : INFO : ball_device.bd_trough : State: ejecting
2022-10-06 09:04:44,670 : INFO : ball_device.bd_trough : Ejecting ball to <ball_device.bd_plunger>
2022-10-06 09:04:44,670 : INFO : EventManager : Event: ======'balldevice_bd_trough_ejecting_ball'====== Args={'balls': 1, 'target': <ball_device.bd_plunger>, 'source': <ball_device.bd_trough>, 'mechanical_eject': True, 'num_attempts': 2}
2022-10-06 09:04:44,671 : INFO : ball_device.bd_trough : Wait for ball to leave device
2022-10-06 09:04:44,672 : INFO : coil.c_trough : Pulsing Driver for 30ms (0.9 pulse_power)
2022-10-06 09:04:44,712 : INFO : SwitchController : <<<<<<< 's_trough_2' active >>>>>>>
2022-10-06 09:04:44,712 : INFO : EventManager : Event: ======'machine_var_audits_switches_s_trough_2'====== Args={'value': 156, 'prev_value': 155, 'change': 1}
2022-10-06 09:04:44,713 : INFO : SwitchController : <<<<<<< 's_trough_2' inactive >>>>>>>
2022-10-06 09:04:45,368 : INFO : SwitchController : <<<<<<< 's_left_flipper' inactive >>>>>>>
2022-10-06 09:04:45,462 : INFO : SwitchController : <<<<<<< 's_eos_left_top' inactive >>>>>>>
2022-10-06 09:04:45,774 : INFO : SwitchController : <<<<<<< 's_left_flipper' active >>>>>>>
2022-10-06 09:04:45,774 : INFO : EventManager : Event: ======'machine_var_audits_switches_s_left_flipper'====== Args={'value': 851, 'prev_value': 850, 'change': 1}
2022-10-06 09:04:45,805 : INFO : SwitchController : <<<<<<< 's_eos_left_top' active >>>>>>>
2022-10-06 09:04:45,805 : INFO : EventManager : Event: ======'machine_var_audits_switches_s_eos_left_top'====== Args={'value': 756, 'prev_value': 755, 'change': 1}
2022-10-06 09:04:45,884 : INFO : SwitchController : <<<<<<< 's_left_flipper' inactive >>>>>>>
2022-10-06 09:04:45,961 : INFO : SwitchController : <<<<<<< 's_eos_left_top' inactive >>>>>>>
2022-10-06 09:04:46,055 : INFO : SwitchController : <<<<<<< 's_pop_right' active >>>>>>>
2022-10-06 09:04:46,055 : INFO : EventManager : Event: ======'playfield_active'====== Args={}
2022-10-06 09:04:46,055 : INFO : EventManager : Event: ======'unexpected_ball_on_playfield'====== Args={}
2022-10-06 09:04:46,055 : INFO : EventManager : Event: ======'machine_var_audits_switches_s_pop_right'====== Args={'value': 272, 'prev_value': 271, 'change': 1}
2022-10-06 09:04:46,087 : INFO : SwitchController : <<<<<<< 's_pop_right' inactive >>>>>>>
2022-10-06 09:04:46,307 : INFO : SwitchController : <<<<<<< 's_rollover_right' active >>>>>>>
2022-10-06 09:04:46,308 : INFO : EventManager : Event: ======'sw_playfield_active'====== Args={}
2022-10-06 09:04:46,308 : INFO : EventManager : Event: ======'machine_var_audits_switches_s_rollover_right'====== Args={'value': 42, 'prev_value': 41, 'change': 1}
2022-10-06 09:04:46,308 : INFO : EventManager : Event: ======'playfield_active'====== Args={}
2022-10-06 09:04:46,308 : INFO : EventManager : Event: ======'unexpected_ball_on_playfield'====== Args={}
2022-10-06 09:04:46,319 : INFO : SwitchController : <<<<<<< 's_rollover_right' inactive >>>>>>>
2022-10-06 09:04:46,846 : INFO : SwitchController : <<<<<<< 's_right_flipper' active >>>>>>>
2022-10-06 09:04:46,846 : INFO : EventManager : Event: ======'machine_var_audits_switches_s_right_flipper'====== Args={'value': 883, 'prev_value': 882, 'change': 1}
2022-10-06 09:04:46,954 : INFO : SwitchController : <<<<<<< 's_right_flipper' inactive >>>>>>>
2022-10-06 09:04:47,983 : INFO : SwitchController : <<<<<<< 's_right_flipper' active >>>>>>>
2022-10-06 09:04:47,983 : INFO : EventManager : Event: ======'machine_var_audits_switches_s_right_flipper'====== Args={'value': 884, 'prev_value': 883, 'change': 1}
2022-10-06 09:04:48,373 : INFO : SwitchController : <<<<<<< 's_right_flipper' inactive >>>>>>>
2022-10-06 09:04:49,508 : INFO : SwitchController : <<<<<<< 's_left_inlane' active >>>>>>>
2022-10-06 09:04:49,508 : INFO : EventManager : Event: ======'sw_playfield_active'====== Args={}
2022-10-06 09:04:49,508 : INFO : EventManager : Event: ======'machine_var_audits_switches_s_left_inlane'====== Args={'value': 17, 'prev_value': 16, 'change': 1}
2022-10-06 09:04:49,509 : INFO : EventManager : Event: ======'playfield_active'====== Args={}
2022-10-06 09:04:49,509 : INFO : EventManager : Event: ======'unexpected_ball_on_playfield'====== Args={}
2022-10-06 09:04:49,570 : INFO : SwitchController : <<<<<<< 's_left_inlane' inactive >>>>>>>
2022-10-06 09:04:50,191 : INFO : SwitchController : <<<<<<< 's_left_flipper' active >>>>>>>
2022-10-06 09:04:50,191 : INFO : EventManager : Event: ======'machine_var_audits_switches_s_left_flipper'====== Args={'value': 852, 'prev_value': 851, 'change': 1}
2022-10-06 09:04:50,223 : INFO : SwitchController : <<<<<<< 's_eos_left_top' active >>>>>>>
2022-10-06 09:04:50,223 : INFO : EventManager : Event: ======'machine_var_audits_switches_s_eos_left_top'====== Args={'value': 757, 'prev_value': 756, 'change': 1}
2022-10-06 09:04:50,349 : INFO : SwitchController : <<<<<<< 's_left_flipper' inactive >>>>>>>
2022-10-06 09:04:50,445 : INFO : SwitchController : <<<<<<< 's_eos_left_top' inactive >>>>>>>
2022-10-06 09:04:50,713 : INFO : SwitchController : <<<<<<< 's_sling_right' active >>>>>>>
2022-10-06 09:04:50,713 : INFO : EventManager : Event: ======'playfield_active'====== Args={}
2022-10-06 09:04:50,713 : INFO : EventManager : Event: ======'unexpected_ball_on_playfield'====== Args={}
2022-10-06 09:04:50,713 : INFO : EventManager : Event: ======'machine_var_audits_switches_s_sling_right'====== Args={'value': 96, 'prev_value': 95, 'change': 1}
2022-10-06 09:04:50,739 : INFO : SwitchController : <<<<<<< 's_sling_right' inactive >>>>>>>
2022-10-06 09:04:51,281 : INFO : SwitchController : <<<<<<< 's_pop_lower' active >>>>>>>
2022-10-06 09:04:51,281 : INFO : EventManager : Event: ======'playfield_active'====== Args={}
2022-10-06 09:04:51,281 : INFO : EventManager : Event: ======'unexpected_ball_on_playfield'====== Args={}
2022-10-06 09:04:51,281 : INFO : EventManager : Event: ======'machine_var_audits_switches_s_pop_lower'====== Args={'value': 216, 'prev_value': 215, 'change': 1}
2022-10-06 09:04:51,298 : INFO : SwitchController : <<<<<<< 's_pop_lower' inactive >>>>>>>
2022-10-06 09:04:52,371 : INFO : SwitchController : <<<<<<< 's_left_flipper' active >>>>>>>
2022-10-06 09:04:52,371 : INFO : EventManager : Event: ======'machine_var_audits_switches_s_left_flipper'====== Args={'value': 853, 'prev_value': 852, 'change': 1}
2022-10-06 09:04:52,401 : INFO : SwitchController : <<<<<<< 's_eos_left_top' active >>>>>>>
2022-10-06 09:04:52,401 : INFO : EventManager : Event: ======'machine_var_audits_switches_s_eos_left_top'====== Args={'value': 758, 'prev_value': 757, 'change': 1}
2022-10-06 09:04:52,587 : INFO : SwitchController : <<<<<<< 's_left_flipper' inactive >>>>>>>
2022-10-06 09:04:52,681 : INFO : SwitchController : <<<<<<< 's_eos_left_top' inactive >>>>>>>
2022-10-06 09:04:53,290 : INFO : SwitchController : <<<<<<< 's_sling_right' active >>>>>>>
2022-10-06 09:04:53,290 : INFO : EventManager : Event: ======'playfield_active'====== Args={}
2022-10-06 09:04:53,290 : INFO : EventManager : Event: ======'unexpected_ball_on_playfield'====== Args={}
2022-10-06 09:04:53,291 : INFO : EventManager : Event: ======'machine_var_audits_switches_s_sling_right'====== Args={'value': 97, 'prev_value': 96, 'change': 1}
2022-10-06 09:04:53,295 : INFO : SwitchController : <<<<<<< 's_sling_right' inactive >>>>>>>
2022-10-06 09:04:54,424 : INFO : SwitchController : <<<<<<< 's_left_flipper' active >>>>>>>
2022-10-06 09:04:54,424 : INFO : EventManager : Event: ======'machine_var_audits_switches_s_left_flipper'====== Args={'value': 854, 'prev_value': 853, 'change': 1}
2022-10-06 09:04:54,472 : INFO : SwitchController : <<<<<<< 's_eos_left_top' active >>>>>>>
2022-10-06 09:04:54,473 : INFO : EventManager : Event: ======'machine_var_audits_switches_s_eos_left_top'====== Args={'value': 759, 'prev_value': 758, 'change': 1}
2022-10-06 09:04:54,595 : INFO : SwitchController : <<<<<<< 's_left_flipper' inactive >>>>>>>
2022-10-06 09:04:54,657 : INFO : EventManager : Event: ======'balldevice_bd_trough_ball_eject_failed'====== Args={'target': <ball_device.bd_plunger>, 'balls': 1, 'retry': True, 'num_attempts': 3}
2022-10-06 09:04:54,658 : INFO : ball_device.bd_trough : State: waiting_for_target_ready
2022-10-06 09:04:54,658 : INFO : EventManager : Event: ======'balldevice_bd_trough_ball_eject_attempt'====== Args={'balls': 1, 'target': <ball_device.bd_plunger>, 'source': <ball_device.bd_trough>, 'mechanical_eject': True, 'num_attempts': 3}
2022-10-06 09:04:54,658 : INFO : ball_device.bd_trough : State: ejecting
2022-10-06 09:04:54,658 : INFO : ball_device.bd_trough : Ejecting ball to <ball_device.bd_plunger>
2022-10-06 09:04:54,658 : INFO : EventManager : Event: ======'balldevice_bd_trough_ejecting_ball'====== Args={'balls': 1, 'target': <ball_device.bd_plunger>, 'source': <ball_device.bd_trough>, 'mechanical_eject': True, 'num_attempts': 3}
2022-10-06 09:04:54,659 : INFO : ball_device.bd_trough : Wait for ball to leave device
2022-10-06 09:04:54,659 : INFO : coil.c_trough : Pulsing Driver for 30ms (0.9 pulse_power)
2022-10-06 09:04:54,688 : INFO : SwitchController : <<<<<<< 's_pop_right' active >>>>>>>
2022-10-06 09:04:54,688 : INFO : EventManager : Event: ======'playfield_active'====== Args={}
2022-10-06 09:04:54,688 : INFO : EventManager : Event: ======'unexpected_ball_on_playfield'====== Args={}
2022-10-06 09:04:54,688 : INFO : EventManager : Event: ======'machine_var_audits_switches_s_pop_right'====== Args={'value': 273, 'prev_value': 272, 'change': 1}
2022-10-06 09:04:54,688 : INFO : SwitchController : <<<<<<< 's_eos_left_top' inactive >>>>>>>
2022-10-06 09:04:54,708 : INFO : SwitchController : <<<<<<< 's_pop_right' inactive >>>>>>>
2022-10-06 09:04:54,708 : INFO : SwitchController : <<<<<<< 's_trough_2' active >>>>>>>
2022-10-06 09:04:54,708 : INFO : EventManager : Event: ======'machine_var_audits_switches_s_trough_2'====== Args={'value': 157, 'prev_value': 156, 'change': 1}
2022-10-06 09:04:54,713 : INFO : SwitchController : <<<<<<< 's_trough_2' inactive >>>>>>>
2022-10-06 09:04:55,148 : INFO : SwitchController : <<<<<<< 's_rollover_left' active >>>>>>>
2022-10-06 09:04:55,148 : INFO : EventManager : Event: ======'sw_playfield_active'====== Args={}
2022-10-06 09:04:55,148 : INFO : EventManager : Event: ======'machine_var_audits_switches_s_rollover_left'====== Args={'value': 52, 'prev_value': 51, 'change': 1}
2022-10-06 09:04:55,149 : INFO : EventManager : Event: ======'playfield_active'====== Args={}
2022-10-06 09:04:55,149 : INFO : EventManager : Event: ======'unexpected_ball_on_playfield'====== Args={}
2022-10-06 09:04:55,211 : INFO : SwitchController : <<<<<<< 's_rollover_left' inactive >>>>>>>
2022-10-06 09:04:55,971 : INFO : SwitchController : <<<<<<< 's_left_flipper' active >>>>>>>
2022-10-06 09:04:55,971 : INFO : EventManager : Event: ======'machine_var_audits_switches_s_left_flipper'====== Args={'value': 855, 'prev_value': 854, 'change': 1}
2022-10-06 09:04:55,990 : INFO : SwitchController : <<<<<<< 's_eos_left_top' active >>>>>>>
2022-10-06 09:04:55,990 : INFO : EventManager : Event: ======'machine_var_audits_switches_s_eos_left_top'====== Args={'value': 760, 'prev_value': 759, 'change': 1}
2022-10-06 09:04:56,301 : INFO : SwitchController : <<<<<<< 's_left_flipper' inactive >>>>>>>
2022-10-06 09:04:56,392 : INFO : SwitchController : <<<<<<< 's_eos_left_top' inactive >>>>>>>
2022-10-06 09:04:58,262 : INFO : SwitchController : <<<<<<< 's_left_flipper' active >>>>>>>
2022-10-06 09:04:58,262 : INFO : EventManager : Event: ======'machine_var_audits_switches_s_left_flipper'====== Args={'value': 856, 'prev_value': 855, 'change': 1}
2022-10-06 09:04:58,272 : INFO : SwitchController : <<<<<<< 's_eos_left_top' active >>>>>>>
2022-10-06 09:04:58,272 : INFO : EventManager : Event: ======'machine_var_audits_switches_s_eos_left_top'====== Args={'value': 761, 'prev_value': 760, 'change': 1}
2022-10-06 09:04:58,390 : INFO : SwitchController : <<<<<<< 's_left_flipper' inactive >>>>>>>
2022-10-06 09:04:58,487 : INFO : SwitchController : <<<<<<< 's_eos_left_top' inactive >>>>>>>
2022-10-06 09:04:58,518 : INFO : SwitchController : <<<<<<< 's_pop_right' active >>>>>>>
2022-10-06 09:04:58,518 : INFO : EventManager : Event: ======'playfield_active'====== Args={}
2022-10-06 09:04:58,518 : INFO : EventManager : Event: ======'unexpected_ball_on_playfield'====== Args={}
2022-10-06 09:04:58,518 : INFO : EventManager : Event: ======'machine_var_audits_switches_s_pop_right'====== Args={'value': 274, 'prev_value': 273, 'change': 1}
2022-10-06 09:04:58,536 : INFO : SwitchController : <<<<<<< 's_pop_right' inactive >>>>>>>
2022-10-06 09:05:00,122 : INFO : SwitchController : <<<<<<< 's_left_flipper' active >>>>>>>
2022-10-06 09:05:00,122 : INFO : EventManager : Event: ======'machine_var_audits_switches_s_left_flipper'====== Args={'value': 857, 'prev_value': 856, 'change': 1}
2022-10-06 09:05:00,153 : INFO : SwitchController : <<<<<<< 's_eos_left_top' active >>>>>>>
2022-10-06 09:05:00,153 : INFO : EventManager : Event: ======'machine_var_audits_switches_s_eos_left_top'====== Args={'value': 762, 'prev_value': 761, 'change': 1}
2022-10-06 09:05:00,246 : INFO : SwitchController : <<<<<<< 's_left_flipper' inactive >>>>>>>
2022-10-06 09:05:00,355 : INFO : SwitchController : <<<<<<< 's_eos_left_top' inactive >>>>>>>
2022-10-06 09:05:01,116 : INFO : SwitchController : <<<<<<< 's_left_flipper' active >>>>>>>
2022-10-06 09:05:01,116 : INFO : EventManager : Event: ======'machine_var_audits_switches_s_left_flipper'====== Args={'value': 858, 'prev_value': 857, 'change': 1}
2022-10-06 09:05:01,147 : INFO : SwitchController : <<<<<<< 's_eos_left_top' active >>>>>>>
2022-10-06 09:05:01,147 : INFO : EventManager : Event: ======'machine_var_audits_switches_s_eos_left_top'====== Args={'value': 763, 'prev_value': 762, 'change': 1}
2022-10-06 09:05:01,167 : INFO : SwitchController : <<<<<<< 's_pop_lower' active >>>>>>>
2022-10-06 09:05:01,167 : INFO : EventManager : Event: ======'playfield_active'====== Args={}
2022-10-06 09:05:01,167 : INFO : EventManager : Event: ======'unexpected_ball_on_playfield'====== Args={}
2022-10-06 09:05:01,167 : INFO : EventManager : Event: ======'machine_var_audits_switches_s_pop_lower'====== Args={'value': 217, 'prev_value': 216, 'change': 1}
2022-10-06 09:05:01,181 : INFO : SwitchController : <<<<<<< 's_left_flipper' inactive >>>>>>>
2022-10-06 09:05:01,182 : INFO : SwitchController : <<<<<<< 's_pop_lower' inactive >>>>>>>
2022-10-06 09:05:01,256 : INFO : SwitchController : <<<<<<< 's_pop_lower' active >>>>>>>
2022-10-06 09:05:01,256 : INFO : EventManager : Event: ======'playfield_active'====== Args={}
2022-10-06 09:05:01,256 : INFO : EventManager : Event: ======'unexpected_ball_on_playfield'====== Args={}
2022-10-06 09:05:01,256 : INFO : EventManager : Event: ======'machine_var_audits_switches_s_pop_lower'====== Args={'value': 218, 'prev_value': 217, 'change': 1}
2022-10-06 09:05:01,291 : INFO : SwitchController : <<<<<<< 's_pop_lower' inactive >>>>>>>
2022-10-06 09:05:01,291 : INFO : SwitchController : <<<<<<< 's_eos_left_top' inactive >>>>>>>
2022-10-06 09:05:02,228 : INFO : SwitchController : <<<<<<< 's_pop_lower' active >>>>>>>
2022-10-06 09:05:02,228 : INFO : EventManager : Event: ======'playfield_active'====== Args={}
2022-10-06 09:05:02,228 : INFO : EventManager : Event: ======'unexpected_ball_on_playfield'====== Args={}
2022-10-06 09:05:02,228 : INFO : EventManager : Event: ======'machine_var_audits_switches_s_pop_lower'====== Args={'value': 219, 'prev_value': 218, 'change': 1}
2022-10-06 09:05:02,248 : INFO : SwitchController : <<<<<<< 's_pop_lower' inactive >>>>>>>
2022-10-06 09:05:03,425 : INFO : SwitchController : <<<<<<< 's_left_flipper' active >>>>>>>
2022-10-06 09:05:03,425 : INFO : EventManager : Event: ======'machine_var_audits_switches_s_left_flipper'====== Args={'value': 859, 'prev_value': 858, 'change': 1}
2022-10-06 09:05:03,455 : INFO : SwitchController : <<<<<<< 's_eos_left_top' active >>>>>>>
2022-10-06 09:05:03,455 : INFO : EventManager : Event: ======'machine_var_audits_switches_s_eos_left_top'====== Args={'value': 764, 'prev_value': 763, 'change': 1}
2022-10-06 09:05:03,551 : INFO : SwitchController : <<<<<<< 's_left_flipper' inactive >>>>>>>
2022-10-06 09:05:03,647 : INFO : SwitchController : <<<<<<< 's_eos_left_top' inactive >>>>>>>
2022-10-06 09:05:03,710 : INFO : SwitchController : <<<<<<< 's_rollover_left' active >>>>>>>
2022-10-06 09:05:03,710 : INFO : EventManager : Event: ======'sw_playfield_active'====== Args={}
2022-10-06 09:05:03,710 : INFO : EventManager : Event: ======'machine_var_audits_switches_s_rollover_left'====== Args={'value': 53, 'prev_value': 52, 'change': 1}
2022-10-06 09:05:03,711 : INFO : EventManager : Event: ======'playfield_active'====== Args={}
2022-10-06 09:05:03,711 : INFO : EventManager : Event: ======'unexpected_ball_on_playfield'====== Args={}
2022-10-06 09:05:03,726 : INFO : SwitchController : <<<<<<< 's_rollover_left' inactive >>>>>>>
2022-10-06 09:05:04,089 : INFO : SwitchController : <<<<<<< 's_right_flipper' active >>>>>>>
2022-10-06 09:05:04,089 : INFO : EventManager : Event: ======'machine_var_audits_switches_s_right_flipper'====== Args={'value': 885, 'prev_value': 884, 'change': 1}
2022-10-06 09:05:04,227 : INFO : SwitchController : <<<<<<< 's_right_flipper' inactive >>>>>>>
2022-10-06 09:05:04,657 : INFO : EventManager : Event: ======'balldevice_bd_trough_ball_eject_failed'====== Args={'target': <ball_device.bd_plunger>, 'balls': 1, 'retry': True, 'num_attempts': 4}
2022-10-06 09:05:04,658 : INFO : ball_device.bd_trough : State: waiting_for_target_ready
2022-10-06 09:05:04,658 : INFO : EventManager : Event: ======'balldevice_bd_trough_ball_eject_attempt'====== Args={'balls': 1, 'target': <ball_device.bd_plunger>, 'source': <ball_device.bd_trough>, 'mechanical_eject': True, 'num_attempts': 4}
2022-10-06 09:05:04,658 : INFO : ball_device.bd_trough : State: ejecting
2022-10-06 09:05:04,658 : INFO : ball_device.bd_trough : Ejecting ball to <ball_device.bd_plunger>
2022-10-06 09:05:04,658 : INFO : EventManager : Event: ======'balldevice_bd_trough_ejecting_ball'====== Args={'balls': 1, 'target': <ball_device.bd_plunger>, 'source': <ball_device.bd_trough>, 'mechanical_eject': True, 'num_attempts': 4}
2022-10-06 09:05:04,659 : INFO : ball_device.bd_trough : Wait for ball to leave device
2022-10-06 09:05:04,659 : INFO : coil.c_trough : Pulsing Driver for 30ms (0.9 pulse_power)
2022-10-06 09:05:05,716 : INFO : SwitchController : <<<<<<< 's_right_flipper' active >>>>>>>
2022-10-06 09:05:05,716 : INFO : EventManager : Event: ======'machine_var_audits_switches_s_right_flipper'====== Args={'value': 886, 'prev_value': 885, 'change': 1}
2022-10-06 09:05:05,968 : INFO : SwitchController : <<<<<<< 's_pop_left' active >>>>>>>
2022-10-06 09:05:05,968 : INFO : EventManager : Event: ======'playfield_active'====== Args={}
2022-10-06 09:05:05,968 : INFO : EventManager : Event: ======'unexpected_ball_on_playfield'====== Args={}
2022-10-06 09:05:05,968 : INFO : EventManager : Event: ======'machine_var_audits_switches_s_pop_left'====== Args={'value': 146, 'prev_value': 145, 'change': 1}
2022-10-06 09:05:05,988 : INFO : SwitchController : <<<<<<< 's_pop_left' inactive >>>>>>>
2022-10-06 09:05:06,153 : INFO : SwitchController : <<<<<<< 's_right_flipper' inactive >>>>>>>
2022-10-06 09:05:06,277 : INFO : SwitchController : <<<<<<< 's_sling_right' active >>>>>>>
2022-10-06 09:05:06,277 : INFO : EventManager : Event: ======'playfield_active'====== Args={}
2022-10-06 09:05:06,277 : INFO : EventManager : Event: ======'unexpected_ball_on_playfield'====== Args={}
2022-10-06 09:05:06,277 : INFO : EventManager : Event: ======'machine_var_audits_switches_s_sling_right'====== Args={'value': 98, 'prev_value': 97, 'change': 1}
2022-10-06 09:05:06,299 : INFO : SwitchController : <<<<<<< 's_sling_right' inactive >>>>>>>
2022-10-06 09:05:07,485 : INFO : SwitchController : <<<<<<< 's_right_flipper' active >>>>>>>
2022-10-06 09:05:07,485 : INFO : EventManager : Event: ======'machine_var_audits_switches_s_right_flipper'====== Args={'value': 887, 'prev_value': 886, 'change': 1}
2022-10-06 09:05:07,594 : INFO : SwitchController : <<<<<<< 's_right_flipper' inactive >>>>>>>
2022-10-06 09:05:08,401 : INFO : SwitchController : <<<<<<< 's_right_flipper' active >>>>>>>
2022-10-06 09:05:08,401 : INFO : EventManager : Event: ======'machine_var_audits_switches_s_right_flipper'====== Args={'value': 888, 'prev_value': 887, 'change': 1}
2022-10-06 09:05:08,463 : INFO : SwitchController : <<<<<<< 's_right_flipper' inactive >>>>>>>
2022-10-06 09:05:08,865 : INFO : SwitchController : <<<<<<< 's_right_flipper' active >>>>>>>
2022-10-06 09:05:08,865 : INFO : EventManager : Event: ======'machine_var_audits_switches_s_right_flipper'====== Args={'value': 889, 'prev_value': 888, 'change': 1}
2022-10-06 09:05:08,974 : INFO : SwitchController : <<<<<<< 's_right_flipper' inactive >>>>>>>
2022-10-06 09:05:09,129 : INFO : SwitchController : <<<<<<< 's_right_flipper' active >>>>>>>
2022-10-06 09:05:09,129 : INFO : EventManager : Event: ======'machine_var_audits_switches_s_right_flipper'====== Args={'value': 890, 'prev_value': 889, 'change': 1}
2022-10-06 09:05:09,237 : INFO : SwitchController : <<<<<<< 's_right_flipper' inactive >>>>>>>
2022-10-06 09:05:09,675 : INFO : SwitchController : <<<<<<< 's_left_flipper' active >>>>>>>
2022-10-06 09:05:09,675 : INFO : EventManager : Event: ======'machine_var_audits_switches_s_left_flipper'====== Args={'value': 860, 'prev_value': 859, 'change': 1}
2022-10-06 09:05:09,708 : INFO : SwitchController : <<<<<<< 's_eos_left_top' active >>>>>>>
2022-10-06 09:05:09,708 : INFO : EventManager : Event: ======'machine_var_audits_switches_s_eos_left_top'====== Args={'value': 765, 'prev_value': 764, 'change': 1}
2022-10-06 09:05:09,800 : INFO : SwitchController : <<<<<<< 's_left_flipper' inactive >>>>>>>
2022-10-06 09:05:09,910 : INFO : SwitchController : <<<<<<< 's_eos_left_top' inactive >>>>>>>
2022-10-06 09:05:10,033 : INFO : SwitchController : <<<<<<< 's_rollover_right' active >>>>>>>
2022-10-06 09:05:10,033 : INFO : EventManager : Event: ======'sw_playfield_active'====== Args={}
2022-10-06 09:05:10,033 : INFO : EventManager : Event: ======'machine_var_audits_switches_s_rollover_right'====== Args={'value': 43, 'prev_value': 42, 'change': 1}
2022-10-06 09:05:10,034 : INFO : EventManager : Event: ======'playfield_active'====== Args={}
2022-10-06 09:05:10,034 : INFO : EventManager : Event: ======'unexpected_ball_on_playfield'====== Args={}
2022-10-06 09:05:10,049 : INFO : SwitchController : <<<<<<< 's_rollover_right' inactive >>>>>>>
2022-10-06 09:05:10,347 : INFO : SwitchController : <<<<<<< 's_right_flipper' active >>>>>>>
2022-10-06 09:05:10,347 : INFO : EventManager : Event: ======'machine_var_audits_switches_s_right_flipper'====== Args={'value': 891, 'prev_value': 890, 'change': 1}
2022-10-06 09:05:10,503 : INFO : SwitchController : <<<<<<< 's_right_flipper' inactive >>>>>>>
2022-10-06 09:05:12,901 : INFO : SwitchController : <<<<<<< 's_right_flipper' active >>>>>>>
2022-10-06 09:05:12,901 : INFO : EventManager : Event: ======'machine_var_audits_switches_s_right_flipper'====== Args={'value': 892, 'prev_value': 891, 'change': 1}
2022-10-06 09:05:13,106 : INFO : SwitchController : <<<<<<< 's_right_flipper' inactive >>>>>>>
2022-10-06 09:05:13,446 : INFO : SwitchController : <<<<<<< 's_drop_mid_left' active >>>>>>>
2022-10-06 09:05:13,446 : INFO : EventManager : Event: ======'playfield_active'====== Args={}
2022-10-06 09:05:13,446 : INFO : EventManager : Event: ======'unexpected_ball_on_playfield'====== Args={}
2022-10-06 09:05:13,446 : INFO : EventManager : Event: ======'drop_target_mid_left_down'====== Args={'device': <drop_target.mid_left>}
2022-10-06 09:05:13,446 : INFO : EventManager : Event: ======'drop_target_bank_mid_mixed'====== Args={'prev_value': <DropTargetBankState.UP: 'up'>, 'down': 1}
2022-10-06 09:05:13,447 : INFO : EventManager : Event: ======'machine_var_audits_switches_s_drop_mid_left'====== Args={'value': 72, 'prev_value': 71, 'change': 1}
2022-10-06 09:05:14,221 : INFO : SwitchController : <<<<<<< 's_left_flipper' active >>>>>>>
2022-10-06 09:05:14,221 : INFO : EventManager : Event: ======'machine_var_audits_switches_s_left_flipper'====== Args={'value': 861, 'prev_value': 860, 'change': 1}
2022-10-06 09:05:14,240 : INFO : SwitchController : <<<<<<< 's_eos_left_top' active >>>>>>>
2022-10-06 09:05:14,240 : INFO : EventManager : Event: ======'machine_var_audits_switches_s_eos_left_top'====== Args={'value': 766, 'prev_value': 765, 'change': 1}
2022-10-06 09:05:14,440 : INFO : SwitchController : <<<<<<< 's_pop_right' active >>>>>>>
2022-10-06 09:05:14,440 : INFO : EventManager : Event: ======'playfield_active'====== Args={}
2022-10-06 09:05:14,440 : INFO : EventManager : Event: ======'unexpected_ball_on_playfield'====== Args={}
2022-10-06 09:05:14,440 : INFO : EventManager : Event: ======'machine_var_audits_switches_s_pop_right'====== Args={'value': 275, 'prev_value': 274, 'change': 1}
2022-10-06 09:05:14,462 : INFO : SwitchController : <<<<<<< 's_pop_right' inactive >>>>>>>
2022-10-06 09:05:14,657 : INFO : EventManager : Event: ======'balldevice_bd_trough_ball_eject_failed'====== Args={'target': <ball_device.bd_plunger>, 'balls': 1, 'retry': True, 'num_attempts': 5}
2022-10-06 09:05:14,657 : INFO : SwitchController : <<<<<<< 's_left_flipper' inactive >>>>>>>
2022-10-06 09:05:14,662 : INFO : ball_device.bd_trough : State: waiting_for_target_ready
2022-10-06 09:05:14,662 : INFO : EventManager : Event: ======'balldevice_bd_trough_ball_eject_attempt'====== Args={'balls': 1, 'target': <ball_device.bd_plunger>, 'source': <ball_device.bd_trough>, 'mechanical_eject': True, 'num_attempts': 5}
2022-10-06 09:05:14,662 : INFO : ball_device.bd_trough : State: ejecting
2022-10-06 09:05:14,662 : INFO : ball_device.bd_trough : Ejecting ball to <ball_device.bd_plunger>
2022-10-06 09:05:14,662 : INFO : EventManager : Event: ======'balldevice_bd_trough_ejecting_ball'====== Args={'balls': 1, 'target': <ball_device.bd_plunger>, 'source': <ball_device.bd_trough>, 'mechanical_eject': True, 'num_attempts': 5}
2022-10-06 09:05:14,663 : INFO : ball_device.bd_trough : Wait for ball to leave device
2022-10-06 09:05:14,663 : INFO : coil.c_trough : Pulsing Driver for 30ms (0.9 pulse_power)
2022-10-06 09:05:14,751 : INFO : SwitchController : <<<<<<< 's_eos_left_top' inactive >>>>>>>
2022-10-06 09:05:15,325 : INFO : SwitchController : <<<<<<< 's_right_flipper' active >>>>>>>
2022-10-06 09:05:15,325 : INFO : EventManager : Event: ======'machine_var_audits_switches_s_right_flipper'====== Args={'value': 893, 'prev_value': 892, 'change': 1}
2022-10-06 09:05:15,542 : INFO : SwitchController : <<<<<<< 's_drop_mid_mid' active >>>>>>>
2022-10-06 09:05:15,542 : INFO : EventManager : Event: ======'playfield_active'====== Args={}
2022-10-06 09:05:15,542 : INFO : EventManager : Event: ======'unexpected_ball_on_playfield'====== Args={}
2022-10-06 09:05:15,542 : INFO : EventManager : Event: ======'drop_target_mid_mid_down'====== Args={'device': <drop_target.mid_mid>}
2022-10-06 09:05:15,542 : INFO : EventManager : Event: ======'drop_target_bank_mid_mixed'====== Args={'prev_value': <DropTargetBankState.MIXED: 'mixed'>, 'down': 2}
2022-10-06 09:05:15,542 : INFO : EventManager : Event: ======'machine_var_audits_switches_s_drop_mid_mid'====== Args={'value': 80, 'prev_value': 79, 'change': 1}
2022-10-06 09:05:15,681 : INFO : SwitchController : <<<<<<< 's_right_flipper' inactive >>>>>>>
2022-10-06 09:05:15,776 : INFO : SwitchController : <<<<<<< 's_left_flipper' active >>>>>>>
2022-10-06 09:05:15,776 : INFO : EventManager : Event: ======'machine_var_audits_switches_s_left_flipper'====== Args={'value': 862, 'prev_value': 861, 'change': 1}
2022-10-06 09:05:15,808 : INFO : SwitchController : <<<<<<< 's_eos_left_top' active >>>>>>>
2022-10-06 09:05:15,808 : INFO : EventManager : Event: ======'machine_var_audits_switches_s_eos_left_top'====== Args={'value': 767, 'prev_value': 766, 'change': 1}
2022-10-06 09:05:15,826 : INFO : SwitchController : <<<<<<< 's_right_flipper' active >>>>>>>
2022-10-06 09:05:15,826 : INFO : EventManager : Event: ======'flipper_cancel'====== Args={'triggering_group': 2, 'triggering_switch': 's_right_flipper'}
2022-10-06 09:05:15,826 : INFO : EventManager : Event: ======'machine_var_audits_switches_s_right_flipper'====== Args={'value': 894, 'prev_value': 893, 'change': 1}
2022-10-06 09:05:15,938 : INFO : SwitchController : <<<<<<< 's_right_flipper' inactive >>>>>>>
2022-10-06 09:05:15,938 : INFO : EventManager : Event: ======'both_flippers_one'====== Args={'triggering_group': 2, 'triggering_switch': 's_right_flipper'}
2022-10-06 09:05:15,952 : INFO : SwitchController : <<<<<<< 's_left_flipper' inactive >>>>>>>
2022-10-06 09:05:15,952 : INFO : EventManager : Event: ======'both_flippers_inactive'====== Args={'triggering_group': 1, 'triggering_switch': 's_left_flipper'}
2022-10-06 09:05:16,041 : INFO : SwitchController : <<<<<<< 's_eos_left_top' inactive >>>>>>>
2022-10-06 09:05:17,659 : INFO : SwitchController : <<<<<<< 's_trough_6' active >>>>>>>
2022-10-06 09:05:17,659 : INFO : EventManager : Event: ======'machine_var_audits_switches_s_trough_6'====== Args={'value': 165, 'prev_value': 164, 'change': 1}
2022-10-06 09:05:17,737 : INFO : SwitchController : <<<<<<< 's_trough_6' inactive >>>>>>>
2022-10-06 09:05:17,801 : INFO : SwitchController : <<<<<<< 's_trough_5' active >>>>>>>
2022-10-06 09:05:17,801 : INFO : EventManager : Event: ======'machine_var_audits_switches_s_trough_5'====== Args={'value': 98, 'prev_value': 97, 'change': 1}
2022-10-06 09:05:17,894 : INFO : SwitchController : <<<<<<< 's_trough_5' inactive >>>>>>>
2022-10-06 09:05:17,957 : INFO : SwitchController : <<<<<<< 's_trough_4' active >>>>>>>
2022-10-06 09:05:17,957 : INFO : EventManager : Event: ======'machine_var_audits_switches_s_trough_4'====== Args={'value': 92, 'prev_value': 91, 'change': 1}
2022-10-06 09:05:18,004 : INFO : SwitchController : <<<<<<< 's_trough_4' inactive >>>>>>>
2022-10-06 09:05:18,067 : INFO : SwitchController : <<<<<<< 's_trough_3' active >>>>>>>
2022-10-06 09:05:18,067 : INFO : EventManager : Event: ======'machine_var_audits_switches_s_trough_3'====== Args={'value': 94, 'prev_value': 93, 'change': 1}
2022-10-06 09:05:18,113 : INFO : SwitchController : <<<<<<< 's_trough_3' inactive >>>>>>>
2022-10-06 09:05:18,160 : INFO : SwitchController : <<<<<<< 's_trough_2' active >>>>>>>
2022-10-06 09:05:18,160 : INFO : EventManager : Event: ======'machine_var_audits_switches_s_trough_2'====== Args={'value': 158, 'prev_value': 157, 'change': 1}
2022-10-06 09:05:18,223 : INFO : SwitchController : <<<<<<< 's_trough_2' inactive >>>>>>>
2022-10-06 09:05:23,259 : INFO : Machine : Shutting down...
2022-10-06 09:05:23,259 : INFO : EventManager : Event: ======'shutdown'====== Args={}
2022-10-06 09:05:23,275 : WARNING : FAST : Port RGB received more messages than were sent! Resetting!
2022-10-06 09:05:23,275 : WARNING : FAST : Port NET received more messages than were sent! Resetting!
2022-10-06 09:05:23,354 : ERROR : FAST : Stop called on serial connection com9
2022-10-06 09:05:23,354 : ERROR : FAST : Stop called on serial connection com10
2022-10-06 09:05:23,602 : INFO : root : MPF run loop ended.
