2022-10-06 12:39:07,285 : INFO : root : Loading config.
2022-10-06 12:39:07,288 : INFO : YamlMultifileConfigLoader : Machine config file #1: config.yaml
2022-10-06 12:39:07,288 : WARNING : ConfigProcessor : Config file in cache changed: c:\trashland_2\config\config.yaml
2022-10-06 12:39:07,289 : INFO : ConfigProcessor : Loading config from file c:\users\tanner\appdata\local\programs\python\python37\lib\site-packages\mpf\mpfconfig.yaml.
2022-10-06 12:39:07,359 : INFO : ConfigProcessor : Loading config: c:\users\tanner\appdata\local\programs\python\python37\lib\site-packages\mpf\mpfconfig.yaml
2022-10-06 12:39:07,360 : INFO : ConfigProcessor : Loading config from file c:\trashland_2\config\config.yaml.
2022-10-06 12:39:07,458 : INFO : ConfigProcessor : Loading config: c:\trashland_2\config\config.yaml
2022-10-06 12:39:07,461 : INFO : ConfigProcessor : Config file cache created: C:\Users\Tanner\AppData\Local\Temp\a6762098cb994b55cb03a478b26022ee.mpf_cache
2022-10-06 12:39:07,521 : INFO : ConfigProcessor : Loading config from cache: C:\Users\Tanner\AppData\Local\Temp\9cf7ccc27b21f4d6162237fadfc53e5a.mpf_cache
2022-10-06 12:39:07,522 : INFO : ConfigProcessor : Loading config from cache: C:\Users\Tanner\AppData\Local\Temp\c215df352878fee5d54f1a5ec5b16e7c.mpf_cache
2022-10-06 12:39:07,523 : INFO : ConfigProcessor : Loading config from cache: C:\Users\Tanner\AppData\Local\Temp\708062243e0edcfa77dd6b1521bd0d4e.mpf_cache
2022-10-06 12:39:07,523 : INFO : ConfigProcessor : Loading config from cache: C:\Users\Tanner\AppData\Local\Temp\c4174472f67f7b070dd6fb437c6feb0c.mpf_cache
2022-10-06 12:39:07,524 : INFO : ConfigProcessor : Loading config from cache: C:\Users\Tanner\AppData\Local\Temp\abaa92c43d134e3392cbb2346e6a16be.mpf_cache
2022-10-06 12:39:07,525 : INFO : ConfigProcessor : Loading config from cache: C:\Users\Tanner\AppData\Local\Temp\fc46d53fcb9fe6b8abf783d9c813390a.mpf_cache
2022-10-06 12:39:07,526 : INFO : Machine : Mission Pinball Framework Core Engine v0.55.0
2022-10-06 12:39:07,526 : INFO : Machine : Command line arguments: {'no_load_cache': False, 'create_config_cache': True, 'bcp': False, 'configfile': ['config.yaml'], 'force_assets_load': False, 'jsonlogging': False, 'logfile': 'logs\\2022-10-06-12-39-07-mpf-DESKTOP-7HNFDQ5.log', 'pause': False, 'production': False, 'text_ui': True, 'loglevel': 15, 'consoleloglevel': 20, 'force_platform': None, 'syslog_address': None, 'mc_file_name': None, 'no_sound': False}
2022-10-06 12:39:07,526 : INFO : Machine : MPF path: c:\users\tanner\appdata\local\programs\python\python37\lib\site-packages\mpf
2022-10-06 12:39:07,526 : INFO : Machine : Machine path: c:\trashland_2
2022-10-06 12:39:07,526 : INFO : Machine : Platform: win32
2022-10-06 12:39:07,526 : INFO : Machine : Python executable location: c:\users\tanner\appdata\local\programs\python\python37\python.exe
2022-10-06 12:39:07,527 : INFO : Machine : Python version: 3.7.8 (64-bit)
2022-10-06 12:39:07,528 : INFO : Machine : Initialise MPF.
2022-10-06 12:39:07,761 : INFO : FAST : Connecting to com9 at 921600bps
2022-10-06 12:39:07,786 : INFO : FAST : Connected! Processor: NET, Board Type: FP-CPU-002-2, Firmware: 01.05
2022-10-06 12:39:07,786 : INFO : EventManager : Event: ======'machine_var_fast_net_firmware'====== Args={'value': '01.05', 'prev_value': None, 'change': True}
2022-10-06 12:39:07,786 : INFO : EventManager : Event: ======'machine_var_fast_net_model'====== Args={'value': 'FP-CPU-002-2', 'prev_value': None, 'change': True}
2022-10-06 12:39:10,154 : WARNING : FAST : Got unexpected message from FAST: -N:30
2022-10-06 12:39:10,154 : WARNING : FAST : Got unexpected message from FAST: -N:33
2022-10-06 12:39:10,154 : WARNING : FAST : Got unexpected message from FAST: -N:34
2022-10-06 12:39:10,154 : WARNING : FAST : Got unexpected message from FAST: -N:38
2022-10-06 12:39:10,154 : WARNING : FAST : Got unexpected message from FAST: -N:40
2022-10-06 12:39:10,154 : WARNING : FAST : Got unexpected message from FAST: -N:41
2022-10-06 12:39:10,154 : WARNING : FAST : Got unexpected message from FAST: -N:42
2022-10-06 12:39:10,154 : WARNING : FAST : Got unexpected message from FAST: -N:43
2022-10-06 12:39:10,154 : WARNING : FAST : Got unexpected message from FAST: -N:44
2022-10-06 12:39:10,154 : WARNING : FAST : Got unexpected message from FAST: -N:5D
2022-10-06 12:39:10,267 : INFO : FAST : Connecting to com10 at 921600bps
2022-10-06 12:39:10,298 : INFO : FAST : Connected! Processor: RGB, Board Type: FP-CPU-002-2, Firmware: 00.87
2022-10-06 12:39:10,298 : INFO : EventManager : Event: ======'machine_var_fast_rgb_firmware'====== Args={'value': '00.87', 'prev_value': None, 'change': True}
2022-10-06 12:39:10,298 : INFO : EventManager : Event: ======'machine_var_fast_rgb_model'====== Args={'value': 'FP-CPU-002-2', 'prev_value': None, 'change': True}
2022-10-06 12:39:10,299 : INFO : EventManager : Event: ======'machine_var_credits_string'====== Args={'value': 'FREE PLAY', 'prev_value': None, 'change': True}
2022-10-06 12:39:10,341 : INFO : EventManager : Event: ======'machine_var_master_volume'====== Args={'value': 0.5, 'prev_value': None, 'change': True}
2022-10-06 12:39:10,341 : INFO : EventManager : Event: ======'machine_var_mpf_version'====== Args={'value': 'MPF v0.55.0', 'prev_value': None, 'change': True}
2022-10-06 12:39:10,341 : INFO : EventManager : Event: ======'machine_var_mpf_extended_version'====== Args={'value': 'MPF v0.55.0, Config version:5, Show version: 5, BCP version:1.1', 'prev_value': None, 'change': True}
2022-10-06 12:39:10,341 : INFO : EventManager : Event: ======'machine_var_python_version'====== Args={'value': '3.7.8', 'prev_value': None, 'change': True}
2022-10-06 12:39:10,341 : INFO : EventManager : Event: ======'machine_var_platform'====== Args={'value': 'Windows-10-10.0.19041-SP0', 'prev_value': None, 'change': True}
2022-10-06 12:39:10,342 : INFO : EventManager : Event: ======'machine_var_platform_system'====== Args={'value': 'Windows', 'prev_value': None, 'change': True}
2022-10-06 12:39:10,342 : INFO : EventManager : Event: ======'machine_var_platform_release'====== Args={'value': '10', 'prev_value': None, 'change': True}
2022-10-06 12:39:10,342 : INFO : EventManager : Event: ======'machine_var_platform_version'====== Args={'value': '10.0.19041', 'prev_value': None, 'change': True}
2022-10-06 12:39:10,342 : INFO : EventManager : Event: ======'machine_var_platform_machine'====== Args={'value': 'AMD64', 'prev_value': None, 'change': True}
2022-10-06 12:39:10,342 : INFO : EventManager : Event: ======'init_phase_1'====== Args={}
2022-10-06 12:39:10,384 : INFO : EventManager : Event: ======'drop_target_bank_mid_up'====== Args={}
2022-10-06 12:39:10,384 : INFO : EventManager : Event: ======'drop_target_bank_right_up'====== Args={}
2022-10-06 12:39:10,394 : INFO : EventManager : Event: ======'init_phase_2'====== Args={}
2022-10-06 12:39:10,394 : INFO : SwitchController : Found active switch: (('30', 1), <Platform.FAST>) <switch.s_drop_right_right>
2022-10-06 12:39:10,394 : INFO : SwitchController : Found active switch: (('3E', 1), <Platform.FAST>) <switch.s_trough_1>
2022-10-06 12:39:10,395 : INFO : SwitchController : Found active switch: (('3D', 1), <Platform.FAST>) <switch.s_trough_jam>
2022-10-06 12:39:10,395 : INFO : SwitchController : Found active switch: (('3C', 1), <Platform.FAST>) <switch.s_eos_right>
2022-10-06 12:39:10,395 : INFO : SwitchController : Found active switch: (('3B', 1), <Platform.FAST>) <switch.s_eos_left>
2022-10-06 12:39:10,401 : INFO : ball_device.bd_trough : BCH: Initial count: 2
2022-10-06 12:39:10,402 : INFO : ball_device.bd_trough : State: idle
2022-10-06 12:39:10,402 : INFO : ball_device.bd_plunger : BCH: Initial count: 0
2022-10-06 12:39:10,402 : INFO : ball_device.bd_plunger : State: idle
2022-10-06 12:39:10,403 : INFO : ball_device.bd_top_vuk : BCH: Initial count: 0
2022-10-06 12:39:10,403 : INFO : ball_device.bd_top_vuk : State: idle
2022-10-06 12:39:10,404 : INFO : ball_device.bd_right_vuk : BCH: Initial count: 0
2022-10-06 12:39:10,404 : INFO : ball_device.bd_right_vuk : State: idle
2022-10-06 12:39:10,404 : INFO : ball_device.bd_bot_vuk : BCH: Initial count: 0
2022-10-06 12:39:10,405 : INFO : ball_device.bd_bot_vuk : State: idle
2022-10-06 12:39:10,439 : INFO : EventManager : Event: ======'init_phase_3'====== Args={}
2022-10-06 12:39:10,493 : INFO : EventManager : Event: ======'init_phase_4'====== Args={}
2022-10-06 12:39:10,493 : INFO : EventManager : Event: ======'playfield_active'====== Args={}
2022-10-06 12:39:10,493 : INFO : EventManager : Event: ======'unexpected_ball_on_playfield'====== Args={}
2022-10-06 12:39:10,493 : INFO : EventManager : Event: ======'playfield_active'====== Args={}
2022-10-06 12:39:10,493 : INFO : EventManager : Event: ======'unexpected_ball_on_playfield'====== Args={}
2022-10-06 12:39:10,493 : INFO : EventManager : Event: ======'playfield_active'====== Args={}
2022-10-06 12:39:10,493 : INFO : EventManager : Event: ======'unexpected_ball_on_playfield'====== Args={}
2022-10-06 12:39:10,493 : INFO : EventManager : Event: ======'playfield_active'====== Args={}
2022-10-06 12:39:10,494 : INFO : EventManager : Event: ======'unexpected_ball_on_playfield'====== Args={}
2022-10-06 12:39:10,494 : INFO : EventManager : Event: ======'playfield_active'====== Args={}
2022-10-06 12:39:10,494 : INFO : EventManager : Event: ======'unexpected_ball_on_playfield'====== Args={}
2022-10-06 12:39:10,494 : INFO : EventManager : Event: ======'drop_target_right_right_down'====== Args={'device': <drop_target.right_right>}
2022-10-06 12:39:10,494 : INFO : EventManager : Event: ======'drop_target_bank_right_mixed'====== Args={'prev_value': <DropTargetBankState.UP: 'up'>, 'down': 1}
2022-10-06 12:39:10,494 : INFO : EventManager : Event: ======'playfield_active'====== Args={}
2022-10-06 12:39:10,494 : INFO : EventManager : Event: ======'unexpected_ball_on_playfield'====== Args={}
2022-10-06 12:39:10,494 : INFO : BallController : Initial balls found: 2
2022-10-06 12:39:10,496 : INFO : EventManager : Event: ======'machine_var_audits_events_game_ended'====== Args={'value': 0, 'prev_value': None, 'change': True}
2022-10-06 12:39:10,496 : INFO : EventManager : Event: ======'machine_var_audits_events_game_started'====== Args={'value': 0, 'prev_value': None, 'change': True}
2022-10-06 12:39:10,496 : INFO : EventManager : Event: ======'machine_var_audits_player_score'====== Args={'value': {'average': 0, 'top': [], 'total': 0}, 'prev_value': None, 'change': True}
2022-10-06 12:39:10,496 : INFO : EventManager : Event: ======'machine_var_audits_switches_s_autolauncher'====== Args={'value': 76, 'prev_value': None, 'change': True}
2022-10-06 12:39:10,496 : INFO : EventManager : Event: ======'machine_var_audits_switches_s_back_pop'====== Args={'value': 0, 'prev_value': None, 'change': True}
2022-10-06 12:39:10,497 : INFO : EventManager : Event: ======'machine_var_audits_switches_s_back_rollover'====== Args={'value': 0, 'prev_value': None, 'change': True}
2022-10-06 12:39:10,497 : INFO : EventManager : Event: ======'machine_var_audits_switches_s_back_stationary'====== Args={'value': 0, 'prev_value': None, 'change': True}
2022-10-06 12:39:10,497 : INFO : EventManager : Event: ======'machine_var_audits_switches_s_bot_back'====== Args={'value': 0, 'prev_value': None, 'change': True}
2022-10-06 12:39:10,497 : INFO : EventManager : Event: ======'machine_var_audits_switches_s_bot_big'====== Args={'value': 1, 'prev_value': None, 'change': True}
2022-10-06 12:39:10,497 : INFO : EventManager : Event: ======'machine_var_audits_switches_s_bot_left'====== Args={'value': 0, 'prev_value': None, 'change': True}
2022-10-06 12:39:10,497 : INFO : EventManager : Event: ======'machine_var_audits_switches_s_bot_right'====== Args={'value': 0, 'prev_value': None, 'change': True}
2022-10-06 12:39:10,497 : INFO : EventManager : Event: ======'machine_var_audits_switches_s_bot_rollover'====== Args={'value': 0, 'prev_value': None, 'change': True}
2022-10-06 12:39:10,498 : INFO : EventManager : Event: ======'machine_var_audits_switches_s_bot_vuk'====== Args={'value': 0, 'prev_value': None, 'change': True}
2022-10-06 12:39:10,498 : INFO : EventManager : Event: ======'machine_var_audits_switches_s_drop_mid_left'====== Args={'value': 74, 'prev_value': None, 'change': True}
2022-10-06 12:39:10,498 : INFO : EventManager : Event: ======'machine_var_audits_switches_s_drop_mid_mid'====== Args={'value': 83, 'prev_value': None, 'change': True}
2022-10-06 12:39:10,498 : INFO : EventManager : Event: ======'machine_var_audits_switches_s_drop_mid_right'====== Args={'value': 5, 'prev_value': None, 'change': True}
2022-10-06 12:39:10,498 : INFO : EventManager : Event: ======'machine_var_audits_switches_s_drop_right_left'====== Args={'value': 24, 'prev_value': None, 'change': True}
2022-10-06 12:39:10,498 : INFO : EventManager : Event: ======'machine_var_audits_switches_s_drop_right_right'====== Args={'value': 60, 'prev_value': None, 'change': True}
2022-10-06 12:39:10,498 : INFO : EventManager : Event: ======'machine_var_audits_switches_s_drop_single'====== Args={'value': 41, 'prev_value': None, 'change': True}
2022-10-06 12:39:10,499 : INFO : EventManager : Event: ======'machine_var_audits_switches_s_eos_left'====== Args={'value': 71, 'prev_value': None, 'change': True}
2022-10-06 12:39:10,499 : INFO : EventManager : Event: ======'machine_var_audits_switches_s_eos_left_top'====== Args={'value': 846, 'prev_value': None, 'change': True}
2022-10-06 12:39:10,499 : INFO : EventManager : Event: ======'machine_var_audits_switches_s_eos_right'====== Args={'value': 96, 'prev_value': None, 'change': True}
2022-10-06 12:39:10,499 : INFO : EventManager : Event: ======'machine_var_audits_switches_s_launch'====== Args={'value': 52, 'prev_value': None, 'change': True}
2022-10-06 12:39:10,499 : INFO : EventManager : Event: ======'machine_var_audits_switches_s_left_flipper'====== Args={'value': 948, 'prev_value': None, 'change': True}
2022-10-06 12:39:10,499 : INFO : EventManager : Event: ======'machine_var_audits_switches_s_left_inlane'====== Args={'value': 24, 'prev_value': None, 'change': True}
2022-10-06 12:39:10,500 : INFO : EventManager : Event: ======'machine_var_audits_switches_s_left_outlane'====== Args={'value': 5, 'prev_value': None, 'change': True}
2022-10-06 12:39:10,500 : INFO : EventManager : Event: ======'machine_var_audits_switches_s_pop_left'====== Args={'value': 157, 'prev_value': None, 'change': True}
2022-10-06 12:39:10,500 : INFO : EventManager : Event: ======'machine_var_audits_switches_s_pop_lower'====== Args={'value': 256, 'prev_value': None, 'change': True}
2022-10-06 12:39:10,500 : INFO : EventManager : Event: ======'machine_var_audits_switches_s_pop_right'====== Args={'value': 294, 'prev_value': None, 'change': True}
2022-10-06 12:39:10,500 : INFO : EventManager : Event: ======'machine_var_audits_switches_s_right_flipper'====== Args={'value': 973, 'prev_value': None, 'change': True}
2022-10-06 12:39:10,501 : INFO : EventManager : Event: ======'machine_var_audits_switches_s_right_inlane'====== Args={'value': 0, 'prev_value': None, 'change': True}
2022-10-06 12:39:10,501 : INFO : EventManager : Event: ======'machine_var_audits_switches_s_right_outlane'====== Args={'value': 79, 'prev_value': None, 'change': True}
2022-10-06 12:39:10,501 : INFO : EventManager : Event: ======'machine_var_audits_switches_s_rollover_left'====== Args={'value': 64, 'prev_value': None, 'change': True}
2022-10-06 12:39:10,501 : INFO : EventManager : Event: ======'machine_var_audits_switches_s_rollover_right'====== Args={'value': 46, 'prev_value': None, 'change': True}
2022-10-06 12:39:10,501 : INFO : EventManager : Event: ======'machine_var_audits_switches_s_sling_left'====== Args={'value': 39, 'prev_value': None, 'change': True}
2022-10-06 12:39:10,502 : INFO : EventManager : Event: ======'machine_var_audits_switches_s_sling_right'====== Args={'value': 110, 'prev_value': None, 'change': True}
2022-10-06 12:39:10,502 : INFO : EventManager : Event: ======'machine_var_audits_switches_s_start'====== Args={'value': 152, 'prev_value': None, 'change': True}
2022-10-06 12:39:10,502 : INFO : EventManager : Event: ======'machine_var_audits_switches_s_tilt'====== Args={'value': 126, 'prev_value': None, 'change': True}
2022-10-06 12:39:10,502 : INFO : EventManager : Event: ======'machine_var_audits_switches_s_transfer_rollover'====== Args={'value': 0, 'prev_value': None, 'change': True}
2022-10-06 12:39:10,502 : INFO : EventManager : Event: ======'machine_var_audits_switches_s_trough_1'====== Args={'value': 57, 'prev_value': None, 'change': True}
2022-10-06 12:39:10,503 : INFO : EventManager : Event: ======'machine_var_audits_switches_s_trough_2'====== Args={'value': 190, 'prev_value': None, 'change': True}
2022-10-06 12:39:10,503 : INFO : EventManager : Event: ======'machine_var_audits_switches_s_trough_3'====== Args={'value': 102, 'prev_value': None, 'change': True}
2022-10-06 12:39:10,503 : INFO : EventManager : Event: ======'machine_var_audits_switches_s_trough_4'====== Args={'value': 105, 'prev_value': None, 'change': True}
2022-10-06 12:39:10,503 : INFO : EventManager : Event: ======'machine_var_audits_switches_s_trough_5'====== Args={'value': 109, 'prev_value': None, 'change': True}
2022-10-06 12:39:10,504 : INFO : EventManager : Event: ======'machine_var_audits_switches_s_trough_6'====== Args={'value': 186, 'prev_value': None, 'change': True}
2022-10-06 12:39:10,504 : INFO : EventManager : Event: ======'machine_var_audits_switches_s_trough_jam'====== Args={'value': 108, 'prev_value': None, 'change': True}
2022-10-06 12:39:10,504 : INFO : EventManager : Event: ======'machine_var_audits_switches_s_upper_drop'====== Args={'value': 0, 'prev_value': None, 'change': True}
2022-10-06 12:39:10,504 : INFO : EventManager : Event: ======'machine_var_audits_switches_s_upper_rollover'====== Args={'value': 0, 'prev_value': None, 'change': True}
2022-10-06 12:39:10,504 : INFO : EventManager : Event: ======'machine_var_audits_switches_s_upper_stationary'====== Args={'value': 0, 'prev_value': None, 'change': True}
2022-10-06 12:39:10,505 : INFO : EventManager : Event: ======'machine_var_audits_switches_s_vuk_back'====== Args={'value': 1, 'prev_value': None, 'change': True}
2022-10-06 12:39:10,505 : INFO : EventManager : Event: ======'machine_var_audits_switches_s_vuk_right'====== Args={'value': 3, 'prev_value': None, 'change': True}
2022-10-06 12:39:10,506 : INFO : EventManager : Event: ======'machine_var_audits_switches_s_vuk_top'====== Args={'value': 23, 'prev_value': None, 'change': True}
2022-10-06 12:39:10,506 : INFO : EventManager : Event: ======'init_phase_5'====== Args={}
2022-10-06 12:39:10,550 : INFO : EventManager : Event: ======'init_done'====== Args={}
2022-10-06 12:39:10,550 : INFO : EventManager : Event: ======'machine_reset_phase_1'====== Args={}
2022-10-06 12:39:10,551 : INFO : EventManager : Event: ======'machine_reset_phase_2'====== Args={}
2022-10-06 12:39:10,552 : INFO : EventManager : Event: ======'machine_reset_phase_3'====== Args={}
2022-10-06 12:39:10,552 : INFO : EventManager : Event: ======'mode_tilt_will_start'====== Args={'queue': <QueuedEvent>}
2022-10-06 12:39:10,553 : INFO : EventManager : Event: ======'mode_tilt_starting'====== Args={'queue': <QueuedEvent>}
2022-10-06 12:39:10,553 : INFO : drop_target_bank.mid : All targets are already up. Will not reset bank.
2022-10-06 12:39:10,553 : INFO : drop_target_bank.right : 1 targets are down. Will reset those.
2022-10-06 12:39:10,553 : INFO : coil.c_drop_right : Pulsing Driver for 10ms (1.0 pulse_power)
2022-10-06 12:39:10,554 : INFO : Mode.tilt : Started. Priority: 1000000
2022-10-06 12:39:10,554 : INFO : EventManager : Event: ======'modes_active_modes_changed'====== Args={}
2022-10-06 12:39:10,554 : INFO : EventManager : Event: ======'mode_tilt_started'====== Args={'queue': <QueuedEvent>}
2022-10-06 12:39:10,554 : INFO : EventManager : Event: ======'reset_complete'====== Args={}
2022-10-06 12:39:10,555 : INFO : EventManager : Event: ======'mode_attract_will_start'====== Args={}
2022-10-06 12:39:10,555 : INFO : EventManager : Event: ======'mode_attract_starting'====== Args={}
2022-10-06 12:39:10,555 : INFO : Mode.attract : Started. Priority: 10
2022-10-06 12:39:10,555 : INFO : EventManager : Event: ======'modes_active_modes_changed'====== Args={}
2022-10-06 12:39:10,555 : INFO : EventManager : Event: ======'mode_attract_started'====== Args={}
2022-10-06 12:39:10,555 : INFO : EventManager : Event: ======'collecting_balls_complete'====== Args={}
2022-10-06 12:39:10,574 : INFO : coil.c_drop_right : Pulsing Driver for 10ms (1.0 pulse_power)
2022-10-06 12:39:10,575 : INFO : Machine : Starting the main run loop.
2022-10-06 12:39:11,038 : INFO : EventManager : Event: ======'drop_target_bank_right_mixed'====== Args={'prev_value': <DropTargetBankState.MIXED: 'mixed'>, 'down': 1}
2022-10-06 12:39:11,131 : INFO : BcpServer : New client connected.
2022-10-06 12:39:17,196 : INFO : SwitchController : <<<<<<< 's_bot_vuk' active >>>>>>>
2022-10-06 12:39:17,697 : INFO : EventManager : Event: ======'balldevice_bd_bot_vuk_ball_count_changed'====== Args={'balls': 1}
2022-10-06 12:39:17,698 : INFO : ball_device.bd_bot_vuk : Received unexpected ball
2022-10-06 12:39:17,698 : INFO : EventManager : Event: ======'balldevice_captured_from_playfield'====== Args={'balls': 1}
2022-10-06 12:39:17,698 : INFO : EventManager : Event: ======'sw_playfield_active'====== Args={'balls': 1}
2022-10-06 12:39:17,698 : INFO : EventManager : Event: ======'playfield_active'====== Args={}
2022-10-06 12:39:17,698 : INFO : EventManager : Event: ======'unexpected_ball_on_playfield'====== Args={}
2022-10-06 12:39:17,699 : INFO : EventManager : Event: ======'playfield_ball_count_change'====== Args={'balls': -1, 'change': -1}
2022-10-06 12:39:17,699 : INFO : EventManager : Event: ======'balldevice_playfield_ball_enter'====== Args={'new_balls': 1, 'unclaimed_balls': 1, 'device': <playfield.playfield>}
2022-10-06 12:39:17,699 : INFO : EventManager : Event: ======'playfield_ball_count_change'====== Args={'balls': 0, 'change': 1}
2022-10-06 12:39:17,700 : INFO : BallController : Found a new ball which was captured from playfield. Known balls: 3
2022-10-06 12:39:17,700 : INFO : EventManager : Event: ======'found_new_ball'====== Args={}
2022-10-06 12:39:17,700 : INFO : EventManager : Event: ======'balldevice_bd_bot_vuk_ball_enter'====== Args={'new_balls': 1, 'unclaimed_balls': 1, 'new_available_balls': 1, 'device': <ball_device.bd_bot_vuk>}
2022-10-06 12:39:17,700 : INFO : ball_device.bd_bot_vuk : Ejecting 1 unexpected balls using path deque([<ball_device.bd_bot_vuk>, <playfield.playfield>])
2022-10-06 12:39:17,701 : INFO : EventManager : Event: ======'balldevice_balls_available'====== Args={}
2022-10-06 12:39:17,701 : INFO : EventManager : Event: ======'balldevice_balls_available'====== Args={}
2022-10-06 12:39:17,701 : INFO : EventManager : Event: ======'balldevice_bd_bot_vuk_ball_entered'====== Args={'new_balls': 1, 'device': <ball_device.bd_bot_vuk>}
2022-10-06 12:39:17,702 : INFO : ball_device.bd_bot_vuk : State: waiting_for_target_ready
2022-10-06 12:39:17,702 : INFO : EventManager : Event: ======'balldevice_bd_bot_vuk_ball_eject_attempt'====== Args={'balls': 1, 'target': <playfield.playfield>, 'source': <ball_device.bd_bot_vuk>, 'mechanical_eject': False, 'num_attempts': 0}
2022-10-06 12:39:17,702 : INFO : ball_device.bd_bot_vuk : State: ejecting
2022-10-06 12:39:17,703 : INFO : ball_device.bd_bot_vuk : Ejecting ball to <playfield.playfield>
2022-10-06 12:39:17,703 : INFO : EventManager : Event: ======'balldevice_bd_bot_vuk_ejecting_ball'====== Args={'balls': 1, 'target': <playfield.playfield>, 'source': <ball_device.bd_bot_vuk>, 'mechanical_eject': False, 'num_attempts': 0}
2022-10-06 12:39:17,703 : INFO : ball_device.bd_bot_vuk : Wait for ball to leave device
2022-10-06 12:39:17,703 : INFO : coil.c_bot_vuk : Pulsing Driver for 40ms (0.6 pulse_power)
2022-10-06 12:39:18,104 : INFO : SwitchController : <<<<<<< 's_bot_vuk' inactive >>>>>>>
2022-10-06 12:39:18,108 : INFO : ball_device.bd_bot_vuk : State: ball_left
2022-10-06 12:39:18,109 : INFO : ball_device.bd_bot_vuk : Ball left
2022-10-06 12:39:18,109 : INFO : ball_device.bd_bot_vuk : Wait for confirm with timeout 2.0
2022-10-06 12:39:20,086 : INFO : ball_device.bd_bot_vuk : State: failed_confirm
2022-10-06 12:39:20,086 : INFO : ball_device.bd_bot_vuk : Got timeout (2.0s) before confirm from <playfield.playfield>
2022-10-06 12:39:20,182 : INFO : ball_device.bd_bot_vuk : Confirming eject because target is playfield and ball did not return.
2022-10-06 12:39:20,182 : INFO : ball_device.bd_bot_vuk : Eject successful
2022-10-06 12:39:20,182 : INFO : EventManager : Event: ======'balldevice_bd_bot_vuk_ball_eject_success'====== Args={'balls': 1, 'target': <playfield.playfield>}
2022-10-06 12:39:20,183 : INFO : EventManager : Event: ======'balldevice_playfield_ball_enter'====== Args={'new_balls': 1, 'unclaimed_balls': 1, 'device': <playfield.playfield>}
2022-10-06 12:39:20,183 : INFO : EventManager : Event: ======'playfield_ball_count_change'====== Args={'balls': 1, 'change': 1}
2022-10-06 12:39:20,183 : INFO : EventManager : Event: ======'balldevice_bd_bot_vuk_ball_count_changed'====== Args={'balls': 0}
2022-10-06 12:39:20,184 : INFO : ball_device.bd_bot_vuk : State: idle
2022-10-06 12:39:34,193 : INFO : SwitchController : <<<<<<< 's_bot_vuk' active >>>>>>>
2022-10-06 12:39:34,584 : INFO : SwitchController : <<<<<<< 's_bot_vuk' inactive >>>>>>>
2022-10-06 12:39:37,252 : INFO : SwitchController : <<<<<<< 's_bot_vuk' active >>>>>>>
2022-10-06 12:39:37,314 : INFO : SwitchController : <<<<<<< 's_bot_vuk' inactive >>>>>>>
2022-10-06 12:39:44,271 : INFO : SwitchController : <<<<<<< 's_bot_vuk' active >>>>>>>
2022-10-06 12:39:44,771 : INFO : EventManager : Event: ======'balldevice_bd_bot_vuk_ball_count_changed'====== Args={'balls': 1}
2022-10-06 12:39:44,771 : INFO : ball_device.bd_bot_vuk : Received unexpected ball
2022-10-06 12:39:44,772 : INFO : EventManager : Event: ======'balldevice_captured_from_playfield'====== Args={'balls': 1}
2022-10-06 12:39:44,772 : INFO : EventManager : Event: ======'sw_playfield_active'====== Args={'balls': 1}
2022-10-06 12:39:44,772 : INFO : EventManager : Event: ======'playfield_ball_count_change'====== Args={'balls': 0, 'change': -1}
2022-10-06 12:39:44,773 : INFO : EventManager : Event: ======'balldevice_bd_bot_vuk_ball_enter'====== Args={'new_balls': 1, 'unclaimed_balls': 1, 'new_available_balls': 1, 'device': <ball_device.bd_bot_vuk>}
2022-10-06 12:39:44,773 : INFO : ball_device.bd_bot_vuk : Ejecting 1 unexpected balls using path deque([<ball_device.bd_bot_vuk>, <playfield.playfield>])
2022-10-06 12:39:44,773 : INFO : EventManager : Event: ======'balldevice_balls_available'====== Args={}
2022-10-06 12:39:44,774 : INFO : EventManager : Event: ======'balldevice_balls_available'====== Args={}
2022-10-06 12:39:44,774 : INFO : EventManager : Event: ======'balldevice_bd_bot_vuk_ball_entered'====== Args={'new_balls': 1, 'device': <ball_device.bd_bot_vuk>}
2022-10-06 12:39:44,775 : INFO : ball_device.bd_bot_vuk : State: waiting_for_target_ready
2022-10-06 12:39:44,775 : INFO : EventManager : Event: ======'balldevice_bd_bot_vuk_ball_eject_attempt'====== Args={'balls': 1, 'target': <playfield.playfield>, 'source': <ball_device.bd_bot_vuk>, 'mechanical_eject': False, 'num_attempts': 0}
2022-10-06 12:39:44,775 : INFO : ball_device.bd_bot_vuk : State: ejecting
2022-10-06 12:39:44,775 : INFO : ball_device.bd_bot_vuk : Ejecting ball to <playfield.playfield>
2022-10-06 12:39:44,775 : INFO : EventManager : Event: ======'balldevice_bd_bot_vuk_ejecting_ball'====== Args={'balls': 1, 'target': <playfield.playfield>, 'source': <ball_device.bd_bot_vuk>, 'mechanical_eject': False, 'num_attempts': 0}
2022-10-06 12:39:44,776 : INFO : ball_device.bd_bot_vuk : Wait for ball to leave device
2022-10-06 12:39:44,776 : INFO : coil.c_bot_vuk : Pulsing Driver for 40ms (0.6 pulse_power)
2022-10-06 12:39:45,131 : INFO : SwitchController : <<<<<<< 's_bot_vuk' inactive >>>>>>>
2022-10-06 12:39:45,136 : INFO : ball_device.bd_bot_vuk : State: ball_left
2022-10-06 12:39:45,137 : INFO : ball_device.bd_bot_vuk : Ball left
2022-10-06 12:39:45,137 : INFO : ball_device.bd_bot_vuk : Wait for confirm with timeout 2.0
2022-10-06 12:39:45,990 : INFO : SwitchController : <<<<<<< 's_bot_vuk' active >>>>>>>
2022-10-06 12:39:47,116 : INFO : ball_device.bd_bot_vuk : State: failed_confirm
2022-10-06 12:39:47,116 : INFO : ball_device.bd_bot_vuk : Got timeout (2.0s) before confirm from <playfield.playfield>
2022-10-06 12:39:47,210 : INFO : ball_device.bd_bot_vuk : Got unknown balls. Assuming a ball returned.
2022-10-06 12:39:47,210 : INFO : EventManager : Event: ======'balldevice_bd_bot_vuk_ball_eject_failed'====== Args={'target': <playfield.playfield>, 'balls': 1, 'retry': True, 'num_attempts': 1}
2022-10-06 12:39:47,211 : INFO : ball_device.bd_bot_vuk : State: waiting_for_target_ready
2022-10-06 12:39:47,211 : INFO : EventManager : Event: ======'balldevice_bd_bot_vuk_ball_eject_attempt'====== Args={'balls': 1, 'target': <playfield.playfield>, 'source': <ball_device.bd_bot_vuk>, 'mechanical_eject': False, 'num_attempts': 1}
2022-10-06 12:39:47,212 : INFO : ball_device.bd_bot_vuk : State: ejecting
2022-10-06 12:39:47,212 : INFO : ball_device.bd_bot_vuk : Ejecting ball to <playfield.playfield>
2022-10-06 12:39:47,212 : INFO : EventManager : Event: ======'balldevice_bd_bot_vuk_ejecting_ball'====== Args={'balls': 1, 'target': <playfield.playfield>, 'source': <ball_device.bd_bot_vuk>, 'mechanical_eject': False, 'num_attempts': 1}
2022-10-06 12:39:47,212 : INFO : ball_device.bd_bot_vuk : Wait for ball to leave device
2022-10-06 12:39:47,213 : INFO : coil.c_bot_vuk : Pulsing Driver for 40ms (0.6 pulse_power)
2022-10-06 12:39:47,851 : INFO : SwitchController : <<<<<<< 's_bot_vuk' inactive >>>>>>>
2022-10-06 12:39:47,856 : INFO : ball_device.bd_bot_vuk : State: ball_left
2022-10-06 12:39:47,856 : INFO : ball_device.bd_bot_vuk : Ball left
2022-10-06 12:39:47,856 : INFO : ball_device.bd_bot_vuk : Wait for confirm with timeout 2.0
2022-10-06 12:39:49,491 : INFO : SwitchController : <<<<<<< 's_bot_vuk' active >>>>>>>
2022-10-06 12:39:49,834 : INFO : ball_device.bd_bot_vuk : State: failed_confirm
2022-10-06 12:39:49,834 : INFO : ball_device.bd_bot_vuk : Got timeout (2.0s) before confirm from <playfield.playfield>
2022-10-06 12:39:49,929 : INFO : ball_device.bd_bot_vuk : Confirming eject because target is playfield and ball did not return.
2022-10-06 12:39:49,929 : INFO : ball_device.bd_bot_vuk : Eject successful
2022-10-06 12:39:49,929 : INFO : EventManager : Event: ======'balldevice_bd_bot_vuk_ball_eject_success'====== Args={'balls': 1, 'target': <playfield.playfield>}
2022-10-06 12:39:49,929 : INFO : EventManager : Event: ======'balldevice_playfield_ball_enter'====== Args={'new_balls': 1, 'unclaimed_balls': 1, 'device': <playfield.playfield>}
2022-10-06 12:39:49,929 : INFO : EventManager : Event: ======'playfield_ball_count_change'====== Args={'balls': 1, 'change': 1}
2022-10-06 12:39:49,929 : INFO : EventManager : Event: ======'balldevice_bd_bot_vuk_ball_count_changed'====== Args={'balls': 0}
2022-10-06 12:39:49,930 : INFO : ball_device.bd_bot_vuk : State: idle
2022-10-06 12:39:49,991 : INFO : EventManager : Event: ======'balldevice_bd_bot_vuk_ball_count_changed'====== Args={'balls': 1}
2022-10-06 12:39:49,992 : INFO : ball_device.bd_bot_vuk : Received unexpected ball
2022-10-06 12:39:49,992 : INFO : EventManager : Event: ======'balldevice_captured_from_playfield'====== Args={'balls': 1}
2022-10-06 12:39:49,992 : INFO : EventManager : Event: ======'sw_playfield_active'====== Args={'balls': 1}
2022-10-06 12:39:49,992 : INFO : EventManager : Event: ======'playfield_ball_count_change'====== Args={'balls': 0, 'change': -1}
2022-10-06 12:39:49,993 : INFO : EventManager : Event: ======'balldevice_bd_bot_vuk_ball_enter'====== Args={'new_balls': 1, 'unclaimed_balls': 1, 'new_available_balls': 1, 'device': <ball_device.bd_bot_vuk>}
2022-10-06 12:39:49,993 : INFO : ball_device.bd_bot_vuk : Ejecting 1 unexpected balls using path deque([<ball_device.bd_bot_vuk>, <playfield.playfield>])
2022-10-06 12:39:49,994 : INFO : EventManager : Event: ======'balldevice_balls_available'====== Args={}
2022-10-06 12:39:49,994 : INFO : EventManager : Event: ======'balldevice_balls_available'====== Args={}
2022-10-06 12:39:49,994 : INFO : EventManager : Event: ======'balldevice_bd_bot_vuk_ball_entered'====== Args={'new_balls': 1, 'device': <ball_device.bd_bot_vuk>}
2022-10-06 12:39:49,995 : INFO : ball_device.bd_bot_vuk : State: waiting_for_target_ready
2022-10-06 12:39:49,995 : INFO : EventManager : Event: ======'balldevice_bd_bot_vuk_ball_eject_attempt'====== Args={'balls': 1, 'target': <playfield.playfield>, 'source': <ball_device.bd_bot_vuk>, 'mechanical_eject': False, 'num_attempts': 0}
2022-10-06 12:39:49,995 : INFO : ball_device.bd_bot_vuk : State: ejecting
2022-10-06 12:39:49,995 : INFO : ball_device.bd_bot_vuk : Ejecting ball to <playfield.playfield>
2022-10-06 12:39:49,995 : INFO : EventManager : Event: ======'balldevice_bd_bot_vuk_ejecting_ball'====== Args={'balls': 1, 'target': <playfield.playfield>, 'source': <ball_device.bd_bot_vuk>, 'mechanical_eject': False, 'num_attempts': 0}
2022-10-06 12:39:49,996 : INFO : ball_device.bd_bot_vuk : Wait for ball to leave device
2022-10-06 12:39:49,996 : INFO : coil.c_bot_vuk : Pulsing Driver for 40ms (0.6 pulse_power)
2022-10-06 12:39:50,319 : INFO : SwitchController : <<<<<<< 's_bot_vuk' inactive >>>>>>>
2022-10-06 12:39:50,324 : INFO : ball_device.bd_bot_vuk : State: ball_left
2022-10-06 12:39:50,324 : INFO : ball_device.bd_bot_vuk : Ball left
2022-10-06 12:39:50,324 : INFO : ball_device.bd_bot_vuk : Wait for confirm with timeout 2.0
2022-10-06 12:39:52,321 : INFO : ball_device.bd_bot_vuk : State: failed_confirm
2022-10-06 12:39:52,321 : INFO : ball_device.bd_bot_vuk : Got timeout (2.0s) before confirm from <playfield.playfield>
2022-10-06 12:39:52,414 : INFO : ball_device.bd_bot_vuk : Confirming eject because target is playfield and ball did not return.
2022-10-06 12:39:52,414 : INFO : ball_device.bd_bot_vuk : Eject successful
2022-10-06 12:39:52,414 : INFO : EventManager : Event: ======'balldevice_bd_bot_vuk_ball_eject_success'====== Args={'balls': 1, 'target': <playfield.playfield>}
2022-10-06 12:39:52,415 : INFO : EventManager : Event: ======'balldevice_playfield_ball_enter'====== Args={'new_balls': 1, 'unclaimed_balls': 1, 'device': <playfield.playfield>}
2022-10-06 12:39:52,415 : INFO : EventManager : Event: ======'playfield_ball_count_change'====== Args={'balls': 1, 'change': 1}
2022-10-06 12:39:52,416 : INFO : EventManager : Event: ======'balldevice_bd_bot_vuk_ball_count_changed'====== Args={'balls': 0}
2022-10-06 12:39:52,416 : INFO : ball_device.bd_bot_vuk : State: idle
2022-10-06 12:39:54,591 : INFO : SwitchController : <<<<<<< 's_vuk_right' active >>>>>>>
2022-10-06 12:39:55,093 : INFO : EventManager : Event: ======'balldevice_bd_right_vuk_ball_count_changed'====== Args={'balls': 1}
2022-10-06 12:39:55,094 : INFO : ball_device.bd_right_vuk : Received unexpected ball
2022-10-06 12:39:55,094 : INFO : EventManager : Event: ======'balldevice_captured_from_playfield'====== Args={'balls': 1}
2022-10-06 12:39:55,094 : INFO : EventManager : Event: ======'sw_playfield_active'====== Args={'balls': 1}
2022-10-06 12:39:55,094 : INFO : EventManager : Event: ======'playfield_ball_count_change'====== Args={'balls': 0, 'change': -1}
2022-10-06 12:39:55,095 : INFO : EventManager : Event: ======'balldevice_bd_right_vuk_ball_enter'====== Args={'new_balls': 1, 'unclaimed_balls': 1, 'new_available_balls': 1, 'device': <ball_device.bd_right_vuk>}
2022-10-06 12:39:55,095 : INFO : ball_device.bd_right_vuk : Ejecting 1 unexpected balls using path deque([<ball_device.bd_right_vuk>, <playfield.playfield>])
2022-10-06 12:39:55,096 : INFO : EventManager : Event: ======'balldevice_balls_available'====== Args={}
2022-10-06 12:39:55,096 : INFO : EventManager : Event: ======'balldevice_balls_available'====== Args={}
2022-10-06 12:39:55,096 : INFO : EventManager : Event: ======'balldevice_bd_right_vuk_ball_entered'====== Args={'new_balls': 1, 'device': <ball_device.bd_right_vuk>}
2022-10-06 12:39:55,097 : INFO : ball_device.bd_right_vuk : State: waiting_for_target_ready
2022-10-06 12:39:55,097 : INFO : EventManager : Event: ======'balldevice_bd_right_vuk_ball_eject_attempt'====== Args={'balls': 1, 'target': <playfield.playfield>, 'source': <ball_device.bd_right_vuk>, 'mechanical_eject': False, 'num_attempts': 0}
2022-10-06 12:39:55,097 : INFO : ball_device.bd_right_vuk : State: ejecting
2022-10-06 12:39:55,097 : INFO : ball_device.bd_right_vuk : Ejecting ball to <playfield.playfield>
2022-10-06 12:39:55,097 : INFO : EventManager : Event: ======'balldevice_bd_right_vuk_ejecting_ball'====== Args={'balls': 1, 'target': <playfield.playfield>, 'source': <ball_device.bd_right_vuk>, 'mechanical_eject': False, 'num_attempts': 0}
2022-10-06 12:39:55,098 : INFO : ball_device.bd_right_vuk : Wait for ball to leave device
2022-10-06 12:39:55,098 : INFO : coil.c_right_vuk : Pulsing Driver for 10ms (1.0 pulse_power)
2022-10-06 12:39:55,360 : INFO : SwitchController : <<<<<<< 's_vuk_right' inactive >>>>>>>
2022-10-06 12:39:55,364 : INFO : ball_device.bd_right_vuk : State: ball_left
2022-10-06 12:39:55,364 : INFO : ball_device.bd_right_vuk : Ball left
2022-10-06 12:39:55,364 : INFO : ball_device.bd_right_vuk : Wait for confirm with timeout 2.0
2022-10-06 12:39:57,373 : INFO : ball_device.bd_right_vuk : State: failed_confirm
2022-10-06 12:39:57,373 : INFO : ball_device.bd_right_vuk : Got timeout (2.0s) before confirm from <playfield.playfield>
2022-10-06 12:39:57,468 : INFO : ball_device.bd_right_vuk : Confirming eject because target is playfield and ball did not return.
2022-10-06 12:39:57,468 : INFO : ball_device.bd_right_vuk : Eject successful
2022-10-06 12:39:57,468 : INFO : EventManager : Event: ======'balldevice_bd_right_vuk_ball_eject_success'====== Args={'balls': 1, 'target': <playfield.playfield>}
2022-10-06 12:39:57,468 : INFO : EventManager : Event: ======'balldevice_playfield_ball_enter'====== Args={'new_balls': 1, 'unclaimed_balls': 1, 'device': <playfield.playfield>}
2022-10-06 12:39:57,469 : INFO : EventManager : Event: ======'playfield_ball_count_change'====== Args={'balls': 1, 'change': 1}
2022-10-06 12:39:57,469 : INFO : EventManager : Event: ======'balldevice_bd_right_vuk_ball_count_changed'====== Args={'balls': 0}
2022-10-06 12:39:57,469 : INFO : ball_device.bd_right_vuk : State: idle
2022-10-06 12:40:00,940 : INFO : SwitchController : <<<<<<< 's_vuk_top' active >>>>>>>
2022-10-06 12:40:01,443 : INFO : EventManager : Event: ======'balldevice_bd_top_vuk_ball_count_changed'====== Args={'balls': 1}
2022-10-06 12:40:01,444 : INFO : ball_device.bd_top_vuk : Received unexpected ball
2022-10-06 12:40:01,444 : INFO : EventManager : Event: ======'balldevice_captured_from_playfield'====== Args={'balls': 1}
2022-10-06 12:40:01,444 : INFO : EventManager : Event: ======'sw_playfield_active'====== Args={'balls': 1}
2022-10-06 12:40:01,444 : INFO : EventManager : Event: ======'playfield_ball_count_change'====== Args={'balls': 0, 'change': -1}
2022-10-06 12:40:01,445 : INFO : EventManager : Event: ======'balldevice_bd_top_vuk_ball_enter'====== Args={'new_balls': 1, 'unclaimed_balls': 1, 'new_available_balls': 1, 'device': <ball_device.bd_top_vuk>}
2022-10-06 12:40:01,445 : INFO : ball_device.bd_top_vuk : Ejecting 1 unexpected balls using path deque([<ball_device.bd_top_vuk>, <playfield.playfield>])
2022-10-06 12:40:01,446 : INFO : EventManager : Event: ======'balldevice_balls_available'====== Args={}
2022-10-06 12:40:01,446 : INFO : EventManager : Event: ======'balldevice_balls_available'====== Args={}
2022-10-06 12:40:01,446 : INFO : EventManager : Event: ======'balldevice_bd_top_vuk_ball_entered'====== Args={'new_balls': 1, 'device': <ball_device.bd_top_vuk>}
2022-10-06 12:40:01,447 : INFO : ball_device.bd_top_vuk : State: waiting_for_target_ready
2022-10-06 12:40:01,447 : INFO : EventManager : Event: ======'balldevice_bd_top_vuk_ball_eject_attempt'====== Args={'balls': 1, 'target': <playfield.playfield>, 'source': <ball_device.bd_top_vuk>, 'mechanical_eject': False, 'num_attempts': 0}
2022-10-06 12:40:01,447 : INFO : ball_device.bd_top_vuk : State: ejecting
2022-10-06 12:40:01,447 : INFO : ball_device.bd_top_vuk : Ejecting ball to <playfield.playfield>
2022-10-06 12:40:01,448 : INFO : EventManager : Event: ======'balldevice_bd_top_vuk_ejecting_ball'====== Args={'balls': 1, 'target': <playfield.playfield>, 'source': <ball_device.bd_top_vuk>, 'mechanical_eject': False, 'num_attempts': 0}
2022-10-06 12:40:01,448 : INFO : ball_device.bd_top_vuk : Wait for ball to leave device
2022-10-06 12:40:01,448 : INFO : coil.c_top_vuk : Pulsing Driver for 10ms (1.0 pulse_power)
2022-10-06 12:40:01,661 : INFO : SwitchController : <<<<<<< 's_vuk_top' inactive >>>>>>>
2022-10-06 12:40:01,665 : INFO : ball_device.bd_top_vuk : State: ball_left
2022-10-06 12:40:01,665 : INFO : ball_device.bd_top_vuk : Ball left
2022-10-06 12:40:01,665 : INFO : ball_device.bd_top_vuk : Wait for confirm with timeout 2.0
2022-10-06 12:40:03,661 : INFO : ball_device.bd_top_vuk : State: failed_confirm
2022-10-06 12:40:03,661 : INFO : ball_device.bd_top_vuk : Got timeout (2.0s) before confirm from <playfield.playfield>
2022-10-06 12:40:03,755 : INFO : ball_device.bd_top_vuk : Confirming eject because target is playfield and ball did not return.
2022-10-06 12:40:03,755 : INFO : ball_device.bd_top_vuk : Eject successful
2022-10-06 12:40:03,755 : INFO : EventManager : Event: ======'balldevice_bd_top_vuk_ball_eject_success'====== Args={'balls': 1, 'target': <playfield.playfield>}
2022-10-06 12:40:03,756 : INFO : EventManager : Event: ======'balldevice_playfield_ball_enter'====== Args={'new_balls': 1, 'unclaimed_balls': 1, 'device': <playfield.playfield>}
2022-10-06 12:40:03,756 : INFO : EventManager : Event: ======'playfield_ball_count_change'====== Args={'balls': 1, 'change': 1}
2022-10-06 12:40:03,756 : INFO : EventManager : Event: ======'balldevice_bd_top_vuk_ball_count_changed'====== Args={'balls': 0}
2022-10-06 12:40:03,756 : INFO : ball_device.bd_top_vuk : State: idle
2022-10-06 12:40:06,135 : INFO : SwitchController : <<<<<<< 's_bot_vuk' active >>>>>>>
2022-10-06 12:40:06,197 : INFO : SwitchController : <<<<<<< 's_bot_vuk' inactive >>>>>>>
2022-10-06 12:40:06,620 : INFO : SwitchController : <<<<<<< 's_bot_vuk' active >>>>>>>
2022-10-06 12:40:07,123 : INFO : EventManager : Event: ======'balldevice_bd_bot_vuk_ball_count_changed'====== Args={'balls': 1}
2022-10-06 12:40:07,123 : INFO : ball_device.bd_bot_vuk : Received unexpected ball
2022-10-06 12:40:07,124 : INFO : EventManager : Event: ======'balldevice_captured_from_playfield'====== Args={'balls': 1}
2022-10-06 12:40:07,124 : INFO : EventManager : Event: ======'sw_playfield_active'====== Args={'balls': 1}
2022-10-06 12:40:07,124 : INFO : EventManager : Event: ======'playfield_ball_count_change'====== Args={'balls': 0, 'change': -1}
2022-10-06 12:40:07,125 : INFO : EventManager : Event: ======'balldevice_bd_bot_vuk_ball_enter'====== Args={'new_balls': 1, 'unclaimed_balls': 1, 'new_available_balls': 1, 'device': <ball_device.bd_bot_vuk>}
2022-10-06 12:40:07,125 : INFO : ball_device.bd_bot_vuk : Ejecting 1 unexpected balls using path deque([<ball_device.bd_bot_vuk>, <playfield.playfield>])
2022-10-06 12:40:07,125 : INFO : EventManager : Event: ======'balldevice_balls_available'====== Args={}
2022-10-06 12:40:07,126 : INFO : EventManager : Event: ======'balldevice_balls_available'====== Args={}
2022-10-06 12:40:07,126 : INFO : EventManager : Event: ======'balldevice_bd_bot_vuk_ball_entered'====== Args={'new_balls': 1, 'device': <ball_device.bd_bot_vuk>}
2022-10-06 12:40:07,127 : INFO : ball_device.bd_bot_vuk : State: waiting_for_target_ready
2022-10-06 12:40:07,127 : INFO : EventManager : Event: ======'balldevice_bd_bot_vuk_ball_eject_attempt'====== Args={'balls': 1, 'target': <playfield.playfield>, 'source': <ball_device.bd_bot_vuk>, 'mechanical_eject': False, 'num_attempts': 0}
2022-10-06 12:40:07,127 : INFO : ball_device.bd_bot_vuk : State: ejecting
2022-10-06 12:40:07,127 : INFO : ball_device.bd_bot_vuk : Ejecting ball to <playfield.playfield>
2022-10-06 12:40:07,127 : INFO : EventManager : Event: ======'balldevice_bd_bot_vuk_ejecting_ball'====== Args={'balls': 1, 'target': <playfield.playfield>, 'source': <ball_device.bd_bot_vuk>, 'mechanical_eject': False, 'num_attempts': 0}
2022-10-06 12:40:07,128 : INFO : ball_device.bd_bot_vuk : Wait for ball to leave device
2022-10-06 12:40:07,128 : INFO : coil.c_bot_vuk : Pulsing Driver for 40ms (0.6 pulse_power)
2022-10-06 12:40:07,511 : INFO : SwitchController : <<<<<<< 's_bot_vuk' inactive >>>>>>>
2022-10-06 12:40:07,515 : INFO : ball_device.bd_bot_vuk : State: ball_left
2022-10-06 12:40:07,516 : INFO : ball_device.bd_bot_vuk : Ball left
2022-10-06 12:40:07,516 : INFO : ball_device.bd_bot_vuk : Wait for confirm with timeout 2.0
2022-10-06 12:40:09,516 : INFO : ball_device.bd_bot_vuk : State: failed_confirm
2022-10-06 12:40:09,516 : INFO : ball_device.bd_bot_vuk : Got timeout (2.0s) before confirm from <playfield.playfield>
2022-10-06 12:40:09,625 : INFO : ball_device.bd_bot_vuk : Confirming eject because target is playfield and ball did not return.
2022-10-06 12:40:09,625 : INFO : ball_device.bd_bot_vuk : Eject successful
2022-10-06 12:40:09,625 : INFO : EventManager : Event: ======'balldevice_bd_bot_vuk_ball_eject_success'====== Args={'balls': 1, 'target': <playfield.playfield>}
2022-10-06 12:40:09,625 : INFO : EventManager : Event: ======'balldevice_playfield_ball_enter'====== Args={'new_balls': 1, 'unclaimed_balls': 1, 'device': <playfield.playfield>}
2022-10-06 12:40:09,626 : INFO : EventManager : Event: ======'playfield_ball_count_change'====== Args={'balls': 1, 'change': 1}
2022-10-06 12:40:09,626 : INFO : EventManager : Event: ======'balldevice_bd_bot_vuk_ball_count_changed'====== Args={'balls': 0}
2022-10-06 12:40:09,626 : INFO : ball_device.bd_bot_vuk : State: idle
2022-10-06 12:40:49,671 : INFO : Machine : Shutting down...
2022-10-06 12:40:49,671 : INFO : EventManager : Event: ======'shutdown'====== Args={}
2022-10-06 12:40:49,687 : WARNING : FAST : Port RGB received more messages than were sent! Resetting!
2022-10-06 12:40:49,687 : WARNING : FAST : Port NET received more messages than were sent! Resetting!
2022-10-06 12:40:49,767 : ERROR : FAST : Stop called on serial connection com9
2022-10-06 12:40:49,767 : ERROR : FAST : Stop called on serial connection com10
2022-10-06 12:40:49,986 : INFO : root : MPF run loop ended.
