2022-10-06 12:42:40,871 : INFO : root : Loading config.
2022-10-06 12:42:40,874 : INFO : YamlMultifileConfigLoader : Machine config file #1: config.yaml
2022-10-06 12:42:40,875 : INFO : ConfigProcessor : Loading config from cache: C:\Users\Tanner\AppData\Local\Temp\a6762098cb994b55cb03a478b26022ee.mpf_cache
2022-10-06 12:42:40,941 : INFO : ConfigProcessor : Loading config from cache: C:\Users\Tanner\AppData\Local\Temp\9cf7ccc27b21f4d6162237fadfc53e5a.mpf_cache
2022-10-06 12:42:40,942 : INFO : ConfigProcessor : Loading config from cache: C:\Users\Tanner\AppData\Local\Temp\c215df352878fee5d54f1a5ec5b16e7c.mpf_cache
2022-10-06 12:42:40,943 : INFO : ConfigProcessor : Loading config from cache: C:\Users\Tanner\AppData\Local\Temp\708062243e0edcfa77dd6b1521bd0d4e.mpf_cache
2022-10-06 12:42:40,944 : INFO : ConfigProcessor : Loading config from cache: C:\Users\Tanner\AppData\Local\Temp\c4174472f67f7b070dd6fb437c6feb0c.mpf_cache
2022-10-06 12:42:40,944 : INFO : ConfigProcessor : Loading config from cache: C:\Users\Tanner\AppData\Local\Temp\abaa92c43d134e3392cbb2346e6a16be.mpf_cache
2022-10-06 12:42:40,945 : INFO : ConfigProcessor : Loading config from cache: C:\Users\Tanner\AppData\Local\Temp\fc46d53fcb9fe6b8abf783d9c813390a.mpf_cache
2022-10-06 12:42:40,946 : INFO : Machine : Mission Pinball Framework Core Engine v0.55.0
2022-10-06 12:42:40,946 : INFO : Machine : Command line arguments: {'no_load_cache': False, 'create_config_cache': True, 'bcp': False, 'configfile': ['config.yaml'], 'force_assets_load': False, 'jsonlogging': False, 'logfile': 'logs\\2022-10-06-12-42-40-mpf-DESKTOP-7HNFDQ5.log', 'pause': False, 'production': False, 'text_ui': True, 'loglevel': 15, 'consoleloglevel': 20, 'force_platform': None, 'syslog_address': None, 'mc_file_name': None, 'no_sound': False}
2022-10-06 12:42:40,946 : INFO : Machine : MPF path: c:\users\tanner\appdata\local\programs\python\python37\lib\site-packages\mpf
2022-10-06 12:42:40,946 : INFO : Machine : Machine path: c:\trashland_2
2022-10-06 12:42:40,946 : INFO : Machine : Platform: win32
2022-10-06 12:42:40,946 : INFO : Machine : Python executable location: c:\users\tanner\appdata\local\programs\python\python37\python.exe
2022-10-06 12:42:40,946 : INFO : Machine : Python version: 3.7.8 (64-bit)
2022-10-06 12:42:40,947 : INFO : Machine : Initialise MPF.
2022-10-06 12:42:41,194 : INFO : FAST : Connecting to com9 at 921600bps
2022-10-06 12:42:41,233 : INFO : FAST : Connected! Processor: NET, Board Type: FP-CPU-002-2, Firmware: 01.05
2022-10-06 12:42:41,233 : INFO : EventManager : Event: ======'machine_var_fast_net_firmware'====== Args={'value': '01.05', 'prev_value': None, 'change': True}
2022-10-06 12:42:41,233 : INFO : EventManager : Event: ======'machine_var_fast_net_model'====== Args={'value': 'FP-CPU-002-2', 'prev_value': None, 'change': True}
2022-10-06 12:42:43,616 : WARNING : FAST : Got unexpected message from FAST: -N:30
2022-10-06 12:42:43,616 : WARNING : FAST : Got unexpected message from FAST: -N:33
2022-10-06 12:42:43,616 : WARNING : FAST : Got unexpected message from FAST: -N:34
2022-10-06 12:42:43,616 : WARNING : FAST : Got unexpected message from FAST: -N:38
2022-10-06 12:42:43,616 : WARNING : FAST : Got unexpected message from FAST: -N:40
2022-10-06 12:42:43,616 : WARNING : FAST : Got unexpected message from FAST: -N:41
2022-10-06 12:42:43,616 : WARNING : FAST : Got unexpected message from FAST: -N:42
2022-10-06 12:42:43,616 : WARNING : FAST : Got unexpected message from FAST: -N:43
2022-10-06 12:42:43,616 : WARNING : FAST : Got unexpected message from FAST: -N:44
2022-10-06 12:42:43,616 : WARNING : FAST : Got unexpected message from FAST: -N:5D
2022-10-06 12:42:43,728 : INFO : FAST : Connecting to com10 at 921600bps
2022-10-06 12:42:43,760 : INFO : FAST : Connected! Processor: RGB, Board Type: FP-CPU-002-2, Firmware: 00.87
2022-10-06 12:42:43,760 : INFO : EventManager : Event: ======'machine_var_fast_rgb_firmware'====== Args={'value': '00.87', 'prev_value': None, 'change': True}
2022-10-06 12:42:43,760 : INFO : EventManager : Event: ======'machine_var_fast_rgb_model'====== Args={'value': 'FP-CPU-002-2', 'prev_value': None, 'change': True}
2022-10-06 12:42:43,761 : INFO : EventManager : Event: ======'machine_var_credits_string'====== Args={'value': 'FREE PLAY', 'prev_value': None, 'change': True}
2022-10-06 12:42:43,801 : INFO : EventManager : Event: ======'machine_var_master_volume'====== Args={'value': 0.5, 'prev_value': None, 'change': True}
2022-10-06 12:42:43,801 : INFO : EventManager : Event: ======'machine_var_mpf_version'====== Args={'value': 'MPF v0.55.0', 'prev_value': None, 'change': True}
2022-10-06 12:42:43,801 : INFO : EventManager : Event: ======'machine_var_mpf_extended_version'====== Args={'value': 'MPF v0.55.0, Config version:5, Show version: 5, BCP version:1.1', 'prev_value': None, 'change': True}
2022-10-06 12:42:43,802 : INFO : EventManager : Event: ======'machine_var_python_version'====== Args={'value': '3.7.8', 'prev_value': None, 'change': True}
2022-10-06 12:42:43,802 : INFO : EventManager : Event: ======'machine_var_platform'====== Args={'value': 'Windows-10-10.0.19041-SP0', 'prev_value': None, 'change': True}
2022-10-06 12:42:43,802 : INFO : EventManager : Event: ======'machine_var_platform_system'====== Args={'value': 'Windows', 'prev_value': None, 'change': True}
2022-10-06 12:42:43,802 : INFO : EventManager : Event: ======'machine_var_platform_release'====== Args={'value': '10', 'prev_value': None, 'change': True}
2022-10-06 12:42:43,802 : INFO : EventManager : Event: ======'machine_var_platform_version'====== Args={'value': '10.0.19041', 'prev_value': None, 'change': True}
2022-10-06 12:42:43,802 : INFO : EventManager : Event: ======'machine_var_platform_machine'====== Args={'value': 'AMD64', 'prev_value': None, 'change': True}
2022-10-06 12:42:43,802 : INFO : EventManager : Event: ======'init_phase_1'====== Args={}
2022-10-06 12:42:43,843 : INFO : EventManager : Event: ======'drop_target_bank_mid_up'====== Args={}
2022-10-06 12:42:43,843 : INFO : EventManager : Event: ======'drop_target_bank_right_up'====== Args={}
2022-10-06 12:42:43,853 : INFO : EventManager : Event: ======'init_phase_2'====== Args={}
2022-10-06 12:42:43,854 : INFO : SwitchController : Found active switch: (('30', 1), <Platform.FAST>) <switch.s_drop_right_right>
2022-10-06 12:42:43,854 : INFO : SwitchController : Found active switch: (('3E', 1), <Platform.FAST>) <switch.s_trough_1>
2022-10-06 12:42:43,854 : INFO : SwitchController : Found active switch: (('3D', 1), <Platform.FAST>) <switch.s_trough_jam>
2022-10-06 12:42:43,854 : INFO : SwitchController : Found active switch: (('3C', 1), <Platform.FAST>) <switch.s_eos_right>
2022-10-06 12:42:43,854 : INFO : SwitchController : Found active switch: (('3B', 1), <Platform.FAST>) <switch.s_eos_left>
2022-10-06 12:42:43,861 : INFO : ball_device.bd_trough : BCH: Initial count: 2
2022-10-06 12:42:43,862 : INFO : ball_device.bd_trough : State: idle
2022-10-06 12:42:43,862 : INFO : ball_device.bd_plunger : BCH: Initial count: 0
2022-10-06 12:42:43,863 : INFO : ball_device.bd_plunger : State: idle
2022-10-06 12:42:43,863 : INFO : ball_device.bd_top_vuk : BCH: Initial count: 0
2022-10-06 12:42:43,863 : INFO : ball_device.bd_top_vuk : State: idle
2022-10-06 12:42:43,864 : INFO : ball_device.bd_right_vuk : BCH: Initial count: 0
2022-10-06 12:42:43,864 : INFO : ball_device.bd_right_vuk : State: idle
2022-10-06 12:42:43,864 : INFO : ball_device.bd_bot_vuk : BCH: Initial count: 0
2022-10-06 12:42:43,865 : INFO : ball_device.bd_bot_vuk : State: idle
2022-10-06 12:42:43,900 : INFO : EventManager : Event: ======'init_phase_3'====== Args={}
2022-10-06 12:42:43,933 : INFO : EventManager : Event: ======'init_phase_4'====== Args={}
2022-10-06 12:42:43,933 : INFO : EventManager : Event: ======'playfield_active'====== Args={}
2022-10-06 12:42:43,933 : INFO : EventManager : Event: ======'unexpected_ball_on_playfield'====== Args={}
2022-10-06 12:42:43,933 : INFO : EventManager : Event: ======'playfield_active'====== Args={}
2022-10-06 12:42:43,933 : INFO : EventManager : Event: ======'unexpected_ball_on_playfield'====== Args={}
2022-10-06 12:42:43,933 : INFO : EventManager : Event: ======'playfield_active'====== Args={}
2022-10-06 12:42:43,933 : INFO : EventManager : Event: ======'unexpected_ball_on_playfield'====== Args={}
2022-10-06 12:42:43,933 : INFO : EventManager : Event: ======'playfield_active'====== Args={}
2022-10-06 12:42:43,933 : INFO : EventManager : Event: ======'unexpected_ball_on_playfield'====== Args={}
2022-10-06 12:42:43,933 : INFO : EventManager : Event: ======'playfield_active'====== Args={}
2022-10-06 12:42:43,934 : INFO : EventManager : Event: ======'unexpected_ball_on_playfield'====== Args={}
2022-10-06 12:42:43,934 : INFO : EventManager : Event: ======'drop_target_right_right_down'====== Args={'device': <drop_target.right_right>}
2022-10-06 12:42:43,934 : INFO : EventManager : Event: ======'drop_target_bank_right_mixed'====== Args={'prev_value': <DropTargetBankState.UP: 'up'>, 'down': 1}
2022-10-06 12:42:43,934 : INFO : EventManager : Event: ======'playfield_active'====== Args={}
2022-10-06 12:42:43,934 : INFO : EventManager : Event: ======'unexpected_ball_on_playfield'====== Args={}
2022-10-06 12:42:43,934 : INFO : BallController : Initial balls found: 2
2022-10-06 12:42:43,936 : INFO : EventManager : Event: ======'machine_var_audits_events_game_ended'====== Args={'value': 0, 'prev_value': None, 'change': True}
2022-10-06 12:42:43,936 : INFO : EventManager : Event: ======'machine_var_audits_events_game_started'====== Args={'value': 0, 'prev_value': None, 'change': True}
2022-10-06 12:42:43,936 : INFO : EventManager : Event: ======'machine_var_audits_player_score'====== Args={'value': {'average': 0, 'top': [], 'total': 0}, 'prev_value': None, 'change': True}
2022-10-06 12:42:43,936 : INFO : EventManager : Event: ======'machine_var_audits_switches_s_autolauncher'====== Args={'value': 76, 'prev_value': None, 'change': True}
2022-10-06 12:42:43,936 : INFO : EventManager : Event: ======'machine_var_audits_switches_s_back_pop'====== Args={'value': 0, 'prev_value': None, 'change': True}
2022-10-06 12:42:43,936 : INFO : EventManager : Event: ======'machine_var_audits_switches_s_back_rollover'====== Args={'value': 0, 'prev_value': None, 'change': True}
2022-10-06 12:42:43,937 : INFO : EventManager : Event: ======'machine_var_audits_switches_s_back_stationary'====== Args={'value': 0, 'prev_value': None, 'change': True}
2022-10-06 12:42:43,937 : INFO : EventManager : Event: ======'machine_var_audits_switches_s_bot_back'====== Args={'value': 0, 'prev_value': None, 'change': True}
2022-10-06 12:42:43,937 : INFO : EventManager : Event: ======'machine_var_audits_switches_s_bot_big'====== Args={'value': 1, 'prev_value': None, 'change': True}
2022-10-06 12:42:43,937 : INFO : EventManager : Event: ======'machine_var_audits_switches_s_bot_left'====== Args={'value': 0, 'prev_value': None, 'change': True}
2022-10-06 12:42:43,937 : INFO : EventManager : Event: ======'machine_var_audits_switches_s_bot_right'====== Args={'value': 0, 'prev_value': None, 'change': True}
2022-10-06 12:42:43,937 : INFO : EventManager : Event: ======'machine_var_audits_switches_s_bot_rollover'====== Args={'value': 0, 'prev_value': None, 'change': True}
2022-10-06 12:42:43,937 : INFO : EventManager : Event: ======'machine_var_audits_switches_s_bot_vuk'====== Args={'value': 0, 'prev_value': None, 'change': True}
2022-10-06 12:42:43,937 : INFO : EventManager : Event: ======'machine_var_audits_switches_s_drop_mid_left'====== Args={'value': 74, 'prev_value': None, 'change': True}
2022-10-06 12:42:43,938 : INFO : EventManager : Event: ======'machine_var_audits_switches_s_drop_mid_mid'====== Args={'value': 83, 'prev_value': None, 'change': True}
2022-10-06 12:42:43,938 : INFO : EventManager : Event: ======'machine_var_audits_switches_s_drop_mid_right'====== Args={'value': 5, 'prev_value': None, 'change': True}
2022-10-06 12:42:43,938 : INFO : EventManager : Event: ======'machine_var_audits_switches_s_drop_right_left'====== Args={'value': 24, 'prev_value': None, 'change': True}
2022-10-06 12:42:43,938 : INFO : EventManager : Event: ======'machine_var_audits_switches_s_drop_right_right'====== Args={'value': 60, 'prev_value': None, 'change': True}
2022-10-06 12:42:43,938 : INFO : EventManager : Event: ======'machine_var_audits_switches_s_drop_single'====== Args={'value': 41, 'prev_value': None, 'change': True}
2022-10-06 12:42:43,938 : INFO : EventManager : Event: ======'machine_var_audits_switches_s_eos_left'====== Args={'value': 71, 'prev_value': None, 'change': True}
2022-10-06 12:42:43,939 : INFO : EventManager : Event: ======'machine_var_audits_switches_s_eos_left_top'====== Args={'value': 846, 'prev_value': None, 'change': True}
2022-10-06 12:42:43,939 : INFO : EventManager : Event: ======'machine_var_audits_switches_s_eos_right'====== Args={'value': 96, 'prev_value': None, 'change': True}
2022-10-06 12:42:43,939 : INFO : EventManager : Event: ======'machine_var_audits_switches_s_launch'====== Args={'value': 52, 'prev_value': None, 'change': True}
2022-10-06 12:42:43,939 : INFO : EventManager : Event: ======'machine_var_audits_switches_s_left_flipper'====== Args={'value': 948, 'prev_value': None, 'change': True}
2022-10-06 12:42:43,939 : INFO : EventManager : Event: ======'machine_var_audits_switches_s_left_inlane'====== Args={'value': 24, 'prev_value': None, 'change': True}
2022-10-06 12:42:43,939 : INFO : EventManager : Event: ======'machine_var_audits_switches_s_left_outlane'====== Args={'value': 5, 'prev_value': None, 'change': True}
2022-10-06 12:42:43,940 : INFO : EventManager : Event: ======'machine_var_audits_switches_s_pop_left'====== Args={'value': 157, 'prev_value': None, 'change': True}
2022-10-06 12:42:43,940 : INFO : EventManager : Event: ======'machine_var_audits_switches_s_pop_lower'====== Args={'value': 256, 'prev_value': None, 'change': True}
2022-10-06 12:42:43,940 : INFO : EventManager : Event: ======'machine_var_audits_switches_s_pop_right'====== Args={'value': 294, 'prev_value': None, 'change': True}
2022-10-06 12:42:43,940 : INFO : EventManager : Event: ======'machine_var_audits_switches_s_right_flipper'====== Args={'value': 973, 'prev_value': None, 'change': True}
2022-10-06 12:42:43,940 : INFO : EventManager : Event: ======'machine_var_audits_switches_s_right_inlane'====== Args={'value': 0, 'prev_value': None, 'change': True}
2022-10-06 12:42:43,941 : INFO : EventManager : Event: ======'machine_var_audits_switches_s_right_outlane'====== Args={'value': 79, 'prev_value': None, 'change': True}
2022-10-06 12:42:43,941 : INFO : EventManager : Event: ======'machine_var_audits_switches_s_rollover_left'====== Args={'value': 64, 'prev_value': None, 'change': True}
2022-10-06 12:42:43,941 : INFO : EventManager : Event: ======'machine_var_audits_switches_s_rollover_right'====== Args={'value': 46, 'prev_value': None, 'change': True}
2022-10-06 12:42:43,941 : INFO : EventManager : Event: ======'machine_var_audits_switches_s_sling_left'====== Args={'value': 39, 'prev_value': None, 'change': True}
2022-10-06 12:42:43,941 : INFO : EventManager : Event: ======'machine_var_audits_switches_s_sling_right'====== Args={'value': 110, 'prev_value': None, 'change': True}
2022-10-06 12:42:43,942 : INFO : EventManager : Event: ======'machine_var_audits_switches_s_start'====== Args={'value': 152, 'prev_value': None, 'change': True}
2022-10-06 12:42:43,942 : INFO : EventManager : Event: ======'machine_var_audits_switches_s_tilt'====== Args={'value': 126, 'prev_value': None, 'change': True}
2022-10-06 12:42:43,942 : INFO : EventManager : Event: ======'machine_var_audits_switches_s_transfer_rollover'====== Args={'value': 0, 'prev_value': None, 'change': True}
2022-10-06 12:42:43,942 : INFO : EventManager : Event: ======'machine_var_audits_switches_s_trough_1'====== Args={'value': 57, 'prev_value': None, 'change': True}
2022-10-06 12:42:43,942 : INFO : EventManager : Event: ======'machine_var_audits_switches_s_trough_2'====== Args={'value': 190, 'prev_value': None, 'change': True}
2022-10-06 12:42:43,943 : INFO : EventManager : Event: ======'machine_var_audits_switches_s_trough_3'====== Args={'value': 102, 'prev_value': None, 'change': True}
2022-10-06 12:42:43,943 : INFO : EventManager : Event: ======'machine_var_audits_switches_s_trough_4'====== Args={'value': 105, 'prev_value': None, 'change': True}
2022-10-06 12:42:43,943 : INFO : EventManager : Event: ======'machine_var_audits_switches_s_trough_5'====== Args={'value': 109, 'prev_value': None, 'change': True}
2022-10-06 12:42:43,943 : INFO : EventManager : Event: ======'machine_var_audits_switches_s_trough_6'====== Args={'value': 186, 'prev_value': None, 'change': True}
2022-10-06 12:42:43,944 : INFO : EventManager : Event: ======'machine_var_audits_switches_s_trough_jam'====== Args={'value': 108, 'prev_value': None, 'change': True}
2022-10-06 12:42:43,944 : INFO : EventManager : Event: ======'machine_var_audits_switches_s_upper_drop'====== Args={'value': 0, 'prev_value': None, 'change': True}
2022-10-06 12:42:43,944 : INFO : EventManager : Event: ======'machine_var_audits_switches_s_upper_rollover'====== Args={'value': 0, 'prev_value': None, 'change': True}
2022-10-06 12:42:43,944 : INFO : EventManager : Event: ======'machine_var_audits_switches_s_upper_stationary'====== Args={'value': 0, 'prev_value': None, 'change': True}
2022-10-06 12:42:43,944 : INFO : EventManager : Event: ======'machine_var_audits_switches_s_vuk_back'====== Args={'value': 1, 'prev_value': None, 'change': True}
2022-10-06 12:42:43,945 : INFO : EventManager : Event: ======'machine_var_audits_switches_s_vuk_right'====== Args={'value': 3, 'prev_value': None, 'change': True}
2022-10-06 12:42:43,945 : INFO : EventManager : Event: ======'machine_var_audits_switches_s_vuk_top'====== Args={'value': 23, 'prev_value': None, 'change': True}
2022-10-06 12:42:43,946 : INFO : EventManager : Event: ======'init_phase_5'====== Args={}
2022-10-06 12:42:43,994 : INFO : EventManager : Event: ======'init_done'====== Args={}
2022-10-06 12:42:43,995 : INFO : EventManager : Event: ======'machine_reset_phase_1'====== Args={}
2022-10-06 12:42:43,996 : INFO : EventManager : Event: ======'machine_reset_phase_2'====== Args={}
2022-10-06 12:42:43,996 : INFO : EventManager : Event: ======'machine_reset_phase_3'====== Args={}
2022-10-06 12:42:43,997 : INFO : EventManager : Event: ======'mode_tilt_will_start'====== Args={'queue': <QueuedEvent>}
2022-10-06 12:42:43,997 : INFO : EventManager : Event: ======'mode_tilt_starting'====== Args={'queue': <QueuedEvent>}
2022-10-06 12:42:43,997 : INFO : drop_target_bank.mid : All targets are already up. Will not reset bank.
2022-10-06 12:42:43,997 : INFO : drop_target_bank.right : 1 targets are down. Will reset those.
2022-10-06 12:42:43,997 : INFO : coil.c_drop_right : Pulsing Driver for 10ms (1.0 pulse_power)
2022-10-06 12:42:43,998 : INFO : Mode.tilt : Started. Priority: 1000000
2022-10-06 12:42:43,998 : INFO : EventManager : Event: ======'modes_active_modes_changed'====== Args={}
2022-10-06 12:42:43,998 : INFO : EventManager : Event: ======'mode_tilt_started'====== Args={'queue': <QueuedEvent>}
2022-10-06 12:42:43,999 : INFO : EventManager : Event: ======'reset_complete'====== Args={}
2022-10-06 12:42:43,999 : INFO : EventManager : Event: ======'mode_attract_will_start'====== Args={}
2022-10-06 12:42:43,999 : INFO : EventManager : Event: ======'mode_attract_starting'====== Args={}
2022-10-06 12:42:43,999 : INFO : Mode.attract : Started. Priority: 10
2022-10-06 12:42:43,999 : INFO : EventManager : Event: ======'modes_active_modes_changed'====== Args={}
2022-10-06 12:42:43,999 : INFO : EventManager : Event: ======'mode_attract_started'====== Args={}
2022-10-06 12:42:44,000 : INFO : EventManager : Event: ======'collecting_balls_complete'====== Args={}
2022-10-06 12:42:44,040 : INFO : coil.c_drop_right : Pulsing Driver for 10ms (1.0 pulse_power)
2022-10-06 12:42:44,041 : INFO : Machine : Starting the main run loop.
2022-10-06 12:42:44,141 : INFO : BcpServer : New client connected.
2022-10-06 12:42:44,486 : INFO : EventManager : Event: ======'drop_target_bank_right_mixed'====== Args={'prev_value': <DropTargetBankState.MIXED: 'mixed'>, 'down': 1}
2022-10-06 12:42:45,049 : INFO : SwitchController : <<<<<<< 's_bot_vuk' active >>>>>>>
2022-10-06 12:42:45,552 : INFO : EventManager : Event: ======'balldevice_bd_bot_vuk_ball_count_changed'====== Args={'balls': 1}
2022-10-06 12:42:45,552 : INFO : ball_device.bd_bot_vuk : Received unexpected ball
2022-10-06 12:42:45,552 : INFO : EventManager : Event: ======'balldevice_captured_from_playfield'====== Args={'balls': 1}
2022-10-06 12:42:45,553 : INFO : EventManager : Event: ======'sw_playfield_active'====== Args={'balls': 1}
2022-10-06 12:42:45,553 : INFO : EventManager : Event: ======'playfield_active'====== Args={}
2022-10-06 12:42:45,553 : INFO : EventManager : Event: ======'unexpected_ball_on_playfield'====== Args={}
2022-10-06 12:42:45,554 : INFO : EventManager : Event: ======'playfield_ball_count_change'====== Args={'balls': -1, 'change': -1}
2022-10-06 12:42:45,554 : INFO : EventManager : Event: ======'balldevice_playfield_ball_enter'====== Args={'new_balls': 1, 'unclaimed_balls': 1, 'device': <playfield.playfield>}
2022-10-06 12:42:45,554 : INFO : EventManager : Event: ======'playfield_ball_count_change'====== Args={'balls': 0, 'change': 1}
2022-10-06 12:42:45,555 : INFO : BallController : Found a new ball which was captured from playfield. Known balls: 3
2022-10-06 12:42:45,555 : INFO : EventManager : Event: ======'found_new_ball'====== Args={}
2022-10-06 12:42:45,555 : INFO : EventManager : Event: ======'balldevice_bd_bot_vuk_ball_enter'====== Args={'new_balls': 1, 'unclaimed_balls': 1, 'new_available_balls': 1, 'device': <ball_device.bd_bot_vuk>}
2022-10-06 12:42:45,555 : INFO : ball_device.bd_bot_vuk : Ejecting 1 unexpected balls using path deque([<ball_device.bd_bot_vuk>, <playfield.playfield>])
2022-10-06 12:42:45,556 : INFO : EventManager : Event: ======'balldevice_balls_available'====== Args={}
2022-10-06 12:42:45,556 : INFO : EventManager : Event: ======'balldevice_balls_available'====== Args={}
2022-10-06 12:42:45,556 : INFO : EventManager : Event: ======'balldevice_bd_bot_vuk_ball_entered'====== Args={'new_balls': 1, 'device': <ball_device.bd_bot_vuk>}
2022-10-06 12:42:45,557 : INFO : ball_device.bd_bot_vuk : State: waiting_for_target_ready
2022-10-06 12:42:45,557 : INFO : EventManager : Event: ======'balldevice_bd_bot_vuk_ball_eject_attempt'====== Args={'balls': 1, 'target': <playfield.playfield>, 'source': <ball_device.bd_bot_vuk>, 'mechanical_eject': False, 'num_attempts': 0}
2022-10-06 12:42:45,557 : INFO : ball_device.bd_bot_vuk : State: ejecting
2022-10-06 12:42:45,557 : INFO : ball_device.bd_bot_vuk : Ejecting ball to <playfield.playfield>
2022-10-06 12:42:45,558 : INFO : EventManager : Event: ======'balldevice_bd_bot_vuk_ejecting_ball'====== Args={'balls': 1, 'target': <playfield.playfield>, 'source': <ball_device.bd_bot_vuk>, 'mechanical_eject': False, 'num_attempts': 0}
2022-10-06 12:42:45,558 : INFO : ball_device.bd_bot_vuk : Wait for ball to leave device
2022-10-06 12:42:45,558 : INFO : coil.c_bot_vuk : Pulsing Driver for 10ms (1.0 pulse_power)
2022-10-06 12:42:45,741 : INFO : SwitchController : <<<<<<< 's_bot_vuk' inactive >>>>>>>
2022-10-06 12:42:45,746 : INFO : ball_device.bd_bot_vuk : State: ball_left
2022-10-06 12:42:45,746 : INFO : ball_device.bd_bot_vuk : Ball left
2022-10-06 12:42:45,746 : INFO : ball_device.bd_bot_vuk : Wait for confirm with timeout 2.0
2022-10-06 12:42:45,835 : INFO : SwitchController : <<<<<<< 's_bot_vuk' active >>>>>>>
2022-10-06 12:42:47,745 : INFO : ball_device.bd_bot_vuk : State: failed_confirm
2022-10-06 12:42:47,745 : INFO : ball_device.bd_bot_vuk : Got timeout (2.0s) before confirm from <playfield.playfield>
2022-10-06 12:42:47,839 : INFO : ball_device.bd_bot_vuk : Got unknown balls. Assuming a ball returned.
2022-10-06 12:42:47,839 : INFO : EventManager : Event: ======'balldevice_bd_bot_vuk_ball_eject_failed'====== Args={'target': <playfield.playfield>, 'balls': 1, 'retry': True, 'num_attempts': 1}
2022-10-06 12:42:47,840 : INFO : ball_device.bd_bot_vuk : State: waiting_for_target_ready
2022-10-06 12:42:47,840 : INFO : EventManager : Event: ======'balldevice_bd_bot_vuk_ball_eject_attempt'====== Args={'balls': 1, 'target': <playfield.playfield>, 'source': <ball_device.bd_bot_vuk>, 'mechanical_eject': False, 'num_attempts': 1}
2022-10-06 12:42:47,841 : INFO : ball_device.bd_bot_vuk : State: ejecting
2022-10-06 12:42:47,841 : INFO : ball_device.bd_bot_vuk : Ejecting ball to <playfield.playfield>
2022-10-06 12:42:47,841 : INFO : EventManager : Event: ======'balldevice_bd_bot_vuk_ejecting_ball'====== Args={'balls': 1, 'target': <playfield.playfield>, 'source': <ball_device.bd_bot_vuk>, 'mechanical_eject': False, 'num_attempts': 1}
2022-10-06 12:42:47,842 : INFO : ball_device.bd_bot_vuk : Wait for ball to leave device
2022-10-06 12:42:47,842 : INFO : coil.c_bot_vuk : Pulsing Driver for 10ms (1.0 pulse_power)
2022-10-06 12:42:47,887 : INFO : SwitchController : <<<<<<< 's_bot_vuk' inactive >>>>>>>
2022-10-06 12:42:47,892 : INFO : ball_device.bd_bot_vuk : State: ball_left
2022-10-06 12:42:47,892 : INFO : ball_device.bd_bot_vuk : Ball left
2022-10-06 12:42:47,892 : INFO : ball_device.bd_bot_vuk : Wait for confirm with timeout 2.0
2022-10-06 12:42:48,529 : INFO : SwitchController : <<<<<<< 's_bot_vuk' active >>>>>>>
2022-10-06 12:42:49,465 : INFO : SwitchController : <<<<<<< 's_bot_vuk' inactive >>>>>>>
2022-10-06 12:42:49,898 : INFO : ball_device.bd_bot_vuk : State: failed_confirm
2022-10-06 12:42:49,898 : INFO : ball_device.bd_bot_vuk : Got timeout (2.0s) before confirm from <playfield.playfield>
2022-10-06 12:42:49,991 : INFO : ball_device.bd_bot_vuk : Got unknown balls. Assuming a ball returned.
2022-10-06 12:42:49,991 : INFO : EventManager : Event: ======'balldevice_bd_bot_vuk_ball_eject_failed'====== Args={'target': <playfield.playfield>, 'balls': 1, 'retry': True, 'num_attempts': 2}
2022-10-06 12:42:49,992 : INFO : ball_device.bd_bot_vuk : State: waiting_for_target_ready
2022-10-06 12:42:49,993 : INFO : EventManager : Event: ======'balldevice_bd_bot_vuk_ball_eject_attempt'====== Args={'balls': 1, 'target': <playfield.playfield>, 'source': <ball_device.bd_bot_vuk>, 'mechanical_eject': False, 'num_attempts': 2}
2022-10-06 12:42:49,993 : INFO : ball_device.bd_bot_vuk : State: ejecting
2022-10-06 12:42:49,993 : INFO : ball_device.bd_bot_vuk : Ejecting ball to <playfield.playfield>
2022-10-06 12:42:49,993 : INFO : EventManager : Event: ======'balldevice_bd_bot_vuk_ejecting_ball'====== Args={'balls': 1, 'target': <playfield.playfield>, 'source': <ball_device.bd_bot_vuk>, 'mechanical_eject': False, 'num_attempts': 2}
2022-10-06 12:42:49,994 : WARNING : ball_device.bd_bot_vuk : No switch is active. Cannot wait on empty list.
2022-10-06 12:42:49,994 : INFO : ball_device.bd_bot_vuk : Wait for ball to leave device
2022-10-06 12:42:49,994 : INFO : coil.c_bot_vuk : Pulsing Driver for 10ms (1.0 pulse_power)
2022-10-06 12:42:49,994 : INFO : ball_device.bd_bot_vuk : State: ball_left
2022-10-06 12:42:49,995 : INFO : ball_device.bd_bot_vuk : Ball left
2022-10-06 12:42:49,995 : INFO : ball_device.bd_bot_vuk : Wait for confirm with timeout 2.0
2022-10-06 12:42:51,988 : INFO : ball_device.bd_bot_vuk : State: failed_confirm
2022-10-06 12:42:51,988 : INFO : ball_device.bd_bot_vuk : Got timeout (2.0s) before confirm from <playfield.playfield>
2022-10-06 12:42:52,082 : INFO : ball_device.bd_bot_vuk : Confirming eject because target is playfield and ball did not return.
2022-10-06 12:42:52,082 : INFO : ball_device.bd_bot_vuk : Eject successful
2022-10-06 12:42:52,082 : INFO : EventManager : Event: ======'balldevice_bd_bot_vuk_ball_eject_success'====== Args={'balls': 1, 'target': <playfield.playfield>}
2022-10-06 12:42:52,083 : INFO : EventManager : Event: ======'balldevice_playfield_ball_enter'====== Args={'new_balls': 1, 'unclaimed_balls': 1, 'device': <playfield.playfield>}
2022-10-06 12:42:52,083 : INFO : EventManager : Event: ======'playfield_ball_count_change'====== Args={'balls': 1, 'change': 1}
2022-10-06 12:42:52,084 : INFO : EventManager : Event: ======'balldevice_bd_bot_vuk_ball_count_changed'====== Args={'balls': 0}
2022-10-06 12:42:52,084 : INFO : ball_device.bd_bot_vuk : State: idle
2022-10-06 12:42:52,430 : INFO : SwitchController : <<<<<<< 's_left_flipper' active >>>>>>>
2022-10-06 12:42:52,587 : INFO : SwitchController : <<<<<<< 's_left_flipper' inactive >>>>>>>
2022-10-06 12:42:52,651 : INFO : SwitchController : <<<<<<< 's_left_flipper' active >>>>>>>
2022-10-06 12:42:52,789 : INFO : SwitchController : <<<<<<< 's_left_flipper' inactive >>>>>>>
2022-10-06 12:42:52,900 : INFO : SwitchController : <<<<<<< 's_left_flipper' active >>>>>>>
2022-10-06 12:42:53,025 : INFO : SwitchController : <<<<<<< 's_left_flipper' inactive >>>>>>>
2022-10-06 12:42:53,151 : INFO : SwitchController : <<<<<<< 's_left_flipper' active >>>>>>>
2022-10-06 12:42:53,245 : INFO : SwitchController : <<<<<<< 's_left_flipper' inactive >>>>>>>
2022-10-06 12:42:53,371 : INFO : SwitchController : <<<<<<< 's_left_flipper' active >>>>>>>
2022-10-06 12:42:53,840 : INFO : SwitchController : <<<<<<< 's_left_flipper' inactive >>>>>>>
2022-10-06 12:43:10,112 : ERROR : asyncio : Exception in callback SerialTransport._poll_read()
handle: <TimerHandle when=21368.765499999998 SerialTransport._poll_read()>
Traceback (most recent call last):
  File "c:\users\tanner\appdata\local\programs\python\python37\lib\asyncio\events.py", line 88, in _run
    self._context.run(self._callback, *self._args)
  File "c:\users\tanner\appdata\local\programs\python\python37\lib\site-packages\serial_asyncio\__init__.py", line 275, in _poll_read
    if self.serial.in_waiting:
  File "c:\users\tanner\appdata\local\programs\python\python37\lib\site-packages\serial\serialwin32.py", line 259, in in_waiting
    raise SerialException("ClearCommError failed ({!r})".format(ctypes.WinError()))
serial.serialutil.SerialException: ClearCommError failed (PermissionError(13, 'Access is denied.', None, 5))
2022-10-06 12:43:10,114 : ERROR : asyncio : Exception in callback SerialTransport._poll_read()
handle: <TimerHandle when=21368.765499999998 SerialTransport._poll_read()>
Traceback (most recent call last):
  File "c:\users\tanner\appdata\local\programs\python\python37\lib\asyncio\events.py", line 88, in _run
    self._context.run(self._callback, *self._args)
  File "c:\users\tanner\appdata\local\programs\python\python37\lib\site-packages\serial_asyncio\__init__.py", line 275, in _poll_read
    if self.serial.in_waiting:
  File "c:\users\tanner\appdata\local\programs\python\python37\lib\site-packages\serial\serialwin32.py", line 259, in in_waiting
    raise SerialException("ClearCommError failed ({!r})".format(ctypes.WinError()))
serial.serialutil.SerialException: ClearCommError failed (PermissionError(13, 'Access is denied.', None, 5))
2022-10-06 12:43:10,117 : INFO : Machine : Shutting down...
2022-10-06 12:43:10,119 : INFO : EventManager : Event: ======'shutdown'====== Args={}
2022-10-06 12:43:10,122 : ERROR : asyncio : Fatal write error on serial transport
protocol: <asyncio.streams.StreamReaderProtocol object at 0x0000015512BF4C88>
transport: SerialTransport(<_WindowsSelectorEventLoop running=False closed=False debug=False>, <asyncio.streams.StreamReaderProtocol object at 0x0000015512BF4C88>, Serial<id=0x155134c5548, open=True>(port='com9', baudrate=921600, bytesize=8, parity='N', stopbits=1, timeout=0, xonxoff=False, rtscts=False, dsrdtr=False))
Traceback (most recent call last):
  File "c:\users\tanner\appdata\local\programs\python\python37\lib\site-packages\serial_asyncio\__init__.py", line 120, in write
    n = self._serial.write(data)
  File "c:\users\tanner\appdata\local\programs\python\python37\lib\site-packages\serial\serialwin32.py", line 336, in write
    raise SerialException("WriteFile failed ({!r})".format(ctypes.WinError()))
serial.serialutil.SerialException: WriteFile failed (PermissionError(13, 'Access is denied.', None, 5))
2022-10-06 12:43:10,122 : ERROR : asyncio : Fatal write error on serial transport
protocol: <asyncio.streams.StreamReaderProtocol object at 0x00000155134E67C8>
transport: SerialTransport(<_WindowsSelectorEventLoop running=False closed=False debug=False>, <asyncio.streams.StreamReaderProtocol object at 0x00000155134E67C8>, Serial<id=0x155134e6688, open=True>(port='com10', baudrate=921600, bytesize=8, parity='N', stopbits=1, timeout=0, xonxoff=False, rtscts=False, dsrdtr=False))
Traceback (most recent call last):
  File "c:\users\tanner\appdata\local\programs\python\python37\lib\site-packages\serial_asyncio\__init__.py", line 120, in write
    n = self._serial.write(data)
  File "c:\users\tanner\appdata\local\programs\python\python37\lib\site-packages\serial\serialwin32.py", line 336, in write
    raise SerialException("WriteFile failed ({!r})".format(ctypes.WinError()))
serial.serialutil.SerialException: WriteFile failed (PermissionError(13, 'Access is denied.', None, 5))
2022-10-06 12:43:10,123 : ERROR : asyncio : Exception in callback SerialTransport._call_connection_lost(SerialExcepti...', None, 5))"))
handle: <Handle SerialTransport._call_connection_lost(SerialExcepti...', None, 5))"))>
Traceback (most recent call last):
  File "c:\users\tanner\appdata\local\programs\python\python37\lib\asyncio\events.py", line 88, in _run
    self._context.run(self._callback, *self._args)
  File "c:\users\tanner\appdata\local\programs\python\python37\lib\site-packages\serial_asyncio\__init__.py", line 390, in _call_connection_lost
    self._serial.flush()
  File "c:\users\tanner\appdata\local\programs\python\python37\lib\site-packages\serial\serialwin32.py", line 345, in flush
    while self.out_waiting:
  File "c:\users\tanner\appdata\local\programs\python\python37\lib\site-packages\serial\serialwin32.py", line 447, in out_waiting
    raise SerialException("ClearCommError failed ({!r})".format(ctypes.WinError()))
serial.serialutil.SerialException: ClearCommError failed (PermissionError(13, 'Access is denied.', None, 5))
2022-10-06 12:43:10,123 : ERROR : asyncio : Exception in callback SerialTransport._call_connection_lost(SerialExcepti...', None, 5))"))
handle: <Handle SerialTransport._call_connection_lost(SerialExcepti...', None, 5))"))>
Traceback (most recent call last):
  File "c:\users\tanner\appdata\local\programs\python\python37\lib\asyncio\events.py", line 88, in _run
    self._context.run(self._callback, *self._args)
  File "c:\users\tanner\appdata\local\programs\python\python37\lib\site-packages\serial_asyncio\__init__.py", line 390, in _call_connection_lost
    self._serial.flush()
  File "c:\users\tanner\appdata\local\programs\python\python37\lib\site-packages\serial\serialwin32.py", line 345, in flush
    while self.out_waiting:
  File "c:\users\tanner\appdata\local\programs\python\python37\lib\site-packages\serial\serialwin32.py", line 447, in out_waiting
    raise SerialException("ClearCommError failed ({!r})".format(ctypes.WinError()))
serial.serialutil.SerialException: ClearCommError failed (PermissionError(13, 'Access is denied.', None, 5))
2022-10-06 12:43:10,206 : ERROR : FAST : Stop called on serial connection com9
2022-10-06 12:43:10,206 : ERROR : FAST : Stop called on serial connection com10
2022-10-06 12:43:10,207 : ERROR : Machine : Runtime Exception
Traceback (most recent call last):
  File "c:\users\tanner\appdata\local\programs\python\python37\lib\site-packages\mpf\core\machine.py", line 769, in _run_loop
    raise self._exception['exception']
  File "c:\users\tanner\appdata\local\programs\python\python37\lib\asyncio\events.py", line 88, in _run
    self._context.run(self._callback, *self._args)
  File "c:\users\tanner\appdata\local\programs\python\python37\lib\site-packages\serial_asyncio\__init__.py", line 275, in _poll_read
    if self.serial.in_waiting:
  File "c:\users\tanner\appdata\local\programs\python\python37\lib\site-packages\serial\serialwin32.py", line 259, in in_waiting
    raise SerialException("ClearCommError failed ({!r})".format(ctypes.WinError()))
serial.serialutil.SerialException: ClearCommError failed (PermissionError(13, 'Access is denied.', None, 5))
2022-10-06 12:43:10,272 : ERROR : root : ClearCommError failed (PermissionError(13, 'Access is denied.', None, 5))
2022-10-06 12:45:11,869 : INFO : root : MPF run loop ended.
