2022-10-06 07:36:28,906 : INFO : root : Loading config.
2022-10-06 07:36:28,909 : INFO : YamlMultifileConfigLoader : Machine config file #1: config.yaml
2022-10-06 07:36:28,910 : INFO : ConfigProcessor : Loading config from cache: C:\Users\Tanner\AppData\Local\Temp\a6762098cb994b55cb03a478b26022ee.mpf_cache
2022-10-06 07:36:28,970 : INFO : ConfigProcessor : Loading config from cache: C:\Users\Tanner\AppData\Local\Temp\9cf7ccc27b21f4d6162237fadfc53e5a.mpf_cache
2022-10-06 07:36:28,971 : INFO : ConfigProcessor : Loading config from cache: C:\Users\Tanner\AppData\Local\Temp\c215df352878fee5d54f1a5ec5b16e7c.mpf_cache
2022-10-06 07:36:28,972 : INFO : ConfigProcessor : Loading config from cache: C:\Users\Tanner\AppData\Local\Temp\708062243e0edcfa77dd6b1521bd0d4e.mpf_cache
2022-10-06 07:36:28,972 : INFO : ConfigProcessor : Loading config from cache: C:\Users\Tanner\AppData\Local\Temp\c4174472f67f7b070dd6fb437c6feb0c.mpf_cache
2022-10-06 07:36:28,973 : INFO : ConfigProcessor : Loading config from cache: C:\Users\Tanner\AppData\Local\Temp\abaa92c43d134e3392cbb2346e6a16be.mpf_cache
2022-10-06 07:36:28,974 : INFO : ConfigProcessor : Loading config from cache: C:\Users\Tanner\AppData\Local\Temp\fc46d53fcb9fe6b8abf783d9c813390a.mpf_cache
2022-10-06 07:36:28,974 : INFO : Machine : Mission Pinball Framework Core Engine v0.55.0
2022-10-06 07:36:28,974 : INFO : Machine : Command line arguments: {'no_load_cache': False, 'create_config_cache': True, 'bcp': False, 'configfile': ['config.yaml'], 'force_assets_load': False, 'jsonlogging': False, 'logfile': 'logs\\2022-10-06-07-36-28-mpf-DESKTOP-7HNFDQ5.log', 'pause': False, 'production': False, 'text_ui': True, 'loglevel': 15, 'consoleloglevel': 20, 'force_platform': None, 'syslog_address': None, 'mc_file_name': None, 'no_sound': False}
2022-10-06 07:36:28,974 : INFO : Machine : MPF path: c:\users\tanner\appdata\local\programs\python\python37\lib\site-packages\mpf
2022-10-06 07:36:28,974 : INFO : Machine : Machine path: c:\trashland_2
2022-10-06 07:36:28,974 : INFO : Machine : Platform: win32
2022-10-06 07:36:28,975 : INFO : Machine : Python executable location: c:\users\tanner\appdata\local\programs\python\python37\python.exe
2022-10-06 07:36:28,975 : INFO : Machine : Python version: 3.7.8 (64-bit)
2022-10-06 07:36:28,976 : INFO : Machine : Initialise MPF.
2022-10-06 07:36:29,202 : INFO : FAST : Connecting to com9 at 921600bps
2022-10-06 07:36:29,250 : INFO : FAST : Connected! Processor: NET, Board Type: FP-CPU-002-2, Firmware: 01.05
2022-10-06 07:36:29,250 : INFO : EventManager : Event: ======'machine_var_fast_net_firmware'====== Args={'value': '01.05', 'prev_value': None, 'change': True}
2022-10-06 07:36:29,250 : INFO : EventManager : Event: ======'machine_var_fast_net_model'====== Args={'value': 'FP-CPU-002-2', 'prev_value': None, 'change': True}
2022-10-06 07:36:31,612 : WARNING : FAST : Got unexpected message from FAST: -N:2B
2022-10-06 07:36:31,612 : WARNING : FAST : Got unexpected message from FAST: -N:2C
2022-10-06 07:36:31,612 : WARNING : FAST : Got unexpected message from FAST: -N:30
2022-10-06 07:36:31,612 : WARNING : FAST : Got unexpected message from FAST: -N:33
2022-10-06 07:36:31,612 : WARNING : FAST : Got unexpected message from FAST: -N:34
2022-10-06 07:36:31,612 : WARNING : FAST : Got unexpected message from FAST: -N:38
2022-10-06 07:36:31,612 : WARNING : FAST : Got unexpected message from FAST: -N:40
2022-10-06 07:36:31,612 : WARNING : FAST : Got unexpected message from FAST: -N:41
2022-10-06 07:36:31,612 : WARNING : FAST : Got unexpected message from FAST: -N:42
2022-10-06 07:36:31,612 : WARNING : FAST : Got unexpected message from FAST: -N:43
2022-10-06 07:36:31,613 : WARNING : FAST : Got unexpected message from FAST: -N:44
2022-10-06 07:36:31,722 : INFO : FAST : Connecting to com10 at 921600bps
2022-10-06 07:36:31,753 : INFO : FAST : Connected! Processor: RGB, Board Type: FP-CPU-002-2, Firmware: 00.87
2022-10-06 07:36:31,753 : INFO : EventManager : Event: ======'machine_var_fast_rgb_firmware'====== Args={'value': '00.87', 'prev_value': None, 'change': True}
2022-10-06 07:36:31,753 : INFO : EventManager : Event: ======'machine_var_fast_rgb_model'====== Args={'value': 'FP-CPU-002-2', 'prev_value': None, 'change': True}
2022-10-06 07:36:31,754 : INFO : EventManager : Event: ======'machine_var_credits_string'====== Args={'value': 'FREE PLAY', 'prev_value': None, 'change': True}
2022-10-06 07:36:31,794 : INFO : EventManager : Event: ======'machine_var_master_volume'====== Args={'value': 0.5, 'prev_value': None, 'change': True}
2022-10-06 07:36:31,794 : INFO : EventManager : Event: ======'machine_var_mpf_version'====== Args={'value': 'MPF v0.55.0', 'prev_value': None, 'change': True}
2022-10-06 07:36:31,794 : INFO : EventManager : Event: ======'machine_var_mpf_extended_version'====== Args={'value': 'MPF v0.55.0, Config version:5, Show version: 5, BCP version:1.1', 'prev_value': None, 'change': True}
2022-10-06 07:36:31,794 : INFO : EventManager : Event: ======'machine_var_python_version'====== Args={'value': '3.7.8', 'prev_value': None, 'change': True}
2022-10-06 07:36:31,794 : INFO : EventManager : Event: ======'machine_var_platform'====== Args={'value': 'Windows-10-10.0.19041-SP0', 'prev_value': None, 'change': True}
2022-10-06 07:36:31,795 : INFO : EventManager : Event: ======'machine_var_platform_system'====== Args={'value': 'Windows', 'prev_value': None, 'change': True}
2022-10-06 07:36:31,795 : INFO : EventManager : Event: ======'machine_var_platform_release'====== Args={'value': '10', 'prev_value': None, 'change': True}
2022-10-06 07:36:31,795 : INFO : EventManager : Event: ======'machine_var_platform_version'====== Args={'value': '10.0.19041', 'prev_value': None, 'change': True}
2022-10-06 07:36:31,795 : INFO : EventManager : Event: ======'machine_var_platform_machine'====== Args={'value': 'AMD64', 'prev_value': None, 'change': True}
2022-10-06 07:36:31,795 : INFO : EventManager : Event: ======'init_phase_1'====== Args={}
2022-10-06 07:36:31,830 : INFO : EventManager : Event: ======'drop_target_bank_mid_up'====== Args={}
2022-10-06 07:36:31,830 : INFO : EventManager : Event: ======'drop_target_bank_right_up'====== Args={}
2022-10-06 07:36:31,840 : INFO : EventManager : Event: ======'init_phase_2'====== Args={}
2022-10-06 07:36:31,841 : INFO : SwitchController : Found active switch: (('2C', 1), <Platform.FAST>) <switch.s_drop_mid_mid>
2022-10-06 07:36:31,841 : INFO : SwitchController : Found active switch: (('2B', 1), <Platform.FAST>) <switch.s_drop_mid_left>
2022-10-06 07:36:31,841 : INFO : SwitchController : Found active switch: (('30', 1), <Platform.FAST>) <switch.s_drop_right_right>
2022-10-06 07:36:31,841 : INFO : SwitchController : Found active switch: (('3E', 1), <Platform.FAST>) <switch.s_trough_1>
2022-10-06 07:36:31,841 : INFO : SwitchController : Found active switch: (('3D', 1), <Platform.FAST>) <switch.s_trough_jam>
2022-10-06 07:36:31,841 : INFO : SwitchController : Found active switch: (('3C', 1), <Platform.FAST>) <switch.s_eos_right>
2022-10-06 07:36:31,841 : INFO : SwitchController : Found active switch: (('3B', 1), <Platform.FAST>) <switch.s_eos_left>
2022-10-06 07:36:31,841 : INFO : SwitchController : Found active switch: (('5D', 1), <Platform.FAST>) <switch.s_bot_vuk>
2022-10-06 07:36:31,848 : INFO : ball_device.bd_trough : BCH: Initial count: 2
2022-10-06 07:36:31,849 : INFO : ball_device.bd_trough : State: idle
2022-10-06 07:36:31,849 : INFO : ball_device.bd_plunger : BCH: Initial count: 0
2022-10-06 07:36:31,850 : INFO : ball_device.bd_plunger : State: idle
2022-10-06 07:36:31,850 : INFO : ball_device.bd_top_vuk : BCH: Initial count: 0
2022-10-06 07:36:31,850 : INFO : ball_device.bd_top_vuk : State: idle
2022-10-06 07:36:31,851 : INFO : ball_device.bd_right_vuk : BCH: Initial count: 0
2022-10-06 07:36:31,851 : INFO : ball_device.bd_right_vuk : State: idle
2022-10-06 07:36:31,889 : INFO : EventManager : Event: ======'init_phase_3'====== Args={}
2022-10-06 07:36:31,922 : INFO : EventManager : Event: ======'init_phase_4'====== Args={}
2022-10-06 07:36:31,923 : INFO : EventManager : Event: ======'playfield_active'====== Args={}
2022-10-06 07:36:31,923 : INFO : EventManager : Event: ======'unexpected_ball_on_playfield'====== Args={}
2022-10-06 07:36:31,923 : INFO : EventManager : Event: ======'playfield_active'====== Args={}
2022-10-06 07:36:31,923 : INFO : EventManager : Event: ======'unexpected_ball_on_playfield'====== Args={}
2022-10-06 07:36:31,923 : INFO : EventManager : Event: ======'playfield_active'====== Args={}
2022-10-06 07:36:31,923 : INFO : EventManager : Event: ======'unexpected_ball_on_playfield'====== Args={}
2022-10-06 07:36:31,923 : INFO : EventManager : Event: ======'drop_target_mid_mid_down'====== Args={'device': <drop_target.mid_mid>}
2022-10-06 07:36:31,923 : INFO : EventManager : Event: ======'drop_target_bank_mid_mixed'====== Args={'prev_value': <DropTargetBankState.UP: 'up'>, 'down': 1}
2022-10-06 07:36:31,923 : INFO : EventManager : Event: ======'playfield_active'====== Args={}
2022-10-06 07:36:31,923 : INFO : EventManager : Event: ======'unexpected_ball_on_playfield'====== Args={}
2022-10-06 07:36:31,924 : INFO : EventManager : Event: ======'drop_target_mid_left_down'====== Args={'device': <drop_target.mid_left>}
2022-10-06 07:36:31,924 : INFO : EventManager : Event: ======'drop_target_bank_mid_mixed'====== Args={'prev_value': <DropTargetBankState.MIXED: 'mixed'>, 'down': 2}
2022-10-06 07:36:31,924 : INFO : EventManager : Event: ======'playfield_active'====== Args={}
2022-10-06 07:36:31,924 : INFO : EventManager : Event: ======'unexpected_ball_on_playfield'====== Args={}
2022-10-06 07:36:31,924 : INFO : EventManager : Event: ======'drop_target_right_right_down'====== Args={'device': <drop_target.right_right>}
2022-10-06 07:36:31,924 : INFO : EventManager : Event: ======'drop_target_bank_right_mixed'====== Args={'prev_value': <DropTargetBankState.UP: 'up'>, 'down': 1}
2022-10-06 07:36:31,924 : INFO : EventManager : Event: ======'playfield_active'====== Args={}
2022-10-06 07:36:31,924 : INFO : EventManager : Event: ======'unexpected_ball_on_playfield'====== Args={}
2022-10-06 07:36:31,925 : INFO : BallController : Initial balls found: 2
2022-10-06 07:36:31,926 : INFO : EventManager : Event: ======'machine_var_audits_events_game_ended'====== Args={'value': 0, 'prev_value': None, 'change': True}
2022-10-06 07:36:31,926 : INFO : EventManager : Event: ======'machine_var_audits_events_game_started'====== Args={'value': 0, 'prev_value': None, 'change': True}
2022-10-06 07:36:31,927 : INFO : EventManager : Event: ======'machine_var_audits_player_score'====== Args={'value': {'average': 0, 'top': [], 'total': 0}, 'prev_value': None, 'change': True}
2022-10-06 07:36:31,927 : INFO : EventManager : Event: ======'machine_var_audits_switches_s_autolauncher'====== Args={'value': 75, 'prev_value': None, 'change': True}
2022-10-06 07:36:31,927 : INFO : EventManager : Event: ======'machine_var_audits_switches_s_back_pop'====== Args={'value': 0, 'prev_value': None, 'change': True}
2022-10-06 07:36:31,927 : INFO : EventManager : Event: ======'machine_var_audits_switches_s_back_rollover'====== Args={'value': 0, 'prev_value': None, 'change': True}
2022-10-06 07:36:31,927 : INFO : EventManager : Event: ======'machine_var_audits_switches_s_back_stationary'====== Args={'value': 0, 'prev_value': None, 'change': True}
2022-10-06 07:36:31,927 : INFO : EventManager : Event: ======'machine_var_audits_switches_s_bot_back'====== Args={'value': 0, 'prev_value': None, 'change': True}
2022-10-06 07:36:31,927 : INFO : EventManager : Event: ======'machine_var_audits_switches_s_bot_big'====== Args={'value': 0, 'prev_value': None, 'change': True}
2022-10-06 07:36:31,927 : INFO : EventManager : Event: ======'machine_var_audits_switches_s_bot_left'====== Args={'value': 0, 'prev_value': None, 'change': True}
2022-10-06 07:36:31,927 : INFO : EventManager : Event: ======'machine_var_audits_switches_s_bot_right'====== Args={'value': 0, 'prev_value': None, 'change': True}
2022-10-06 07:36:31,928 : INFO : EventManager : Event: ======'machine_var_audits_switches_s_bot_rollover'====== Args={'value': 0, 'prev_value': None, 'change': True}
2022-10-06 07:36:31,928 : INFO : EventManager : Event: ======'machine_var_audits_switches_s_bot_vuk'====== Args={'value': 0, 'prev_value': None, 'change': True}
2022-10-06 07:36:31,928 : INFO : EventManager : Event: ======'machine_var_audits_switches_s_drop_mid_left'====== Args={'value': 56, 'prev_value': None, 'change': True}
2022-10-06 07:36:31,928 : INFO : EventManager : Event: ======'machine_var_audits_switches_s_drop_mid_mid'====== Args={'value': 61, 'prev_value': None, 'change': True}
2022-10-06 07:36:31,928 : INFO : EventManager : Event: ======'machine_var_audits_switches_s_drop_mid_right'====== Args={'value': 5, 'prev_value': None, 'change': True}
2022-10-06 07:36:31,928 : INFO : EventManager : Event: ======'machine_var_audits_switches_s_drop_right_left'====== Args={'value': 15, 'prev_value': None, 'change': True}
2022-10-06 07:36:31,928 : INFO : EventManager : Event: ======'machine_var_audits_switches_s_drop_right_right'====== Args={'value': 27, 'prev_value': None, 'change': True}
2022-10-06 07:36:31,929 : INFO : EventManager : Event: ======'machine_var_audits_switches_s_drop_single'====== Args={'value': 40, 'prev_value': None, 'change': True}
2022-10-06 07:36:31,929 : INFO : EventManager : Event: ======'machine_var_audits_switches_s_eos_left'====== Args={'value': 71, 'prev_value': None, 'change': True}
2022-10-06 07:36:31,929 : INFO : EventManager : Event: ======'machine_var_audits_switches_s_eos_left_top'====== Args={'value': 287, 'prev_value': None, 'change': True}
2022-10-06 07:36:31,929 : INFO : EventManager : Event: ======'machine_var_audits_switches_s_eos_right'====== Args={'value': 96, 'prev_value': None, 'change': True}
2022-10-06 07:36:31,929 : INFO : EventManager : Event: ======'machine_var_audits_switches_s_launch'====== Args={'value': 34, 'prev_value': None, 'change': True}
2022-10-06 07:36:31,929 : INFO : EventManager : Event: ======'machine_var_audits_switches_s_left_flipper'====== Args={'value': 364, 'prev_value': None, 'change': True}
2022-10-06 07:36:31,930 : INFO : EventManager : Event: ======'machine_var_audits_switches_s_left_inlane'====== Args={'value': 9, 'prev_value': None, 'change': True}
2022-10-06 07:36:31,930 : INFO : EventManager : Event: ======'machine_var_audits_switches_s_left_outlane'====== Args={'value': 1, 'prev_value': None, 'change': True}
2022-10-06 07:36:31,930 : INFO : EventManager : Event: ======'machine_var_audits_switches_s_pop_left'====== Args={'value': 66, 'prev_value': None, 'change': True}
2022-10-06 07:36:31,930 : INFO : EventManager : Event: ======'machine_var_audits_switches_s_pop_lower'====== Args={'value': 85, 'prev_value': None, 'change': True}
2022-10-06 07:36:31,930 : INFO : EventManager : Event: ======'machine_var_audits_switches_s_pop_right'====== Args={'value': 97, 'prev_value': None, 'change': True}
2022-10-06 07:36:31,930 : INFO : EventManager : Event: ======'machine_var_audits_switches_s_right_flipper'====== Args={'value': 426, 'prev_value': None, 'change': True}
2022-10-06 07:36:31,931 : INFO : EventManager : Event: ======'machine_var_audits_switches_s_right_inlane'====== Args={'value': 0, 'prev_value': None, 'change': True}
2022-10-06 07:36:31,931 : INFO : EventManager : Event: ======'machine_var_audits_switches_s_right_outlane'====== Args={'value': 19, 'prev_value': None, 'change': True}
2022-10-06 07:36:31,931 : INFO : EventManager : Event: ======'machine_var_audits_switches_s_rollover_left'====== Args={'value': 10, 'prev_value': None, 'change': True}
2022-10-06 07:36:31,931 : INFO : EventManager : Event: ======'machine_var_audits_switches_s_rollover_right'====== Args={'value': 15, 'prev_value': None, 'change': True}
2022-10-06 07:36:31,931 : INFO : EventManager : Event: ======'machine_var_audits_switches_s_sling_left'====== Args={'value': 24, 'prev_value': None, 'change': True}
2022-10-06 07:36:31,932 : INFO : EventManager : Event: ======'machine_var_audits_switches_s_sling_right'====== Args={'value': 24, 'prev_value': None, 'change': True}
2022-10-06 07:36:31,932 : INFO : EventManager : Event: ======'machine_var_audits_switches_s_start'====== Args={'value': 109, 'prev_value': None, 'change': True}
2022-10-06 07:36:31,932 : INFO : EventManager : Event: ======'machine_var_audits_switches_s_tilt'====== Args={'value': 63, 'prev_value': None, 'change': True}
2022-10-06 07:36:31,932 : INFO : EventManager : Event: ======'machine_var_audits_switches_s_transfer_rollover'====== Args={'value': 0, 'prev_value': None, 'change': True}
2022-10-06 07:36:31,932 : INFO : EventManager : Event: ======'machine_var_audits_switches_s_trough_1'====== Args={'value': 57, 'prev_value': None, 'change': True}
2022-10-06 07:36:31,933 : INFO : EventManager : Event: ======'machine_var_audits_switches_s_trough_2'====== Args={'value': 81, 'prev_value': None, 'change': True}
2022-10-06 07:36:31,933 : INFO : EventManager : Event: ======'machine_var_audits_switches_s_trough_3'====== Args={'value': 65, 'prev_value': None, 'change': True}
2022-10-06 07:36:31,933 : INFO : EventManager : Event: ======'machine_var_audits_switches_s_trough_4'====== Args={'value': 65, 'prev_value': None, 'change': True}
2022-10-06 07:36:31,933 : INFO : EventManager : Event: ======'machine_var_audits_switches_s_trough_5'====== Args={'value': 68, 'prev_value': None, 'change': True}
2022-10-06 07:36:31,934 : INFO : EventManager : Event: ======'machine_var_audits_switches_s_trough_6'====== Args={'value': 91, 'prev_value': None, 'change': True}
2022-10-06 07:36:31,934 : INFO : EventManager : Event: ======'machine_var_audits_switches_s_trough_jam'====== Args={'value': 108, 'prev_value': None, 'change': True}
2022-10-06 07:36:31,934 : INFO : EventManager : Event: ======'machine_var_audits_switches_s_upper_drop'====== Args={'value': 0, 'prev_value': None, 'change': True}
2022-10-06 07:36:31,934 : INFO : EventManager : Event: ======'machine_var_audits_switches_s_upper_rollover'====== Args={'value': 0, 'prev_value': None, 'change': True}
2022-10-06 07:36:31,934 : INFO : EventManager : Event: ======'machine_var_audits_switches_s_upper_stationary'====== Args={'value': 0, 'prev_value': None, 'change': True}
2022-10-06 07:36:31,935 : INFO : EventManager : Event: ======'machine_var_audits_switches_s_vuk_back'====== Args={'value': 1, 'prev_value': None, 'change': True}
2022-10-06 07:36:31,935 : INFO : EventManager : Event: ======'machine_var_audits_switches_s_vuk_right'====== Args={'value': 2, 'prev_value': None, 'change': True}
2022-10-06 07:36:31,935 : INFO : EventManager : Event: ======'machine_var_audits_switches_s_vuk_top'====== Args={'value': 0, 'prev_value': None, 'change': True}
2022-10-06 07:36:31,936 : INFO : EventManager : Event: ======'init_phase_5'====== Args={}
2022-10-06 07:36:31,978 : INFO : EventManager : Event: ======'init_done'====== Args={}
2022-10-06 07:36:31,979 : INFO : EventManager : Event: ======'machine_reset_phase_1'====== Args={}
2022-10-06 07:36:31,980 : INFO : EventManager : Event: ======'machine_reset_phase_2'====== Args={}
2022-10-06 07:36:31,980 : INFO : EventManager : Event: ======'machine_reset_phase_3'====== Args={}
2022-10-06 07:36:31,980 : INFO : EventManager : Event: ======'mode_tilt_will_start'====== Args={'queue': <QueuedEvent>}
2022-10-06 07:36:31,981 : INFO : EventManager : Event: ======'mode_tilt_starting'====== Args={'queue': <QueuedEvent>}
2022-10-06 07:36:31,981 : INFO : drop_target_bank.mid : 2 targets are down. Will reset those.
2022-10-06 07:36:31,981 : INFO : coil.c_drop_mid : Pulsing Driver for 50ms (0.7 pulse_power)
2022-10-06 07:36:31,981 : INFO : drop_target_bank.right : 1 targets are down. Will reset those.
2022-10-06 07:36:31,982 : INFO : Mode.tilt : Started. Priority: 1000000
2022-10-06 07:36:31,982 : INFO : EventManager : Event: ======'modes_active_modes_changed'====== Args={}
2022-10-06 07:36:31,982 : INFO : EventManager : Event: ======'mode_tilt_started'====== Args={'queue': <QueuedEvent>}
2022-10-06 07:36:31,982 : INFO : EventManager : Event: ======'reset_complete'====== Args={}
2022-10-06 07:36:31,983 : INFO : EventManager : Event: ======'mode_attract_will_start'====== Args={}
2022-10-06 07:36:31,983 : INFO : EventManager : Event: ======'mode_attract_starting'====== Args={}
2022-10-06 07:36:31,983 : INFO : Mode.attract : Started. Priority: 10
2022-10-06 07:36:31,983 : INFO : EventManager : Event: ======'modes_active_modes_changed'====== Args={}
2022-10-06 07:36:31,983 : INFO : EventManager : Event: ======'mode_attract_started'====== Args={}
2022-10-06 07:36:31,983 : INFO : EventManager : Event: ======'collecting_balls_complete'====== Args={}
2022-10-06 07:36:32,003 : INFO : Machine : Starting the main run loop.
2022-10-06 07:36:32,023 : INFO : coil.c_drop_right : Pulsing Driver for 10ms (1.0 pulse_power)
2022-10-06 07:36:32,056 : INFO : coil.c_drop_right : Pulsing Driver for 10ms (1.0 pulse_power)
2022-10-06 07:36:32,115 : INFO : SwitchController : <<<<<<< 's_start' active >>>>>>>
2022-10-06 07:36:32,277 : INFO : SwitchController : <<<<<<< 's_start' inactive >>>>>>>
2022-10-06 07:36:32,277 : INFO : EventManager : Event: ======'request_to_start_game'====== Args={}
2022-10-06 07:36:32,277 : INFO : EventManager : Event: ======'game_start'====== Args={'buttons': [], 'hold_time': 0.15599999999994907}
2022-10-06 07:36:32,277 : INFO : EventManager : Event: ======'mode_game_will_start'====== Args={'buttons': [], 'hold_time': 0.15599999999994907}
2022-10-06 07:36:32,279 : INFO : EventManager : Event: ======'mode_game_starting'====== Args={'buttons': [], 'hold_time': 0.15599999999994907}
2022-10-06 07:36:32,279 : INFO : EventManager : Event: ======'mode_attract_will_stop'====== Args={}
2022-10-06 07:36:32,279 : INFO : EventManager : Event: ======'mode_attract_stopping'====== Args={}
2022-10-06 07:36:32,279 : INFO : Mode.attract : Stopped.
2022-10-06 07:36:32,279 : INFO : EventManager : Event: ======'modes_active_modes_changed'====== Args={}
2022-10-06 07:36:32,279 : INFO : EventManager : Event: ======'mode_attract_stopped'====== Args={}
2022-10-06 07:36:32,279 : INFO : EventManager : Event: ======'clear'====== Args={'key': 'attract'}
2022-10-06 07:36:32,279 : INFO : Mode.game : Started. Priority: 20
2022-10-06 07:36:32,279 : INFO : EventManager : Event: ======'modes_active_modes_changed'====== Args={}
2022-10-06 07:36:32,279 : INFO : EventManager : Event: ======'mode_game_started'====== Args={'buttons': [], 'hold_time': 0.15599999999994907}
2022-10-06 07:36:32,284 : INFO : EventManager : Event: ======'game_will_start'====== Args={}
2022-10-06 07:36:32,284 : INFO : EventManager : Event: ======'game_starting'====== Args={'game': <Mode.game>}
2022-10-06 07:36:32,285 : INFO : EventManager : Event: ======'player_add_request'====== Args={}
2022-10-06 07:36:32,285 : INFO : EventManager : Event: ======'player_will_add'====== Args={'number': 1}
2022-10-06 07:36:32,285 : INFO : EventManager : Event: ======'player_adding'====== Args={'player': <Player 1>, 'number': 1}
2022-10-06 07:36:32,285 : INFO : EventManager : Event: ======'player_added'====== Args={'player': <Player 1>, 'num': 1}
2022-10-06 07:36:32,285 : INFO : Mode.game : Player added successfully. Total players: 1
2022-10-06 07:36:32,285 : INFO : EventManager : Event: ======'player_index'====== Args={'value': 0, 'prev_value': 0, 'change': 0, 'player_num': 1}
2022-10-06 07:36:32,285 : INFO : EventManager : Event: ======'player_number'====== Args={'value': 1, 'prev_value': 1, 'change': 0, 'player_num': 1}
2022-10-06 07:36:32,285 : INFO : EventManager : Event: ======'player_score'====== Args={'value': 0, 'prev_value': 0, 'change': 0, 'player_num': 1}
2022-10-06 07:36:32,285 : INFO : EventManager : Event: ======'game_started'====== Args={}
2022-10-06 07:36:32,291 : INFO : EventManager : Event: ======'player_turn_will_start'====== Args={'player': <Player 1>, 'number': 1}
2022-10-06 07:36:32,292 : INFO : EventManager : Event: ======'player_turn_starting'====== Args={'player': <Player 1>, 'number': 1}
2022-10-06 07:36:32,292 : INFO : EventManager : Event: ======'player_ball'====== Args={'value': 1, 'prev_value': 0, 'change': 1, 'player_num': 1}
2022-10-06 07:36:32,292 : INFO : EventManager : Event: ======'player_turn_started'====== Args={'player': <Player 1>, 'number': 1}
2022-10-06 07:36:32,292 : INFO : EventManager : Event: ======'ball_will_start'====== Args={'player': 1, 'ball': 1, 'balls_remaining': 2, 'is_extra_ball': False}
2022-10-06 07:36:32,295 : INFO : EventManager : Event: ======'ball_starting'====== Args={'player': 1, 'ball': 1, 'balls_remaining': 2, 'is_extra_ball': False}
2022-10-06 07:36:32,296 : INFO : EventManager : Event: ======'mode_base_will_start'====== Args={'queue': <QueuedEvent>, 'player': 1, 'ball': 1, 'balls_remaining': 2, 'is_extra_ball': False}
2022-10-06 07:36:32,296 : INFO : EventManager : Event: ======'mode_base_starting'====== Args={'queue': <QueuedEvent>, 'player': 1, 'ball': 1, 'balls_remaining': 2, 'is_extra_ball': False}
2022-10-06 07:36:32,296 : INFO : drop_target_bank.mid : 2 targets are down. Will reset those.
2022-10-06 07:36:32,296 : INFO : coil.c_drop_mid : Pulsing Driver for 50ms (0.7 pulse_power)
2022-10-06 07:36:32,296 : INFO : drop_target_bank.right : 1 targets are down. Will reset those.
2022-10-06 07:36:32,296 : INFO : Mode.base : Started. Priority: 100
2022-10-06 07:36:32,297 : INFO : EventManager : Event: ======'modes_active_modes_changed'====== Args={}
2022-10-06 07:36:32,297 : INFO : EventManager : Event: ======'mode_base_started'====== Args={'queue': <QueuedEvent>, 'player': 1, 'ball': 1, 'balls_remaining': 2, 'is_extra_ball': False}
2022-10-06 07:36:32,297 : INFO : EventManager : Event: ======'balls_in_play'====== Args={'balls': 1}
2022-10-06 07:36:32,297 : INFO : EventManager : Event: ======'ball_started'====== Args={'player': 1, 'ball': 1, 'balls_remaining': 2, 'is_extra_ball': False}
2022-10-06 07:36:32,313 : INFO : EventManager : Event: ======'single_player_ball_started'====== Args={}
2022-10-06 07:36:32,313 : INFO : EventManager : Event: ======'ball_start_target'====== Args={'target': 'playfield'}
2022-10-06 07:36:32,313 : INFO : ball_device.bd_plunger : Setting up player-controlled eject. Balls: 1, Target: <playfield.playfield>, player_controlled_eject_event: s_launch_active
2022-10-06 07:36:32,313 : INFO : EventManager : Event: ======'balldevice_balls_available'====== Args={}
2022-10-06 07:36:32,314 : INFO : ball_device.bd_trough : State: waiting_for_target_ready
2022-10-06 07:36:32,314 : INFO : EventManager : Event: ======'balldevice_bd_trough_ball_eject_attempt'====== Args={'balls': 1, 'target': <ball_device.bd_plunger>, 'source': <ball_device.bd_trough>, 'mechanical_eject': True, 'num_attempts': 0}
2022-10-06 07:36:32,314 : INFO : ball_device.bd_plunger : State: waiting_for_ball
2022-10-06 07:36:32,315 : INFO : ball_device.bd_top_vuk : State: waiting_for_ball
2022-10-06 07:36:32,315 : INFO : ball_device.bd_trough : State: ejecting
2022-10-06 07:36:32,315 : INFO : ball_device.bd_trough : Ejecting ball to <ball_device.bd_plunger>
2022-10-06 07:36:32,315 : INFO : EventManager : Event: ======'balldevice_bd_trough_ejecting_ball'====== Args={'balls': 1, 'target': <ball_device.bd_plunger>, 'source': <ball_device.bd_trough>, 'mechanical_eject': True, 'num_attempts': 0}
2022-10-06 07:36:32,316 : INFO : ball_device.bd_trough : Wait for ball to leave device
2022-10-06 07:36:32,340 : INFO : coil.c_drop_right : Pulsing Driver for 10ms (1.0 pulse_power)
2022-10-06 07:36:32,372 : INFO : coil.c_drop_right : Pulsing Driver for 10ms (1.0 pulse_power)
2022-10-06 07:36:32,387 : INFO : coil.c_trough : Pulsing Driver for 25ms (0.8 pulse_power)
2022-10-06 07:36:32,795 : INFO : EventManager : Event: ======'drop_target_bank_mid_mixed'====== Args={'prev_value': <DropTargetBankState.MIXED: 'mixed'>, 'down': 2}
2022-10-06 07:36:32,795 : INFO : EventManager : Event: ======'drop_target_bank_right_mixed'====== Args={'prev_value': <DropTargetBankState.MIXED: 'mixed'>, 'down': 1}
2022-10-06 07:36:33,572 : INFO : SwitchController : <<<<<<< 's_start' active >>>>>>>
2022-10-06 07:36:33,572 : INFO : EventManager : Event: ======'sw_start'====== Args={}
2022-10-06 07:36:33,572 : INFO : EventManager : Event: ======'machine_var_audits_switches_s_start'====== Args={'value': 110, 'prev_value': 109, 'change': 1}
2022-10-06 07:36:33,573 : INFO : EventManager : Event: ======'player_add_request'====== Args={}
2022-10-06 07:36:33,573 : INFO : EventManager : Event: ======'player_will_add'====== Args={'number': 2}
2022-10-06 07:36:33,573 : INFO : EventManager : Event: ======'player_adding'====== Args={'player': <Player 2>, 'number': 2}
2022-10-06 07:36:33,573 : INFO : EventManager : Event: ======'player_added'====== Args={'player': <Player 2>, 'num': 2}
2022-10-06 07:36:33,573 : INFO : Mode.game : Player added successfully. Total players: 2
2022-10-06 07:36:33,573 : INFO : EventManager : Event: ======'multiplayer_game'====== Args={}
2022-10-06 07:36:33,573 : INFO : EventManager : Event: ======'player_index'====== Args={'value': 1, 'prev_value': 1, 'change': 0, 'player_num': 2}
2022-10-06 07:36:33,573 : INFO : EventManager : Event: ======'player_number'====== Args={'value': 2, 'prev_value': 2, 'change': 0, 'player_num': 2}
2022-10-06 07:36:33,573 : INFO : EventManager : Event: ======'player_score'====== Args={'value': 0, 'prev_value': 0, 'change': 0, 'player_num': 2}
2022-10-06 07:36:33,790 : INFO : SwitchController : <<<<<<< 's_start' inactive >>>>>>>
2022-10-06 07:36:34,273 : INFO : SwitchController : <<<<<<< 's_start' active >>>>>>>
2022-10-06 07:36:34,273 : INFO : EventManager : Event: ======'sw_start'====== Args={}
2022-10-06 07:36:34,273 : INFO : EventManager : Event: ======'machine_var_audits_switches_s_start'====== Args={'value': 111, 'prev_value': 110, 'change': 1}
2022-10-06 07:36:34,274 : INFO : EventManager : Event: ======'player_add_request'====== Args={}
2022-10-06 07:36:34,274 : INFO : EventManager : Event: ======'player_will_add'====== Args={'number': 3}
2022-10-06 07:36:34,274 : INFO : EventManager : Event: ======'player_adding'====== Args={'player': <Player 3>, 'number': 3}
2022-10-06 07:36:34,274 : INFO : EventManager : Event: ======'player_added'====== Args={'player': <Player 3>, 'num': 3}
2022-10-06 07:36:34,274 : INFO : Mode.game : Player added successfully. Total players: 3
2022-10-06 07:36:34,274 : INFO : EventManager : Event: ======'player_index'====== Args={'value': 2, 'prev_value': 2, 'change': 0, 'player_num': 3}
2022-10-06 07:36:34,274 : INFO : EventManager : Event: ======'player_number'====== Args={'value': 3, 'prev_value': 3, 'change': 0, 'player_num': 3}
2022-10-06 07:36:34,275 : INFO : EventManager : Event: ======'player_score'====== Args={'value': 0, 'prev_value': 0, 'change': 0, 'player_num': 3}
2022-10-06 07:36:34,459 : INFO : SwitchController : <<<<<<< 's_start' inactive >>>>>>>
2022-10-06 07:36:34,758 : INFO : SwitchController : <<<<<<< 's_start' active >>>>>>>
2022-10-06 07:36:34,758 : INFO : EventManager : Event: ======'sw_start'====== Args={}
2022-10-06 07:36:34,759 : INFO : EventManager : Event: ======'machine_var_audits_switches_s_start'====== Args={'value': 112, 'prev_value': 111, 'change': 1}
2022-10-06 07:36:34,759 : INFO : EventManager : Event: ======'player_add_request'====== Args={}
2022-10-06 07:36:34,759 : INFO : EventManager : Event: ======'player_will_add'====== Args={'number': 4}
2022-10-06 07:36:34,759 : INFO : EventManager : Event: ======'player_adding'====== Args={'player': <Player 4>, 'number': 4}
2022-10-06 07:36:34,759 : INFO : EventManager : Event: ======'player_added'====== Args={'player': <Player 4>, 'num': 4}
2022-10-06 07:36:34,759 : INFO : Mode.game : Player added successfully. Total players: 4
2022-10-06 07:36:34,759 : INFO : EventManager : Event: ======'player_index'====== Args={'value': 3, 'prev_value': 3, 'change': 0, 'player_num': 4}
2022-10-06 07:36:34,760 : INFO : EventManager : Event: ======'player_number'====== Args={'value': 4, 'prev_value': 4, 'change': 0, 'player_num': 4}
2022-10-06 07:36:34,760 : INFO : EventManager : Event: ======'player_score'====== Args={'value': 0, 'prev_value': 0, 'change': 0, 'player_num': 4}
2022-10-06 07:36:34,903 : INFO : SwitchController : <<<<<<< 's_start' inactive >>>>>>>
2022-10-06 07:36:35,026 : INFO : SwitchController : <<<<<<< 's_start' active >>>>>>>
2022-10-06 07:36:35,026 : INFO : EventManager : Event: ======'sw_start'====== Args={}
2022-10-06 07:36:35,026 : INFO : EventManager : Event: ======'machine_var_audits_switches_s_start'====== Args={'value': 113, 'prev_value': 112, 'change': 1}
2022-10-06 07:36:35,198 : INFO : SwitchController : <<<<<<< 's_start' inactive >>>>>>>
2022-10-06 07:36:35,322 : INFO : SwitchController : <<<<<<< 's_start' active >>>>>>>
2022-10-06 07:36:35,322 : INFO : EventManager : Event: ======'sw_start'====== Args={}
2022-10-06 07:36:35,322 : INFO : EventManager : Event: ======'machine_var_audits_switches_s_start'====== Args={'value': 114, 'prev_value': 113, 'change': 1}
2022-10-06 07:36:35,508 : INFO : SwitchController : <<<<<<< 's_start' inactive >>>>>>>
2022-10-06 07:36:35,865 : INFO : SwitchController : <<<<<<< 's_start' active >>>>>>>
2022-10-06 07:36:35,865 : INFO : EventManager : Event: ======'sw_start'====== Args={}
2022-10-06 07:36:35,865 : INFO : EventManager : Event: ======'machine_var_audits_switches_s_start'====== Args={'value': 115, 'prev_value': 114, 'change': 1}
2022-10-06 07:36:36,006 : INFO : SwitchController : <<<<<<< 's_start' inactive >>>>>>>
2022-10-06 07:36:36,587 : INFO : SwitchController : <<<<<<< 's_right_flipper' active >>>>>>>
2022-10-06 07:36:36,587 : INFO : EventManager : Event: ======'machine_var_audits_switches_s_right_flipper'====== Args={'value': 427, 'prev_value': 426, 'change': 1}
2022-10-06 07:36:36,758 : INFO : SwitchController : <<<<<<< 's_right_flipper' inactive >>>>>>>
2022-10-06 07:36:36,777 : INFO : SwitchController : <<<<<<< 's_left_flipper' active >>>>>>>
2022-10-06 07:36:36,777 : INFO : EventManager : Event: ======'machine_var_audits_switches_s_left_flipper'====== Args={'value': 365, 'prev_value': 364, 'change': 1}
2022-10-06 07:36:36,805 : INFO : SwitchController : <<<<<<< 's_eos_left_top' active >>>>>>>
2022-10-06 07:36:36,805 : INFO : EventManager : Event: ======'machine_var_audits_switches_s_eos_left_top'====== Args={'value': 288, 'prev_value': 287, 'change': 1}
2022-10-06 07:36:37,008 : INFO : SwitchController : <<<<<<< 's_right_flipper' active >>>>>>>
2022-10-06 07:36:37,008 : INFO : EventManager : Event: ======'flipper_cancel'====== Args={'triggering_group': 2, 'triggering_switch': 's_right_flipper'}
2022-10-06 07:36:37,008 : INFO : EventManager : Event: ======'machine_var_audits_switches_s_right_flipper'====== Args={'value': 428, 'prev_value': 427, 'change': 1}
2022-10-06 07:36:37,106 : INFO : SwitchController : <<<<<<< 's_left_flipper' inactive >>>>>>>
2022-10-06 07:36:37,107 : INFO : EventManager : Event: ======'both_flippers_one'====== Args={'triggering_group': 1, 'triggering_switch': 's_left_flipper'}
2022-10-06 07:36:37,182 : INFO : SwitchController : <<<<<<< 's_right_flipper' inactive >>>>>>>
2022-10-06 07:36:37,182 : INFO : EventManager : Event: ======'both_flippers_inactive'====== Args={'triggering_group': 2, 'triggering_switch': 's_right_flipper'}
2022-10-06 07:36:37,182 : INFO : SwitchController : <<<<<<< 's_right_flipper' active >>>>>>>
2022-10-06 07:36:37,182 : INFO : EventManager : Event: ======'machine_var_audits_switches_s_right_flipper'====== Args={'value': 429, 'prev_value': 428, 'change': 1}
2022-10-06 07:36:37,183 : INFO : SwitchController : <<<<<<< 's_right_flipper' inactive >>>>>>>
2022-10-06 07:36:37,202 : INFO : SwitchController : <<<<<<< 's_eos_left_top' inactive >>>>>>>
2022-10-06 07:36:37,754 : INFO : SwitchController : <<<<<<< 's_start' active >>>>>>>
2022-10-06 07:36:37,754 : INFO : EventManager : Event: ======'sw_start'====== Args={}
2022-10-06 07:36:37,754 : INFO : EventManager : Event: ======'machine_var_audits_switches_s_start'====== Args={'value': 116, 'prev_value': 115, 'change': 1}
2022-10-06 07:36:37,975 : INFO : SwitchController : <<<<<<< 's_start' inactive >>>>>>>
2022-10-06 07:36:38,053 : INFO : SwitchController : <<<<<<< 's_start' active >>>>>>>
2022-10-06 07:36:38,053 : INFO : EventManager : Event: ======'sw_start'====== Args={}
2022-10-06 07:36:38,053 : INFO : EventManager : Event: ======'machine_var_audits_switches_s_start'====== Args={'value': 117, 'prev_value': 116, 'change': 1}
2022-10-06 07:36:38,262 : INFO : SwitchController : <<<<<<< 's_start' inactive >>>>>>>
2022-10-06 07:36:42,323 : INFO : EventManager : Event: ======'balldevice_bd_trough_ball_eject_failed'====== Args={'target': <ball_device.bd_plunger>, 'balls': 1, 'retry': True, 'num_attempts': 1}
2022-10-06 07:36:42,324 : INFO : ball_device.bd_trough : State: waiting_for_target_ready
2022-10-06 07:36:42,324 : INFO : EventManager : Event: ======'balldevice_bd_trough_ball_eject_attempt'====== Args={'balls': 1, 'target': <ball_device.bd_plunger>, 'source': <ball_device.bd_trough>, 'mechanical_eject': True, 'num_attempts': 1}
2022-10-06 07:36:42,324 : INFO : ball_device.bd_trough : State: ejecting
2022-10-06 07:36:42,324 : INFO : ball_device.bd_trough : Ejecting ball to <ball_device.bd_plunger>
2022-10-06 07:36:42,324 : INFO : EventManager : Event: ======'balldevice_bd_trough_ejecting_ball'====== Args={'balls': 1, 'target': <ball_device.bd_plunger>, 'source': <ball_device.bd_trough>, 'mechanical_eject': True, 'num_attempts': 1}
2022-10-06 07:36:42,325 : INFO : ball_device.bd_trough : Wait for ball to leave device
2022-10-06 07:36:42,325 : INFO : coil.c_trough : Pulsing Driver for 25ms (0.8 pulse_power)
2022-10-06 07:36:43,331 : INFO : Machine : Shutting down...
2022-10-06 07:36:43,331 : INFO : EventManager : Event: ======'shutdown'====== Args={}
2022-10-06 07:36:43,347 : WARNING : FAST : Port RGB received more messages than were sent! Resetting!
2022-10-06 07:36:43,347 : WARNING : FAST : Port NET received more messages than were sent! Resetting!
2022-10-06 07:36:43,426 : ERROR : FAST : Stop called on serial connection com9
2022-10-06 07:36:43,426 : ERROR : FAST : Stop called on serial connection com10
2022-10-06 07:36:43,658 : INFO : root : MPF run loop ended.
