2022-10-06 08:43:26,713 : INFO : root : Loading config.
2022-10-06 08:43:26,716 : INFO : YamlMultifileConfigLoader : Machine config file #1: config.yaml
2022-10-06 08:43:26,716 : INFO : ConfigProcessor : Loading config from cache: C:\Users\Tanner\AppData\Local\Temp\a6762098cb994b55cb03a478b26022ee.mpf_cache
2022-10-06 08:43:26,776 : INFO : ConfigProcessor : Loading config from cache: C:\Users\Tanner\AppData\Local\Temp\9cf7ccc27b21f4d6162237fadfc53e5a.mpf_cache
2022-10-06 08:43:26,777 : INFO : ConfigProcessor : Loading config from cache: C:\Users\Tanner\AppData\Local\Temp\c215df352878fee5d54f1a5ec5b16e7c.mpf_cache
2022-10-06 08:43:26,777 : INFO : ConfigProcessor : Loading config from cache: C:\Users\Tanner\AppData\Local\Temp\708062243e0edcfa77dd6b1521bd0d4e.mpf_cache
2022-10-06 08:43:26,778 : INFO : ConfigProcessor : Loading config from cache: C:\Users\Tanner\AppData\Local\Temp\c4174472f67f7b070dd6fb437c6feb0c.mpf_cache
2022-10-06 08:43:26,779 : INFO : ConfigProcessor : Loading config from cache: C:\Users\Tanner\AppData\Local\Temp\abaa92c43d134e3392cbb2346e6a16be.mpf_cache
2022-10-06 08:43:26,779 : INFO : ConfigProcessor : Loading config from cache: C:\Users\Tanner\AppData\Local\Temp\fc46d53fcb9fe6b8abf783d9c813390a.mpf_cache
2022-10-06 08:43:26,780 : INFO : Machine : Mission Pinball Framework Core Engine v0.55.0
2022-10-06 08:43:26,780 : INFO : Machine : Command line arguments: {'no_load_cache': False, 'create_config_cache': True, 'bcp': False, 'configfile': ['config.yaml'], 'force_assets_load': False, 'jsonlogging': False, 'logfile': 'logs\\2022-10-06-08-43-26-mpf-DESKTOP-7HNFDQ5.log', 'pause': False, 'production': False, 'text_ui': True, 'loglevel': 15, 'consoleloglevel': 20, 'force_platform': None, 'syslog_address': None, 'mc_file_name': None, 'no_sound': False}
2022-10-06 08:43:26,780 : INFO : Machine : MPF path: c:\users\tanner\appdata\local\programs\python\python37\lib\site-packages\mpf
2022-10-06 08:43:26,780 : INFO : Machine : Machine path: c:\trashland_2
2022-10-06 08:43:26,780 : INFO : Machine : Platform: win32
2022-10-06 08:43:26,780 : INFO : Machine : Python executable location: c:\users\tanner\appdata\local\programs\python\python37\python.exe
2022-10-06 08:43:26,780 : INFO : Machine : Python version: 3.7.8 (64-bit)
2022-10-06 08:43:26,782 : INFO : Machine : Initialise MPF.
2022-10-06 08:43:27,024 : INFO : FAST : Connecting to com9 at 921600bps
2022-10-06 08:43:27,066 : INFO : FAST : Connected! Processor: NET, Board Type: FP-CPU-002-2, Firmware: 01.05
2022-10-06 08:43:27,066 : INFO : EventManager : Event: ======'machine_var_fast_net_firmware'====== Args={'value': '01.05', 'prev_value': None, 'change': True}
2022-10-06 08:43:27,066 : INFO : EventManager : Event: ======'machine_var_fast_net_model'====== Args={'value': 'FP-CPU-002-2', 'prev_value': None, 'change': True}
2022-10-06 08:43:29,443 : WARNING : FAST : Got unexpected message from FAST: -N:2B
2022-10-06 08:43:29,443 : WARNING : FAST : Got unexpected message from FAST: -N:2C
2022-10-06 08:43:29,443 : WARNING : FAST : Got unexpected message from FAST: -N:30
2022-10-06 08:43:29,443 : WARNING : FAST : Got unexpected message from FAST: -N:33
2022-10-06 08:43:29,443 : WARNING : FAST : Got unexpected message from FAST: -N:34
2022-10-06 08:43:29,443 : WARNING : FAST : Got unexpected message from FAST: -N:38
2022-10-06 08:43:29,443 : WARNING : FAST : Got unexpected message from FAST: -N:40
2022-10-06 08:43:29,443 : WARNING : FAST : Got unexpected message from FAST: -N:41
2022-10-06 08:43:29,443 : WARNING : FAST : Got unexpected message from FAST: -N:42
2022-10-06 08:43:29,443 : WARNING : FAST : Got unexpected message from FAST: -N:43
2022-10-06 08:43:29,443 : WARNING : FAST : Got unexpected message from FAST: -N:44
2022-10-06 08:43:29,552 : INFO : FAST : Connecting to com10 at 921600bps
2022-10-06 08:43:29,598 : INFO : FAST : Connected! Processor: RGB, Board Type: FP-CPU-002-2, Firmware: 00.87
2022-10-06 08:43:29,598 : INFO : EventManager : Event: ======'machine_var_fast_rgb_firmware'====== Args={'value': '00.87', 'prev_value': None, 'change': True}
2022-10-06 08:43:29,598 : INFO : EventManager : Event: ======'machine_var_fast_rgb_model'====== Args={'value': 'FP-CPU-002-2', 'prev_value': None, 'change': True}
2022-10-06 08:43:29,599 : INFO : EventManager : Event: ======'machine_var_credits_string'====== Args={'value': 'FREE PLAY', 'prev_value': None, 'change': True}
2022-10-06 08:43:29,638 : INFO : EventManager : Event: ======'machine_var_master_volume'====== Args={'value': 0.5, 'prev_value': None, 'change': True}
2022-10-06 08:43:29,639 : INFO : EventManager : Event: ======'machine_var_mpf_version'====== Args={'value': 'MPF v0.55.0', 'prev_value': None, 'change': True}
2022-10-06 08:43:29,639 : INFO : EventManager : Event: ======'machine_var_mpf_extended_version'====== Args={'value': 'MPF v0.55.0, Config version:5, Show version: 5, BCP version:1.1', 'prev_value': None, 'change': True}
2022-10-06 08:43:29,639 : INFO : EventManager : Event: ======'machine_var_python_version'====== Args={'value': '3.7.8', 'prev_value': None, 'change': True}
2022-10-06 08:43:29,639 : INFO : EventManager : Event: ======'machine_var_platform'====== Args={'value': 'Windows-10-10.0.19041-SP0', 'prev_value': None, 'change': True}
2022-10-06 08:43:29,639 : INFO : EventManager : Event: ======'machine_var_platform_system'====== Args={'value': 'Windows', 'prev_value': None, 'change': True}
2022-10-06 08:43:29,639 : INFO : EventManager : Event: ======'machine_var_platform_release'====== Args={'value': '10', 'prev_value': None, 'change': True}
2022-10-06 08:43:29,639 : INFO : EventManager : Event: ======'machine_var_platform_version'====== Args={'value': '10.0.19041', 'prev_value': None, 'change': True}
2022-10-06 08:43:29,639 : INFO : EventManager : Event: ======'machine_var_platform_machine'====== Args={'value': 'AMD64', 'prev_value': None, 'change': True}
2022-10-06 08:43:29,639 : INFO : EventManager : Event: ======'init_phase_1'====== Args={}
2022-10-06 08:43:29,673 : INFO : EventManager : Event: ======'drop_target_bank_mid_up'====== Args={}
2022-10-06 08:43:29,673 : INFO : EventManager : Event: ======'drop_target_bank_right_up'====== Args={}
2022-10-06 08:43:29,688 : INFO : EventManager : Event: ======'init_phase_2'====== Args={}
2022-10-06 08:43:29,690 : INFO : SwitchController : Found active switch: (('2C', 1), <Platform.FAST>) <switch.s_drop_mid_mid>
2022-10-06 08:43:29,690 : INFO : SwitchController : Found active switch: (('2B', 1), <Platform.FAST>) <switch.s_drop_mid_left>
2022-10-06 08:43:29,690 : INFO : SwitchController : Found active switch: (('30', 1), <Platform.FAST>) <switch.s_drop_right_right>
2022-10-06 08:43:29,690 : INFO : SwitchController : Found active switch: (('3E', 1), <Platform.FAST>) <switch.s_trough_1>
2022-10-06 08:43:29,690 : INFO : SwitchController : Found active switch: (('3D', 1), <Platform.FAST>) <switch.s_trough_jam>
2022-10-06 08:43:29,690 : INFO : SwitchController : Found active switch: (('3C', 1), <Platform.FAST>) <switch.s_eos_right>
2022-10-06 08:43:29,690 : INFO : SwitchController : Found active switch: (('3B', 1), <Platform.FAST>) <switch.s_eos_left>
2022-10-06 08:43:29,690 : INFO : SwitchController : Found active switch: (('5D', 1), <Platform.FAST>) <switch.s_bot_vuk>
2022-10-06 08:43:29,697 : INFO : ball_device.bd_trough : BCH: Initial count: 2
2022-10-06 08:43:29,697 : INFO : ball_device.bd_trough : State: idle
2022-10-06 08:43:29,698 : INFO : ball_device.bd_plunger : BCH: Initial count: 0
2022-10-06 08:43:29,698 : INFO : ball_device.bd_plunger : State: idle
2022-10-06 08:43:29,698 : INFO : ball_device.bd_top_vuk : BCH: Initial count: 0
2022-10-06 08:43:29,699 : INFO : ball_device.bd_top_vuk : State: idle
2022-10-06 08:43:29,699 : INFO : ball_device.bd_right_vuk : BCH: Initial count: 0
2022-10-06 08:43:29,699 : INFO : ball_device.bd_right_vuk : State: idle
2022-10-06 08:43:29,737 : INFO : EventManager : Event: ======'init_phase_3'====== Args={}
2022-10-06 08:43:29,771 : INFO : EventManager : Event: ======'init_phase_4'====== Args={}
2022-10-06 08:43:29,771 : INFO : EventManager : Event: ======'playfield_active'====== Args={}
2022-10-06 08:43:29,771 : INFO : EventManager : Event: ======'unexpected_ball_on_playfield'====== Args={}
2022-10-06 08:43:29,771 : INFO : EventManager : Event: ======'playfield_active'====== Args={}
2022-10-06 08:43:29,771 : INFO : EventManager : Event: ======'unexpected_ball_on_playfield'====== Args={}
2022-10-06 08:43:29,771 : INFO : EventManager : Event: ======'playfield_active'====== Args={}
2022-10-06 08:43:29,771 : INFO : EventManager : Event: ======'unexpected_ball_on_playfield'====== Args={}
2022-10-06 08:43:29,771 : INFO : EventManager : Event: ======'drop_target_mid_mid_down'====== Args={'device': <drop_target.mid_mid>}
2022-10-06 08:43:29,772 : INFO : EventManager : Event: ======'drop_target_bank_mid_mixed'====== Args={'prev_value': <DropTargetBankState.UP: 'up'>, 'down': 1}
2022-10-06 08:43:29,772 : INFO : EventManager : Event: ======'playfield_active'====== Args={}
2022-10-06 08:43:29,772 : INFO : EventManager : Event: ======'unexpected_ball_on_playfield'====== Args={}
2022-10-06 08:43:29,772 : INFO : EventManager : Event: ======'drop_target_mid_left_down'====== Args={'device': <drop_target.mid_left>}
2022-10-06 08:43:29,772 : INFO : EventManager : Event: ======'drop_target_bank_mid_mixed'====== Args={'prev_value': <DropTargetBankState.MIXED: 'mixed'>, 'down': 2}
2022-10-06 08:43:29,772 : INFO : EventManager : Event: ======'playfield_active'====== Args={}
2022-10-06 08:43:29,772 : INFO : EventManager : Event: ======'unexpected_ball_on_playfield'====== Args={}
2022-10-06 08:43:29,772 : INFO : EventManager : Event: ======'drop_target_right_right_down'====== Args={'device': <drop_target.right_right>}
2022-10-06 08:43:29,772 : INFO : EventManager : Event: ======'drop_target_bank_right_mixed'====== Args={'prev_value': <DropTargetBankState.UP: 'up'>, 'down': 1}
2022-10-06 08:43:29,772 : INFO : EventManager : Event: ======'playfield_active'====== Args={}
2022-10-06 08:43:29,772 : INFO : EventManager : Event: ======'unexpected_ball_on_playfield'====== Args={}
2022-10-06 08:43:29,773 : INFO : BallController : Initial balls found: 2
2022-10-06 08:43:29,774 : INFO : EventManager : Event: ======'machine_var_audits_events_game_ended'====== Args={'value': 0, 'prev_value': None, 'change': True}
2022-10-06 08:43:29,774 : INFO : EventManager : Event: ======'machine_var_audits_events_game_started'====== Args={'value': 0, 'prev_value': None, 'change': True}
2022-10-06 08:43:29,775 : INFO : EventManager : Event: ======'machine_var_audits_player_score'====== Args={'value': {'average': 0, 'top': [], 'total': 0}, 'prev_value': None, 'change': True}
2022-10-06 08:43:29,775 : INFO : EventManager : Event: ======'machine_var_audits_switches_s_autolauncher'====== Args={'value': 75, 'prev_value': None, 'change': True}
2022-10-06 08:43:29,775 : INFO : EventManager : Event: ======'machine_var_audits_switches_s_back_pop'====== Args={'value': 0, 'prev_value': None, 'change': True}
2022-10-06 08:43:29,775 : INFO : EventManager : Event: ======'machine_var_audits_switches_s_back_rollover'====== Args={'value': 0, 'prev_value': None, 'change': True}
2022-10-06 08:43:29,775 : INFO : EventManager : Event: ======'machine_var_audits_switches_s_back_stationary'====== Args={'value': 0, 'prev_value': None, 'change': True}
2022-10-06 08:43:29,775 : INFO : EventManager : Event: ======'machine_var_audits_switches_s_bot_back'====== Args={'value': 0, 'prev_value': None, 'change': True}
2022-10-06 08:43:29,775 : INFO : EventManager : Event: ======'machine_var_audits_switches_s_bot_big'====== Args={'value': 1, 'prev_value': None, 'change': True}
2022-10-06 08:43:29,775 : INFO : EventManager : Event: ======'machine_var_audits_switches_s_bot_left'====== Args={'value': 0, 'prev_value': None, 'change': True}
2022-10-06 08:43:29,776 : INFO : EventManager : Event: ======'machine_var_audits_switches_s_bot_right'====== Args={'value': 0, 'prev_value': None, 'change': True}
2022-10-06 08:43:29,776 : INFO : EventManager : Event: ======'machine_var_audits_switches_s_bot_rollover'====== Args={'value': 0, 'prev_value': None, 'change': True}
2022-10-06 08:43:29,776 : INFO : EventManager : Event: ======'machine_var_audits_switches_s_bot_vuk'====== Args={'value': 0, 'prev_value': None, 'change': True}
2022-10-06 08:43:29,776 : INFO : EventManager : Event: ======'machine_var_audits_switches_s_drop_mid_left'====== Args={'value': 64, 'prev_value': None, 'change': True}
2022-10-06 08:43:29,776 : INFO : EventManager : Event: ======'machine_var_audits_switches_s_drop_mid_mid'====== Args={'value': 70, 'prev_value': None, 'change': True}
2022-10-06 08:43:29,776 : INFO : EventManager : Event: ======'machine_var_audits_switches_s_drop_mid_right'====== Args={'value': 5, 'prev_value': None, 'change': True}
2022-10-06 08:43:29,776 : INFO : EventManager : Event: ======'machine_var_audits_switches_s_drop_right_left'====== Args={'value': 20, 'prev_value': None, 'change': True}
2022-10-06 08:43:29,777 : INFO : EventManager : Event: ======'machine_var_audits_switches_s_drop_right_right'====== Args={'value': 40, 'prev_value': None, 'change': True}
2022-10-06 08:43:29,777 : INFO : EventManager : Event: ======'machine_var_audits_switches_s_drop_single'====== Args={'value': 40, 'prev_value': None, 'change': True}
2022-10-06 08:43:29,777 : INFO : EventManager : Event: ======'machine_var_audits_switches_s_eos_left'====== Args={'value': 71, 'prev_value': None, 'change': True}
2022-10-06 08:43:29,777 : INFO : EventManager : Event: ======'machine_var_audits_switches_s_eos_left_top'====== Args={'value': 529, 'prev_value': None, 'change': True}
2022-10-06 08:43:29,777 : INFO : EventManager : Event: ======'machine_var_audits_switches_s_eos_right'====== Args={'value': 96, 'prev_value': None, 'change': True}
2022-10-06 08:43:29,777 : INFO : EventManager : Event: ======'machine_var_audits_switches_s_launch'====== Args={'value': 41, 'prev_value': None, 'change': True}
2022-10-06 08:43:29,778 : INFO : EventManager : Event: ======'machine_var_audits_switches_s_left_flipper'====== Args={'value': 618, 'prev_value': None, 'change': True}
2022-10-06 08:43:29,778 : INFO : EventManager : Event: ======'machine_var_audits_switches_s_left_inlane'====== Args={'value': 14, 'prev_value': None, 'change': True}
2022-10-06 08:43:29,778 : INFO : EventManager : Event: ======'machine_var_audits_switches_s_left_outlane'====== Args={'value': 3, 'prev_value': None, 'change': True}
2022-10-06 08:43:29,778 : INFO : EventManager : Event: ======'machine_var_audits_switches_s_pop_left'====== Args={'value': 117, 'prev_value': None, 'change': True}
2022-10-06 08:43:29,778 : INFO : EventManager : Event: ======'machine_var_audits_switches_s_pop_lower'====== Args={'value': 157, 'prev_value': None, 'change': True}
2022-10-06 08:43:29,778 : INFO : EventManager : Event: ======'machine_var_audits_switches_s_pop_right'====== Args={'value': 133, 'prev_value': None, 'change': True}
2022-10-06 08:43:29,779 : INFO : EventManager : Event: ======'machine_var_audits_switches_s_right_flipper'====== Args={'value': 674, 'prev_value': None, 'change': True}
2022-10-06 08:43:29,779 : INFO : EventManager : Event: ======'machine_var_audits_switches_s_right_inlane'====== Args={'value': 0, 'prev_value': None, 'change': True}
2022-10-06 08:43:29,779 : INFO : EventManager : Event: ======'machine_var_audits_switches_s_right_outlane'====== Args={'value': 45, 'prev_value': None, 'change': True}
2022-10-06 08:43:29,779 : INFO : EventManager : Event: ======'machine_var_audits_switches_s_rollover_left'====== Args={'value': 26, 'prev_value': None, 'change': True}
2022-10-06 08:43:29,779 : INFO : EventManager : Event: ======'machine_var_audits_switches_s_rollover_right'====== Args={'value': 25, 'prev_value': None, 'change': True}
2022-10-06 08:43:29,780 : INFO : EventManager : Event: ======'machine_var_audits_switches_s_sling_left'====== Args={'value': 31, 'prev_value': None, 'change': True}
2022-10-06 08:43:29,780 : INFO : EventManager : Event: ======'machine_var_audits_switches_s_sling_right'====== Args={'value': 68, 'prev_value': None, 'change': True}
2022-10-06 08:43:29,780 : INFO : EventManager : Event: ======'machine_var_audits_switches_s_start'====== Args={'value': 145, 'prev_value': None, 'change': True}
2022-10-06 08:43:29,780 : INFO : EventManager : Event: ======'machine_var_audits_switches_s_tilt'====== Args={'value': 98, 'prev_value': None, 'change': True}
2022-10-06 08:43:29,780 : INFO : EventManager : Event: ======'machine_var_audits_switches_s_transfer_rollover'====== Args={'value': 0, 'prev_value': None, 'change': True}
2022-10-06 08:43:29,781 : INFO : EventManager : Event: ======'machine_var_audits_switches_s_trough_1'====== Args={'value': 57, 'prev_value': None, 'change': True}
2022-10-06 08:43:29,781 : INFO : EventManager : Event: ======'machine_var_audits_switches_s_trough_2'====== Args={'value': 123, 'prev_value': None, 'change': True}
2022-10-06 08:43:29,781 : INFO : EventManager : Event: ======'machine_var_audits_switches_s_trough_3'====== Args={'value': 76, 'prev_value': None, 'change': True}
2022-10-06 08:43:29,781 : INFO : EventManager : Event: ======'machine_var_audits_switches_s_trough_4'====== Args={'value': 76, 'prev_value': None, 'change': True}
2022-10-06 08:43:29,781 : INFO : EventManager : Event: ======'machine_var_audits_switches_s_trough_5'====== Args={'value': 82, 'prev_value': None, 'change': True}
2022-10-06 08:43:29,782 : INFO : EventManager : Event: ======'machine_var_audits_switches_s_trough_6'====== Args={'value': 140, 'prev_value': None, 'change': True}
2022-10-06 08:43:29,782 : INFO : EventManager : Event: ======'machine_var_audits_switches_s_trough_jam'====== Args={'value': 108, 'prev_value': None, 'change': True}
2022-10-06 08:43:29,782 : INFO : EventManager : Event: ======'machine_var_audits_switches_s_upper_drop'====== Args={'value': 0, 'prev_value': None, 'change': True}
2022-10-06 08:43:29,782 : INFO : EventManager : Event: ======'machine_var_audits_switches_s_upper_rollover'====== Args={'value': 0, 'prev_value': None, 'change': True}
2022-10-06 08:43:29,782 : INFO : EventManager : Event: ======'machine_var_audits_switches_s_upper_stationary'====== Args={'value': 0, 'prev_value': None, 'change': True}
2022-10-06 08:43:29,783 : INFO : EventManager : Event: ======'machine_var_audits_switches_s_vuk_back'====== Args={'value': 1, 'prev_value': None, 'change': True}
2022-10-06 08:43:29,783 : INFO : EventManager : Event: ======'machine_var_audits_switches_s_vuk_right'====== Args={'value': 3, 'prev_value': None, 'change': True}
2022-10-06 08:43:29,783 : INFO : EventManager : Event: ======'machine_var_audits_switches_s_vuk_top'====== Args={'value': 8, 'prev_value': None, 'change': True}
2022-10-06 08:43:29,784 : INFO : EventManager : Event: ======'init_phase_5'====== Args={}
2022-10-06 08:43:29,834 : INFO : EventManager : Event: ======'init_done'====== Args={}
2022-10-06 08:43:29,834 : INFO : EventManager : Event: ======'machine_reset_phase_1'====== Args={}
2022-10-06 08:43:29,835 : INFO : EventManager : Event: ======'machine_reset_phase_2'====== Args={}
2022-10-06 08:43:29,836 : INFO : EventManager : Event: ======'machine_reset_phase_3'====== Args={}
2022-10-06 08:43:29,836 : INFO : EventManager : Event: ======'mode_tilt_will_start'====== Args={'queue': <QueuedEvent>}
2022-10-06 08:43:29,836 : INFO : EventManager : Event: ======'mode_tilt_starting'====== Args={'queue': <QueuedEvent>}
2022-10-06 08:43:29,836 : INFO : drop_target_bank.mid : 2 targets are down. Will reset those.
2022-10-06 08:43:29,837 : INFO : coil.c_drop_mid : Pulsing Driver for 50ms (0.7 pulse_power)
2022-10-06 08:43:29,837 : INFO : drop_target_bank.right : 1 targets are down. Will reset those.
2022-10-06 08:43:29,837 : INFO : Mode.tilt : Started. Priority: 1000000
2022-10-06 08:43:29,838 : INFO : EventManager : Event: ======'modes_active_modes_changed'====== Args={}
2022-10-06 08:43:29,838 : INFO : EventManager : Event: ======'mode_tilt_started'====== Args={'queue': <QueuedEvent>}
2022-10-06 08:43:29,838 : INFO : EventManager : Event: ======'reset_complete'====== Args={}
2022-10-06 08:43:29,838 : INFO : EventManager : Event: ======'mode_attract_will_start'====== Args={}
2022-10-06 08:43:29,838 : INFO : EventManager : Event: ======'mode_attract_starting'====== Args={}
2022-10-06 08:43:29,838 : INFO : Mode.attract : Started. Priority: 10
2022-10-06 08:43:29,838 : INFO : EventManager : Event: ======'modes_active_modes_changed'====== Args={}
2022-10-06 08:43:29,839 : INFO : EventManager : Event: ======'mode_attract_started'====== Args={}
2022-10-06 08:43:29,839 : INFO : EventManager : Event: ======'collecting_balls_complete'====== Args={}
2022-10-06 08:43:29,862 : INFO : Machine : Starting the main run loop.
2022-10-06 08:43:29,882 : INFO : coil.c_drop_right : Pulsing Driver for 10ms (1.0 pulse_power)
2022-10-06 08:43:29,923 : INFO : coil.c_drop_right : Pulsing Driver for 10ms (1.0 pulse_power)
2022-10-06 08:43:30,330 : INFO : EventManager : Event: ======'drop_target_bank_mid_mixed'====== Args={'prev_value': <DropTargetBankState.MIXED: 'mixed'>, 'down': 2}
2022-10-06 08:43:30,330 : INFO : EventManager : Event: ======'drop_target_bank_right_mixed'====== Args={'prev_value': <DropTargetBankState.MIXED: 'mixed'>, 'down': 1}
2022-10-06 08:43:38,661 : INFO : SwitchController : <<<<<<< 's_left_flipper' active >>>>>>>
2022-10-06 08:43:38,693 : INFO : SwitchController : <<<<<<< 's_eos_left_top' active >>>>>>>
2022-10-06 08:43:38,898 : INFO : SwitchController : <<<<<<< 's_left_flipper' inactive >>>>>>>
2022-10-06 08:43:38,988 : INFO : SwitchController : <<<<<<< 's_eos_left_top' inactive >>>>>>>
2022-10-06 08:43:39,915 : INFO : SwitchController : <<<<<<< 's_start' active >>>>>>>
2022-10-06 08:43:40,085 : INFO : SwitchController : <<<<<<< 's_start' inactive >>>>>>>
2022-10-06 08:43:40,085 : INFO : EventManager : Event: ======'request_to_start_game'====== Args={}
2022-10-06 08:43:40,085 : INFO : EventManager : Event: ======'game_start'====== Args={'buttons': [], 'hold_time': 0.17199999999957072}
2022-10-06 08:43:40,086 : INFO : EventManager : Event: ======'mode_game_will_start'====== Args={'buttons': [], 'hold_time': 0.17199999999957072}
2022-10-06 08:43:40,086 : INFO : EventManager : Event: ======'mode_game_starting'====== Args={'buttons': [], 'hold_time': 0.17199999999957072}
2022-10-06 08:43:40,086 : INFO : EventManager : Event: ======'mode_attract_will_stop'====== Args={}
2022-10-06 08:43:40,086 : INFO : EventManager : Event: ======'mode_attract_stopping'====== Args={}
2022-10-06 08:43:40,086 : INFO : Mode.attract : Stopped.
2022-10-06 08:43:40,086 : INFO : EventManager : Event: ======'modes_active_modes_changed'====== Args={}
2022-10-06 08:43:40,087 : INFO : EventManager : Event: ======'mode_attract_stopped'====== Args={}
2022-10-06 08:43:40,087 : INFO : EventManager : Event: ======'clear'====== Args={'key': 'attract'}
2022-10-06 08:43:40,087 : INFO : Mode.game : Started. Priority: 20
2022-10-06 08:43:40,087 : INFO : EventManager : Event: ======'modes_active_modes_changed'====== Args={}
2022-10-06 08:43:40,087 : INFO : EventManager : Event: ======'mode_game_started'====== Args={'buttons': [], 'hold_time': 0.17199999999957072}
2022-10-06 08:43:40,092 : INFO : EventManager : Event: ======'game_will_start'====== Args={}
2022-10-06 08:43:40,092 : INFO : EventManager : Event: ======'game_starting'====== Args={'game': <Mode.game>}
2022-10-06 08:43:40,093 : INFO : EventManager : Event: ======'player_add_request'====== Args={}
2022-10-06 08:43:40,093 : INFO : EventManager : Event: ======'player_will_add'====== Args={'number': 1}
2022-10-06 08:43:40,093 : INFO : EventManager : Event: ======'player_adding'====== Args={'player': <Player 1>, 'number': 1}
2022-10-06 08:43:40,093 : INFO : EventManager : Event: ======'player_added'====== Args={'player': <Player 1>, 'num': 1}
2022-10-06 08:43:40,093 : INFO : Mode.game : Player added successfully. Total players: 1
2022-10-06 08:43:40,093 : INFO : EventManager : Event: ======'player_index'====== Args={'value': 0, 'prev_value': 0, 'change': 0, 'player_num': 1}
2022-10-06 08:43:40,094 : INFO : EventManager : Event: ======'player_number'====== Args={'value': 1, 'prev_value': 1, 'change': 0, 'player_num': 1}
2022-10-06 08:43:40,094 : INFO : EventManager : Event: ======'player_score'====== Args={'value': 0, 'prev_value': 0, 'change': 0, 'player_num': 1}
2022-10-06 08:43:40,094 : INFO : EventManager : Event: ======'game_started'====== Args={}
2022-10-06 08:43:40,105 : INFO : EventManager : Event: ======'player_turn_will_start'====== Args={'player': <Player 1>, 'number': 1}
2022-10-06 08:43:40,106 : INFO : EventManager : Event: ======'player_turn_starting'====== Args={'player': <Player 1>, 'number': 1}
2022-10-06 08:43:40,107 : INFO : EventManager : Event: ======'player_ball'====== Args={'value': 1, 'prev_value': 0, 'change': 1, 'player_num': 1}
2022-10-06 08:43:40,107 : INFO : EventManager : Event: ======'player_turn_started'====== Args={'player': <Player 1>, 'number': 1}
2022-10-06 08:43:40,107 : INFO : EventManager : Event: ======'ball_will_start'====== Args={'player': 1, 'ball': 1, 'balls_remaining': 2, 'is_extra_ball': False}
2022-10-06 08:43:40,110 : INFO : EventManager : Event: ======'ball_starting'====== Args={'player': 1, 'ball': 1, 'balls_remaining': 2, 'is_extra_ball': False}
2022-10-06 08:43:40,111 : INFO : EventManager : Event: ======'mode_base_will_start'====== Args={'queue': <QueuedEvent>, 'player': 1, 'ball': 1, 'balls_remaining': 2, 'is_extra_ball': False}
2022-10-06 08:43:40,111 : INFO : EventManager : Event: ======'mode_base_starting'====== Args={'queue': <QueuedEvent>, 'player': 1, 'ball': 1, 'balls_remaining': 2, 'is_extra_ball': False}
2022-10-06 08:43:40,111 : INFO : drop_target_bank.mid : 2 targets are down. Will reset those.
2022-10-06 08:43:40,111 : INFO : coil.c_drop_mid : Pulsing Driver for 50ms (0.7 pulse_power)
2022-10-06 08:43:40,111 : INFO : drop_target_bank.right : 1 targets are down. Will reset those.
2022-10-06 08:43:40,112 : INFO : Mode.base : Started. Priority: 100
2022-10-06 08:43:40,112 : INFO : EventManager : Event: ======'modes_active_modes_changed'====== Args={}
2022-10-06 08:43:40,112 : INFO : EventManager : Event: ======'mode_base_started'====== Args={'queue': <QueuedEvent>, 'player': 1, 'ball': 1, 'balls_remaining': 2, 'is_extra_ball': False}
2022-10-06 08:43:40,112 : INFO : EventManager : Event: ======'balls_in_play'====== Args={'balls': 1}
2022-10-06 08:43:40,112 : INFO : EventManager : Event: ======'ball_started'====== Args={'player': 1, 'ball': 1, 'balls_remaining': 2, 'is_extra_ball': False}
2022-10-06 08:43:40,131 : INFO : EventManager : Event: ======'single_player_ball_started'====== Args={}
2022-10-06 08:43:40,132 : INFO : EventManager : Event: ======'ball_start_target'====== Args={'target': 'playfield'}
2022-10-06 08:43:40,132 : INFO : ball_device.bd_plunger : Setting up player-controlled eject. Balls: 1, Target: <playfield.playfield>, player_controlled_eject_event: s_launch_active
2022-10-06 08:43:40,132 : INFO : EventManager : Event: ======'balldevice_balls_available'====== Args={}
2022-10-06 08:43:40,133 : INFO : ball_device.bd_trough : State: waiting_for_target_ready
2022-10-06 08:43:40,133 : INFO : EventManager : Event: ======'balldevice_bd_trough_ball_eject_attempt'====== Args={'balls': 1, 'target': <ball_device.bd_plunger>, 'source': <ball_device.bd_trough>, 'mechanical_eject': True, 'num_attempts': 0}
2022-10-06 08:43:40,133 : INFO : ball_device.bd_plunger : State: waiting_for_ball
2022-10-06 08:43:40,133 : INFO : ball_device.bd_top_vuk : State: waiting_for_ball
2022-10-06 08:43:40,134 : INFO : ball_device.bd_trough : State: ejecting
2022-10-06 08:43:40,134 : INFO : ball_device.bd_trough : Ejecting ball to <ball_device.bd_plunger>
2022-10-06 08:43:40,134 : INFO : EventManager : Event: ======'balldevice_bd_trough_ejecting_ball'====== Args={'balls': 1, 'target': <ball_device.bd_plunger>, 'source': <ball_device.bd_trough>, 'mechanical_eject': True, 'num_attempts': 0}
2022-10-06 08:43:40,135 : INFO : ball_device.bd_trough : Wait for ball to leave device
2022-10-06 08:43:40,164 : INFO : coil.c_drop_right : Pulsing Driver for 10ms (1.0 pulse_power)
2022-10-06 08:43:40,195 : INFO : coil.c_drop_right : Pulsing Driver for 10ms (1.0 pulse_power)
2022-10-06 08:43:40,195 : INFO : SwitchController : <<<<<<< 's_drop_mid_left' inactive >>>>>>>
2022-10-06 08:43:40,195 : INFO : SwitchController : <<<<<<< 's_drop_mid_mid' inactive >>>>>>>
2022-10-06 08:43:40,195 : INFO : SwitchController : <<<<<<< 's_drop_right_right' inactive >>>>>>>
2022-10-06 08:43:40,210 : INFO : coil.c_trough : Pulsing Driver for 25ms (0.8 pulse_power)
2022-10-06 08:43:40,614 : INFO : EventManager : Event: ======'drop_target_bank_mid_mixed'====== Args={'prev_value': <DropTargetBankState.MIXED: 'mixed'>, 'down': 2}
2022-10-06 08:43:40,614 : INFO : EventManager : Event: ======'drop_target_mid_left_up'====== Args={'device': <drop_target.mid_left>}
2022-10-06 08:43:40,614 : INFO : EventManager : Event: ======'drop_target_bank_mid_mixed'====== Args={'prev_value': <DropTargetBankState.MIXED: 'mixed'>, 'down': 1}
2022-10-06 08:43:40,614 : INFO : EventManager : Event: ======'drop_target_right_right_up'====== Args={'device': <drop_target.right_right>}
2022-10-06 08:43:40,614 : INFO : EventManager : Event: ======'drop_target_mid_mid_up'====== Args={'device': <drop_target.mid_mid>}
2022-10-06 08:43:40,614 : INFO : EventManager : Event: ======'drop_target_bank_mid_up'====== Args={}
2022-10-06 08:43:40,615 : INFO : EventManager : Event: ======'drop_target_bank_right_up'====== Args={}
2022-10-06 08:43:44,675 : INFO : SwitchController : <<<<<<< 's_right_flipper' active >>>>>>>
2022-10-06 08:43:44,675 : INFO : EventManager : Event: ======'machine_var_audits_switches_s_right_flipper'====== Args={'value': 675, 'prev_value': 674, 'change': 1}
2022-10-06 08:43:45,045 : INFO : SwitchController : <<<<<<< 's_right_flipper' inactive >>>>>>>
2022-10-06 08:43:45,075 : INFO : SwitchController : <<<<<<< 's_left_flipper' active >>>>>>>
2022-10-06 08:43:45,075 : INFO : EventManager : Event: ======'machine_var_audits_switches_s_left_flipper'====== Args={'value': 619, 'prev_value': 618, 'change': 1}
2022-10-06 08:43:45,096 : INFO : SwitchController : <<<<<<< 's_eos_left_top' active >>>>>>>
2022-10-06 08:43:45,096 : INFO : EventManager : Event: ======'machine_var_audits_switches_s_eos_left_top'====== Args={'value': 530, 'prev_value': 529, 'change': 1}
2022-10-06 08:43:45,266 : INFO : SwitchController : <<<<<<< 's_left_flipper' inactive >>>>>>>
2022-10-06 08:43:45,375 : INFO : SwitchController : <<<<<<< 's_eos_left_top' inactive >>>>>>>
2022-10-06 08:43:45,452 : INFO : SwitchController : <<<<<<< 's_sling_right' active >>>>>>>
2022-10-06 08:43:45,452 : INFO : EventManager : Event: ======'playfield_active'====== Args={}
2022-10-06 08:43:45,452 : INFO : EventManager : Event: ======'unexpected_ball_on_playfield'====== Args={}
2022-10-06 08:43:45,452 : INFO : EventManager : Event: ======'machine_var_audits_switches_s_sling_right'====== Args={'value': 69, 'prev_value': 68, 'change': 1}
2022-10-06 08:43:45,472 : INFO : SwitchController : <<<<<<< 's_sling_right' inactive >>>>>>>
2022-10-06 08:43:46,794 : INFO : SwitchController : <<<<<<< 's_left_flipper' active >>>>>>>
2022-10-06 08:43:46,794 : INFO : EventManager : Event: ======'machine_var_audits_switches_s_left_flipper'====== Args={'value': 620, 'prev_value': 619, 'change': 1}
2022-10-06 08:43:46,804 : INFO : SwitchController : <<<<<<< 's_eos_left_top' active >>>>>>>
2022-10-06 08:43:46,804 : INFO : EventManager : Event: ======'machine_var_audits_switches_s_eos_left_top'====== Args={'value': 531, 'prev_value': 530, 'change': 1}
2022-10-06 08:43:47,100 : INFO : SwitchController : <<<<<<< 's_pop_right' active >>>>>>>
2022-10-06 08:43:47,100 : INFO : EventManager : Event: ======'playfield_active'====== Args={}
2022-10-06 08:43:47,100 : INFO : EventManager : Event: ======'unexpected_ball_on_playfield'====== Args={}
2022-10-06 08:43:47,100 : INFO : EventManager : Event: ======'machine_var_audits_switches_s_pop_right'====== Args={'value': 134, 'prev_value': 133, 'change': 1}
2022-10-06 08:43:47,120 : INFO : SwitchController : <<<<<<< 's_pop_right' inactive >>>>>>>
2022-10-06 08:43:47,177 : INFO : SwitchController : <<<<<<< 's_pop_right' active >>>>>>>
2022-10-06 08:43:47,177 : INFO : EventManager : Event: ======'playfield_active'====== Args={}
2022-10-06 08:43:47,177 : INFO : EventManager : Event: ======'unexpected_ball_on_playfield'====== Args={}
2022-10-06 08:43:47,177 : INFO : EventManager : Event: ======'machine_var_audits_switches_s_pop_right'====== Args={'value': 135, 'prev_value': 134, 'change': 1}
2022-10-06 08:43:47,196 : INFO : SwitchController : <<<<<<< 's_pop_right' inactive >>>>>>>
2022-10-06 08:43:47,211 : INFO : SwitchController : <<<<<<< 's_pop_right' active >>>>>>>
2022-10-06 08:43:47,211 : INFO : EventManager : Event: ======'playfield_active'====== Args={}
2022-10-06 08:43:47,211 : INFO : EventManager : Event: ======'unexpected_ball_on_playfield'====== Args={}
2022-10-06 08:43:47,211 : INFO : EventManager : Event: ======'machine_var_audits_switches_s_pop_right'====== Args={'value': 136, 'prev_value': 135, 'change': 1}
2022-10-06 08:43:47,211 : INFO : SwitchController : <<<<<<< 's_pop_right' inactive >>>>>>>
2022-10-06 08:43:47,459 : INFO : SwitchController : <<<<<<< 's_left_flipper' inactive >>>>>>>
2022-10-06 08:43:47,552 : INFO : SwitchController : <<<<<<< 's_eos_left_top' inactive >>>>>>>
2022-10-06 08:43:48,227 : INFO : SwitchController : <<<<<<< 's_left_flipper' active >>>>>>>
2022-10-06 08:43:48,227 : INFO : EventManager : Event: ======'machine_var_audits_switches_s_left_flipper'====== Args={'value': 621, 'prev_value': 620, 'change': 1}
2022-10-06 08:43:48,258 : INFO : SwitchController : <<<<<<< 's_eos_left_top' active >>>>>>>
2022-10-06 08:43:48,258 : INFO : EventManager : Event: ======'machine_var_audits_switches_s_eos_left_top'====== Args={'value': 532, 'prev_value': 531, 'change': 1}
2022-10-06 08:43:48,445 : INFO : SwitchController : <<<<<<< 's_sling_right' active >>>>>>>
2022-10-06 08:43:48,445 : INFO : EventManager : Event: ======'playfield_active'====== Args={}
2022-10-06 08:43:48,445 : INFO : EventManager : Event: ======'unexpected_ball_on_playfield'====== Args={}
2022-10-06 08:43:48,445 : INFO : EventManager : Event: ======'machine_var_audits_switches_s_sling_right'====== Args={'value': 70, 'prev_value': 69, 'change': 1}
2022-10-06 08:43:48,464 : INFO : SwitchController : <<<<<<< 's_sling_right' inactive >>>>>>>
2022-10-06 08:43:48,464 : INFO : SwitchController : <<<<<<< 's_left_flipper' inactive >>>>>>>
2022-10-06 08:43:48,571 : INFO : SwitchController : <<<<<<< 's_eos_left_top' inactive >>>>>>>
2022-10-06 08:43:49,834 : INFO : SwitchController : <<<<<<< 's_left_flipper' active >>>>>>>
2022-10-06 08:43:49,834 : INFO : EventManager : Event: ======'machine_var_audits_switches_s_left_flipper'====== Args={'value': 622, 'prev_value': 621, 'change': 1}
2022-10-06 08:43:49,865 : INFO : SwitchController : <<<<<<< 's_eos_left_top' active >>>>>>>
2022-10-06 08:43:49,865 : INFO : EventManager : Event: ======'machine_var_audits_switches_s_eos_left_top'====== Args={'value': 533, 'prev_value': 532, 'change': 1}
2022-10-06 08:43:50,085 : INFO : SwitchController : <<<<<<< 's_left_flipper' inactive >>>>>>>
2022-10-06 08:43:50,115 : INFO : EventManager : Event: ======'balldevice_bd_trough_ball_eject_failed'====== Args={'target': <ball_device.bd_plunger>, 'balls': 1, 'retry': True, 'num_attempts': 1}
2022-10-06 08:43:50,116 : INFO : ball_device.bd_trough : State: waiting_for_target_ready
2022-10-06 08:43:50,117 : INFO : EventManager : Event: ======'balldevice_bd_trough_ball_eject_attempt'====== Args={'balls': 1, 'target': <ball_device.bd_plunger>, 'source': <ball_device.bd_trough>, 'mechanical_eject': True, 'num_attempts': 1}
2022-10-06 08:43:50,117 : INFO : ball_device.bd_trough : State: ejecting
2022-10-06 08:43:50,117 : INFO : ball_device.bd_trough : Ejecting ball to <ball_device.bd_plunger>
2022-10-06 08:43:50,117 : INFO : EventManager : Event: ======'balldevice_bd_trough_ejecting_ball'====== Args={'balls': 1, 'target': <ball_device.bd_plunger>, 'source': <ball_device.bd_trough>, 'mechanical_eject': True, 'num_attempts': 1}
2022-10-06 08:43:50,118 : INFO : ball_device.bd_trough : Wait for ball to leave device
2022-10-06 08:43:50,118 : INFO : coil.c_trough : Pulsing Driver for 25ms (0.8 pulse_power)
2022-10-06 08:43:50,164 : INFO : SwitchController : <<<<<<< 's_trough_2' active >>>>>>>
2022-10-06 08:43:50,164 : INFO : EventManager : Event: ======'machine_var_audits_switches_s_trough_2'====== Args={'value': 124, 'prev_value': 123, 'change': 1}
2022-10-06 08:43:50,164 : INFO : SwitchController : <<<<<<< 's_trough_2' inactive >>>>>>>
2022-10-06 08:43:50,181 : INFO : SwitchController : <<<<<<< 's_eos_left_top' inactive >>>>>>>
2022-10-06 08:43:51,192 : INFO : SwitchController : <<<<<<< 's_left_flipper' active >>>>>>>
2022-10-06 08:43:51,193 : INFO : EventManager : Event: ======'machine_var_audits_switches_s_left_flipper'====== Args={'value': 623, 'prev_value': 622, 'change': 1}
2022-10-06 08:43:51,223 : INFO : SwitchController : <<<<<<< 's_eos_left_top' active >>>>>>>
2022-10-06 08:43:51,223 : INFO : EventManager : Event: ======'machine_var_audits_switches_s_eos_left_top'====== Args={'value': 534, 'prev_value': 533, 'change': 1}
2022-10-06 08:43:51,254 : INFO : SwitchController : <<<<<<< 's_left_flipper' inactive >>>>>>>
2022-10-06 08:43:51,349 : INFO : SwitchController : <<<<<<< 's_eos_left_top' inactive >>>>>>>
2022-10-06 08:43:51,550 : INFO : SwitchController : <<<<<<< 's_drop_mid_mid' active >>>>>>>
2022-10-06 08:43:51,550 : INFO : EventManager : Event: ======'playfield_active'====== Args={}
2022-10-06 08:43:51,550 : INFO : EventManager : Event: ======'unexpected_ball_on_playfield'====== Args={}
2022-10-06 08:43:51,550 : INFO : EventManager : Event: ======'drop_target_mid_mid_down'====== Args={'device': <drop_target.mid_mid>}
2022-10-06 08:43:51,550 : INFO : EventManager : Event: ======'drop_target_bank_mid_mixed'====== Args={'prev_value': <DropTargetBankState.UP: 'up'>, 'down': 1}
2022-10-06 08:43:51,550 : INFO : EventManager : Event: ======'machine_var_audits_switches_s_drop_mid_mid'====== Args={'value': 71, 'prev_value': 70, 'change': 1}
2022-10-06 08:43:52,144 : INFO : SwitchController : <<<<<<< 's_right_flipper' active >>>>>>>
2022-10-06 08:43:52,144 : INFO : EventManager : Event: ======'machine_var_audits_switches_s_right_flipper'====== Args={'value': 676, 'prev_value': 675, 'change': 1}
2022-10-06 08:43:52,455 : INFO : SwitchController : <<<<<<< 's_right_flipper' inactive >>>>>>>
2022-10-06 08:43:53,240 : INFO : SwitchController : <<<<<<< 's_left_flipper' active >>>>>>>
2022-10-06 08:43:53,240 : INFO : EventManager : Event: ======'machine_var_audits_switches_s_left_flipper'====== Args={'value': 624, 'prev_value': 623, 'change': 1}
2022-10-06 08:43:53,272 : INFO : SwitchController : <<<<<<< 's_eos_left_top' active >>>>>>>
2022-10-06 08:43:53,272 : INFO : EventManager : Event: ======'machine_var_audits_switches_s_eos_left_top'====== Args={'value': 535, 'prev_value': 534, 'change': 1}
2022-10-06 08:43:53,319 : INFO : SwitchController : <<<<<<< 's_drop_right_right' active >>>>>>>
2022-10-06 08:43:53,319 : INFO : EventManager : Event: ======'playfield_active'====== Args={}
2022-10-06 08:43:53,319 : INFO : EventManager : Event: ======'unexpected_ball_on_playfield'====== Args={}
2022-10-06 08:43:53,319 : INFO : EventManager : Event: ======'drop_target_right_right_down'====== Args={'device': <drop_target.right_right>}
2022-10-06 08:43:53,319 : INFO : EventManager : Event: ======'drop_target_bank_right_mixed'====== Args={'prev_value': <DropTargetBankState.UP: 'up'>, 'down': 1}
2022-10-06 08:43:53,319 : INFO : EventManager : Event: ======'machine_var_audits_switches_s_drop_right_right'====== Args={'value': 41, 'prev_value': 40, 'change': 1}
2022-10-06 08:43:53,487 : INFO : SwitchController : <<<<<<< 's_left_flipper' inactive >>>>>>>
2022-10-06 08:43:53,581 : INFO : SwitchController : <<<<<<< 's_eos_left_top' inactive >>>>>>>
2022-10-06 08:43:54,034 : INFO : SwitchController : <<<<<<< 's_right_flipper' active >>>>>>>
2022-10-06 08:43:54,034 : INFO : EventManager : Event: ======'machine_var_audits_switches_s_right_flipper'====== Args={'value': 677, 'prev_value': 676, 'change': 1}
2022-10-06 08:43:54,284 : INFO : SwitchController : <<<<<<< 's_pop_left' active >>>>>>>
2022-10-06 08:43:54,284 : INFO : EventManager : Event: ======'playfield_active'====== Args={}
2022-10-06 08:43:54,284 : INFO : EventManager : Event: ======'unexpected_ball_on_playfield'====== Args={}
2022-10-06 08:43:54,284 : INFO : EventManager : Event: ======'machine_var_audits_switches_s_pop_left'====== Args={'value': 118, 'prev_value': 117, 'change': 1}
2022-10-06 08:43:54,304 : INFO : SwitchController : <<<<<<< 's_pop_left' inactive >>>>>>>
2022-10-06 08:43:54,576 : INFO : SwitchController : <<<<<<< 's_right_flipper' inactive >>>>>>>
2022-10-06 08:43:56,051 : INFO : SwitchController : <<<<<<< 's_left_flipper' active >>>>>>>
2022-10-06 08:43:56,051 : INFO : EventManager : Event: ======'machine_var_audits_switches_s_left_flipper'====== Args={'value': 625, 'prev_value': 624, 'change': 1}
2022-10-06 08:43:56,070 : INFO : SwitchController : <<<<<<< 's_eos_left_top' active >>>>>>>
2022-10-06 08:43:56,070 : INFO : EventManager : Event: ======'machine_var_audits_switches_s_eos_left_top'====== Args={'value': 536, 'prev_value': 535, 'change': 1}
2022-10-06 08:43:56,843 : INFO : SwitchController : <<<<<<< 's_left_flipper' inactive >>>>>>>
2022-10-06 08:43:56,937 : INFO : SwitchController : <<<<<<< 's_eos_left_top' inactive >>>>>>>
2022-10-06 08:43:57,510 : INFO : SwitchController : <<<<<<< 's_pop_lower' active >>>>>>>
2022-10-06 08:43:57,510 : INFO : EventManager : Event: ======'playfield_active'====== Args={}
2022-10-06 08:43:57,510 : INFO : EventManager : Event: ======'unexpected_ball_on_playfield'====== Args={}
2022-10-06 08:43:57,510 : INFO : EventManager : Event: ======'machine_var_audits_switches_s_pop_lower'====== Args={'value': 158, 'prev_value': 157, 'change': 1}
2022-10-06 08:43:57,511 : INFO : SwitchController : <<<<<<< 's_pop_lower' inactive >>>>>>>
2022-10-06 08:43:57,977 : INFO : SwitchController : <<<<<<< 's_right_flipper' active >>>>>>>
2022-10-06 08:43:57,977 : INFO : EventManager : Event: ======'machine_var_audits_switches_s_right_flipper'====== Args={'value': 678, 'prev_value': 677, 'change': 1}
2022-10-06 08:43:58,163 : INFO : SwitchController : <<<<<<< 's_right_flipper' inactive >>>>>>>
2022-10-06 08:43:58,458 : INFO : SwitchController : <<<<<<< 's_pop_right' active >>>>>>>
2022-10-06 08:43:58,458 : INFO : EventManager : Event: ======'playfield_active'====== Args={}
2022-10-06 08:43:58,458 : INFO : EventManager : Event: ======'unexpected_ball_on_playfield'====== Args={}
2022-10-06 08:43:58,458 : INFO : EventManager : Event: ======'machine_var_audits_switches_s_pop_right'====== Args={'value': 137, 'prev_value': 136, 'change': 1}
2022-10-06 08:43:58,477 : INFO : SwitchController : <<<<<<< 's_pop_right' inactive >>>>>>>
2022-10-06 08:43:58,521 : INFO : SwitchController : <<<<<<< 's_pop_right' active >>>>>>>
2022-10-06 08:43:58,521 : INFO : EventManager : Event: ======'playfield_active'====== Args={}
2022-10-06 08:43:58,521 : INFO : EventManager : Event: ======'unexpected_ball_on_playfield'====== Args={}
2022-10-06 08:43:58,521 : INFO : EventManager : Event: ======'machine_var_audits_switches_s_pop_right'====== Args={'value': 138, 'prev_value': 137, 'change': 1}
2022-10-06 08:43:58,540 : INFO : SwitchController : <<<<<<< 's_pop_right' inactive >>>>>>>
2022-10-06 08:43:59,149 : INFO : SwitchController : <<<<<<< 's_right_flipper' active >>>>>>>
2022-10-06 08:43:59,149 : INFO : EventManager : Event: ======'machine_var_audits_switches_s_right_flipper'====== Args={'value': 679, 'prev_value': 678, 'change': 1}
2022-10-06 08:43:59,414 : INFO : SwitchController : <<<<<<< 's_right_flipper' inactive >>>>>>>
2022-10-06 08:44:00,111 : INFO : EventManager : Event: ======'balldevice_bd_trough_ball_eject_failed'====== Args={'target': <ball_device.bd_plunger>, 'balls': 1, 'retry': True, 'num_attempts': 2}
2022-10-06 08:44:00,112 : INFO : ball_device.bd_trough : State: waiting_for_target_ready
2022-10-06 08:44:00,112 : INFO : EventManager : Event: ======'balldevice_bd_trough_ball_eject_attempt'====== Args={'balls': 1, 'target': <ball_device.bd_plunger>, 'source': <ball_device.bd_trough>, 'mechanical_eject': True, 'num_attempts': 2}
2022-10-06 08:44:00,112 : INFO : ball_device.bd_trough : State: ejecting
2022-10-06 08:44:00,112 : INFO : ball_device.bd_trough : Ejecting ball to <ball_device.bd_plunger>
2022-10-06 08:44:00,112 : INFO : EventManager : Event: ======'balldevice_bd_trough_ejecting_ball'====== Args={'balls': 1, 'target': <ball_device.bd_plunger>, 'source': <ball_device.bd_trough>, 'mechanical_eject': True, 'num_attempts': 2}
2022-10-06 08:44:00,113 : INFO : ball_device.bd_trough : Wait for ball to leave device
2022-10-06 08:44:00,113 : INFO : coil.c_trough : Pulsing Driver for 25ms (0.8 pulse_power)
2022-10-06 08:44:00,174 : INFO : SwitchController : <<<<<<< 's_trough_4' active >>>>>>>
2022-10-06 08:44:00,174 : INFO : EventManager : Event: ======'machine_var_audits_switches_s_trough_4'====== Args={'value': 77, 'prev_value': 76, 'change': 1}
2022-10-06 08:44:00,174 : INFO : SwitchController : <<<<<<< 's_trough_2' active >>>>>>>
2022-10-06 08:44:00,174 : INFO : EventManager : Event: ======'machine_var_audits_switches_s_trough_2'====== Args={'value': 125, 'prev_value': 124, 'change': 1}
2022-10-06 08:44:00,175 : INFO : SwitchController : <<<<<<< 's_trough_4' inactive >>>>>>>
2022-10-06 08:44:00,175 : INFO : SwitchController : <<<<<<< 's_trough_2' inactive >>>>>>>
2022-10-06 08:44:00,204 : INFO : SwitchController : <<<<<<< 's_right_flipper' active >>>>>>>
2022-10-06 08:44:00,204 : INFO : EventManager : Event: ======'machine_var_audits_switches_s_right_flipper'====== Args={'value': 680, 'prev_value': 679, 'change': 1}
2022-10-06 08:44:00,204 : INFO : SwitchController : <<<<<<< 's_trough_6' active >>>>>>>
2022-10-06 08:44:00,204 : INFO : EventManager : Event: ======'machine_var_audits_switches_s_trough_6'====== Args={'value': 141, 'prev_value': 140, 'change': 1}
2022-10-06 08:44:00,236 : INFO : SwitchController : <<<<<<< 's_trough_6' inactive >>>>>>>
2022-10-06 08:44:00,255 : INFO : SwitchController : <<<<<<< 's_right_flipper' inactive >>>>>>>
2022-10-06 08:44:00,472 : INFO : SwitchController : <<<<<<< 's_right_flipper' active >>>>>>>
2022-10-06 08:44:00,473 : INFO : EventManager : Event: ======'machine_var_audits_switches_s_right_flipper'====== Args={'value': 681, 'prev_value': 680, 'change': 1}
2022-10-06 08:44:00,863 : INFO : SwitchController : <<<<<<< 's_right_flipper' inactive >>>>>>>
2022-10-06 08:44:01,811 : INFO : SwitchController : <<<<<<< 's_left_flipper' active >>>>>>>
2022-10-06 08:44:01,811 : INFO : EventManager : Event: ======'machine_var_audits_switches_s_left_flipper'====== Args={'value': 626, 'prev_value': 625, 'change': 1}
2022-10-06 08:44:01,842 : INFO : SwitchController : <<<<<<< 's_eos_left_top' active >>>>>>>
2022-10-06 08:44:01,842 : INFO : EventManager : Event: ======'machine_var_audits_switches_s_eos_left_top'====== Args={'value': 537, 'prev_value': 536, 'change': 1}
2022-10-06 08:44:02,028 : INFO : SwitchController : <<<<<<< 's_left_flipper' inactive >>>>>>>
2022-10-06 08:44:02,126 : INFO : SwitchController : <<<<<<< 's_eos_left_top' inactive >>>>>>>
2022-10-06 08:44:02,664 : INFO : SwitchController : <<<<<<< 's_right_flipper' active >>>>>>>
2022-10-06 08:44:02,664 : INFO : EventManager : Event: ======'machine_var_audits_switches_s_right_flipper'====== Args={'value': 682, 'prev_value': 681, 'change': 1}
2022-10-06 08:44:02,806 : INFO : SwitchController : <<<<<<< 's_right_flipper' inactive >>>>>>>
2022-10-06 08:44:03,137 : INFO : SwitchController : <<<<<<< 's_right_flipper' active >>>>>>>
2022-10-06 08:44:03,137 : INFO : EventManager : Event: ======'machine_var_audits_switches_s_right_flipper'====== Args={'value': 683, 'prev_value': 682, 'change': 1}
2022-10-06 08:44:03,366 : INFO : SwitchController : <<<<<<< 's_pop_left' active >>>>>>>
2022-10-06 08:44:03,366 : INFO : EventManager : Event: ======'playfield_active'====== Args={}
2022-10-06 08:44:03,366 : INFO : EventManager : Event: ======'unexpected_ball_on_playfield'====== Args={}
2022-10-06 08:44:03,366 : INFO : EventManager : Event: ======'machine_var_audits_switches_s_pop_left'====== Args={'value': 119, 'prev_value': 118, 'change': 1}
2022-10-06 08:44:03,366 : INFO : SwitchController : <<<<<<< 's_pop_left' inactive >>>>>>>
2022-10-06 08:44:03,549 : INFO : SwitchController : <<<<<<< 's_right_flipper' inactive >>>>>>>
2022-10-06 08:44:03,673 : INFO : SwitchController : <<<<<<< 's_left_flipper' active >>>>>>>
2022-10-06 08:44:03,673 : INFO : EventManager : Event: ======'machine_var_audits_switches_s_left_flipper'====== Args={'value': 627, 'prev_value': 626, 'change': 1}
2022-10-06 08:44:03,705 : INFO : SwitchController : <<<<<<< 's_eos_left_top' active >>>>>>>
2022-10-06 08:44:03,705 : INFO : EventManager : Event: ======'machine_var_audits_switches_s_eos_left_top'====== Args={'value': 538, 'prev_value': 537, 'change': 1}
2022-10-06 08:44:04,014 : INFO : SwitchController : <<<<<<< 's_left_flipper' inactive >>>>>>>
2022-10-06 08:44:04,108 : INFO : SwitchController : <<<<<<< 's_eos_left_top' inactive >>>>>>>
2022-10-06 08:44:04,145 : INFO : SwitchController : <<<<<<< 's_right_flipper' active >>>>>>>
2022-10-06 08:44:04,146 : INFO : EventManager : Event: ======'machine_var_audits_switches_s_right_flipper'====== Args={'value': 684, 'prev_value': 683, 'change': 1}
2022-10-06 08:44:04,499 : INFO : SwitchController : <<<<<<< 's_right_flipper' inactive >>>>>>>
2022-10-06 08:44:08,195 : INFO : SwitchController : <<<<<<< 's_right_flipper' active >>>>>>>
2022-10-06 08:44:08,195 : INFO : EventManager : Event: ======'machine_var_audits_switches_s_right_flipper'====== Args={'value': 685, 'prev_value': 684, 'change': 1}
2022-10-06 08:44:08,429 : INFO : SwitchController : <<<<<<< 's_drop_mid_left' active >>>>>>>
2022-10-06 08:44:08,429 : INFO : EventManager : Event: ======'playfield_active'====== Args={}
2022-10-06 08:44:08,429 : INFO : EventManager : Event: ======'unexpected_ball_on_playfield'====== Args={}
2022-10-06 08:44:08,429 : INFO : EventManager : Event: ======'drop_target_mid_left_down'====== Args={'device': <drop_target.mid_left>}
2022-10-06 08:44:08,429 : INFO : EventManager : Event: ======'drop_target_bank_mid_mixed'====== Args={'prev_value': <DropTargetBankState.MIXED: 'mixed'>, 'down': 2}
2022-10-06 08:44:08,429 : INFO : EventManager : Event: ======'machine_var_audits_switches_s_drop_mid_left'====== Args={'value': 65, 'prev_value': 64, 'change': 1}
2022-10-06 08:44:08,675 : INFO : SwitchController : <<<<<<< 's_left_flipper' active >>>>>>>
2022-10-06 08:44:08,675 : INFO : EventManager : Event: ======'flipper_cancel'====== Args={'triggering_group': 1, 'triggering_switch': 's_left_flipper'}
2022-10-06 08:44:08,675 : INFO : EventManager : Event: ======'machine_var_audits_switches_s_left_flipper'====== Args={'value': 628, 'prev_value': 627, 'change': 1}
2022-10-06 08:44:08,705 : INFO : SwitchController : <<<<<<< 's_eos_left_top' active >>>>>>>
2022-10-06 08:44:08,705 : INFO : EventManager : Event: ======'machine_var_audits_switches_s_eos_left_top'====== Args={'value': 539, 'prev_value': 538, 'change': 1}
2022-10-06 08:44:08,736 : INFO : SwitchController : <<<<<<< 's_right_flipper' inactive >>>>>>>
2022-10-06 08:44:08,736 : INFO : EventManager : Event: ======'both_flippers_one'====== Args={'triggering_group': 2, 'triggering_switch': 's_right_flipper'}
2022-10-06 08:44:08,895 : INFO : SwitchController : <<<<<<< 's_left_flipper' inactive >>>>>>>
2022-10-06 08:44:08,895 : INFO : EventManager : Event: ======'both_flippers_inactive'====== Args={'triggering_group': 1, 'triggering_switch': 's_left_flipper'}
2022-10-06 08:44:08,985 : INFO : SwitchController : <<<<<<< 's_eos_left_top' inactive >>>>>>>
2022-10-06 08:44:09,699 : INFO : SwitchController : <<<<<<< 's_left_flipper' active >>>>>>>
2022-10-06 08:44:09,699 : INFO : EventManager : Event: ======'machine_var_audits_switches_s_left_flipper'====== Args={'value': 629, 'prev_value': 628, 'change': 1}
2022-10-06 08:44:09,730 : INFO : SwitchController : <<<<<<< 's_eos_left_top' active >>>>>>>
2022-10-06 08:44:09,730 : INFO : EventManager : Event: ======'machine_var_audits_switches_s_eos_left_top'====== Args={'value': 540, 'prev_value': 539, 'change': 1}
2022-10-06 08:44:10,073 : INFO : SwitchController : <<<<<<< 's_left_flipper' inactive >>>>>>>
2022-10-06 08:44:10,119 : INFO : EventManager : Event: ======'balldevice_bd_trough_ball_eject_failed'====== Args={'target': <ball_device.bd_plunger>, 'balls': 1, 'retry': True, 'num_attempts': 3}
2022-10-06 08:44:10,120 : INFO : ball_device.bd_trough : State: waiting_for_target_ready
2022-10-06 08:44:10,120 : INFO : EventManager : Event: ======'balldevice_bd_trough_ball_eject_attempt'====== Args={'balls': 1, 'target': <ball_device.bd_plunger>, 'source': <ball_device.bd_trough>, 'mechanical_eject': True, 'num_attempts': 3}
2022-10-06 08:44:10,120 : INFO : ball_device.bd_trough : State: ejecting
2022-10-06 08:44:10,120 : INFO : ball_device.bd_trough : Ejecting ball to <ball_device.bd_plunger>
2022-10-06 08:44:10,120 : INFO : EventManager : Event: ======'balldevice_bd_trough_ejecting_ball'====== Args={'balls': 1, 'target': <ball_device.bd_plunger>, 'source': <ball_device.bd_trough>, 'mechanical_eject': True, 'num_attempts': 3}
2022-10-06 08:44:10,121 : INFO : ball_device.bd_trough : Wait for ball to leave device
2022-10-06 08:44:10,121 : INFO : coil.c_trough : Pulsing Driver for 20ms (0.8 pulse_power)
2022-10-06 08:44:10,166 : INFO : SwitchController : <<<<<<< 's_eos_left_top' inactive >>>>>>>
2022-10-06 08:44:10,166 : INFO : SwitchController : <<<<<<< 's_trough_2' active >>>>>>>
2022-10-06 08:44:10,166 : INFO : EventManager : Event: ======'machine_var_audits_switches_s_trough_2'====== Args={'value': 126, 'prev_value': 125, 'change': 1}
2022-10-06 08:44:10,166 : INFO : SwitchController : <<<<<<< 's_trough_2' inactive >>>>>>>
2022-10-06 08:44:10,635 : INFO : SwitchController : <<<<<<< 's_right_flipper' active >>>>>>>
2022-10-06 08:44:10,635 : INFO : EventManager : Event: ======'machine_var_audits_switches_s_right_flipper'====== Args={'value': 686, 'prev_value': 685, 'change': 1}
2022-10-06 08:44:10,742 : INFO : SwitchController : <<<<<<< 's_right_flipper' inactive >>>>>>>
2022-10-06 08:44:11,335 : INFO : SwitchController : <<<<<<< 's_left_flipper' active >>>>>>>
2022-10-06 08:44:11,335 : INFO : EventManager : Event: ======'machine_var_audits_switches_s_left_flipper'====== Args={'value': 630, 'prev_value': 629, 'change': 1}
2022-10-06 08:44:11,366 : INFO : SwitchController : <<<<<<< 's_eos_left_top' active >>>>>>>
2022-10-06 08:44:11,366 : INFO : EventManager : Event: ======'machine_var_audits_switches_s_eos_left_top'====== Args={'value': 541, 'prev_value': 540, 'change': 1}
2022-10-06 08:44:11,601 : INFO : SwitchController : <<<<<<< 's_left_flipper' inactive >>>>>>>
2022-10-06 08:44:11,708 : INFO : SwitchController : <<<<<<< 's_eos_left_top' inactive >>>>>>>
2022-10-06 08:44:13,112 : INFO : SwitchController : <<<<<<< 's_pop_lower' active >>>>>>>
2022-10-06 08:44:13,112 : INFO : EventManager : Event: ======'playfield_active'====== Args={}
2022-10-06 08:44:13,112 : INFO : EventManager : Event: ======'unexpected_ball_on_playfield'====== Args={}
2022-10-06 08:44:13,112 : INFO : EventManager : Event: ======'machine_var_audits_switches_s_pop_lower'====== Args={'value': 159, 'prev_value': 158, 'change': 1}
2022-10-06 08:44:13,141 : INFO : SwitchController : <<<<<<< 's_pop_lower' inactive >>>>>>>
2022-10-06 08:44:15,159 : INFO : SwitchController : <<<<<<< 's_right_outlane' active >>>>>>>
2022-10-06 08:44:15,159 : INFO : EventManager : Event: ======'sw_playfield_active'====== Args={}
2022-10-06 08:44:15,159 : INFO : EventManager : Event: ======'machine_var_audits_switches_s_right_outlane'====== Args={'value': 46, 'prev_value': 45, 'change': 1}
2022-10-06 08:44:15,165 : INFO : EventManager : Event: ======'playfield_active'====== Args={}
2022-10-06 08:44:15,165 : INFO : EventManager : Event: ======'unexpected_ball_on_playfield'====== Args={}
2022-10-06 08:44:15,253 : INFO : SwitchController : <<<<<<< 's_right_outlane' inactive >>>>>>>
2022-10-06 08:44:15,843 : INFO : SwitchController : <<<<<<< 's_right_flipper' active >>>>>>>
2022-10-06 08:44:15,843 : INFO : EventManager : Event: ======'machine_var_audits_switches_s_right_flipper'====== Args={'value': 687, 'prev_value': 686, 'change': 1}
2022-10-06 08:44:16,403 : INFO : SwitchController : <<<<<<< 's_right_flipper' inactive >>>>>>>
2022-10-06 08:44:18,424 : INFO : SwitchController : <<<<<<< 's_right_outlane' active >>>>>>>
2022-10-06 08:44:18,424 : INFO : EventManager : Event: ======'sw_playfield_active'====== Args={}
2022-10-06 08:44:18,424 : INFO : EventManager : Event: ======'machine_var_audits_switches_s_right_outlane'====== Args={'value': 47, 'prev_value': 46, 'change': 1}
2022-10-06 08:44:18,429 : INFO : EventManager : Event: ======'playfield_active'====== Args={}
2022-10-06 08:44:18,429 : INFO : EventManager : Event: ======'unexpected_ball_on_playfield'====== Args={}
2022-10-06 08:44:18,518 : INFO : SwitchController : <<<<<<< 's_right_outlane' inactive >>>>>>>
2022-10-06 08:44:19,077 : INFO : SwitchController : <<<<<<< 's_right_flipper' active >>>>>>>
2022-10-06 08:44:19,077 : INFO : EventManager : Event: ======'machine_var_audits_switches_s_right_flipper'====== Args={'value': 688, 'prev_value': 687, 'change': 1}
2022-10-06 08:44:19,636 : INFO : SwitchController : <<<<<<< 's_right_flipper' inactive >>>>>>>
2022-10-06 08:44:20,116 : INFO : EventManager : Event: ======'balldevice_bd_trough_ball_eject_failed'====== Args={'target': <ball_device.bd_plunger>, 'balls': 1, 'retry': True, 'num_attempts': 4}
2022-10-06 08:44:20,117 : INFO : ball_device.bd_trough : State: waiting_for_target_ready
2022-10-06 08:44:20,117 : INFO : EventManager : Event: ======'balldevice_bd_trough_ball_eject_attempt'====== Args={'balls': 1, 'target': <ball_device.bd_plunger>, 'source': <ball_device.bd_trough>, 'mechanical_eject': True, 'num_attempts': 4}
2022-10-06 08:44:20,118 : INFO : ball_device.bd_trough : State: ejecting
2022-10-06 08:44:20,118 : INFO : ball_device.bd_trough : Ejecting ball to <ball_device.bd_plunger>
2022-10-06 08:44:20,118 : INFO : EventManager : Event: ======'balldevice_bd_trough_ejecting_ball'====== Args={'balls': 1, 'target': <ball_device.bd_plunger>, 'source': <ball_device.bd_trough>, 'mechanical_eject': True, 'num_attempts': 4}
2022-10-06 08:44:20,118 : INFO : ball_device.bd_trough : Wait for ball to leave device
2022-10-06 08:44:20,119 : INFO : coil.c_trough : Pulsing Driver for 20ms (0.8 pulse_power)
2022-10-06 08:44:22,210 : INFO : SwitchController : <<<<<<< 's_left_flipper' active >>>>>>>
2022-10-06 08:44:22,210 : INFO : EventManager : Event: ======'machine_var_audits_switches_s_left_flipper'====== Args={'value': 631, 'prev_value': 630, 'change': 1}
2022-10-06 08:44:22,242 : INFO : SwitchController : <<<<<<< 's_eos_left_top' active >>>>>>>
2022-10-06 08:44:22,242 : INFO : EventManager : Event: ======'machine_var_audits_switches_s_eos_left_top'====== Args={'value': 542, 'prev_value': 541, 'change': 1}
2022-10-06 08:44:22,856 : INFO : SwitchController : <<<<<<< 's_left_flipper' inactive >>>>>>>
2022-10-06 08:44:22,951 : INFO : SwitchController : <<<<<<< 's_eos_left_top' inactive >>>>>>>
2022-10-06 08:44:23,534 : INFO : SwitchController : <<<<<<< 's_left_flipper' active >>>>>>>
2022-10-06 08:44:23,534 : INFO : EventManager : Event: ======'machine_var_audits_switches_s_left_flipper'====== Args={'value': 632, 'prev_value': 631, 'change': 1}
2022-10-06 08:44:23,565 : INFO : SwitchController : <<<<<<< 's_eos_left_top' active >>>>>>>
2022-10-06 08:44:23,565 : INFO : EventManager : Event: ======'machine_var_audits_switches_s_eos_left_top'====== Args={'value': 543, 'prev_value': 542, 'change': 1}
2022-10-06 08:44:23,849 : INFO : SwitchController : <<<<<<< 's_pop_right' active >>>>>>>
2022-10-06 08:44:23,849 : INFO : EventManager : Event: ======'playfield_active'====== Args={}
2022-10-06 08:44:23,849 : INFO : EventManager : Event: ======'unexpected_ball_on_playfield'====== Args={}
2022-10-06 08:44:23,849 : INFO : EventManager : Event: ======'machine_var_audits_switches_s_pop_right'====== Args={'value': 139, 'prev_value': 138, 'change': 1}
2022-10-06 08:44:23,868 : INFO : SwitchController : <<<<<<< 's_pop_right' inactive >>>>>>>
2022-10-06 08:44:24,069 : INFO : SwitchController : <<<<<<< 's_rollover_left' active >>>>>>>
2022-10-06 08:44:24,069 : INFO : EventManager : Event: ======'sw_playfield_active'====== Args={}
2022-10-06 08:44:24,069 : INFO : EventManager : Event: ======'machine_var_audits_switches_s_rollover_left'====== Args={'value': 27, 'prev_value': 26, 'change': 1}
2022-10-06 08:44:24,070 : INFO : EventManager : Event: ======'playfield_active'====== Args={}
2022-10-06 08:44:24,070 : INFO : EventManager : Event: ======'unexpected_ball_on_playfield'====== Args={}
2022-10-06 08:44:24,084 : INFO : SwitchController : <<<<<<< 's_left_flipper' inactive >>>>>>>
2022-10-06 08:44:24,132 : INFO : SwitchController : <<<<<<< 's_rollover_left' inactive >>>>>>>
2022-10-06 08:44:24,179 : INFO : SwitchController : <<<<<<< 's_eos_left_top' inactive >>>>>>>
2022-10-06 08:44:24,789 : INFO : SwitchController : <<<<<<< 's_left_flipper' active >>>>>>>
2022-10-06 08:44:24,789 : INFO : EventManager : Event: ======'machine_var_audits_switches_s_left_flipper'====== Args={'value': 633, 'prev_value': 632, 'change': 1}
2022-10-06 08:44:24,820 : INFO : SwitchController : <<<<<<< 's_eos_left_top' active >>>>>>>
2022-10-06 08:44:24,820 : INFO : EventManager : Event: ======'machine_var_audits_switches_s_eos_left_top'====== Args={'value': 544, 'prev_value': 543, 'change': 1}
2022-10-06 08:44:25,209 : INFO : SwitchController : <<<<<<< 's_left_flipper' inactive >>>>>>>
2022-10-06 08:44:25,301 : INFO : SwitchController : <<<<<<< 's_eos_left_top' inactive >>>>>>>
2022-10-06 08:44:26,372 : INFO : SwitchController : <<<<<<< 's_left_flipper' active >>>>>>>
2022-10-06 08:44:26,372 : INFO : EventManager : Event: ======'machine_var_audits_switches_s_left_flipper'====== Args={'value': 634, 'prev_value': 633, 'change': 1}
2022-10-06 08:44:26,402 : INFO : SwitchController : <<<<<<< 's_eos_left_top' active >>>>>>>
2022-10-06 08:44:26,402 : INFO : EventManager : Event: ======'machine_var_audits_switches_s_eos_left_top'====== Args={'value': 545, 'prev_value': 544, 'change': 1}
2022-10-06 08:44:26,714 : INFO : SwitchController : <<<<<<< 's_rollover_right' active >>>>>>>
2022-10-06 08:44:26,714 : INFO : EventManager : Event: ======'sw_playfield_active'====== Args={}
2022-10-06 08:44:26,714 : INFO : EventManager : Event: ======'machine_var_audits_switches_s_rollover_right'====== Args={'value': 26, 'prev_value': 25, 'change': 1}
2022-10-06 08:44:26,715 : INFO : SwitchController : <<<<<<< 's_rollover_right' inactive >>>>>>>
2022-10-06 08:44:26,715 : INFO : EventManager : Event: ======'playfield_active'====== Args={}
2022-10-06 08:44:26,715 : INFO : EventManager : Event: ======'unexpected_ball_on_playfield'====== Args={}
2022-10-06 08:44:26,839 : INFO : SwitchController : <<<<<<< 's_left_flipper' inactive >>>>>>>
2022-10-06 08:44:26,932 : INFO : SwitchController : <<<<<<< 's_eos_left_top' inactive >>>>>>>
2022-10-06 08:44:27,009 : INFO : SwitchController : <<<<<<< 's_right_flipper' active >>>>>>>
2022-10-06 08:44:27,009 : INFO : EventManager : Event: ======'machine_var_audits_switches_s_right_flipper'====== Args={'value': 689, 'prev_value': 688, 'change': 1}
2022-10-06 08:44:27,351 : INFO : SwitchController : <<<<<<< 's_right_flipper' inactive >>>>>>>
2022-10-06 08:44:27,543 : INFO : SwitchController : <<<<<<< 's_left_flipper' active >>>>>>>
2022-10-06 08:44:27,543 : INFO : EventManager : Event: ======'machine_var_audits_switches_s_left_flipper'====== Args={'value': 635, 'prev_value': 634, 'change': 1}
2022-10-06 08:44:27,574 : INFO : SwitchController : <<<<<<< 's_eos_left_top' active >>>>>>>
2022-10-06 08:44:27,574 : INFO : EventManager : Event: ======'machine_var_audits_switches_s_eos_left_top'====== Args={'value': 546, 'prev_value': 545, 'change': 1}
2022-10-06 08:44:27,718 : INFO : SwitchController : <<<<<<< 's_left_flipper' inactive >>>>>>>
2022-10-06 08:44:27,765 : INFO : SwitchController : <<<<<<< 's_pop_right' active >>>>>>>
2022-10-06 08:44:27,765 : INFO : EventManager : Event: ======'playfield_active'====== Args={}
2022-10-06 08:44:27,765 : INFO : EventManager : Event: ======'unexpected_ball_on_playfield'====== Args={}
2022-10-06 08:44:27,765 : INFO : EventManager : Event: ======'machine_var_audits_switches_s_pop_right'====== Args={'value': 140, 'prev_value': 139, 'change': 1}
2022-10-06 08:44:27,781 : INFO : SwitchController : <<<<<<< 's_pop_right' inactive >>>>>>>
2022-10-06 08:44:27,800 : INFO : SwitchController : <<<<<<< 's_eos_left_top' inactive >>>>>>>
2022-10-06 08:44:27,937 : INFO : SwitchController : <<<<<<< 's_rollover_left' active >>>>>>>
2022-10-06 08:44:27,937 : INFO : EventManager : Event: ======'sw_playfield_active'====== Args={}
2022-10-06 08:44:27,937 : INFO : EventManager : Event: ======'machine_var_audits_switches_s_rollover_left'====== Args={'value': 28, 'prev_value': 27, 'change': 1}
2022-10-06 08:44:27,937 : INFO : SwitchController : <<<<<<< 's_rollover_left' inactive >>>>>>>
2022-10-06 08:44:27,938 : INFO : EventManager : Event: ======'playfield_active'====== Args={}
2022-10-06 08:44:27,938 : INFO : EventManager : Event: ======'unexpected_ball_on_playfield'====== Args={}
2022-10-06 08:44:28,912 : INFO : SwitchController : <<<<<<< 's_left_flipper' active >>>>>>>
2022-10-06 08:44:28,912 : INFO : EventManager : Event: ======'machine_var_audits_switches_s_left_flipper'====== Args={'value': 636, 'prev_value': 635, 'change': 1}
2022-10-06 08:44:28,912 : INFO : SwitchController : <<<<<<< 's_left_flipper' inactive >>>>>>>
2022-10-06 08:44:28,943 : INFO : SwitchController : <<<<<<< 's_eos_left_top' active >>>>>>>
2022-10-06 08:44:28,943 : INFO : EventManager : Event: ======'machine_var_audits_switches_s_eos_left_top'====== Args={'value': 547, 'prev_value': 546, 'change': 1}
2022-10-06 08:44:28,974 : INFO : SwitchController : <<<<<<< 's_eos_left_top' inactive >>>>>>>
2022-10-06 08:44:29,304 : INFO : SwitchController : <<<<<<< 's_left_flipper' active >>>>>>>
2022-10-06 08:44:29,304 : INFO : EventManager : Event: ======'machine_var_audits_switches_s_left_flipper'====== Args={'value': 637, 'prev_value': 636, 'change': 1}
2022-10-06 08:44:29,335 : INFO : SwitchController : <<<<<<< 's_eos_left_top' active >>>>>>>
2022-10-06 08:44:29,335 : INFO : EventManager : Event: ======'machine_var_audits_switches_s_eos_left_top'====== Args={'value': 548, 'prev_value': 547, 'change': 1}
2022-10-06 08:44:29,414 : INFO : SwitchController : <<<<<<< 's_left_flipper' inactive >>>>>>>
2022-10-06 08:44:29,508 : INFO : SwitchController : <<<<<<< 's_eos_left_top' inactive >>>>>>>
2022-10-06 08:44:29,834 : INFO : SwitchController : <<<<<<< 's_trough_6' active >>>>>>>
2022-10-06 08:44:29,834 : INFO : EventManager : Event: ======'machine_var_audits_switches_s_trough_6'====== Args={'value': 142, 'prev_value': 141, 'change': 1}
2022-10-06 08:44:29,928 : INFO : SwitchController : <<<<<<< 's_trough_6' inactive >>>>>>>
2022-10-06 08:44:30,006 : INFO : SwitchController : <<<<<<< 's_trough_5' active >>>>>>>
2022-10-06 08:44:30,006 : INFO : EventManager : Event: ======'machine_var_audits_switches_s_trough_5'====== Args={'value': 83, 'prev_value': 82, 'change': 1}
2022-10-06 08:44:30,084 : INFO : SwitchController : <<<<<<< 's_trough_5' inactive >>>>>>>
2022-10-06 08:44:30,116 : INFO : EventManager : Event: ======'balldevice_bd_trough_ball_eject_failed'====== Args={'target': <ball_device.bd_plunger>, 'balls': 1, 'retry': True, 'num_attempts': 5}
2022-10-06 08:44:30,116 : INFO : ball_device.bd_trough : State: waiting_for_target_ready
2022-10-06 08:44:30,117 : INFO : EventManager : Event: ======'balldevice_bd_trough_ball_eject_attempt'====== Args={'balls': 1, 'target': <ball_device.bd_plunger>, 'source': <ball_device.bd_trough>, 'mechanical_eject': True, 'num_attempts': 5}
2022-10-06 08:44:30,117 : INFO : ball_device.bd_trough : State: ejecting
2022-10-06 08:44:30,117 : INFO : ball_device.bd_trough : Ejecting ball to <ball_device.bd_plunger>
2022-10-06 08:44:30,117 : INFO : EventManager : Event: ======'balldevice_bd_trough_ejecting_ball'====== Args={'balls': 1, 'target': <ball_device.bd_plunger>, 'source': <ball_device.bd_trough>, 'mechanical_eject': True, 'num_attempts': 5}
2022-10-06 08:44:30,118 : INFO : ball_device.bd_trough : Wait for ball to leave device
2022-10-06 08:44:30,118 : INFO : coil.c_trough : Pulsing Driver for 20ms (0.8 pulse_power)
2022-10-06 08:44:30,146 : INFO : SwitchController : <<<<<<< 's_trough_4' active >>>>>>>
2022-10-06 08:44:30,146 : INFO : EventManager : Event: ======'machine_var_audits_switches_s_trough_4'====== Args={'value': 78, 'prev_value': 77, 'change': 1}
2022-10-06 08:44:30,208 : INFO : SwitchController : <<<<<<< 's_trough_4' inactive >>>>>>>
2022-10-06 08:44:30,270 : INFO : SwitchController : <<<<<<< 's_trough_3' active >>>>>>>
2022-10-06 08:44:30,270 : INFO : EventManager : Event: ======'machine_var_audits_switches_s_trough_3'====== Args={'value': 77, 'prev_value': 76, 'change': 1}
2022-10-06 08:44:30,318 : INFO : SwitchController : <<<<<<< 's_trough_3' inactive >>>>>>>
2022-10-06 08:44:30,366 : INFO : SwitchController : <<<<<<< 's_trough_2' active >>>>>>>
2022-10-06 08:44:30,366 : INFO : EventManager : Event: ======'machine_var_audits_switches_s_trough_2'====== Args={'value': 127, 'prev_value': 126, 'change': 1}
2022-10-06 08:44:30,448 : INFO : SwitchController : <<<<<<< 's_trough_2' inactive >>>>>>>
2022-10-06 08:44:31,956 : INFO : SwitchController : <<<<<<< 's_right_flipper' active >>>>>>>
2022-10-06 08:44:31,956 : INFO : EventManager : Event: ======'machine_var_audits_switches_s_right_flipper'====== Args={'value': 690, 'prev_value': 689, 'change': 1}
2022-10-06 08:44:31,989 : INFO : SwitchController : <<<<<<< 's_left_flipper' active >>>>>>>
2022-10-06 08:44:31,989 : INFO : EventManager : Event: ======'flipper_cancel'====== Args={'triggering_group': 1, 'triggering_switch': 's_left_flipper'}
2022-10-06 08:44:31,989 : INFO : EventManager : Event: ======'machine_var_audits_switches_s_left_flipper'====== Args={'value': 638, 'prev_value': 637, 'change': 1}
2022-10-06 08:44:32,018 : INFO : SwitchController : <<<<<<< 's_eos_left_top' active >>>>>>>
2022-10-06 08:44:32,018 : INFO : EventManager : Event: ======'machine_var_audits_switches_s_eos_left_top'====== Args={'value': 549, 'prev_value': 548, 'change': 1}
2022-10-06 08:44:32,112 : INFO : SwitchController : <<<<<<< 's_left_flipper' inactive >>>>>>>
2022-10-06 08:44:32,112 : INFO : EventManager : Event: ======'both_flippers_one'====== Args={'triggering_group': 1, 'triggering_switch': 's_left_flipper'}
2022-10-06 08:44:32,174 : INFO : SwitchController : <<<<<<< 's_right_flipper' inactive >>>>>>>
2022-10-06 08:44:32,174 : INFO : EventManager : Event: ======'both_flippers_inactive'====== Args={'triggering_group': 2, 'triggering_switch': 's_right_flipper'}
2022-10-06 08:44:32,206 : INFO : SwitchController : <<<<<<< 's_eos_left_top' inactive >>>>>>>
2022-10-06 08:44:32,845 : INFO : SwitchController : <<<<<<< 's_right_flipper' active >>>>>>>
2022-10-06 08:44:32,845 : INFO : EventManager : Event: ======'machine_var_audits_switches_s_right_flipper'====== Args={'value': 691, 'prev_value': 690, 'change': 1}
2022-10-06 08:44:33,065 : INFO : SwitchController : <<<<<<< 's_right_flipper' inactive >>>>>>>
2022-10-06 08:44:35,459 : INFO : SwitchController : <<<<<<< 's_right_flipper' active >>>>>>>
2022-10-06 08:44:35,459 : INFO : EventManager : Event: ======'machine_var_audits_switches_s_right_flipper'====== Args={'value': 692, 'prev_value': 691, 'change': 1}
2022-10-06 08:44:35,490 : INFO : SwitchController : <<<<<<< 's_left_flipper' active >>>>>>>
2022-10-06 08:44:35,490 : INFO : EventManager : Event: ======'flipper_cancel'====== Args={'triggering_group': 1, 'triggering_switch': 's_left_flipper'}
2022-10-06 08:44:35,490 : INFO : EventManager : Event: ======'machine_var_audits_switches_s_left_flipper'====== Args={'value': 639, 'prev_value': 638, 'change': 1}
2022-10-06 08:44:35,522 : INFO : SwitchController : <<<<<<< 's_eos_left_top' active >>>>>>>
2022-10-06 08:44:35,522 : INFO : EventManager : Event: ======'machine_var_audits_switches_s_eos_left_top'====== Args={'value': 550, 'prev_value': 549, 'change': 1}
2022-10-06 08:44:35,697 : INFO : SwitchController : <<<<<<< 's_right_flipper' inactive >>>>>>>
2022-10-06 08:44:35,697 : INFO : EventManager : Event: ======'both_flippers_one'====== Args={'triggering_group': 2, 'triggering_switch': 's_right_flipper'}
2022-10-06 08:44:35,697 : INFO : SwitchController : <<<<<<< 's_left_flipper' inactive >>>>>>>
2022-10-06 08:44:35,697 : INFO : EventManager : Event: ======'both_flippers_inactive'====== Args={'triggering_group': 1, 'triggering_switch': 's_left_flipper'}
2022-10-06 08:44:35,791 : INFO : SwitchController : <<<<<<< 's_eos_left_top' inactive >>>>>>>
2022-10-06 08:44:35,822 : INFO : SwitchController : <<<<<<< 's_right_flipper' active >>>>>>>
2022-10-06 08:44:35,822 : INFO : EventManager : Event: ======'machine_var_audits_switches_s_right_flipper'====== Args={'value': 693, 'prev_value': 692, 'change': 1}
2022-10-06 08:44:35,822 : INFO : SwitchController : <<<<<<< 's_left_flipper' active >>>>>>>
2022-10-06 08:44:35,822 : INFO : EventManager : Event: ======'flipper_cancel'====== Args={'triggering_group': 1, 'triggering_switch': 's_left_flipper'}
2022-10-06 08:44:35,822 : INFO : EventManager : Event: ======'machine_var_audits_switches_s_left_flipper'====== Args={'value': 640, 'prev_value': 639, 'change': 1}
2022-10-06 08:44:35,870 : INFO : SwitchController : <<<<<<< 's_eos_left_top' active >>>>>>>
2022-10-06 08:44:35,870 : INFO : EventManager : Event: ======'machine_var_audits_switches_s_eos_left_top'====== Args={'value': 551, 'prev_value': 550, 'change': 1}
2022-10-06 08:44:36,026 : INFO : SwitchController : <<<<<<< 's_right_flipper' inactive >>>>>>>
2022-10-06 08:44:36,026 : INFO : EventManager : Event: ======'both_flippers_one'====== Args={'triggering_group': 2, 'triggering_switch': 's_right_flipper'}
2022-10-06 08:44:36,047 : INFO : SwitchController : <<<<<<< 's_left_flipper' inactive >>>>>>>
2022-10-06 08:44:36,047 : INFO : EventManager : Event: ======'both_flippers_inactive'====== Args={'triggering_group': 1, 'triggering_switch': 's_left_flipper'}
2022-10-06 08:44:36,140 : INFO : SwitchController : <<<<<<< 's_eos_left_top' inactive >>>>>>>
2022-10-06 08:44:37,044 : INFO : SwitchController : <<<<<<< 's_right_flipper' active >>>>>>>
2022-10-06 08:44:37,045 : INFO : EventManager : Event: ======'machine_var_audits_switches_s_right_flipper'====== Args={'value': 694, 'prev_value': 693, 'change': 1}
2022-10-06 08:44:37,338 : INFO : SwitchController : <<<<<<< 's_right_flipper' inactive >>>>>>>
2022-10-06 08:44:37,492 : INFO : SwitchController : <<<<<<< 's_left_flipper' active >>>>>>>
2022-10-06 08:44:37,492 : INFO : EventManager : Event: ======'machine_var_audits_switches_s_left_flipper'====== Args={'value': 641, 'prev_value': 640, 'change': 1}
2022-10-06 08:44:37,524 : INFO : SwitchController : <<<<<<< 's_eos_left_top' active >>>>>>>
2022-10-06 08:44:37,524 : INFO : EventManager : Event: ======'machine_var_audits_switches_s_eos_left_top'====== Args={'value': 552, 'prev_value': 551, 'change': 1}
2022-10-06 08:44:37,571 : INFO : SwitchController : <<<<<<< 's_right_flipper' active >>>>>>>
2022-10-06 08:44:37,571 : INFO : EventManager : Event: ======'flipper_cancel'====== Args={'triggering_group': 2, 'triggering_switch': 's_right_flipper'}
2022-10-06 08:44:37,571 : INFO : EventManager : Event: ======'machine_var_audits_switches_s_right_flipper'====== Args={'value': 695, 'prev_value': 694, 'change': 1}
2022-10-06 08:44:38,072 : INFO : SwitchController : <<<<<<< 's_left_flipper' inactive >>>>>>>
2022-10-06 08:44:38,072 : INFO : EventManager : Event: ======'both_flippers_one'====== Args={'triggering_group': 1, 'triggering_switch': 's_left_flipper'}
2022-10-06 08:44:38,103 : INFO : SwitchController : <<<<<<< 's_right_flipper' inactive >>>>>>>
2022-10-06 08:44:38,103 : INFO : EventManager : Event: ======'both_flippers_inactive'====== Args={'triggering_group': 2, 'triggering_switch': 's_right_flipper'}
2022-10-06 08:44:38,166 : INFO : SwitchController : <<<<<<< 's_eos_left_top' inactive >>>>>>>
2022-10-06 08:44:38,625 : INFO : SwitchController : <<<<<<< 's_left_flipper' active >>>>>>>
2022-10-06 08:44:38,625 : INFO : EventManager : Event: ======'machine_var_audits_switches_s_left_flipper'====== Args={'value': 642, 'prev_value': 641, 'change': 1}
2022-10-06 08:44:38,646 : INFO : SwitchController : <<<<<<< 's_eos_left_top' active >>>>>>>
2022-10-06 08:44:38,646 : INFO : EventManager : Event: ======'machine_var_audits_switches_s_eos_left_top'====== Args={'value': 553, 'prev_value': 552, 'change': 1}
2022-10-06 08:44:38,662 : INFO : SwitchController : <<<<<<< 's_right_flipper' active >>>>>>>
2022-10-06 08:44:38,662 : INFO : EventManager : Event: ======'flipper_cancel'====== Args={'triggering_group': 2, 'triggering_switch': 's_right_flipper'}
2022-10-06 08:44:38,662 : INFO : EventManager : Event: ======'machine_var_audits_switches_s_right_flipper'====== Args={'value': 696, 'prev_value': 695, 'change': 1}
2022-10-06 08:44:38,829 : INFO : SwitchController : <<<<<<< 's_left_flipper' inactive >>>>>>>
2022-10-06 08:44:38,829 : INFO : EventManager : Event: ======'both_flippers_one'====== Args={'triggering_group': 1, 'triggering_switch': 's_left_flipper'}
2022-10-06 08:44:38,845 : INFO : SwitchController : <<<<<<< 's_right_flipper' inactive >>>>>>>
2022-10-06 08:44:38,845 : INFO : EventManager : Event: ======'both_flippers_inactive'====== Args={'triggering_group': 2, 'triggering_switch': 's_right_flipper'}
2022-10-06 08:44:38,939 : INFO : SwitchController : <<<<<<< 's_eos_left_top' inactive >>>>>>>
2022-10-06 08:44:40,120 : INFO : EventManager : Event: ======'balldevice_bd_trough_ball_eject_failed'====== Args={'target': <ball_device.bd_plunger>, 'balls': 1, 'retry': True, 'num_attempts': 6}
2022-10-06 08:44:40,121 : INFO : ball_device.bd_trough : State: waiting_for_target_ready
2022-10-06 08:44:40,121 : INFO : EventManager : Event: ======'balldevice_bd_trough_ball_eject_attempt'====== Args={'balls': 1, 'target': <ball_device.bd_plunger>, 'source': <ball_device.bd_trough>, 'mechanical_eject': True, 'num_attempts': 6}
2022-10-06 08:44:40,121 : INFO : ball_device.bd_trough : State: ejecting
2022-10-06 08:44:40,121 : INFO : ball_device.bd_trough : Ejecting ball to <ball_device.bd_plunger>
2022-10-06 08:44:40,121 : INFO : EventManager : Event: ======'balldevice_bd_trough_ejecting_ball'====== Args={'balls': 1, 'target': <ball_device.bd_plunger>, 'source': <ball_device.bd_trough>, 'mechanical_eject': True, 'num_attempts': 6}
2022-10-06 08:44:40,122 : INFO : ball_device.bd_trough : Wait for ball to leave device
2022-10-06 08:44:40,122 : INFO : coil.c_trough : Pulsing Driver for 20ms (0.8 pulse_power)
2022-10-06 08:44:43,735 : INFO : Machine : Shutting down...
2022-10-06 08:44:43,735 : INFO : EventManager : Event: ======'shutdown'====== Args={}
2022-10-06 08:44:43,750 : WARNING : FAST : Port RGB received more messages than were sent! Resetting!
2022-10-06 08:44:43,750 : WARNING : FAST : Port NET received more messages than were sent! Resetting!
2022-10-06 08:44:43,829 : ERROR : FAST : Stop called on serial connection com9
2022-10-06 08:44:43,829 : ERROR : FAST : Stop called on serial connection com10
2022-10-06 08:44:44,061 : INFO : root : MPF run loop ended.
