2022-10-06 07:39:15,705 : INFO : root : Loading config.
2022-10-06 07:39:15,708 : INFO : YamlMultifileConfigLoader : Machine config file #1: config.yaml
2022-10-06 07:39:15,708 : INFO : ConfigProcessor : Loading config from cache: C:\Users\Tanner\AppData\Local\Temp\a6762098cb994b55cb03a478b26022ee.mpf_cache
2022-10-06 07:39:15,768 : INFO : ConfigProcessor : Loading config from cache: C:\Users\Tanner\AppData\Local\Temp\9cf7ccc27b21f4d6162237fadfc53e5a.mpf_cache
2022-10-06 07:39:15,769 : INFO : ConfigProcessor : Loading config from cache: C:\Users\Tanner\AppData\Local\Temp\c215df352878fee5d54f1a5ec5b16e7c.mpf_cache
2022-10-06 07:39:15,770 : INFO : ConfigProcessor : Loading config from cache: C:\Users\Tanner\AppData\Local\Temp\708062243e0edcfa77dd6b1521bd0d4e.mpf_cache
2022-10-06 07:39:15,770 : INFO : ConfigProcessor : Loading config from cache: C:\Users\Tanner\AppData\Local\Temp\c4174472f67f7b070dd6fb437c6feb0c.mpf_cache
2022-10-06 07:39:15,771 : INFO : ConfigProcessor : Loading config from cache: C:\Users\Tanner\AppData\Local\Temp\abaa92c43d134e3392cbb2346e6a16be.mpf_cache
2022-10-06 07:39:15,772 : INFO : ConfigProcessor : Loading config from cache: C:\Users\Tanner\AppData\Local\Temp\fc46d53fcb9fe6b8abf783d9c813390a.mpf_cache
2022-10-06 07:39:15,772 : INFO : Machine : Mission Pinball Framework Core Engine v0.55.0
2022-10-06 07:39:15,773 : INFO : Machine : Command line arguments: {'no_load_cache': False, 'create_config_cache': True, 'bcp': False, 'configfile': ['config.yaml'], 'force_assets_load': False, 'jsonlogging': False, 'logfile': 'logs\\2022-10-06-07-39-15-mpf-DESKTOP-7HNFDQ5.log', 'pause': False, 'production': False, 'text_ui': True, 'loglevel': 15, 'consoleloglevel': 20, 'force_platform': None, 'syslog_address': None, 'mc_file_name': None, 'no_sound': False}
2022-10-06 07:39:15,773 : INFO : Machine : MPF path: c:\users\tanner\appdata\local\programs\python\python37\lib\site-packages\mpf
2022-10-06 07:39:15,773 : INFO : Machine : Machine path: c:\trashland_2
2022-10-06 07:39:15,773 : INFO : Machine : Platform: win32
2022-10-06 07:39:15,773 : INFO : Machine : Python executable location: c:\users\tanner\appdata\local\programs\python\python37\python.exe
2022-10-06 07:39:15,773 : INFO : Machine : Python version: 3.7.8 (64-bit)
2022-10-06 07:39:15,774 : INFO : Machine : Initialise MPF.
2022-10-06 07:39:16,001 : INFO : FAST : Connecting to com9 at 921600bps
2022-10-06 07:39:16,033 : INFO : FAST : Connected! Processor: NET, Board Type: FP-CPU-002-2, Firmware: 01.05
2022-10-06 07:39:16,033 : INFO : EventManager : Event: ======'machine_var_fast_net_firmware'====== Args={'value': '01.05', 'prev_value': None, 'change': True}
2022-10-06 07:39:16,033 : INFO : EventManager : Event: ======'machine_var_fast_net_model'====== Args={'value': 'FP-CPU-002-2', 'prev_value': None, 'change': True}
2022-10-06 07:39:18,420 : WARNING : FAST : Got unexpected message from FAST: -N:2B
2022-10-06 07:39:18,420 : WARNING : FAST : Got unexpected message from FAST: -N:2C
2022-10-06 07:39:18,420 : WARNING : FAST : Got unexpected message from FAST: -N:30
2022-10-06 07:39:18,420 : WARNING : FAST : Got unexpected message from FAST: -N:33
2022-10-06 07:39:18,420 : WARNING : FAST : Got unexpected message from FAST: -N:34
2022-10-06 07:39:18,420 : WARNING : FAST : Got unexpected message from FAST: -N:38
2022-10-06 07:39:18,420 : WARNING : FAST : Got unexpected message from FAST: -N:40
2022-10-06 07:39:18,420 : WARNING : FAST : Got unexpected message from FAST: -N:41
2022-10-06 07:39:18,420 : WARNING : FAST : Got unexpected message from FAST: -N:42
2022-10-06 07:39:18,420 : WARNING : FAST : Got unexpected message from FAST: -N:43
2022-10-06 07:39:18,420 : WARNING : FAST : Got unexpected message from FAST: -N:44
2022-10-06 07:39:18,543 : INFO : FAST : Connecting to com10 at 921600bps
2022-10-06 07:39:18,575 : INFO : FAST : Connected! Processor: RGB, Board Type: FP-CPU-002-2, Firmware: 00.87
2022-10-06 07:39:18,575 : INFO : EventManager : Event: ======'machine_var_fast_rgb_firmware'====== Args={'value': '00.87', 'prev_value': None, 'change': True}
2022-10-06 07:39:18,575 : INFO : EventManager : Event: ======'machine_var_fast_rgb_model'====== Args={'value': 'FP-CPU-002-2', 'prev_value': None, 'change': True}
2022-10-06 07:39:18,575 : INFO : EventManager : Event: ======'machine_var_credits_string'====== Args={'value': 'FREE PLAY', 'prev_value': None, 'change': True}
2022-10-06 07:39:18,615 : INFO : EventManager : Event: ======'machine_var_master_volume'====== Args={'value': 0.5, 'prev_value': None, 'change': True}
2022-10-06 07:39:18,615 : INFO : EventManager : Event: ======'machine_var_mpf_version'====== Args={'value': 'MPF v0.55.0', 'prev_value': None, 'change': True}
2022-10-06 07:39:18,615 : INFO : EventManager : Event: ======'machine_var_mpf_extended_version'====== Args={'value': 'MPF v0.55.0, Config version:5, Show version: 5, BCP version:1.1', 'prev_value': None, 'change': True}
2022-10-06 07:39:18,615 : INFO : EventManager : Event: ======'machine_var_python_version'====== Args={'value': '3.7.8', 'prev_value': None, 'change': True}
2022-10-06 07:39:18,615 : INFO : EventManager : Event: ======'machine_var_platform'====== Args={'value': 'Windows-10-10.0.19041-SP0', 'prev_value': None, 'change': True}
2022-10-06 07:39:18,615 : INFO : EventManager : Event: ======'machine_var_platform_system'====== Args={'value': 'Windows', 'prev_value': None, 'change': True}
2022-10-06 07:39:18,615 : INFO : EventManager : Event: ======'machine_var_platform_release'====== Args={'value': '10', 'prev_value': None, 'change': True}
2022-10-06 07:39:18,615 : INFO : EventManager : Event: ======'machine_var_platform_version'====== Args={'value': '10.0.19041', 'prev_value': None, 'change': True}
2022-10-06 07:39:18,616 : INFO : EventManager : Event: ======'machine_var_platform_machine'====== Args={'value': 'AMD64', 'prev_value': None, 'change': True}
2022-10-06 07:39:18,616 : INFO : EventManager : Event: ======'init_phase_1'====== Args={}
2022-10-06 07:39:18,650 : INFO : EventManager : Event: ======'drop_target_bank_mid_up'====== Args={}
2022-10-06 07:39:18,651 : INFO : EventManager : Event: ======'drop_target_bank_right_up'====== Args={}
2022-10-06 07:39:18,661 : INFO : EventManager : Event: ======'init_phase_2'====== Args={}
2022-10-06 07:39:18,662 : INFO : SwitchController : Found active switch: (('2C', 1), <Platform.FAST>) <switch.s_drop_mid_mid>
2022-10-06 07:39:18,662 : INFO : SwitchController : Found active switch: (('2B', 1), <Platform.FAST>) <switch.s_drop_mid_left>
2022-10-06 07:39:18,662 : INFO : SwitchController : Found active switch: (('30', 1), <Platform.FAST>) <switch.s_drop_right_right>
2022-10-06 07:39:18,662 : INFO : SwitchController : Found active switch: (('3E', 1), <Platform.FAST>) <switch.s_trough_1>
2022-10-06 07:39:18,662 : INFO : SwitchController : Found active switch: (('3D', 1), <Platform.FAST>) <switch.s_trough_jam>
2022-10-06 07:39:18,662 : INFO : SwitchController : Found active switch: (('3C', 1), <Platform.FAST>) <switch.s_eos_right>
2022-10-06 07:39:18,662 : INFO : SwitchController : Found active switch: (('3B', 1), <Platform.FAST>) <switch.s_eos_left>
2022-10-06 07:39:18,662 : INFO : SwitchController : Found active switch: (('5D', 1), <Platform.FAST>) <switch.s_bot_vuk>
2022-10-06 07:39:18,669 : INFO : ball_device.bd_trough : BCH: Initial count: 2
2022-10-06 07:39:18,669 : INFO : ball_device.bd_trough : State: idle
2022-10-06 07:39:18,670 : INFO : ball_device.bd_plunger : BCH: Initial count: 0
2022-10-06 07:39:18,670 : INFO : ball_device.bd_plunger : State: idle
2022-10-06 07:39:18,670 : INFO : ball_device.bd_top_vuk : BCH: Initial count: 0
2022-10-06 07:39:18,671 : INFO : ball_device.bd_top_vuk : State: idle
2022-10-06 07:39:18,671 : INFO : ball_device.bd_right_vuk : BCH: Initial count: 0
2022-10-06 07:39:18,671 : INFO : ball_device.bd_right_vuk : State: idle
2022-10-06 07:39:18,708 : INFO : EventManager : Event: ======'init_phase_3'====== Args={}
2022-10-06 07:39:18,742 : INFO : EventManager : Event: ======'init_phase_4'====== Args={}
2022-10-06 07:39:18,742 : INFO : EventManager : Event: ======'playfield_active'====== Args={}
2022-10-06 07:39:18,742 : INFO : EventManager : Event: ======'unexpected_ball_on_playfield'====== Args={}
2022-10-06 07:39:18,742 : INFO : EventManager : Event: ======'playfield_active'====== Args={}
2022-10-06 07:39:18,743 : INFO : EventManager : Event: ======'unexpected_ball_on_playfield'====== Args={}
2022-10-06 07:39:18,743 : INFO : EventManager : Event: ======'playfield_active'====== Args={}
2022-10-06 07:39:18,743 : INFO : EventManager : Event: ======'unexpected_ball_on_playfield'====== Args={}
2022-10-06 07:39:18,743 : INFO : EventManager : Event: ======'drop_target_mid_mid_down'====== Args={'device': <drop_target.mid_mid>}
2022-10-06 07:39:18,743 : INFO : EventManager : Event: ======'drop_target_bank_mid_mixed'====== Args={'prev_value': <DropTargetBankState.UP: 'up'>, 'down': 1}
2022-10-06 07:39:18,743 : INFO : EventManager : Event: ======'playfield_active'====== Args={}
2022-10-06 07:39:18,743 : INFO : EventManager : Event: ======'unexpected_ball_on_playfield'====== Args={}
2022-10-06 07:39:18,743 : INFO : EventManager : Event: ======'drop_target_mid_left_down'====== Args={'device': <drop_target.mid_left>}
2022-10-06 07:39:18,743 : INFO : EventManager : Event: ======'drop_target_bank_mid_mixed'====== Args={'prev_value': <DropTargetBankState.MIXED: 'mixed'>, 'down': 2}
2022-10-06 07:39:18,743 : INFO : EventManager : Event: ======'playfield_active'====== Args={}
2022-10-06 07:39:18,743 : INFO : EventManager : Event: ======'unexpected_ball_on_playfield'====== Args={}
2022-10-06 07:39:18,743 : INFO : EventManager : Event: ======'drop_target_right_right_down'====== Args={'device': <drop_target.right_right>}
2022-10-06 07:39:18,743 : INFO : EventManager : Event: ======'drop_target_bank_right_mixed'====== Args={'prev_value': <DropTargetBankState.UP: 'up'>, 'down': 1}
2022-10-06 07:39:18,743 : INFO : EventManager : Event: ======'playfield_active'====== Args={}
2022-10-06 07:39:18,743 : INFO : EventManager : Event: ======'unexpected_ball_on_playfield'====== Args={}
2022-10-06 07:39:18,744 : INFO : BallController : Initial balls found: 2
2022-10-06 07:39:18,746 : INFO : EventManager : Event: ======'machine_var_audits_events_game_ended'====== Args={'value': 0, 'prev_value': None, 'change': True}
2022-10-06 07:39:18,746 : INFO : EventManager : Event: ======'machine_var_audits_events_game_started'====== Args={'value': 0, 'prev_value': None, 'change': True}
2022-10-06 07:39:18,746 : INFO : EventManager : Event: ======'machine_var_audits_player_score'====== Args={'value': {'average': 0, 'top': [], 'total': 0}, 'prev_value': None, 'change': True}
2022-10-06 07:39:18,746 : INFO : EventManager : Event: ======'machine_var_audits_switches_s_autolauncher'====== Args={'value': 75, 'prev_value': None, 'change': True}
2022-10-06 07:39:18,746 : INFO : EventManager : Event: ======'machine_var_audits_switches_s_back_pop'====== Args={'value': 0, 'prev_value': None, 'change': True}
2022-10-06 07:39:18,746 : INFO : EventManager : Event: ======'machine_var_audits_switches_s_back_rollover'====== Args={'value': 0, 'prev_value': None, 'change': True}
2022-10-06 07:39:18,746 : INFO : EventManager : Event: ======'machine_var_audits_switches_s_back_stationary'====== Args={'value': 0, 'prev_value': None, 'change': True}
2022-10-06 07:39:18,747 : INFO : EventManager : Event: ======'machine_var_audits_switches_s_bot_back'====== Args={'value': 0, 'prev_value': None, 'change': True}
2022-10-06 07:39:18,747 : INFO : EventManager : Event: ======'machine_var_audits_switches_s_bot_big'====== Args={'value': 0, 'prev_value': None, 'change': True}
2022-10-06 07:39:18,747 : INFO : EventManager : Event: ======'machine_var_audits_switches_s_bot_left'====== Args={'value': 0, 'prev_value': None, 'change': True}
2022-10-06 07:39:18,747 : INFO : EventManager : Event: ======'machine_var_audits_switches_s_bot_right'====== Args={'value': 0, 'prev_value': None, 'change': True}
2022-10-06 07:39:18,747 : INFO : EventManager : Event: ======'machine_var_audits_switches_s_bot_rollover'====== Args={'value': 0, 'prev_value': None, 'change': True}
2022-10-06 07:39:18,747 : INFO : EventManager : Event: ======'machine_var_audits_switches_s_bot_vuk'====== Args={'value': 0, 'prev_value': None, 'change': True}
2022-10-06 07:39:18,747 : INFO : EventManager : Event: ======'machine_var_audits_switches_s_drop_mid_left'====== Args={'value': 58, 'prev_value': None, 'change': True}
2022-10-06 07:39:18,748 : INFO : EventManager : Event: ======'machine_var_audits_switches_s_drop_mid_mid'====== Args={'value': 64, 'prev_value': None, 'change': True}
2022-10-06 07:39:18,748 : INFO : EventManager : Event: ======'machine_var_audits_switches_s_drop_mid_right'====== Args={'value': 5, 'prev_value': None, 'change': True}
2022-10-06 07:39:18,748 : INFO : EventManager : Event: ======'machine_var_audits_switches_s_drop_right_left'====== Args={'value': 15, 'prev_value': None, 'change': True}
2022-10-06 07:39:18,748 : INFO : EventManager : Event: ======'machine_var_audits_switches_s_drop_right_right'====== Args={'value': 29, 'prev_value': None, 'change': True}
2022-10-06 07:39:18,748 : INFO : EventManager : Event: ======'machine_var_audits_switches_s_drop_single'====== Args={'value': 40, 'prev_value': None, 'change': True}
2022-10-06 07:39:18,748 : INFO : EventManager : Event: ======'machine_var_audits_switches_s_eos_left'====== Args={'value': 71, 'prev_value': None, 'change': True}
2022-10-06 07:39:18,748 : INFO : EventManager : Event: ======'machine_var_audits_switches_s_eos_left_top'====== Args={'value': 320, 'prev_value': None, 'change': True}
2022-10-06 07:39:18,749 : INFO : EventManager : Event: ======'machine_var_audits_switches_s_eos_right'====== Args={'value': 96, 'prev_value': None, 'change': True}
2022-10-06 07:39:18,749 : INFO : EventManager : Event: ======'machine_var_audits_switches_s_launch'====== Args={'value': 34, 'prev_value': None, 'change': True}
2022-10-06 07:39:18,749 : INFO : EventManager : Event: ======'machine_var_audits_switches_s_left_flipper'====== Args={'value': 397, 'prev_value': None, 'change': True}
2022-10-06 07:39:18,749 : INFO : EventManager : Event: ======'machine_var_audits_switches_s_left_inlane'====== Args={'value': 9, 'prev_value': None, 'change': True}
2022-10-06 07:39:18,749 : INFO : EventManager : Event: ======'machine_var_audits_switches_s_left_outlane'====== Args={'value': 2, 'prev_value': None, 'change': True}
2022-10-06 07:39:18,749 : INFO : EventManager : Event: ======'machine_var_audits_switches_s_pop_left'====== Args={'value': 77, 'prev_value': None, 'change': True}
2022-10-06 07:39:18,750 : INFO : EventManager : Event: ======'machine_var_audits_switches_s_pop_lower'====== Args={'value': 98, 'prev_value': None, 'change': True}
2022-10-06 07:39:18,750 : INFO : EventManager : Event: ======'machine_var_audits_switches_s_pop_right'====== Args={'value': 101, 'prev_value': None, 'change': True}
2022-10-06 07:39:18,750 : INFO : EventManager : Event: ======'machine_var_audits_switches_s_right_flipper'====== Args={'value': 469, 'prev_value': None, 'change': True}
2022-10-06 07:39:18,750 : INFO : EventManager : Event: ======'machine_var_audits_switches_s_right_inlane'====== Args={'value': 0, 'prev_value': None, 'change': True}
2022-10-06 07:39:18,750 : INFO : EventManager : Event: ======'machine_var_audits_switches_s_right_outlane'====== Args={'value': 24, 'prev_value': None, 'change': True}
2022-10-06 07:39:18,751 : INFO : EventManager : Event: ======'machine_var_audits_switches_s_rollover_left'====== Args={'value': 14, 'prev_value': None, 'change': True}
2022-10-06 07:39:18,751 : INFO : EventManager : Event: ======'machine_var_audits_switches_s_rollover_right'====== Args={'value': 18, 'prev_value': None, 'change': True}
2022-10-06 07:39:18,751 : INFO : EventManager : Event: ======'machine_var_audits_switches_s_sling_left'====== Args={'value': 24, 'prev_value': None, 'change': True}
2022-10-06 07:39:18,751 : INFO : EventManager : Event: ======'machine_var_audits_switches_s_sling_right'====== Args={'value': 30, 'prev_value': None, 'change': True}
2022-10-06 07:39:18,751 : INFO : EventManager : Event: ======'machine_var_audits_switches_s_start'====== Args={'value': 117, 'prev_value': None, 'change': True}
2022-10-06 07:39:18,752 : INFO : EventManager : Event: ======'machine_var_audits_switches_s_tilt'====== Args={'value': 63, 'prev_value': None, 'change': True}
2022-10-06 07:39:18,752 : INFO : EventManager : Event: ======'machine_var_audits_switches_s_transfer_rollover'====== Args={'value': 0, 'prev_value': None, 'change': True}
2022-10-06 07:39:18,752 : INFO : EventManager : Event: ======'machine_var_audits_switches_s_trough_1'====== Args={'value': 57, 'prev_value': None, 'change': True}
2022-10-06 07:39:18,752 : INFO : EventManager : Event: ======'machine_var_audits_switches_s_trough_2'====== Args={'value': 85, 'prev_value': None, 'change': True}
2022-10-06 07:39:18,752 : INFO : EventManager : Event: ======'machine_var_audits_switches_s_trough_3'====== Args={'value': 67, 'prev_value': None, 'change': True}
2022-10-06 07:39:18,753 : INFO : EventManager : Event: ======'machine_var_audits_switches_s_trough_4'====== Args={'value': 67, 'prev_value': None, 'change': True}
2022-10-06 07:39:18,753 : INFO : EventManager : Event: ======'machine_var_audits_switches_s_trough_5'====== Args={'value': 70, 'prev_value': None, 'change': True}
2022-10-06 07:39:18,753 : INFO : EventManager : Event: ======'machine_var_audits_switches_s_trough_6'====== Args={'value': 94, 'prev_value': None, 'change': True}
2022-10-06 07:39:18,753 : INFO : EventManager : Event: ======'machine_var_audits_switches_s_trough_jam'====== Args={'value': 108, 'prev_value': None, 'change': True}
2022-10-06 07:39:18,754 : INFO : EventManager : Event: ======'machine_var_audits_switches_s_upper_drop'====== Args={'value': 0, 'prev_value': None, 'change': True}
2022-10-06 07:39:18,754 : INFO : EventManager : Event: ======'machine_var_audits_switches_s_upper_rollover'====== Args={'value': 0, 'prev_value': None, 'change': True}
2022-10-06 07:39:18,754 : INFO : EventManager : Event: ======'machine_var_audits_switches_s_upper_stationary'====== Args={'value': 0, 'prev_value': None, 'change': True}
2022-10-06 07:39:18,754 : INFO : EventManager : Event: ======'machine_var_audits_switches_s_vuk_back'====== Args={'value': 1, 'prev_value': None, 'change': True}
2022-10-06 07:39:18,755 : INFO : EventManager : Event: ======'machine_var_audits_switches_s_vuk_right'====== Args={'value': 2, 'prev_value': None, 'change': True}
2022-10-06 07:39:18,755 : INFO : EventManager : Event: ======'machine_var_audits_switches_s_vuk_top'====== Args={'value': 0, 'prev_value': None, 'change': True}
2022-10-06 07:39:18,755 : INFO : EventManager : Event: ======'init_phase_5'====== Args={}
2022-10-06 07:39:18,798 : INFO : EventManager : Event: ======'init_done'====== Args={}
2022-10-06 07:39:18,799 : INFO : EventManager : Event: ======'machine_reset_phase_1'====== Args={}
2022-10-06 07:39:18,800 : INFO : EventManager : Event: ======'machine_reset_phase_2'====== Args={}
2022-10-06 07:39:18,800 : INFO : EventManager : Event: ======'machine_reset_phase_3'====== Args={}
2022-10-06 07:39:18,801 : INFO : EventManager : Event: ======'mode_tilt_will_start'====== Args={'queue': <QueuedEvent>}
2022-10-06 07:39:18,801 : INFO : EventManager : Event: ======'mode_tilt_starting'====== Args={'queue': <QueuedEvent>}
2022-10-06 07:39:18,801 : INFO : drop_target_bank.mid : 2 targets are down. Will reset those.
2022-10-06 07:39:18,801 : INFO : coil.c_drop_mid : Pulsing Driver for 50ms (0.7 pulse_power)
2022-10-06 07:39:18,801 : INFO : drop_target_bank.right : 1 targets are down. Will reset those.
2022-10-06 07:39:18,802 : INFO : Mode.tilt : Started. Priority: 1000000
2022-10-06 07:39:18,802 : INFO : EventManager : Event: ======'modes_active_modes_changed'====== Args={}
2022-10-06 07:39:18,802 : INFO : EventManager : Event: ======'mode_tilt_started'====== Args={'queue': <QueuedEvent>}
2022-10-06 07:39:18,802 : INFO : EventManager : Event: ======'reset_complete'====== Args={}
2022-10-06 07:39:18,803 : INFO : EventManager : Event: ======'mode_attract_will_start'====== Args={}
2022-10-06 07:39:18,803 : INFO : EventManager : Event: ======'mode_attract_starting'====== Args={}
2022-10-06 07:39:18,803 : INFO : Mode.attract : Started. Priority: 10
2022-10-06 07:39:18,803 : INFO : EventManager : Event: ======'modes_active_modes_changed'====== Args={}
2022-10-06 07:39:18,803 : INFO : EventManager : Event: ======'mode_attract_started'====== Args={}
2022-10-06 07:39:18,804 : INFO : EventManager : Event: ======'collecting_balls_complete'====== Args={}
2022-10-06 07:39:18,823 : INFO : Machine : Starting the main run loop.
2022-10-06 07:39:18,845 : INFO : coil.c_drop_right : Pulsing Driver for 10ms (1.0 pulse_power)
2022-10-06 07:39:18,884 : INFO : coil.c_drop_right : Pulsing Driver for 10ms (1.0 pulse_power)
2022-10-06 07:39:19,294 : INFO : EventManager : Event: ======'drop_target_bank_right_mixed'====== Args={'prev_value': <DropTargetBankState.MIXED: 'mixed'>, 'down': 1}
2022-10-06 07:39:19,294 : INFO : EventManager : Event: ======'drop_target_bank_mid_mixed'====== Args={'prev_value': <DropTargetBankState.MIXED: 'mixed'>, 'down': 2}
2022-10-06 08:03:47,508 : INFO : Machine : Shutting down...
2022-10-06 08:03:47,508 : INFO : EventManager : Event: ======'shutdown'====== Args={}
2022-10-06 08:03:47,540 : WARNING : FAST : Port RGB received more messages than were sent! Resetting!
2022-10-06 08:03:47,540 : WARNING : FAST : Port NET received more messages than were sent! Resetting!
2022-10-06 08:03:47,601 : ERROR : FAST : Stop called on serial connection com9
2022-10-06 08:03:47,601 : ERROR : FAST : Stop called on serial connection com10
2022-10-06 08:03:47,818 : INFO : root : MPF run loop ended.
