2022-08-27 09:42:16,843 : INFO : root : Loading config.
2022-08-27 09:42:16,851 : INFO : YamlMultifileConfigLoader : Machine config file #1: config.yaml
2022-08-27 09:42:16,852 : INFO : ConfigProcessor : Loading config from cache: C:\Users\Tanner\AppData\Local\Temp\a6762098cb994b55cb03a478b26022ee.mpf_cache
2022-08-27 09:42:16,930 : INFO : ConfigProcessor : Loading config from cache: C:\Users\Tanner\AppData\Local\Temp\ec172e3d2b0d14c1982139d23248bb88.mpf_cache
2022-08-27 09:42:16,934 : INFO : ConfigProcessor : Loading config from cache: C:\Users\Tanner\AppData\Local\Temp\c215df352878fee5d54f1a5ec5b16e7c.mpf_cache
2022-08-27 09:42:16,939 : INFO : Machine : Mission Pinball Framework Core Engine v0.55.0
2022-08-27 09:42:16,939 : INFO : Machine : Command line arguments: {'no_load_cache': False, 'create_config_cache': True, 'bcp': False, 'configfile': ['config.yaml'], 'force_assets_load': False, 'jsonlogging': False, 'logfile': 'logs\\2022-08-27-09-42-16-mpf-DESKTOP-7HNFDQ5.log', 'pause': False, 'production': False, 'text_ui': True, 'loglevel': 15, 'consoleloglevel': 20, 'force_platform': 'virtual', 'syslog_address': None, 'mc_file_name': None, 'no_sound': False}
2022-08-27 09:42:16,939 : INFO : Machine : MPF path: c:\users\tanner\appdata\local\programs\python\python37\lib\site-packages\mpf
2022-08-27 09:42:16,940 : INFO : Machine : Machine path: c:\trashland_2
2022-08-27 09:42:16,940 : INFO : Machine : Platform: win32
2022-08-27 09:42:16,940 : INFO : Machine : Python executable location: c:\users\tanner\appdata\local\programs\python\python37\python.exe
2022-08-27 09:42:16,940 : INFO : Machine : Python version: 3.7.8 (64-bit)
2022-08-27 09:42:16,942 : INFO : Machine : Initialise MPF.
2022-08-27 09:42:17,155 : INFO : EventManager : Event: ======'machine_var_credits_string'====== Args={'value': 'FREE PLAY', 'prev_value': None, 'change': True}
2022-08-27 09:42:17,200 : INFO : EventManager : Event: ======'machine_var_master_volume'====== Args={'value': 0.5, 'prev_value': None, 'change': True}
2022-08-27 09:42:17,201 : INFO : EventManager : Event: ======'machine_var_mpf_version'====== Args={'value': 'MPF v0.55.0', 'prev_value': None, 'change': True}
2022-08-27 09:42:17,201 : INFO : EventManager : Event: ======'machine_var_mpf_extended_version'====== Args={'value': 'MPF v0.55.0, Config version:5, Show version: 5, BCP version:1.1', 'prev_value': None, 'change': True}
2022-08-27 09:42:17,201 : INFO : EventManager : Event: ======'machine_var_python_version'====== Args={'value': '3.7.8', 'prev_value': None, 'change': True}
2022-08-27 09:42:17,201 : INFO : EventManager : Event: ======'machine_var_platform'====== Args={'value': 'Windows-10-10.0.19041-SP0', 'prev_value': None, 'change': True}
2022-08-27 09:42:17,201 : INFO : EventManager : Event: ======'machine_var_platform_system'====== Args={'value': 'Windows', 'prev_value': None, 'change': True}
2022-08-27 09:42:17,201 : INFO : EventManager : Event: ======'machine_var_platform_release'====== Args={'value': '10', 'prev_value': None, 'change': True}
2022-08-27 09:42:17,201 : INFO : EventManager : Event: ======'machine_var_platform_version'====== Args={'value': '10.0.19041', 'prev_value': None, 'change': True}
2022-08-27 09:42:17,201 : INFO : EventManager : Event: ======'machine_var_platform_machine'====== Args={'value': 'AMD64', 'prev_value': None, 'change': True}
2022-08-27 09:42:17,201 : INFO : EventManager : Event: ======'init_phase_1'====== Args={}
2022-08-27 09:42:17,225 : INFO : EventManager : Event: ======'drop_target_bank_mid_up'====== Args={}
2022-08-27 09:42:17,225 : INFO : EventManager : Event: ======'drop_target_bank_right_up'====== Args={}
2022-08-27 09:42:17,233 : INFO : EventManager : Event: ======'init_phase_2'====== Args={}
2022-08-27 09:42:17,294 : INFO : EventManager : Event: ======'init_phase_3'====== Args={}
2022-08-27 09:42:17,296 : INFO : EventManager : Event: ======'init_phase_4'====== Args={}
2022-08-27 09:42:17,297 : INFO : EventManager : Event: ======'playfield_active'====== Args={}
2022-08-27 09:42:17,297 : INFO : EventManager : Event: ======'unexpected_ball_on_playfield'====== Args={}
2022-08-27 09:42:17,297 : INFO : EventManager : Event: ======'playfield_active'====== Args={}
2022-08-27 09:42:17,297 : INFO : EventManager : Event: ======'unexpected_ball_on_playfield'====== Args={}
2022-08-27 09:42:17,297 : INFO : EventManager : Event: ======'playfield_active'====== Args={}
2022-08-27 09:42:17,297 : INFO : EventManager : Event: ======'unexpected_ball_on_playfield'====== Args={}
2022-08-27 09:42:17,297 : INFO : EventManager : Event: ======'playfield_active'====== Args={}
2022-08-27 09:42:17,297 : INFO : EventManager : Event: ======'unexpected_ball_on_playfield'====== Args={}
2022-08-27 09:42:17,297 : INFO : EventManager : Event: ======'playfield_active'====== Args={}
2022-08-27 09:42:17,297 : INFO : EventManager : Event: ======'unexpected_ball_on_playfield'====== Args={}
2022-08-27 09:42:17,297 : INFO : EventManager : Event: ======'playfield_active'====== Args={}
2022-08-27 09:42:17,297 : INFO : EventManager : Event: ======'unexpected_ball_on_playfield'====== Args={}
2022-08-27 09:42:17,299 : INFO : EventManager : Event: ======'machine_var_audits_events_game_ended'====== Args={'value': 0, 'prev_value': None, 'change': True}
2022-08-27 09:42:17,299 : INFO : EventManager : Event: ======'machine_var_audits_events_game_started'====== Args={'value': 0, 'prev_value': None, 'change': True}
2022-08-27 09:42:17,299 : INFO : EventManager : Event: ======'machine_var_audits_player_score'====== Args={'value': {'average': 0, 'top': [], 'total': 0}, 'prev_value': None, 'change': True}
2022-08-27 09:42:17,299 : INFO : EventManager : Event: ======'machine_var_audits_switches_s_autolauncher'====== Args={'value': 69, 'prev_value': None, 'change': True}
2022-08-27 09:42:17,299 : INFO : EventManager : Event: ======'machine_var_audits_switches_s_bot_back'====== Args={'value': 0, 'prev_value': None, 'change': True}
2022-08-27 09:42:17,299 : INFO : EventManager : Event: ======'machine_var_audits_switches_s_bot_big'====== Args={'value': 0, 'prev_value': None, 'change': True}
2022-08-27 09:42:17,299 : INFO : EventManager : Event: ======'machine_var_audits_switches_s_bot_left'====== Args={'value': 0, 'prev_value': None, 'change': True}
2022-08-27 09:42:17,299 : INFO : EventManager : Event: ======'machine_var_audits_switches_s_bot_right'====== Args={'value': 0, 'prev_value': None, 'change': True}
2022-08-27 09:42:17,300 : INFO : EventManager : Event: ======'machine_var_audits_switches_s_bot_rollover'====== Args={'value': 0, 'prev_value': None, 'change': True}
2022-08-27 09:42:17,300 : INFO : EventManager : Event: ======'machine_var_audits_switches_s_bot_vuk'====== Args={'value': 0, 'prev_value': None, 'change': True}
2022-08-27 09:42:17,300 : INFO : EventManager : Event: ======'machine_var_audits_switches_s_drop_mid_left'====== Args={'value': 45, 'prev_value': None, 'change': True}
2022-08-27 09:42:17,300 : INFO : EventManager : Event: ======'machine_var_audits_switches_s_drop_mid_mid'====== Args={'value': 46, 'prev_value': None, 'change': True}
2022-08-27 09:42:17,300 : INFO : EventManager : Event: ======'machine_var_audits_switches_s_drop_mid_right'====== Args={'value': 5, 'prev_value': None, 'change': True}
2022-08-27 09:42:17,300 : INFO : EventManager : Event: ======'machine_var_audits_switches_s_drop_right_left'====== Args={'value': 7, 'prev_value': None, 'change': True}
2022-08-27 09:42:17,300 : INFO : EventManager : Event: ======'machine_var_audits_switches_s_drop_right_right'====== Args={'value': 6, 'prev_value': None, 'change': True}
2022-08-27 09:42:17,301 : INFO : EventManager : Event: ======'machine_var_audits_switches_s_drop_single'====== Args={'value': 40, 'prev_value': None, 'change': True}
2022-08-27 09:42:17,301 : INFO : EventManager : Event: ======'machine_var_audits_switches_s_eos_left'====== Args={'value': 26, 'prev_value': None, 'change': True}
2022-08-27 09:42:17,301 : INFO : EventManager : Event: ======'machine_var_audits_switches_s_eos_left_top'====== Args={'value': 24, 'prev_value': None, 'change': True}
2022-08-27 09:42:17,302 : INFO : EventManager : Event: ======'machine_var_audits_switches_s_eos_right'====== Args={'value': 0, 'prev_value': None, 'change': True}
2022-08-27 09:42:17,302 : INFO : EventManager : Event: ======'machine_var_audits_switches_s_launch'====== Args={'value': 0, 'prev_value': None, 'change': True}
2022-08-27 09:42:17,302 : INFO : EventManager : Event: ======'machine_var_audits_switches_s_left_flipper'====== Args={'value': 47, 'prev_value': None, 'change': True}
2022-08-27 09:42:17,302 : INFO : EventManager : Event: ======'machine_var_audits_switches_s_left_inlane'====== Args={'value': 0, 'prev_value': None, 'change': True}
2022-08-27 09:42:17,302 : INFO : EventManager : Event: ======'machine_var_audits_switches_s_left_outlane'====== Args={'value': 0, 'prev_value': None, 'change': True}
2022-08-27 09:42:17,302 : INFO : EventManager : Event: ======'machine_var_audits_switches_s_pop_left'====== Args={'value': 8, 'prev_value': None, 'change': True}
2022-08-27 09:42:17,303 : INFO : EventManager : Event: ======'machine_var_audits_switches_s_pop_lower'====== Args={'value': 20, 'prev_value': None, 'change': True}
2022-08-27 09:42:17,303 : INFO : EventManager : Event: ======'machine_var_audits_switches_s_pop_right'====== Args={'value': 26, 'prev_value': None, 'change': True}
2022-08-27 09:42:17,303 : INFO : EventManager : Event: ======'machine_var_audits_switches_s_right_flipper'====== Args={'value': 44, 'prev_value': None, 'change': True}
2022-08-27 09:42:17,303 : INFO : EventManager : Event: ======'machine_var_audits_switches_s_right_inlane'====== Args={'value': 0, 'prev_value': None, 'change': True}
2022-08-27 09:42:17,303 : INFO : EventManager : Event: ======'machine_var_audits_switches_s_right_outlane'====== Args={'value': 1, 'prev_value': None, 'change': True}
2022-08-27 09:42:17,303 : INFO : EventManager : Event: ======'machine_var_audits_switches_s_rollover_left'====== Args={'value': 3, 'prev_value': None, 'change': True}
2022-08-27 09:42:17,304 : INFO : EventManager : Event: ======'machine_var_audits_switches_s_rollover_right'====== Args={'value': 1, 'prev_value': None, 'change': True}
2022-08-27 09:42:17,304 : INFO : EventManager : Event: ======'machine_var_audits_switches_s_sling_left'====== Args={'value': 3, 'prev_value': None, 'change': True}
2022-08-27 09:42:17,304 : INFO : EventManager : Event: ======'machine_var_audits_switches_s_start'====== Args={'value': 86, 'prev_value': None, 'change': True}
2022-08-27 09:42:17,304 : INFO : EventManager : Event: ======'machine_var_audits_switches_s_trough_1'====== Args={'value': 56, 'prev_value': None, 'change': True}
2022-08-27 09:42:17,304 : INFO : EventManager : Event: ======'machine_var_audits_switches_s_trough_2'====== Args={'value': 46, 'prev_value': None, 'change': True}
2022-08-27 09:42:17,304 : INFO : EventManager : Event: ======'machine_var_audits_switches_s_trough_3'====== Args={'value': 45, 'prev_value': None, 'change': True}
2022-08-27 09:42:17,305 : INFO : EventManager : Event: ======'machine_var_audits_switches_s_trough_4'====== Args={'value': 46, 'prev_value': None, 'change': True}
2022-08-27 09:42:17,305 : INFO : EventManager : Event: ======'machine_var_audits_switches_s_trough_5'====== Args={'value': 49, 'prev_value': None, 'change': True}
2022-08-27 09:42:17,305 : INFO : EventManager : Event: ======'machine_var_audits_switches_s_trough_6'====== Args={'value': 52, 'prev_value': None, 'change': True}
2022-08-27 09:42:17,305 : INFO : EventManager : Event: ======'machine_var_audits_switches_s_trough_jam'====== Args={'value': 107, 'prev_value': None, 'change': True}
2022-08-27 09:42:17,305 : INFO : EventManager : Event: ======'machine_var_audits_switches_s_vuk_back'====== Args={'value': 0, 'prev_value': None, 'change': True}
2022-08-27 09:42:17,306 : INFO : EventManager : Event: ======'machine_var_audits_switches_s_vuk_right'====== Args={'value': 0, 'prev_value': None, 'change': True}
2022-08-27 09:42:17,306 : INFO : EventManager : Event: ======'init_phase_5'====== Args={}
2022-08-27 09:42:17,345 : INFO : EventManager : Event: ======'init_done'====== Args={}
2022-08-27 09:42:17,345 : INFO : EventManager : Event: ======'machine_reset_phase_1'====== Args={}
2022-08-27 09:42:17,346 : INFO : EventManager : Event: ======'machine_reset_phase_2'====== Args={}
2022-08-27 09:42:17,346 : INFO : EventManager : Event: ======'machine_reset_phase_3'====== Args={}
2022-08-27 09:42:17,346 : INFO : drop_target_bank.mid : All targets are already up. Will not reset bank.
2022-08-27 09:42:17,346 : INFO : drop_target_bank.right : All targets are already up. Will not reset bank.
2022-08-27 09:42:17,346 : INFO : EventManager : Event: ======'reset_complete'====== Args={}
2022-08-27 09:42:17,347 : INFO : EventManager : Event: ======'mode_attract_will_start'====== Args={}
2022-08-27 09:42:17,347 : INFO : EventManager : Event: ======'mode_attract_starting'====== Args={}
2022-08-27 09:42:17,347 : INFO : Mode.attract : Started. Priority: 10
2022-08-27 09:42:17,347 : INFO : EventManager : Event: ======'modes_active_modes_changed'====== Args={}
2022-08-27 09:42:17,347 : INFO : EventManager : Event: ======'mode_attract_started'====== Args={}
2022-08-27 09:42:17,347 : INFO : EventManager : Event: ======'collecting_balls_complete'====== Args={}
2022-08-27 09:42:17,366 : INFO : Machine : Starting the main run loop.
2022-08-27 09:42:24,391 : INFO : BcpServer : New client connected.
2022-08-27 09:42:59,614 : INFO : SwitchController : <<<<<<< 's_bot_vuk' active >>>>>>>
2022-08-27 09:42:59,737 : INFO : SwitchController : <<<<<<< 's_bot_vuk' inactive >>>>>>>
2022-08-27 09:43:00,107 : INFO : SwitchController : <<<<<<< 's_bot_vuk' active >>>>>>>
2022-08-27 09:43:00,337 : INFO : SwitchController : <<<<<<< 's_bot_vuk' inactive >>>>>>>
2022-08-27 09:43:00,577 : INFO : SwitchController : <<<<<<< 's_bot_vuk' active >>>>>>>
2022-08-27 09:43:00,887 : INFO : SwitchController : <<<<<<< 's_bot_vuk' inactive >>>>>>>
2022-08-27 09:43:02,469 : INFO : SwitchController : <<<<<<< 's_vuk_right' active >>>>>>>
2022-08-27 09:43:03,598 : INFO : SwitchController : <<<<<<< 's_vuk_right' inactive >>>>>>>
2022-08-27 09:43:03,728 : INFO : SwitchController : <<<<<<< 's_vuk_right' active >>>>>>>
2022-08-27 09:43:04,197 : INFO : SwitchController : <<<<<<< 's_vuk_right' inactive >>>>>>>
2022-08-27 09:43:04,328 : INFO : SwitchController : <<<<<<< 's_vuk_right' active >>>>>>>
2022-08-27 09:43:04,668 : INFO : SwitchController : <<<<<<< 's_vuk_right' inactive >>>>>>>
2022-08-27 09:43:05,168 : INFO : SwitchController : <<<<<<< 's_vuk_right' active >>>>>>>
2022-08-27 09:43:05,468 : INFO : SwitchController : <<<<<<< 's_vuk_right' inactive >>>>>>>
2022-08-27 09:43:05,858 : INFO : SwitchController : <<<<<<< 's_vuk_right' active >>>>>>>
2022-08-27 09:43:06,067 : INFO : SwitchController : <<<<<<< 's_vuk_right' inactive >>>>>>>
2022-08-27 09:43:06,218 : INFO : SwitchController : <<<<<<< 's_vuk_right' active >>>>>>>
2022-08-27 09:43:06,348 : INFO : SwitchController : <<<<<<< 's_vuk_right' inactive >>>>>>>
2022-08-27 09:43:06,447 : INFO : SwitchController : <<<<<<< 's_vuk_right' active >>>>>>>
2022-08-27 09:43:06,787 : INFO : SwitchController : <<<<<<< 's_vuk_right' inactive >>>>>>>
2022-08-27 09:43:06,897 : INFO : SwitchController : <<<<<<< 's_vuk_right' active >>>>>>>
2022-08-27 09:43:06,968 : INFO : SwitchController : <<<<<<< 's_vuk_right' inactive >>>>>>>
2022-08-27 09:43:07,087 : INFO : SwitchController : <<<<<<< 's_vuk_right' active >>>>>>>
2022-08-27 09:43:07,277 : INFO : SwitchController : <<<<<<< 's_vuk_right' inactive >>>>>>>
2022-08-27 09:43:08,028 : INFO : SwitchController : <<<<<<< 's_vuk_right' active >>>>>>>
2022-08-27 09:43:08,157 : INFO : SwitchController : <<<<<<< 's_vuk_right' inactive >>>>>>>
2022-08-27 09:43:08,328 : INFO : SwitchController : <<<<<<< 's_vuk_right' active >>>>>>>
2022-08-27 09:43:08,918 : INFO : SwitchController : <<<<<<< 's_vuk_right' inactive >>>>>>>
2022-08-27 09:43:08,998 : INFO : SwitchController : <<<<<<< 's_vuk_right' active >>>>>>>
2022-08-27 09:43:09,358 : INFO : SwitchController : <<<<<<< 's_vuk_right' inactive >>>>>>>
2022-08-27 09:43:09,917 : INFO : SwitchController : <<<<<<< 's_vuk_right' active >>>>>>>
2022-08-27 09:43:10,197 : INFO : SwitchController : <<<<<<< 's_vuk_right' inactive >>>>>>>
2022-08-27 09:43:10,777 : INFO : SwitchController : <<<<<<< 's_vuk_right' active >>>>>>>
2022-08-27 09:43:11,358 : INFO : SwitchController : <<<<<<< 's_vuk_right' inactive >>>>>>>
2022-08-27 09:43:11,697 : INFO : SwitchController : <<<<<<< 's_vuk_right' active >>>>>>>
2022-08-27 09:43:11,878 : INFO : SwitchController : <<<<<<< 's_vuk_right' inactive >>>>>>>
2022-08-27 09:43:12,228 : INFO : SwitchController : <<<<<<< 's_vuk_right' active >>>>>>>
2022-08-27 09:43:12,417 : INFO : SwitchController : <<<<<<< 's_vuk_right' inactive >>>>>>>
2022-08-27 09:43:12,688 : INFO : SwitchController : <<<<<<< 's_vuk_right' active >>>>>>>
2022-08-27 09:43:12,938 : INFO : SwitchController : <<<<<<< 's_vuk_right' inactive >>>>>>>
2022-08-27 09:43:15,439 : INFO : SwitchController : <<<<<<< 's_drop_right_right' active >>>>>>>
2022-08-27 09:43:15,439 : INFO : EventManager : Event: ======'playfield_active'====== Args={}
2022-08-27 09:43:15,439 : INFO : EventManager : Event: ======'unexpected_ball_on_playfield'====== Args={}
2022-08-27 09:43:15,439 : INFO : EventManager : Event: ======'drop_target_right_right_down'====== Args={'device': <drop_target.right_right>}
2022-08-27 09:43:15,440 : INFO : EventManager : Event: ======'drop_target_bank_right_mixed'====== Args={'prev_value': <DropTargetBankState.UP: 'up'>, 'down': 1}
2022-08-27 09:43:15,597 : INFO : SwitchController : <<<<<<< 's_drop_right_right' inactive >>>>>>>
2022-08-27 09:43:15,597 : INFO : EventManager : Event: ======'playfield_active'====== Args={}
2022-08-27 09:43:15,597 : INFO : EventManager : Event: ======'unexpected_ball_on_playfield'====== Args={}
2022-08-27 09:43:15,598 : INFO : EventManager : Event: ======'drop_target_right_right_up'====== Args={'device': <drop_target.right_right>}
2022-08-27 09:43:15,598 : INFO : EventManager : Event: ======'drop_target_bank_right_up'====== Args={}
2022-08-27 09:43:15,938 : INFO : SwitchController : <<<<<<< 's_drop_right_right' active >>>>>>>
2022-08-27 09:43:15,938 : INFO : EventManager : Event: ======'playfield_active'====== Args={}
2022-08-27 09:43:15,938 : INFO : EventManager : Event: ======'unexpected_ball_on_playfield'====== Args={}
2022-08-27 09:43:15,938 : INFO : EventManager : Event: ======'drop_target_right_right_down'====== Args={'device': <drop_target.right_right>}
2022-08-27 09:43:15,939 : INFO : EventManager : Event: ======'drop_target_bank_right_mixed'====== Args={'prev_value': <DropTargetBankState.UP: 'up'>, 'down': 1}
2022-08-27 09:43:17,448 : INFO : SwitchController : <<<<<<< 's_drop_right_right' inactive >>>>>>>
2022-08-27 09:43:17,449 : INFO : EventManager : Event: ======'playfield_active'====== Args={}
2022-08-27 09:43:17,449 : INFO : EventManager : Event: ======'unexpected_ball_on_playfield'====== Args={}
2022-08-27 09:43:17,449 : INFO : EventManager : Event: ======'drop_target_right_right_up'====== Args={'device': <drop_target.right_right>}
2022-08-27 09:43:17,450 : INFO : EventManager : Event: ======'drop_target_bank_right_up'====== Args={}
2022-08-27 09:43:18,658 : INFO : SwitchController : <<<<<<< 's_drop_right_right' active >>>>>>>
2022-08-27 09:43:18,658 : INFO : EventManager : Event: ======'playfield_active'====== Args={}
2022-08-27 09:43:18,659 : INFO : EventManager : Event: ======'unexpected_ball_on_playfield'====== Args={}
2022-08-27 09:43:18,659 : INFO : EventManager : Event: ======'drop_target_right_right_down'====== Args={'device': <drop_target.right_right>}
2022-08-27 09:43:18,659 : INFO : EventManager : Event: ======'drop_target_bank_right_mixed'====== Args={'prev_value': <DropTargetBankState.UP: 'up'>, 'down': 1}
2022-08-27 09:43:20,077 : INFO : SwitchController : <<<<<<< 's_drop_right_right' inactive >>>>>>>
2022-08-27 09:43:20,077 : INFO : EventManager : Event: ======'playfield_active'====== Args={}
2022-08-27 09:43:20,077 : INFO : EventManager : Event: ======'unexpected_ball_on_playfield'====== Args={}
2022-08-27 09:43:20,078 : INFO : EventManager : Event: ======'drop_target_right_right_up'====== Args={'device': <drop_target.right_right>}
2022-08-27 09:43:20,078 : INFO : EventManager : Event: ======'drop_target_bank_right_up'====== Args={}
2022-08-27 09:43:20,658 : INFO : SwitchController : <<<<<<< 's_drop_right_right' active >>>>>>>
2022-08-27 09:43:20,658 : INFO : EventManager : Event: ======'playfield_active'====== Args={}
2022-08-27 09:43:20,658 : INFO : EventManager : Event: ======'unexpected_ball_on_playfield'====== Args={}
2022-08-27 09:43:20,658 : INFO : EventManager : Event: ======'drop_target_right_right_down'====== Args={'device': <drop_target.right_right>}
2022-08-27 09:43:20,659 : INFO : EventManager : Event: ======'drop_target_bank_right_mixed'====== Args={'prev_value': <DropTargetBankState.UP: 'up'>, 'down': 1}
2022-08-27 09:43:20,907 : INFO : SwitchController : <<<<<<< 's_drop_right_right' inactive >>>>>>>
2022-08-27 09:43:20,908 : INFO : EventManager : Event: ======'playfield_active'====== Args={}
2022-08-27 09:43:20,908 : INFO : EventManager : Event: ======'unexpected_ball_on_playfield'====== Args={}
2022-08-27 09:43:20,908 : INFO : EventManager : Event: ======'drop_target_right_right_up'====== Args={'device': <drop_target.right_right>}
2022-08-27 09:43:20,909 : INFO : EventManager : Event: ======'drop_target_bank_right_up'====== Args={}
2022-08-27 09:43:46,676 : INFO : SwitchController : <<<<<<< 's_autolauncher' active >>>>>>>
2022-08-27 09:43:46,768 : INFO : SwitchController : <<<<<<< 's_autolauncher' inactive >>>>>>>
2022-08-27 09:43:47,158 : INFO : SwitchController : <<<<<<< 's_autolauncher' active >>>>>>>
2022-08-27 09:43:47,508 : INFO : SwitchController : <<<<<<< 's_autolauncher' inactive >>>>>>>
2022-08-27 09:43:59,436 : INFO : SwitchController : <<<<<<< 's_start' active >>>>>>>
2022-08-27 09:43:59,498 : INFO : SwitchController : <<<<<<< 's_start' inactive >>>>>>>
2022-08-27 09:43:59,498 : INFO : EventManager : Event: ======'request_to_start_game'====== Args={}
2022-08-27 09:43:59,499 : INFO : BallController : Known balls: 0
2022-08-27 09:43:59,499 : INFO : BallController : playfield contains 0 balls. Tags ['default']
2022-08-27 09:43:59,499 : WARNING : BallController : BallController denies game start. Not enough balls. 0 found. 1 required
2022-08-27 09:43:59,499 : INFO : BallController : Triggering ball search.
2022-08-27 09:44:02,860 : INFO : SwitchController : <<<<<<< 's_autolauncher' active >>>>>>>
2022-08-27 09:44:02,958 : INFO : SwitchController : <<<<<<< 's_autolauncher' inactive >>>>>>>
2022-08-27 09:44:06,950 : INFO : SwitchController : <<<<<<< 's_vuk_back' active >>>>>>>
2022-08-27 09:44:07,099 : INFO : SwitchController : <<<<<<< 's_vuk_back' inactive >>>>>>>
2022-08-27 09:44:10,769 : INFO : SwitchController : <<<<<<< 's_pop_right' active >>>>>>>
2022-08-27 09:44:10,889 : INFO : SwitchController : <<<<<<< 's_pop_right' inactive >>>>>>>
2022-08-27 09:44:11,259 : INFO : SwitchController : <<<<<<< 's_pop_right' active >>>>>>>
2022-08-27 09:44:11,398 : INFO : SwitchController : <<<<<<< 's_pop_right' inactive >>>>>>>
2022-08-27 09:44:11,609 : INFO : SwitchController : <<<<<<< 's_pop_right' active >>>>>>>
2022-08-27 09:44:11,749 : INFO : SwitchController : <<<<<<< 's_pop_right' inactive >>>>>>>
2022-08-27 09:44:11,868 : INFO : SwitchController : <<<<<<< 's_pop_right' active >>>>>>>
2022-08-27 09:44:12,068 : INFO : SwitchController : <<<<<<< 's_pop_right' inactive >>>>>>>
2022-08-27 09:44:12,228 : INFO : SwitchController : <<<<<<< 's_pop_right' active >>>>>>>
2022-08-27 09:44:12,378 : INFO : SwitchController : <<<<<<< 's_pop_right' inactive >>>>>>>
2022-08-27 09:44:13,259 : INFO : SwitchController : <<<<<<< 's_drop_mid_right' active >>>>>>>
2022-08-27 09:44:13,259 : INFO : EventManager : Event: ======'playfield_active'====== Args={}
2022-08-27 09:44:13,260 : INFO : EventManager : Event: ======'unexpected_ball_on_playfield'====== Args={}
2022-08-27 09:44:13,260 : INFO : EventManager : Event: ======'drop_target_mid_right_down'====== Args={'device': <drop_target.mid_right>}
2022-08-27 09:44:13,261 : INFO : EventManager : Event: ======'drop_target_bank_mid_mixed'====== Args={'prev_value': <DropTargetBankState.UP: 'up'>, 'down': 1}
2022-08-27 09:44:13,389 : INFO : SwitchController : <<<<<<< 's_drop_mid_right' inactive >>>>>>>
2022-08-27 09:44:13,389 : INFO : EventManager : Event: ======'playfield_active'====== Args={}
2022-08-27 09:44:13,389 : INFO : EventManager : Event: ======'unexpected_ball_on_playfield'====== Args={}
2022-08-27 09:44:13,389 : INFO : EventManager : Event: ======'drop_target_mid_right_up'====== Args={'device': <drop_target.mid_right>}
2022-08-27 09:44:13,390 : INFO : EventManager : Event: ======'drop_target_bank_mid_up'====== Args={}
2022-08-27 09:44:13,668 : INFO : SwitchController : <<<<<<< 's_drop_mid_right' active >>>>>>>
2022-08-27 09:44:13,669 : INFO : EventManager : Event: ======'playfield_active'====== Args={}
2022-08-27 09:44:13,669 : INFO : EventManager : Event: ======'unexpected_ball_on_playfield'====== Args={}
2022-08-27 09:44:13,669 : INFO : EventManager : Event: ======'drop_target_mid_right_down'====== Args={'device': <drop_target.mid_right>}
2022-08-27 09:44:13,670 : INFO : EventManager : Event: ======'drop_target_bank_mid_mixed'====== Args={'prev_value': <DropTargetBankState.UP: 'up'>, 'down': 1}
2022-08-27 09:44:13,819 : INFO : SwitchController : <<<<<<< 's_drop_mid_right' inactive >>>>>>>
2022-08-27 09:44:13,819 : INFO : EventManager : Event: ======'playfield_active'====== Args={}
2022-08-27 09:44:13,819 : INFO : EventManager : Event: ======'unexpected_ball_on_playfield'====== Args={}
2022-08-27 09:44:13,820 : INFO : EventManager : Event: ======'drop_target_mid_right_up'====== Args={'device': <drop_target.mid_right>}
2022-08-27 09:44:13,820 : INFO : EventManager : Event: ======'drop_target_bank_mid_up'====== Args={}
2022-08-27 09:44:14,109 : INFO : SwitchController : <<<<<<< 's_drop_mid_right' active >>>>>>>
2022-08-27 09:44:14,109 : INFO : EventManager : Event: ======'playfield_active'====== Args={}
2022-08-27 09:44:14,109 : INFO : EventManager : Event: ======'unexpected_ball_on_playfield'====== Args={}
2022-08-27 09:44:14,110 : INFO : EventManager : Event: ======'drop_target_mid_right_down'====== Args={'device': <drop_target.mid_right>}
2022-08-27 09:44:14,110 : INFO : EventManager : Event: ======'drop_target_bank_mid_mixed'====== Args={'prev_value': <DropTargetBankState.UP: 'up'>, 'down': 1}
2022-08-27 09:44:15,659 : INFO : SwitchController : <<<<<<< 's_drop_mid_right' inactive >>>>>>>
2022-08-27 09:44:15,659 : INFO : EventManager : Event: ======'playfield_active'====== Args={}
2022-08-27 09:44:15,660 : INFO : EventManager : Event: ======'unexpected_ball_on_playfield'====== Args={}
2022-08-27 09:44:15,660 : INFO : EventManager : Event: ======'drop_target_mid_right_up'====== Args={'device': <drop_target.mid_right>}
2022-08-27 09:44:15,661 : INFO : EventManager : Event: ======'drop_target_bank_mid_up'====== Args={}
2022-08-27 09:44:15,838 : INFO : SwitchController : <<<<<<< 's_drop_mid_right' active >>>>>>>
2022-08-27 09:44:15,839 : INFO : EventManager : Event: ======'playfield_active'====== Args={}
2022-08-27 09:44:15,839 : INFO : EventManager : Event: ======'unexpected_ball_on_playfield'====== Args={}
2022-08-27 09:44:15,839 : INFO : EventManager : Event: ======'drop_target_mid_right_down'====== Args={'device': <drop_target.mid_right>}
2022-08-27 09:44:15,840 : INFO : EventManager : Event: ======'drop_target_bank_mid_mixed'====== Args={'prev_value': <DropTargetBankState.UP: 'up'>, 'down': 1}
2022-08-27 09:44:18,040 : INFO : SwitchController : <<<<<<< 's_drop_mid_mid' active >>>>>>>
2022-08-27 09:44:18,040 : INFO : EventManager : Event: ======'playfield_active'====== Args={}
2022-08-27 09:44:18,040 : INFO : EventManager : Event: ======'unexpected_ball_on_playfield'====== Args={}
2022-08-27 09:44:18,041 : INFO : EventManager : Event: ======'drop_target_mid_mid_down'====== Args={'device': <drop_target.mid_mid>}
2022-08-27 09:44:18,041 : INFO : EventManager : Event: ======'drop_target_bank_mid_mixed'====== Args={'prev_value': <DropTargetBankState.MIXED: 'mixed'>, 'down': 2}
2022-08-27 09:44:18,188 : INFO : SwitchController : <<<<<<< 's_drop_mid_mid' inactive >>>>>>>
2022-08-27 09:44:18,189 : INFO : EventManager : Event: ======'playfield_active'====== Args={}
2022-08-27 09:44:18,189 : INFO : EventManager : Event: ======'unexpected_ball_on_playfield'====== Args={}
2022-08-27 09:44:18,189 : INFO : EventManager : Event: ======'drop_target_mid_mid_up'====== Args={'device': <drop_target.mid_mid>}
2022-08-27 09:44:18,190 : INFO : EventManager : Event: ======'drop_target_bank_mid_mixed'====== Args={'prev_value': <DropTargetBankState.MIXED: 'mixed'>, 'down': 1}
2022-08-27 09:44:19,239 : INFO : SwitchController : <<<<<<< 's_drop_mid_right' inactive >>>>>>>
2022-08-27 09:44:19,239 : INFO : EventManager : Event: ======'playfield_active'====== Args={}
2022-08-27 09:44:19,240 : INFO : EventManager : Event: ======'unexpected_ball_on_playfield'====== Args={}
2022-08-27 09:44:19,240 : INFO : EventManager : Event: ======'drop_target_mid_right_up'====== Args={'device': <drop_target.mid_right>}
2022-08-27 09:44:19,241 : INFO : EventManager : Event: ======'drop_target_bank_mid_up'====== Args={}
2022-08-27 09:44:19,729 : INFO : SwitchController : <<<<<<< 's_drop_mid_right' active >>>>>>>
2022-08-27 09:44:19,729 : INFO : EventManager : Event: ======'playfield_active'====== Args={}
2022-08-27 09:44:19,729 : INFO : EventManager : Event: ======'unexpected_ball_on_playfield'====== Args={}
2022-08-27 09:44:19,730 : INFO : EventManager : Event: ======'drop_target_mid_right_down'====== Args={'device': <drop_target.mid_right>}
2022-08-27 09:44:19,730 : INFO : EventManager : Event: ======'drop_target_bank_mid_mixed'====== Args={'prev_value': <DropTargetBankState.UP: 'up'>, 'down': 1}
2022-08-27 09:44:20,560 : INFO : SwitchController : <<<<<<< 's_drop_mid_mid' active >>>>>>>
2022-08-27 09:44:20,560 : INFO : EventManager : Event: ======'playfield_active'====== Args={}
2022-08-27 09:44:20,560 : INFO : EventManager : Event: ======'unexpected_ball_on_playfield'====== Args={}
2022-08-27 09:44:20,560 : INFO : EventManager : Event: ======'drop_target_mid_mid_down'====== Args={'device': <drop_target.mid_mid>}
2022-08-27 09:44:20,561 : INFO : EventManager : Event: ======'drop_target_bank_mid_mixed'====== Args={'prev_value': <DropTargetBankState.MIXED: 'mixed'>, 'down': 2}
2022-08-27 09:44:21,389 : INFO : SwitchController : <<<<<<< 's_drop_mid_left' active >>>>>>>
2022-08-27 09:44:21,389 : INFO : EventManager : Event: ======'playfield_active'====== Args={}
2022-08-27 09:44:21,389 : INFO : EventManager : Event: ======'unexpected_ball_on_playfield'====== Args={}
2022-08-27 09:44:21,390 : INFO : EventManager : Event: ======'drop_target_mid_left_down'====== Args={'device': <drop_target.mid_left>}
2022-08-27 09:44:21,391 : INFO : EventManager : Event: ======'drop_target_bank_mid_down'====== Args={}
2022-08-27 09:44:22,400 : INFO : drop_target_bank.mid : 3 targets are down. Will reset those.
2022-08-27 09:44:22,400 : INFO : coil.c_drop_mid : Pulsing Driver for 50ms (0.7 pulse_power)
2022-08-27 09:44:23,845 : INFO : SwitchController : <<<<<<< 's_drop_mid_left' inactive >>>>>>>
2022-08-27 09:44:23,845 : INFO : EventManager : Event: ======'playfield_active'====== Args={}
2022-08-27 09:44:23,846 : INFO : EventManager : Event: ======'unexpected_ball_on_playfield'====== Args={}
2022-08-27 09:44:23,846 : INFO : EventManager : Event: ======'drop_target_mid_left_up'====== Args={'device': <drop_target.mid_left>}
2022-08-27 09:44:23,846 : INFO : EventManager : Event: ======'drop_target_bank_mid_mixed'====== Args={'prev_value': <DropTargetBankState.DOWN: 'down'>, 'down': 2}
2022-08-27 09:44:24,849 : INFO : SwitchController : <<<<<<< 's_drop_mid_mid' inactive >>>>>>>
2022-08-27 09:44:24,849 : INFO : EventManager : Event: ======'playfield_active'====== Args={}
2022-08-27 09:44:24,849 : INFO : EventManager : Event: ======'unexpected_ball_on_playfield'====== Args={}
2022-08-27 09:44:24,850 : INFO : EventManager : Event: ======'drop_target_mid_mid_up'====== Args={'device': <drop_target.mid_mid>}
2022-08-27 09:44:24,850 : INFO : EventManager : Event: ======'drop_target_bank_mid_mixed'====== Args={'prev_value': <DropTargetBankState.MIXED: 'mixed'>, 'down': 1}
2022-08-27 09:44:25,349 : INFO : SwitchController : <<<<<<< 's_drop_mid_right' inactive >>>>>>>
2022-08-27 09:44:25,350 : INFO : EventManager : Event: ======'playfield_active'====== Args={}
2022-08-27 09:44:25,350 : INFO : EventManager : Event: ======'unexpected_ball_on_playfield'====== Args={}
2022-08-27 09:44:25,350 : INFO : EventManager : Event: ======'drop_target_mid_right_up'====== Args={'device': <drop_target.mid_right>}
2022-08-27 09:44:25,351 : INFO : EventManager : Event: ======'drop_target_bank_mid_up'====== Args={}
2022-08-27 09:44:31,827 : INFO : SwitchController : <<<<<<< 's_launch' active >>>>>>>
2022-08-27 09:44:32,910 : INFO : SwitchController : <<<<<<< 's_launch' inactive >>>>>>>
2022-08-27 09:44:33,059 : INFO : SwitchController : <<<<<<< 's_launch' active >>>>>>>
2022-08-27 09:44:33,379 : INFO : SwitchController : <<<<<<< 's_launch' inactive >>>>>>>
2022-08-27 09:44:33,489 : INFO : SwitchController : <<<<<<< 's_launch' active >>>>>>>
2022-08-27 09:44:34,019 : INFO : SwitchController : <<<<<<< 's_launch' inactive >>>>>>>
2022-08-27 09:44:35,520 : INFO : SwitchController : <<<<<<< 's_autolauncher' active >>>>>>>
2022-08-27 09:44:35,639 : INFO : SwitchController : <<<<<<< 's_autolauncher' inactive >>>>>>>
2022-08-27 09:44:36,319 : INFO : SwitchController : <<<<<<< 's_autolauncher' active >>>>>>>
2022-08-27 09:44:38,590 : INFO : SwitchController : <<<<<<< 's_vuk_right' active >>>>>>>
2022-08-27 09:44:38,719 : INFO : SwitchController : <<<<<<< 's_vuk_right' inactive >>>>>>>
2022-08-27 09:44:39,049 : INFO : SwitchController : <<<<<<< 's_vuk_right' active >>>>>>>
2022-08-27 09:44:39,889 : INFO : SwitchController : <<<<<<< 's_vuk_right' inactive >>>>>>>
2022-08-27 09:44:42,400 : INFO : SwitchController : <<<<<<< 's_drop_right_left' active >>>>>>>
2022-08-27 09:44:42,400 : INFO : EventManager : Event: ======'playfield_active'====== Args={}
2022-08-27 09:44:42,400 : INFO : EventManager : Event: ======'unexpected_ball_on_playfield'====== Args={}
2022-08-27 09:44:42,401 : INFO : EventManager : Event: ======'drop_target_right_left_down'====== Args={'device': <drop_target.right_left>}
2022-08-27 09:44:42,401 : INFO : EventManager : Event: ======'drop_target_bank_right_mixed'====== Args={'prev_value': <DropTargetBankState.UP: 'up'>, 'down': 1}
2022-08-27 09:44:42,559 : INFO : SwitchController : <<<<<<< 's_drop_right_left' inactive >>>>>>>
2022-08-27 09:44:42,560 : INFO : EventManager : Event: ======'playfield_active'====== Args={}
2022-08-27 09:44:42,560 : INFO : EventManager : Event: ======'unexpected_ball_on_playfield'====== Args={}
2022-08-27 09:44:42,560 : INFO : EventManager : Event: ======'drop_target_right_left_up'====== Args={'device': <drop_target.right_left>}
2022-08-27 09:44:42,561 : INFO : EventManager : Event: ======'drop_target_bank_right_up'====== Args={}
2022-08-27 09:44:46,500 : INFO : SwitchController : <<<<<<< 's_drop_right_right' active >>>>>>>
2022-08-27 09:44:46,500 : INFO : EventManager : Event: ======'playfield_active'====== Args={}
2022-08-27 09:44:46,500 : INFO : EventManager : Event: ======'unexpected_ball_on_playfield'====== Args={}
2022-08-27 09:44:46,500 : INFO : EventManager : Event: ======'drop_target_right_right_down'====== Args={'device': <drop_target.right_right>}
2022-08-27 09:44:46,501 : INFO : EventManager : Event: ======'drop_target_bank_right_mixed'====== Args={'prev_value': <DropTargetBankState.UP: 'up'>, 'down': 1}
2022-08-27 09:44:46,679 : INFO : SwitchController : <<<<<<< 's_drop_right_right' inactive >>>>>>>
2022-08-27 09:44:46,680 : INFO : EventManager : Event: ======'playfield_active'====== Args={}
2022-08-27 09:44:46,680 : INFO : EventManager : Event: ======'unexpected_ball_on_playfield'====== Args={}
2022-08-27 09:44:46,680 : INFO : EventManager : Event: ======'drop_target_right_right_up'====== Args={'device': <drop_target.right_right>}
2022-08-27 09:44:46,681 : INFO : EventManager : Event: ======'drop_target_bank_right_up'====== Args={}
2022-08-29 04:48:29,704 : INFO : SwitchController : <<<<<<< 's_start' active >>>>>>>
2022-08-29 04:48:29,833 : INFO : SwitchController : <<<<<<< 's_start' inactive >>>>>>>
2022-08-29 04:48:29,833 : INFO : EventManager : Event: ======'request_to_start_game'====== Args={}
2022-08-29 04:48:29,835 : INFO : BallController : Known balls: 0
2022-08-29 04:48:29,835 : INFO : BallController : playfield contains 0 balls. Tags ['default']
2022-08-29 04:48:29,835 : WARNING : BallController : BallController denies game start. Not enough balls. 0 found. 1 required
2022-08-29 04:48:29,835 : INFO : BallController : Triggering ball search.
2022-08-29 04:48:30,063 : INFO : SwitchController : <<<<<<< 's_start' active >>>>>>>
2022-08-29 04:48:31,845 : INFO : SwitchController : <<<<<<< 's_left_flipper' active >>>>>>>
2022-08-29 04:48:32,015 : INFO : SwitchController : <<<<<<< 's_left_flipper' inactive >>>>>>>
2022-08-29 04:48:32,255 : INFO : SwitchController : <<<<<<< 's_left_flipper' active >>>>>>>
2022-08-29 04:48:32,954 : INFO : SwitchController : <<<<<<< 's_left_flipper' inactive >>>>>>>
2022-08-29 04:48:35,885 : INFO : SwitchController : <<<<<<< 's_left_flipper' active >>>>>>>
2022-08-29 04:48:36,023 : INFO : SwitchController : <<<<<<< 's_left_flipper' inactive >>>>>>>
2022-08-29 04:48:36,243 : INFO : SwitchController : <<<<<<< 's_left_flipper' active >>>>>>>
2022-08-29 04:48:36,734 : INFO : SwitchController : <<<<<<< 's_left_flipper' inactive >>>>>>>
2022-08-29 04:48:37,924 : INFO : SwitchController : <<<<<<< 's_launch' active >>>>>>>
2022-08-29 04:48:38,014 : INFO : SwitchController : <<<<<<< 's_launch' inactive >>>>>>>
2022-08-29 04:48:38,124 : INFO : SwitchController : <<<<<<< 's_launch' active >>>>>>>
2022-08-29 04:48:38,304 : INFO : SwitchController : <<<<<<< 's_launch' inactive >>>>>>>
2022-08-29 04:48:38,364 : INFO : SwitchController : <<<<<<< 's_launch' active >>>>>>>
2022-08-29 04:48:38,844 : INFO : SwitchController : <<<<<<< 's_launch' inactive >>>>>>>
2022-08-29 04:48:40,715 : INFO : SwitchController : <<<<<<< 's_right_outlane' active >>>>>>>
2022-08-29 04:48:40,715 : INFO : EventManager : Event: ======'sw_playfield_active'====== Args={}
2022-08-29 04:48:40,716 : INFO : EventManager : Event: ======'playfield_active'====== Args={}
2022-08-29 04:48:40,716 : INFO : EventManager : Event: ======'unexpected_ball_on_playfield'====== Args={}
2022-08-29 04:48:41,004 : INFO : SwitchController : <<<<<<< 's_right_outlane' inactive >>>>>>>
2022-08-29 04:48:41,164 : INFO : SwitchController : <<<<<<< 's_right_outlane' active >>>>>>>
2022-08-29 04:48:41,164 : INFO : EventManager : Event: ======'sw_playfield_active'====== Args={}
2022-08-29 04:48:41,165 : INFO : EventManager : Event: ======'playfield_active'====== Args={}
2022-08-29 04:48:41,165 : INFO : EventManager : Event: ======'unexpected_ball_on_playfield'====== Args={}
2022-08-29 04:48:41,394 : INFO : SwitchController : <<<<<<< 's_right_outlane' inactive >>>>>>>
2022-08-29 04:48:41,504 : INFO : SwitchController : <<<<<<< 's_right_outlane' active >>>>>>>
2022-08-29 04:48:41,504 : INFO : EventManager : Event: ======'sw_playfield_active'====== Args={}
2022-08-29 04:48:41,505 : INFO : EventManager : Event: ======'playfield_active'====== Args={}
2022-08-29 04:48:41,505 : INFO : EventManager : Event: ======'unexpected_ball_on_playfield'====== Args={}
2022-08-29 04:48:41,894 : INFO : SwitchController : <<<<<<< 's_right_outlane' inactive >>>>>>>
2022-08-29 04:48:42,064 : INFO : SwitchController : <<<<<<< 's_right_outlane' active >>>>>>>
2022-08-29 04:48:42,064 : INFO : EventManager : Event: ======'sw_playfield_active'====== Args={}
2022-08-29 04:48:42,065 : INFO : EventManager : Event: ======'playfield_active'====== Args={}
2022-08-29 04:48:42,065 : INFO : EventManager : Event: ======'unexpected_ball_on_playfield'====== Args={}
2022-08-29 04:48:42,194 : INFO : SwitchController : <<<<<<< 's_right_outlane' inactive >>>>>>>
2022-08-29 04:48:42,374 : INFO : SwitchController : <<<<<<< 's_right_outlane' active >>>>>>>
2022-08-29 04:48:42,374 : INFO : EventManager : Event: ======'sw_playfield_active'====== Args={}
2022-08-29 04:48:42,375 : INFO : EventManager : Event: ======'playfield_active'====== Args={}
2022-08-29 04:48:42,375 : INFO : EventManager : Event: ======'unexpected_ball_on_playfield'====== Args={}
2022-08-29 04:48:42,534 : INFO : SwitchController : <<<<<<< 's_right_outlane' inactive >>>>>>>
2022-08-29 04:48:42,664 : INFO : SwitchController : <<<<<<< 's_right_outlane' active >>>>>>>
2022-08-29 04:48:42,664 : INFO : EventManager : Event: ======'sw_playfield_active'====== Args={}
2022-08-29 04:48:42,665 : INFO : EventManager : Event: ======'playfield_active'====== Args={}
2022-08-29 04:48:42,665 : INFO : EventManager : Event: ======'unexpected_ball_on_playfield'====== Args={}
2022-08-29 04:48:42,823 : INFO : SwitchController : <<<<<<< 's_right_outlane' inactive >>>>>>>
2022-08-29 04:48:42,944 : INFO : SwitchController : <<<<<<< 's_right_outlane' active >>>>>>>
2022-08-29 04:48:42,944 : INFO : EventManager : Event: ======'sw_playfield_active'====== Args={}
2022-08-29 04:48:42,944 : INFO : EventManager : Event: ======'playfield_active'====== Args={}
2022-08-29 04:48:42,944 : INFO : EventManager : Event: ======'unexpected_ball_on_playfield'====== Args={}
2022-08-29 04:48:44,324 : INFO : SwitchController : <<<<<<< 's_right_outlane' inactive >>>>>>>
2022-08-29 04:48:44,465 : INFO : SwitchController : <<<<<<< 's_right_outlane' active >>>>>>>
2022-08-29 04:48:44,465 : INFO : EventManager : Event: ======'sw_playfield_active'====== Args={}
2022-08-29 04:48:44,466 : INFO : EventManager : Event: ======'playfield_active'====== Args={}
2022-08-29 04:48:44,466 : INFO : EventManager : Event: ======'unexpected_ball_on_playfield'====== Args={}
2022-08-29 04:48:45,784 : INFO : SwitchController : <<<<<<< 's_right_outlane' inactive >>>>>>>
2022-08-29 04:48:46,204 : INFO : SwitchController : <<<<<<< 's_right_outlane' active >>>>>>>
2022-08-29 04:48:46,204 : INFO : EventManager : Event: ======'sw_playfield_active'====== Args={}
2022-08-29 04:48:46,204 : INFO : EventManager : Event: ======'playfield_active'====== Args={}
2022-08-29 04:48:46,205 : INFO : EventManager : Event: ======'unexpected_ball_on_playfield'====== Args={}
2022-08-29 04:48:46,354 : INFO : SwitchController : <<<<<<< 's_right_outlane' inactive >>>>>>>
2022-08-29 04:48:46,774 : INFO : SwitchController : <<<<<<< 's_right_outlane' active >>>>>>>
2022-08-29 04:48:46,774 : INFO : EventManager : Event: ======'sw_playfield_active'====== Args={}
2022-08-29 04:48:46,774 : INFO : EventManager : Event: ======'playfield_active'====== Args={}
2022-08-29 04:48:46,774 : INFO : EventManager : Event: ======'unexpected_ball_on_playfield'====== Args={}
2022-08-29 04:48:47,254 : INFO : SwitchController : <<<<<<< 's_right_outlane' inactive >>>>>>>
2022-08-29 04:48:47,354 : INFO : SwitchController : <<<<<<< 's_right_outlane' active >>>>>>>
2022-08-29 04:48:47,354 : INFO : EventManager : Event: ======'sw_playfield_active'====== Args={}
2022-08-29 04:48:47,354 : INFO : EventManager : Event: ======'playfield_active'====== Args={}
2022-08-29 04:48:47,354 : INFO : EventManager : Event: ======'unexpected_ball_on_playfield'====== Args={}
2022-08-29 04:48:47,734 : INFO : SwitchController : <<<<<<< 's_right_outlane' inactive >>>>>>>
2022-08-29 04:48:47,874 : INFO : SwitchController : <<<<<<< 's_right_outlane' active >>>>>>>
2022-08-29 04:48:47,874 : INFO : EventManager : Event: ======'sw_playfield_active'====== Args={}
2022-08-29 04:48:47,874 : INFO : EventManager : Event: ======'playfield_active'====== Args={}
2022-08-29 04:48:47,875 : INFO : EventManager : Event: ======'unexpected_ball_on_playfield'====== Args={}
2022-08-29 04:48:47,974 : INFO : SwitchController : <<<<<<< 's_right_outlane' inactive >>>>>>>
2022-08-29 04:48:48,104 : INFO : SwitchController : <<<<<<< 's_right_outlane' active >>>>>>>
2022-08-29 04:48:48,104 : INFO : EventManager : Event: ======'sw_playfield_active'====== Args={}
2022-08-29 04:48:48,105 : INFO : EventManager : Event: ======'playfield_active'====== Args={}
2022-08-29 04:48:48,105 : INFO : EventManager : Event: ======'unexpected_ball_on_playfield'====== Args={}
2022-08-29 04:48:48,715 : INFO : SwitchController : <<<<<<< 's_right_inlane' active >>>>>>>
2022-08-29 04:48:48,715 : INFO : EventManager : Event: ======'sw_playfield_active'====== Args={}
2022-08-29 04:48:48,715 : INFO : EventManager : Event: ======'playfield_active'====== Args={}
2022-08-29 04:48:48,715 : INFO : EventManager : Event: ======'unexpected_ball_on_playfield'====== Args={}
2022-08-29 04:48:48,845 : INFO : SwitchController : <<<<<<< 's_right_inlane' inactive >>>>>>>
2022-08-29 04:48:48,924 : INFO : SwitchController : <<<<<<< 's_right_inlane' active >>>>>>>
2022-08-29 04:48:48,924 : INFO : EventManager : Event: ======'sw_playfield_active'====== Args={}
2022-08-29 04:48:48,925 : INFO : EventManager : Event: ======'playfield_active'====== Args={}
2022-08-29 04:48:48,925 : INFO : EventManager : Event: ======'unexpected_ball_on_playfield'====== Args={}
2022-08-29 04:48:49,054 : INFO : SwitchController : <<<<<<< 's_right_inlane' inactive >>>>>>>
2022-08-29 04:48:50,754 : INFO : SwitchController : <<<<<<< 's_left_flipper' active >>>>>>>
2022-08-29 04:48:50,883 : INFO : SwitchController : <<<<<<< 's_left_flipper' inactive >>>>>>>
2022-08-29 04:48:51,364 : INFO : SwitchController : <<<<<<< 's_left_flipper' active >>>>>>>
2022-08-29 04:48:52,294 : INFO : SwitchController : <<<<<<< 's_left_flipper' inactive >>>>>>>
2022-08-29 04:48:53,415 : INFO : SwitchController : <<<<<<< 's_start' inactive >>>>>>>
2022-08-29 04:48:53,415 : INFO : EventManager : Event: ======'request_to_start_game'====== Args={}
2022-08-29 04:48:53,416 : INFO : BallController : Known balls: 0
2022-08-29 04:48:53,416 : INFO : BallController : playfield contains 0 balls. Tags ['default']
2022-08-29 04:48:53,416 : WARNING : BallController : BallController denies game start. Not enough balls. 0 found. 1 required
2022-08-29 04:48:53,416 : INFO : BallController : Triggering ball search.
2022-08-29 04:48:53,555 : INFO : SwitchController : <<<<<<< 's_start' active >>>>>>>
2022-08-29 04:48:53,934 : INFO : SwitchController : <<<<<<< 's_start' inactive >>>>>>>
2022-08-29 04:48:53,934 : INFO : EventManager : Event: ======'request_to_start_game'====== Args={}
2022-08-29 04:48:53,935 : INFO : BallController : Known balls: 0
2022-08-29 04:48:53,935 : INFO : BallController : playfield contains 0 balls. Tags ['default']
2022-08-29 04:48:53,935 : WARNING : BallController : BallController denies game start. Not enough balls. 0 found. 1 required
2022-08-29 04:48:53,935 : INFO : BallController : Triggering ball search.
2022-08-29 04:48:56,955 : INFO : SwitchController : <<<<<<< 's_autolauncher' inactive >>>>>>>
