2022-10-14 11:44:01,282 : INFO : root : Loading config.
2022-10-14 11:44:01,285 : INFO : YamlMultifileConfigLoader : Machine config file #1: config.yaml
2022-10-14 11:44:01,286 : INFO : ConfigProcessor : Loading config from cache: C:\Users\Tanner\AppData\Local\Temp\a6762098cb994b55cb03a478b26022ee.mpf_cache
2022-10-14 11:44:01,360 : INFO : ConfigProcessor : Loading config from cache: C:\Users\Tanner\AppData\Local\Temp\9cf7ccc27b21f4d6162237fadfc53e5a.mpf_cache
2022-10-14 11:44:01,361 : INFO : ConfigProcessor : Loading config from cache: C:\Users\Tanner\AppData\Local\Temp\c215df352878fee5d54f1a5ec5b16e7c.mpf_cache
2022-10-14 11:44:01,362 : INFO : ConfigProcessor : Loading config from cache: C:\Users\Tanner\AppData\Local\Temp\708062243e0edcfa77dd6b1521bd0d4e.mpf_cache
2022-10-14 11:44:01,362 : INFO : ConfigProcessor : Loading config from cache: C:\Users\Tanner\AppData\Local\Temp\c4174472f67f7b070dd6fb437c6feb0c.mpf_cache
2022-10-14 11:44:01,364 : INFO : ConfigProcessor : Loading config from cache: C:\Users\Tanner\AppData\Local\Temp\abaa92c43d134e3392cbb2346e6a16be.mpf_cache
2022-10-14 11:44:01,365 : INFO : ConfigProcessor : Loading config from cache: C:\Users\Tanner\AppData\Local\Temp\fc46d53fcb9fe6b8abf783d9c813390a.mpf_cache
2022-10-14 11:44:01,365 : INFO : ConfigProcessor : Loading config from cache: C:\Users\Tanner\AppData\Local\Temp\b46de592c65b9a27a1f4965daee53c91.mpf_cache
2022-10-14 11:44:01,366 : INFO : ConfigProcessor : Loading config from cache: C:\Users\Tanner\AppData\Local\Temp\5b50cb1d58cd4116013cda74c2923169.mpf_cache
2022-10-14 11:44:01,369 : INFO : ConfigProcessor : Loading config from cache: C:\Users\Tanner\AppData\Local\Temp\2734ac1662e5e62f2e4cb2a8d902a8f2.mpf_cache
2022-10-14 11:44:01,372 : INFO : ConfigProcessor : Loading config from cache: C:\Users\Tanner\AppData\Local\Temp\fe169133106b4804e097dca6b78afaf5.mpf_cache
2022-10-14 11:44:01,372 : INFO : ConfigProcessor : Loading config from cache: C:\Users\Tanner\AppData\Local\Temp\d4f531e94c6a484dd08e4121f6e3a74e.mpf_cache
2022-10-14 11:44:01,373 : INFO : ConfigProcessor : Loading config from cache: C:\Users\Tanner\AppData\Local\Temp\e9c431c8aa2f7ab7b37617b37185d68f.mpf_cache
2022-10-14 11:44:01,375 : INFO : ConfigProcessor : Loading config from cache: C:\Users\Tanner\AppData\Local\Temp\07112933e6abcdb1819075df64aee3c0.mpf_cache
2022-10-14 11:44:01,376 : INFO : Machine : Mission Pinball Framework Core Engine v0.55.0
2022-10-14 11:44:01,376 : INFO : Machine : Command line arguments: {'no_load_cache': False, 'create_config_cache': True, 'bcp': False, 'configfile': ['config.yaml'], 'force_assets_load': False, 'jsonlogging': False, 'logfile': 'logs\\2022-10-14-11-44-01-mpf-DESKTOP-7HNFDQ5.log', 'pause': False, 'production': False, 'text_ui': True, 'loglevel': 15, 'consoleloglevel': 20, 'force_platform': None, 'syslog_address': None, 'mc_file_name': None, 'no_sound': False}
2022-10-14 11:44:01,376 : INFO : Machine : MPF path: c:\users\tanner\appdata\local\programs\python\python37\lib\site-packages\mpf
2022-10-14 11:44:01,376 : INFO : Machine : Machine path: c:\trashland_2
2022-10-14 11:44:01,376 : INFO : Machine : Platform: win32
2022-10-14 11:44:01,376 : INFO : Machine : Python executable location: c:\users\tanner\appdata\local\programs\python\python37\python.exe
2022-10-14 11:44:01,376 : INFO : Machine : Python version: 3.7.8 (64-bit)
2022-10-14 11:44:01,378 : INFO : Machine : Initialise MPF.
2022-10-14 11:44:01,635 : INFO : FAST : Connecting to com9 at 921600bps
2022-10-14 11:44:01,682 : INFO : FAST : Connected! Processor: NET, Board Type: FP-CPU-002-2, Firmware: 01.05
2022-10-14 11:44:01,682 : INFO : EventManager : Event: ======'machine_var_fast_net_firmware'====== Args={'value': '01.05', 'prev_value': None, 'change': True}
2022-10-14 11:44:01,682 : INFO : EventManager : Event: ======'machine_var_fast_net_model'====== Args={'value': 'FP-CPU-002-2', 'prev_value': None, 'change': True}
2022-10-14 11:44:04,044 : WARNING : FAST : Got unexpected message from FAST: -N:00
2022-10-14 11:44:04,044 : WARNING : FAST : Got unexpected message from FAST: -N:11
2022-10-14 11:44:04,044 : WARNING : FAST : Got unexpected message from FAST: -N:38
2022-10-14 11:44:04,044 : WARNING : FAST : Got unexpected message from FAST: -N:3B
2022-10-14 11:44:04,044 : WARNING : FAST : Got unexpected message from FAST: -N:3D
2022-10-14 11:44:04,044 : WARNING : FAST : Got unexpected message from FAST: -N:40
2022-10-14 11:44:04,044 : WARNING : FAST : Got unexpected message from FAST: -N:41
2022-10-14 11:44:04,044 : WARNING : FAST : Got unexpected message from FAST: -N:42
2022-10-14 11:44:04,045 : WARNING : FAST : Got unexpected message from FAST: -N:5D
2022-10-14 11:44:04,156 : INFO : FAST : Connecting to com10 at 921600bps
2022-10-14 11:44:04,187 : INFO : FAST : Connected! Processor: RGB, Board Type: FP-CPU-002-2, Firmware: 00.87
2022-10-14 11:44:04,187 : INFO : EventManager : Event: ======'machine_var_fast_rgb_firmware'====== Args={'value': '00.87', 'prev_value': None, 'change': True}
2022-10-14 11:44:04,187 : INFO : EventManager : Event: ======'machine_var_fast_rgb_model'====== Args={'value': 'FP-CPU-002-2', 'prev_value': None, 'change': True}
2022-10-14 11:44:04,188 : INFO : EventManager : Event: ======'machine_var_credits_string'====== Args={'value': 'FREE PLAY', 'prev_value': None, 'change': True}
2022-10-14 11:44:04,232 : INFO : EventManager : Event: ======'machine_var_master_volume'====== Args={'value': 0.5, 'prev_value': None, 'change': True}
2022-10-14 11:44:04,232 : INFO : EventManager : Event: ======'machine_var_mpf_version'====== Args={'value': 'MPF v0.55.0', 'prev_value': None, 'change': True}
2022-10-14 11:44:04,232 : INFO : EventManager : Event: ======'machine_var_mpf_extended_version'====== Args={'value': 'MPF v0.55.0, Config version:5, Show version: 5, BCP version:1.1', 'prev_value': None, 'change': True}
2022-10-14 11:44:04,232 : INFO : EventManager : Event: ======'machine_var_python_version'====== Args={'value': '3.7.8', 'prev_value': None, 'change': True}
2022-10-14 11:44:04,233 : INFO : EventManager : Event: ======'machine_var_platform'====== Args={'value': 'Windows-10-10.0.19041-SP0', 'prev_value': None, 'change': True}
2022-10-14 11:44:04,233 : INFO : EventManager : Event: ======'machine_var_platform_system'====== Args={'value': 'Windows', 'prev_value': None, 'change': True}
2022-10-14 11:44:04,233 : INFO : EventManager : Event: ======'machine_var_platform_release'====== Args={'value': '10', 'prev_value': None, 'change': True}
2022-10-14 11:44:04,233 : INFO : EventManager : Event: ======'machine_var_platform_version'====== Args={'value': '10.0.19041', 'prev_value': None, 'change': True}
2022-10-14 11:44:04,233 : INFO : EventManager : Event: ======'machine_var_platform_machine'====== Args={'value': 'AMD64', 'prev_value': None, 'change': True}
2022-10-14 11:44:04,233 : INFO : EventManager : Event: ======'init_phase_1'====== Args={}
2022-10-14 11:44:04,274 : INFO : EventManager : Event: ======'drop_target_bank_single_main_up'====== Args={}
2022-10-14 11:44:04,274 : INFO : EventManager : Event: ======'drop_target_bank_mid_up'====== Args={}
2022-10-14 11:44:04,275 : INFO : EventManager : Event: ======'drop_target_bank_right_up'====== Args={}
2022-10-14 11:44:04,287 : INFO : EventManager : Event: ======'init_phase_2'====== Args={}
2022-10-14 11:44:04,287 : INFO : SwitchController : Found active switch: (('00', 1), <Platform.FAST>) <switch.s_right_flipper>
2022-10-14 11:44:04,288 : INFO : SwitchController : Found active switch: (('34', 1), <Platform.FAST>) <switch.s_vuk_top>
2022-10-14 11:44:04,288 : INFO : SwitchController : Found active switch: (('33', 1), <Platform.FAST>) <switch.s_vuk_right>
2022-10-14 11:44:04,288 : INFO : SwitchController : Found active switch: (('43', 1), <Platform.FAST>) <switch.s_trough_3>
2022-10-14 11:44:04,288 : INFO : SwitchController : Found active switch: (('44', 1), <Platform.FAST>) <switch.s_trough_2>
2022-10-14 11:44:04,288 : INFO : SwitchController : Found active switch: (('48', 1), <Platform.FAST>) <switch.s_trough_1>
2022-10-14 11:44:04,288 : INFO : SwitchController : Found active switch: (('49', 1), <Platform.FAST>) <switch.s_trough_jam>
2022-10-14 11:44:04,295 : INFO : ball_device.bd_trough : BCH: Initial count: 4
2022-10-14 11:44:04,296 : INFO : ball_device.bd_trough : State: idle
2022-10-14 11:44:04,296 : INFO : ball_device.bd_plunger : BCH: Initial count: 0
2022-10-14 11:44:04,297 : INFO : ball_device.bd_plunger : State: idle
2022-10-14 11:44:04,298 : INFO : ball_device.bd_top_vuk : BCH: Initial count: 1
2022-10-14 11:44:04,298 : INFO : ball_device.bd_top_vuk : State: idle
2022-10-14 11:44:04,298 : INFO : ball_device.bd_right_vuk : BCH: Initial count: 1
2022-10-14 11:44:04,299 : INFO : ball_device.bd_right_vuk : State: idle
2022-10-14 11:44:04,299 : INFO : ball_device.bd_bot_vuk : BCH: Initial count: 0
2022-10-14 11:44:04,300 : INFO : ball_device.bd_bot_vuk : State: idle
2022-10-14 11:44:04,338 : INFO : EventManager : Event: ======'init_phase_3'====== Args={}
2022-10-14 11:44:04,943 : INFO : EventManager : Event: ======'init_phase_4'====== Args={}
2022-10-14 11:44:04,973 : INFO : EventManager : Event: ======'playfield_active'====== Args={}
2022-10-14 11:44:04,973 : INFO : EventManager : Event: ======'unexpected_ball_on_playfield'====== Args={}
2022-10-14 11:44:04,973 : INFO : EventManager : Event: ======'playfield_active'====== Args={}
2022-10-14 11:44:04,973 : INFO : EventManager : Event: ======'unexpected_ball_on_playfield'====== Args={}
2022-10-14 11:44:04,973 : INFO : EventManager : Event: ======'playfield_active'====== Args={}
2022-10-14 11:44:04,973 : INFO : EventManager : Event: ======'unexpected_ball_on_playfield'====== Args={}
2022-10-14 11:44:04,973 : INFO : EventManager : Event: ======'playfield_active'====== Args={}
2022-10-14 11:44:04,973 : INFO : EventManager : Event: ======'unexpected_ball_on_playfield'====== Args={}
2022-10-14 11:44:04,973 : INFO : EventManager : Event: ======'playfield_active'====== Args={}
2022-10-14 11:44:04,973 : INFO : EventManager : Event: ======'unexpected_ball_on_playfield'====== Args={}
2022-10-14 11:44:04,973 : INFO : EventManager : Event: ======'playfield_active'====== Args={}
2022-10-14 11:44:04,973 : INFO : EventManager : Event: ======'unexpected_ball_on_playfield'====== Args={}
2022-10-14 11:44:04,974 : INFO : BallController : Initial balls found: 6
2022-10-14 11:44:04,976 : INFO : EventManager : Event: ======'machine_var_audits_events_game_ended'====== Args={'value': 0, 'prev_value': None, 'change': True}
2022-10-14 11:44:04,976 : INFO : EventManager : Event: ======'machine_var_audits_events_game_started'====== Args={'value': 0, 'prev_value': None, 'change': True}
2022-10-14 11:44:04,976 : INFO : EventManager : Event: ======'machine_var_audits_player_score'====== Args={'value': {'average': 0, 'top': [], 'total': 0}, 'prev_value': None, 'change': True}
2022-10-14 11:44:04,976 : INFO : EventManager : Event: ======'machine_var_audits_switches_s_autolauncher'====== Args={'value': 88, 'prev_value': None, 'change': True}
2022-10-14 11:44:04,976 : INFO : EventManager : Event: ======'machine_var_audits_switches_s_back_pop'====== Args={'value': 10, 'prev_value': None, 'change': True}
2022-10-14 11:44:04,976 : INFO : EventManager : Event: ======'machine_var_audits_switches_s_back_rollover'====== Args={'value': 0, 'prev_value': None, 'change': True}
2022-10-14 11:44:04,976 : INFO : EventManager : Event: ======'machine_var_audits_switches_s_back_stationary'====== Args={'value': 3, 'prev_value': None, 'change': True}
2022-10-14 11:44:04,977 : INFO : EventManager : Event: ======'machine_var_audits_switches_s_bot_back'====== Args={'value': 0, 'prev_value': None, 'change': True}
2022-10-14 11:44:04,977 : INFO : EventManager : Event: ======'machine_var_audits_switches_s_bot_big'====== Args={'value': 2, 'prev_value': None, 'change': True}
2022-10-14 11:44:04,977 : INFO : EventManager : Event: ======'machine_var_audits_switches_s_bot_left'====== Args={'value': 0, 'prev_value': None, 'change': True}
2022-10-14 11:44:04,977 : INFO : EventManager : Event: ======'machine_var_audits_switches_s_bot_right'====== Args={'value': 1, 'prev_value': None, 'change': True}
2022-10-14 11:44:04,977 : INFO : EventManager : Event: ======'machine_var_audits_switches_s_bot_rollover'====== Args={'value': 0, 'prev_value': None, 'change': True}
2022-10-14 11:44:04,977 : INFO : EventManager : Event: ======'machine_var_audits_switches_s_bot_vuk'====== Args={'value': 2, 'prev_value': None, 'change': True}
2022-10-14 11:44:04,977 : INFO : EventManager : Event: ======'machine_var_audits_switches_s_drop_mid_left'====== Args={'value': 76, 'prev_value': None, 'change': True}
2022-10-14 11:44:04,978 : INFO : EventManager : Event: ======'machine_var_audits_switches_s_drop_mid_mid'====== Args={'value': 85, 'prev_value': None, 'change': True}
2022-10-14 11:44:04,978 : INFO : EventManager : Event: ======'machine_var_audits_switches_s_drop_mid_right'====== Args={'value': 8, 'prev_value': None, 'change': True}
2022-10-14 11:44:04,978 : INFO : EventManager : Event: ======'machine_var_audits_switches_s_drop_right_left'====== Args={'value': 24, 'prev_value': None, 'change': True}
2022-10-14 11:44:04,978 : INFO : EventManager : Event: ======'machine_var_audits_switches_s_drop_right_right'====== Args={'value': 61, 'prev_value': None, 'change': True}
2022-10-14 11:44:04,978 : INFO : EventManager : Event: ======'machine_var_audits_switches_s_drop_single'====== Args={'value': 41, 'prev_value': None, 'change': True}
2022-10-14 11:44:04,978 : INFO : EventManager : Event: ======'machine_var_audits_switches_s_eos_left'====== Args={'value': 71, 'prev_value': None, 'change': True}
2022-10-14 11:44:04,978 : INFO : EventManager : Event: ======'machine_var_audits_switches_s_eos_left_top'====== Args={'value': 961, 'prev_value': None, 'change': True}
2022-10-14 11:44:04,979 : INFO : EventManager : Event: ======'machine_var_audits_switches_s_eos_right'====== Args={'value': 96, 'prev_value': None, 'change': True}
2022-10-14 11:44:04,979 : INFO : EventManager : Event: ======'machine_var_audits_switches_s_launch'====== Args={'value': 59, 'prev_value': None, 'change': True}
2022-10-14 11:44:04,979 : INFO : EventManager : Event: ======'machine_var_audits_switches_s_left_flipper'====== Args={'value': 1067, 'prev_value': None, 'change': True}
2022-10-14 11:44:04,979 : INFO : EventManager : Event: ======'machine_var_audits_switches_s_left_inlane'====== Args={'value': 26, 'prev_value': None, 'change': True}
2022-10-14 11:44:04,979 : INFO : EventManager : Event: ======'machine_var_audits_switches_s_left_outlane'====== Args={'value': 5, 'prev_value': None, 'change': True}
2022-10-14 11:44:04,979 : INFO : EventManager : Event: ======'machine_var_audits_switches_s_pop_left'====== Args={'value': 176, 'prev_value': None, 'change': True}
2022-10-14 11:44:04,980 : INFO : EventManager : Event: ======'machine_var_audits_switches_s_pop_lower'====== Args={'value': 261, 'prev_value': None, 'change': True}
2022-10-14 11:44:04,980 : INFO : EventManager : Event: ======'machine_var_audits_switches_s_pop_right'====== Args={'value': 343, 'prev_value': None, 'change': True}
2022-10-14 11:44:04,980 : INFO : EventManager : Event: ======'machine_var_audits_switches_s_right_flipper'====== Args={'value': 1051, 'prev_value': None, 'change': True}
2022-10-14 11:44:04,980 : INFO : EventManager : Event: ======'machine_var_audits_switches_s_right_inlane'====== Args={'value': 0, 'prev_value': None, 'change': True}
2022-10-14 11:44:04,980 : INFO : EventManager : Event: ======'machine_var_audits_switches_s_right_outlane'====== Args={'value': 79, 'prev_value': None, 'change': True}
2022-10-14 11:44:04,981 : INFO : EventManager : Event: ======'machine_var_audits_switches_s_rollover_left'====== Args={'value': 71, 'prev_value': None, 'change': True}
2022-10-14 11:44:04,981 : INFO : EventManager : Event: ======'machine_var_audits_switches_s_rollover_right'====== Args={'value': 46, 'prev_value': None, 'change': True}
2022-10-14 11:44:04,981 : INFO : EventManager : Event: ======'machine_var_audits_switches_s_sling_left'====== Args={'value': 43, 'prev_value': None, 'change': True}
2022-10-14 11:44:04,981 : INFO : EventManager : Event: ======'machine_var_audits_switches_s_sling_right'====== Args={'value': 136, 'prev_value': None, 'change': True}
2022-10-14 11:44:04,981 : INFO : EventManager : Event: ======'machine_var_audits_switches_s_start'====== Args={'value': 154, 'prev_value': None, 'change': True}
2022-10-14 11:44:04,982 : INFO : EventManager : Event: ======'machine_var_audits_switches_s_tilt'====== Args={'value': 129, 'prev_value': None, 'change': True}
2022-10-14 11:44:04,982 : INFO : EventManager : Event: ======'machine_var_audits_switches_s_transfer_rollover'====== Args={'value': 3, 'prev_value': None, 'change': True}
2022-10-14 11:44:04,982 : INFO : EventManager : Event: ======'machine_var_audits_switches_s_trough_1'====== Args={'value': 57, 'prev_value': None, 'change': True}
2022-10-14 11:44:04,982 : INFO : EventManager : Event: ======'machine_var_audits_switches_s_trough_2'====== Args={'value': 211, 'prev_value': None, 'change': True}
2022-10-14 11:44:04,982 : INFO : EventManager : Event: ======'machine_var_audits_switches_s_trough_3'====== Args={'value': 103, 'prev_value': None, 'change': True}
2022-10-14 11:44:04,983 : INFO : EventManager : Event: ======'machine_var_audits_switches_s_trough_4'====== Args={'value': 105, 'prev_value': None, 'change': True}
2022-10-14 11:44:04,983 : INFO : EventManager : Event: ======'machine_var_audits_switches_s_trough_5'====== Args={'value': 111, 'prev_value': None, 'change': True}
2022-10-14 11:44:04,983 : INFO : EventManager : Event: ======'machine_var_audits_switches_s_trough_6'====== Args={'value': 187, 'prev_value': None, 'change': True}
2022-10-14 11:44:04,983 : INFO : EventManager : Event: ======'machine_var_audits_switches_s_trough_jam'====== Args={'value': 108, 'prev_value': None, 'change': True}
2022-10-14 11:44:04,983 : INFO : EventManager : Event: ======'machine_var_audits_switches_s_upper_drop'====== Args={'value': 0, 'prev_value': None, 'change': True}
2022-10-14 11:44:04,984 : INFO : EventManager : Event: ======'machine_var_audits_switches_s_upper_rollover'====== Args={'value': 24, 'prev_value': None, 'change': True}
2022-10-14 11:44:04,984 : INFO : EventManager : Event: ======'machine_var_audits_switches_s_upper_stationary'====== Args={'value': 13, 'prev_value': None, 'change': True}
2022-10-14 11:44:04,984 : INFO : EventManager : Event: ======'machine_var_audits_switches_s_vuk_back'====== Args={'value': 1, 'prev_value': None, 'change': True}
2022-10-14 11:44:04,984 : INFO : EventManager : Event: ======'machine_var_audits_switches_s_vuk_right'====== Args={'value': 3, 'prev_value': None, 'change': True}
2022-10-14 11:44:04,985 : INFO : EventManager : Event: ======'machine_var_audits_switches_s_vuk_top'====== Args={'value': 29, 'prev_value': None, 'change': True}
2022-10-14 11:44:04,986 : INFO : EventManager : Event: ======'init_phase_5'====== Args={}
2022-10-14 11:44:05,007 : INFO : EventManager : Event: ======'init_done'====== Args={}
2022-10-14 11:44:05,008 : INFO : SwitchController : <<<<<<< 's_left_flipper' active >>>>>>>
2022-10-14 11:44:05,008 : INFO : SwitchController : <<<<<<< 's_left_flipper' inactive >>>>>>>
2022-10-14 11:44:05,008 : INFO : EventManager : Event: ======'machine_reset_phase_1'====== Args={}
2022-10-14 11:44:05,011 : INFO : EventManager : Event: ======'machine_reset_phase_2'====== Args={}
2022-10-14 11:44:05,012 : INFO : EventManager : Event: ======'machine_reset_phase_3'====== Args={}
2022-10-14 11:44:05,012 : INFO : EventManager : Event: ======'mode_tilt_will_start'====== Args={'queue': <QueuedEvent>}
2022-10-14 11:44:05,013 : INFO : EventManager : Event: ======'mode_tilt_starting'====== Args={'queue': <QueuedEvent>}
2022-10-14 11:44:05,013 : INFO : drop_target_bank.single_main : All targets are already up. Will not reset bank.
2022-10-14 11:44:05,013 : INFO : drop_target_bank.mid : All targets are already up. Will not reset bank.
2022-10-14 11:44:05,013 : INFO : drop_target_bank.right : All targets are already up. Will not reset bank.
2022-10-14 11:44:05,014 : INFO : Mode.tilt : Started. Priority: 1000000
2022-10-14 11:44:05,014 : INFO : EventManager : Event: ======'modes_active_modes_changed'====== Args={}
2022-10-14 11:44:05,014 : INFO : EventManager : Event: ======'mode_tilt_started'====== Args={'queue': <QueuedEvent>}
2022-10-14 11:44:05,014 : INFO : EventManager : Event: ======'reset_complete'====== Args={}
2022-10-14 11:44:05,015 : INFO : EventManager : Event: ======'mode_attract_will_start'====== Args={}
2022-10-14 11:44:05,015 : INFO : EventManager : Event: ======'mode_attract_starting'====== Args={}
2022-10-14 11:44:05,015 : INFO : Mode.attract : Started. Priority: 10
2022-10-14 11:44:05,015 : INFO : EventManager : Event: ======'modes_active_modes_changed'====== Args={}
2022-10-14 11:44:05,015 : INFO : EventManager : Event: ======'mode_attract_started'====== Args={}
2022-10-14 11:44:05,016 : INFO : EventManager : Event: ======'collecting_balls'====== Args={}
2022-10-14 11:44:05,016 : INFO : ball_device.bd_right_vuk : Adding 1 ball(s) to the eject_queue with target <playfield.playfield>.
2022-10-14 11:44:05,016 : INFO : EventManager : Event: ======'balldevice_balls_available'====== Args={}
2022-10-14 11:44:05,016 : INFO : ball_device.bd_top_vuk : Adding 1 ball(s) to the eject_queue with target <playfield.playfield>.
2022-10-14 11:44:05,016 : INFO : EventManager : Event: ======'balldevice_balls_available'====== Args={}
2022-10-14 11:44:05,037 : INFO : Machine : Starting the main run loop.
2022-10-14 11:44:05,038 : INFO : ball_device.bd_right_vuk : State: waiting_for_target_ready
2022-10-14 11:44:05,038 : INFO : EventManager : Event: ======'balldevice_bd_right_vuk_ball_eject_attempt'====== Args={'balls': 1, 'target': <playfield.playfield>, 'source': <ball_device.bd_right_vuk>, 'mechanical_eject': False, 'num_attempts': 0}
2022-10-14 11:44:05,038 : INFO : ball_device.bd_top_vuk : State: waiting_for_target_ready
2022-10-14 11:44:05,038 : INFO : EventManager : Event: ======'balldevice_bd_top_vuk_ball_eject_attempt'====== Args={'balls': 1, 'target': <playfield.playfield>, 'source': <ball_device.bd_top_vuk>, 'mechanical_eject': False, 'num_attempts': 0}
2022-10-14 11:44:05,039 : INFO : ball_device.bd_top_vuk : State: ejecting
2022-10-14 11:44:05,039 : INFO : ball_device.bd_top_vuk : Ejecting ball to <playfield.playfield>
2022-10-14 11:44:05,039 : INFO : EventManager : Event: ======'balldevice_bd_top_vuk_ejecting_ball'====== Args={'balls': 1, 'target': <playfield.playfield>, 'source': <ball_device.bd_top_vuk>, 'mechanical_eject': False, 'num_attempts': 0}
2022-10-14 11:44:05,039 : INFO : ball_device.bd_right_vuk : State: ejecting
2022-10-14 11:44:05,039 : INFO : ball_device.bd_right_vuk : Ejecting ball to <playfield.playfield>
2022-10-14 11:44:05,039 : INFO : EventManager : Event: ======'balldevice_bd_right_vuk_ejecting_ball'====== Args={'balls': 1, 'target': <playfield.playfield>, 'source': <ball_device.bd_right_vuk>, 'mechanical_eject': False, 'num_attempts': 0}
2022-10-14 11:44:05,040 : INFO : ball_device.bd_right_vuk : Wait for ball to leave device
2022-10-14 11:44:05,040 : INFO : coil.c_right_vuk : Pulsing Driver for 10ms (1.0 pulse_power)
2022-10-14 11:44:05,040 : INFO : ball_device.bd_top_vuk : Wait for ball to leave device
2022-10-14 11:44:05,066 : INFO : coil.c_top_vuk : Pulsing Driver for 70ms (1.0 pulse_power)
2022-10-14 11:44:05,144 : INFO : SwitchController : <<<<<<< 's_left_flipper' active >>>>>>>
2022-10-14 11:44:05,207 : INFO : SwitchController : <<<<<<< 's_left_flipper' inactive >>>>>>>
2022-10-14 11:44:05,925 : INFO : SwitchController : <<<<<<< 's_left_flipper' active >>>>>>>
2022-10-14 11:44:05,945 : INFO : SwitchController : <<<<<<< 's_eos_left' active >>>>>>>
2022-10-14 11:44:05,945 : INFO : SwitchController : <<<<<<< 's_eos_left_top' active >>>>>>>
2022-10-14 11:44:06,161 : INFO : SwitchController : <<<<<<< 's_left_flipper' inactive >>>>>>>
2022-10-14 11:44:06,255 : INFO : SwitchController : <<<<<<< 's_eos_left_top' inactive >>>>>>>
2022-10-14 11:44:06,255 : INFO : SwitchController : <<<<<<< 's_eos_left' inactive >>>>>>>
2022-10-14 11:44:07,035 : INFO : EventManager : Event: ======'balldevice_bd_right_vuk_ball_eject_failed'====== Args={'target': <playfield.playfield>, 'balls': 1, 'retry': True, 'num_attempts': 1}
2022-10-14 11:44:07,035 : INFO : EventManager : Event: ======'balldevice_bd_top_vuk_ball_eject_failed'====== Args={'target': <playfield.playfield>, 'balls': 1, 'retry': True, 'num_attempts': 1}
2022-10-14 11:44:07,036 : INFO : ball_device.bd_top_vuk : State: waiting_for_target_ready
2022-10-14 11:44:07,036 : INFO : EventManager : Event: ======'balldevice_bd_top_vuk_ball_eject_attempt'====== Args={'balls': 1, 'target': <playfield.playfield>, 'source': <ball_device.bd_top_vuk>, 'mechanical_eject': False, 'num_attempts': 1}
2022-10-14 11:44:07,037 : INFO : ball_device.bd_right_vuk : State: waiting_for_target_ready
2022-10-14 11:44:07,037 : INFO : EventManager : Event: ======'balldevice_bd_right_vuk_ball_eject_attempt'====== Args={'balls': 1, 'target': <playfield.playfield>, 'source': <ball_device.bd_right_vuk>, 'mechanical_eject': False, 'num_attempts': 1}
2022-10-14 11:44:07,037 : INFO : ball_device.bd_right_vuk : State: ejecting
2022-10-14 11:44:07,037 : INFO : ball_device.bd_right_vuk : Ejecting ball to <playfield.playfield>
2022-10-14 11:44:07,037 : INFO : EventManager : Event: ======'balldevice_bd_right_vuk_ejecting_ball'====== Args={'balls': 1, 'target': <playfield.playfield>, 'source': <ball_device.bd_right_vuk>, 'mechanical_eject': False, 'num_attempts': 1}
2022-10-14 11:44:07,037 : INFO : ball_device.bd_top_vuk : State: ejecting
2022-10-14 11:44:07,037 : INFO : ball_device.bd_top_vuk : Ejecting ball to <playfield.playfield>
2022-10-14 11:44:07,037 : INFO : EventManager : Event: ======'balldevice_bd_top_vuk_ejecting_ball'====== Args={'balls': 1, 'target': <playfield.playfield>, 'source': <ball_device.bd_top_vuk>, 'mechanical_eject': False, 'num_attempts': 1}
2022-10-14 11:44:07,038 : INFO : ball_device.bd_top_vuk : Wait for ball to leave device
2022-10-14 11:44:07,038 : INFO : coil.c_top_vuk : Pulsing Driver for 70ms (1.0 pulse_power)
2022-10-14 11:44:07,038 : INFO : ball_device.bd_right_vuk : Wait for ball to leave device
2022-10-14 11:44:07,113 : INFO : coil.c_right_vuk : Pulsing Driver for 10ms (1.0 pulse_power)
2022-10-14 11:44:07,159 : INFO : SwitchController : <<<<<<< 's_right_flipper' inactive >>>>>>>
2022-10-14 11:44:07,175 : INFO : SwitchController : <<<<<<< 's_right_flipper' active >>>>>>>
2022-10-14 11:44:07,193 : INFO : SwitchController : <<<<<<< 's_eos_right' active >>>>>>>
2022-10-14 11:44:09,037 : INFO : EventManager : Event: ======'balldevice_bd_top_vuk_ball_eject_failed'====== Args={'target': <playfield.playfield>, 'balls': 1, 'retry': True, 'num_attempts': 2}
2022-10-14 11:44:09,037 : INFO : EventManager : Event: ======'balldevice_bd_right_vuk_ball_eject_failed'====== Args={'target': <playfield.playfield>, 'balls': 1, 'retry': True, 'num_attempts': 2}
2022-10-14 11:44:09,038 : INFO : ball_device.bd_right_vuk : State: waiting_for_target_ready
2022-10-14 11:44:09,038 : INFO : EventManager : Event: ======'balldevice_bd_right_vuk_ball_eject_attempt'====== Args={'balls': 1, 'target': <playfield.playfield>, 'source': <ball_device.bd_right_vuk>, 'mechanical_eject': False, 'num_attempts': 2}
2022-10-14 11:44:09,038 : INFO : ball_device.bd_top_vuk : State: waiting_for_target_ready
2022-10-14 11:44:09,038 : INFO : EventManager : Event: ======'balldevice_bd_top_vuk_ball_eject_attempt'====== Args={'balls': 1, 'target': <playfield.playfield>, 'source': <ball_device.bd_top_vuk>, 'mechanical_eject': False, 'num_attempts': 2}
2022-10-14 11:44:09,039 : INFO : ball_device.bd_top_vuk : State: ejecting
2022-10-14 11:44:09,039 : INFO : ball_device.bd_top_vuk : Ejecting ball to <playfield.playfield>
2022-10-14 11:44:09,039 : INFO : EventManager : Event: ======'balldevice_bd_top_vuk_ejecting_ball'====== Args={'balls': 1, 'target': <playfield.playfield>, 'source': <ball_device.bd_top_vuk>, 'mechanical_eject': False, 'num_attempts': 2}
2022-10-14 11:44:09,039 : INFO : ball_device.bd_right_vuk : State: ejecting
2022-10-14 11:44:09,039 : INFO : ball_device.bd_right_vuk : Ejecting ball to <playfield.playfield>
2022-10-14 11:44:09,039 : INFO : EventManager : Event: ======'balldevice_bd_right_vuk_ejecting_ball'====== Args={'balls': 1, 'target': <playfield.playfield>, 'source': <ball_device.bd_right_vuk>, 'mechanical_eject': False, 'num_attempts': 2}
2022-10-14 11:44:09,040 : INFO : ball_device.bd_right_vuk : Wait for ball to leave device
2022-10-14 11:44:09,040 : INFO : coil.c_right_vuk : Pulsing Driver for 10ms (1.0 pulse_power)
2022-10-14 11:44:09,040 : INFO : ball_device.bd_top_vuk : Wait for ball to leave device
2022-10-14 11:44:09,052 : INFO : coil.c_top_vuk : Pulsing Driver for 70ms (1.0 pulse_power)
2022-10-14 11:44:09,099 : INFO : SwitchController : <<<<<<< 's_right_flipper' inactive >>>>>>>
2022-10-14 11:44:09,099 : INFO : SwitchController : <<<<<<< 's_right_flipper' active >>>>>>>
2022-10-14 11:44:09,100 : INFO : SwitchController : <<<<<<< 's_right_flipper' inactive >>>>>>>
2022-10-14 11:44:09,119 : INFO : SwitchController : <<<<<<< 's_right_flipper' active >>>>>>>
2022-10-14 11:44:11,045 : INFO : EventManager : Event: ======'balldevice_bd_top_vuk_ball_eject_failed'====== Args={'target': <playfield.playfield>, 'balls': 1, 'retry': True, 'num_attempts': 3}
2022-10-14 11:44:11,045 : INFO : EventManager : Event: ======'balldevice_bd_right_vuk_ball_eject_failed'====== Args={'target': <playfield.playfield>, 'balls': 1, 'retry': True, 'num_attempts': 3}
2022-10-14 11:44:11,046 : INFO : ball_device.bd_right_vuk : State: waiting_for_target_ready
2022-10-14 11:44:11,046 : INFO : EventManager : Event: ======'balldevice_bd_right_vuk_ball_eject_attempt'====== Args={'balls': 1, 'target': <playfield.playfield>, 'source': <ball_device.bd_right_vuk>, 'mechanical_eject': False, 'num_attempts': 3}
2022-10-14 11:44:11,046 : INFO : ball_device.bd_top_vuk : State: waiting_for_target_ready
2022-10-14 11:44:11,046 : INFO : EventManager : Event: ======'balldevice_bd_top_vuk_ball_eject_attempt'====== Args={'balls': 1, 'target': <playfield.playfield>, 'source': <ball_device.bd_top_vuk>, 'mechanical_eject': False, 'num_attempts': 3}
2022-10-14 11:44:11,047 : INFO : ball_device.bd_top_vuk : State: ejecting
2022-10-14 11:44:11,047 : INFO : ball_device.bd_top_vuk : Ejecting ball to <playfield.playfield>
2022-10-14 11:44:11,047 : INFO : EventManager : Event: ======'balldevice_bd_top_vuk_ejecting_ball'====== Args={'balls': 1, 'target': <playfield.playfield>, 'source': <ball_device.bd_top_vuk>, 'mechanical_eject': False, 'num_attempts': 3}
2022-10-14 11:44:11,047 : INFO : ball_device.bd_right_vuk : State: ejecting
2022-10-14 11:44:11,047 : INFO : ball_device.bd_right_vuk : Ejecting ball to <playfield.playfield>
2022-10-14 11:44:11,047 : INFO : EventManager : Event: ======'balldevice_bd_right_vuk_ejecting_ball'====== Args={'balls': 1, 'target': <playfield.playfield>, 'source': <ball_device.bd_right_vuk>, 'mechanical_eject': False, 'num_attempts': 3}
2022-10-14 11:44:11,048 : INFO : ball_device.bd_right_vuk : Wait for ball to leave device
2022-10-14 11:44:11,048 : INFO : coil.c_right_vuk : Pulsing Driver for 10ms (1.0 pulse_power)
2022-10-14 11:44:11,048 : INFO : ball_device.bd_top_vuk : Wait for ball to leave device
2022-10-14 11:44:11,061 : INFO : coil.c_top_vuk : Pulsing Driver for 70ms (1.0 pulse_power)
2022-10-14 11:44:12,122 : INFO : EventManager : Event: ======'flipper_cradle'====== Args={}
2022-10-14 11:44:12,624 : INFO : SwitchController : <<<<<<< 's_right_flipper' inactive >>>>>>>
2022-10-14 11:44:12,625 : INFO : EventManager : Event: ======'flipper_cradle_release'====== Args={}
2022-10-14 11:44:12,719 : INFO : SwitchController : <<<<<<< 's_eos_right' inactive >>>>>>>
2022-10-14 11:44:13,036 : INFO : EventManager : Event: ======'balldevice_bd_top_vuk_ball_eject_failed'====== Args={'target': <playfield.playfield>, 'balls': 1, 'retry': True, 'num_attempts': 4}
2022-10-14 11:44:13,036 : INFO : EventManager : Event: ======'balldevice_bd_right_vuk_ball_eject_failed'====== Args={'target': <playfield.playfield>, 'balls': 1, 'retry': True, 'num_attempts': 4}
2022-10-14 11:44:13,037 : INFO : ball_device.bd_right_vuk : State: waiting_for_target_ready
2022-10-14 11:44:13,037 : INFO : EventManager : Event: ======'balldevice_bd_right_vuk_ball_eject_attempt'====== Args={'balls': 1, 'target': <playfield.playfield>, 'source': <ball_device.bd_right_vuk>, 'mechanical_eject': False, 'num_attempts': 4}
2022-10-14 11:44:13,037 : INFO : ball_device.bd_top_vuk : State: waiting_for_target_ready
2022-10-14 11:44:13,037 : INFO : EventManager : Event: ======'balldevice_bd_top_vuk_ball_eject_attempt'====== Args={'balls': 1, 'target': <playfield.playfield>, 'source': <ball_device.bd_top_vuk>, 'mechanical_eject': False, 'num_attempts': 4}
2022-10-14 11:44:13,038 : INFO : ball_device.bd_top_vuk : State: ejecting
2022-10-14 11:44:13,038 : INFO : ball_device.bd_top_vuk : Ejecting ball to <playfield.playfield>
2022-10-14 11:44:13,038 : INFO : EventManager : Event: ======'balldevice_bd_top_vuk_ejecting_ball'====== Args={'balls': 1, 'target': <playfield.playfield>, 'source': <ball_device.bd_top_vuk>, 'mechanical_eject': False, 'num_attempts': 4}
2022-10-14 11:44:13,038 : INFO : ball_device.bd_right_vuk : State: ejecting
2022-10-14 11:44:13,038 : INFO : ball_device.bd_right_vuk : Ejecting ball to <playfield.playfield>
2022-10-14 11:44:13,038 : INFO : EventManager : Event: ======'balldevice_bd_right_vuk_ejecting_ball'====== Args={'balls': 1, 'target': <playfield.playfield>, 'source': <ball_device.bd_right_vuk>, 'mechanical_eject': False, 'num_attempts': 4}
2022-10-14 11:44:13,039 : INFO : ball_device.bd_right_vuk : Wait for ball to leave device
2022-10-14 11:44:13,039 : INFO : coil.c_right_vuk : Pulsing Driver for 10ms (1.0 pulse_power)
2022-10-14 11:44:13,039 : INFO : ball_device.bd_top_vuk : Wait for ball to leave device
2022-10-14 11:44:13,052 : INFO : coil.c_top_vuk : Pulsing Driver for 70ms (1.0 pulse_power)
2022-10-14 11:44:14,505 : INFO : SwitchController : <<<<<<< 's_right_flipper' active >>>>>>>
2022-10-14 11:44:14,522 : INFO : SwitchController : <<<<<<< 's_right_flipper' inactive >>>>>>>
2022-10-14 11:44:14,522 : INFO : SwitchController : <<<<<<< 's_right_flipper' active >>>>>>>
2022-10-14 11:44:14,522 : INFO : SwitchController : <<<<<<< 's_right_flipper' inactive >>>>>>>
2022-10-14 11:44:14,522 : INFO : SwitchController : <<<<<<< 's_right_flipper' active >>>>>>>
2022-10-14 11:44:14,537 : INFO : SwitchController : <<<<<<< 's_eos_right' active >>>>>>>
2022-10-14 11:44:14,537 : INFO : SwitchController : <<<<<<< 's_right_flipper' inactive >>>>>>>
2022-10-14 11:44:14,537 : INFO : SwitchController : <<<<<<< 's_right_flipper' active >>>>>>>
2022-10-14 11:44:14,805 : INFO : SwitchController : <<<<<<< 's_right_flipper' inactive >>>>>>>
2022-10-14 11:44:14,929 : INFO : SwitchController : <<<<<<< 's_eos_right' inactive >>>>>>>
2022-10-14 11:44:14,929 : INFO : SwitchController : <<<<<<< 's_right_flipper' active >>>>>>>
2022-10-14 11:44:14,961 : INFO : SwitchController : <<<<<<< 's_eos_right' active >>>>>>>
2022-10-14 11:44:14,980 : INFO : SwitchController : <<<<<<< 's_right_flipper' inactive >>>>>>>
2022-10-14 11:44:15,040 : INFO : EventManager : Event: ======'balldevice_bd_top_vuk_ball_eject_failed'====== Args={'target': <playfield.playfield>, 'balls': 1, 'retry': True, 'num_attempts': 5}
2022-10-14 11:44:15,040 : INFO : EventManager : Event: ======'balldevice_bd_right_vuk_ball_eject_failed'====== Args={'target': <playfield.playfield>, 'balls': 1, 'retry': True, 'num_attempts': 5}
2022-10-14 11:44:15,041 : INFO : ball_device.bd_right_vuk : State: waiting_for_target_ready
2022-10-14 11:44:15,041 : INFO : EventManager : Event: ======'balldevice_bd_right_vuk_ball_eject_attempt'====== Args={'balls': 1, 'target': <playfield.playfield>, 'source': <ball_device.bd_right_vuk>, 'mechanical_eject': False, 'num_attempts': 5}
2022-10-14 11:44:15,041 : INFO : ball_device.bd_top_vuk : State: waiting_for_target_ready
2022-10-14 11:44:15,041 : INFO : EventManager : Event: ======'balldevice_bd_top_vuk_ball_eject_attempt'====== Args={'balls': 1, 'target': <playfield.playfield>, 'source': <ball_device.bd_top_vuk>, 'mechanical_eject': False, 'num_attempts': 5}
2022-10-14 11:44:15,042 : INFO : ball_device.bd_top_vuk : State: ejecting
2022-10-14 11:44:15,042 : INFO : ball_device.bd_top_vuk : Ejecting ball to <playfield.playfield>
2022-10-14 11:44:15,042 : INFO : EventManager : Event: ======'balldevice_bd_top_vuk_ejecting_ball'====== Args={'balls': 1, 'target': <playfield.playfield>, 'source': <ball_device.bd_top_vuk>, 'mechanical_eject': False, 'num_attempts': 5}
2022-10-14 11:44:15,042 : INFO : ball_device.bd_right_vuk : State: ejecting
2022-10-14 11:44:15,042 : INFO : ball_device.bd_right_vuk : Ejecting ball to <playfield.playfield>
2022-10-14 11:44:15,042 : INFO : EventManager : Event: ======'balldevice_bd_right_vuk_ejecting_ball'====== Args={'balls': 1, 'target': <playfield.playfield>, 'source': <ball_device.bd_right_vuk>, 'mechanical_eject': False, 'num_attempts': 5}
2022-10-14 11:44:15,043 : INFO : ball_device.bd_right_vuk : Wait for ball to leave device
2022-10-14 11:44:15,043 : INFO : coil.c_right_vuk : Pulsing Driver for 10ms (1.0 pulse_power)
2022-10-14 11:44:15,043 : INFO : ball_device.bd_top_vuk : Wait for ball to leave device
2022-10-14 11:44:15,055 : INFO : coil.c_top_vuk : Pulsing Driver for 70ms (1.0 pulse_power)
2022-10-14 11:44:15,102 : INFO : SwitchController : <<<<<<< 's_eos_right' inactive >>>>>>>
2022-10-14 11:44:17,044 : INFO : EventManager : Event: ======'balldevice_bd_top_vuk_ball_eject_failed'====== Args={'target': <playfield.playfield>, 'balls': 1, 'retry': True, 'num_attempts': 6}
2022-10-14 11:44:17,044 : INFO : EventManager : Event: ======'balldevice_bd_right_vuk_ball_eject_failed'====== Args={'target': <playfield.playfield>, 'balls': 1, 'retry': True, 'num_attempts': 6}
2022-10-14 11:44:17,045 : INFO : ball_device.bd_right_vuk : State: waiting_for_target_ready
2022-10-14 11:44:17,045 : INFO : EventManager : Event: ======'balldevice_bd_right_vuk_ball_eject_attempt'====== Args={'balls': 1, 'target': <playfield.playfield>, 'source': <ball_device.bd_right_vuk>, 'mechanical_eject': False, 'num_attempts': 6}
2022-10-14 11:44:17,045 : INFO : ball_device.bd_top_vuk : State: waiting_for_target_ready
2022-10-14 11:44:17,045 : INFO : EventManager : Event: ======'balldevice_bd_top_vuk_ball_eject_attempt'====== Args={'balls': 1, 'target': <playfield.playfield>, 'source': <ball_device.bd_top_vuk>, 'mechanical_eject': False, 'num_attempts': 6}
2022-10-14 11:44:17,046 : INFO : ball_device.bd_top_vuk : State: ejecting
2022-10-14 11:44:17,046 : INFO : ball_device.bd_top_vuk : Ejecting ball to <playfield.playfield>
2022-10-14 11:44:17,046 : INFO : EventManager : Event: ======'balldevice_bd_top_vuk_ejecting_ball'====== Args={'balls': 1, 'target': <playfield.playfield>, 'source': <ball_device.bd_top_vuk>, 'mechanical_eject': False, 'num_attempts': 6}
2022-10-14 11:44:17,046 : INFO : ball_device.bd_right_vuk : State: ejecting
2022-10-14 11:44:17,046 : INFO : ball_device.bd_right_vuk : Ejecting ball to <playfield.playfield>
2022-10-14 11:44:17,046 : INFO : EventManager : Event: ======'balldevice_bd_right_vuk_ejecting_ball'====== Args={'balls': 1, 'target': <playfield.playfield>, 'source': <ball_device.bd_right_vuk>, 'mechanical_eject': False, 'num_attempts': 6}
2022-10-14 11:44:17,047 : INFO : ball_device.bd_right_vuk : Wait for ball to leave device
2022-10-14 11:44:17,047 : INFO : coil.c_right_vuk : Pulsing Driver for 10ms (1.0 pulse_power)
2022-10-14 11:44:17,047 : INFO : ball_device.bd_top_vuk : Wait for ball to leave device
2022-10-14 11:44:17,059 : INFO : coil.c_top_vuk : Pulsing Driver for 70ms (1.0 pulse_power)
2022-10-14 11:44:19,045 : INFO : EventManager : Event: ======'balldevice_bd_right_vuk_ball_eject_failed'====== Args={'target': <playfield.playfield>, 'balls': 1, 'retry': True, 'num_attempts': 7}
2022-10-14 11:44:19,045 : INFO : EventManager : Event: ======'balldevice_bd_top_vuk_ball_eject_failed'====== Args={'target': <playfield.playfield>, 'balls': 1, 'retry': True, 'num_attempts': 7}
2022-10-14 11:44:19,046 : INFO : ball_device.bd_top_vuk : State: waiting_for_target_ready
2022-10-14 11:44:19,046 : INFO : EventManager : Event: ======'balldevice_bd_top_vuk_ball_eject_attempt'====== Args={'balls': 1, 'target': <playfield.playfield>, 'source': <ball_device.bd_top_vuk>, 'mechanical_eject': False, 'num_attempts': 7}
2022-10-14 11:44:19,046 : INFO : ball_device.bd_right_vuk : State: waiting_for_target_ready
2022-10-14 11:44:19,046 : INFO : EventManager : Event: ======'balldevice_bd_right_vuk_ball_eject_attempt'====== Args={'balls': 1, 'target': <playfield.playfield>, 'source': <ball_device.bd_right_vuk>, 'mechanical_eject': False, 'num_attempts': 7}
2022-10-14 11:44:19,047 : INFO : ball_device.bd_right_vuk : State: ejecting
2022-10-14 11:44:19,047 : INFO : ball_device.bd_right_vuk : Ejecting ball to <playfield.playfield>
2022-10-14 11:44:19,047 : INFO : EventManager : Event: ======'balldevice_bd_right_vuk_ejecting_ball'====== Args={'balls': 1, 'target': <playfield.playfield>, 'source': <ball_device.bd_right_vuk>, 'mechanical_eject': False, 'num_attempts': 7}
2022-10-14 11:44:19,047 : INFO : ball_device.bd_top_vuk : State: ejecting
2022-10-14 11:44:19,047 : INFO : ball_device.bd_top_vuk : Ejecting ball to <playfield.playfield>
2022-10-14 11:44:19,047 : INFO : EventManager : Event: ======'balldevice_bd_top_vuk_ejecting_ball'====== Args={'balls': 1, 'target': <playfield.playfield>, 'source': <ball_device.bd_top_vuk>, 'mechanical_eject': False, 'num_attempts': 7}
2022-10-14 11:44:19,048 : INFO : ball_device.bd_top_vuk : Wait for ball to leave device
2022-10-14 11:44:19,048 : INFO : coil.c_top_vuk : Pulsing Driver for 70ms (1.0 pulse_power)
2022-10-14 11:44:19,048 : INFO : ball_device.bd_right_vuk : Wait for ball to leave device
2022-10-14 11:44:19,090 : INFO : SwitchController : <<<<<<< 's_right_flipper' active >>>>>>>
2022-10-14 11:44:19,090 : INFO : SwitchController : <<<<<<< 's_right_flipper' inactive >>>>>>>
2022-10-14 11:44:19,121 : INFO : coil.c_right_vuk : Pulsing Driver for 10ms (1.0 pulse_power)
2022-10-14 11:44:19,121 : INFO : SwitchController : <<<<<<< 's_right_flipper' active >>>>>>>
2022-10-14 11:44:19,122 : INFO : SwitchController : <<<<<<< 's_right_flipper' inactive >>>>>>>
2022-10-14 11:44:19,122 : INFO : SwitchController : <<<<<<< 's_right_flipper' active >>>>>>>
2022-10-14 11:44:19,122 : INFO : SwitchController : <<<<<<< 's_right_flipper' inactive >>>>>>>
2022-10-14 11:44:19,153 : INFO : SwitchController : <<<<<<< 's_right_flipper' active >>>>>>>
2022-10-14 11:44:19,154 : INFO : SwitchController : <<<<<<< 's_right_flipper' inactive >>>>>>>
2022-10-14 11:44:19,154 : INFO : SwitchController : <<<<<<< 's_right_flipper' active >>>>>>>
2022-10-14 11:44:19,184 : INFO : SwitchController : <<<<<<< 's_right_flipper' inactive >>>>>>>
2022-10-14 11:44:19,184 : INFO : SwitchController : <<<<<<< 's_eos_right' active >>>>>>>
2022-10-14 11:44:19,184 : INFO : SwitchController : <<<<<<< 's_right_flipper' active >>>>>>>
2022-10-14 11:44:19,185 : INFO : SwitchController : <<<<<<< 's_right_flipper' inactive >>>>>>>
2022-10-14 11:44:19,247 : INFO : SwitchController : <<<<<<< 's_eos_right' inactive >>>>>>>
2022-10-14 11:44:19,982 : INFO : SwitchController : <<<<<<< 's_right_flipper' active >>>>>>>
2022-10-14 11:44:20,001 : INFO : SwitchController : <<<<<<< 's_right_flipper' inactive >>>>>>>
2022-10-14 11:44:20,002 : INFO : SwitchController : <<<<<<< 's_right_flipper' active >>>>>>>
2022-10-14 11:44:20,002 : INFO : SwitchController : <<<<<<< 's_eos_right' active >>>>>>>
2022-10-14 11:44:20,002 : INFO : SwitchController : <<<<<<< 's_right_flipper' inactive >>>>>>>
2022-10-14 11:44:20,045 : INFO : SwitchController : <<<<<<< 's_right_flipper' active >>>>>>>
2022-10-14 11:44:20,092 : INFO : SwitchController : <<<<<<< 's_right_flipper' inactive >>>>>>>
2022-10-14 11:44:20,092 : INFO : SwitchController : <<<<<<< 's_right_flipper' active >>>>>>>
2022-10-14 11:44:20,186 : INFO : SwitchController : <<<<<<< 's_right_flipper' inactive >>>>>>>
2022-10-14 11:44:20,280 : INFO : SwitchController : <<<<<<< 's_eos_right' inactive >>>>>>>
2022-10-14 11:44:21,045 : INFO : EventManager : Event: ======'balldevice_bd_top_vuk_ball_eject_failed'====== Args={'target': <playfield.playfield>, 'balls': 1, 'retry': True, 'num_attempts': 8}
2022-10-14 11:44:21,045 : INFO : EventManager : Event: ======'balldevice_bd_right_vuk_ball_eject_failed'====== Args={'target': <playfield.playfield>, 'balls': 1, 'retry': True, 'num_attempts': 8}
2022-10-14 11:44:21,046 : INFO : ball_device.bd_right_vuk : State: waiting_for_target_ready
2022-10-14 11:44:21,046 : INFO : EventManager : Event: ======'balldevice_bd_right_vuk_ball_eject_attempt'====== Args={'balls': 1, 'target': <playfield.playfield>, 'source': <ball_device.bd_right_vuk>, 'mechanical_eject': False, 'num_attempts': 8}
2022-10-14 11:44:21,046 : INFO : ball_device.bd_top_vuk : State: waiting_for_target_ready
2022-10-14 11:44:21,046 : INFO : EventManager : Event: ======'balldevice_bd_top_vuk_ball_eject_attempt'====== Args={'balls': 1, 'target': <playfield.playfield>, 'source': <ball_device.bd_top_vuk>, 'mechanical_eject': False, 'num_attempts': 8}
2022-10-14 11:44:21,047 : INFO : ball_device.bd_top_vuk : State: ejecting
2022-10-14 11:44:21,047 : INFO : ball_device.bd_top_vuk : Ejecting ball to <playfield.playfield>
2022-10-14 11:44:21,047 : INFO : EventManager : Event: ======'balldevice_bd_top_vuk_ejecting_ball'====== Args={'balls': 1, 'target': <playfield.playfield>, 'source': <ball_device.bd_top_vuk>, 'mechanical_eject': False, 'num_attempts': 8}
2022-10-14 11:44:21,047 : INFO : ball_device.bd_right_vuk : State: ejecting
2022-10-14 11:44:21,047 : INFO : ball_device.bd_right_vuk : Ejecting ball to <playfield.playfield>
2022-10-14 11:44:21,047 : INFO : EventManager : Event: ======'balldevice_bd_right_vuk_ejecting_ball'====== Args={'balls': 1, 'target': <playfield.playfield>, 'source': <ball_device.bd_right_vuk>, 'mechanical_eject': False, 'num_attempts': 8}
2022-10-14 11:44:21,048 : INFO : ball_device.bd_right_vuk : Wait for ball to leave device
2022-10-14 11:44:21,048 : INFO : coil.c_right_vuk : Pulsing Driver for 10ms (1.0 pulse_power)
2022-10-14 11:44:21,048 : INFO : ball_device.bd_top_vuk : Wait for ball to leave device
2022-10-14 11:44:21,060 : INFO : coil.c_top_vuk : Pulsing Driver for 70ms (1.0 pulse_power)
2022-10-14 11:44:21,879 : INFO : SwitchController : <<<<<<< 's_right_flipper' active >>>>>>>
2022-10-14 11:44:21,898 : INFO : SwitchController : <<<<<<< 's_eos_right' active >>>>>>>
2022-10-14 11:44:23,035 : INFO : EventManager : Event: ======'balldevice_bd_top_vuk_ball_eject_failed'====== Args={'target': <playfield.playfield>, 'balls': 1, 'retry': True, 'num_attempts': 9}
2022-10-14 11:44:23,035 : INFO : EventManager : Event: ======'balldevice_bd_right_vuk_ball_eject_failed'====== Args={'target': <playfield.playfield>, 'balls': 1, 'retry': True, 'num_attempts': 9}
2022-10-14 11:44:23,036 : INFO : ball_device.bd_right_vuk : State: waiting_for_target_ready
2022-10-14 11:44:23,036 : INFO : EventManager : Event: ======'balldevice_bd_right_vuk_ball_eject_attempt'====== Args={'balls': 1, 'target': <playfield.playfield>, 'source': <ball_device.bd_right_vuk>, 'mechanical_eject': False, 'num_attempts': 9}
2022-10-14 11:44:23,036 : INFO : ball_device.bd_top_vuk : State: waiting_for_target_ready
2022-10-14 11:44:23,036 : INFO : EventManager : Event: ======'balldevice_bd_top_vuk_ball_eject_attempt'====== Args={'balls': 1, 'target': <playfield.playfield>, 'source': <ball_device.bd_top_vuk>, 'mechanical_eject': False, 'num_attempts': 9}
2022-10-14 11:44:23,037 : INFO : ball_device.bd_top_vuk : State: ejecting
2022-10-14 11:44:23,037 : INFO : ball_device.bd_top_vuk : Ejecting ball to <playfield.playfield>
2022-10-14 11:44:23,037 : INFO : EventManager : Event: ======'balldevice_bd_top_vuk_ejecting_ball'====== Args={'balls': 1, 'target': <playfield.playfield>, 'source': <ball_device.bd_top_vuk>, 'mechanical_eject': False, 'num_attempts': 9}
2022-10-14 11:44:23,037 : INFO : ball_device.bd_right_vuk : State: ejecting
2022-10-14 11:44:23,037 : INFO : ball_device.bd_right_vuk : Ejecting ball to <playfield.playfield>
2022-10-14 11:44:23,037 : INFO : EventManager : Event: ======'balldevice_bd_right_vuk_ejecting_ball'====== Args={'balls': 1, 'target': <playfield.playfield>, 'source': <ball_device.bd_right_vuk>, 'mechanical_eject': False, 'num_attempts': 9}
2022-10-14 11:44:23,038 : INFO : ball_device.bd_right_vuk : Wait for ball to leave device
2022-10-14 11:44:23,038 : INFO : coil.c_right_vuk : Pulsing Driver for 10ms (1.0 pulse_power)
2022-10-14 11:44:23,038 : INFO : ball_device.bd_top_vuk : Wait for ball to leave device
2022-10-14 11:44:23,051 : INFO : coil.c_top_vuk : Pulsing Driver for 70ms (1.0 pulse_power)
2022-10-14 11:44:23,098 : INFO : SwitchController : <<<<<<< 's_right_flipper' inactive >>>>>>>
2022-10-14 11:44:23,208 : INFO : SwitchController : <<<<<<< 's_eos_right' inactive >>>>>>>
2022-10-14 11:44:23,412 : INFO : SwitchController : <<<<<<< 's_right_flipper' active >>>>>>>
2022-10-14 11:44:23,444 : INFO : SwitchController : <<<<<<< 's_eos_right' active >>>>>>>
2022-10-14 11:44:23,570 : INFO : SwitchController : <<<<<<< 's_right_flipper' inactive >>>>>>>
2022-10-14 11:44:23,617 : INFO : SwitchController : <<<<<<< 's_drop_mid_right' active >>>>>>>
2022-10-14 11:44:23,617 : INFO : EventManager : Event: ======'playfield_active'====== Args={}
2022-10-14 11:44:23,618 : INFO : EventManager : Event: ======'drop_target_mid_right_down'====== Args={'device': <drop_target.mid_right>}
2022-10-14 11:44:23,618 : INFO : EventManager : Event: ======'drop_target_bank_mid_mixed'====== Args={'prev_value': <DropTargetBankState.UP: 'up'>, 'down': 1}
2022-10-14 11:44:23,680 : INFO : SwitchController : <<<<<<< 's_eos_right' inactive >>>>>>>
2022-10-14 11:44:24,467 : INFO : SwitchController : <<<<<<< 's_right_outlane' active >>>>>>>
2022-10-14 11:44:24,467 : INFO : EventManager : Event: ======'sw_playfield_active'====== Args={}
2022-10-14 11:44:24,467 : INFO : SwitchController : <<<<<<< 's_right_outlane' inactive >>>>>>>
2022-10-14 11:44:24,467 : INFO : EventManager : Event: ======'playfield_active'====== Args={}
2022-10-14 11:44:24,561 : INFO : SwitchController : <<<<<<< 's_right_outlane' active >>>>>>>
2022-10-14 11:44:24,561 : INFO : EventManager : Event: ======'sw_playfield_active'====== Args={}
2022-10-14 11:44:24,562 : INFO : EventManager : Event: ======'playfield_active'====== Args={}
2022-10-14 11:44:24,607 : INFO : SwitchController : <<<<<<< 's_right_outlane' inactive >>>>>>>
2022-10-14 11:44:25,045 : INFO : EventManager : Event: ======'balldevice_bd_top_vuk_ball_eject_failed'====== Args={'target': <playfield.playfield>, 'balls': 1, 'retry': True, 'num_attempts': 10}
2022-10-14 11:44:25,045 : INFO : EventManager : Event: ======'balldevice_bd_right_vuk_ball_eject_failed'====== Args={'target': <playfield.playfield>, 'balls': 1, 'retry': True, 'num_attempts': 10}
2022-10-14 11:44:25,046 : INFO : ball_device.bd_right_vuk : State: waiting_for_target_ready
2022-10-14 11:44:25,046 : INFO : EventManager : Event: ======'balldevice_bd_right_vuk_ball_eject_attempt'====== Args={'balls': 1, 'target': <playfield.playfield>, 'source': <ball_device.bd_right_vuk>, 'mechanical_eject': False, 'num_attempts': 10}
2022-10-14 11:44:25,046 : INFO : ball_device.bd_top_vuk : State: waiting_for_target_ready
2022-10-14 11:44:25,046 : INFO : EventManager : Event: ======'balldevice_bd_top_vuk_ball_eject_attempt'====== Args={'balls': 1, 'target': <playfield.playfield>, 'source': <ball_device.bd_top_vuk>, 'mechanical_eject': False, 'num_attempts': 10}
2022-10-14 11:44:25,047 : INFO : ball_device.bd_top_vuk : State: ejecting
2022-10-14 11:44:25,047 : INFO : ball_device.bd_top_vuk : Ejecting ball to <playfield.playfield>
2022-10-14 11:44:25,047 : INFO : EventManager : Event: ======'balldevice_bd_top_vuk_ejecting_ball'====== Args={'balls': 1, 'target': <playfield.playfield>, 'source': <ball_device.bd_top_vuk>, 'mechanical_eject': False, 'num_attempts': 10}
2022-10-14 11:44:25,047 : INFO : ball_device.bd_right_vuk : State: ejecting
2022-10-14 11:44:25,047 : INFO : ball_device.bd_right_vuk : Ejecting ball to <playfield.playfield>
2022-10-14 11:44:25,047 : INFO : EventManager : Event: ======'balldevice_bd_right_vuk_ejecting_ball'====== Args={'balls': 1, 'target': <playfield.playfield>, 'source': <ball_device.bd_right_vuk>, 'mechanical_eject': False, 'num_attempts': 10}
2022-10-14 11:44:25,048 : INFO : ball_device.bd_right_vuk : Wait for ball to leave device
2022-10-14 11:44:25,048 : INFO : coil.c_right_vuk : Pulsing Driver for 10ms (1.0 pulse_power)
2022-10-14 11:44:25,048 : INFO : ball_device.bd_top_vuk : Wait for ball to leave device
2022-10-14 11:44:25,061 : INFO : coil.c_top_vuk : Pulsing Driver for 70ms (1.0 pulse_power)
2022-10-14 11:44:25,093 : INFO : SwitchController : <<<<<<< 's_right_flipper' active >>>>>>>
2022-10-14 11:44:25,109 : INFO : SwitchController : <<<<<<< 's_eos_right' active >>>>>>>
2022-10-14 11:44:25,248 : INFO : SwitchController : <<<<<<< 's_right_flipper' inactive >>>>>>>
2022-10-14 11:44:25,356 : INFO : SwitchController : <<<<<<< 's_eos_right' inactive >>>>>>>
2022-10-14 11:44:25,357 : INFO : SwitchController : <<<<<<< 's_drop_mid_mid' active >>>>>>>
2022-10-14 11:44:25,357 : INFO : EventManager : Event: ======'playfield_active'====== Args={}
2022-10-14 11:44:25,357 : INFO : EventManager : Event: ======'drop_target_mid_mid_down'====== Args={'device': <drop_target.mid_mid>}
2022-10-14 11:44:25,357 : INFO : EventManager : Event: ======'drop_target_bank_mid_mixed'====== Args={'prev_value': <DropTargetBankState.MIXED: 'mixed'>, 'down': 2}
2022-10-14 11:44:25,357 : INFO : SwitchController : <<<<<<< 's_drop_mid_left' active >>>>>>>
2022-10-14 11:44:25,357 : INFO : EventManager : Event: ======'playfield_active'====== Args={}
2022-10-14 11:44:25,357 : INFO : EventManager : Event: ======'drop_target_mid_left_down'====== Args={'device': <drop_target.mid_left>}
2022-10-14 11:44:25,357 : INFO : EventManager : Event: ======'drop_target_bank_mid_down'====== Args={}
2022-10-14 11:44:25,641 : INFO : SwitchController : <<<<<<< 's_sling_right' active >>>>>>>
2022-10-14 11:44:25,657 : INFO : SwitchController : <<<<<<< 's_sling_right' inactive >>>>>>>
2022-10-14 11:44:25,704 : INFO : SwitchController : <<<<<<< 's_right_flipper' active >>>>>>>
2022-10-14 11:44:25,720 : INFO : SwitchController : <<<<<<< 's_eos_right' active >>>>>>>
2022-10-14 11:44:25,879 : INFO : SwitchController : <<<<<<< 's_right_flipper' inactive >>>>>>>
2022-10-14 11:44:25,973 : INFO : SwitchController : <<<<<<< 's_eos_right' inactive >>>>>>>
2022-10-14 11:44:26,335 : INFO : drop_target_bank.mid : 3 targets are down. Will reset those.
2022-10-14 11:44:26,335 : INFO : coil.c_drop_mid : Pulsing Driver for 50ms (0.7 pulse_power)
2022-10-14 11:44:27,042 : INFO : EventManager : Event: ======'balldevice_bd_right_vuk_ball_eject_failed'====== Args={'target': <playfield.playfield>, 'balls': 1, 'retry': True, 'num_attempts': 11}
2022-10-14 11:44:27,042 : INFO : EventManager : Event: ======'balldevice_bd_top_vuk_ball_eject_failed'====== Args={'target': <playfield.playfield>, 'balls': 1, 'retry': True, 'num_attempts': 11}
2022-10-14 11:44:27,043 : INFO : ball_device.bd_top_vuk : State: waiting_for_target_ready
2022-10-14 11:44:27,043 : INFO : EventManager : Event: ======'balldevice_bd_top_vuk_ball_eject_attempt'====== Args={'balls': 1, 'target': <playfield.playfield>, 'source': <ball_device.bd_top_vuk>, 'mechanical_eject': False, 'num_attempts': 11}
2022-10-14 11:44:27,043 : INFO : ball_device.bd_right_vuk : State: waiting_for_target_ready
2022-10-14 11:44:27,043 : INFO : EventManager : Event: ======'balldevice_bd_right_vuk_ball_eject_attempt'====== Args={'balls': 1, 'target': <playfield.playfield>, 'source': <ball_device.bd_right_vuk>, 'mechanical_eject': False, 'num_attempts': 11}
2022-10-14 11:44:27,044 : INFO : ball_device.bd_right_vuk : State: ejecting
2022-10-14 11:44:27,044 : INFO : ball_device.bd_right_vuk : Ejecting ball to <playfield.playfield>
2022-10-14 11:44:27,044 : INFO : EventManager : Event: ======'balldevice_bd_right_vuk_ejecting_ball'====== Args={'balls': 1, 'target': <playfield.playfield>, 'source': <ball_device.bd_right_vuk>, 'mechanical_eject': False, 'num_attempts': 11}
2022-10-14 11:44:27,044 : INFO : ball_device.bd_top_vuk : State: ejecting
2022-10-14 11:44:27,044 : INFO : ball_device.bd_top_vuk : Ejecting ball to <playfield.playfield>
2022-10-14 11:44:27,044 : INFO : EventManager : Event: ======'balldevice_bd_top_vuk_ejecting_ball'====== Args={'balls': 1, 'target': <playfield.playfield>, 'source': <ball_device.bd_top_vuk>, 'mechanical_eject': False, 'num_attempts': 11}
2022-10-14 11:44:27,045 : INFO : ball_device.bd_top_vuk : Wait for ball to leave device
2022-10-14 11:44:27,045 : INFO : coil.c_top_vuk : Pulsing Driver for 70ms (1.0 pulse_power)
2022-10-14 11:44:27,045 : INFO : ball_device.bd_right_vuk : Wait for ball to leave device
2022-10-14 11:44:27,119 : INFO : coil.c_right_vuk : Pulsing Driver for 10ms (1.0 pulse_power)
2022-10-14 11:44:29,047 : INFO : EventManager : Event: ======'balldevice_bd_top_vuk_ball_eject_failed'====== Args={'target': <playfield.playfield>, 'balls': 1, 'retry': True, 'num_attempts': 12}
2022-10-14 11:44:29,047 : INFO : EventManager : Event: ======'balldevice_bd_right_vuk_ball_eject_failed'====== Args={'target': <playfield.playfield>, 'balls': 1, 'retry': True, 'num_attempts': 12}
2022-10-14 11:44:29,048 : INFO : ball_device.bd_right_vuk : State: waiting_for_target_ready
2022-10-14 11:44:29,048 : INFO : EventManager : Event: ======'balldevice_bd_right_vuk_ball_eject_attempt'====== Args={'balls': 1, 'target': <playfield.playfield>, 'source': <ball_device.bd_right_vuk>, 'mechanical_eject': False, 'num_attempts': 12}
2022-10-14 11:44:29,048 : INFO : ball_device.bd_top_vuk : State: waiting_for_target_ready
2022-10-14 11:44:29,048 : INFO : EventManager : Event: ======'balldevice_bd_top_vuk_ball_eject_attempt'====== Args={'balls': 1, 'target': <playfield.playfield>, 'source': <ball_device.bd_top_vuk>, 'mechanical_eject': False, 'num_attempts': 12}
2022-10-14 11:44:29,049 : INFO : ball_device.bd_top_vuk : State: ejecting
2022-10-14 11:44:29,049 : INFO : ball_device.bd_top_vuk : Ejecting ball to <playfield.playfield>
2022-10-14 11:44:29,049 : INFO : EventManager : Event: ======'balldevice_bd_top_vuk_ejecting_ball'====== Args={'balls': 1, 'target': <playfield.playfield>, 'source': <ball_device.bd_top_vuk>, 'mechanical_eject': False, 'num_attempts': 12}
2022-10-14 11:44:29,049 : INFO : ball_device.bd_right_vuk : State: ejecting
2022-10-14 11:44:29,049 : INFO : ball_device.bd_right_vuk : Ejecting ball to <playfield.playfield>
2022-10-14 11:44:29,049 : INFO : EventManager : Event: ======'balldevice_bd_right_vuk_ejecting_ball'====== Args={'balls': 1, 'target': <playfield.playfield>, 'source': <ball_device.bd_right_vuk>, 'mechanical_eject': False, 'num_attempts': 12}
2022-10-14 11:44:29,050 : INFO : ball_device.bd_right_vuk : Wait for ball to leave device
2022-10-14 11:44:29,050 : INFO : coil.c_right_vuk : Pulsing Driver for 10ms (1.0 pulse_power)
2022-10-14 11:44:29,050 : INFO : ball_device.bd_top_vuk : Wait for ball to leave device
2022-10-14 11:44:29,051 : INFO : coil.c_top_vuk : Pulsing Driver for 70ms (1.0 pulse_power)
2022-10-14 11:44:31,040 : INFO : EventManager : Event: ======'balldevice_bd_right_vuk_ball_eject_failed'====== Args={'target': <playfield.playfield>, 'balls': 1, 'retry': True, 'num_attempts': 13}
2022-10-14 11:44:31,040 : INFO : EventManager : Event: ======'balldevice_bd_top_vuk_ball_eject_failed'====== Args={'target': <playfield.playfield>, 'balls': 1, 'retry': True, 'num_attempts': 13}
2022-10-14 11:44:31,041 : INFO : ball_device.bd_top_vuk : State: waiting_for_target_ready
2022-10-14 11:44:31,041 : INFO : EventManager : Event: ======'balldevice_bd_top_vuk_ball_eject_attempt'====== Args={'balls': 1, 'target': <playfield.playfield>, 'source': <ball_device.bd_top_vuk>, 'mechanical_eject': False, 'num_attempts': 13}
2022-10-14 11:44:31,041 : INFO : ball_device.bd_right_vuk : State: waiting_for_target_ready
2022-10-14 11:44:31,041 : INFO : EventManager : Event: ======'balldevice_bd_right_vuk_ball_eject_attempt'====== Args={'balls': 1, 'target': <playfield.playfield>, 'source': <ball_device.bd_right_vuk>, 'mechanical_eject': False, 'num_attempts': 13}
2022-10-14 11:44:31,042 : INFO : ball_device.bd_right_vuk : State: ejecting
2022-10-14 11:44:31,042 : INFO : ball_device.bd_right_vuk : Ejecting ball to <playfield.playfield>
2022-10-14 11:44:31,042 : INFO : EventManager : Event: ======'balldevice_bd_right_vuk_ejecting_ball'====== Args={'balls': 1, 'target': <playfield.playfield>, 'source': <ball_device.bd_right_vuk>, 'mechanical_eject': False, 'num_attempts': 13}
2022-10-14 11:44:31,042 : INFO : ball_device.bd_top_vuk : State: ejecting
2022-10-14 11:44:31,042 : INFO : ball_device.bd_top_vuk : Ejecting ball to <playfield.playfield>
2022-10-14 11:44:31,042 : INFO : EventManager : Event: ======'balldevice_bd_top_vuk_ejecting_ball'====== Args={'balls': 1, 'target': <playfield.playfield>, 'source': <ball_device.bd_top_vuk>, 'mechanical_eject': False, 'num_attempts': 13}
2022-10-14 11:44:31,043 : INFO : ball_device.bd_top_vuk : Wait for ball to leave device
2022-10-14 11:44:31,043 : INFO : coil.c_top_vuk : Pulsing Driver for 70ms (1.0 pulse_power)
2022-10-14 11:44:31,043 : INFO : ball_device.bd_right_vuk : Wait for ball to leave device
2022-10-14 11:44:31,118 : INFO : coil.c_right_vuk : Pulsing Driver for 10ms (1.0 pulse_power)
2022-10-14 11:44:33,044 : INFO : EventManager : Event: ======'balldevice_bd_right_vuk_ball_eject_failed'====== Args={'target': <playfield.playfield>, 'balls': 1, 'retry': True, 'num_attempts': 14}
2022-10-14 11:44:33,044 : INFO : EventManager : Event: ======'balldevice_bd_top_vuk_ball_eject_failed'====== Args={'target': <playfield.playfield>, 'balls': 1, 'retry': True, 'num_attempts': 14}
2022-10-14 11:44:33,045 : INFO : ball_device.bd_top_vuk : State: waiting_for_target_ready
2022-10-14 11:44:33,045 : INFO : EventManager : Event: ======'balldevice_bd_top_vuk_ball_eject_attempt'====== Args={'balls': 1, 'target': <playfield.playfield>, 'source': <ball_device.bd_top_vuk>, 'mechanical_eject': False, 'num_attempts': 14}
2022-10-14 11:44:33,045 : INFO : ball_device.bd_right_vuk : State: waiting_for_target_ready
2022-10-14 11:44:33,045 : INFO : EventManager : Event: ======'balldevice_bd_right_vuk_ball_eject_attempt'====== Args={'balls': 1, 'target': <playfield.playfield>, 'source': <ball_device.bd_right_vuk>, 'mechanical_eject': False, 'num_attempts': 14}
2022-10-14 11:44:33,046 : INFO : ball_device.bd_right_vuk : State: ejecting
2022-10-14 11:44:33,046 : INFO : ball_device.bd_right_vuk : Ejecting ball to <playfield.playfield>
2022-10-14 11:44:33,046 : INFO : EventManager : Event: ======'balldevice_bd_right_vuk_ejecting_ball'====== Args={'balls': 1, 'target': <playfield.playfield>, 'source': <ball_device.bd_right_vuk>, 'mechanical_eject': False, 'num_attempts': 14}
2022-10-14 11:44:33,046 : INFO : ball_device.bd_top_vuk : State: ejecting
2022-10-14 11:44:33,046 : INFO : ball_device.bd_top_vuk : Ejecting ball to <playfield.playfield>
2022-10-14 11:44:33,046 : INFO : EventManager : Event: ======'balldevice_bd_top_vuk_ejecting_ball'====== Args={'balls': 1, 'target': <playfield.playfield>, 'source': <ball_device.bd_top_vuk>, 'mechanical_eject': False, 'num_attempts': 14}
2022-10-14 11:44:33,047 : INFO : ball_device.bd_top_vuk : Wait for ball to leave device
2022-10-14 11:44:33,047 : INFO : coil.c_top_vuk : Pulsing Driver for 70ms (1.0 pulse_power)
2022-10-14 11:44:33,047 : INFO : ball_device.bd_right_vuk : Wait for ball to leave device
2022-10-14 11:44:33,123 : INFO : coil.c_right_vuk : Pulsing Driver for 10ms (1.0 pulse_power)
2022-10-14 11:44:33,799 : INFO : SwitchController : <<<<<<< 's_drop_right_left' active >>>>>>>
2022-10-14 11:44:33,799 : INFO : EventManager : Event: ======'playfield_active'====== Args={}
2022-10-14 11:44:33,799 : INFO : EventManager : Event: ======'drop_target_right_left_down'====== Args={'device': <drop_target.right_left>}
2022-10-14 11:44:33,799 : INFO : EventManager : Event: ======'drop_target_bank_right_mixed'====== Args={'prev_value': <DropTargetBankState.UP: 'up'>, 'down': 1}
2022-10-14 11:44:34,614 : INFO : SwitchController : <<<<<<< 's_right_outlane' active >>>>>>>
2022-10-14 11:44:34,614 : INFO : EventManager : Event: ======'sw_playfield_active'====== Args={}
2022-10-14 11:44:34,615 : INFO : EventManager : Event: ======'playfield_active'====== Args={}
2022-10-14 11:44:34,692 : INFO : SwitchController : <<<<<<< 's_right_outlane' inactive >>>>>>>
2022-10-14 11:44:35,037 : INFO : EventManager : Event: ======'balldevice_bd_right_vuk_ball_eject_failed'====== Args={'target': <playfield.playfield>, 'balls': 1, 'retry': True, 'num_attempts': 15}
2022-10-14 11:44:35,037 : INFO : EventManager : Event: ======'balldevice_bd_top_vuk_ball_eject_failed'====== Args={'target': <playfield.playfield>, 'balls': 1, 'retry': True, 'num_attempts': 15}
2022-10-14 11:44:35,038 : INFO : ball_device.bd_top_vuk : State: waiting_for_target_ready
2022-10-14 11:44:35,038 : INFO : EventManager : Event: ======'balldevice_bd_top_vuk_ball_eject_attempt'====== Args={'balls': 1, 'target': <playfield.playfield>, 'source': <ball_device.bd_top_vuk>, 'mechanical_eject': False, 'num_attempts': 15}
2022-10-14 11:44:35,038 : INFO : ball_device.bd_right_vuk : State: waiting_for_target_ready
2022-10-14 11:44:35,038 : INFO : EventManager : Event: ======'balldevice_bd_right_vuk_ball_eject_attempt'====== Args={'balls': 1, 'target': <playfield.playfield>, 'source': <ball_device.bd_right_vuk>, 'mechanical_eject': False, 'num_attempts': 15}
2022-10-14 11:44:35,039 : INFO : ball_device.bd_right_vuk : State: ejecting
2022-10-14 11:44:35,039 : INFO : ball_device.bd_right_vuk : Ejecting ball to <playfield.playfield>
2022-10-14 11:44:35,039 : INFO : EventManager : Event: ======'balldevice_bd_right_vuk_ejecting_ball'====== Args={'balls': 1, 'target': <playfield.playfield>, 'source': <ball_device.bd_right_vuk>, 'mechanical_eject': False, 'num_attempts': 15}
2022-10-14 11:44:35,039 : INFO : ball_device.bd_top_vuk : State: ejecting
2022-10-14 11:44:35,039 : INFO : ball_device.bd_top_vuk : Ejecting ball to <playfield.playfield>
2022-10-14 11:44:35,039 : INFO : EventManager : Event: ======'balldevice_bd_top_vuk_ejecting_ball'====== Args={'balls': 1, 'target': <playfield.playfield>, 'source': <ball_device.bd_top_vuk>, 'mechanical_eject': False, 'num_attempts': 15}
2022-10-14 11:44:35,040 : INFO : ball_device.bd_top_vuk : Wait for ball to leave device
2022-10-14 11:44:35,040 : INFO : coil.c_top_vuk : Pulsing Driver for 70ms (1.0 pulse_power)
2022-10-14 11:44:35,040 : INFO : ball_device.bd_right_vuk : Wait for ball to leave device
2022-10-14 11:44:35,115 : INFO : coil.c_right_vuk : Pulsing Driver for 10ms (1.0 pulse_power)
2022-10-14 11:44:35,814 : INFO : SwitchController : <<<<<<< 's_drop_right_right' active >>>>>>>
2022-10-14 11:44:35,814 : INFO : EventManager : Event: ======'playfield_active'====== Args={}
2022-10-14 11:44:35,814 : INFO : EventManager : Event: ======'drop_target_right_right_down'====== Args={'device': <drop_target.right_right>}
2022-10-14 11:44:35,814 : INFO : EventManager : Event: ======'drop_target_bank_right_down'====== Args={}
2022-10-14 11:44:36,790 : INFO : drop_target_bank.right : 2 targets are down. Will reset those.
2022-10-14 11:44:36,790 : INFO : coil.c_drop_right : Pulsing Driver for 60ms (0.7 pulse_power)
2022-10-14 11:44:36,838 : INFO : SwitchController : <<<<<<< 's_drop_right_right' inactive >>>>>>>
2022-10-14 11:44:36,838 : INFO : SwitchController : <<<<<<< 's_drop_right_left' inactive >>>>>>>
2022-10-14 11:44:37,041 : INFO : EventManager : Event: ======'balldevice_bd_right_vuk_ball_eject_failed'====== Args={'target': <playfield.playfield>, 'balls': 1, 'retry': True, 'num_attempts': 16}
2022-10-14 11:44:37,041 : INFO : EventManager : Event: ======'balldevice_bd_top_vuk_ball_eject_failed'====== Args={'target': <playfield.playfield>, 'balls': 1, 'retry': True, 'num_attempts': 16}
2022-10-14 11:44:37,042 : INFO : ball_device.bd_top_vuk : State: waiting_for_target_ready
2022-10-14 11:44:37,042 : INFO : EventManager : Event: ======'balldevice_bd_top_vuk_ball_eject_attempt'====== Args={'balls': 1, 'target': <playfield.playfield>, 'source': <ball_device.bd_top_vuk>, 'mechanical_eject': False, 'num_attempts': 16}
2022-10-14 11:44:37,042 : INFO : ball_device.bd_right_vuk : State: waiting_for_target_ready
2022-10-14 11:44:37,042 : INFO : EventManager : Event: ======'balldevice_bd_right_vuk_ball_eject_attempt'====== Args={'balls': 1, 'target': <playfield.playfield>, 'source': <ball_device.bd_right_vuk>, 'mechanical_eject': False, 'num_attempts': 16}
2022-10-14 11:44:37,043 : INFO : ball_device.bd_right_vuk : State: ejecting
2022-10-14 11:44:37,043 : INFO : ball_device.bd_right_vuk : Ejecting ball to <playfield.playfield>
2022-10-14 11:44:37,043 : INFO : EventManager : Event: ======'balldevice_bd_right_vuk_ejecting_ball'====== Args={'balls': 1, 'target': <playfield.playfield>, 'source': <ball_device.bd_right_vuk>, 'mechanical_eject': False, 'num_attempts': 16}
2022-10-14 11:44:37,043 : INFO : ball_device.bd_top_vuk : State: ejecting
2022-10-14 11:44:37,043 : INFO : ball_device.bd_top_vuk : Ejecting ball to <playfield.playfield>
2022-10-14 11:44:37,043 : INFO : EventManager : Event: ======'balldevice_bd_top_vuk_ejecting_ball'====== Args={'balls': 1, 'target': <playfield.playfield>, 'source': <ball_device.bd_top_vuk>, 'mechanical_eject': False, 'num_attempts': 16}
2022-10-14 11:44:37,044 : INFO : ball_device.bd_top_vuk : Wait for ball to leave device
2022-10-14 11:44:37,044 : INFO : coil.c_top_vuk : Pulsing Driver for 70ms (1.0 pulse_power)
2022-10-14 11:44:37,044 : INFO : ball_device.bd_right_vuk : Wait for ball to leave device
2022-10-14 11:44:37,120 : INFO : coil.c_right_vuk : Pulsing Driver for 10ms (1.0 pulse_power)
2022-10-14 11:44:37,228 : INFO : SwitchController : <<<<<<< 's_right_flipper' active >>>>>>>
2022-10-14 11:44:37,228 : INFO : SwitchController : <<<<<<< 's_right_flipper' inactive >>>>>>>
2022-10-14 11:44:37,291 : INFO : EventManager : Event: ======'drop_target_right_right_up'====== Args={'device': <drop_target.right_right>}
2022-10-14 11:44:37,291 : INFO : EventManager : Event: ======'drop_target_bank_right_mixed'====== Args={'prev_value': <DropTargetBankState.DOWN: 'down'>, 'down': 1}
2022-10-14 11:44:37,291 : INFO : EventManager : Event: ======'drop_target_right_left_up'====== Args={'device': <drop_target.right_left>}
2022-10-14 11:44:37,291 : INFO : EventManager : Event: ======'drop_target_bank_right_up'====== Args={}
2022-10-14 11:44:39,047 : INFO : EventManager : Event: ======'balldevice_bd_right_vuk_ball_eject_failed'====== Args={'target': <playfield.playfield>, 'balls': 1, 'retry': True, 'num_attempts': 17}
2022-10-14 11:44:39,047 : INFO : EventManager : Event: ======'balldevice_bd_top_vuk_ball_eject_failed'====== Args={'target': <playfield.playfield>, 'balls': 1, 'retry': True, 'num_attempts': 17}
2022-10-14 11:44:39,048 : INFO : ball_device.bd_top_vuk : State: waiting_for_target_ready
2022-10-14 11:44:39,048 : INFO : EventManager : Event: ======'balldevice_bd_top_vuk_ball_eject_attempt'====== Args={'balls': 1, 'target': <playfield.playfield>, 'source': <ball_device.bd_top_vuk>, 'mechanical_eject': False, 'num_attempts': 17}
2022-10-14 11:44:39,048 : INFO : ball_device.bd_right_vuk : State: waiting_for_target_ready
2022-10-14 11:44:39,048 : INFO : EventManager : Event: ======'balldevice_bd_right_vuk_ball_eject_attempt'====== Args={'balls': 1, 'target': <playfield.playfield>, 'source': <ball_device.bd_right_vuk>, 'mechanical_eject': False, 'num_attempts': 17}
2022-10-14 11:44:39,049 : INFO : ball_device.bd_right_vuk : State: ejecting
2022-10-14 11:44:39,049 : INFO : ball_device.bd_right_vuk : Ejecting ball to <playfield.playfield>
2022-10-14 11:44:39,049 : INFO : EventManager : Event: ======'balldevice_bd_right_vuk_ejecting_ball'====== Args={'balls': 1, 'target': <playfield.playfield>, 'source': <ball_device.bd_right_vuk>, 'mechanical_eject': False, 'num_attempts': 17}
2022-10-14 11:44:39,049 : INFO : ball_device.bd_top_vuk : State: ejecting
2022-10-14 11:44:39,049 : INFO : ball_device.bd_top_vuk : Ejecting ball to <playfield.playfield>
2022-10-14 11:44:39,049 : INFO : EventManager : Event: ======'balldevice_bd_top_vuk_ejecting_ball'====== Args={'balls': 1, 'target': <playfield.playfield>, 'source': <ball_device.bd_top_vuk>, 'mechanical_eject': False, 'num_attempts': 17}
2022-10-14 11:44:39,050 : INFO : ball_device.bd_top_vuk : Wait for ball to leave device
2022-10-14 11:44:39,050 : INFO : coil.c_top_vuk : Pulsing Driver for 70ms (1.0 pulse_power)
2022-10-14 11:44:39,050 : INFO : ball_device.bd_right_vuk : Wait for ball to leave device
2022-10-14 11:44:39,109 : INFO : SwitchController : <<<<<<< 's_right_flipper' active >>>>>>>
2022-10-14 11:44:39,129 : INFO : coil.c_right_vuk : Pulsing Driver for 10ms (1.0 pulse_power)
2022-10-14 11:44:39,130 : INFO : SwitchController : <<<<<<< 's_right_flipper' inactive >>>>>>>
2022-10-14 11:44:41,047 : INFO : EventManager : Event: ======'balldevice_bd_top_vuk_ball_eject_failed'====== Args={'target': <playfield.playfield>, 'balls': 1, 'retry': True, 'num_attempts': 18}
2022-10-14 11:44:41,047 : INFO : EventManager : Event: ======'balldevice_bd_right_vuk_ball_eject_failed'====== Args={'target': <playfield.playfield>, 'balls': 1, 'retry': True, 'num_attempts': 18}
2022-10-14 11:44:41,048 : INFO : ball_device.bd_right_vuk : State: waiting_for_target_ready
2022-10-14 11:44:41,048 : INFO : EventManager : Event: ======'balldevice_bd_right_vuk_ball_eject_attempt'====== Args={'balls': 1, 'target': <playfield.playfield>, 'source': <ball_device.bd_right_vuk>, 'mechanical_eject': False, 'num_attempts': 18}
2022-10-14 11:44:41,049 : INFO : ball_device.bd_top_vuk : State: waiting_for_target_ready
2022-10-14 11:44:41,049 : INFO : EventManager : Event: ======'balldevice_bd_top_vuk_ball_eject_attempt'====== Args={'balls': 1, 'target': <playfield.playfield>, 'source': <ball_device.bd_top_vuk>, 'mechanical_eject': False, 'num_attempts': 18}
2022-10-14 11:44:41,049 : INFO : ball_device.bd_top_vuk : State: ejecting
2022-10-14 11:44:41,049 : INFO : ball_device.bd_top_vuk : Ejecting ball to <playfield.playfield>
2022-10-14 11:44:41,049 : INFO : EventManager : Event: ======'balldevice_bd_top_vuk_ejecting_ball'====== Args={'balls': 1, 'target': <playfield.playfield>, 'source': <ball_device.bd_top_vuk>, 'mechanical_eject': False, 'num_attempts': 18}
2022-10-14 11:44:41,049 : INFO : ball_device.bd_right_vuk : State: ejecting
2022-10-14 11:44:41,049 : INFO : ball_device.bd_right_vuk : Ejecting ball to <playfield.playfield>
2022-10-14 11:44:41,049 : INFO : EventManager : Event: ======'balldevice_bd_right_vuk_ejecting_ball'====== Args={'balls': 1, 'target': <playfield.playfield>, 'source': <ball_device.bd_right_vuk>, 'mechanical_eject': False, 'num_attempts': 18}
2022-10-14 11:44:41,050 : INFO : ball_device.bd_right_vuk : Wait for ball to leave device
2022-10-14 11:44:41,051 : INFO : coil.c_right_vuk : Pulsing Driver for 10ms (1.0 pulse_power)
2022-10-14 11:44:41,051 : INFO : ball_device.bd_top_vuk : Wait for ball to leave device
2022-10-14 11:44:41,079 : INFO : coil.c_top_vuk : Pulsing Driver for 70ms (1.0 pulse_power)
2022-10-14 11:44:41,687 : INFO : Machine : Shutting down...
2022-10-14 11:44:41,687 : INFO : EventManager : Event: ======'shutdown'====== Args={}
2022-10-14 11:44:41,703 : WARNING : FAST : Port RGB received more messages than were sent! Resetting!
2022-10-14 11:44:41,703 : WARNING : FAST : Port NET received more messages than were sent! Resetting!
2022-10-14 11:44:41,796 : ERROR : FAST : Stop called on serial connection com9
2022-10-14 11:44:41,796 : ERROR : FAST : Stop called on serial connection com10
2022-10-14 11:44:42,048 : INFO : root : MPF run loop ended.
