2022-09-12 08:40:54,462 : INFO : root : Loading config.
2022-09-12 08:40:54,465 : INFO : YamlMultifileConfigLoader : Machine config file #1: config.yaml
2022-09-12 08:40:54,466 : WARNING : ConfigProcessor : Config file in cache changed: c:\trashland_2\config\config.yaml
2022-09-12 08:40:54,466 : INFO : ConfigProcessor : Loading config from file c:\users\tanner\appdata\local\programs\python\python37\lib\site-packages\mpf\mpfconfig.yaml.
2022-09-12 08:40:54,538 : INFO : ConfigProcessor : Loading config: c:\users\tanner\appdata\local\programs\python\python37\lib\site-packages\mpf\mpfconfig.yaml
2022-09-12 08:40:54,539 : INFO : ConfigProcessor : Loading config from file c:\trashland_2\config\config.yaml.
2022-09-12 08:40:54,636 : INFO : ConfigProcessor : Loading config: c:\trashland_2\config\config.yaml
2022-09-12 08:40:54,638 : INFO : ConfigProcessor : Config file cache created: C:\Users\Tanner\AppData\Local\Temp\a6762098cb994b55cb03a478b26022ee.mpf_cache
2022-09-12 08:40:54,706 : INFO : ConfigProcessor : Loading config from cache: C:\Users\Tanner\AppData\Local\Temp\9cf7ccc27b21f4d6162237fadfc53e5a.mpf_cache
2022-09-12 08:40:54,706 : INFO : ConfigProcessor : Loading config from cache: C:\Users\Tanner\AppData\Local\Temp\c215df352878fee5d54f1a5ec5b16e7c.mpf_cache
2022-09-12 08:40:54,707 : INFO : ConfigProcessor : Loading config from cache: C:\Users\Tanner\AppData\Local\Temp\abaa92c43d134e3392cbb2346e6a16be.mpf_cache
2022-09-12 08:40:54,708 : INFO : ConfigProcessor : Loading config from cache: C:\Users\Tanner\AppData\Local\Temp\fc46d53fcb9fe6b8abf783d9c813390a.mpf_cache
2022-09-12 08:40:54,709 : INFO : Machine : Mission Pinball Framework Core Engine v0.55.0
2022-09-12 08:40:54,709 : INFO : Machine : Command line arguments: {'no_load_cache': False, 'create_config_cache': True, 'bcp': False, 'configfile': ['config.yaml'], 'force_assets_load': False, 'jsonlogging': False, 'logfile': 'logs\\2022-09-12-08-40-54-mpf-DESKTOP-7HNFDQ5.log', 'pause': False, 'production': False, 'text_ui': True, 'loglevel': 15, 'consoleloglevel': 20, 'force_platform': None, 'syslog_address': None, 'mc_file_name': None, 'no_sound': False}
2022-09-12 08:40:54,709 : INFO : Machine : MPF path: c:\users\tanner\appdata\local\programs\python\python37\lib\site-packages\mpf
2022-09-12 08:40:54,709 : INFO : Machine : Machine path: c:\trashland_2
2022-09-12 08:40:54,710 : INFO : Machine : Platform: win32
2022-09-12 08:40:54,710 : INFO : Machine : Python executable location: c:\users\tanner\appdata\local\programs\python\python37\python.exe
2022-09-12 08:40:54,710 : INFO : Machine : Python version: 3.7.8 (64-bit)
2022-09-12 08:40:54,711 : INFO : Machine : Initialise MPF.
2022-09-12 08:40:54,978 : INFO : FAST : Connecting to com20 at 921600bps
2022-09-12 08:40:55,092 : INFO : FAST : Connected! Processor: NET, Board Type: FP-CPU-002-2, Firmware: 01.00
2022-09-12 08:40:55,092 : INFO : EventManager : Event: ======'machine_var_fast_net_firmware'====== Args={'value': '01.00', 'prev_value': None, 'change': True}
2022-09-12 08:40:55,092 : INFO : EventManager : Event: ======'machine_var_fast_net_model'====== Args={'value': 'FP-CPU-002-2', 'prev_value': None, 'change': True}
2022-09-12 08:41:00,082 : WARNING : FAST : Reset of NET CPU failed. This might be a firmware bug in your version.
2022-09-12 08:41:00,704 : INFO : FAST : Connecting to com21 at 921600bps
2022-09-12 08:41:00,816 : INFO : FAST : Connected! Processor: RGB, Board Type: FP-CPU-002-2, Firmware: 01.00
2022-09-12 08:41:00,816 : INFO : EventManager : Event: ======'machine_var_fast_rgb_firmware'====== Args={'value': '01.00', 'prev_value': None, 'change': True}
2022-09-12 08:41:00,816 : INFO : EventManager : Event: ======'machine_var_fast_rgb_model'====== Args={'value': 'FP-CPU-002-2', 'prev_value': None, 'change': True}
2022-09-12 08:41:00,817 : INFO : EventManager : Event: ======'machine_var_credits_string'====== Args={'value': 'FREE PLAY', 'prev_value': None, 'change': True}
2022-09-12 08:41:00,867 : INFO : EventManager : Event: ======'machine_var_master_volume'====== Args={'value': 0.5, 'prev_value': None, 'change': True}
2022-09-12 08:41:00,867 : INFO : EventManager : Event: ======'machine_var_mpf_version'====== Args={'value': 'MPF v0.55.0', 'prev_value': None, 'change': True}
2022-09-12 08:41:00,868 : INFO : EventManager : Event: ======'machine_var_mpf_extended_version'====== Args={'value': 'MPF v0.55.0, Config version:5, Show version: 5, BCP version:1.1', 'prev_value': None, 'change': True}
2022-09-12 08:41:00,868 : INFO : EventManager : Event: ======'machine_var_python_version'====== Args={'value': '3.7.8', 'prev_value': None, 'change': True}
2022-09-12 08:41:00,868 : INFO : EventManager : Event: ======'machine_var_platform'====== Args={'value': 'Windows-10-10.0.19041-SP0', 'prev_value': None, 'change': True}
2022-09-12 08:41:00,868 : INFO : EventManager : Event: ======'machine_var_platform_system'====== Args={'value': 'Windows', 'prev_value': None, 'change': True}
2022-09-12 08:41:00,868 : INFO : EventManager : Event: ======'machine_var_platform_release'====== Args={'value': '10', 'prev_value': None, 'change': True}
2022-09-12 08:41:00,868 : INFO : EventManager : Event: ======'machine_var_platform_version'====== Args={'value': '10.0.19041', 'prev_value': None, 'change': True}
2022-09-12 08:41:00,868 : INFO : EventManager : Event: ======'machine_var_platform_machine'====== Args={'value': 'AMD64', 'prev_value': None, 'change': True}
2022-09-12 08:41:00,868 : INFO : EventManager : Event: ======'init_phase_1'====== Args={}
2022-09-12 08:41:00,902 : INFO : EventManager : Event: ======'drop_target_bank_mid_up'====== Args={}
2022-09-12 08:41:00,902 : INFO : EventManager : Event: ======'drop_target_bank_right_up'====== Args={}
2022-09-12 08:41:00,922 : INFO : EventManager : Event: ======'init_phase_2'====== Args={}
2022-09-12 08:41:00,923 : INFO : SwitchController : Found active switch: (('3E', 1), <Platform.FAST>) <switch.s_trough_1>
2022-09-12 08:41:00,923 : INFO : SwitchController : Found active switch: (('3D', 1), <Platform.FAST>) <switch.s_trough_jam>
2022-09-12 08:41:00,923 : INFO : SwitchController : Found active switch: (('5D', 1), <Platform.FAST>) <switch.s_bot_vuk>
2022-09-12 08:41:00,928 : INFO : ball_device.bd_trough : BCH: Initial count: 2
2022-09-12 08:41:00,929 : INFO : ball_device.bd_trough : State: idle
2022-09-12 08:41:00,930 : INFO : ball_device.bd_plunger : BCH: Initial count: 0
2022-09-12 08:41:00,930 : INFO : ball_device.bd_plunger : State: idle
2022-09-12 08:41:00,971 : INFO : EventManager : Event: ======'init_phase_3'====== Args={}
2022-09-12 08:41:01,031 : INFO : EventManager : Event: ======'init_phase_4'====== Args={}
2022-09-12 08:41:01,032 : INFO : EventManager : Event: ======'playfield_active'====== Args={}
2022-09-12 08:41:01,032 : INFO : EventManager : Event: ======'unexpected_ball_on_playfield'====== Args={}
2022-09-12 08:41:01,032 : INFO : EventManager : Event: ======'playfield_active'====== Args={}
2022-09-12 08:41:01,032 : INFO : EventManager : Event: ======'unexpected_ball_on_playfield'====== Args={}
2022-09-12 08:41:01,032 : INFO : EventManager : Event: ======'playfield_active'====== Args={}
2022-09-12 08:41:01,032 : INFO : EventManager : Event: ======'unexpected_ball_on_playfield'====== Args={}
2022-09-12 08:41:01,032 : INFO : EventManager : Event: ======'playfield_active'====== Args={}
2022-09-12 08:41:01,032 : INFO : EventManager : Event: ======'unexpected_ball_on_playfield'====== Args={}
2022-09-12 08:41:01,032 : INFO : EventManager : Event: ======'playfield_active'====== Args={}
2022-09-12 08:41:01,032 : INFO : EventManager : Event: ======'unexpected_ball_on_playfield'====== Args={}
2022-09-12 08:41:01,033 : INFO : EventManager : Event: ======'playfield_active'====== Args={}
2022-09-12 08:41:01,033 : INFO : EventManager : Event: ======'unexpected_ball_on_playfield'====== Args={}
2022-09-12 08:41:01,033 : INFO : BallController : Initial balls found: 2
2022-09-12 08:41:01,035 : INFO : EventManager : Event: ======'machine_var_audits_events_game_ended'====== Args={'value': 0, 'prev_value': None, 'change': True}
2022-09-12 08:41:01,035 : INFO : EventManager : Event: ======'machine_var_audits_events_game_started'====== Args={'value': 0, 'prev_value': None, 'change': True}
2022-09-12 08:41:01,035 : INFO : EventManager : Event: ======'machine_var_audits_player_score'====== Args={'value': {'average': 0, 'top': [], 'total': 0}, 'prev_value': None, 'change': True}
2022-09-12 08:41:01,036 : INFO : EventManager : Event: ======'machine_var_audits_switches_s_autolauncher'====== Args={'value': 69, 'prev_value': None, 'change': True}
2022-09-12 08:41:01,036 : INFO : EventManager : Event: ======'machine_var_audits_switches_s_back_pop'====== Args={'value': 0, 'prev_value': None, 'change': True}
2022-09-12 08:41:01,036 : INFO : EventManager : Event: ======'machine_var_audits_switches_s_back_rollover'====== Args={'value': 0, 'prev_value': None, 'change': True}
2022-09-12 08:41:01,036 : INFO : EventManager : Event: ======'machine_var_audits_switches_s_back_stationary'====== Args={'value': 0, 'prev_value': None, 'change': True}
2022-09-12 08:41:01,036 : INFO : EventManager : Event: ======'machine_var_audits_switches_s_bot_back'====== Args={'value': 0, 'prev_value': None, 'change': True}
2022-09-12 08:41:01,036 : INFO : EventManager : Event: ======'machine_var_audits_switches_s_bot_big'====== Args={'value': 0, 'prev_value': None, 'change': True}
2022-09-12 08:41:01,036 : INFO : EventManager : Event: ======'machine_var_audits_switches_s_bot_left'====== Args={'value': 0, 'prev_value': None, 'change': True}
2022-09-12 08:41:01,036 : INFO : EventManager : Event: ======'machine_var_audits_switches_s_bot_right'====== Args={'value': 0, 'prev_value': None, 'change': True}
2022-09-12 08:41:01,037 : INFO : EventManager : Event: ======'machine_var_audits_switches_s_bot_rollover'====== Args={'value': 0, 'prev_value': None, 'change': True}
2022-09-12 08:41:01,037 : INFO : EventManager : Event: ======'machine_var_audits_switches_s_bot_vuk'====== Args={'value': 0, 'prev_value': None, 'change': True}
2022-09-12 08:41:01,037 : INFO : EventManager : Event: ======'machine_var_audits_switches_s_drop_mid_left'====== Args={'value': 45, 'prev_value': None, 'change': True}
2022-09-12 08:41:01,037 : INFO : EventManager : Event: ======'machine_var_audits_switches_s_drop_mid_mid'====== Args={'value': 46, 'prev_value': None, 'change': True}
2022-09-12 08:41:01,037 : INFO : EventManager : Event: ======'machine_var_audits_switches_s_drop_mid_right'====== Args={'value': 5, 'prev_value': None, 'change': True}
2022-09-12 08:41:01,037 : INFO : EventManager : Event: ======'machine_var_audits_switches_s_drop_right_left'====== Args={'value': 7, 'prev_value': None, 'change': True}
2022-09-12 08:41:01,038 : INFO : EventManager : Event: ======'machine_var_audits_switches_s_drop_right_right'====== Args={'value': 6, 'prev_value': None, 'change': True}
2022-09-12 08:41:01,038 : INFO : EventManager : Event: ======'machine_var_audits_switches_s_drop_single'====== Args={'value': 40, 'prev_value': None, 'change': True}
2022-09-12 08:41:01,038 : INFO : EventManager : Event: ======'machine_var_audits_switches_s_eos_left'====== Args={'value': 26, 'prev_value': None, 'change': True}
2022-09-12 08:41:01,038 : INFO : EventManager : Event: ======'machine_var_audits_switches_s_eos_left_top'====== Args={'value': 24, 'prev_value': None, 'change': True}
2022-09-12 08:41:01,038 : INFO : EventManager : Event: ======'machine_var_audits_switches_s_eos_right'====== Args={'value': 0, 'prev_value': None, 'change': True}
2022-09-12 08:41:01,038 : INFO : EventManager : Event: ======'machine_var_audits_switches_s_launch'====== Args={'value': 0, 'prev_value': None, 'change': True}
2022-09-12 08:41:01,039 : INFO : EventManager : Event: ======'machine_var_audits_switches_s_left_flipper'====== Args={'value': 47, 'prev_value': None, 'change': True}
2022-09-12 08:41:01,039 : INFO : EventManager : Event: ======'machine_var_audits_switches_s_left_inlane'====== Args={'value': 0, 'prev_value': None, 'change': True}
2022-09-12 08:41:01,039 : INFO : EventManager : Event: ======'machine_var_audits_switches_s_left_outlane'====== Args={'value': 0, 'prev_value': None, 'change': True}
2022-09-12 08:41:01,039 : INFO : EventManager : Event: ======'machine_var_audits_switches_s_pop_left'====== Args={'value': 8, 'prev_value': None, 'change': True}
2022-09-12 08:41:01,039 : INFO : EventManager : Event: ======'machine_var_audits_switches_s_pop_lower'====== Args={'value': 20, 'prev_value': None, 'change': True}
2022-09-12 08:41:01,039 : INFO : EventManager : Event: ======'machine_var_audits_switches_s_pop_right'====== Args={'value': 26, 'prev_value': None, 'change': True}
2022-09-12 08:41:01,040 : INFO : EventManager : Event: ======'machine_var_audits_switches_s_right_flipper'====== Args={'value': 44, 'prev_value': None, 'change': True}
2022-09-12 08:41:01,041 : INFO : EventManager : Event: ======'machine_var_audits_switches_s_right_inlane'====== Args={'value': 0, 'prev_value': None, 'change': True}
2022-09-12 08:41:01,041 : INFO : EventManager : Event: ======'machine_var_audits_switches_s_right_outlane'====== Args={'value': 1, 'prev_value': None, 'change': True}
2022-09-12 08:41:01,041 : INFO : EventManager : Event: ======'machine_var_audits_switches_s_rollover_left'====== Args={'value': 3, 'prev_value': None, 'change': True}
2022-09-12 08:41:01,041 : INFO : EventManager : Event: ======'machine_var_audits_switches_s_rollover_right'====== Args={'value': 1, 'prev_value': None, 'change': True}
2022-09-12 08:41:01,042 : INFO : EventManager : Event: ======'machine_var_audits_switches_s_sling_left'====== Args={'value': 3, 'prev_value': None, 'change': True}
2022-09-12 08:41:01,042 : INFO : EventManager : Event: ======'machine_var_audits_switches_s_sling_right'====== Args={'value': 0, 'prev_value': None, 'change': True}
2022-09-12 08:41:01,042 : INFO : EventManager : Event: ======'machine_var_audits_switches_s_start'====== Args={'value': 86, 'prev_value': None, 'change': True}
2022-09-12 08:41:01,042 : INFO : EventManager : Event: ======'machine_var_audits_switches_s_tilt'====== Args={'value': 0, 'prev_value': None, 'change': True}
2022-09-12 08:41:01,042 : INFO : EventManager : Event: ======'machine_var_audits_switches_s_transfer_rollover'====== Args={'value': 0, 'prev_value': None, 'change': True}
2022-09-12 08:41:01,043 : INFO : EventManager : Event: ======'machine_var_audits_switches_s_trough_1'====== Args={'value': 56, 'prev_value': None, 'change': True}
2022-09-12 08:41:01,043 : INFO : EventManager : Event: ======'machine_var_audits_switches_s_trough_2'====== Args={'value': 46, 'prev_value': None, 'change': True}
2022-09-12 08:41:01,043 : INFO : EventManager : Event: ======'machine_var_audits_switches_s_trough_3'====== Args={'value': 45, 'prev_value': None, 'change': True}
2022-09-12 08:41:01,043 : INFO : EventManager : Event: ======'machine_var_audits_switches_s_trough_4'====== Args={'value': 46, 'prev_value': None, 'change': True}
2022-09-12 08:41:01,043 : INFO : EventManager : Event: ======'machine_var_audits_switches_s_trough_5'====== Args={'value': 49, 'prev_value': None, 'change': True}
2022-09-12 08:41:01,044 : INFO : EventManager : Event: ======'machine_var_audits_switches_s_trough_6'====== Args={'value': 52, 'prev_value': None, 'change': True}
2022-09-12 08:41:01,044 : INFO : EventManager : Event: ======'machine_var_audits_switches_s_trough_jam'====== Args={'value': 107, 'prev_value': None, 'change': True}
2022-09-12 08:41:01,044 : INFO : EventManager : Event: ======'machine_var_audits_switches_s_upper_drop'====== Args={'value': 0, 'prev_value': None, 'change': True}
2022-09-12 08:41:01,044 : INFO : EventManager : Event: ======'machine_var_audits_switches_s_upper_rollover'====== Args={'value': 0, 'prev_value': None, 'change': True}
2022-09-12 08:41:01,045 : INFO : EventManager : Event: ======'machine_var_audits_switches_s_upper_stationary'====== Args={'value': 0, 'prev_value': None, 'change': True}
2022-09-12 08:41:01,045 : INFO : EventManager : Event: ======'machine_var_audits_switches_s_vuk_back'====== Args={'value': 0, 'prev_value': None, 'change': True}
2022-09-12 08:41:01,045 : INFO : EventManager : Event: ======'machine_var_audits_switches_s_vuk_right'====== Args={'value': 0, 'prev_value': None, 'change': True}
2022-09-12 08:41:01,046 : INFO : EventManager : Event: ======'init_phase_5'====== Args={}
2022-09-12 08:41:01,099 : INFO : EventManager : Event: ======'init_done'====== Args={}
2022-09-12 08:41:01,100 : INFO : EventManager : Event: ======'machine_reset_phase_1'====== Args={}
2022-09-12 08:41:01,101 : INFO : EventManager : Event: ======'machine_reset_phase_2'====== Args={}
2022-09-12 08:41:01,101 : INFO : EventManager : Event: ======'machine_reset_phase_3'====== Args={}
2022-09-12 08:41:01,102 : INFO : drop_target_bank.mid : All targets are already up. Will not reset bank.
2022-09-12 08:41:01,102 : INFO : drop_target_bank.right : All targets are already up. Will not reset bank.
2022-09-12 08:41:01,103 : INFO : EventManager : Event: ======'reset_complete'====== Args={}
2022-09-12 08:41:01,103 : INFO : EventManager : Event: ======'mode_attract_will_start'====== Args={}
2022-09-12 08:41:01,104 : INFO : EventManager : Event: ======'mode_attract_starting'====== Args={}
2022-09-12 08:41:01,104 : INFO : Mode.attract : Started. Priority: 10
2022-09-12 08:41:01,104 : INFO : EventManager : Event: ======'modes_active_modes_changed'====== Args={}
2022-09-12 08:41:01,104 : INFO : EventManager : Event: ======'mode_attract_started'====== Args={}
2022-09-12 08:41:01,104 : INFO : EventManager : Event: ======'collecting_balls_complete'====== Args={}
2022-09-12 08:41:01,129 : INFO : Machine : Starting the main run loop.
2022-09-12 08:41:01,425 : INFO : BcpServer : New client connected.
2022-09-12 08:41:01,888 : INFO : SwitchController : <<<<<<< 's_start' active >>>>>>>
2022-09-12 08:41:02,001 : INFO : SwitchController : <<<<<<< 's_start' inactive >>>>>>>
2022-09-12 08:41:02,001 : INFO : EventManager : Event: ======'request_to_start_game'====== Args={}
2022-09-12 08:41:02,002 : INFO : EventManager : Event: ======'game_start'====== Args={'buttons': [], 'hold_time': 0.125}
2022-09-12 08:41:02,002 : INFO : EventManager : Event: ======'mode_game_will_start'====== Args={'buttons': [], 'hold_time': 0.125}
2022-09-12 08:41:02,003 : INFO : EventManager : Event: ======'mode_game_starting'====== Args={'buttons': [], 'hold_time': 0.125}
2022-09-12 08:41:02,003 : INFO : EventManager : Event: ======'mode_attract_will_stop'====== Args={}
2022-09-12 08:41:02,003 : INFO : EventManager : Event: ======'mode_attract_stopping'====== Args={}
2022-09-12 08:41:02,003 : INFO : Mode.attract : Stopped.
2022-09-12 08:41:02,003 : INFO : EventManager : Event: ======'modes_active_modes_changed'====== Args={}
2022-09-12 08:41:02,004 : INFO : EventManager : Event: ======'mode_attract_stopped'====== Args={}
2022-09-12 08:41:02,004 : INFO : EventManager : Event: ======'clear'====== Args={'key': 'attract'}
2022-09-12 08:41:02,004 : INFO : Mode.game : Started. Priority: 20
2022-09-12 08:41:02,004 : INFO : EventManager : Event: ======'modes_active_modes_changed'====== Args={}
2022-09-12 08:41:02,005 : INFO : EventManager : Event: ======'mode_game_started'====== Args={'buttons': [], 'hold_time': 0.125}
2022-09-12 08:41:02,010 : INFO : EventManager : Event: ======'game_will_start'====== Args={}
2022-09-12 08:41:02,010 : INFO : EventManager : Event: ======'game_starting'====== Args={'game': <Mode.game>}
2022-09-12 08:41:02,011 : INFO : EventManager : Event: ======'player_add_request'====== Args={}
2022-09-12 08:41:02,011 : INFO : EventManager : Event: ======'player_will_add'====== Args={'number': 1}
2022-09-12 08:41:02,012 : INFO : EventManager : Event: ======'player_adding'====== Args={'player': <Player 1>, 'number': 1}
2022-09-12 08:41:02,012 : INFO : EventManager : Event: ======'player_added'====== Args={'player': <Player 1>, 'num': 1}
2022-09-12 08:41:02,012 : INFO : Mode.game : Player added successfully. Total players: 1
2022-09-12 08:41:02,012 : INFO : EventManager : Event: ======'player_index'====== Args={'value': 0, 'prev_value': 0, 'change': 0, 'player_num': 1}
2022-09-12 08:41:02,013 : INFO : EventManager : Event: ======'player_number'====== Args={'value': 1, 'prev_value': 1, 'change': 0, 'player_num': 1}
2022-09-12 08:41:02,013 : INFO : EventManager : Event: ======'player_score'====== Args={'value': 0, 'prev_value': 0, 'change': 0, 'player_num': 1}
2022-09-12 08:41:02,013 : INFO : EventManager : Event: ======'game_started'====== Args={}
2022-09-12 08:41:02,029 : INFO : EventManager : Event: ======'player_turn_will_start'====== Args={'player': <Player 1>, 'number': 1}
2022-09-12 08:41:02,030 : INFO : EventManager : Event: ======'player_turn_starting'====== Args={'player': <Player 1>, 'number': 1}
2022-09-12 08:41:02,031 : INFO : EventManager : Event: ======'player_ball'====== Args={'value': 1, 'prev_value': 0, 'change': 1, 'player_num': 1}
2022-09-12 08:41:02,031 : INFO : EventManager : Event: ======'player_turn_started'====== Args={'player': <Player 1>, 'number': 1}
2022-09-12 08:41:02,032 : INFO : EventManager : Event: ======'ball_will_start'====== Args={'player': 1, 'ball': 1, 'balls_remaining': 2, 'is_extra_ball': False}
2022-09-12 08:41:02,036 : INFO : EventManager : Event: ======'ball_starting'====== Args={'player': 1, 'ball': 1, 'balls_remaining': 2, 'is_extra_ball': False}
2022-09-12 08:41:02,037 : INFO : drop_target_bank.mid : All targets are already up. Will not reset bank.
2022-09-12 08:41:02,037 : INFO : drop_target_bank.right : All targets are already up. Will not reset bank.
2022-09-12 08:41:02,037 : INFO : EventManager : Event: ======'balls_in_play'====== Args={'balls': 1}
2022-09-12 08:41:02,038 : INFO : EventManager : Event: ======'ball_started'====== Args={'player': 1, 'ball': 1, 'balls_remaining': 2, 'is_extra_ball': False}
2022-09-12 08:41:02,039 : INFO : EventManager : Event: ======'single_player_ball_started'====== Args={}
2022-09-12 08:41:02,039 : INFO : EventManager : Event: ======'ball_start_target'====== Args={'target': 'playfield'}
2022-09-12 08:41:02,040 : ERROR : asyncio : Exception in callback AsyncMode._mode_ended(<Task finishe... playfield?')>)
handle: <Handle AsyncMode._mode_ended(<Task finishe... playfield?')>)>
Traceback (most recent call last):
  File "c:\users\tanner\appdata\local\programs\python\python37\lib\asyncio\events.py", line 88, in _run
    self._context.run(self._callback, *self._args)
  File "c:\users\tanner\appdata\local\programs\python\python37\lib\site-packages\mpf\core\async_mode.py", line 40, in _mode_ended
    future.result()
  File "c:\users\tanner\appdata\local\programs\python\python37\lib\site-packages\mpf\modes\game\code\game.py", line 89, in _run
    await self._run_ball()
  File "c:\users\tanner\appdata\local\programs\python\python37\lib\site-packages\mpf\modes\game\code\game.py", line 106, in _run_ball
    await self._start_ball(is_extra_ball)
  File "c:\users\tanner\appdata\local\programs\python\python37\lib\site-packages\mpf\modes\game\code\game.py", line 401, in _start_ball
    self.machine.playfields[result["target"]].add_ball(player_controlled=True)
  File "c:\users\tanner\appdata\local\programs\python\python37\lib\site-packages\mpf\devices\playfield.py", line 238, in add_ball
    "in your playfield?", 1)
  File "c:\users\tanner\appdata\local\programs\python\python37\lib\site-packages\mpf\core\logging.py", line 173, in raise_config_error
    from source_exception
mpf.exceptions.config_file_error.ConfigFileError: Config File Error in playfield.playfield: Missing a source device to request a ball. Did you define a default_source_device in your playfield? Error Code: CFE-playfield-1 (https://docs.missionpinball.org/en/0.55/logs/CFE-playfield-1.html)
2022-09-12 08:41:02,075 : INFO : Machine : Shutting down...
2022-09-12 08:41:02,076 : INFO : EventManager : Event: ======'shutdown'====== Args={}
2022-09-12 08:41:02,095 : WARNING : FAST : Port NET received more messages than were sent! Resetting!
2022-09-12 08:41:02,096 : WARNING : FAST : Port RGB received more messages than were sent! Resetting!
2022-09-12 08:41:02,097 : WARNING : FAST : Received unknown serial command? BX:P from RGB.
2022-09-12 08:41:02,175 : ERROR : FAST : Stop called on serial connection com20
2022-09-12 08:41:02,176 : ERROR : FAST : Stop called on serial connection com21
2022-09-12 08:41:02,428 : ERROR : Machine : Runtime Exception
Traceback (most recent call last):
  File "c:\users\tanner\appdata\local\programs\python\python37\lib\site-packages\mpf\core\machine.py", line 769, in _run_loop
    raise self._exception['exception']
  File "c:\users\tanner\appdata\local\programs\python\python37\lib\asyncio\events.py", line 88, in _run
    self._context.run(self._callback, *self._args)
  File "c:\users\tanner\appdata\local\programs\python\python37\lib\site-packages\mpf\core\async_mode.py", line 40, in _mode_ended
    future.result()
  File "c:\users\tanner\appdata\local\programs\python\python37\lib\site-packages\mpf\modes\game\code\game.py", line 89, in _run
    await self._run_ball()
  File "c:\users\tanner\appdata\local\programs\python\python37\lib\site-packages\mpf\modes\game\code\game.py", line 106, in _run_ball
    await self._start_ball(is_extra_ball)
  File "c:\users\tanner\appdata\local\programs\python\python37\lib\site-packages\mpf\modes\game\code\game.py", line 401, in _start_ball
    self.machine.playfields[result["target"]].add_ball(player_controlled=True)
  File "c:\users\tanner\appdata\local\programs\python\python37\lib\site-packages\mpf\devices\playfield.py", line 238, in add_ball
    "in your playfield?", 1)
  File "c:\users\tanner\appdata\local\programs\python\python37\lib\site-packages\mpf\core\logging.py", line 173, in raise_config_error
    from source_exception
mpf.exceptions.config_file_error.ConfigFileError: Config File Error in playfield.playfield: Missing a source device to request a ball. Did you define a default_source_device in your playfield? Error Code: CFE-playfield-1 (https://docs.missionpinball.org/en/0.55/logs/CFE-playfield-1.html)
2022-09-12 09:21:48,399 : INFO : root : MPF run loop ended.
