2022-10-06 15:34:46,619 : INFO : root : Loading config.
2022-10-06 15:34:46,622 : INFO : YamlMultifileConfigLoader : Machine config file #1: config.yaml
2022-10-06 15:34:46,623 : INFO : ConfigProcessor : Loading config from cache: C:\Users\Tanner\AppData\Local\Temp\a6762098cb994b55cb03a478b26022ee.mpf_cache
2022-10-06 15:34:46,686 : INFO : ConfigProcessor : Loading config from cache: C:\Users\Tanner\AppData\Local\Temp\9cf7ccc27b21f4d6162237fadfc53e5a.mpf_cache
2022-10-06 15:34:46,687 : INFO : ConfigProcessor : Loading config from cache: C:\Users\Tanner\AppData\Local\Temp\c215df352878fee5d54f1a5ec5b16e7c.mpf_cache
2022-10-06 15:34:46,687 : INFO : ConfigProcessor : Loading config from cache: C:\Users\Tanner\AppData\Local\Temp\708062243e0edcfa77dd6b1521bd0d4e.mpf_cache
2022-10-06 15:34:46,688 : INFO : ConfigProcessor : Loading config from cache: C:\Users\Tanner\AppData\Local\Temp\c4174472f67f7b070dd6fb437c6feb0c.mpf_cache
2022-10-06 15:34:46,689 : INFO : ConfigProcessor : Loading config from cache: C:\Users\Tanner\AppData\Local\Temp\abaa92c43d134e3392cbb2346e6a16be.mpf_cache
2022-10-06 15:34:46,690 : INFO : ConfigProcessor : Loading config from cache: C:\Users\Tanner\AppData\Local\Temp\fc46d53fcb9fe6b8abf783d9c813390a.mpf_cache
2022-10-06 15:34:46,690 : INFO : Machine : Mission Pinball Framework Core Engine v0.55.0
2022-10-06 15:34:46,690 : INFO : Machine : Command line arguments: {'no_load_cache': False, 'create_config_cache': True, 'bcp': False, 'configfile': ['config.yaml'], 'force_assets_load': False, 'jsonlogging': False, 'logfile': 'logs\\2022-10-06-15-34-46-mpf-DESKTOP-7HNFDQ5.log', 'pause': False, 'production': False, 'text_ui': True, 'loglevel': 15, 'consoleloglevel': 20, 'force_platform': None, 'syslog_address': None, 'mc_file_name': None, 'no_sound': False}
2022-10-06 15:34:46,690 : INFO : Machine : MPF path: c:\users\tanner\appdata\local\programs\python\python37\lib\site-packages\mpf
2022-10-06 15:34:46,690 : INFO : Machine : Machine path: c:\trashland_2
2022-10-06 15:34:46,690 : INFO : Machine : Platform: win32
2022-10-06 15:34:46,690 : INFO : Machine : Python executable location: c:\users\tanner\appdata\local\programs\python\python37\python.exe
2022-10-06 15:34:46,691 : INFO : Machine : Python version: 3.7.8 (64-bit)
2022-10-06 15:34:46,692 : INFO : Machine : Initialise MPF.
2022-10-06 15:34:46,949 : INFO : FAST : Connecting to com9 at 921600bps
2022-10-06 15:34:46,992 : INFO : FAST : Connected! Processor: NET, Board Type: FP-CPU-002-2, Firmware: 01.05
2022-10-06 15:34:46,992 : INFO : EventManager : Event: ======'machine_var_fast_net_firmware'====== Args={'value': '01.05', 'prev_value': None, 'change': True}
2022-10-06 15:34:46,992 : INFO : EventManager : Event: ======'machine_var_fast_net_model'====== Args={'value': 'FP-CPU-002-2', 'prev_value': None, 'change': True}
2022-10-06 15:34:49,361 : WARNING : FAST : Got unexpected message from FAST: -N:38
2022-10-06 15:34:49,361 : WARNING : FAST : Got unexpected message from FAST: -N:40
2022-10-06 15:34:49,361 : WARNING : FAST : Got unexpected message from FAST: -N:41
2022-10-06 15:34:49,361 : WARNING : FAST : Got unexpected message from FAST: -N:42
2022-10-06 15:34:49,361 : WARNING : FAST : Got unexpected message from FAST: -N:43
2022-10-06 15:34:49,361 : WARNING : FAST : Got unexpected message from FAST: -N:44
2022-10-06 15:34:49,470 : INFO : FAST : Connecting to com10 at 921600bps
2022-10-06 15:34:49,502 : INFO : FAST : Connected! Processor: RGB, Board Type: FP-CPU-002-2, Firmware: 00.87
2022-10-06 15:34:49,502 : INFO : EventManager : Event: ======'machine_var_fast_rgb_firmware'====== Args={'value': '00.87', 'prev_value': None, 'change': True}
2022-10-06 15:34:49,502 : INFO : EventManager : Event: ======'machine_var_fast_rgb_model'====== Args={'value': 'FP-CPU-002-2', 'prev_value': None, 'change': True}
2022-10-06 15:34:49,503 : INFO : EventManager : Event: ======'machine_var_credits_string'====== Args={'value': 'FREE PLAY', 'prev_value': None, 'change': True}
2022-10-06 15:34:49,545 : INFO : EventManager : Event: ======'machine_var_master_volume'====== Args={'value': 0.5, 'prev_value': None, 'change': True}
2022-10-06 15:34:49,545 : INFO : EventManager : Event: ======'machine_var_mpf_version'====== Args={'value': 'MPF v0.55.0', 'prev_value': None, 'change': True}
2022-10-06 15:34:49,545 : INFO : EventManager : Event: ======'machine_var_mpf_extended_version'====== Args={'value': 'MPF v0.55.0, Config version:5, Show version: 5, BCP version:1.1', 'prev_value': None, 'change': True}
2022-10-06 15:34:49,545 : INFO : EventManager : Event: ======'machine_var_python_version'====== Args={'value': '3.7.8', 'prev_value': None, 'change': True}
2022-10-06 15:34:49,546 : INFO : EventManager : Event: ======'machine_var_platform'====== Args={'value': 'Windows-10-10.0.19041-SP0', 'prev_value': None, 'change': True}
2022-10-06 15:34:49,546 : INFO : EventManager : Event: ======'machine_var_platform_system'====== Args={'value': 'Windows', 'prev_value': None, 'change': True}
2022-10-06 15:34:49,546 : INFO : EventManager : Event: ======'machine_var_platform_release'====== Args={'value': '10', 'prev_value': None, 'change': True}
2022-10-06 15:34:49,546 : INFO : EventManager : Event: ======'machine_var_platform_version'====== Args={'value': '10.0.19041', 'prev_value': None, 'change': True}
2022-10-06 15:34:49,546 : INFO : EventManager : Event: ======'machine_var_platform_machine'====== Args={'value': 'AMD64', 'prev_value': None, 'change': True}
2022-10-06 15:34:49,546 : INFO : EventManager : Event: ======'init_phase_1'====== Args={}
2022-10-06 15:34:49,583 : INFO : EventManager : Event: ======'drop_target_bank_mid_up'====== Args={}
2022-10-06 15:34:49,584 : INFO : EventManager : Event: ======'drop_target_bank_right_up'====== Args={}
2022-10-06 15:34:49,596 : INFO : EventManager : Event: ======'init_phase_2'====== Args={}
2022-10-06 15:34:49,596 : INFO : SwitchController : Found active switch: (('34', 1), <Platform.FAST>) <switch.s_vuk_top>
2022-10-06 15:34:49,596 : INFO : SwitchController : Found active switch: (('33', 1), <Platform.FAST>) <switch.s_vuk_right>
2022-10-06 15:34:49,597 : INFO : SwitchController : Found active switch: (('48', 1), <Platform.FAST>) <switch.s_trough_1>
2022-10-06 15:34:49,597 : INFO : SwitchController : Found active switch: (('49', 1), <Platform.FAST>) <switch.s_trough_jam>
2022-10-06 15:34:49,597 : INFO : SwitchController : Found active switch: (('3C', 1), <Platform.FAST>) <switch.s_eos_right>
2022-10-06 15:34:49,597 : INFO : SwitchController : Found active switch: (('3B', 1), <Platform.FAST>) <switch.s_eos_left>
2022-10-06 15:34:49,597 : INFO : SwitchController : Found active switch: (('5D', 1), <Platform.FAST>) <switch.s_bot_vuk>
2022-10-06 15:34:49,604 : INFO : ball_device.bd_trough : BCH: Initial count: 2
2022-10-06 15:34:49,604 : INFO : ball_device.bd_trough : State: idle
2022-10-06 15:34:49,605 : INFO : ball_device.bd_plunger : BCH: Initial count: 0
2022-10-06 15:34:49,605 : INFO : ball_device.bd_plunger : State: idle
2022-10-06 15:34:49,606 : INFO : ball_device.bd_top_vuk : BCH: Initial count: 1
2022-10-06 15:34:49,606 : INFO : ball_device.bd_top_vuk : State: idle
2022-10-06 15:34:49,606 : INFO : ball_device.bd_right_vuk : BCH: Initial count: 1
2022-10-06 15:34:49,607 : INFO : ball_device.bd_right_vuk : State: idle
2022-10-06 15:34:49,607 : INFO : ball_device.bd_bot_vuk : BCH: Initial count: 1
2022-10-06 15:34:49,607 : INFO : ball_device.bd_bot_vuk : State: idle
2022-10-06 15:34:49,644 : INFO : EventManager : Event: ======'init_phase_3'====== Args={}
2022-10-06 15:34:49,678 : INFO : EventManager : Event: ======'init_phase_4'====== Args={}
2022-10-06 15:34:49,678 : INFO : EventManager : Event: ======'playfield_active'====== Args={}
2022-10-06 15:34:49,678 : INFO : EventManager : Event: ======'unexpected_ball_on_playfield'====== Args={}
2022-10-06 15:34:49,678 : INFO : EventManager : Event: ======'playfield_active'====== Args={}
2022-10-06 15:34:49,678 : INFO : EventManager : Event: ======'unexpected_ball_on_playfield'====== Args={}
2022-10-06 15:34:49,678 : INFO : EventManager : Event: ======'playfield_active'====== Args={}
2022-10-06 15:34:49,678 : INFO : EventManager : Event: ======'unexpected_ball_on_playfield'====== Args={}
2022-10-06 15:34:49,679 : INFO : EventManager : Event: ======'playfield_active'====== Args={}
2022-10-06 15:34:49,679 : INFO : EventManager : Event: ======'unexpected_ball_on_playfield'====== Args={}
2022-10-06 15:34:49,679 : INFO : EventManager : Event: ======'playfield_active'====== Args={}
2022-10-06 15:34:49,679 : INFO : EventManager : Event: ======'unexpected_ball_on_playfield'====== Args={}
2022-10-06 15:34:49,679 : INFO : EventManager : Event: ======'playfield_active'====== Args={}
2022-10-06 15:34:49,679 : INFO : EventManager : Event: ======'unexpected_ball_on_playfield'====== Args={}
2022-10-06 15:34:49,679 : INFO : BallController : Initial balls found: 5
2022-10-06 15:34:49,681 : INFO : EventManager : Event: ======'machine_var_audits_events_game_ended'====== Args={'value': 0, 'prev_value': None, 'change': True}
2022-10-06 15:34:49,681 : INFO : EventManager : Event: ======'machine_var_audits_events_game_started'====== Args={'value': 0, 'prev_value': None, 'change': True}
2022-10-06 15:34:49,681 : INFO : EventManager : Event: ======'machine_var_audits_player_score'====== Args={'value': {'average': 0, 'top': [], 'total': 0}, 'prev_value': None, 'change': True}
2022-10-06 15:34:49,681 : INFO : EventManager : Event: ======'machine_var_audits_switches_s_autolauncher'====== Args={'value': 82, 'prev_value': None, 'change': True}
2022-10-06 15:34:49,681 : INFO : EventManager : Event: ======'machine_var_audits_switches_s_back_pop'====== Args={'value': 0, 'prev_value': None, 'change': True}
2022-10-06 15:34:49,682 : INFO : EventManager : Event: ======'machine_var_audits_switches_s_back_rollover'====== Args={'value': 0, 'prev_value': None, 'change': True}
2022-10-06 15:34:49,682 : INFO : EventManager : Event: ======'machine_var_audits_switches_s_back_stationary'====== Args={'value': 0, 'prev_value': None, 'change': True}
2022-10-06 15:34:49,682 : INFO : EventManager : Event: ======'machine_var_audits_switches_s_bot_back'====== Args={'value': 0, 'prev_value': None, 'change': True}
2022-10-06 15:34:49,682 : INFO : EventManager : Event: ======'machine_var_audits_switches_s_bot_big'====== Args={'value': 1, 'prev_value': None, 'change': True}
2022-10-06 15:34:49,682 : INFO : EventManager : Event: ======'machine_var_audits_switches_s_bot_left'====== Args={'value': 0, 'prev_value': None, 'change': True}
2022-10-06 15:34:49,682 : INFO : EventManager : Event: ======'machine_var_audits_switches_s_bot_right'====== Args={'value': 0, 'prev_value': None, 'change': True}
2022-10-06 15:34:49,682 : INFO : EventManager : Event: ======'machine_var_audits_switches_s_bot_rollover'====== Args={'value': 0, 'prev_value': None, 'change': True}
2022-10-06 15:34:49,682 : INFO : EventManager : Event: ======'machine_var_audits_switches_s_bot_vuk'====== Args={'value': 0, 'prev_value': None, 'change': True}
2022-10-06 15:34:49,683 : INFO : EventManager : Event: ======'machine_var_audits_switches_s_drop_mid_left'====== Args={'value': 74, 'prev_value': None, 'change': True}
2022-10-06 15:34:49,683 : INFO : EventManager : Event: ======'machine_var_audits_switches_s_drop_mid_mid'====== Args={'value': 83, 'prev_value': None, 'change': True}
2022-10-06 15:34:49,683 : INFO : EventManager : Event: ======'machine_var_audits_switches_s_drop_mid_right'====== Args={'value': 5, 'prev_value': None, 'change': True}
2022-10-06 15:34:49,683 : INFO : EventManager : Event: ======'machine_var_audits_switches_s_drop_right_left'====== Args={'value': 24, 'prev_value': None, 'change': True}
2022-10-06 15:34:49,683 : INFO : EventManager : Event: ======'machine_var_audits_switches_s_drop_right_right'====== Args={'value': 61, 'prev_value': None, 'change': True}
2022-10-06 15:34:49,683 : INFO : EventManager : Event: ======'machine_var_audits_switches_s_drop_single'====== Args={'value': 41, 'prev_value': None, 'change': True}
2022-10-06 15:34:49,684 : INFO : EventManager : Event: ======'machine_var_audits_switches_s_eos_left'====== Args={'value': 71, 'prev_value': None, 'change': True}
2022-10-06 15:34:49,684 : INFO : EventManager : Event: ======'machine_var_audits_switches_s_eos_left_top'====== Args={'value': 847, 'prev_value': None, 'change': True}
2022-10-06 15:34:49,684 : INFO : EventManager : Event: ======'machine_var_audits_switches_s_eos_right'====== Args={'value': 96, 'prev_value': None, 'change': True}
2022-10-06 15:34:49,684 : INFO : EventManager : Event: ======'machine_var_audits_switches_s_launch'====== Args={'value': 57, 'prev_value': None, 'change': True}
2022-10-06 15:34:49,684 : INFO : EventManager : Event: ======'machine_var_audits_switches_s_left_flipper'====== Args={'value': 949, 'prev_value': None, 'change': True}
2022-10-06 15:34:49,684 : INFO : EventManager : Event: ======'machine_var_audits_switches_s_left_inlane'====== Args={'value': 24, 'prev_value': None, 'change': True}
2022-10-06 15:34:49,685 : INFO : EventManager : Event: ======'machine_var_audits_switches_s_left_outlane'====== Args={'value': 5, 'prev_value': None, 'change': True}
2022-10-06 15:34:49,685 : INFO : EventManager : Event: ======'machine_var_audits_switches_s_pop_left'====== Args={'value': 157, 'prev_value': None, 'change': True}
2022-10-06 15:34:49,685 : INFO : EventManager : Event: ======'machine_var_audits_switches_s_pop_lower'====== Args={'value': 256, 'prev_value': None, 'change': True}
2022-10-06 15:34:49,685 : INFO : EventManager : Event: ======'machine_var_audits_switches_s_pop_right'====== Args={'value': 294, 'prev_value': None, 'change': True}
2022-10-06 15:34:49,685 : INFO : EventManager : Event: ======'machine_var_audits_switches_s_right_flipper'====== Args={'value': 975, 'prev_value': None, 'change': True}
2022-10-06 15:34:49,686 : INFO : EventManager : Event: ======'machine_var_audits_switches_s_right_inlane'====== Args={'value': 0, 'prev_value': None, 'change': True}
2022-10-06 15:34:49,686 : INFO : EventManager : Event: ======'machine_var_audits_switches_s_right_outlane'====== Args={'value': 79, 'prev_value': None, 'change': True}
2022-10-06 15:34:49,686 : INFO : EventManager : Event: ======'machine_var_audits_switches_s_rollover_left'====== Args={'value': 64, 'prev_value': None, 'change': True}
2022-10-06 15:34:49,686 : INFO : EventManager : Event: ======'machine_var_audits_switches_s_rollover_right'====== Args={'value': 46, 'prev_value': None, 'change': True}
2022-10-06 15:34:49,686 : INFO : EventManager : Event: ======'machine_var_audits_switches_s_sling_left'====== Args={'value': 41, 'prev_value': None, 'change': True}
2022-10-06 15:34:49,687 : INFO : EventManager : Event: ======'machine_var_audits_switches_s_sling_right'====== Args={'value': 136, 'prev_value': None, 'change': True}
2022-10-06 15:34:49,687 : INFO : EventManager : Event: ======'machine_var_audits_switches_s_start'====== Args={'value': 152, 'prev_value': None, 'change': True}
2022-10-06 15:34:49,687 : INFO : EventManager : Event: ======'machine_var_audits_switches_s_tilt'====== Args={'value': 126, 'prev_value': None, 'change': True}
2022-10-06 15:34:49,687 : INFO : EventManager : Event: ======'machine_var_audits_switches_s_transfer_rollover'====== Args={'value': 0, 'prev_value': None, 'change': True}
2022-10-06 15:34:49,687 : INFO : EventManager : Event: ======'machine_var_audits_switches_s_trough_1'====== Args={'value': 57, 'prev_value': None, 'change': True}
2022-10-06 15:34:49,688 : INFO : EventManager : Event: ======'machine_var_audits_switches_s_trough_2'====== Args={'value': 190, 'prev_value': None, 'change': True}
2022-10-06 15:34:49,688 : INFO : EventManager : Event: ======'machine_var_audits_switches_s_trough_3'====== Args={'value': 102, 'prev_value': None, 'change': True}
2022-10-06 15:34:49,688 : INFO : EventManager : Event: ======'machine_var_audits_switches_s_trough_4'====== Args={'value': 105, 'prev_value': None, 'change': True}
2022-10-06 15:34:49,688 : INFO : EventManager : Event: ======'machine_var_audits_switches_s_trough_5'====== Args={'value': 109, 'prev_value': None, 'change': True}
2022-10-06 15:34:49,689 : INFO : EventManager : Event: ======'machine_var_audits_switches_s_trough_6'====== Args={'value': 186, 'prev_value': None, 'change': True}
2022-10-06 15:34:49,689 : INFO : EventManager : Event: ======'machine_var_audits_switches_s_trough_jam'====== Args={'value': 108, 'prev_value': None, 'change': True}
2022-10-06 15:34:49,689 : INFO : EventManager : Event: ======'machine_var_audits_switches_s_upper_drop'====== Args={'value': 0, 'prev_value': None, 'change': True}
2022-10-06 15:34:49,689 : INFO : EventManager : Event: ======'machine_var_audits_switches_s_upper_rollover'====== Args={'value': 0, 'prev_value': None, 'change': True}
2022-10-06 15:34:49,690 : INFO : EventManager : Event: ======'machine_var_audits_switches_s_upper_stationary'====== Args={'value': 0, 'prev_value': None, 'change': True}
2022-10-06 15:34:49,690 : INFO : EventManager : Event: ======'machine_var_audits_switches_s_vuk_back'====== Args={'value': 1, 'prev_value': None, 'change': True}
2022-10-06 15:34:49,690 : INFO : EventManager : Event: ======'machine_var_audits_switches_s_vuk_right'====== Args={'value': 3, 'prev_value': None, 'change': True}
2022-10-06 15:34:49,690 : INFO : EventManager : Event: ======'machine_var_audits_switches_s_vuk_top'====== Args={'value': 25, 'prev_value': None, 'change': True}
2022-10-06 15:34:49,691 : INFO : EventManager : Event: ======'init_phase_5'====== Args={}
2022-10-06 15:34:49,744 : INFO : EventManager : Event: ======'init_done'====== Args={}
2022-10-06 15:34:49,745 : INFO : EventManager : Event: ======'machine_reset_phase_1'====== Args={}
2022-10-06 15:34:49,745 : INFO : BcpServer : New client connected.
2022-10-06 15:34:49,754 : INFO : EventManager : Event: ======'machine_reset_phase_2'====== Args={}
2022-10-06 15:34:49,755 : INFO : EventManager : Event: ======'machine_reset_phase_3'====== Args={}
2022-10-06 15:34:49,756 : INFO : EventManager : Event: ======'mode_tilt_will_start'====== Args={'queue': <QueuedEvent>}
2022-10-06 15:34:49,757 : INFO : EventManager : Event: ======'mode_tilt_starting'====== Args={'queue': <QueuedEvent>}
2022-10-06 15:34:49,757 : INFO : drop_target_bank.mid : All targets are already up. Will not reset bank.
2022-10-06 15:34:49,757 : INFO : drop_target_bank.right : All targets are already up. Will not reset bank.
2022-10-06 15:34:49,758 : INFO : Mode.tilt : Started. Priority: 1000000
2022-10-06 15:34:49,758 : INFO : EventManager : Event: ======'modes_active_modes_changed'====== Args={}
2022-10-06 15:34:49,759 : INFO : EventManager : Event: ======'mode_tilt_started'====== Args={'queue': <QueuedEvent>}
2022-10-06 15:34:49,759 : INFO : EventManager : Event: ======'reset_complete'====== Args={}
2022-10-06 15:34:49,759 : INFO : EventManager : Event: ======'mode_attract_will_start'====== Args={}
2022-10-06 15:34:49,760 : INFO : EventManager : Event: ======'mode_attract_starting'====== Args={}
2022-10-06 15:34:49,760 : INFO : Mode.attract : Started. Priority: 10
2022-10-06 15:34:49,760 : INFO : EventManager : Event: ======'modes_active_modes_changed'====== Args={}
2022-10-06 15:34:49,760 : INFO : EventManager : Event: ======'mode_attract_started'====== Args={}
2022-10-06 15:34:49,761 : INFO : EventManager : Event: ======'collecting_balls'====== Args={}
2022-10-06 15:34:49,761 : INFO : ball_device.bd_bot_vuk : Adding 1 ball(s) to the eject_queue with target <playfield.playfield>.
2022-10-06 15:34:49,761 : INFO : EventManager : Event: ======'balldevice_balls_available'====== Args={}
2022-10-06 15:34:49,762 : INFO : ball_device.bd_right_vuk : Adding 1 ball(s) to the eject_queue with target <playfield.playfield>.
2022-10-06 15:34:49,762 : INFO : EventManager : Event: ======'balldevice_balls_available'====== Args={}
2022-10-06 15:34:49,762 : INFO : ball_device.bd_top_vuk : Adding 1 ball(s) to the eject_queue with target <playfield.playfield>.
2022-10-06 15:34:49,763 : INFO : EventManager : Event: ======'balldevice_balls_available'====== Args={}
2022-10-06 15:34:49,808 : INFO : Machine : Starting the main run loop.
2022-10-06 15:34:49,809 : INFO : ball_device.bd_bot_vuk : State: waiting_for_target_ready
2022-10-06 15:34:49,809 : INFO : EventManager : Event: ======'balldevice_bd_bot_vuk_ball_eject_attempt'====== Args={'balls': 1, 'target': <playfield.playfield>, 'source': <ball_device.bd_bot_vuk>, 'mechanical_eject': False, 'num_attempts': 0}
2022-10-06 15:34:49,809 : INFO : ball_device.bd_right_vuk : State: waiting_for_target_ready
2022-10-06 15:34:49,809 : INFO : EventManager : Event: ======'balldevice_bd_right_vuk_ball_eject_attempt'====== Args={'balls': 1, 'target': <playfield.playfield>, 'source': <ball_device.bd_right_vuk>, 'mechanical_eject': False, 'num_attempts': 0}
2022-10-06 15:34:49,810 : INFO : ball_device.bd_top_vuk : State: waiting_for_target_ready
2022-10-06 15:34:49,810 : INFO : EventManager : Event: ======'balldevice_bd_top_vuk_ball_eject_attempt'====== Args={'balls': 1, 'target': <playfield.playfield>, 'source': <ball_device.bd_top_vuk>, 'mechanical_eject': False, 'num_attempts': 0}
2022-10-06 15:34:49,810 : INFO : ball_device.bd_top_vuk : State: ejecting
2022-10-06 15:34:49,810 : INFO : ball_device.bd_top_vuk : Ejecting ball to <playfield.playfield>
2022-10-06 15:34:49,811 : INFO : EventManager : Event: ======'balldevice_bd_top_vuk_ejecting_ball'====== Args={'balls': 1, 'target': <playfield.playfield>, 'source': <ball_device.bd_top_vuk>, 'mechanical_eject': False, 'num_attempts': 0}
2022-10-06 15:34:49,811 : INFO : ball_device.bd_right_vuk : State: ejecting
2022-10-06 15:34:49,811 : INFO : ball_device.bd_right_vuk : Ejecting ball to <playfield.playfield>
2022-10-06 15:34:49,812 : INFO : EventManager : Event: ======'balldevice_bd_right_vuk_ejecting_ball'====== Args={'balls': 1, 'target': <playfield.playfield>, 'source': <ball_device.bd_right_vuk>, 'mechanical_eject': False, 'num_attempts': 0}
2022-10-06 15:34:49,812 : INFO : ball_device.bd_bot_vuk : State: ejecting
2022-10-06 15:34:49,812 : INFO : ball_device.bd_bot_vuk : Ejecting ball to <playfield.playfield>
2022-10-06 15:34:49,812 : INFO : EventManager : Event: ======'balldevice_bd_bot_vuk_ejecting_ball'====== Args={'balls': 1, 'target': <playfield.playfield>, 'source': <ball_device.bd_bot_vuk>, 'mechanical_eject': False, 'num_attempts': 0}
2022-10-06 15:34:49,823 : INFO : ball_device.bd_bot_vuk : Wait for ball to leave device
2022-10-06 15:34:49,824 : INFO : coil.c_bot_vuk : Pulsing Driver for 10ms (1.0 pulse_power)
2022-10-06 15:34:49,824 : INFO : ball_device.bd_right_vuk : Wait for ball to leave device
2022-10-06 15:34:49,824 : INFO : ball_device.bd_top_vuk : Wait for ball to leave device
2022-10-06 15:34:49,837 : INFO : coil.c_right_vuk : Pulsing Driver for 10ms (1.0 pulse_power)
2022-10-06 15:34:49,853 : INFO : coil.c_top_vuk : Pulsing Driver for 10ms (1.0 pulse_power)
2022-10-06 15:34:51,818 : INFO : EventManager : Event: ======'balldevice_bd_top_vuk_ball_eject_failed'====== Args={'target': <playfield.playfield>, 'balls': 1, 'retry': True, 'num_attempts': 1}
2022-10-06 15:34:51,819 : INFO : EventManager : Event: ======'balldevice_bd_right_vuk_ball_eject_failed'====== Args={'target': <playfield.playfield>, 'balls': 1, 'retry': True, 'num_attempts': 1}
2022-10-06 15:34:51,819 : INFO : EventManager : Event: ======'balldevice_bd_bot_vuk_ball_eject_failed'====== Args={'target': <playfield.playfield>, 'balls': 1, 'retry': True, 'num_attempts': 1}
2022-10-06 15:34:51,823 : INFO : ball_device.bd_top_vuk : State: waiting_for_target_ready
2022-10-06 15:34:51,824 : INFO : EventManager : Event: ======'balldevice_bd_top_vuk_ball_eject_attempt'====== Args={'balls': 1, 'target': <playfield.playfield>, 'source': <ball_device.bd_top_vuk>, 'mechanical_eject': False, 'num_attempts': 1}
2022-10-06 15:34:51,824 : INFO : ball_device.bd_right_vuk : State: waiting_for_target_ready
2022-10-06 15:34:51,824 : INFO : EventManager : Event: ======'balldevice_bd_right_vuk_ball_eject_attempt'====== Args={'balls': 1, 'target': <playfield.playfield>, 'source': <ball_device.bd_right_vuk>, 'mechanical_eject': False, 'num_attempts': 1}
2022-10-06 15:34:51,824 : INFO : ball_device.bd_bot_vuk : State: waiting_for_target_ready
2022-10-06 15:34:51,824 : INFO : EventManager : Event: ======'balldevice_bd_bot_vuk_ball_eject_attempt'====== Args={'balls': 1, 'target': <playfield.playfield>, 'source': <ball_device.bd_bot_vuk>, 'mechanical_eject': False, 'num_attempts': 1}
2022-10-06 15:34:51,825 : INFO : ball_device.bd_bot_vuk : State: ejecting
2022-10-06 15:34:51,825 : INFO : ball_device.bd_bot_vuk : Ejecting ball to <playfield.playfield>
2022-10-06 15:34:51,825 : INFO : EventManager : Event: ======'balldevice_bd_bot_vuk_ejecting_ball'====== Args={'balls': 1, 'target': <playfield.playfield>, 'source': <ball_device.bd_bot_vuk>, 'mechanical_eject': False, 'num_attempts': 1}
2022-10-06 15:34:51,825 : INFO : ball_device.bd_right_vuk : State: ejecting
2022-10-06 15:34:51,825 : INFO : ball_device.bd_right_vuk : Ejecting ball to <playfield.playfield>
2022-10-06 15:34:51,826 : INFO : EventManager : Event: ======'balldevice_bd_right_vuk_ejecting_ball'====== Args={'balls': 1, 'target': <playfield.playfield>, 'source': <ball_device.bd_right_vuk>, 'mechanical_eject': False, 'num_attempts': 1}
2022-10-06 15:34:51,826 : INFO : ball_device.bd_top_vuk : State: ejecting
2022-10-06 15:34:51,826 : INFO : ball_device.bd_top_vuk : Ejecting ball to <playfield.playfield>
2022-10-06 15:34:51,826 : INFO : EventManager : Event: ======'balldevice_bd_top_vuk_ejecting_ball'====== Args={'balls': 1, 'target': <playfield.playfield>, 'source': <ball_device.bd_top_vuk>, 'mechanical_eject': False, 'num_attempts': 1}
2022-10-06 15:34:51,827 : INFO : ball_device.bd_top_vuk : Wait for ball to leave device
2022-10-06 15:34:51,827 : INFO : coil.c_top_vuk : Pulsing Driver for 10ms (1.0 pulse_power)
2022-10-06 15:34:51,827 : INFO : ball_device.bd_right_vuk : Wait for ball to leave device
2022-10-06 15:34:51,827 : INFO : ball_device.bd_bot_vuk : Wait for ball to leave device
2022-10-06 15:34:51,834 : INFO : coil.c_right_vuk : Pulsing Driver for 10ms (1.0 pulse_power)
2022-10-06 15:34:51,850 : INFO : coil.c_bot_vuk : Pulsing Driver for 10ms (1.0 pulse_power)
2022-10-06 15:34:53,826 : INFO : EventManager : Event: ======'balldevice_bd_right_vuk_ball_eject_failed'====== Args={'target': <playfield.playfield>, 'balls': 1, 'retry': True, 'num_attempts': 2}
2022-10-06 15:34:53,827 : INFO : EventManager : Event: ======'balldevice_bd_top_vuk_ball_eject_failed'====== Args={'target': <playfield.playfield>, 'balls': 1, 'retry': True, 'num_attempts': 2}
2022-10-06 15:34:53,827 : INFO : EventManager : Event: ======'balldevice_bd_bot_vuk_ball_eject_failed'====== Args={'target': <playfield.playfield>, 'balls': 1, 'retry': True, 'num_attempts': 2}
2022-10-06 15:34:53,831 : INFO : ball_device.bd_right_vuk : State: waiting_for_target_ready
2022-10-06 15:34:53,832 : INFO : EventManager : Event: ======'balldevice_bd_right_vuk_ball_eject_attempt'====== Args={'balls': 1, 'target': <playfield.playfield>, 'source': <ball_device.bd_right_vuk>, 'mechanical_eject': False, 'num_attempts': 2}
2022-10-06 15:34:53,832 : INFO : ball_device.bd_top_vuk : State: waiting_for_target_ready
2022-10-06 15:34:53,832 : INFO : EventManager : Event: ======'balldevice_bd_top_vuk_ball_eject_attempt'====== Args={'balls': 1, 'target': <playfield.playfield>, 'source': <ball_device.bd_top_vuk>, 'mechanical_eject': False, 'num_attempts': 2}
2022-10-06 15:34:53,832 : INFO : ball_device.bd_bot_vuk : State: waiting_for_target_ready
2022-10-06 15:34:53,833 : INFO : EventManager : Event: ======'balldevice_bd_bot_vuk_ball_eject_attempt'====== Args={'balls': 1, 'target': <playfield.playfield>, 'source': <ball_device.bd_bot_vuk>, 'mechanical_eject': False, 'num_attempts': 2}
2022-10-06 15:34:53,833 : INFO : ball_device.bd_bot_vuk : State: ejecting
2022-10-06 15:34:53,833 : INFO : ball_device.bd_bot_vuk : Ejecting ball to <playfield.playfield>
2022-10-06 15:34:53,833 : INFO : EventManager : Event: ======'balldevice_bd_bot_vuk_ejecting_ball'====== Args={'balls': 1, 'target': <playfield.playfield>, 'source': <ball_device.bd_bot_vuk>, 'mechanical_eject': False, 'num_attempts': 2}
2022-10-06 15:34:53,833 : INFO : ball_device.bd_top_vuk : State: ejecting
2022-10-06 15:34:53,834 : INFO : ball_device.bd_top_vuk : Ejecting ball to <playfield.playfield>
2022-10-06 15:34:53,834 : INFO : EventManager : Event: ======'balldevice_bd_top_vuk_ejecting_ball'====== Args={'balls': 1, 'target': <playfield.playfield>, 'source': <ball_device.bd_top_vuk>, 'mechanical_eject': False, 'num_attempts': 2}
2022-10-06 15:34:53,834 : INFO : ball_device.bd_right_vuk : State: ejecting
2022-10-06 15:34:53,834 : INFO : ball_device.bd_right_vuk : Ejecting ball to <playfield.playfield>
2022-10-06 15:34:53,834 : INFO : EventManager : Event: ======'balldevice_bd_right_vuk_ejecting_ball'====== Args={'balls': 1, 'target': <playfield.playfield>, 'source': <ball_device.bd_right_vuk>, 'mechanical_eject': False, 'num_attempts': 2}
2022-10-06 15:34:53,835 : INFO : ball_device.bd_right_vuk : Wait for ball to leave device
2022-10-06 15:34:53,835 : INFO : coil.c_right_vuk : Pulsing Driver for 10ms (1.0 pulse_power)
2022-10-06 15:34:53,835 : INFO : ball_device.bd_top_vuk : Wait for ball to leave device
2022-10-06 15:34:53,836 : INFO : ball_device.bd_bot_vuk : Wait for ball to leave device
2022-10-06 15:34:53,858 : INFO : coil.c_top_vuk : Pulsing Driver for 10ms (1.0 pulse_power)
2022-10-06 15:34:53,874 : INFO : coil.c_bot_vuk : Pulsing Driver for 10ms (1.0 pulse_power)
2022-10-06 15:34:55,840 : INFO : EventManager : Event: ======'balldevice_bd_bot_vuk_ball_eject_failed'====== Args={'target': <playfield.playfield>, 'balls': 1, 'retry': True, 'num_attempts': 3}
2022-10-06 15:34:55,840 : INFO : EventManager : Event: ======'balldevice_bd_right_vuk_ball_eject_failed'====== Args={'target': <playfield.playfield>, 'balls': 1, 'retry': True, 'num_attempts': 3}
2022-10-06 15:34:55,841 : INFO : EventManager : Event: ======'balldevice_bd_top_vuk_ball_eject_failed'====== Args={'target': <playfield.playfield>, 'balls': 1, 'retry': True, 'num_attempts': 3}
2022-10-06 15:34:55,842 : INFO : ball_device.bd_right_vuk : State: waiting_for_target_ready
2022-10-06 15:34:55,842 : INFO : EventManager : Event: ======'balldevice_bd_right_vuk_ball_eject_attempt'====== Args={'balls': 1, 'target': <playfield.playfield>, 'source': <ball_device.bd_right_vuk>, 'mechanical_eject': False, 'num_attempts': 3}
2022-10-06 15:34:55,843 : INFO : ball_device.bd_top_vuk : State: waiting_for_target_ready
2022-10-06 15:34:55,843 : INFO : EventManager : Event: ======'balldevice_bd_top_vuk_ball_eject_attempt'====== Args={'balls': 1, 'target': <playfield.playfield>, 'source': <ball_device.bd_top_vuk>, 'mechanical_eject': False, 'num_attempts': 3}
2022-10-06 15:34:55,843 : INFO : ball_device.bd_bot_vuk : State: waiting_for_target_ready
2022-10-06 15:34:55,844 : INFO : EventManager : Event: ======'balldevice_bd_bot_vuk_ball_eject_attempt'====== Args={'balls': 1, 'target': <playfield.playfield>, 'source': <ball_device.bd_bot_vuk>, 'mechanical_eject': False, 'num_attempts': 3}
2022-10-06 15:34:55,844 : INFO : ball_device.bd_bot_vuk : State: ejecting
2022-10-06 15:34:55,844 : INFO : ball_device.bd_bot_vuk : Ejecting ball to <playfield.playfield>
2022-10-06 15:34:55,844 : INFO : EventManager : Event: ======'balldevice_bd_bot_vuk_ejecting_ball'====== Args={'balls': 1, 'target': <playfield.playfield>, 'source': <ball_device.bd_bot_vuk>, 'mechanical_eject': False, 'num_attempts': 3}
2022-10-06 15:34:55,844 : INFO : ball_device.bd_top_vuk : State: ejecting
2022-10-06 15:34:55,845 : INFO : ball_device.bd_top_vuk : Ejecting ball to <playfield.playfield>
2022-10-06 15:34:55,845 : INFO : EventManager : Event: ======'balldevice_bd_top_vuk_ejecting_ball'====== Args={'balls': 1, 'target': <playfield.playfield>, 'source': <ball_device.bd_top_vuk>, 'mechanical_eject': False, 'num_attempts': 3}
2022-10-06 15:34:55,845 : INFO : ball_device.bd_right_vuk : State: ejecting
2022-10-06 15:34:55,845 : INFO : ball_device.bd_right_vuk : Ejecting ball to <playfield.playfield>
2022-10-06 15:34:55,845 : INFO : EventManager : Event: ======'balldevice_bd_right_vuk_ejecting_ball'====== Args={'balls': 1, 'target': <playfield.playfield>, 'source': <ball_device.bd_right_vuk>, 'mechanical_eject': False, 'num_attempts': 3}
2022-10-06 15:34:55,846 : INFO : ball_device.bd_right_vuk : Wait for ball to leave device
2022-10-06 15:34:55,846 : INFO : coil.c_right_vuk : Pulsing Driver for 10ms (1.0 pulse_power)
2022-10-06 15:34:55,847 : INFO : ball_device.bd_top_vuk : Wait for ball to leave device
2022-10-06 15:34:55,847 : INFO : ball_device.bd_bot_vuk : Wait for ball to leave device
2022-10-06 15:34:55,872 : INFO : coil.c_top_vuk : Pulsing Driver for 10ms (1.0 pulse_power)
2022-10-06 15:34:55,888 : INFO : coil.c_bot_vuk : Pulsing Driver for 10ms (1.0 pulse_power)
2022-10-06 15:34:57,833 : INFO : EventManager : Event: ======'balldevice_bd_right_vuk_ball_eject_failed'====== Args={'target': <playfield.playfield>, 'balls': 1, 'retry': True, 'num_attempts': 4}
2022-10-06 15:34:57,833 : INFO : EventManager : Event: ======'balldevice_bd_bot_vuk_ball_eject_failed'====== Args={'target': <playfield.playfield>, 'balls': 1, 'retry': True, 'num_attempts': 4}
2022-10-06 15:34:57,834 : INFO : EventManager : Event: ======'balldevice_bd_top_vuk_ball_eject_failed'====== Args={'target': <playfield.playfield>, 'balls': 1, 'retry': True, 'num_attempts': 4}
2022-10-06 15:34:57,835 : INFO : ball_device.bd_bot_vuk : State: waiting_for_target_ready
2022-10-06 15:34:57,835 : INFO : EventManager : Event: ======'balldevice_bd_bot_vuk_ball_eject_attempt'====== Args={'balls': 1, 'target': <playfield.playfield>, 'source': <ball_device.bd_bot_vuk>, 'mechanical_eject': False, 'num_attempts': 4}
2022-10-06 15:34:57,835 : INFO : ball_device.bd_top_vuk : State: waiting_for_target_ready
2022-10-06 15:34:57,836 : INFO : EventManager : Event: ======'balldevice_bd_top_vuk_ball_eject_attempt'====== Args={'balls': 1, 'target': <playfield.playfield>, 'source': <ball_device.bd_top_vuk>, 'mechanical_eject': False, 'num_attempts': 4}
2022-10-06 15:34:57,836 : INFO : ball_device.bd_right_vuk : State: waiting_for_target_ready
2022-10-06 15:34:57,836 : INFO : EventManager : Event: ======'balldevice_bd_right_vuk_ball_eject_attempt'====== Args={'balls': 1, 'target': <playfield.playfield>, 'source': <ball_device.bd_right_vuk>, 'mechanical_eject': False, 'num_attempts': 4}
2022-10-06 15:34:57,836 : INFO : ball_device.bd_right_vuk : State: ejecting
2022-10-06 15:34:57,837 : INFO : ball_device.bd_right_vuk : Ejecting ball to <playfield.playfield>
2022-10-06 15:34:57,837 : INFO : EventManager : Event: ======'balldevice_bd_right_vuk_ejecting_ball'====== Args={'balls': 1, 'target': <playfield.playfield>, 'source': <ball_device.bd_right_vuk>, 'mechanical_eject': False, 'num_attempts': 4}
2022-10-06 15:34:57,837 : INFO : ball_device.bd_top_vuk : State: ejecting
2022-10-06 15:34:57,837 : INFO : ball_device.bd_top_vuk : Ejecting ball to <playfield.playfield>
2022-10-06 15:34:57,837 : INFO : EventManager : Event: ======'balldevice_bd_top_vuk_ejecting_ball'====== Args={'balls': 1, 'target': <playfield.playfield>, 'source': <ball_device.bd_top_vuk>, 'mechanical_eject': False, 'num_attempts': 4}
2022-10-06 15:34:57,837 : INFO : ball_device.bd_bot_vuk : State: ejecting
2022-10-06 15:34:57,838 : INFO : ball_device.bd_bot_vuk : Ejecting ball to <playfield.playfield>
2022-10-06 15:34:57,838 : INFO : EventManager : Event: ======'balldevice_bd_bot_vuk_ejecting_ball'====== Args={'balls': 1, 'target': <playfield.playfield>, 'source': <ball_device.bd_bot_vuk>, 'mechanical_eject': False, 'num_attempts': 4}
2022-10-06 15:34:57,839 : INFO : ball_device.bd_bot_vuk : Wait for ball to leave device
2022-10-06 15:34:57,839 : INFO : coil.c_bot_vuk : Pulsing Driver for 10ms (1.0 pulse_power)
2022-10-06 15:34:57,839 : INFO : ball_device.bd_top_vuk : Wait for ball to leave device
2022-10-06 15:34:57,839 : INFO : ball_device.bd_right_vuk : Wait for ball to leave device
2022-10-06 15:34:57,849 : INFO : coil.c_top_vuk : Pulsing Driver for 10ms (1.0 pulse_power)
2022-10-06 15:34:57,865 : INFO : coil.c_right_vuk : Pulsing Driver for 10ms (1.0 pulse_power)
2022-10-06 15:34:59,832 : INFO : EventManager : Event: ======'balldevice_bd_top_vuk_ball_eject_failed'====== Args={'target': <playfield.playfield>, 'balls': 1, 'retry': True, 'num_attempts': 5}
2022-10-06 15:34:59,832 : INFO : EventManager : Event: ======'balldevice_bd_bot_vuk_ball_eject_failed'====== Args={'target': <playfield.playfield>, 'balls': 1, 'retry': True, 'num_attempts': 5}
2022-10-06 15:34:59,833 : INFO : EventManager : Event: ======'balldevice_bd_right_vuk_ball_eject_failed'====== Args={'target': <playfield.playfield>, 'balls': 1, 'retry': True, 'num_attempts': 5}
2022-10-06 15:34:59,834 : INFO : ball_device.bd_bot_vuk : State: waiting_for_target_ready
2022-10-06 15:34:59,834 : INFO : EventManager : Event: ======'balldevice_bd_bot_vuk_ball_eject_attempt'====== Args={'balls': 1, 'target': <playfield.playfield>, 'source': <ball_device.bd_bot_vuk>, 'mechanical_eject': False, 'num_attempts': 5}
2022-10-06 15:34:59,834 : INFO : ball_device.bd_right_vuk : State: waiting_for_target_ready
2022-10-06 15:34:59,835 : INFO : EventManager : Event: ======'balldevice_bd_right_vuk_ball_eject_attempt'====== Args={'balls': 1, 'target': <playfield.playfield>, 'source': <ball_device.bd_right_vuk>, 'mechanical_eject': False, 'num_attempts': 5}
2022-10-06 15:34:59,835 : INFO : ball_device.bd_top_vuk : State: waiting_for_target_ready
2022-10-06 15:34:59,835 : INFO : EventManager : Event: ======'balldevice_bd_top_vuk_ball_eject_attempt'====== Args={'balls': 1, 'target': <playfield.playfield>, 'source': <ball_device.bd_top_vuk>, 'mechanical_eject': False, 'num_attempts': 5}
2022-10-06 15:34:59,835 : INFO : ball_device.bd_top_vuk : State: ejecting
2022-10-06 15:34:59,836 : INFO : ball_device.bd_top_vuk : Ejecting ball to <playfield.playfield>
2022-10-06 15:34:59,836 : INFO : EventManager : Event: ======'balldevice_bd_top_vuk_ejecting_ball'====== Args={'balls': 1, 'target': <playfield.playfield>, 'source': <ball_device.bd_top_vuk>, 'mechanical_eject': False, 'num_attempts': 5}
2022-10-06 15:34:59,836 : INFO : ball_device.bd_right_vuk : State: ejecting
2022-10-06 15:34:59,836 : INFO : ball_device.bd_right_vuk : Ejecting ball to <playfield.playfield>
2022-10-06 15:34:59,836 : INFO : EventManager : Event: ======'balldevice_bd_right_vuk_ejecting_ball'====== Args={'balls': 1, 'target': <playfield.playfield>, 'source': <ball_device.bd_right_vuk>, 'mechanical_eject': False, 'num_attempts': 5}
2022-10-06 15:34:59,836 : INFO : ball_device.bd_bot_vuk : State: ejecting
2022-10-06 15:34:59,837 : INFO : ball_device.bd_bot_vuk : Ejecting ball to <playfield.playfield>
2022-10-06 15:34:59,837 : INFO : EventManager : Event: ======'balldevice_bd_bot_vuk_ejecting_ball'====== Args={'balls': 1, 'target': <playfield.playfield>, 'source': <ball_device.bd_bot_vuk>, 'mechanical_eject': False, 'num_attempts': 5}
2022-10-06 15:34:59,838 : INFO : ball_device.bd_bot_vuk : Wait for ball to leave device
2022-10-06 15:34:59,838 : INFO : coil.c_bot_vuk : Pulsing Driver for 10ms (1.0 pulse_power)
2022-10-06 15:34:59,838 : INFO : ball_device.bd_right_vuk : Wait for ball to leave device
2022-10-06 15:34:59,838 : INFO : ball_device.bd_top_vuk : Wait for ball to leave device
2022-10-06 15:34:59,860 : INFO : coil.c_right_vuk : Pulsing Driver for 10ms (1.0 pulse_power)
2022-10-06 15:34:59,861 : INFO : coil.c_top_vuk : Pulsing Driver for 10ms (1.0 pulse_power)
2022-10-06 15:35:01,830 : INFO : EventManager : Event: ======'balldevice_bd_right_vuk_ball_eject_failed'====== Args={'target': <playfield.playfield>, 'balls': 1, 'retry': True, 'num_attempts': 6}
2022-10-06 15:35:01,830 : INFO : EventManager : Event: ======'balldevice_bd_bot_vuk_ball_eject_failed'====== Args={'target': <playfield.playfield>, 'balls': 1, 'retry': True, 'num_attempts': 6}
2022-10-06 15:35:01,831 : INFO : EventManager : Event: ======'balldevice_bd_top_vuk_ball_eject_failed'====== Args={'target': <playfield.playfield>, 'balls': 1, 'retry': True, 'num_attempts': 6}
2022-10-06 15:35:01,832 : INFO : ball_device.bd_bot_vuk : State: waiting_for_target_ready
2022-10-06 15:35:01,832 : INFO : EventManager : Event: ======'balldevice_bd_bot_vuk_ball_eject_attempt'====== Args={'balls': 1, 'target': <playfield.playfield>, 'source': <ball_device.bd_bot_vuk>, 'mechanical_eject': False, 'num_attempts': 6}
2022-10-06 15:35:01,833 : INFO : ball_device.bd_top_vuk : State: waiting_for_target_ready
2022-10-06 15:35:01,833 : INFO : EventManager : Event: ======'balldevice_bd_top_vuk_ball_eject_attempt'====== Args={'balls': 1, 'target': <playfield.playfield>, 'source': <ball_device.bd_top_vuk>, 'mechanical_eject': False, 'num_attempts': 6}
2022-10-06 15:35:01,833 : INFO : ball_device.bd_right_vuk : State: waiting_for_target_ready
2022-10-06 15:35:01,834 : INFO : EventManager : Event: ======'balldevice_bd_right_vuk_ball_eject_attempt'====== Args={'balls': 1, 'target': <playfield.playfield>, 'source': <ball_device.bd_right_vuk>, 'mechanical_eject': False, 'num_attempts': 6}
2022-10-06 15:35:01,834 : INFO : ball_device.bd_right_vuk : State: ejecting
2022-10-06 15:35:01,834 : INFO : ball_device.bd_right_vuk : Ejecting ball to <playfield.playfield>
2022-10-06 15:35:01,834 : INFO : EventManager : Event: ======'balldevice_bd_right_vuk_ejecting_ball'====== Args={'balls': 1, 'target': <playfield.playfield>, 'source': <ball_device.bd_right_vuk>, 'mechanical_eject': False, 'num_attempts': 6}
2022-10-06 15:35:01,835 : INFO : ball_device.bd_top_vuk : State: ejecting
2022-10-06 15:35:01,835 : INFO : ball_device.bd_top_vuk : Ejecting ball to <playfield.playfield>
2022-10-06 15:35:01,835 : INFO : EventManager : Event: ======'balldevice_bd_top_vuk_ejecting_ball'====== Args={'balls': 1, 'target': <playfield.playfield>, 'source': <ball_device.bd_top_vuk>, 'mechanical_eject': False, 'num_attempts': 6}
2022-10-06 15:35:01,835 : INFO : ball_device.bd_bot_vuk : State: ejecting
2022-10-06 15:35:01,835 : INFO : ball_device.bd_bot_vuk : Ejecting ball to <playfield.playfield>
2022-10-06 15:35:01,835 : INFO : EventManager : Event: ======'balldevice_bd_bot_vuk_ejecting_ball'====== Args={'balls': 1, 'target': <playfield.playfield>, 'source': <ball_device.bd_bot_vuk>, 'mechanical_eject': False, 'num_attempts': 6}
2022-10-06 15:35:01,836 : INFO : ball_device.bd_bot_vuk : Wait for ball to leave device
2022-10-06 15:35:01,836 : INFO : coil.c_bot_vuk : Pulsing Driver for 10ms (1.0 pulse_power)
2022-10-06 15:35:01,837 : INFO : ball_device.bd_top_vuk : Wait for ball to leave device
2022-10-06 15:35:01,837 : INFO : ball_device.bd_right_vuk : Wait for ball to leave device
2022-10-06 15:35:01,858 : INFO : coil.c_top_vuk : Pulsing Driver for 10ms (1.0 pulse_power)
2022-10-06 15:35:01,874 : INFO : coil.c_right_vuk : Pulsing Driver for 10ms (1.0 pulse_power)
2022-10-06 15:35:03,835 : INFO : EventManager : Event: ======'balldevice_bd_top_vuk_ball_eject_failed'====== Args={'target': <playfield.playfield>, 'balls': 1, 'retry': True, 'num_attempts': 7}
2022-10-06 15:35:03,836 : INFO : EventManager : Event: ======'balldevice_bd_bot_vuk_ball_eject_failed'====== Args={'target': <playfield.playfield>, 'balls': 1, 'retry': True, 'num_attempts': 7}
2022-10-06 15:35:03,836 : INFO : EventManager : Event: ======'balldevice_bd_right_vuk_ball_eject_failed'====== Args={'target': <playfield.playfield>, 'balls': 1, 'retry': True, 'num_attempts': 7}
2022-10-06 15:35:03,837 : INFO : ball_device.bd_bot_vuk : State: waiting_for_target_ready
2022-10-06 15:35:03,838 : INFO : EventManager : Event: ======'balldevice_bd_bot_vuk_ball_eject_attempt'====== Args={'balls': 1, 'target': <playfield.playfield>, 'source': <ball_device.bd_bot_vuk>, 'mechanical_eject': False, 'num_attempts': 7}
2022-10-06 15:35:03,838 : INFO : ball_device.bd_right_vuk : State: waiting_for_target_ready
2022-10-06 15:35:03,838 : INFO : EventManager : Event: ======'balldevice_bd_right_vuk_ball_eject_attempt'====== Args={'balls': 1, 'target': <playfield.playfield>, 'source': <ball_device.bd_right_vuk>, 'mechanical_eject': False, 'num_attempts': 7}
2022-10-06 15:35:03,838 : INFO : ball_device.bd_top_vuk : State: waiting_for_target_ready
2022-10-06 15:35:03,839 : INFO : EventManager : Event: ======'balldevice_bd_top_vuk_ball_eject_attempt'====== Args={'balls': 1, 'target': <playfield.playfield>, 'source': <ball_device.bd_top_vuk>, 'mechanical_eject': False, 'num_attempts': 7}
2022-10-06 15:35:03,839 : INFO : ball_device.bd_top_vuk : State: ejecting
2022-10-06 15:35:03,839 : INFO : ball_device.bd_top_vuk : Ejecting ball to <playfield.playfield>
2022-10-06 15:35:03,839 : INFO : EventManager : Event: ======'balldevice_bd_top_vuk_ejecting_ball'====== Args={'balls': 1, 'target': <playfield.playfield>, 'source': <ball_device.bd_top_vuk>, 'mechanical_eject': False, 'num_attempts': 7}
2022-10-06 15:35:03,839 : INFO : ball_device.bd_right_vuk : State: ejecting
2022-10-06 15:35:03,840 : INFO : ball_device.bd_right_vuk : Ejecting ball to <playfield.playfield>
2022-10-06 15:35:03,840 : INFO : EventManager : Event: ======'balldevice_bd_right_vuk_ejecting_ball'====== Args={'balls': 1, 'target': <playfield.playfield>, 'source': <ball_device.bd_right_vuk>, 'mechanical_eject': False, 'num_attempts': 7}
2022-10-06 15:35:03,840 : INFO : ball_device.bd_bot_vuk : State: ejecting
2022-10-06 15:35:03,840 : INFO : ball_device.bd_bot_vuk : Ejecting ball to <playfield.playfield>
2022-10-06 15:35:03,840 : INFO : EventManager : Event: ======'balldevice_bd_bot_vuk_ejecting_ball'====== Args={'balls': 1, 'target': <playfield.playfield>, 'source': <ball_device.bd_bot_vuk>, 'mechanical_eject': False, 'num_attempts': 7}
2022-10-06 15:35:03,841 : INFO : ball_device.bd_bot_vuk : Wait for ball to leave device
2022-10-06 15:35:03,841 : INFO : coil.c_bot_vuk : Pulsing Driver for 10ms (1.0 pulse_power)
2022-10-06 15:35:03,841 : INFO : ball_device.bd_right_vuk : Wait for ball to leave device
2022-10-06 15:35:03,841 : INFO : ball_device.bd_top_vuk : Wait for ball to leave device
2022-10-06 15:35:03,850 : INFO : coil.c_right_vuk : Pulsing Driver for 10ms (1.0 pulse_power)
2022-10-06 15:35:03,866 : INFO : coil.c_top_vuk : Pulsing Driver for 10ms (1.0 pulse_power)
2022-10-06 15:35:05,837 : INFO : EventManager : Event: ======'balldevice_bd_right_vuk_ball_eject_failed'====== Args={'target': <playfield.playfield>, 'balls': 1, 'retry': True, 'num_attempts': 8}
2022-10-06 15:35:05,837 : INFO : EventManager : Event: ======'balldevice_bd_bot_vuk_ball_eject_failed'====== Args={'target': <playfield.playfield>, 'balls': 1, 'retry': True, 'num_attempts': 8}
2022-10-06 15:35:05,838 : INFO : EventManager : Event: ======'balldevice_bd_top_vuk_ball_eject_failed'====== Args={'target': <playfield.playfield>, 'balls': 1, 'retry': True, 'num_attempts': 8}
2022-10-06 15:35:05,839 : INFO : ball_device.bd_bot_vuk : State: waiting_for_target_ready
2022-10-06 15:35:05,839 : INFO : EventManager : Event: ======'balldevice_bd_bot_vuk_ball_eject_attempt'====== Args={'balls': 1, 'target': <playfield.playfield>, 'source': <ball_device.bd_bot_vuk>, 'mechanical_eject': False, 'num_attempts': 8}
2022-10-06 15:35:05,839 : INFO : ball_device.bd_top_vuk : State: waiting_for_target_ready
2022-10-06 15:35:05,840 : INFO : EventManager : Event: ======'balldevice_bd_top_vuk_ball_eject_attempt'====== Args={'balls': 1, 'target': <playfield.playfield>, 'source': <ball_device.bd_top_vuk>, 'mechanical_eject': False, 'num_attempts': 8}
2022-10-06 15:35:05,840 : INFO : ball_device.bd_right_vuk : State: waiting_for_target_ready
2022-10-06 15:35:05,840 : INFO : EventManager : Event: ======'balldevice_bd_right_vuk_ball_eject_attempt'====== Args={'balls': 1, 'target': <playfield.playfield>, 'source': <ball_device.bd_right_vuk>, 'mechanical_eject': False, 'num_attempts': 8}
2022-10-06 15:35:05,840 : INFO : ball_device.bd_right_vuk : State: ejecting
2022-10-06 15:35:05,841 : INFO : ball_device.bd_right_vuk : Ejecting ball to <playfield.playfield>
2022-10-06 15:35:05,841 : INFO : EventManager : Event: ======'balldevice_bd_right_vuk_ejecting_ball'====== Args={'balls': 1, 'target': <playfield.playfield>, 'source': <ball_device.bd_right_vuk>, 'mechanical_eject': False, 'num_attempts': 8}
2022-10-06 15:35:05,841 : INFO : ball_device.bd_top_vuk : State: ejecting
2022-10-06 15:35:05,841 : INFO : ball_device.bd_top_vuk : Ejecting ball to <playfield.playfield>
2022-10-06 15:35:05,841 : INFO : EventManager : Event: ======'balldevice_bd_top_vuk_ejecting_ball'====== Args={'balls': 1, 'target': <playfield.playfield>, 'source': <ball_device.bd_top_vuk>, 'mechanical_eject': False, 'num_attempts': 8}
2022-10-06 15:35:05,841 : INFO : ball_device.bd_bot_vuk : State: ejecting
2022-10-06 15:35:05,842 : INFO : ball_device.bd_bot_vuk : Ejecting ball to <playfield.playfield>
2022-10-06 15:35:05,842 : INFO : EventManager : Event: ======'balldevice_bd_bot_vuk_ejecting_ball'====== Args={'balls': 1, 'target': <playfield.playfield>, 'source': <ball_device.bd_bot_vuk>, 'mechanical_eject': False, 'num_attempts': 8}
2022-10-06 15:35:05,843 : INFO : ball_device.bd_bot_vuk : Wait for ball to leave device
2022-10-06 15:35:05,843 : INFO : coil.c_bot_vuk : Pulsing Driver for 10ms (1.0 pulse_power)
2022-10-06 15:35:05,843 : INFO : ball_device.bd_top_vuk : Wait for ball to leave device
2022-10-06 15:35:05,843 : INFO : ball_device.bd_right_vuk : Wait for ball to leave device
2022-10-06 15:35:05,853 : INFO : coil.c_top_vuk : Pulsing Driver for 10ms (1.0 pulse_power)
2022-10-06 15:35:05,869 : INFO : coil.c_right_vuk : Pulsing Driver for 10ms (1.0 pulse_power)
2022-10-06 15:35:07,831 : INFO : EventManager : Event: ======'balldevice_bd_top_vuk_ball_eject_failed'====== Args={'target': <playfield.playfield>, 'balls': 1, 'retry': True, 'num_attempts': 9}
2022-10-06 15:35:07,831 : INFO : EventManager : Event: ======'balldevice_bd_right_vuk_ball_eject_failed'====== Args={'target': <playfield.playfield>, 'balls': 1, 'retry': True, 'num_attempts': 9}
2022-10-06 15:35:07,832 : INFO : EventManager : Event: ======'balldevice_bd_bot_vuk_ball_eject_failed'====== Args={'target': <playfield.playfield>, 'balls': 1, 'retry': True, 'num_attempts': 9}
2022-10-06 15:35:07,833 : INFO : ball_device.bd_right_vuk : State: waiting_for_target_ready
2022-10-06 15:35:07,833 : INFO : EventManager : Event: ======'balldevice_bd_right_vuk_ball_eject_attempt'====== Args={'balls': 1, 'target': <playfield.playfield>, 'source': <ball_device.bd_right_vuk>, 'mechanical_eject': False, 'num_attempts': 9}
2022-10-06 15:35:07,833 : INFO : ball_device.bd_bot_vuk : State: waiting_for_target_ready
2022-10-06 15:35:07,834 : INFO : EventManager : Event: ======'balldevice_bd_bot_vuk_ball_eject_attempt'====== Args={'balls': 1, 'target': <playfield.playfield>, 'source': <ball_device.bd_bot_vuk>, 'mechanical_eject': False, 'num_attempts': 9}
2022-10-06 15:35:07,834 : INFO : ball_device.bd_top_vuk : State: waiting_for_target_ready
2022-10-06 15:35:07,834 : INFO : EventManager : Event: ======'balldevice_bd_top_vuk_ball_eject_attempt'====== Args={'balls': 1, 'target': <playfield.playfield>, 'source': <ball_device.bd_top_vuk>, 'mechanical_eject': False, 'num_attempts': 9}
2022-10-06 15:35:07,834 : INFO : ball_device.bd_top_vuk : State: ejecting
2022-10-06 15:35:07,835 : INFO : ball_device.bd_top_vuk : Ejecting ball to <playfield.playfield>
2022-10-06 15:35:07,835 : INFO : EventManager : Event: ======'balldevice_bd_top_vuk_ejecting_ball'====== Args={'balls': 1, 'target': <playfield.playfield>, 'source': <ball_device.bd_top_vuk>, 'mechanical_eject': False, 'num_attempts': 9}
2022-10-06 15:35:07,835 : INFO : ball_device.bd_bot_vuk : State: ejecting
2022-10-06 15:35:07,835 : INFO : ball_device.bd_bot_vuk : Ejecting ball to <playfield.playfield>
2022-10-06 15:35:07,835 : INFO : EventManager : Event: ======'balldevice_bd_bot_vuk_ejecting_ball'====== Args={'balls': 1, 'target': <playfield.playfield>, 'source': <ball_device.bd_bot_vuk>, 'mechanical_eject': False, 'num_attempts': 9}
2022-10-06 15:35:07,835 : INFO : ball_device.bd_right_vuk : State: ejecting
2022-10-06 15:35:07,836 : INFO : ball_device.bd_right_vuk : Ejecting ball to <playfield.playfield>
2022-10-06 15:35:07,836 : INFO : EventManager : Event: ======'balldevice_bd_right_vuk_ejecting_ball'====== Args={'balls': 1, 'target': <playfield.playfield>, 'source': <ball_device.bd_right_vuk>, 'mechanical_eject': False, 'num_attempts': 9}
2022-10-06 15:35:07,837 : INFO : ball_device.bd_right_vuk : Wait for ball to leave device
2022-10-06 15:35:07,837 : INFO : coil.c_right_vuk : Pulsing Driver for 10ms (1.0 pulse_power)
2022-10-06 15:35:07,837 : INFO : ball_device.bd_bot_vuk : Wait for ball to leave device
2022-10-06 15:35:07,837 : INFO : ball_device.bd_top_vuk : Wait for ball to leave device
2022-10-06 15:35:07,847 : INFO : coil.c_bot_vuk : Pulsing Driver for 10ms (1.0 pulse_power)
2022-10-06 15:35:07,863 : INFO : coil.c_top_vuk : Pulsing Driver for 10ms (1.0 pulse_power)
2022-10-06 15:35:09,829 : INFO : EventManager : Event: ======'balldevice_bd_right_vuk_ball_eject_failed'====== Args={'target': <playfield.playfield>, 'balls': 1, 'retry': True, 'num_attempts': 10}
2022-10-06 15:35:09,830 : INFO : EventManager : Event: ======'balldevice_bd_top_vuk_ball_eject_failed'====== Args={'target': <playfield.playfield>, 'balls': 1, 'retry': True, 'num_attempts': 10}
2022-10-06 15:35:09,830 : INFO : EventManager : Event: ======'balldevice_bd_bot_vuk_ball_eject_failed'====== Args={'target': <playfield.playfield>, 'balls': 1, 'retry': True, 'num_attempts': 10}
2022-10-06 15:35:09,832 : INFO : ball_device.bd_top_vuk : State: waiting_for_target_ready
2022-10-06 15:35:09,832 : INFO : EventManager : Event: ======'balldevice_bd_top_vuk_ball_eject_attempt'====== Args={'balls': 1, 'target': <playfield.playfield>, 'source': <ball_device.bd_top_vuk>, 'mechanical_eject': False, 'num_attempts': 10}
2022-10-06 15:35:09,832 : INFO : ball_device.bd_bot_vuk : State: waiting_for_target_ready
2022-10-06 15:35:09,832 : INFO : EventManager : Event: ======'balldevice_bd_bot_vuk_ball_eject_attempt'====== Args={'balls': 1, 'target': <playfield.playfield>, 'source': <ball_device.bd_bot_vuk>, 'mechanical_eject': False, 'num_attempts': 10}
2022-10-06 15:35:09,833 : INFO : ball_device.bd_right_vuk : State: waiting_for_target_ready
2022-10-06 15:35:09,833 : INFO : EventManager : Event: ======'balldevice_bd_right_vuk_ball_eject_attempt'====== Args={'balls': 1, 'target': <playfield.playfield>, 'source': <ball_device.bd_right_vuk>, 'mechanical_eject': False, 'num_attempts': 10}
2022-10-06 15:35:09,833 : INFO : ball_device.bd_right_vuk : State: ejecting
2022-10-06 15:35:09,833 : INFO : ball_device.bd_right_vuk : Ejecting ball to <playfield.playfield>
2022-10-06 15:35:09,834 : INFO : EventManager : Event: ======'balldevice_bd_right_vuk_ejecting_ball'====== Args={'balls': 1, 'target': <playfield.playfield>, 'source': <ball_device.bd_right_vuk>, 'mechanical_eject': False, 'num_attempts': 10}
2022-10-06 15:35:09,834 : INFO : ball_device.bd_bot_vuk : State: ejecting
2022-10-06 15:35:09,834 : INFO : ball_device.bd_bot_vuk : Ejecting ball to <playfield.playfield>
2022-10-06 15:35:09,834 : INFO : EventManager : Event: ======'balldevice_bd_bot_vuk_ejecting_ball'====== Args={'balls': 1, 'target': <playfield.playfield>, 'source': <ball_device.bd_bot_vuk>, 'mechanical_eject': False, 'num_attempts': 10}
2022-10-06 15:35:09,834 : INFO : ball_device.bd_top_vuk : State: ejecting
2022-10-06 15:35:09,834 : INFO : ball_device.bd_top_vuk : Ejecting ball to <playfield.playfield>
2022-10-06 15:35:09,835 : INFO : EventManager : Event: ======'balldevice_bd_top_vuk_ejecting_ball'====== Args={'balls': 1, 'target': <playfield.playfield>, 'source': <ball_device.bd_top_vuk>, 'mechanical_eject': False, 'num_attempts': 10}
2022-10-06 15:35:09,835 : INFO : ball_device.bd_top_vuk : Wait for ball to leave device
2022-10-06 15:35:09,836 : INFO : coil.c_top_vuk : Pulsing Driver for 10ms (1.0 pulse_power)
2022-10-06 15:35:09,836 : INFO : ball_device.bd_bot_vuk : Wait for ball to leave device
2022-10-06 15:35:09,836 : INFO : ball_device.bd_right_vuk : Wait for ball to leave device
2022-10-06 15:35:09,858 : INFO : coil.c_bot_vuk : Pulsing Driver for 10ms (1.0 pulse_power)
2022-10-06 15:35:09,874 : INFO : coil.c_right_vuk : Pulsing Driver for 10ms (1.0 pulse_power)
2022-10-06 15:35:11,829 : INFO : EventManager : Event: ======'balldevice_bd_top_vuk_ball_eject_failed'====== Args={'target': <playfield.playfield>, 'balls': 1, 'retry': True, 'num_attempts': 11}
2022-10-06 15:35:11,829 : INFO : EventManager : Event: ======'balldevice_bd_right_vuk_ball_eject_failed'====== Args={'target': <playfield.playfield>, 'balls': 1, 'retry': True, 'num_attempts': 11}
2022-10-06 15:35:11,830 : INFO : EventManager : Event: ======'balldevice_bd_bot_vuk_ball_eject_failed'====== Args={'target': <playfield.playfield>, 'balls': 1, 'retry': True, 'num_attempts': 11}
2022-10-06 15:35:11,831 : INFO : ball_device.bd_right_vuk : State: waiting_for_target_ready
2022-10-06 15:35:11,831 : INFO : EventManager : Event: ======'balldevice_bd_right_vuk_ball_eject_attempt'====== Args={'balls': 1, 'target': <playfield.playfield>, 'source': <ball_device.bd_right_vuk>, 'mechanical_eject': False, 'num_attempts': 11}
2022-10-06 15:35:11,831 : INFO : ball_device.bd_bot_vuk : State: waiting_for_target_ready
2022-10-06 15:35:11,832 : INFO : EventManager : Event: ======'balldevice_bd_bot_vuk_ball_eject_attempt'====== Args={'balls': 1, 'target': <playfield.playfield>, 'source': <ball_device.bd_bot_vuk>, 'mechanical_eject': False, 'num_attempts': 11}
2022-10-06 15:35:11,832 : INFO : ball_device.bd_top_vuk : State: waiting_for_target_ready
2022-10-06 15:35:11,832 : INFO : EventManager : Event: ======'balldevice_bd_top_vuk_ball_eject_attempt'====== Args={'balls': 1, 'target': <playfield.playfield>, 'source': <ball_device.bd_top_vuk>, 'mechanical_eject': False, 'num_attempts': 11}
2022-10-06 15:35:11,832 : INFO : ball_device.bd_top_vuk : State: ejecting
2022-10-06 15:35:11,833 : INFO : ball_device.bd_top_vuk : Ejecting ball to <playfield.playfield>
2022-10-06 15:35:11,833 : INFO : EventManager : Event: ======'balldevice_bd_top_vuk_ejecting_ball'====== Args={'balls': 1, 'target': <playfield.playfield>, 'source': <ball_device.bd_top_vuk>, 'mechanical_eject': False, 'num_attempts': 11}
2022-10-06 15:35:11,833 : INFO : ball_device.bd_bot_vuk : State: ejecting
2022-10-06 15:35:11,833 : INFO : ball_device.bd_bot_vuk : Ejecting ball to <playfield.playfield>
2022-10-06 15:35:11,833 : INFO : EventManager : Event: ======'balldevice_bd_bot_vuk_ejecting_ball'====== Args={'balls': 1, 'target': <playfield.playfield>, 'source': <ball_device.bd_bot_vuk>, 'mechanical_eject': False, 'num_attempts': 11}
2022-10-06 15:35:11,833 : INFO : ball_device.bd_right_vuk : State: ejecting
2022-10-06 15:35:11,834 : INFO : ball_device.bd_right_vuk : Ejecting ball to <playfield.playfield>
2022-10-06 15:35:11,834 : INFO : EventManager : Event: ======'balldevice_bd_right_vuk_ejecting_ball'====== Args={'balls': 1, 'target': <playfield.playfield>, 'source': <ball_device.bd_right_vuk>, 'mechanical_eject': False, 'num_attempts': 11}
2022-10-06 15:35:11,835 : INFO : ball_device.bd_right_vuk : Wait for ball to leave device
2022-10-06 15:35:11,835 : INFO : coil.c_right_vuk : Pulsing Driver for 10ms (1.0 pulse_power)
2022-10-06 15:35:11,835 : INFO : ball_device.bd_bot_vuk : Wait for ball to leave device
2022-10-06 15:35:11,835 : INFO : ball_device.bd_top_vuk : Wait for ball to leave device
2022-10-06 15:35:11,844 : INFO : coil.c_bot_vuk : Pulsing Driver for 10ms (1.0 pulse_power)
2022-10-06 15:35:11,860 : INFO : coil.c_top_vuk : Pulsing Driver for 10ms (1.0 pulse_power)
2022-10-06 15:35:13,831 : INFO : EventManager : Event: ======'balldevice_bd_right_vuk_ball_eject_failed'====== Args={'target': <playfield.playfield>, 'balls': 1, 'retry': True, 'num_attempts': 12}
2022-10-06 15:35:13,831 : INFO : EventManager : Event: ======'balldevice_bd_top_vuk_ball_eject_failed'====== Args={'target': <playfield.playfield>, 'balls': 1, 'retry': True, 'num_attempts': 12}
2022-10-06 15:35:13,832 : INFO : EventManager : Event: ======'balldevice_bd_bot_vuk_ball_eject_failed'====== Args={'target': <playfield.playfield>, 'balls': 1, 'retry': True, 'num_attempts': 12}
2022-10-06 15:35:13,833 : INFO : ball_device.bd_top_vuk : State: waiting_for_target_ready
2022-10-06 15:35:13,833 : INFO : EventManager : Event: ======'balldevice_bd_top_vuk_ball_eject_attempt'====== Args={'balls': 1, 'target': <playfield.playfield>, 'source': <ball_device.bd_top_vuk>, 'mechanical_eject': False, 'num_attempts': 12}
2022-10-06 15:35:13,833 : INFO : ball_device.bd_bot_vuk : State: waiting_for_target_ready
2022-10-06 15:35:13,834 : INFO : EventManager : Event: ======'balldevice_bd_bot_vuk_ball_eject_attempt'====== Args={'balls': 1, 'target': <playfield.playfield>, 'source': <ball_device.bd_bot_vuk>, 'mechanical_eject': False, 'num_attempts': 12}
2022-10-06 15:35:13,834 : INFO : ball_device.bd_right_vuk : State: waiting_for_target_ready
2022-10-06 15:35:13,834 : INFO : EventManager : Event: ======'balldevice_bd_right_vuk_ball_eject_attempt'====== Args={'balls': 1, 'target': <playfield.playfield>, 'source': <ball_device.bd_right_vuk>, 'mechanical_eject': False, 'num_attempts': 12}
2022-10-06 15:35:13,835 : INFO : ball_device.bd_right_vuk : State: ejecting
2022-10-06 15:35:13,835 : INFO : ball_device.bd_right_vuk : Ejecting ball to <playfield.playfield>
2022-10-06 15:35:13,835 : INFO : EventManager : Event: ======'balldevice_bd_right_vuk_ejecting_ball'====== Args={'balls': 1, 'target': <playfield.playfield>, 'source': <ball_device.bd_right_vuk>, 'mechanical_eject': False, 'num_attempts': 12}
2022-10-06 15:35:13,835 : INFO : ball_device.bd_bot_vuk : State: ejecting
2022-10-06 15:35:13,835 : INFO : ball_device.bd_bot_vuk : Ejecting ball to <playfield.playfield>
2022-10-06 15:35:13,835 : INFO : EventManager : Event: ======'balldevice_bd_bot_vuk_ejecting_ball'====== Args={'balls': 1, 'target': <playfield.playfield>, 'source': <ball_device.bd_bot_vuk>, 'mechanical_eject': False, 'num_attempts': 12}
2022-10-06 15:35:13,836 : INFO : ball_device.bd_top_vuk : State: ejecting
2022-10-06 15:35:13,836 : INFO : ball_device.bd_top_vuk : Ejecting ball to <playfield.playfield>
2022-10-06 15:35:13,836 : INFO : EventManager : Event: ======'balldevice_bd_top_vuk_ejecting_ball'====== Args={'balls': 1, 'target': <playfield.playfield>, 'source': <ball_device.bd_top_vuk>, 'mechanical_eject': False, 'num_attempts': 12}
2022-10-06 15:35:13,837 : INFO : ball_device.bd_top_vuk : Wait for ball to leave device
2022-10-06 15:35:13,837 : INFO : coil.c_top_vuk : Pulsing Driver for 10ms (1.0 pulse_power)
2022-10-06 15:35:13,837 : INFO : ball_device.bd_bot_vuk : Wait for ball to leave device
2022-10-06 15:35:13,837 : INFO : ball_device.bd_right_vuk : Wait for ball to leave device
2022-10-06 15:35:13,859 : INFO : coil.c_bot_vuk : Pulsing Driver for 10ms (1.0 pulse_power)
2022-10-06 15:35:13,875 : INFO : coil.c_right_vuk : Pulsing Driver for 10ms (1.0 pulse_power)
2022-10-06 15:35:15,835 : INFO : EventManager : Event: ======'balldevice_bd_right_vuk_ball_eject_failed'====== Args={'target': <playfield.playfield>, 'balls': 1, 'retry': True, 'num_attempts': 13}
2022-10-06 15:35:15,835 : INFO : EventManager : Event: ======'balldevice_bd_top_vuk_ball_eject_failed'====== Args={'target': <playfield.playfield>, 'balls': 1, 'retry': True, 'num_attempts': 13}
2022-10-06 15:35:15,836 : INFO : EventManager : Event: ======'balldevice_bd_bot_vuk_ball_eject_failed'====== Args={'target': <playfield.playfield>, 'balls': 1, 'retry': True, 'num_attempts': 13}
2022-10-06 15:35:15,837 : INFO : ball_device.bd_top_vuk : State: waiting_for_target_ready
2022-10-06 15:35:15,837 : INFO : EventManager : Event: ======'balldevice_bd_top_vuk_ball_eject_attempt'====== Args={'balls': 1, 'target': <playfield.playfield>, 'source': <ball_device.bd_top_vuk>, 'mechanical_eject': False, 'num_attempts': 13}
2022-10-06 15:35:15,838 : INFO : ball_device.bd_bot_vuk : State: waiting_for_target_ready
2022-10-06 15:35:15,838 : INFO : EventManager : Event: ======'balldevice_bd_bot_vuk_ball_eject_attempt'====== Args={'balls': 1, 'target': <playfield.playfield>, 'source': <ball_device.bd_bot_vuk>, 'mechanical_eject': False, 'num_attempts': 13}
2022-10-06 15:35:15,838 : INFO : ball_device.bd_right_vuk : State: waiting_for_target_ready
2022-10-06 15:35:15,838 : INFO : EventManager : Event: ======'balldevice_bd_right_vuk_ball_eject_attempt'====== Args={'balls': 1, 'target': <playfield.playfield>, 'source': <ball_device.bd_right_vuk>, 'mechanical_eject': False, 'num_attempts': 13}
2022-10-06 15:35:15,839 : INFO : ball_device.bd_right_vuk : State: ejecting
2022-10-06 15:35:15,839 : INFO : ball_device.bd_right_vuk : Ejecting ball to <playfield.playfield>
2022-10-06 15:35:15,839 : INFO : EventManager : Event: ======'balldevice_bd_right_vuk_ejecting_ball'====== Args={'balls': 1, 'target': <playfield.playfield>, 'source': <ball_device.bd_right_vuk>, 'mechanical_eject': False, 'num_attempts': 13}
2022-10-06 15:35:15,839 : INFO : ball_device.bd_bot_vuk : State: ejecting
2022-10-06 15:35:15,839 : INFO : ball_device.bd_bot_vuk : Ejecting ball to <playfield.playfield>
2022-10-06 15:35:15,839 : INFO : EventManager : Event: ======'balldevice_bd_bot_vuk_ejecting_ball'====== Args={'balls': 1, 'target': <playfield.playfield>, 'source': <ball_device.bd_bot_vuk>, 'mechanical_eject': False, 'num_attempts': 13}
2022-10-06 15:35:15,840 : INFO : ball_device.bd_top_vuk : State: ejecting
2022-10-06 15:35:15,840 : INFO : ball_device.bd_top_vuk : Ejecting ball to <playfield.playfield>
2022-10-06 15:35:15,840 : INFO : EventManager : Event: ======'balldevice_bd_top_vuk_ejecting_ball'====== Args={'balls': 1, 'target': <playfield.playfield>, 'source': <ball_device.bd_top_vuk>, 'mechanical_eject': False, 'num_attempts': 13}
2022-10-06 15:35:15,841 : INFO : ball_device.bd_top_vuk : Wait for ball to leave device
2022-10-06 15:35:15,841 : INFO : coil.c_top_vuk : Pulsing Driver for 10ms (1.0 pulse_power)
2022-10-06 15:35:15,841 : INFO : ball_device.bd_bot_vuk : Wait for ball to leave device
2022-10-06 15:35:15,841 : INFO : ball_device.bd_right_vuk : Wait for ball to leave device
2022-10-06 15:35:15,850 : INFO : coil.c_bot_vuk : Pulsing Driver for 10ms (1.0 pulse_power)
2022-10-06 15:35:15,866 : INFO : coil.c_right_vuk : Pulsing Driver for 10ms (1.0 pulse_power)
2022-10-06 15:35:16,729 : INFO : SwitchController : <<<<<<< 's_vuk_top' inactive >>>>>>>
2022-10-06 15:35:16,733 : INFO : ball_device.bd_top_vuk : State: ball_left
2022-10-06 15:35:16,734 : INFO : ball_device.bd_top_vuk : Ball left
2022-10-06 15:35:16,734 : INFO : ball_device.bd_top_vuk : Wait for confirm with timeout 2.0
2022-10-06 15:35:17,830 : INFO : EventManager : Event: ======'balldevice_bd_right_vuk_ball_eject_failed'====== Args={'target': <playfield.playfield>, 'balls': 1, 'retry': True, 'num_attempts': 14}
2022-10-06 15:35:17,831 : INFO : EventManager : Event: ======'balldevice_bd_bot_vuk_ball_eject_failed'====== Args={'target': <playfield.playfield>, 'balls': 1, 'retry': True, 'num_attempts': 14}
2022-10-06 15:35:17,832 : INFO : ball_device.bd_bot_vuk : State: waiting_for_target_ready
2022-10-06 15:35:17,832 : INFO : EventManager : Event: ======'balldevice_bd_bot_vuk_ball_eject_attempt'====== Args={'balls': 1, 'target': <playfield.playfield>, 'source': <ball_device.bd_bot_vuk>, 'mechanical_eject': False, 'num_attempts': 14}
2022-10-06 15:35:17,833 : INFO : ball_device.bd_right_vuk : State: waiting_for_target_ready
2022-10-06 15:35:17,833 : INFO : EventManager : Event: ======'balldevice_bd_right_vuk_ball_eject_attempt'====== Args={'balls': 1, 'target': <playfield.playfield>, 'source': <ball_device.bd_right_vuk>, 'mechanical_eject': False, 'num_attempts': 14}
2022-10-06 15:35:17,833 : INFO : ball_device.bd_right_vuk : State: ejecting
2022-10-06 15:35:17,833 : INFO : ball_device.bd_right_vuk : Ejecting ball to <playfield.playfield>
2022-10-06 15:35:17,833 : INFO : EventManager : Event: ======'balldevice_bd_right_vuk_ejecting_ball'====== Args={'balls': 1, 'target': <playfield.playfield>, 'source': <ball_device.bd_right_vuk>, 'mechanical_eject': False, 'num_attempts': 14}
2022-10-06 15:35:17,834 : INFO : ball_device.bd_bot_vuk : State: ejecting
2022-10-06 15:35:17,834 : INFO : ball_device.bd_bot_vuk : Ejecting ball to <playfield.playfield>
2022-10-06 15:35:17,834 : INFO : EventManager : Event: ======'balldevice_bd_bot_vuk_ejecting_ball'====== Args={'balls': 1, 'target': <playfield.playfield>, 'source': <ball_device.bd_bot_vuk>, 'mechanical_eject': False, 'num_attempts': 14}
2022-10-06 15:35:17,835 : INFO : ball_device.bd_bot_vuk : Wait for ball to leave device
2022-10-06 15:35:17,835 : INFO : coil.c_bot_vuk : Pulsing Driver for 10ms (1.0 pulse_power)
2022-10-06 15:35:17,835 : INFO : ball_device.bd_right_vuk : Wait for ball to leave device
2022-10-06 15:35:17,859 : INFO : coil.c_right_vuk : Pulsing Driver for 10ms (1.0 pulse_power)
2022-10-06 15:35:18,705 : INFO : ball_device.bd_top_vuk : State: failed_confirm
2022-10-06 15:35:18,705 : INFO : ball_device.bd_top_vuk : Got timeout (2.0s) before confirm from <playfield.playfield>
2022-10-06 15:35:18,798 : INFO : ball_device.bd_top_vuk : Confirming eject because target is playfield and ball did not return.
2022-10-06 15:35:18,798 : INFO : ball_device.bd_top_vuk : Eject successful
2022-10-06 15:35:18,798 : INFO : EventManager : Event: ======'balldevice_bd_top_vuk_ball_eject_success'====== Args={'balls': 1, 'target': <playfield.playfield>}
2022-10-06 15:35:18,799 : INFO : EventManager : Event: ======'balldevice_playfield_ball_enter'====== Args={'new_balls': 1, 'unclaimed_balls': 1, 'device': <playfield.playfield>}
2022-10-06 15:35:18,799 : INFO : EventManager : Event: ======'playfield_ball_count_change'====== Args={'balls': 1, 'change': 1}
2022-10-06 15:35:18,799 : INFO : EventManager : Event: ======'balldevice_bd_top_vuk_ball_count_changed'====== Args={'balls': 0}
2022-10-06 15:35:18,799 : INFO : ball_device.bd_top_vuk : State: idle
2022-10-06 15:35:19,314 : INFO : SwitchController : <<<<<<< 's_vuk_right' inactive >>>>>>>
2022-10-06 15:35:19,318 : INFO : ball_device.bd_right_vuk : State: ball_left
2022-10-06 15:35:19,319 : INFO : ball_device.bd_right_vuk : Ball left
2022-10-06 15:35:19,319 : INFO : ball_device.bd_right_vuk : Wait for confirm with timeout 2.0
2022-10-06 15:35:19,329 : INFO : SwitchController : <<<<<<< 's_vuk_right' active >>>>>>>
2022-10-06 15:35:19,361 : INFO : SwitchController : <<<<<<< 's_vuk_right' inactive >>>>>>>
2022-10-06 15:35:19,380 : INFO : SwitchController : <<<<<<< 's_vuk_right' active >>>>>>>
2022-10-06 15:35:19,409 : INFO : SwitchController : <<<<<<< 's_vuk_right' inactive >>>>>>>
2022-10-06 15:35:19,454 : INFO : SwitchController : <<<<<<< 's_vuk_right' active >>>>>>>
2022-10-06 15:35:19,472 : INFO : SwitchController : <<<<<<< 's_vuk_right' inactive >>>>>>>
2022-10-06 15:35:19,531 : INFO : SwitchController : <<<<<<< 's_vuk_right' active >>>>>>>
2022-10-06 15:35:19,610 : INFO : SwitchController : <<<<<<< 's_vuk_right' inactive >>>>>>>
2022-10-06 15:35:19,704 : INFO : SwitchController : <<<<<<< 's_vuk_right' active >>>>>>>
2022-10-06 15:35:19,705 : INFO : SwitchController : <<<<<<< 's_vuk_right' inactive >>>>>>>
2022-10-06 15:35:19,833 : INFO : EventManager : Event: ======'balldevice_bd_bot_vuk_ball_eject_failed'====== Args={'target': <playfield.playfield>, 'balls': 1, 'retry': True, 'num_attempts': 15}
2022-10-06 15:35:19,834 : INFO : ball_device.bd_bot_vuk : State: waiting_for_target_ready
2022-10-06 15:35:19,834 : INFO : EventManager : Event: ======'balldevice_bd_bot_vuk_ball_eject_attempt'====== Args={'balls': 1, 'target': <playfield.playfield>, 'source': <ball_device.bd_bot_vuk>, 'mechanical_eject': False, 'num_attempts': 15}
2022-10-06 15:35:19,834 : INFO : ball_device.bd_bot_vuk : State: ejecting
2022-10-06 15:35:19,835 : INFO : ball_device.bd_bot_vuk : Ejecting ball to <playfield.playfield>
2022-10-06 15:35:19,835 : INFO : EventManager : Event: ======'balldevice_bd_bot_vuk_ejecting_ball'====== Args={'balls': 1, 'target': <playfield.playfield>, 'source': <ball_device.bd_bot_vuk>, 'mechanical_eject': False, 'num_attempts': 15}
2022-10-06 15:35:19,835 : INFO : ball_device.bd_bot_vuk : Wait for ball to leave device
2022-10-06 15:35:19,835 : INFO : coil.c_bot_vuk : Pulsing Driver for 10ms (1.0 pulse_power)
2022-10-06 15:35:21,024 : INFO : SwitchController : <<<<<<< 's_vuk_right' active >>>>>>>
2022-10-06 15:35:21,324 : INFO : ball_device.bd_right_vuk : State: failed_confirm
2022-10-06 15:35:21,324 : INFO : ball_device.bd_right_vuk : Got timeout (2.0s) before confirm from <playfield.playfield>
2022-10-06 15:35:21,418 : INFO : ball_device.bd_right_vuk : Confirming eject because target is playfield and ball did not return.
2022-10-06 15:35:21,418 : INFO : ball_device.bd_right_vuk : Eject successful
2022-10-06 15:35:21,418 : INFO : EventManager : Event: ======'balldevice_bd_right_vuk_ball_eject_success'====== Args={'balls': 1, 'target': <playfield.playfield>}
2022-10-06 15:35:21,419 : INFO : EventManager : Event: ======'balldevice_playfield_ball_enter'====== Args={'new_balls': 1, 'unclaimed_balls': 1, 'device': <playfield.playfield>}
2022-10-06 15:35:21,419 : INFO : EventManager : Event: ======'playfield_ball_count_change'====== Args={'balls': 2, 'change': 1}
2022-10-06 15:35:21,420 : INFO : EventManager : Event: ======'balldevice_bd_right_vuk_ball_count_changed'====== Args={'balls': 0}
2022-10-06 15:35:21,420 : INFO : ball_device.bd_right_vuk : State: idle
2022-10-06 15:35:21,528 : INFO : EventManager : Event: ======'balldevice_bd_right_vuk_ball_count_changed'====== Args={'balls': 1}
2022-10-06 15:35:21,529 : INFO : ball_device.bd_right_vuk : Received unexpected ball
2022-10-06 15:35:21,529 : INFO : EventManager : Event: ======'balldevice_captured_from_playfield'====== Args={'balls': 1}
2022-10-06 15:35:21,529 : INFO : EventManager : Event: ======'sw_playfield_active'====== Args={'balls': 1}
2022-10-06 15:35:21,529 : INFO : EventManager : Event: ======'playfield_ball_count_change'====== Args={'balls': 1, 'change': -1}
2022-10-06 15:35:21,530 : INFO : EventManager : Event: ======'balldevice_bd_right_vuk_ball_enter'====== Args={'new_balls': 1, 'unclaimed_balls': 1, 'new_available_balls': 1, 'device': <ball_device.bd_right_vuk>}
2022-10-06 15:35:21,530 : INFO : ball_device.bd_right_vuk : Ejecting 1 unexpected balls using path deque([<ball_device.bd_right_vuk>, <playfield.playfield>])
2022-10-06 15:35:21,531 : INFO : EventManager : Event: ======'balldevice_balls_available'====== Args={}
2022-10-06 15:35:21,531 : INFO : EventManager : Event: ======'balldevice_balls_available'====== Args={}
2022-10-06 15:35:21,531 : INFO : EventManager : Event: ======'balldevice_bd_right_vuk_ball_entered'====== Args={'new_balls': 1, 'device': <ball_device.bd_right_vuk>}
2022-10-06 15:35:21,532 : INFO : ball_device.bd_right_vuk : State: waiting_for_target_ready
2022-10-06 15:35:21,532 : INFO : EventManager : Event: ======'balldevice_bd_right_vuk_ball_eject_attempt'====== Args={'balls': 1, 'target': <playfield.playfield>, 'source': <ball_device.bd_right_vuk>, 'mechanical_eject': False, 'num_attempts': 0}
2022-10-06 15:35:21,533 : INFO : ball_device.bd_right_vuk : State: ejecting
2022-10-06 15:35:21,533 : INFO : ball_device.bd_right_vuk : Ejecting ball to <playfield.playfield>
2022-10-06 15:35:21,533 : INFO : EventManager : Event: ======'balldevice_bd_right_vuk_ejecting_ball'====== Args={'balls': 1, 'target': <playfield.playfield>, 'source': <ball_device.bd_right_vuk>, 'mechanical_eject': False, 'num_attempts': 0}
2022-10-06 15:35:21,534 : INFO : ball_device.bd_right_vuk : Wait for ball to leave device
2022-10-06 15:35:21,534 : INFO : coil.c_right_vuk : Pulsing Driver for 10ms (1.0 pulse_power)
2022-10-06 15:35:21,829 : INFO : EventManager : Event: ======'balldevice_bd_bot_vuk_ball_eject_failed'====== Args={'target': <playfield.playfield>, 'balls': 1, 'retry': True, 'num_attempts': 16}
2022-10-06 15:35:21,830 : INFO : ball_device.bd_bot_vuk : State: waiting_for_target_ready
2022-10-06 15:35:21,830 : INFO : EventManager : Event: ======'balldevice_bd_bot_vuk_ball_eject_attempt'====== Args={'balls': 1, 'target': <playfield.playfield>, 'source': <ball_device.bd_bot_vuk>, 'mechanical_eject': False, 'num_attempts': 16}
2022-10-06 15:35:21,831 : INFO : ball_device.bd_bot_vuk : State: ejecting
2022-10-06 15:35:21,831 : INFO : ball_device.bd_bot_vuk : Ejecting ball to <playfield.playfield>
2022-10-06 15:35:21,831 : INFO : EventManager : Event: ======'balldevice_bd_bot_vuk_ejecting_ball'====== Args={'balls': 1, 'target': <playfield.playfield>, 'source': <ball_device.bd_bot_vuk>, 'mechanical_eject': False, 'num_attempts': 16}
2022-10-06 15:35:21,832 : INFO : ball_device.bd_bot_vuk : Wait for ball to leave device
2022-10-06 15:35:21,832 : INFO : coil.c_bot_vuk : Pulsing Driver for 10ms (1.0 pulse_power)
2022-10-06 15:35:23,149 : INFO : SwitchController : <<<<<<< 's_vuk_right' inactive >>>>>>>
2022-10-06 15:35:23,153 : INFO : ball_device.bd_right_vuk : State: ball_left
2022-10-06 15:35:23,154 : INFO : ball_device.bd_right_vuk : Ball left
2022-10-06 15:35:23,154 : INFO : ball_device.bd_right_vuk : Wait for confirm with timeout 2.0
2022-10-06 15:35:23,833 : INFO : EventManager : Event: ======'balldevice_bd_bot_vuk_ball_eject_failed'====== Args={'target': <playfield.playfield>, 'balls': 1, 'retry': True, 'num_attempts': 17}
2022-10-06 15:35:23,834 : INFO : ball_device.bd_bot_vuk : State: waiting_for_target_ready
2022-10-06 15:35:23,834 : INFO : EventManager : Event: ======'balldevice_bd_bot_vuk_ball_eject_attempt'====== Args={'balls': 1, 'target': <playfield.playfield>, 'source': <ball_device.bd_bot_vuk>, 'mechanical_eject': False, 'num_attempts': 17}
2022-10-06 15:35:23,834 : INFO : ball_device.bd_bot_vuk : State: ejecting
2022-10-06 15:35:23,835 : INFO : ball_device.bd_bot_vuk : Ejecting ball to <playfield.playfield>
2022-10-06 15:35:23,835 : INFO : EventManager : Event: ======'balldevice_bd_bot_vuk_ejecting_ball'====== Args={'balls': 1, 'target': <playfield.playfield>, 'source': <ball_device.bd_bot_vuk>, 'mechanical_eject': False, 'num_attempts': 17}
2022-10-06 15:35:23,835 : INFO : ball_device.bd_bot_vuk : Wait for ball to leave device
2022-10-06 15:35:23,835 : INFO : coil.c_bot_vuk : Pulsing Driver for 10ms (1.0 pulse_power)
2022-10-06 15:35:25,143 : INFO : ball_device.bd_right_vuk : State: failed_confirm
2022-10-06 15:35:25,143 : INFO : ball_device.bd_right_vuk : Got timeout (2.0s) before confirm from <playfield.playfield>
2022-10-06 15:35:25,240 : INFO : ball_device.bd_right_vuk : Confirming eject because target is playfield and ball did not return.
2022-10-06 15:35:25,240 : INFO : ball_device.bd_right_vuk : Eject successful
2022-10-06 15:35:25,240 : INFO : EventManager : Event: ======'balldevice_bd_right_vuk_ball_eject_success'====== Args={'balls': 1, 'target': <playfield.playfield>}
2022-10-06 15:35:25,240 : INFO : EventManager : Event: ======'balldevice_playfield_ball_enter'====== Args={'new_balls': 1, 'unclaimed_balls': 1, 'device': <playfield.playfield>}
2022-10-06 15:35:25,241 : INFO : EventManager : Event: ======'playfield_ball_count_change'====== Args={'balls': 2, 'change': 1}
2022-10-06 15:35:25,241 : INFO : EventManager : Event: ======'balldevice_bd_right_vuk_ball_count_changed'====== Args={'balls': 0}
2022-10-06 15:35:25,241 : INFO : ball_device.bd_right_vuk : State: idle
2022-10-06 15:35:25,835 : INFO : EventManager : Event: ======'balldevice_bd_bot_vuk_ball_eject_failed'====== Args={'target': <playfield.playfield>, 'balls': 1, 'retry': True, 'num_attempts': 18}
2022-10-06 15:35:25,836 : INFO : ball_device.bd_bot_vuk : State: waiting_for_target_ready
2022-10-06 15:35:25,836 : INFO : EventManager : Event: ======'balldevice_bd_bot_vuk_ball_eject_attempt'====== Args={'balls': 1, 'target': <playfield.playfield>, 'source': <ball_device.bd_bot_vuk>, 'mechanical_eject': False, 'num_attempts': 18}
2022-10-06 15:35:25,837 : INFO : ball_device.bd_bot_vuk : State: ejecting
2022-10-06 15:35:25,837 : INFO : ball_device.bd_bot_vuk : Ejecting ball to <playfield.playfield>
2022-10-06 15:35:25,837 : INFO : EventManager : Event: ======'balldevice_bd_bot_vuk_ejecting_ball'====== Args={'balls': 1, 'target': <playfield.playfield>, 'source': <ball_device.bd_bot_vuk>, 'mechanical_eject': False, 'num_attempts': 18}
2022-10-06 15:35:25,838 : INFO : ball_device.bd_bot_vuk : Wait for ball to leave device
2022-10-06 15:35:25,838 : INFO : coil.c_bot_vuk : Pulsing Driver for 10ms (1.0 pulse_power)
2022-10-06 15:35:27,829 : INFO : EventManager : Event: ======'balldevice_bd_bot_vuk_ball_eject_failed'====== Args={'target': <playfield.playfield>, 'balls': 1, 'retry': True, 'num_attempts': 19}
2022-10-06 15:35:27,830 : INFO : ball_device.bd_bot_vuk : State: waiting_for_target_ready
2022-10-06 15:35:27,830 : INFO : EventManager : Event: ======'balldevice_bd_bot_vuk_ball_eject_attempt'====== Args={'balls': 1, 'target': <playfield.playfield>, 'source': <ball_device.bd_bot_vuk>, 'mechanical_eject': False, 'num_attempts': 19}
2022-10-06 15:35:27,831 : INFO : ball_device.bd_bot_vuk : State: ejecting
2022-10-06 15:35:27,831 : INFO : ball_device.bd_bot_vuk : Ejecting ball to <playfield.playfield>
2022-10-06 15:35:27,831 : INFO : EventManager : Event: ======'balldevice_bd_bot_vuk_ejecting_ball'====== Args={'balls': 1, 'target': <playfield.playfield>, 'source': <ball_device.bd_bot_vuk>, 'mechanical_eject': False, 'num_attempts': 19}
2022-10-06 15:35:27,832 : INFO : ball_device.bd_bot_vuk : Wait for ball to leave device
2022-10-06 15:35:27,832 : INFO : coil.c_bot_vuk : Pulsing Driver for 10ms (1.0 pulse_power)
2022-10-06 15:35:29,836 : INFO : EventManager : Event: ======'balldevice_bd_bot_vuk_ball_eject_failed'====== Args={'target': <playfield.playfield>, 'balls': 1, 'retry': True, 'num_attempts': 20}
2022-10-06 15:35:29,837 : INFO : ball_device.bd_bot_vuk : State: waiting_for_target_ready
2022-10-06 15:35:29,837 : INFO : EventManager : Event: ======'balldevice_bd_bot_vuk_ball_eject_attempt'====== Args={'balls': 1, 'target': <playfield.playfield>, 'source': <ball_device.bd_bot_vuk>, 'mechanical_eject': False, 'num_attempts': 20}
2022-10-06 15:35:29,838 : INFO : ball_device.bd_bot_vuk : State: ejecting
2022-10-06 15:35:29,838 : INFO : ball_device.bd_bot_vuk : Ejecting ball to <playfield.playfield>
2022-10-06 15:35:29,838 : INFO : EventManager : Event: ======'balldevice_bd_bot_vuk_ejecting_ball'====== Args={'balls': 1, 'target': <playfield.playfield>, 'source': <ball_device.bd_bot_vuk>, 'mechanical_eject': False, 'num_attempts': 20}
2022-10-06 15:35:29,839 : INFO : ball_device.bd_bot_vuk : Wait for ball to leave device
2022-10-06 15:35:29,839 : INFO : coil.c_bot_vuk : Pulsing Driver for 10ms (1.0 pulse_power)
2022-10-06 15:35:30,183 : INFO : Machine : Shutting down...
2022-10-06 15:35:30,183 : INFO : EventManager : Event: ======'shutdown'====== Args={}
2022-10-06 15:35:30,214 : WARNING : FAST : Port RGB received more messages than were sent! Resetting!
2022-10-06 15:35:30,214 : WARNING : FAST : Port NET received more messages than were sent! Resetting!
2022-10-06 15:35:30,277 : ERROR : FAST : Stop called on serial connection com9
2022-10-06 15:35:30,277 : ERROR : FAST : Stop called on serial connection com10
2022-10-06 15:35:30,497 : INFO : root : MPF run loop ended.
