2022-10-12 19:39:21,999 : INFO : root : Loading config.
2022-10-12 19:39:22,002 : INFO : YamlMultifileConfigLoader : Machine config file #1: config.yaml
2022-10-12 19:39:22,003 : WARNING : ConfigProcessor : Config file in cache changed: c:\trashland_2\config\config.yaml
2022-10-12 19:39:22,003 : INFO : ConfigProcessor : Loading config from file c:\users\tanner\appdata\local\programs\python\python37\lib\site-packages\mpf\mpfconfig.yaml.
2022-10-12 19:39:22,077 : INFO : ConfigProcessor : Loading config: c:\users\tanner\appdata\local\programs\python\python37\lib\site-packages\mpf\mpfconfig.yaml
2022-10-12 19:39:22,078 : INFO : ConfigProcessor : Loading config from file c:\trashland_2\config\config.yaml.
2022-10-12 19:39:22,184 : INFO : ConfigProcessor : Loading config: c:\trashland_2\config\config.yaml
2022-10-12 19:39:22,187 : INFO : ConfigProcessor : Config file cache created: C:\Users\Tanner\AppData\Local\Temp\a6762098cb994b55cb03a478b26022ee.mpf_cache
2022-10-12 19:39:22,252 : INFO : ConfigProcessor : Loading config from cache: C:\Users\Tanner\AppData\Local\Temp\9cf7ccc27b21f4d6162237fadfc53e5a.mpf_cache
2022-10-12 19:39:22,252 : INFO : ConfigProcessor : Loading config from cache: C:\Users\Tanner\AppData\Local\Temp\c215df352878fee5d54f1a5ec5b16e7c.mpf_cache
2022-10-12 19:39:22,253 : INFO : ConfigProcessor : Loading config from cache: C:\Users\Tanner\AppData\Local\Temp\708062243e0edcfa77dd6b1521bd0d4e.mpf_cache
2022-10-12 19:39:22,254 : INFO : ConfigProcessor : Loading config from cache: C:\Users\Tanner\AppData\Local\Temp\c4174472f67f7b070dd6fb437c6feb0c.mpf_cache
2022-10-12 19:39:22,255 : INFO : ConfigProcessor : Loading config from cache: C:\Users\Tanner\AppData\Local\Temp\abaa92c43d134e3392cbb2346e6a16be.mpf_cache
2022-10-12 19:39:22,256 : INFO : ConfigProcessor : Loading config from cache: C:\Users\Tanner\AppData\Local\Temp\fc46d53fcb9fe6b8abf783d9c813390a.mpf_cache
2022-10-12 19:39:22,257 : INFO : ConfigProcessor : Loading config from cache: C:\Users\Tanner\AppData\Local\Temp\b46de592c65b9a27a1f4965daee53c91.mpf_cache
2022-10-12 19:39:22,257 : INFO : ConfigProcessor : Loading config from cache: C:\Users\Tanner\AppData\Local\Temp\5b50cb1d58cd4116013cda74c2923169.mpf_cache
2022-10-12 19:39:22,260 : INFO : ConfigProcessor : Loading config from cache: C:\Users\Tanner\AppData\Local\Temp\2734ac1662e5e62f2e4cb2a8d902a8f2.mpf_cache
2022-10-12 19:39:22,262 : INFO : ConfigProcessor : Loading config from cache: C:\Users\Tanner\AppData\Local\Temp\fe169133106b4804e097dca6b78afaf5.mpf_cache
2022-10-12 19:39:22,263 : INFO : ConfigProcessor : Loading config from cache: C:\Users\Tanner\AppData\Local\Temp\d4f531e94c6a484dd08e4121f6e3a74e.mpf_cache
2022-10-12 19:39:22,264 : INFO : ConfigProcessor : Loading config from cache: C:\Users\Tanner\AppData\Local\Temp\e9c431c8aa2f7ab7b37617b37185d68f.mpf_cache
2022-10-12 19:39:22,265 : INFO : ConfigProcessor : Loading config from cache: C:\Users\Tanner\AppData\Local\Temp\07112933e6abcdb1819075df64aee3c0.mpf_cache
2022-10-12 19:39:22,266 : INFO : Machine : Mission Pinball Framework Core Engine v0.55.0
2022-10-12 19:39:22,267 : INFO : Machine : Command line arguments: {'no_load_cache': False, 'create_config_cache': True, 'bcp': False, 'configfile': ['config.yaml'], 'force_assets_load': False, 'jsonlogging': False, 'logfile': 'logs\\2022-10-12-19-39-21-mpf-DESKTOP-7HNFDQ5.log', 'pause': False, 'production': False, 'text_ui': True, 'loglevel': 15, 'consoleloglevel': 20, 'force_platform': None, 'syslog_address': None, 'mc_file_name': None, 'no_sound': False}
2022-10-12 19:39:22,267 : INFO : Machine : MPF path: c:\users\tanner\appdata\local\programs\python\python37\lib\site-packages\mpf
2022-10-12 19:39:22,267 : INFO : Machine : Machine path: c:\trashland_2
2022-10-12 19:39:22,267 : INFO : Machine : Platform: win32
2022-10-12 19:39:22,267 : INFO : Machine : Python executable location: c:\users\tanner\appdata\local\programs\python\python37\python.exe
2022-10-12 19:39:22,267 : INFO : Machine : Python version: 3.7.8 (64-bit)
2022-10-12 19:39:22,268 : INFO : Machine : Initialise MPF.
2022-10-12 19:39:22,521 : INFO : FAST : Connecting to com9 at 921600bps
2022-10-12 19:39:22,567 : INFO : FAST : Connected! Processor: NET, Board Type: FP-CPU-002-2, Firmware: 01.05
2022-10-12 19:39:22,567 : INFO : EventManager : Event: ======'machine_var_fast_net_firmware'====== Args={'value': '01.05', 'prev_value': None, 'change': True}
2022-10-12 19:39:22,567 : INFO : EventManager : Event: ======'machine_var_fast_net_model'====== Args={'value': 'FP-CPU-002-2', 'prev_value': None, 'change': True}
2022-10-12 19:39:24,953 : WARNING : FAST : Got unexpected message from FAST: -N:11
2022-10-12 19:39:24,953 : WARNING : FAST : Got unexpected message from FAST: -N:31
2022-10-12 19:39:24,953 : WARNING : FAST : Got unexpected message from FAST: -N:33
2022-10-12 19:39:24,953 : WARNING : FAST : Got unexpected message from FAST: -N:34
2022-10-12 19:39:24,953 : WARNING : FAST : Got unexpected message from FAST: -N:38
2022-10-12 19:39:24,953 : WARNING : FAST : Got unexpected message from FAST: -N:40
2022-10-12 19:39:24,953 : WARNING : FAST : Got unexpected message from FAST: -N:41
2022-10-12 19:39:24,953 : WARNING : FAST : Got unexpected message from FAST: -N:43
2022-10-12 19:39:24,953 : WARNING : FAST : Got unexpected message from FAST: -N:48
2022-10-12 19:39:24,953 : WARNING : FAST : Got unexpected message from FAST: -N:49
2022-10-12 19:39:24,953 : WARNING : FAST : Got unexpected message from FAST: -N:5D
2022-10-12 19:39:25,092 : INFO : FAST : Connecting to com10 at 921600bps
2022-10-12 19:39:25,124 : INFO : FAST : Connected! Processor: RGB, Board Type: FP-CPU-002-2, Firmware: 00.87
2022-10-12 19:39:25,124 : INFO : EventManager : Event: ======'machine_var_fast_rgb_firmware'====== Args={'value': '00.87', 'prev_value': None, 'change': True}
2022-10-12 19:39:25,124 : INFO : EventManager : Event: ======'machine_var_fast_rgb_model'====== Args={'value': 'FP-CPU-002-2', 'prev_value': None, 'change': True}
2022-10-12 19:39:25,125 : INFO : EventManager : Event: ======'machine_var_credits_string'====== Args={'value': 'FREE PLAY', 'prev_value': None, 'change': True}
2022-10-12 19:39:25,168 : INFO : EventManager : Event: ======'machine_var_master_volume'====== Args={'value': 0.5, 'prev_value': None, 'change': True}
2022-10-12 19:39:25,168 : INFO : EventManager : Event: ======'machine_var_mpf_version'====== Args={'value': 'MPF v0.55.0', 'prev_value': None, 'change': True}
2022-10-12 19:39:25,168 : INFO : EventManager : Event: ======'machine_var_mpf_extended_version'====== Args={'value': 'MPF v0.55.0, Config version:5, Show version: 5, BCP version:1.1', 'prev_value': None, 'change': True}
2022-10-12 19:39:25,168 : INFO : EventManager : Event: ======'machine_var_python_version'====== Args={'value': '3.7.8', 'prev_value': None, 'change': True}
2022-10-12 19:39:25,168 : INFO : EventManager : Event: ======'machine_var_platform'====== Args={'value': 'Windows-10-10.0.19041-SP0', 'prev_value': None, 'change': True}
2022-10-12 19:39:25,168 : INFO : EventManager : Event: ======'machine_var_platform_system'====== Args={'value': 'Windows', 'prev_value': None, 'change': True}
2022-10-12 19:39:25,169 : INFO : EventManager : Event: ======'machine_var_platform_release'====== Args={'value': '10', 'prev_value': None, 'change': True}
2022-10-12 19:39:25,169 : INFO : EventManager : Event: ======'machine_var_platform_version'====== Args={'value': '10.0.19041', 'prev_value': None, 'change': True}
2022-10-12 19:39:25,169 : INFO : EventManager : Event: ======'machine_var_platform_machine'====== Args={'value': 'AMD64', 'prev_value': None, 'change': True}
2022-10-12 19:39:25,169 : INFO : EventManager : Event: ======'init_phase_1'====== Args={}
2022-10-12 19:39:25,211 : INFO : EventManager : Event: ======'drop_target_bank_single_main_up'====== Args={}
2022-10-12 19:39:25,212 : INFO : EventManager : Event: ======'drop_target_bank_mid_up'====== Args={}
2022-10-12 19:39:25,212 : INFO : EventManager : Event: ======'drop_target_bank_right_up'====== Args={}
2022-10-12 19:39:25,222 : INFO : EventManager : Event: ======'init_phase_2'====== Args={}
2022-10-12 19:39:25,223 : INFO : SwitchController : Found active switch: (('31', 1), <Platform.FAST>) <switch.s_drop_right_left>
2022-10-12 19:39:25,223 : INFO : SwitchController : Found active switch: (('42', 1), <Platform.FAST>) <switch.s_trough_4>
2022-10-12 19:39:25,223 : INFO : SwitchController : Found active switch: (('44', 1), <Platform.FAST>) <switch.s_trough_2>
2022-10-12 19:39:25,223 : INFO : SwitchController : Found active switch: (('3C', 1), <Platform.FAST>) <switch.s_eos_right>
2022-10-12 19:39:25,223 : INFO : SwitchController : Found active switch: (('3B', 1), <Platform.FAST>) <switch.s_eos_left>
2022-10-12 19:39:25,231 : INFO : ball_device.bd_bot_vuk : BCH: Initial count: 0
2022-10-12 19:39:25,231 : INFO : ball_device.bd_bot_vuk : State: idle
2022-10-12 19:39:25,232 : INFO : ball_device.bd_trough : BCH: Initial count: 1
2022-10-12 19:39:25,232 : INFO : ball_device.bd_trough : State: idle
2022-10-12 19:39:25,233 : INFO : ball_device.bd_plunger : BCH: Initial count: 0
2022-10-12 19:39:25,233 : INFO : ball_device.bd_plunger : State: idle
2022-10-12 19:39:25,233 : INFO : ball_device.bd_top_vuk : BCH: Initial count: 0
2022-10-12 19:39:25,234 : INFO : ball_device.bd_top_vuk : State: idle
2022-10-12 19:39:25,234 : INFO : ball_device.bd_right_vuk : BCH: Initial count: 0
2022-10-12 19:39:25,234 : INFO : ball_device.bd_right_vuk : State: idle
2022-10-12 19:39:25,292 : INFO : EventManager : Event: ======'init_phase_3'====== Args={}
2022-10-12 19:39:25,893 : INFO : EventManager : Event: ======'init_phase_4'====== Args={}
2022-10-12 19:39:25,925 : INFO : EventManager : Event: ======'playfield_active'====== Args={}
2022-10-12 19:39:25,925 : INFO : EventManager : Event: ======'unexpected_ball_on_playfield'====== Args={}
2022-10-12 19:39:25,925 : INFO : EventManager : Event: ======'playfield_active'====== Args={}
2022-10-12 19:39:25,926 : INFO : EventManager : Event: ======'unexpected_ball_on_playfield'====== Args={}
2022-10-12 19:39:25,926 : INFO : EventManager : Event: ======'playfield_active'====== Args={}
2022-10-12 19:39:25,926 : INFO : EventManager : Event: ======'unexpected_ball_on_playfield'====== Args={}
2022-10-12 19:39:25,926 : INFO : EventManager : Event: ======'playfield_active'====== Args={}
2022-10-12 19:39:25,926 : INFO : EventManager : Event: ======'unexpected_ball_on_playfield'====== Args={}
2022-10-12 19:39:25,926 : INFO : EventManager : Event: ======'playfield_active'====== Args={}
2022-10-12 19:39:25,926 : INFO : EventManager : Event: ======'unexpected_ball_on_playfield'====== Args={}
2022-10-12 19:39:25,926 : INFO : EventManager : Event: ======'playfield_active'====== Args={}
2022-10-12 19:39:25,926 : INFO : EventManager : Event: ======'unexpected_ball_on_playfield'====== Args={}
2022-10-12 19:39:25,926 : INFO : EventManager : Event: ======'drop_target_right_left_down'====== Args={'device': <drop_target.right_left>}
2022-10-12 19:39:25,926 : INFO : EventManager : Event: ======'drop_target_bank_right_mixed'====== Args={'prev_value': <DropTargetBankState.UP: 'up'>, 'down': 1}
2022-10-12 19:39:25,927 : INFO : BallController : Initial balls found: 1
2022-10-12 19:39:25,929 : INFO : EventManager : Event: ======'machine_var_audits_events_game_ended'====== Args={'value': 0, 'prev_value': None, 'change': True}
2022-10-12 19:39:25,929 : INFO : EventManager : Event: ======'machine_var_audits_events_game_started'====== Args={'value': 0, 'prev_value': None, 'change': True}
2022-10-12 19:39:25,929 : INFO : EventManager : Event: ======'machine_var_audits_player_score'====== Args={'value': {'average': 0, 'top': [], 'total': 0}, 'prev_value': None, 'change': True}
2022-10-12 19:39:25,929 : INFO : EventManager : Event: ======'machine_var_audits_switches_s_autolauncher'====== Args={'value': 88, 'prev_value': None, 'change': True}
2022-10-12 19:39:25,929 : INFO : EventManager : Event: ======'machine_var_audits_switches_s_back_pop'====== Args={'value': 10, 'prev_value': None, 'change': True}
2022-10-12 19:39:25,929 : INFO : EventManager : Event: ======'machine_var_audits_switches_s_back_rollover'====== Args={'value': 0, 'prev_value': None, 'change': True}
2022-10-12 19:39:25,929 : INFO : EventManager : Event: ======'machine_var_audits_switches_s_back_stationary'====== Args={'value': 3, 'prev_value': None, 'change': True}
2022-10-12 19:39:25,930 : INFO : EventManager : Event: ======'machine_var_audits_switches_s_bot_back'====== Args={'value': 0, 'prev_value': None, 'change': True}
2022-10-12 19:39:25,930 : INFO : EventManager : Event: ======'machine_var_audits_switches_s_bot_big'====== Args={'value': 2, 'prev_value': None, 'change': True}
2022-10-12 19:39:25,930 : INFO : EventManager : Event: ======'machine_var_audits_switches_s_bot_left'====== Args={'value': 0, 'prev_value': None, 'change': True}
2022-10-12 19:39:25,930 : INFO : EventManager : Event: ======'machine_var_audits_switches_s_bot_right'====== Args={'value': 1, 'prev_value': None, 'change': True}
2022-10-12 19:39:25,930 : INFO : EventManager : Event: ======'machine_var_audits_switches_s_bot_rollover'====== Args={'value': 0, 'prev_value': None, 'change': True}
2022-10-12 19:39:25,930 : INFO : EventManager : Event: ======'machine_var_audits_switches_s_bot_vuk'====== Args={'value': 2, 'prev_value': None, 'change': True}
2022-10-12 19:39:25,931 : INFO : EventManager : Event: ======'machine_var_audits_switches_s_drop_mid_left'====== Args={'value': 76, 'prev_value': None, 'change': True}
2022-10-12 19:39:25,931 : INFO : EventManager : Event: ======'machine_var_audits_switches_s_drop_mid_mid'====== Args={'value': 85, 'prev_value': None, 'change': True}
2022-10-12 19:39:25,931 : INFO : EventManager : Event: ======'machine_var_audits_switches_s_drop_mid_right'====== Args={'value': 8, 'prev_value': None, 'change': True}
2022-10-12 19:39:25,931 : INFO : EventManager : Event: ======'machine_var_audits_switches_s_drop_right_left'====== Args={'value': 24, 'prev_value': None, 'change': True}
2022-10-12 19:39:25,931 : INFO : EventManager : Event: ======'machine_var_audits_switches_s_drop_right_right'====== Args={'value': 61, 'prev_value': None, 'change': True}
2022-10-12 19:39:25,931 : INFO : EventManager : Event: ======'machine_var_audits_switches_s_drop_single'====== Args={'value': 41, 'prev_value': None, 'change': True}
2022-10-12 19:39:25,932 : INFO : EventManager : Event: ======'machine_var_audits_switches_s_eos_left'====== Args={'value': 71, 'prev_value': None, 'change': True}
2022-10-12 19:39:25,932 : INFO : EventManager : Event: ======'machine_var_audits_switches_s_eos_left_top'====== Args={'value': 961, 'prev_value': None, 'change': True}
2022-10-12 19:39:25,932 : INFO : EventManager : Event: ======'machine_var_audits_switches_s_eos_right'====== Args={'value': 96, 'prev_value': None, 'change': True}
2022-10-12 19:39:25,932 : INFO : EventManager : Event: ======'machine_var_audits_switches_s_launch'====== Args={'value': 59, 'prev_value': None, 'change': True}
2022-10-12 19:39:25,932 : INFO : EventManager : Event: ======'machine_var_audits_switches_s_left_flipper'====== Args={'value': 1067, 'prev_value': None, 'change': True}
2022-10-12 19:39:25,932 : INFO : EventManager : Event: ======'machine_var_audits_switches_s_left_inlane'====== Args={'value': 26, 'prev_value': None, 'change': True}
2022-10-12 19:39:25,933 : INFO : EventManager : Event: ======'machine_var_audits_switches_s_left_outlane'====== Args={'value': 5, 'prev_value': None, 'change': True}
2022-10-12 19:39:25,933 : INFO : EventManager : Event: ======'machine_var_audits_switches_s_pop_left'====== Args={'value': 176, 'prev_value': None, 'change': True}
2022-10-12 19:39:25,933 : INFO : EventManager : Event: ======'machine_var_audits_switches_s_pop_lower'====== Args={'value': 261, 'prev_value': None, 'change': True}
2022-10-12 19:39:25,933 : INFO : EventManager : Event: ======'machine_var_audits_switches_s_pop_right'====== Args={'value': 343, 'prev_value': None, 'change': True}
2022-10-12 19:39:25,934 : INFO : EventManager : Event: ======'machine_var_audits_switches_s_right_flipper'====== Args={'value': 1051, 'prev_value': None, 'change': True}
2022-10-12 19:39:25,934 : INFO : EventManager : Event: ======'machine_var_audits_switches_s_right_inlane'====== Args={'value': 0, 'prev_value': None, 'change': True}
2022-10-12 19:39:25,934 : INFO : EventManager : Event: ======'machine_var_audits_switches_s_right_outlane'====== Args={'value': 79, 'prev_value': None, 'change': True}
2022-10-12 19:39:25,934 : INFO : EventManager : Event: ======'machine_var_audits_switches_s_rollover_left'====== Args={'value': 71, 'prev_value': None, 'change': True}
2022-10-12 19:39:25,934 : INFO : EventManager : Event: ======'machine_var_audits_switches_s_rollover_right'====== Args={'value': 46, 'prev_value': None, 'change': True}
2022-10-12 19:39:25,935 : INFO : EventManager : Event: ======'machine_var_audits_switches_s_sling_left'====== Args={'value': 43, 'prev_value': None, 'change': True}
2022-10-12 19:39:25,935 : INFO : EventManager : Event: ======'machine_var_audits_switches_s_sling_right'====== Args={'value': 136, 'prev_value': None, 'change': True}
2022-10-12 19:39:25,935 : INFO : EventManager : Event: ======'machine_var_audits_switches_s_start'====== Args={'value': 154, 'prev_value': None, 'change': True}
2022-10-12 19:39:25,935 : INFO : EventManager : Event: ======'machine_var_audits_switches_s_tilt'====== Args={'value': 129, 'prev_value': None, 'change': True}
2022-10-12 19:39:25,936 : INFO : EventManager : Event: ======'machine_var_audits_switches_s_transfer_rollover'====== Args={'value': 3, 'prev_value': None, 'change': True}
2022-10-12 19:39:25,936 : INFO : EventManager : Event: ======'machine_var_audits_switches_s_trough_1'====== Args={'value': 57, 'prev_value': None, 'change': True}
2022-10-12 19:39:25,936 : INFO : EventManager : Event: ======'machine_var_audits_switches_s_trough_2'====== Args={'value': 211, 'prev_value': None, 'change': True}
2022-10-12 19:39:25,936 : INFO : EventManager : Event: ======'machine_var_audits_switches_s_trough_3'====== Args={'value': 103, 'prev_value': None, 'change': True}
2022-10-12 19:39:25,937 : INFO : EventManager : Event: ======'machine_var_audits_switches_s_trough_4'====== Args={'value': 105, 'prev_value': None, 'change': True}
2022-10-12 19:39:25,937 : INFO : EventManager : Event: ======'machine_var_audits_switches_s_trough_5'====== Args={'value': 111, 'prev_value': None, 'change': True}
2022-10-12 19:39:25,937 : INFO : EventManager : Event: ======'machine_var_audits_switches_s_trough_6'====== Args={'value': 187, 'prev_value': None, 'change': True}
2022-10-12 19:39:25,937 : INFO : EventManager : Event: ======'machine_var_audits_switches_s_trough_jam'====== Args={'value': 108, 'prev_value': None, 'change': True}
2022-10-12 19:39:25,938 : INFO : EventManager : Event: ======'machine_var_audits_switches_s_upper_drop'====== Args={'value': 0, 'prev_value': None, 'change': True}
2022-10-12 19:39:25,938 : INFO : EventManager : Event: ======'machine_var_audits_switches_s_upper_rollover'====== Args={'value': 24, 'prev_value': None, 'change': True}
2022-10-12 19:39:25,939 : INFO : EventManager : Event: ======'machine_var_audits_switches_s_upper_stationary'====== Args={'value': 13, 'prev_value': None, 'change': True}
2022-10-12 19:39:25,939 : INFO : EventManager : Event: ======'machine_var_audits_switches_s_vuk_back'====== Args={'value': 1, 'prev_value': None, 'change': True}
2022-10-12 19:39:25,939 : INFO : EventManager : Event: ======'machine_var_audits_switches_s_vuk_right'====== Args={'value': 3, 'prev_value': None, 'change': True}
2022-10-12 19:39:25,939 : INFO : EventManager : Event: ======'machine_var_audits_switches_s_vuk_top'====== Args={'value': 29, 'prev_value': None, 'change': True}
2022-10-12 19:39:25,940 : INFO : EventManager : Event: ======'init_phase_5'====== Args={}
2022-10-12 19:39:25,964 : INFO : EventManager : Event: ======'init_done'====== Args={}
2022-10-12 19:39:25,965 : INFO : SwitchController : <<<<<<< 's_right_flipper' active >>>>>>>
2022-10-12 19:39:25,965 : INFO : SwitchController : <<<<<<< 's_right_flipper' inactive >>>>>>>
2022-10-12 19:39:25,965 : INFO : SwitchController : <<<<<<< 's_right_flipper' active >>>>>>>
2022-10-12 19:39:25,965 : INFO : SwitchController : <<<<<<< 's_right_flipper' inactive >>>>>>>
2022-10-12 19:39:25,965 : INFO : EventManager : Event: ======'machine_reset_phase_1'====== Args={}
2022-10-12 19:39:25,969 : INFO : EventManager : Event: ======'machine_reset_phase_2'====== Args={}
2022-10-12 19:39:25,969 : INFO : EventManager : Event: ======'machine_reset_phase_3'====== Args={}
2022-10-12 19:39:25,970 : INFO : EventManager : Event: ======'mode_tilt_will_start'====== Args={'queue': <QueuedEvent>}
2022-10-12 19:39:25,970 : INFO : EventManager : Event: ======'mode_tilt_starting'====== Args={'queue': <QueuedEvent>}
2022-10-12 19:39:25,970 : INFO : drop_target_bank.single_main : All targets are already up. Will not reset bank.
2022-10-12 19:39:25,970 : INFO : drop_target_bank.mid : All targets are already up. Will not reset bank.
2022-10-12 19:39:25,970 : INFO : drop_target_bank.right : 1 targets are down. Will reset those.
2022-10-12 19:39:25,970 : INFO : coil.c_drop_right : Pulsing Driver for 10ms (1.0 pulse_power)
2022-10-12 19:39:25,971 : INFO : Mode.tilt : Started. Priority: 1000000
2022-10-12 19:39:25,971 : INFO : EventManager : Event: ======'modes_active_modes_changed'====== Args={}
2022-10-12 19:39:25,971 : INFO : EventManager : Event: ======'mode_tilt_started'====== Args={'queue': <QueuedEvent>}
2022-10-12 19:39:25,972 : INFO : EventManager : Event: ======'reset_complete'====== Args={}
2022-10-12 19:39:25,972 : INFO : EventManager : Event: ======'mode_attract_will_start'====== Args={}
2022-10-12 19:39:25,972 : INFO : EventManager : Event: ======'mode_attract_starting'====== Args={}
2022-10-12 19:39:25,972 : INFO : Mode.attract : Started. Priority: 10
2022-10-12 19:39:25,972 : INFO : EventManager : Event: ======'modes_active_modes_changed'====== Args={}
2022-10-12 19:39:25,973 : INFO : EventManager : Event: ======'mode_attract_started'====== Args={}
2022-10-12 19:39:25,973 : INFO : EventManager : Event: ======'collecting_balls_complete'====== Args={}
2022-10-12 19:39:25,994 : INFO : coil.c_drop_right : Pulsing Driver for 10ms (1.0 pulse_power)
2022-10-12 19:39:25,995 : INFO : Machine : Starting the main run loop.
2022-10-12 19:39:26,061 : INFO : BcpServer : New client connected.
2022-10-12 19:39:26,453 : INFO : EventManager : Event: ======'drop_target_bank_right_mixed'====== Args={'prev_value': <DropTargetBankState.MIXED: 'mixed'>, 'down': 1}
2022-10-12 19:39:27,471 : INFO : SwitchController : <<<<<<< 's_right_flipper' active >>>>>>>
2022-10-12 19:39:27,582 : INFO : SwitchController : <<<<<<< 's_left_flipper' active >>>>>>>
2022-10-12 19:39:27,582 : INFO : EventManager : Event: ======'flipper_cancel'====== Args={'triggering_group': 1, 'triggering_switch': 's_left_flipper'}
2022-10-12 19:39:27,614 : INFO : SwitchController : <<<<<<< 's_left_flipper' inactive >>>>>>>
2022-10-12 19:39:27,614 : INFO : EventManager : Event: ======'both_flippers_one'====== Args={'triggering_group': 1, 'triggering_switch': 's_left_flipper'}
2022-10-12 19:39:27,615 : INFO : SwitchController : <<<<<<< 's_eos_left_top' active >>>>>>>
2022-10-12 19:39:27,661 : INFO : SwitchController : <<<<<<< 's_right_flipper' inactive >>>>>>>
2022-10-12 19:39:27,661 : INFO : EventManager : Event: ======'both_flippers_inactive'====== Args={'triggering_group': 2, 'triggering_switch': 's_right_flipper'}
2022-10-12 19:39:27,725 : INFO : SwitchController : <<<<<<< 's_eos_left_top' inactive >>>>>>>
2022-10-12 19:39:27,947 : INFO : SwitchController : <<<<<<< 's_left_flipper' active >>>>>>>
2022-10-12 19:39:27,980 : INFO : SwitchController : <<<<<<< 's_eos_left_top' active >>>>>>>
2022-10-12 19:39:28,329 : INFO : SwitchController : <<<<<<< 's_right_flipper' active >>>>>>>
2022-10-12 19:39:28,329 : INFO : EventManager : Event: ======'flipper_cancel'====== Args={'triggering_group': 2, 'triggering_switch': 's_right_flipper'}
2022-10-12 19:39:29,416 : INFO : SwitchController : <<<<<<< 's_left_flipper' inactive >>>>>>>
2022-10-12 19:39:29,416 : INFO : EventManager : Event: ======'both_flippers_one'====== Args={'triggering_group': 1, 'triggering_switch': 's_left_flipper'}
2022-10-12 19:39:29,421 : INFO : SwitchController : <<<<<<< 's_right_flipper' inactive >>>>>>>
2022-10-12 19:39:29,421 : INFO : EventManager : Event: ======'both_flippers_inactive'====== Args={'triggering_group': 2, 'triggering_switch': 's_right_flipper'}
2022-10-12 19:39:29,522 : INFO : SwitchController : <<<<<<< 's_eos_left_top' inactive >>>>>>>
2022-10-12 19:39:30,104 : INFO : SwitchController : <<<<<<< 's_right_flipper' active >>>>>>>
2022-10-12 19:39:30,686 : INFO : SwitchController : <<<<<<< 's_left_flipper' active >>>>>>>
2022-10-12 19:39:30,686 : INFO : EventManager : Event: ======'flipper_cancel'====== Args={'triggering_group': 1, 'triggering_switch': 's_left_flipper'}
2022-10-12 19:39:30,715 : INFO : SwitchController : <<<<<<< 's_eos_left_top' active >>>>>>>
2022-10-12 19:39:30,778 : INFO : SwitchController : <<<<<<< 's_right_flipper' inactive >>>>>>>
2022-10-12 19:39:30,778 : INFO : EventManager : Event: ======'both_flippers_one'====== Args={'triggering_group': 2, 'triggering_switch': 's_right_flipper'}
2022-10-12 19:39:30,919 : INFO : SwitchController : <<<<<<< 's_right_flipper' active >>>>>>>
2022-10-12 19:39:30,919 : INFO : EventManager : Event: ======'flipper_cancel'====== Args={'triggering_group': 2, 'triggering_switch': 's_right_flipper'}
2022-10-12 19:39:31,218 : INFO : SwitchController : <<<<<<< 's_left_flipper' inactive >>>>>>>
2022-10-12 19:39:31,218 : INFO : EventManager : Event: ======'both_flippers_one'====== Args={'triggering_group': 1, 'triggering_switch': 's_left_flipper'}
2022-10-12 19:39:31,299 : INFO : SwitchController : <<<<<<< 's_left_flipper' active >>>>>>>
2022-10-12 19:39:31,299 : INFO : EventManager : Event: ======'flipper_cancel'====== Args={'triggering_group': 1, 'triggering_switch': 's_left_flipper'}
2022-10-12 19:39:31,504 : INFO : SwitchController : <<<<<<< 's_right_flipper' inactive >>>>>>>
2022-10-12 19:39:31,505 : INFO : EventManager : Event: ======'both_flippers_one'====== Args={'triggering_group': 2, 'triggering_switch': 's_right_flipper'}
2022-10-12 19:39:31,691 : INFO : SwitchController : <<<<<<< 's_right_flipper' active >>>>>>>
2022-10-12 19:39:31,691 : INFO : EventManager : Event: ======'flipper_cancel'====== Args={'triggering_group': 2, 'triggering_switch': 's_right_flipper'}
2022-10-12 19:39:31,691 : INFO : SwitchController : <<<<<<< 's_right_flipper' inactive >>>>>>>
2022-10-12 19:39:31,692 : INFO : EventManager : Event: ======'both_flippers_one'====== Args={'triggering_group': 2, 'triggering_switch': 's_right_flipper'}
2022-10-12 19:39:31,706 : INFO : SwitchController : <<<<<<< 's_right_flipper' active >>>>>>>
2022-10-12 19:39:31,706 : INFO : EventManager : Event: ======'flipper_cancel'====== Args={'triggering_group': 2, 'triggering_switch': 's_right_flipper'}
2022-10-12 19:39:32,130 : INFO : SwitchController : <<<<<<< 's_left_flipper' inactive >>>>>>>
2022-10-12 19:39:32,130 : INFO : EventManager : Event: ======'both_flippers_one'====== Args={'triggering_group': 1, 'triggering_switch': 's_left_flipper'}
2022-10-12 19:39:32,178 : INFO : SwitchController : <<<<<<< 's_right_flipper' inactive >>>>>>>
2022-10-12 19:39:32,179 : INFO : EventManager : Event: ======'both_flippers_inactive'====== Args={'triggering_group': 2, 'triggering_switch': 's_right_flipper'}
2022-10-12 19:39:32,226 : INFO : SwitchController : <<<<<<< 's_left_flipper' active >>>>>>>
2022-10-12 19:39:32,352 : INFO : SwitchController : <<<<<<< 's_right_flipper' active >>>>>>>
2022-10-12 19:39:32,352 : INFO : EventManager : Event: ======'flipper_cancel'====== Args={'triggering_group': 2, 'triggering_switch': 's_right_flipper'}
2022-10-12 19:39:32,463 : INFO : SwitchController : <<<<<<< 's_right_flipper' inactive >>>>>>>
2022-10-12 19:39:32,463 : INFO : EventManager : Event: ======'both_flippers_one'====== Args={'triggering_group': 2, 'triggering_switch': 's_right_flipper'}
2022-10-12 19:39:32,713 : INFO : SwitchController : <<<<<<< 's_right_flipper' active >>>>>>>
2022-10-12 19:39:32,713 : INFO : EventManager : Event: ======'flipper_cancel'====== Args={'triggering_group': 2, 'triggering_switch': 's_right_flipper'}
2022-10-12 19:39:32,902 : INFO : SwitchController : <<<<<<< 's_left_flipper' inactive >>>>>>>
2022-10-12 19:39:32,902 : INFO : EventManager : Event: ======'both_flippers_one'====== Args={'triggering_group': 1, 'triggering_switch': 's_left_flipper'}
2022-10-12 19:39:33,011 : INFO : SwitchController : <<<<<<< 's_eos_left_top' inactive >>>>>>>
2022-10-12 19:39:33,138 : INFO : SwitchController : <<<<<<< 's_left_flipper' active >>>>>>>
2022-10-12 19:39:33,138 : INFO : EventManager : Event: ======'flipper_cancel'====== Args={'triggering_group': 1, 'triggering_switch': 's_left_flipper'}
2022-10-12 19:39:33,169 : INFO : SwitchController : <<<<<<< 's_eos_left_top' active >>>>>>>
2022-10-12 19:39:33,186 : INFO : SwitchController : <<<<<<< 's_right_flipper' inactive >>>>>>>
2022-10-12 19:39:33,186 : INFO : EventManager : Event: ======'both_flippers_one'====== Args={'triggering_group': 2, 'triggering_switch': 's_right_flipper'}
2022-10-12 19:39:33,674 : INFO : SwitchController : <<<<<<< 's_right_flipper' active >>>>>>>
2022-10-12 19:39:33,674 : INFO : EventManager : Event: ======'flipper_cancel'====== Args={'triggering_group': 2, 'triggering_switch': 's_right_flipper'}
2022-10-12 19:39:33,691 : INFO : SwitchController : <<<<<<< 's_left_flipper' inactive >>>>>>>
2022-10-12 19:39:33,691 : INFO : EventManager : Event: ======'both_flippers_one'====== Args={'triggering_group': 1, 'triggering_switch': 's_left_flipper'}
2022-10-12 19:39:33,801 : INFO : SwitchController : <<<<<<< 's_eos_left_top' inactive >>>>>>>
2022-10-12 19:39:33,820 : INFO : SwitchController : <<<<<<< 's_left_flipper' active >>>>>>>
2022-10-12 19:39:33,821 : INFO : EventManager : Event: ======'flipper_cancel'====== Args={'triggering_group': 1, 'triggering_switch': 's_left_flipper'}
2022-10-12 19:39:33,833 : INFO : SwitchController : <<<<<<< 's_right_flipper' inactive >>>>>>>
2022-10-12 19:39:33,833 : INFO : EventManager : Event: ======'both_flippers_one'====== Args={'triggering_group': 2, 'triggering_switch': 's_right_flipper'}
2022-10-12 19:39:33,849 : INFO : SwitchController : <<<<<<< 's_eos_left_top' active >>>>>>>
2022-10-12 19:39:34,212 : INFO : SwitchController : <<<<<<< 's_right_flipper' active >>>>>>>
2022-10-12 19:39:34,212 : INFO : EventManager : Event: ======'flipper_cancel'====== Args={'triggering_group': 2, 'triggering_switch': 's_right_flipper'}
2022-10-12 19:39:34,418 : INFO : SwitchController : <<<<<<< 's_right_flipper' inactive >>>>>>>
2022-10-12 19:39:34,418 : INFO : EventManager : Event: ======'both_flippers_one'====== Args={'triggering_group': 2, 'triggering_switch': 's_right_flipper'}
2022-10-12 19:39:34,433 : INFO : SwitchController : <<<<<<< 's_left_flipper' inactive >>>>>>>
2022-10-12 19:39:34,434 : INFO : EventManager : Event: ======'both_flippers_inactive'====== Args={'triggering_group': 1, 'triggering_switch': 's_left_flipper'}
2022-10-12 19:39:34,528 : INFO : SwitchController : <<<<<<< 's_eos_left_top' inactive >>>>>>>
2022-10-12 19:39:34,591 : INFO : SwitchController : <<<<<<< 's_right_flipper' active >>>>>>>
2022-10-12 19:39:34,592 : INFO : SwitchController : <<<<<<< 's_left_flipper' active >>>>>>>
2022-10-12 19:39:34,592 : INFO : EventManager : Event: ======'flipper_cancel'====== Args={'triggering_group': 1, 'triggering_switch': 's_left_flipper'}
2022-10-12 19:39:34,623 : INFO : SwitchController : <<<<<<< 's_eos_left_top' active >>>>>>>
2022-10-12 19:39:34,828 : INFO : SwitchController : <<<<<<< 's_right_flipper' inactive >>>>>>>
2022-10-12 19:39:34,828 : INFO : EventManager : Event: ======'both_flippers_one'====== Args={'triggering_group': 2, 'triggering_switch': 's_right_flipper'}
2022-10-12 19:39:35,046 : INFO : SwitchController : <<<<<<< 's_right_flipper' active >>>>>>>
2022-10-12 19:39:35,046 : INFO : EventManager : Event: ======'flipper_cancel'====== Args={'triggering_group': 2, 'triggering_switch': 's_right_flipper'}
2022-10-12 19:39:35,062 : INFO : SwitchController : <<<<<<< 's_right_flipper' inactive >>>>>>>
2022-10-12 19:39:35,062 : INFO : EventManager : Event: ======'both_flippers_one'====== Args={'triggering_group': 2, 'triggering_switch': 's_right_flipper'}
2022-10-12 19:39:35,063 : INFO : SwitchController : <<<<<<< 's_right_flipper' active >>>>>>>
2022-10-12 19:39:35,063 : INFO : EventManager : Event: ======'flipper_cancel'====== Args={'triggering_group': 2, 'triggering_switch': 's_right_flipper'}
2022-10-12 19:39:35,284 : INFO : SwitchController : <<<<<<< 's_right_flipper' inactive >>>>>>>
2022-10-12 19:39:35,284 : INFO : EventManager : Event: ======'both_flippers_one'====== Args={'triggering_group': 2, 'triggering_switch': 's_right_flipper'}
2022-10-12 19:39:35,316 : INFO : SwitchController : <<<<<<< 's_left_flipper' inactive >>>>>>>
2022-10-12 19:39:35,316 : INFO : EventManager : Event: ======'both_flippers_inactive'====== Args={'triggering_group': 1, 'triggering_switch': 's_left_flipper'}
2022-10-12 19:39:35,416 : INFO : SwitchController : <<<<<<< 's_eos_left_top' inactive >>>>>>>
2022-10-12 19:39:35,929 : INFO : SwitchController : <<<<<<< 's_left_flipper' active >>>>>>>
2022-10-12 19:39:35,976 : INFO : SwitchController : <<<<<<< 's_eos_left_top' active >>>>>>>
2022-10-12 19:39:36,526 : INFO : SwitchController : <<<<<<< 's_left_flipper' inactive >>>>>>>
2022-10-12 19:39:36,635 : INFO : SwitchController : <<<<<<< 's_eos_left_top' inactive >>>>>>>
2022-10-12 19:39:36,654 : INFO : SwitchController : <<<<<<< 's_left_flipper' active >>>>>>>
2022-10-12 19:39:36,666 : INFO : SwitchController : <<<<<<< 's_eos_left_top' active >>>>>>>
2022-10-12 19:39:36,791 : INFO : SwitchController : <<<<<<< 's_left_flipper' inactive >>>>>>>
2022-10-12 19:39:36,884 : INFO : SwitchController : <<<<<<< 's_eos_left_top' inactive >>>>>>>
2022-10-12 19:39:36,917 : INFO : SwitchController : <<<<<<< 's_left_flipper' active >>>>>>>
2022-10-12 19:39:36,947 : INFO : SwitchController : <<<<<<< 's_eos_left_top' active >>>>>>>
2022-10-12 19:39:36,968 : INFO : SwitchController : <<<<<<< 's_left_flipper' inactive >>>>>>>
2022-10-12 19:39:37,071 : INFO : SwitchController : <<<<<<< 's_eos_left_top' inactive >>>>>>>
2022-10-12 19:39:37,134 : INFO : SwitchController : <<<<<<< 's_left_flipper' active >>>>>>>
2022-10-12 19:39:37,166 : INFO : SwitchController : <<<<<<< 's_eos_left_top' active >>>>>>>
2022-10-12 19:39:37,274 : INFO : SwitchController : <<<<<<< 's_left_flipper' inactive >>>>>>>
2022-10-12 19:39:37,385 : INFO : SwitchController : <<<<<<< 's_eos_left_top' inactive >>>>>>>
2022-10-12 19:39:37,776 : INFO : SwitchController : <<<<<<< 's_right_flipper' active >>>>>>>
2022-10-12 19:39:37,871 : INFO : SwitchController : <<<<<<< 's_right_flipper' inactive >>>>>>>
2022-10-12 19:39:37,996 : INFO : SwitchController : <<<<<<< 's_left_flipper' active >>>>>>>
2022-10-12 19:39:38,028 : INFO : SwitchController : <<<<<<< 's_eos_left_top' active >>>>>>>
2022-10-12 19:39:38,028 : INFO : SwitchController : <<<<<<< 's_right_flipper' active >>>>>>>
2022-10-12 19:39:38,028 : INFO : EventManager : Event: ======'flipper_cancel'====== Args={'triggering_group': 2, 'triggering_switch': 's_right_flipper'}
2022-10-12 19:39:38,043 : INFO : SwitchController : <<<<<<< 's_right_flipper' inactive >>>>>>>
2022-10-12 19:39:38,043 : INFO : EventManager : Event: ======'both_flippers_one'====== Args={'triggering_group': 2, 'triggering_switch': 's_right_flipper'}
2022-10-12 19:39:38,482 : INFO : SwitchController : <<<<<<< 's_left_flipper' inactive >>>>>>>
2022-10-12 19:39:38,482 : INFO : EventManager : Event: ======'both_flippers_inactive'====== Args={'triggering_group': 1, 'triggering_switch': 's_left_flipper'}
2022-10-12 19:39:38,578 : INFO : SwitchController : <<<<<<< 's_eos_left_top' inactive >>>>>>>
2022-10-12 19:39:38,702 : INFO : SwitchController : <<<<<<< 's_left_flipper' active >>>>>>>
2022-10-12 19:39:38,734 : INFO : SwitchController : <<<<<<< 's_eos_left_top' active >>>>>>>
2022-10-12 19:39:38,845 : INFO : SwitchController : <<<<<<< 's_left_flipper' inactive >>>>>>>
2022-10-12 19:39:38,938 : INFO : SwitchController : <<<<<<< 's_eos_left_top' inactive >>>>>>>
2022-10-12 19:39:38,958 : INFO : SwitchController : <<<<<<< 's_left_flipper' active >>>>>>>
2022-10-12 19:39:38,970 : INFO : SwitchController : <<<<<<< 's_eos_left_top' active >>>>>>>
2022-10-12 19:39:39,079 : INFO : SwitchController : <<<<<<< 's_left_flipper' inactive >>>>>>>
2022-10-12 19:39:39,189 : INFO : SwitchController : <<<<<<< 's_eos_left_top' inactive >>>>>>>
2022-10-12 19:39:39,190 : INFO : SwitchController : <<<<<<< 's_left_flipper' active >>>>>>>
2022-10-12 19:39:39,208 : INFO : SwitchController : <<<<<<< 's_eos_left_top' active >>>>>>>
2022-10-12 19:39:39,598 : INFO : SwitchController : <<<<<<< 's_right_flipper' active >>>>>>>
2022-10-12 19:39:39,598 : INFO : EventManager : Event: ======'flipper_cancel'====== Args={'triggering_group': 2, 'triggering_switch': 's_right_flipper'}
2022-10-12 19:39:39,645 : INFO : SwitchController : <<<<<<< 's_right_flipper' inactive >>>>>>>
2022-10-12 19:39:39,645 : INFO : EventManager : Event: ======'both_flippers_one'====== Args={'triggering_group': 2, 'triggering_switch': 's_right_flipper'}
2022-10-12 19:39:39,676 : INFO : SwitchController : <<<<<<< 's_left_flipper' inactive >>>>>>>
2022-10-12 19:39:39,677 : INFO : EventManager : Event: ======'both_flippers_inactive'====== Args={'triggering_group': 1, 'triggering_switch': 's_left_flipper'}
2022-10-12 19:39:39,772 : INFO : SwitchController : <<<<<<< 's_eos_left_top' inactive >>>>>>>
2022-10-12 19:39:39,850 : INFO : SwitchController : <<<<<<< 's_left_flipper' active >>>>>>>
2022-10-12 19:39:39,870 : INFO : SwitchController : <<<<<<< 's_eos_left_top' active >>>>>>>
2022-10-12 19:39:40,371 : INFO : SwitchController : <<<<<<< 's_right_flipper' active >>>>>>>
2022-10-12 19:39:40,372 : INFO : EventManager : Event: ======'flipper_cancel'====== Args={'triggering_group': 2, 'triggering_switch': 's_right_flipper'}
2022-10-12 19:39:40,372 : INFO : SwitchController : <<<<<<< 's_right_flipper' inactive >>>>>>>
2022-10-12 19:39:40,372 : INFO : EventManager : Event: ======'both_flippers_one'====== Args={'triggering_group': 2, 'triggering_switch': 's_right_flipper'}
2022-10-12 19:39:40,387 : INFO : SwitchController : <<<<<<< 's_right_flipper' active >>>>>>>
2022-10-12 19:39:40,387 : INFO : EventManager : Event: ======'flipper_cancel'====== Args={'triggering_group': 2, 'triggering_switch': 's_right_flipper'}
2022-10-12 19:39:40,388 : INFO : SwitchController : <<<<<<< 's_right_flipper' inactive >>>>>>>
2022-10-12 19:39:40,388 : INFO : EventManager : Event: ======'both_flippers_one'====== Args={'triggering_group': 2, 'triggering_switch': 's_right_flipper'}
2022-10-12 19:39:40,388 : INFO : SwitchController : <<<<<<< 's_right_flipper' active >>>>>>>
2022-10-12 19:39:40,388 : INFO : EventManager : Event: ======'flipper_cancel'====== Args={'triggering_group': 2, 'triggering_switch': 's_right_flipper'}
2022-10-12 19:39:40,467 : INFO : SwitchController : <<<<<<< 's_right_flipper' inactive >>>>>>>
2022-10-12 19:39:40,467 : INFO : EventManager : Event: ======'both_flippers_one'====== Args={'triggering_group': 2, 'triggering_switch': 's_right_flipper'}
2022-10-12 19:39:40,468 : INFO : SwitchController : <<<<<<< 's_right_flipper' active >>>>>>>
2022-10-12 19:39:40,468 : INFO : EventManager : Event: ======'flipper_cancel'====== Args={'triggering_group': 2, 'triggering_switch': 's_right_flipper'}
2022-10-12 19:39:40,468 : INFO : SwitchController : <<<<<<< 's_right_flipper' inactive >>>>>>>
2022-10-12 19:39:40,468 : INFO : EventManager : Event: ======'both_flippers_one'====== Args={'triggering_group': 2, 'triggering_switch': 's_right_flipper'}
2022-10-12 19:39:40,469 : INFO : SwitchController : <<<<<<< 's_right_flipper' active >>>>>>>
2022-10-12 19:39:40,469 : INFO : EventManager : Event: ======'flipper_cancel'====== Args={'triggering_group': 2, 'triggering_switch': 's_right_flipper'}
2022-10-12 19:39:40,483 : INFO : SwitchController : <<<<<<< 's_right_flipper' inactive >>>>>>>
2022-10-12 19:39:40,483 : INFO : EventManager : Event: ======'both_flippers_one'====== Args={'triggering_group': 2, 'triggering_switch': 's_right_flipper'}
2022-10-12 19:39:40,579 : INFO : SwitchController : <<<<<<< 's_right_flipper' active >>>>>>>
2022-10-12 19:39:40,579 : INFO : EventManager : Event: ======'flipper_cancel'====== Args={'triggering_group': 2, 'triggering_switch': 's_right_flipper'}
2022-10-12 19:39:40,657 : INFO : SwitchController : <<<<<<< 's_left_flipper' inactive >>>>>>>
2022-10-12 19:39:40,657 : INFO : EventManager : Event: ======'both_flippers_one'====== Args={'triggering_group': 1, 'triggering_switch': 's_left_flipper'}
2022-10-12 19:39:40,769 : INFO : SwitchController : <<<<<<< 's_eos_left_top' inactive >>>>>>>
2022-10-12 19:39:40,832 : INFO : SwitchController : <<<<<<< 's_right_flipper' inactive >>>>>>>
2022-10-12 19:39:40,832 : INFO : EventManager : Event: ======'both_flippers_inactive'====== Args={'triggering_group': 2, 'triggering_switch': 's_right_flipper'}
2022-10-12 19:39:41,222 : INFO : SwitchController : <<<<<<< 's_left_flipper' active >>>>>>>
2022-10-12 19:39:41,243 : INFO : SwitchController : <<<<<<< 's_eos_left_top' active >>>>>>>
2022-10-12 19:39:41,315 : INFO : SwitchController : <<<<<<< 's_right_flipper' active >>>>>>>
2022-10-12 19:39:41,316 : INFO : EventManager : Event: ======'flipper_cancel'====== Args={'triggering_group': 2, 'triggering_switch': 's_right_flipper'}
2022-10-12 19:39:41,803 : INFO : SwitchController : <<<<<<< 's_left_flipper' inactive >>>>>>>
2022-10-12 19:39:41,803 : INFO : EventManager : Event: ======'both_flippers_one'====== Args={'triggering_group': 1, 'triggering_switch': 's_left_flipper'}
2022-10-12 19:39:41,913 : INFO : SwitchController : <<<<<<< 's_eos_left_top' inactive >>>>>>>
2022-10-12 19:39:42,070 : INFO : SwitchController : <<<<<<< 's_right_flipper' inactive >>>>>>>
2022-10-12 19:39:42,070 : INFO : EventManager : Event: ======'both_flippers_inactive'====== Args={'triggering_group': 2, 'triggering_switch': 's_right_flipper'}
2022-10-12 19:39:42,433 : INFO : SwitchController : <<<<<<< 's_right_flipper' active >>>>>>>
2022-10-12 19:39:42,433 : INFO : SwitchController : <<<<<<< 's_right_flipper' inactive >>>>>>>
2022-10-12 19:39:42,448 : INFO : SwitchController : <<<<<<< 's_right_flipper' active >>>>>>>
2022-10-12 19:39:42,498 : INFO : SwitchController : <<<<<<< 's_right_flipper' inactive >>>>>>>
2022-10-12 19:39:42,638 : INFO : SwitchController : <<<<<<< 's_right_flipper' active >>>>>>>
2022-10-12 19:39:42,856 : INFO : SwitchController : <<<<<<< 's_left_flipper' active >>>>>>>
2022-10-12 19:39:42,856 : INFO : EventManager : Event: ======'flipper_cancel'====== Args={'triggering_group': 1, 'triggering_switch': 's_left_flipper'}
2022-10-12 19:39:42,873 : INFO : SwitchController : <<<<<<< 's_eos_left_top' active >>>>>>>
2022-10-12 19:39:42,953 : INFO : SwitchController : <<<<<<< 's_right_flipper' inactive >>>>>>>
2022-10-12 19:39:42,953 : INFO : EventManager : Event: ======'both_flippers_one'====== Args={'triggering_group': 2, 'triggering_switch': 's_right_flipper'}
2022-10-12 19:39:43,168 : INFO : SwitchController : <<<<<<< 's_left_flipper' inactive >>>>>>>
2022-10-12 19:39:43,169 : INFO : EventManager : Event: ======'both_flippers_inactive'====== Args={'triggering_group': 1, 'triggering_switch': 's_left_flipper'}
2022-10-12 19:39:43,248 : INFO : SwitchController : <<<<<<< 's_left_flipper' active >>>>>>>
2022-10-12 19:39:45,053 : INFO : SwitchController : <<<<<<< 's_left_flipper' inactive >>>>>>>
2022-10-12 19:39:45,165 : INFO : SwitchController : <<<<<<< 's_eos_left_top' inactive >>>>>>>
2022-10-12 19:39:45,304 : INFO : SwitchController : <<<<<<< 's_left_flipper' active >>>>>>>
2022-10-12 19:39:45,333 : INFO : SwitchController : <<<<<<< 's_eos_left_top' active >>>>>>>
2022-10-12 19:39:46,086 : INFO : SwitchController : <<<<<<< 's_left_flipper' inactive >>>>>>>
2022-10-12 19:39:46,195 : INFO : SwitchController : <<<<<<< 's_eos_left_top' inactive >>>>>>>
2022-10-12 19:39:46,286 : INFO : SwitchController : <<<<<<< 's_left_flipper' active >>>>>>>
2022-10-12 19:39:46,317 : INFO : SwitchController : <<<<<<< 's_eos_left_top' active >>>>>>>
2022-10-12 19:39:46,724 : INFO : SwitchController : <<<<<<< 's_left_flipper' inactive >>>>>>>
2022-10-12 19:39:46,835 : INFO : SwitchController : <<<<<<< 's_eos_left_top' inactive >>>>>>>
2022-10-12 19:39:47,242 : INFO : SwitchController : <<<<<<< 's_left_flipper' active >>>>>>>
2022-10-12 19:39:47,286 : INFO : SwitchController : <<<<<<< 's_eos_left_top' active >>>>>>>
2022-10-12 19:39:47,415 : INFO : SwitchController : <<<<<<< 's_left_flipper' inactive >>>>>>>
2022-10-12 19:39:47,520 : INFO : SwitchController : <<<<<<< 's_eos_left_top' inactive >>>>>>>
2022-10-12 19:39:48,630 : INFO : SwitchController : <<<<<<< 's_right_flipper' active >>>>>>>
2022-10-12 19:39:49,901 : INFO : SwitchController : <<<<<<< 's_right_flipper' inactive >>>>>>>
2022-10-12 19:39:49,901 : INFO : SwitchController : <<<<<<< 's_right_flipper' active >>>>>>>
2022-10-12 19:39:49,915 : INFO : SwitchController : <<<<<<< 's_right_flipper' inactive >>>>>>>
2022-10-12 19:39:50,952 : INFO : SwitchController : <<<<<<< 's_right_flipper' active >>>>>>>
2022-10-12 19:39:51,189 : INFO : SwitchController : <<<<<<< 's_right_flipper' inactive >>>>>>>
2022-10-12 19:39:51,209 : INFO : SwitchController : <<<<<<< 's_right_flipper' active >>>>>>>
2022-10-12 19:39:51,224 : INFO : SwitchController : <<<<<<< 's_right_flipper' inactive >>>>>>>
2022-10-12 19:39:51,345 : INFO : SwitchController : <<<<<<< 's_right_flipper' active >>>>>>>
2022-10-12 19:39:51,549 : INFO : SwitchController : <<<<<<< 's_right_flipper' inactive >>>>>>>
2022-10-12 19:39:51,942 : INFO : SwitchController : <<<<<<< 's_right_flipper' active >>>>>>>
2022-10-12 19:39:52,242 : INFO : SwitchController : <<<<<<< 's_right_flipper' inactive >>>>>>>
2022-10-12 19:39:52,994 : INFO : SwitchController : <<<<<<< 's_right_flipper' active >>>>>>>
2022-10-12 19:39:53,182 : INFO : SwitchController : <<<<<<< 's_right_flipper' inactive >>>>>>>
2022-10-12 19:40:03,345 : INFO : SwitchController : <<<<<<< 's_right_flipper' active >>>>>>>
2022-10-12 19:40:03,453 : INFO : SwitchController : <<<<<<< 's_right_flipper' inactive >>>>>>>
2022-10-12 19:40:03,454 : INFO : SwitchController : <<<<<<< 's_right_flipper' active >>>>>>>
2022-10-12 19:40:03,454 : INFO : SwitchController : <<<<<<< 's_right_flipper' inactive >>>>>>>
2022-10-12 19:40:03,579 : INFO : SwitchController : <<<<<<< 's_left_flipper' active >>>>>>>
2022-10-12 19:40:03,594 : INFO : SwitchController : <<<<<<< 's_eos_left_top' active >>>>>>>
2022-10-12 19:40:03,718 : INFO : SwitchController : <<<<<<< 's_left_flipper' inactive >>>>>>>
2022-10-12 19:40:03,813 : INFO : SwitchController : <<<<<<< 's_eos_left_top' inactive >>>>>>>
2022-10-12 19:40:04,219 : INFO : SwitchController : <<<<<<< 's_right_flipper' active >>>>>>>
2022-10-12 19:40:04,345 : INFO : SwitchController : <<<<<<< 's_right_flipper' inactive >>>>>>>
2022-10-12 19:40:28,772 : INFO : Machine : Shutting down...
2022-10-12 19:40:28,772 : INFO : EventManager : Event: ======'shutdown'====== Args={}
2022-10-12 19:40:28,802 : WARNING : FAST : Port RGB received more messages than were sent! Resetting!
2022-10-12 19:40:28,802 : WARNING : FAST : Port NET received more messages than were sent! Resetting!
2022-10-12 19:40:28,881 : ERROR : FAST : Stop called on serial connection com9
2022-10-12 19:40:28,881 : ERROR : FAST : Stop called on serial connection com10
2022-10-12 19:40:29,105 : INFO : root : MPF run loop ended.
