2022-09-06 18:34:19,100 : INFO : root : Loading config.
2022-09-06 18:34:19,104 : INFO : YamlMultifileConfigLoader : Machine config file #1: config.yaml
2022-09-06 18:34:19,105 : INFO : ConfigProcessor : Loading config from cache: C:\Users\Tanner\AppData\Local\Temp\a6762098cb994b55cb03a478b26022ee.mpf_cache
2022-09-06 18:34:19,176 : INFO : ConfigProcessor : Loading config from cache: C:\Users\Tanner\AppData\Local\Temp\ec172e3d2b0d14c1982139d23248bb88.mpf_cache
2022-09-06 18:34:19,177 : INFO : ConfigProcessor : Loading config from cache: C:\Users\Tanner\AppData\Local\Temp\c215df352878fee5d54f1a5ec5b16e7c.mpf_cache
2022-09-06 18:34:19,177 : INFO : Machine : Mission Pinball Framework Core Engine v0.55.0
2022-09-06 18:34:19,178 : INFO : Machine : Command line arguments: {'no_load_cache': False, 'create_config_cache': True, 'bcp': False, 'configfile': ['config.yaml'], 'force_assets_load': False, 'jsonlogging': False, 'logfile': 'logs\\2022-09-06-18-34-19-mpf-DESKTOP-7HNFDQ5.log', 'pause': False, 'production': False, 'text_ui': True, 'loglevel': 15, 'consoleloglevel': 20, 'force_platform': None, 'syslog_address': None, 'mc_file_name': None, 'no_sound': False}
2022-09-06 18:34:19,178 : INFO : Machine : MPF path: c:\users\tanner\appdata\local\programs\python\python37\lib\site-packages\mpf
2022-09-06 18:34:19,178 : INFO : Machine : Machine path: c:\trashland_2
2022-09-06 18:34:19,178 : INFO : Machine : Platform: win32
2022-09-06 18:34:19,178 : INFO : Machine : Python executable location: c:\users\tanner\appdata\local\programs\python\python37\python.exe
2022-09-06 18:34:19,178 : INFO : Machine : Python version: 3.7.8 (64-bit)
2022-09-06 18:34:19,180 : INFO : Machine : Initialise MPF.
2022-09-06 18:34:19,454 : INFO : FAST : Connecting to com20 at 921600bps
2022-09-06 18:34:19,566 : INFO : FAST : Connected! Processor: NET, Board Type: FP-CPU-002-2, Firmware: 01.00
2022-09-06 18:34:19,566 : INFO : EventManager : Event: ======'machine_var_fast_net_firmware'====== Args={'value': '01.00', 'prev_value': None, 'change': True}
2022-09-06 18:34:19,566 : INFO : EventManager : Event: ======'machine_var_fast_net_model'====== Args={'value': 'FP-CPU-002-2', 'prev_value': None, 'change': True}
2022-09-06 18:34:24,571 : WARNING : FAST : Reset of NET CPU failed. This might be a firmware bug in your version.
2022-09-06 18:34:25,188 : INFO : FAST : Connecting to com21 at 921600bps
2022-09-06 18:34:25,298 : INFO : FAST : Connected! Processor: RGB, Board Type: FP-CPU-002-2, Firmware: 01.00
2022-09-06 18:34:25,298 : INFO : EventManager : Event: ======'machine_var_fast_rgb_firmware'====== Args={'value': '01.00', 'prev_value': None, 'change': True}
2022-09-06 18:34:25,298 : INFO : EventManager : Event: ======'machine_var_fast_rgb_model'====== Args={'value': 'FP-CPU-002-2', 'prev_value': None, 'change': True}
2022-09-06 18:34:25,299 : INFO : EventManager : Event: ======'machine_var_credits_string'====== Args={'value': 'FREE PLAY', 'prev_value': None, 'change': True}
2022-09-06 18:34:25,346 : INFO : EventManager : Event: ======'machine_var_master_volume'====== Args={'value': 0.5, 'prev_value': None, 'change': True}
2022-09-06 18:34:25,347 : INFO : EventManager : Event: ======'machine_var_mpf_version'====== Args={'value': 'MPF v0.55.0', 'prev_value': None, 'change': True}
2022-09-06 18:34:25,347 : INFO : EventManager : Event: ======'machine_var_mpf_extended_version'====== Args={'value': 'MPF v0.55.0, Config version:5, Show version: 5, BCP version:1.1', 'prev_value': None, 'change': True}
2022-09-06 18:34:25,347 : INFO : EventManager : Event: ======'machine_var_python_version'====== Args={'value': '3.7.8', 'prev_value': None, 'change': True}
2022-09-06 18:34:25,347 : INFO : EventManager : Event: ======'machine_var_platform'====== Args={'value': 'Windows-10-10.0.19041-SP0', 'prev_value': None, 'change': True}
2022-09-06 18:34:25,347 : INFO : EventManager : Event: ======'machine_var_platform_system'====== Args={'value': 'Windows', 'prev_value': None, 'change': True}
2022-09-06 18:34:25,347 : INFO : EventManager : Event: ======'machine_var_platform_release'====== Args={'value': '10', 'prev_value': None, 'change': True}
2022-09-06 18:34:25,347 : INFO : EventManager : Event: ======'machine_var_platform_version'====== Args={'value': '10.0.19041', 'prev_value': None, 'change': True}
2022-09-06 18:34:25,347 : INFO : EventManager : Event: ======'machine_var_platform_machine'====== Args={'value': 'AMD64', 'prev_value': None, 'change': True}
2022-09-06 18:34:25,347 : INFO : EventManager : Event: ======'init_phase_1'====== Args={}
2022-09-06 18:34:25,386 : INFO : EventManager : Event: ======'drop_target_bank_mid_up'====== Args={}
2022-09-06 18:34:25,386 : INFO : EventManager : Event: ======'drop_target_bank_right_up'====== Args={}
2022-09-06 18:34:25,398 : INFO : EventManager : Event: ======'init_phase_2'====== Args={}
2022-09-06 18:34:25,398 : INFO : SwitchController : Found active switch: (('2D', 1), <Platform.FAST>) <switch.s_drop_mid_right>
2022-09-06 18:34:25,398 : INFO : SwitchController : Found active switch: (('2C', 1), <Platform.FAST>) <switch.s_drop_mid_mid>
2022-09-06 18:34:25,399 : INFO : SwitchController : Found active switch: (('2B', 1), <Platform.FAST>) <switch.s_drop_mid_left>
2022-09-06 18:34:25,399 : INFO : SwitchController : Found active switch: (('32', 1), <Platform.FAST>) <switch.s_drop_single>
2022-09-06 18:34:25,399 : INFO : SwitchController : Found active switch: (('3E', 1), <Platform.FAST>) <switch.s_trough_1>
2022-09-06 18:34:25,399 : INFO : SwitchController : Found active switch: (('3D', 1), <Platform.FAST>) <switch.s_trough_jam>
2022-09-06 18:34:25,404 : INFO : ball_device.bd_trough : BCH: Initial count: 2
2022-09-06 18:34:25,404 : INFO : ball_device.bd_trough : State: idle
2022-09-06 18:34:25,405 : INFO : ball_device.bd_plunger : BCH: Initial count: 0
2022-09-06 18:34:25,405 : INFO : ball_device.bd_plunger : State: idle
2022-09-06 18:34:25,443 : INFO : EventManager : Event: ======'init_phase_3'====== Args={}
2022-09-06 18:34:25,445 : INFO : EventManager : Event: ======'init_phase_4'====== Args={}
2022-09-06 18:34:25,446 : INFO : EventManager : Event: ======'playfield_active'====== Args={}
2022-09-06 18:34:25,446 : INFO : EventManager : Event: ======'unexpected_ball_on_playfield'====== Args={}
2022-09-06 18:34:25,446 : INFO : EventManager : Event: ======'drop_target_d_drop_single_down'====== Args={'device': <drop_target.d_drop_single>}
2022-09-06 18:34:25,446 : INFO : EventManager : Event: ======'playfield_active'====== Args={}
2022-09-06 18:34:25,446 : INFO : EventManager : Event: ======'unexpected_ball_on_playfield'====== Args={}
2022-09-06 18:34:25,446 : INFO : EventManager : Event: ======'drop_target_mid_right_down'====== Args={'device': <drop_target.mid_right>}
2022-09-06 18:34:25,446 : INFO : EventManager : Event: ======'drop_target_bank_mid_mixed'====== Args={'prev_value': <DropTargetBankState.UP: 'up'>, 'down': 1}
2022-09-06 18:34:25,446 : INFO : EventManager : Event: ======'playfield_active'====== Args={}
2022-09-06 18:34:25,446 : INFO : EventManager : Event: ======'unexpected_ball_on_playfield'====== Args={}
2022-09-06 18:34:25,446 : INFO : EventManager : Event: ======'drop_target_mid_mid_down'====== Args={'device': <drop_target.mid_mid>}
2022-09-06 18:34:25,447 : INFO : EventManager : Event: ======'drop_target_bank_mid_mixed'====== Args={'prev_value': <DropTargetBankState.MIXED: 'mixed'>, 'down': 2}
2022-09-06 18:34:25,447 : INFO : EventManager : Event: ======'playfield_active'====== Args={}
2022-09-06 18:34:25,447 : INFO : EventManager : Event: ======'unexpected_ball_on_playfield'====== Args={}
2022-09-06 18:34:25,447 : INFO : EventManager : Event: ======'drop_target_mid_left_down'====== Args={'device': <drop_target.mid_left>}
2022-09-06 18:34:25,447 : INFO : EventManager : Event: ======'drop_target_bank_mid_down'====== Args={}
2022-09-06 18:34:25,447 : INFO : EventManager : Event: ======'playfield_active'====== Args={}
2022-09-06 18:34:25,447 : INFO : EventManager : Event: ======'unexpected_ball_on_playfield'====== Args={}
2022-09-06 18:34:25,447 : INFO : EventManager : Event: ======'playfield_active'====== Args={}
2022-09-06 18:34:25,447 : INFO : EventManager : Event: ======'unexpected_ball_on_playfield'====== Args={}
2022-09-06 18:34:25,448 : INFO : BallController : Initial balls found: 2
2022-09-06 18:34:25,449 : INFO : EventManager : Event: ======'machine_var_audits_events_game_ended'====== Args={'value': 0, 'prev_value': None, 'change': True}
2022-09-06 18:34:25,449 : INFO : EventManager : Event: ======'machine_var_audits_events_game_started'====== Args={'value': 0, 'prev_value': None, 'change': True}
2022-09-06 18:34:25,450 : INFO : EventManager : Event: ======'machine_var_audits_player_score'====== Args={'value': {'average': 0, 'top': [], 'total': 0}, 'prev_value': None, 'change': True}
2022-09-06 18:34:25,450 : INFO : EventManager : Event: ======'machine_var_audits_switches_s_autolauncher'====== Args={'value': 69, 'prev_value': None, 'change': True}
2022-09-06 18:34:25,450 : INFO : EventManager : Event: ======'machine_var_audits_switches_s_bot_back'====== Args={'value': 0, 'prev_value': None, 'change': True}
2022-09-06 18:34:25,450 : INFO : EventManager : Event: ======'machine_var_audits_switches_s_bot_big'====== Args={'value': 0, 'prev_value': None, 'change': True}
2022-09-06 18:34:25,450 : INFO : EventManager : Event: ======'machine_var_audits_switches_s_bot_left'====== Args={'value': 0, 'prev_value': None, 'change': True}
2022-09-06 18:34:25,450 : INFO : EventManager : Event: ======'machine_var_audits_switches_s_bot_right'====== Args={'value': 0, 'prev_value': None, 'change': True}
2022-09-06 18:34:25,450 : INFO : EventManager : Event: ======'machine_var_audits_switches_s_bot_rollover'====== Args={'value': 0, 'prev_value': None, 'change': True}
2022-09-06 18:34:25,451 : INFO : EventManager : Event: ======'machine_var_audits_switches_s_bot_vuk'====== Args={'value': 0, 'prev_value': None, 'change': True}
2022-09-06 18:34:25,451 : INFO : EventManager : Event: ======'machine_var_audits_switches_s_drop_mid_left'====== Args={'value': 45, 'prev_value': None, 'change': True}
2022-09-06 18:34:25,451 : INFO : EventManager : Event: ======'machine_var_audits_switches_s_drop_mid_mid'====== Args={'value': 46, 'prev_value': None, 'change': True}
2022-09-06 18:34:25,451 : INFO : EventManager : Event: ======'machine_var_audits_switches_s_drop_mid_right'====== Args={'value': 5, 'prev_value': None, 'change': True}
2022-09-06 18:34:25,451 : INFO : EventManager : Event: ======'machine_var_audits_switches_s_drop_right_left'====== Args={'value': 7, 'prev_value': None, 'change': True}
2022-09-06 18:34:25,451 : INFO : EventManager : Event: ======'machine_var_audits_switches_s_drop_right_right'====== Args={'value': 6, 'prev_value': None, 'change': True}
2022-09-06 18:34:25,451 : INFO : EventManager : Event: ======'machine_var_audits_switches_s_drop_single'====== Args={'value': 40, 'prev_value': None, 'change': True}
2022-09-06 18:34:25,452 : INFO : EventManager : Event: ======'machine_var_audits_switches_s_eos_left'====== Args={'value': 26, 'prev_value': None, 'change': True}
2022-09-06 18:34:25,452 : INFO : EventManager : Event: ======'machine_var_audits_switches_s_eos_left_top'====== Args={'value': 24, 'prev_value': None, 'change': True}
2022-09-06 18:34:25,452 : INFO : EventManager : Event: ======'machine_var_audits_switches_s_eos_right'====== Args={'value': 0, 'prev_value': None, 'change': True}
2022-09-06 18:34:25,452 : INFO : EventManager : Event: ======'machine_var_audits_switches_s_launch'====== Args={'value': 0, 'prev_value': None, 'change': True}
2022-09-06 18:34:25,452 : INFO : EventManager : Event: ======'machine_var_audits_switches_s_left_flipper'====== Args={'value': 47, 'prev_value': None, 'change': True}
2022-09-06 18:34:25,452 : INFO : EventManager : Event: ======'machine_var_audits_switches_s_left_inlane'====== Args={'value': 0, 'prev_value': None, 'change': True}
2022-09-06 18:34:25,452 : INFO : EventManager : Event: ======'machine_var_audits_switches_s_left_outlane'====== Args={'value': 0, 'prev_value': None, 'change': True}
2022-09-06 18:34:25,453 : INFO : EventManager : Event: ======'machine_var_audits_switches_s_pop_left'====== Args={'value': 8, 'prev_value': None, 'change': True}
2022-09-06 18:34:25,453 : INFO : EventManager : Event: ======'machine_var_audits_switches_s_pop_lower'====== Args={'value': 20, 'prev_value': None, 'change': True}
2022-09-06 18:34:25,453 : INFO : EventManager : Event: ======'machine_var_audits_switches_s_pop_right'====== Args={'value': 26, 'prev_value': None, 'change': True}
2022-09-06 18:34:25,453 : INFO : EventManager : Event: ======'machine_var_audits_switches_s_right_flipper'====== Args={'value': 44, 'prev_value': None, 'change': True}
2022-09-06 18:34:25,453 : INFO : EventManager : Event: ======'machine_var_audits_switches_s_right_inlane'====== Args={'value': 0, 'prev_value': None, 'change': True}
2022-09-06 18:34:25,454 : INFO : EventManager : Event: ======'machine_var_audits_switches_s_right_outlane'====== Args={'value': 1, 'prev_value': None, 'change': True}
2022-09-06 18:34:25,454 : INFO : EventManager : Event: ======'machine_var_audits_switches_s_rollover_left'====== Args={'value': 3, 'prev_value': None, 'change': True}
2022-09-06 18:34:25,454 : INFO : EventManager : Event: ======'machine_var_audits_switches_s_rollover_right'====== Args={'value': 1, 'prev_value': None, 'change': True}
2022-09-06 18:34:25,454 : INFO : EventManager : Event: ======'machine_var_audits_switches_s_sling_left'====== Args={'value': 3, 'prev_value': None, 'change': True}
2022-09-06 18:34:25,454 : INFO : EventManager : Event: ======'machine_var_audits_switches_s_start'====== Args={'value': 86, 'prev_value': None, 'change': True}
2022-09-06 18:34:25,455 : INFO : EventManager : Event: ======'machine_var_audits_switches_s_trough_1'====== Args={'value': 56, 'prev_value': None, 'change': True}
2022-09-06 18:34:25,455 : INFO : EventManager : Event: ======'machine_var_audits_switches_s_trough_2'====== Args={'value': 46, 'prev_value': None, 'change': True}
2022-09-06 18:34:25,455 : INFO : EventManager : Event: ======'machine_var_audits_switches_s_trough_3'====== Args={'value': 45, 'prev_value': None, 'change': True}
2022-09-06 18:34:25,455 : INFO : EventManager : Event: ======'machine_var_audits_switches_s_trough_4'====== Args={'value': 46, 'prev_value': None, 'change': True}
2022-09-06 18:34:25,455 : INFO : EventManager : Event: ======'machine_var_audits_switches_s_trough_5'====== Args={'value': 49, 'prev_value': None, 'change': True}
2022-09-06 18:34:25,456 : INFO : EventManager : Event: ======'machine_var_audits_switches_s_trough_6'====== Args={'value': 52, 'prev_value': None, 'change': True}
2022-09-06 18:34:25,456 : INFO : EventManager : Event: ======'machine_var_audits_switches_s_trough_jam'====== Args={'value': 107, 'prev_value': None, 'change': True}
2022-09-06 18:34:25,456 : INFO : EventManager : Event: ======'machine_var_audits_switches_s_vuk_back'====== Args={'value': 0, 'prev_value': None, 'change': True}
2022-09-06 18:34:25,456 : INFO : EventManager : Event: ======'machine_var_audits_switches_s_vuk_right'====== Args={'value': 0, 'prev_value': None, 'change': True}
2022-09-06 18:34:25,456 : INFO : EventManager : Event: ======'machine_var_audits_switches_s_upper_rollover'====== Args={'value': 0, 'prev_value': None, 'change': True}
2022-09-06 18:34:25,457 : INFO : EventManager : Event: ======'machine_var_audits_switches_s_upper_drop'====== Args={'value': 0, 'prev_value': None, 'change': True}
2022-09-06 18:34:25,457 : INFO : EventManager : Event: ======'machine_var_audits_switches_s_upper_stationary'====== Args={'value': 0, 'prev_value': None, 'change': True}
2022-09-06 18:34:25,457 : INFO : EventManager : Event: ======'machine_var_audits_switches_s_back_rollover'====== Args={'value': 0, 'prev_value': None, 'change': True}
2022-09-06 18:34:25,457 : INFO : EventManager : Event: ======'machine_var_audits_switches_s_back_pop'====== Args={'value': 0, 'prev_value': None, 'change': True}
2022-09-06 18:34:25,458 : INFO : EventManager : Event: ======'machine_var_audits_switches_s_back_stationary'====== Args={'value': 0, 'prev_value': None, 'change': True}
2022-09-06 18:34:25,458 : INFO : EventManager : Event: ======'machine_var_audits_switches_s_transfer_rollover'====== Args={'value': 0, 'prev_value': None, 'change': True}
2022-09-06 18:34:25,459 : INFO : EventManager : Event: ======'machine_var_audits_switches_s_sling_right'====== Args={'value': 0, 'prev_value': None, 'change': True}
2022-09-06 18:34:25,459 : INFO : EventManager : Event: ======'init_phase_5'====== Args={}
2022-09-06 18:34:25,513 : INFO : EventManager : Event: ======'init_done'====== Args={}
2022-09-06 18:34:25,513 : INFO : SwitchController : <<<<<<< 's_right_flipper' active >>>>>>>
2022-09-06 18:34:25,513 : INFO : SwitchController : <<<<<<< 's_right_flipper' inactive >>>>>>>
2022-09-06 18:34:25,513 : INFO : SwitchController : <<<<<<< 's_right_flipper' active >>>>>>>
2022-09-06 18:34:25,514 : INFO : EventManager : Event: ======'machine_reset_phase_1'====== Args={}
2022-09-06 18:34:25,518 : INFO : EventManager : Event: ======'machine_reset_phase_2'====== Args={}
2022-09-06 18:34:25,518 : INFO : EventManager : Event: ======'machine_reset_phase_3'====== Args={}
2022-09-06 18:34:25,519 : INFO : drop_target_bank.mid : 3 targets are down. Will reset those.
2022-09-06 18:34:25,519 : INFO : coil.c_drop_mid : Pulsing Driver for 50ms (0.7 pulse_power)
2022-09-06 18:34:25,519 : INFO : drop_target_bank.right : All targets are already up. Will not reset bank.
2022-09-06 18:34:25,519 : INFO : coil.c_drop_mid : Pulsing Driver for 50ms (0.7 pulse_power)
2022-09-06 18:34:25,520 : INFO : coil.c_drop_mid : Pulsing Driver for 50ms (0.7 pulse_power)
2022-09-06 18:34:25,520 : INFO : EventManager : Event: ======'reset_complete'====== Args={}
2022-09-06 18:34:25,521 : INFO : EventManager : Event: ======'mode_attract_will_start'====== Args={}
2022-09-06 18:34:25,521 : INFO : EventManager : Event: ======'mode_attract_starting'====== Args={}
2022-09-06 18:34:25,521 : INFO : Mode.attract : Started. Priority: 10
2022-09-06 18:34:25,521 : INFO : EventManager : Event: ======'modes_active_modes_changed'====== Args={}
2022-09-06 18:34:25,521 : INFO : EventManager : Event: ======'mode_attract_started'====== Args={}
2022-09-06 18:34:25,521 : INFO : EventManager : Event: ======'collecting_balls_complete'====== Args={}
2022-09-06 18:34:25,544 : INFO : Machine : Starting the main run loop.
2022-09-06 18:34:25,570 : INFO : coil.c_drop_single : Pulsing Driver for 10ms (1.0 pulse_power)
2022-09-06 18:34:25,601 : INFO : coil.c_drop_mid : Pulsing Driver for 50ms (0.7 pulse_power)
2022-09-06 18:34:25,601 : INFO : SwitchController : <<<<<<< 's_right_flipper' inactive >>>>>>>
2022-09-06 18:34:25,695 : INFO : SwitchController : <<<<<<< 's_drop_mid_left' inactive >>>>>>>
2022-09-06 18:34:25,695 : INFO : SwitchController : <<<<<<< 's_drop_single' inactive >>>>>>>
2022-09-06 18:34:25,715 : INFO : SwitchController : <<<<<<< 's_drop_mid_mid' inactive >>>>>>>
2022-09-06 18:34:25,715 : INFO : SwitchController : <<<<<<< 's_drop_mid_right' inactive >>>>>>>
2022-09-06 18:34:25,730 : INFO : SwitchController : <<<<<<< 's_drop_mid_mid' active >>>>>>>
2022-09-06 18:34:25,757 : INFO : SwitchController : <<<<<<< 's_drop_single' active >>>>>>>
2022-09-06 18:34:25,867 : INFO : SwitchController : <<<<<<< 's_drop_mid_right' active >>>>>>>
2022-09-06 18:34:25,886 : INFO : SwitchController : <<<<<<< 's_drop_mid_left' active >>>>>>>
2022-09-06 18:34:26,374 : INFO : SwitchController : <<<<<<< 's_right_flipper' active >>>>>>>
2022-09-06 18:34:26,405 : INFO : SwitchController : <<<<<<< 's_eos_right' active >>>>>>>
2022-09-06 18:34:26,437 : INFO : drop_target_bank.mid : 3 targets are down. Will reset those.
2022-09-06 18:34:26,437 : INFO : coil.c_drop_mid : Pulsing Driver for 50ms (0.7 pulse_power)
2022-09-06 18:34:26,500 : INFO : SwitchController : <<<<<<< 's_drop_mid_left' inactive >>>>>>>
2022-09-06 18:34:26,500 : INFO : SwitchController : <<<<<<< 's_drop_mid_mid' inactive >>>>>>>
2022-09-06 18:34:26,500 : INFO : SwitchController : <<<<<<< 's_drop_mid_right' inactive >>>>>>>
2022-09-06 18:34:26,532 : INFO : SwitchController : <<<<<<< 's_right_flipper' inactive >>>>>>>
2022-09-06 18:34:26,552 : INFO : SwitchController : <<<<<<< 's_drop_mid_mid' active >>>>>>>
2022-09-06 18:34:26,627 : INFO : SwitchController : <<<<<<< 's_drop_mid_left' active >>>>>>>
2022-09-06 18:34:26,647 : INFO : SwitchController : <<<<<<< 's_eos_right' inactive >>>>>>>
2022-09-06 18:34:26,801 : INFO : SwitchController : <<<<<<< 's_right_flipper' active >>>>>>>
2022-09-06 18:34:26,820 : INFO : SwitchController : <<<<<<< 's_eos_right' active >>>>>>>
2022-09-06 18:34:26,944 : INFO : EventManager : Event: ======'drop_target_mid_right_up'====== Args={'device': <drop_target.mid_right>}
2022-09-06 18:34:26,944 : INFO : EventManager : Event: ======'drop_target_bank_mid_mixed'====== Args={'prev_value': <DropTargetBankState.DOWN: 'down'>, 'down': 2}
2022-09-06 18:34:27,024 : INFO : SwitchController : <<<<<<< 's_right_flipper' inactive >>>>>>>
2022-09-06 18:34:27,134 : INFO : SwitchController : <<<<<<< 's_eos_right' inactive >>>>>>>
2022-09-06 18:34:27,356 : INFO : SwitchController : <<<<<<< 's_right_flipper' active >>>>>>>
2022-09-06 18:34:27,376 : INFO : SwitchController : <<<<<<< 's_eos_right' active >>>>>>>
2022-09-06 18:34:28,396 : INFO : SwitchController : <<<<<<< 's_right_flipper' inactive >>>>>>>
2022-09-06 18:34:28,522 : INFO : SwitchController : <<<<<<< 's_eos_right' inactive >>>>>>>
2022-09-06 18:34:28,786 : INFO : SwitchController : <<<<<<< 's_right_flipper' active >>>>>>>
2022-09-06 18:34:28,818 : INFO : SwitchController : <<<<<<< 's_eos_right' active >>>>>>>
2022-09-06 18:34:29,291 : INFO : SwitchController : <<<<<<< 's_right_flipper' inactive >>>>>>>
2022-09-06 18:34:29,401 : INFO : SwitchController : <<<<<<< 's_eos_right' inactive >>>>>>>
2022-09-06 18:34:31,456 : INFO : SwitchController : <<<<<<< 's_right_flipper' active >>>>>>>
2022-09-06 18:34:31,476 : INFO : SwitchController : <<<<<<< 's_eos_right' active >>>>>>>
2022-09-06 18:34:32,106 : INFO : SwitchController : <<<<<<< 's_right_flipper' inactive >>>>>>>
2022-09-06 18:34:32,217 : INFO : SwitchController : <<<<<<< 's_eos_right' inactive >>>>>>>
2022-09-06 18:34:32,517 : INFO : SwitchController : <<<<<<< 's_right_flipper' active >>>>>>>
2022-09-06 18:34:32,548 : INFO : SwitchController : <<<<<<< 's_eos_right' active >>>>>>>
2022-09-06 18:34:32,930 : INFO : SwitchController : <<<<<<< 's_right_flipper' inactive >>>>>>>
2022-09-06 18:34:33,042 : INFO : SwitchController : <<<<<<< 's_eos_right' inactive >>>>>>>
2022-09-06 18:34:33,345 : INFO : SwitchController : <<<<<<< 's_eos_right' active >>>>>>>
2022-09-06 18:34:33,346 : INFO : SwitchController : <<<<<<< 's_eos_right' inactive >>>>>>>
2022-09-06 18:34:33,389 : INFO : SwitchController : <<<<<<< 's_eos_left' active >>>>>>>
2022-09-06 18:34:33,576 : INFO : SwitchController : <<<<<<< 's_eos_left' inactive >>>>>>>
2022-09-06 18:34:35,490 : INFO : SwitchController : <<<<<<< 's_right_flipper' active >>>>>>>
2022-09-06 18:34:35,506 : INFO : SwitchController : <<<<<<< 's_eos_right' active >>>>>>>
2022-09-06 18:34:36,501 : INFO : SwitchController : <<<<<<< 's_right_flipper' inactive >>>>>>>
2022-09-06 18:34:36,611 : INFO : SwitchController : <<<<<<< 's_eos_right' inactive >>>>>>>
2022-09-06 18:34:37,606 : INFO : SwitchController : <<<<<<< 's_pop_lower' active >>>>>>>
2022-09-06 18:34:37,626 : INFO : SwitchController : <<<<<<< 's_pop_lower' inactive >>>>>>>
2022-09-06 18:34:39,685 : INFO : SwitchController : <<<<<<< 's_right_flipper' active >>>>>>>
2022-09-06 18:34:39,703 : INFO : SwitchController : <<<<<<< 's_eos_right' active >>>>>>>
2022-09-06 18:34:39,902 : INFO : SwitchController : <<<<<<< 's_pop_left' active >>>>>>>
2022-09-06 18:34:39,902 : INFO : SwitchController : <<<<<<< 's_pop_left' inactive >>>>>>>
2022-09-06 18:34:39,964 : INFO : SwitchController : <<<<<<< 's_pop_left' active >>>>>>>
2022-09-06 18:34:39,984 : INFO : SwitchController : <<<<<<< 's_pop_left' inactive >>>>>>>
2022-09-06 18:34:40,271 : INFO : SwitchController : <<<<<<< 's_right_flipper' inactive >>>>>>>
2022-09-06 18:34:40,364 : INFO : SwitchController : <<<<<<< 's_eos_right' inactive >>>>>>>
2022-09-06 18:34:40,612 : INFO : SwitchController : <<<<<<< 's_right_flipper' active >>>>>>>
2022-09-06 18:34:40,631 : INFO : SwitchController : <<<<<<< 's_eos_right' active >>>>>>>
2022-09-06 18:34:41,003 : INFO : SwitchController : <<<<<<< 's_right_flipper' inactive >>>>>>>
2022-09-06 18:34:41,129 : INFO : SwitchController : <<<<<<< 's_eos_right' inactive >>>>>>>
2022-09-06 18:34:41,399 : INFO : SwitchController : <<<<<<< 's_pop_lower' active >>>>>>>
2022-09-06 18:34:41,460 : INFO : SwitchController : <<<<<<< 's_pop_lower' inactive >>>>>>>
2022-09-06 18:34:44,838 : INFO : SwitchController : <<<<<<< 's_right_flipper' active >>>>>>>
2022-09-06 18:34:44,858 : INFO : SwitchController : <<<<<<< 's_eos_right' active >>>>>>>
2022-09-06 18:34:47,546 : INFO : SwitchController : <<<<<<< 's_right_flipper' inactive >>>>>>>
2022-09-06 18:34:47,673 : INFO : SwitchController : <<<<<<< 's_eos_right' inactive >>>>>>>
2022-09-06 18:34:47,673 : INFO : SwitchController : <<<<<<< 's_right_flipper' active >>>>>>>
2022-09-06 18:34:47,693 : INFO : SwitchController : <<<<<<< 's_eos_right' active >>>>>>>
2022-09-06 18:34:47,693 : INFO : SwitchController : <<<<<<< 's_eos_left' active >>>>>>>
2022-09-06 18:34:47,710 : INFO : SwitchController : <<<<<<< 's_eos_left' inactive >>>>>>>
2022-09-06 18:34:48,446 : INFO : SwitchController : <<<<<<< 's_right_flipper' inactive >>>>>>>
2022-09-06 18:34:48,509 : INFO : SwitchController : <<<<<<< 's_left_flipper' active >>>>>>>
2022-09-06 18:34:48,529 : INFO : SwitchController : <<<<<<< 's_eos_left' active >>>>>>>
2022-09-06 18:34:48,544 : INFO : SwitchController : <<<<<<< 's_eos_left_top' active >>>>>>>
2022-09-06 18:34:48,560 : INFO : SwitchController : <<<<<<< 's_eos_right' inactive >>>>>>>
2022-09-06 18:34:48,820 : INFO : SwitchController : <<<<<<< 's_left_flipper' inactive >>>>>>>
2022-09-06 18:34:48,916 : INFO : SwitchController : <<<<<<< 's_eos_left_top' inactive >>>>>>>
2022-09-06 18:34:48,916 : INFO : SwitchController : <<<<<<< 's_eos_left' inactive >>>>>>>
2022-09-06 18:34:49,325 : INFO : SwitchController : <<<<<<< 's_left_flipper' active >>>>>>>
2022-09-06 18:34:49,340 : INFO : SwitchController : <<<<<<< 's_eos_left' active >>>>>>>
2022-09-06 18:34:49,355 : INFO : SwitchController : <<<<<<< 's_eos_left_top' active >>>>>>>
2022-09-06 18:34:49,356 : INFO : SwitchController : <<<<<<< 's_eos_right' active >>>>>>>
2022-09-06 18:34:49,372 : INFO : SwitchController : <<<<<<< 's_eos_right' inactive >>>>>>>
2022-09-06 18:34:49,477 : INFO : SwitchController : <<<<<<< 's_left_flipper' inactive >>>>>>>
2022-09-06 18:34:49,590 : INFO : SwitchController : <<<<<<< 's_eos_left_top' inactive >>>>>>>
2022-09-06 18:34:49,590 : INFO : SwitchController : <<<<<<< 's_eos_left' inactive >>>>>>>
2022-09-06 18:34:49,858 : INFO : SwitchController : <<<<<<< 's_sling_left' active >>>>>>>
2022-09-06 18:34:49,876 : INFO : SwitchController : <<<<<<< 's_sling_left' inactive >>>>>>>
2022-09-06 18:34:51,382 : INFO : SwitchController : <<<<<<< 's_left_flipper' active >>>>>>>
2022-09-06 18:34:51,401 : INFO : SwitchController : <<<<<<< 's_eos_left_top' active >>>>>>>
2022-09-06 18:34:51,428 : INFO : SwitchController : <<<<<<< 's_eos_left' active >>>>>>>
2022-09-06 18:34:51,447 : INFO : SwitchController : <<<<<<< 's_left_flipper' inactive >>>>>>>
2022-09-06 18:34:51,476 : INFO : SwitchController : <<<<<<< 's_left_flipper' active >>>>>>>
2022-09-06 18:34:51,539 : INFO : SwitchController : <<<<<<< 's_left_flipper' inactive >>>>>>>
2022-09-06 18:34:51,651 : INFO : SwitchController : <<<<<<< 's_eos_left_top' inactive >>>>>>>
2022-09-06 18:34:51,651 : INFO : SwitchController : <<<<<<< 's_eos_left' inactive >>>>>>>
2022-09-06 18:34:51,672 : INFO : SwitchController : <<<<<<< 's_drop_right_right' active >>>>>>>
2022-09-06 18:34:51,672 : INFO : EventManager : Event: ======'playfield_active'====== Args={}
2022-09-06 18:34:51,672 : INFO : EventManager : Event: ======'unexpected_ball_on_playfield'====== Args={}
2022-09-06 18:34:51,672 : INFO : EventManager : Event: ======'drop_target_right_right_down'====== Args={'device': <drop_target.right_right>}
2022-09-06 18:34:51,672 : INFO : EventManager : Event: ======'drop_target_bank_right_mixed'====== Args={'prev_value': <DropTargetBankState.UP: 'up'>, 'down': 1}
2022-09-06 18:34:52,473 : INFO : SwitchController : <<<<<<< 's_left_flipper' active >>>>>>>
2022-09-06 18:34:52,493 : INFO : SwitchController : <<<<<<< 's_eos_left_top' active >>>>>>>
2022-09-06 18:34:52,493 : INFO : SwitchController : <<<<<<< 's_eos_left' active >>>>>>>
2022-09-06 18:34:52,504 : INFO : SwitchController : <<<<<<< 's_eos_right' active >>>>>>>
2022-09-06 18:34:52,523 : INFO : SwitchController : <<<<<<< 's_eos_right' inactive >>>>>>>
2022-09-06 18:34:53,196 : INFO : SwitchController : <<<<<<< 's_left_flipper' inactive >>>>>>>
2022-09-06 18:34:53,292 : INFO : SwitchController : <<<<<<< 's_eos_left_top' inactive >>>>>>>
2022-09-06 18:34:53,292 : INFO : SwitchController : <<<<<<< 's_eos_left' inactive >>>>>>>
2022-09-06 18:34:53,449 : INFO : SwitchController : <<<<<<< 's_right_flipper' active >>>>>>>
2022-09-06 18:34:53,469 : INFO : SwitchController : <<<<<<< 's_eos_right' active >>>>>>>
2022-09-06 18:34:53,575 : INFO : SwitchController : <<<<<<< 's_right_flipper' inactive >>>>>>>
2022-09-06 18:34:53,699 : INFO : SwitchController : <<<<<<< 's_eos_right' inactive >>>>>>>
2022-09-06 18:34:54,093 : INFO : SwitchController : <<<<<<< 's_left_flipper' active >>>>>>>
2022-09-06 18:34:54,125 : INFO : SwitchController : <<<<<<< 's_eos_left' active >>>>>>>
2022-09-06 18:34:54,125 : INFO : SwitchController : <<<<<<< 's_eos_right' active >>>>>>>
2022-09-06 18:34:54,146 : INFO : SwitchController : <<<<<<< 's_eos_left_top' active >>>>>>>
2022-09-06 18:34:54,146 : INFO : SwitchController : <<<<<<< 's_eos_right' inactive >>>>>>>
2022-09-06 18:34:54,235 : INFO : SwitchController : <<<<<<< 's_left_flipper' inactive >>>>>>>
2022-09-06 18:34:54,333 : INFO : SwitchController : <<<<<<< 's_eos_left_top' inactive >>>>>>>
2022-09-06 18:34:54,348 : INFO : SwitchController : <<<<<<< 's_eos_left' inactive >>>>>>>
2022-09-06 18:34:54,804 : INFO : SwitchController : <<<<<<< 's_pop_lower' active >>>>>>>
2022-09-06 18:34:54,835 : INFO : SwitchController : <<<<<<< 's_pop_lower' inactive >>>>>>>
2022-09-06 18:34:55,260 : INFO : SwitchController : <<<<<<< 's_right_flipper' active >>>>>>>
2022-09-06 18:34:55,291 : INFO : SwitchController : <<<<<<< 's_eos_right' active >>>>>>>
2022-09-06 18:34:55,449 : INFO : SwitchController : <<<<<<< 's_right_flipper' inactive >>>>>>>
2022-09-06 18:34:55,559 : INFO : SwitchController : <<<<<<< 's_eos_right' inactive >>>>>>>
2022-09-06 18:34:55,859 : WARNING : FAST : Port NET received more messages than were sent! Resetting!
2022-09-06 18:34:55,859 : WARNING : FAST : Port NET received more messages than were sent! Resetting!
2022-09-06 18:34:55,859 : ERROR : FAST : The FAST NET processor rebooted. Unfortunately, that means that it lost all its state (such as hardware rules or switch configs). This is likely caused by an unstable power supply but it might also be a firmware bug. MPF will exit now.
2022-09-06 18:34:55,860 : INFO : Machine : Shutting down...
2022-09-06 18:34:55,860 : INFO : EventManager : Event: ======'shutdown'====== Args={}
2022-09-06 18:34:55,874 : WARNING : FAST : Port RGB received more messages than were sent! Resetting!
2022-09-06 18:34:55,874 : WARNING : FAST : Received unknown serial command? BX:P from RGB.
2022-09-06 18:34:55,890 : WARNING : FAST : Port NET received more messages than were sent! Resetting!
2022-09-06 18:34:55,890 : WARNING : FAST : Received malformed message: XX:F from NET
2022-09-06 18:34:55,953 : ERROR : FAST : Stop called on serial connection com20
2022-09-06 18:34:55,953 : ERROR : FAST : Stop called on serial connection com21
2022-09-06 18:34:56,189 : INFO : root : MPF run loop ended.
