2022-10-06 13:12:12,522 : INFO : root : Loading config.
2022-10-06 13:12:12,525 : INFO : YamlMultifileConfigLoader : Machine config file #1: config.yaml
2022-10-06 13:12:12,525 : INFO : ConfigProcessor : Loading config from cache: C:\Users\Tanner\AppData\Local\Temp\a6762098cb994b55cb03a478b26022ee.mpf_cache
2022-10-06 13:12:12,587 : INFO : ConfigProcessor : Loading config from cache: C:\Users\Tanner\AppData\Local\Temp\9cf7ccc27b21f4d6162237fadfc53e5a.mpf_cache
2022-10-06 13:12:12,588 : INFO : ConfigProcessor : Loading config from cache: C:\Users\Tanner\AppData\Local\Temp\c215df352878fee5d54f1a5ec5b16e7c.mpf_cache
2022-10-06 13:12:12,588 : INFO : ConfigProcessor : Loading config from cache: C:\Users\Tanner\AppData\Local\Temp\708062243e0edcfa77dd6b1521bd0d4e.mpf_cache
2022-10-06 13:12:12,589 : INFO : ConfigProcessor : Loading config from cache: C:\Users\Tanner\AppData\Local\Temp\c4174472f67f7b070dd6fb437c6feb0c.mpf_cache
2022-10-06 13:12:12,590 : INFO : ConfigProcessor : Loading config from cache: C:\Users\Tanner\AppData\Local\Temp\abaa92c43d134e3392cbb2346e6a16be.mpf_cache
2022-10-06 13:12:12,590 : INFO : ConfigProcessor : Loading config from cache: C:\Users\Tanner\AppData\Local\Temp\fc46d53fcb9fe6b8abf783d9c813390a.mpf_cache
2022-10-06 13:12:12,591 : INFO : Machine : Mission Pinball Framework Core Engine v0.55.0
2022-10-06 13:12:12,591 : INFO : Machine : Command line arguments: {'no_load_cache': False, 'create_config_cache': True, 'bcp': False, 'configfile': ['config.yaml'], 'force_assets_load': False, 'jsonlogging': False, 'logfile': 'logs\\2022-10-06-13-12-12-mpf-DESKTOP-7HNFDQ5.log', 'pause': False, 'production': False, 'text_ui': True, 'loglevel': 15, 'consoleloglevel': 20, 'force_platform': None, 'syslog_address': None, 'mc_file_name': None, 'no_sound': False}
2022-10-06 13:12:12,591 : INFO : Machine : MPF path: c:\users\tanner\appdata\local\programs\python\python37\lib\site-packages\mpf
2022-10-06 13:12:12,591 : INFO : Machine : Machine path: c:\trashland_2
2022-10-06 13:12:12,591 : INFO : Machine : Platform: win32
2022-10-06 13:12:12,591 : INFO : Machine : Python executable location: c:\users\tanner\appdata\local\programs\python\python37\python.exe
2022-10-06 13:12:12,591 : INFO : Machine : Python version: 3.7.8 (64-bit)
2022-10-06 13:12:12,593 : INFO : Machine : Initialise MPF.
2022-10-06 13:12:12,824 : INFO : FAST : Connecting to com9 at 921600bps
2022-10-06 13:12:12,871 : INFO : FAST : Connected! Processor: NET, Board Type: FP-CPU-002-2, Firmware: 01.05
2022-10-06 13:12:12,871 : INFO : EventManager : Event: ======'machine_var_fast_net_firmware'====== Args={'value': '01.05', 'prev_value': None, 'change': True}
2022-10-06 13:12:12,871 : INFO : EventManager : Event: ======'machine_var_fast_net_model'====== Args={'value': 'FP-CPU-002-2', 'prev_value': None, 'change': True}
2022-10-06 13:12:15,245 : WARNING : FAST : Got unexpected message from FAST: -N:30
2022-10-06 13:12:15,245 : WARNING : FAST : Got unexpected message from FAST: -N:33
2022-10-06 13:12:15,245 : WARNING : FAST : Got unexpected message from FAST: -N:34
2022-10-06 13:12:15,245 : WARNING : FAST : Got unexpected message from FAST: -N:38
2022-10-06 13:12:15,245 : WARNING : FAST : Got unexpected message from FAST: -N:40
2022-10-06 13:12:15,245 : WARNING : FAST : Got unexpected message from FAST: -N:41
2022-10-06 13:12:15,245 : WARNING : FAST : Got unexpected message from FAST: -N:42
2022-10-06 13:12:15,245 : WARNING : FAST : Got unexpected message from FAST: -N:43
2022-10-06 13:12:15,245 : WARNING : FAST : Got unexpected message from FAST: -N:44
2022-10-06 13:12:15,245 : WARNING : FAST : Got unexpected message from FAST: -N:5D
2022-10-06 13:12:15,355 : INFO : FAST : Connecting to com10 at 921600bps
2022-10-06 13:12:15,387 : INFO : FAST : Connected! Processor: RGB, Board Type: FP-CPU-002-2, Firmware: 00.87
2022-10-06 13:12:15,387 : INFO : EventManager : Event: ======'machine_var_fast_rgb_firmware'====== Args={'value': '00.87', 'prev_value': None, 'change': True}
2022-10-06 13:12:15,387 : INFO : EventManager : Event: ======'machine_var_fast_rgb_model'====== Args={'value': 'FP-CPU-002-2', 'prev_value': None, 'change': True}
2022-10-06 13:12:15,388 : INFO : EventManager : Event: ======'machine_var_credits_string'====== Args={'value': 'FREE PLAY', 'prev_value': None, 'change': True}
2022-10-06 13:12:15,431 : INFO : EventManager : Event: ======'machine_var_master_volume'====== Args={'value': 0.5, 'prev_value': None, 'change': True}
2022-10-06 13:12:15,431 : INFO : EventManager : Event: ======'machine_var_mpf_version'====== Args={'value': 'MPF v0.55.0', 'prev_value': None, 'change': True}
2022-10-06 13:12:15,431 : INFO : EventManager : Event: ======'machine_var_mpf_extended_version'====== Args={'value': 'MPF v0.55.0, Config version:5, Show version: 5, BCP version:1.1', 'prev_value': None, 'change': True}
2022-10-06 13:12:15,431 : INFO : EventManager : Event: ======'machine_var_python_version'====== Args={'value': '3.7.8', 'prev_value': None, 'change': True}
2022-10-06 13:12:15,431 : INFO : EventManager : Event: ======'machine_var_platform'====== Args={'value': 'Windows-10-10.0.19041-SP0', 'prev_value': None, 'change': True}
2022-10-06 13:12:15,431 : INFO : EventManager : Event: ======'machine_var_platform_system'====== Args={'value': 'Windows', 'prev_value': None, 'change': True}
2022-10-06 13:12:15,431 : INFO : EventManager : Event: ======'machine_var_platform_release'====== Args={'value': '10', 'prev_value': None, 'change': True}
2022-10-06 13:12:15,432 : INFO : EventManager : Event: ======'machine_var_platform_version'====== Args={'value': '10.0.19041', 'prev_value': None, 'change': True}
2022-10-06 13:12:15,432 : INFO : EventManager : Event: ======'machine_var_platform_machine'====== Args={'value': 'AMD64', 'prev_value': None, 'change': True}
2022-10-06 13:12:15,432 : INFO : EventManager : Event: ======'init_phase_1'====== Args={}
2022-10-06 13:12:15,474 : INFO : EventManager : Event: ======'drop_target_bank_mid_up'====== Args={}
2022-10-06 13:12:15,474 : INFO : EventManager : Event: ======'drop_target_bank_right_up'====== Args={}
2022-10-06 13:12:15,485 : INFO : EventManager : Event: ======'init_phase_2'====== Args={}
2022-10-06 13:12:15,485 : INFO : SwitchController : Found active switch: (('30', 1), <Platform.FAST>) <switch.s_drop_right_right>
2022-10-06 13:12:15,485 : INFO : SwitchController : Found active switch: (('48', 1), <Platform.FAST>) <switch.s_trough_1>
2022-10-06 13:12:15,486 : INFO : SwitchController : Found active switch: (('49', 1), <Platform.FAST>) <switch.s_trough_jam>
2022-10-06 13:12:15,486 : INFO : SwitchController : Found active switch: (('3C', 1), <Platform.FAST>) <switch.s_eos_right>
2022-10-06 13:12:15,486 : INFO : SwitchController : Found active switch: (('3B', 1), <Platform.FAST>) <switch.s_eos_left>
2022-10-06 13:12:15,493 : INFO : ball_device.bd_trough : BCH: Initial count: 2
2022-10-06 13:12:15,493 : INFO : ball_device.bd_trough : State: idle
2022-10-06 13:12:15,493 : INFO : ball_device.bd_plunger : BCH: Initial count: 0
2022-10-06 13:12:15,494 : INFO : ball_device.bd_plunger : State: idle
2022-10-06 13:12:15,494 : INFO : ball_device.bd_top_vuk : BCH: Initial count: 0
2022-10-06 13:12:15,494 : INFO : ball_device.bd_top_vuk : State: idle
2022-10-06 13:12:15,495 : INFO : ball_device.bd_right_vuk : BCH: Initial count: 0
2022-10-06 13:12:15,495 : INFO : ball_device.bd_right_vuk : State: idle
2022-10-06 13:12:15,496 : INFO : ball_device.bd_bot_vuk : BCH: Initial count: 0
2022-10-06 13:12:15,496 : INFO : ball_device.bd_bot_vuk : State: idle
2022-10-06 13:12:15,536 : INFO : EventManager : Event: ======'init_phase_3'====== Args={}
2022-10-06 13:12:15,570 : INFO : EventManager : Event: ======'init_phase_4'====== Args={}
2022-10-06 13:12:15,571 : INFO : EventManager : Event: ======'playfield_active'====== Args={}
2022-10-06 13:12:15,571 : INFO : EventManager : Event: ======'unexpected_ball_on_playfield'====== Args={}
2022-10-06 13:12:15,571 : INFO : EventManager : Event: ======'playfield_active'====== Args={}
2022-10-06 13:12:15,571 : INFO : EventManager : Event: ======'unexpected_ball_on_playfield'====== Args={}
2022-10-06 13:12:15,571 : INFO : EventManager : Event: ======'playfield_active'====== Args={}
2022-10-06 13:12:15,571 : INFO : EventManager : Event: ======'unexpected_ball_on_playfield'====== Args={}
2022-10-06 13:12:15,571 : INFO : EventManager : Event: ======'playfield_active'====== Args={}
2022-10-06 13:12:15,571 : INFO : EventManager : Event: ======'unexpected_ball_on_playfield'====== Args={}
2022-10-06 13:12:15,571 : INFO : EventManager : Event: ======'playfield_active'====== Args={}
2022-10-06 13:12:15,571 : INFO : EventManager : Event: ======'unexpected_ball_on_playfield'====== Args={}
2022-10-06 13:12:15,571 : INFO : EventManager : Event: ======'drop_target_right_right_down'====== Args={'device': <drop_target.right_right>}
2022-10-06 13:12:15,571 : INFO : EventManager : Event: ======'drop_target_bank_right_mixed'====== Args={'prev_value': <DropTargetBankState.UP: 'up'>, 'down': 1}
2022-10-06 13:12:15,571 : INFO : EventManager : Event: ======'playfield_active'====== Args={}
2022-10-06 13:12:15,571 : INFO : EventManager : Event: ======'unexpected_ball_on_playfield'====== Args={}
2022-10-06 13:12:15,572 : INFO : BallController : Initial balls found: 2
2022-10-06 13:12:15,573 : INFO : EventManager : Event: ======'machine_var_audits_events_game_ended'====== Args={'value': 0, 'prev_value': None, 'change': True}
2022-10-06 13:12:15,573 : INFO : EventManager : Event: ======'machine_var_audits_events_game_started'====== Args={'value': 0, 'prev_value': None, 'change': True}
2022-10-06 13:12:15,574 : INFO : EventManager : Event: ======'machine_var_audits_player_score'====== Args={'value': {'average': 0, 'top': [], 'total': 0}, 'prev_value': None, 'change': True}
2022-10-06 13:12:15,574 : INFO : EventManager : Event: ======'machine_var_audits_switches_s_autolauncher'====== Args={'value': 82, 'prev_value': None, 'change': True}
2022-10-06 13:12:15,574 : INFO : EventManager : Event: ======'machine_var_audits_switches_s_back_pop'====== Args={'value': 0, 'prev_value': None, 'change': True}
2022-10-06 13:12:15,574 : INFO : EventManager : Event: ======'machine_var_audits_switches_s_back_rollover'====== Args={'value': 0, 'prev_value': None, 'change': True}
2022-10-06 13:12:15,574 : INFO : EventManager : Event: ======'machine_var_audits_switches_s_back_stationary'====== Args={'value': 0, 'prev_value': None, 'change': True}
2022-10-06 13:12:15,574 : INFO : EventManager : Event: ======'machine_var_audits_switches_s_bot_back'====== Args={'value': 0, 'prev_value': None, 'change': True}
2022-10-06 13:12:15,574 : INFO : EventManager : Event: ======'machine_var_audits_switches_s_bot_big'====== Args={'value': 1, 'prev_value': None, 'change': True}
2022-10-06 13:12:15,574 : INFO : EventManager : Event: ======'machine_var_audits_switches_s_bot_left'====== Args={'value': 0, 'prev_value': None, 'change': True}
2022-10-06 13:12:15,575 : INFO : EventManager : Event: ======'machine_var_audits_switches_s_bot_right'====== Args={'value': 0, 'prev_value': None, 'change': True}
2022-10-06 13:12:15,575 : INFO : EventManager : Event: ======'machine_var_audits_switches_s_bot_rollover'====== Args={'value': 0, 'prev_value': None, 'change': True}
2022-10-06 13:12:15,575 : INFO : EventManager : Event: ======'machine_var_audits_switches_s_bot_vuk'====== Args={'value': 0, 'prev_value': None, 'change': True}
2022-10-06 13:12:15,575 : INFO : EventManager : Event: ======'machine_var_audits_switches_s_drop_mid_left'====== Args={'value': 74, 'prev_value': None, 'change': True}
2022-10-06 13:12:15,575 : INFO : EventManager : Event: ======'machine_var_audits_switches_s_drop_mid_mid'====== Args={'value': 83, 'prev_value': None, 'change': True}
2022-10-06 13:12:15,575 : INFO : EventManager : Event: ======'machine_var_audits_switches_s_drop_mid_right'====== Args={'value': 5, 'prev_value': None, 'change': True}
2022-10-06 13:12:15,575 : INFO : EventManager : Event: ======'machine_var_audits_switches_s_drop_right_left'====== Args={'value': 24, 'prev_value': None, 'change': True}
2022-10-06 13:12:15,576 : INFO : EventManager : Event: ======'machine_var_audits_switches_s_drop_right_right'====== Args={'value': 61, 'prev_value': None, 'change': True}
2022-10-06 13:12:15,576 : INFO : EventManager : Event: ======'machine_var_audits_switches_s_drop_single'====== Args={'value': 41, 'prev_value': None, 'change': True}
2022-10-06 13:12:15,576 : INFO : EventManager : Event: ======'machine_var_audits_switches_s_eos_left'====== Args={'value': 71, 'prev_value': None, 'change': True}
2022-10-06 13:12:15,576 : INFO : EventManager : Event: ======'machine_var_audits_switches_s_eos_left_top'====== Args={'value': 847, 'prev_value': None, 'change': True}
2022-10-06 13:12:15,576 : INFO : EventManager : Event: ======'machine_var_audits_switches_s_eos_right'====== Args={'value': 96, 'prev_value': None, 'change': True}
2022-10-06 13:12:15,576 : INFO : EventManager : Event: ======'machine_var_audits_switches_s_launch'====== Args={'value': 57, 'prev_value': None, 'change': True}
2022-10-06 13:12:15,577 : INFO : EventManager : Event: ======'machine_var_audits_switches_s_left_flipper'====== Args={'value': 949, 'prev_value': None, 'change': True}
2022-10-06 13:12:15,577 : INFO : EventManager : Event: ======'machine_var_audits_switches_s_left_inlane'====== Args={'value': 24, 'prev_value': None, 'change': True}
2022-10-06 13:12:15,577 : INFO : EventManager : Event: ======'machine_var_audits_switches_s_left_outlane'====== Args={'value': 5, 'prev_value': None, 'change': True}
2022-10-06 13:12:15,577 : INFO : EventManager : Event: ======'machine_var_audits_switches_s_pop_left'====== Args={'value': 157, 'prev_value': None, 'change': True}
2022-10-06 13:12:15,577 : INFO : EventManager : Event: ======'machine_var_audits_switches_s_pop_lower'====== Args={'value': 256, 'prev_value': None, 'change': True}
2022-10-06 13:12:15,577 : INFO : EventManager : Event: ======'machine_var_audits_switches_s_pop_right'====== Args={'value': 294, 'prev_value': None, 'change': True}
2022-10-06 13:12:15,578 : INFO : EventManager : Event: ======'machine_var_audits_switches_s_right_flipper'====== Args={'value': 975, 'prev_value': None, 'change': True}
2022-10-06 13:12:15,578 : INFO : EventManager : Event: ======'machine_var_audits_switches_s_right_inlane'====== Args={'value': 0, 'prev_value': None, 'change': True}
2022-10-06 13:12:15,578 : INFO : EventManager : Event: ======'machine_var_audits_switches_s_right_outlane'====== Args={'value': 79, 'prev_value': None, 'change': True}
2022-10-06 13:12:15,578 : INFO : EventManager : Event: ======'machine_var_audits_switches_s_rollover_left'====== Args={'value': 64, 'prev_value': None, 'change': True}
2022-10-06 13:12:15,579 : INFO : EventManager : Event: ======'machine_var_audits_switches_s_rollover_right'====== Args={'value': 46, 'prev_value': None, 'change': True}
2022-10-06 13:12:15,579 : INFO : EventManager : Event: ======'machine_var_audits_switches_s_sling_left'====== Args={'value': 41, 'prev_value': None, 'change': True}
2022-10-06 13:12:15,579 : INFO : EventManager : Event: ======'machine_var_audits_switches_s_sling_right'====== Args={'value': 136, 'prev_value': None, 'change': True}
2022-10-06 13:12:15,579 : INFO : EventManager : Event: ======'machine_var_audits_switches_s_start'====== Args={'value': 152, 'prev_value': None, 'change': True}
2022-10-06 13:12:15,579 : INFO : EventManager : Event: ======'machine_var_audits_switches_s_tilt'====== Args={'value': 126, 'prev_value': None, 'change': True}
2022-10-06 13:12:15,580 : INFO : EventManager : Event: ======'machine_var_audits_switches_s_transfer_rollover'====== Args={'value': 0, 'prev_value': None, 'change': True}
2022-10-06 13:12:15,580 : INFO : EventManager : Event: ======'machine_var_audits_switches_s_trough_1'====== Args={'value': 57, 'prev_value': None, 'change': True}
2022-10-06 13:12:15,580 : INFO : EventManager : Event: ======'machine_var_audits_switches_s_trough_2'====== Args={'value': 190, 'prev_value': None, 'change': True}
2022-10-06 13:12:15,580 : INFO : EventManager : Event: ======'machine_var_audits_switches_s_trough_3'====== Args={'value': 102, 'prev_value': None, 'change': True}
2022-10-06 13:12:15,580 : INFO : EventManager : Event: ======'machine_var_audits_switches_s_trough_4'====== Args={'value': 105, 'prev_value': None, 'change': True}
2022-10-06 13:12:15,581 : INFO : EventManager : Event: ======'machine_var_audits_switches_s_trough_5'====== Args={'value': 109, 'prev_value': None, 'change': True}
2022-10-06 13:12:15,581 : INFO : EventManager : Event: ======'machine_var_audits_switches_s_trough_6'====== Args={'value': 186, 'prev_value': None, 'change': True}
2022-10-06 13:12:15,581 : INFO : EventManager : Event: ======'machine_var_audits_switches_s_trough_jam'====== Args={'value': 108, 'prev_value': None, 'change': True}
2022-10-06 13:12:15,581 : INFO : EventManager : Event: ======'machine_var_audits_switches_s_upper_drop'====== Args={'value': 0, 'prev_value': None, 'change': True}
2022-10-06 13:12:15,581 : INFO : EventManager : Event: ======'machine_var_audits_switches_s_upper_rollover'====== Args={'value': 0, 'prev_value': None, 'change': True}
2022-10-06 13:12:15,582 : INFO : EventManager : Event: ======'machine_var_audits_switches_s_upper_stationary'====== Args={'value': 0, 'prev_value': None, 'change': True}
2022-10-06 13:12:15,582 : INFO : EventManager : Event: ======'machine_var_audits_switches_s_vuk_back'====== Args={'value': 1, 'prev_value': None, 'change': True}
2022-10-06 13:12:15,582 : INFO : EventManager : Event: ======'machine_var_audits_switches_s_vuk_right'====== Args={'value': 3, 'prev_value': None, 'change': True}
2022-10-06 13:12:15,582 : INFO : EventManager : Event: ======'machine_var_audits_switches_s_vuk_top'====== Args={'value': 25, 'prev_value': None, 'change': True}
2022-10-06 13:12:15,583 : INFO : EventManager : Event: ======'init_phase_5'====== Args={}
2022-10-06 13:12:15,627 : INFO : EventManager : Event: ======'init_done'====== Args={}
2022-10-06 13:12:15,628 : INFO : EventManager : Event: ======'machine_reset_phase_1'====== Args={}
2022-10-06 13:12:15,629 : INFO : EventManager : Event: ======'machine_reset_phase_2'====== Args={}
2022-10-06 13:12:15,629 : INFO : EventManager : Event: ======'machine_reset_phase_3'====== Args={}
2022-10-06 13:12:15,630 : INFO : EventManager : Event: ======'mode_tilt_will_start'====== Args={'queue': <QueuedEvent>}
2022-10-06 13:12:15,630 : INFO : EventManager : Event: ======'mode_tilt_starting'====== Args={'queue': <QueuedEvent>}
2022-10-06 13:12:15,630 : INFO : drop_target_bank.mid : All targets are already up. Will not reset bank.
2022-10-06 13:12:15,630 : INFO : drop_target_bank.right : 1 targets are down. Will reset those.
2022-10-06 13:12:15,630 : INFO : coil.c_drop_right : Pulsing Driver for 10ms (1.0 pulse_power)
2022-10-06 13:12:15,631 : INFO : Mode.tilt : Started. Priority: 1000000
2022-10-06 13:12:15,631 : INFO : EventManager : Event: ======'modes_active_modes_changed'====== Args={}
2022-10-06 13:12:15,631 : INFO : EventManager : Event: ======'mode_tilt_started'====== Args={'queue': <QueuedEvent>}
2022-10-06 13:12:15,632 : INFO : EventManager : Event: ======'reset_complete'====== Args={}
2022-10-06 13:12:15,632 : INFO : EventManager : Event: ======'mode_attract_will_start'====== Args={}
2022-10-06 13:12:15,632 : INFO : EventManager : Event: ======'mode_attract_starting'====== Args={}
2022-10-06 13:12:15,632 : INFO : Mode.attract : Started. Priority: 10
2022-10-06 13:12:15,632 : INFO : EventManager : Event: ======'modes_active_modes_changed'====== Args={}
2022-10-06 13:12:15,632 : INFO : EventManager : Event: ======'mode_attract_started'====== Args={}
2022-10-06 13:12:15,633 : INFO : EventManager : Event: ======'collecting_balls_complete'====== Args={}
2022-10-06 13:12:15,677 : INFO : coil.c_drop_right : Pulsing Driver for 10ms (1.0 pulse_power)
2022-10-06 13:12:15,678 : INFO : BcpServer : New client connected.
2022-10-06 13:12:15,680 : INFO : Machine : Starting the main run loop.
2022-10-06 13:12:16,113 : INFO : EventManager : Event: ======'drop_target_bank_right_mixed'====== Args={'prev_value': <DropTargetBankState.MIXED: 'mixed'>, 'down': 1}
2022-10-06 13:13:22,650 : INFO : SwitchController : <<<<<<< 's_drop_mid_mid' active >>>>>>>
2022-10-06 13:13:22,650 : INFO : EventManager : Event: ======'playfield_active'====== Args={}
2022-10-06 13:13:22,650 : INFO : EventManager : Event: ======'unexpected_ball_on_playfield'====== Args={}
2022-10-06 13:13:22,651 : INFO : EventManager : Event: ======'drop_target_mid_mid_down'====== Args={'device': <drop_target.mid_mid>}
2022-10-06 13:13:22,651 : INFO : EventManager : Event: ======'drop_target_bank_mid_mixed'====== Args={'prev_value': <DropTargetBankState.UP: 'up'>, 'down': 1}
2022-10-06 13:13:22,681 : INFO : SwitchController : <<<<<<< 's_drop_mid_mid' inactive >>>>>>>
2022-10-06 13:13:22,681 : INFO : EventManager : Event: ======'playfield_active'====== Args={}
2022-10-06 13:13:22,682 : INFO : EventManager : Event: ======'unexpected_ball_on_playfield'====== Args={}
2022-10-06 13:13:22,682 : INFO : EventManager : Event: ======'drop_target_mid_mid_up'====== Args={'device': <drop_target.mid_mid>}
2022-10-06 13:13:22,683 : INFO : EventManager : Event: ======'drop_target_bank_mid_up'====== Args={}
2022-10-06 13:13:22,777 : INFO : SwitchController : <<<<<<< 's_drop_mid_mid' active >>>>>>>
2022-10-06 13:13:22,777 : INFO : EventManager : Event: ======'playfield_active'====== Args={}
2022-10-06 13:13:22,777 : INFO : EventManager : Event: ======'unexpected_ball_on_playfield'====== Args={}
2022-10-06 13:13:22,778 : INFO : EventManager : Event: ======'drop_target_mid_mid_down'====== Args={'device': <drop_target.mid_mid>}
2022-10-06 13:13:22,778 : INFO : EventManager : Event: ======'drop_target_bank_mid_mixed'====== Args={'prev_value': <DropTargetBankState.UP: 'up'>, 'down': 1}
2022-10-06 13:13:22,949 : INFO : SwitchController : <<<<<<< 's_drop_mid_mid' inactive >>>>>>>
2022-10-06 13:13:22,949 : INFO : EventManager : Event: ======'playfield_active'====== Args={}
2022-10-06 13:13:22,949 : INFO : EventManager : Event: ======'unexpected_ball_on_playfield'====== Args={}
2022-10-06 13:13:22,950 : INFO : EventManager : Event: ======'drop_target_mid_mid_up'====== Args={'device': <drop_target.mid_mid>}
2022-10-06 13:13:22,950 : INFO : EventManager : Event: ======'drop_target_bank_mid_up'====== Args={}
2022-10-06 13:13:23,232 : INFO : SwitchController : <<<<<<< 's_drop_mid_mid' active >>>>>>>
2022-10-06 13:13:23,232 : INFO : EventManager : Event: ======'playfield_active'====== Args={}
2022-10-06 13:13:23,233 : INFO : EventManager : Event: ======'unexpected_ball_on_playfield'====== Args={}
2022-10-06 13:13:23,233 : INFO : EventManager : Event: ======'drop_target_mid_mid_down'====== Args={'device': <drop_target.mid_mid>}
2022-10-06 13:13:23,233 : INFO : EventManager : Event: ======'drop_target_bank_mid_mixed'====== Args={'prev_value': <DropTargetBankState.UP: 'up'>, 'down': 1}
2022-10-06 13:13:23,328 : INFO : SwitchController : <<<<<<< 's_drop_mid_mid' inactive >>>>>>>
2022-10-06 13:13:23,328 : INFO : EventManager : Event: ======'playfield_active'====== Args={}
2022-10-06 13:13:23,328 : INFO : EventManager : Event: ======'unexpected_ball_on_playfield'====== Args={}
2022-10-06 13:13:23,329 : INFO : EventManager : Event: ======'drop_target_mid_mid_up'====== Args={'device': <drop_target.mid_mid>}
2022-10-06 13:13:23,329 : INFO : EventManager : Event: ======'drop_target_bank_mid_up'====== Args={}
2022-10-06 13:13:23,330 : INFO : SwitchController : <<<<<<< 's_drop_mid_mid' active >>>>>>>
2022-10-06 13:13:23,330 : INFO : EventManager : Event: ======'playfield_active'====== Args={}
2022-10-06 13:13:23,330 : INFO : EventManager : Event: ======'unexpected_ball_on_playfield'====== Args={}
2022-10-06 13:13:23,330 : INFO : EventManager : Event: ======'drop_target_mid_mid_down'====== Args={'device': <drop_target.mid_mid>}
2022-10-06 13:13:23,331 : INFO : EventManager : Event: ======'drop_target_bank_mid_mixed'====== Args={'prev_value': <DropTargetBankState.UP: 'up'>, 'down': 1}
2022-10-06 13:13:23,360 : INFO : SwitchController : <<<<<<< 's_drop_mid_mid' inactive >>>>>>>
2022-10-06 13:13:23,360 : INFO : EventManager : Event: ======'playfield_active'====== Args={}
2022-10-06 13:13:23,360 : INFO : EventManager : Event: ======'unexpected_ball_on_playfield'====== Args={}
2022-10-06 13:13:23,361 : INFO : EventManager : Event: ======'drop_target_mid_mid_up'====== Args={'device': <drop_target.mid_mid>}
2022-10-06 13:13:23,361 : INFO : EventManager : Event: ======'drop_target_bank_mid_up'====== Args={}
2022-10-06 13:13:23,362 : INFO : SwitchController : <<<<<<< 's_drop_mid_mid' active >>>>>>>
2022-10-06 13:13:23,362 : INFO : EventManager : Event: ======'playfield_active'====== Args={}
2022-10-06 13:13:23,362 : INFO : EventManager : Event: ======'unexpected_ball_on_playfield'====== Args={}
2022-10-06 13:13:23,362 : INFO : EventManager : Event: ======'drop_target_mid_mid_down'====== Args={'device': <drop_target.mid_mid>}
2022-10-06 13:13:23,363 : INFO : EventManager : Event: ======'drop_target_bank_mid_mixed'====== Args={'prev_value': <DropTargetBankState.UP: 'up'>, 'down': 1}
2022-10-06 13:13:23,408 : INFO : SwitchController : <<<<<<< 's_drop_mid_mid' inactive >>>>>>>
2022-10-06 13:13:23,408 : INFO : EventManager : Event: ======'playfield_active'====== Args={}
2022-10-06 13:13:23,408 : INFO : EventManager : Event: ======'unexpected_ball_on_playfield'====== Args={}
2022-10-06 13:13:23,409 : INFO : EventManager : Event: ======'drop_target_mid_mid_up'====== Args={'device': <drop_target.mid_mid>}
2022-10-06 13:13:23,409 : INFO : EventManager : Event: ======'drop_target_bank_mid_up'====== Args={}
2022-10-06 13:13:23,424 : INFO : SwitchController : <<<<<<< 's_drop_mid_mid' active >>>>>>>
2022-10-06 13:13:23,424 : INFO : EventManager : Event: ======'playfield_active'====== Args={}
2022-10-06 13:13:23,425 : INFO : EventManager : Event: ======'unexpected_ball_on_playfield'====== Args={}
2022-10-06 13:13:23,425 : INFO : EventManager : Event: ======'drop_target_mid_mid_down'====== Args={'device': <drop_target.mid_mid>}
2022-10-06 13:13:23,425 : INFO : EventManager : Event: ======'drop_target_bank_mid_mixed'====== Args={'prev_value': <DropTargetBankState.UP: 'up'>, 'down': 1}
2022-10-06 13:13:23,766 : INFO : SwitchController : <<<<<<< 's_drop_mid_mid' inactive >>>>>>>
2022-10-06 13:13:23,766 : INFO : EventManager : Event: ======'playfield_active'====== Args={}
2022-10-06 13:13:23,766 : INFO : EventManager : Event: ======'unexpected_ball_on_playfield'====== Args={}
2022-10-06 13:13:23,767 : INFO : EventManager : Event: ======'drop_target_mid_mid_up'====== Args={'device': <drop_target.mid_mid>}
2022-10-06 13:13:23,767 : INFO : EventManager : Event: ======'drop_target_bank_mid_up'====== Args={}
2022-10-06 13:13:23,768 : INFO : SwitchController : <<<<<<< 's_drop_mid_mid' active >>>>>>>
2022-10-06 13:13:23,768 : INFO : EventManager : Event: ======'playfield_active'====== Args={}
2022-10-06 13:13:23,768 : INFO : EventManager : Event: ======'unexpected_ball_on_playfield'====== Args={}
2022-10-06 13:13:23,768 : INFO : EventManager : Event: ======'drop_target_mid_mid_down'====== Args={'device': <drop_target.mid_mid>}
2022-10-06 13:13:23,769 : INFO : EventManager : Event: ======'drop_target_bank_mid_mixed'====== Args={'prev_value': <DropTargetBankState.UP: 'up'>, 'down': 1}
2022-10-06 13:13:24,426 : INFO : SwitchController : <<<<<<< 's_drop_mid_mid' inactive >>>>>>>
2022-10-06 13:13:24,426 : INFO : EventManager : Event: ======'playfield_active'====== Args={}
2022-10-06 13:13:24,427 : INFO : EventManager : Event: ======'unexpected_ball_on_playfield'====== Args={}
2022-10-06 13:13:24,427 : INFO : EventManager : Event: ======'drop_target_mid_mid_up'====== Args={'device': <drop_target.mid_mid>}
2022-10-06 13:13:24,428 : INFO : EventManager : Event: ======'drop_target_bank_mid_up'====== Args={}
2022-10-06 13:13:24,473 : INFO : SwitchController : <<<<<<< 's_drop_mid_mid' active >>>>>>>
2022-10-06 13:13:24,473 : INFO : EventManager : Event: ======'playfield_active'====== Args={}
2022-10-06 13:13:24,474 : INFO : EventManager : Event: ======'unexpected_ball_on_playfield'====== Args={}
2022-10-06 13:13:24,474 : INFO : EventManager : Event: ======'drop_target_mid_mid_down'====== Args={'device': <drop_target.mid_mid>}
2022-10-06 13:13:24,474 : INFO : EventManager : Event: ======'drop_target_bank_mid_mixed'====== Args={'prev_value': <DropTargetBankState.UP: 'up'>, 'down': 1}
2022-10-06 13:13:24,756 : INFO : SwitchController : <<<<<<< 's_drop_mid_mid' inactive >>>>>>>
2022-10-06 13:13:24,756 : INFO : EventManager : Event: ======'playfield_active'====== Args={}
2022-10-06 13:13:24,756 : INFO : EventManager : Event: ======'unexpected_ball_on_playfield'====== Args={}
2022-10-06 13:13:24,757 : INFO : EventManager : Event: ======'drop_target_mid_mid_up'====== Args={'device': <drop_target.mid_mid>}
2022-10-06 13:13:24,757 : INFO : EventManager : Event: ======'drop_target_bank_mid_up'====== Args={}
2022-10-06 13:13:24,975 : INFO : SwitchController : <<<<<<< 's_drop_mid_mid' active >>>>>>>
2022-10-06 13:13:24,975 : INFO : EventManager : Event: ======'playfield_active'====== Args={}
2022-10-06 13:13:24,976 : INFO : EventManager : Event: ======'unexpected_ball_on_playfield'====== Args={}
2022-10-06 13:13:24,976 : INFO : EventManager : Event: ======'drop_target_mid_mid_down'====== Args={'device': <drop_target.mid_mid>}
2022-10-06 13:13:24,976 : INFO : EventManager : Event: ======'drop_target_bank_mid_mixed'====== Args={'prev_value': <DropTargetBankState.UP: 'up'>, 'down': 1}
2022-10-06 13:13:25,037 : INFO : SwitchController : <<<<<<< 's_drop_mid_mid' inactive >>>>>>>
2022-10-06 13:13:25,037 : INFO : EventManager : Event: ======'playfield_active'====== Args={}
2022-10-06 13:13:25,037 : INFO : EventManager : Event: ======'unexpected_ball_on_playfield'====== Args={}
2022-10-06 13:13:25,038 : INFO : EventManager : Event: ======'drop_target_mid_mid_up'====== Args={'device': <drop_target.mid_mid>}
2022-10-06 13:13:25,038 : INFO : EventManager : Event: ======'drop_target_bank_mid_up'====== Args={}
2022-10-06 13:13:25,053 : INFO : SwitchController : <<<<<<< 's_drop_mid_mid' active >>>>>>>
2022-10-06 13:13:25,053 : INFO : EventManager : Event: ======'playfield_active'====== Args={}
2022-10-06 13:13:25,053 : INFO : EventManager : Event: ======'unexpected_ball_on_playfield'====== Args={}
2022-10-06 13:13:25,054 : INFO : EventManager : Event: ======'drop_target_mid_mid_down'====== Args={'device': <drop_target.mid_mid>}
2022-10-06 13:13:25,054 : INFO : EventManager : Event: ======'drop_target_bank_mid_mixed'====== Args={'prev_value': <DropTargetBankState.UP: 'up'>, 'down': 1}
2022-10-06 13:13:25,492 : INFO : SwitchController : <<<<<<< 's_drop_mid_mid' inactive >>>>>>>
2022-10-06 13:13:25,492 : INFO : EventManager : Event: ======'playfield_active'====== Args={}
2022-10-06 13:13:25,492 : INFO : EventManager : Event: ======'unexpected_ball_on_playfield'====== Args={}
2022-10-06 13:13:25,493 : INFO : EventManager : Event: ======'drop_target_mid_mid_up'====== Args={'device': <drop_target.mid_mid>}
2022-10-06 13:13:25,493 : INFO : EventManager : Event: ======'drop_target_bank_mid_up'====== Args={}
2022-10-06 13:13:25,494 : INFO : SwitchController : <<<<<<< 's_drop_mid_mid' active >>>>>>>
2022-10-06 13:13:25,494 : INFO : EventManager : Event: ======'playfield_active'====== Args={}
2022-10-06 13:13:25,494 : INFO : EventManager : Event: ======'unexpected_ball_on_playfield'====== Args={}
2022-10-06 13:13:25,494 : INFO : EventManager : Event: ======'drop_target_mid_mid_down'====== Args={'device': <drop_target.mid_mid>}
2022-10-06 13:13:25,495 : INFO : EventManager : Event: ======'drop_target_bank_mid_mixed'====== Args={'prev_value': <DropTargetBankState.UP: 'up'>, 'down': 1}
2022-10-06 13:13:25,696 : INFO : SwitchController : <<<<<<< 's_drop_mid_mid' inactive >>>>>>>
2022-10-06 13:13:25,696 : INFO : EventManager : Event: ======'playfield_active'====== Args={}
2022-10-06 13:13:25,696 : INFO : EventManager : Event: ======'unexpected_ball_on_playfield'====== Args={}
2022-10-06 13:13:25,697 : INFO : EventManager : Event: ======'drop_target_mid_mid_up'====== Args={'device': <drop_target.mid_mid>}
2022-10-06 13:13:25,697 : INFO : EventManager : Event: ======'drop_target_bank_mid_up'====== Args={}
2022-10-06 13:13:25,882 : INFO : SwitchController : <<<<<<< 's_drop_mid_mid' active >>>>>>>
2022-10-06 13:13:25,882 : INFO : EventManager : Event: ======'playfield_active'====== Args={}
2022-10-06 13:13:25,882 : INFO : EventManager : Event: ======'unexpected_ball_on_playfield'====== Args={}
2022-10-06 13:13:25,883 : INFO : EventManager : Event: ======'drop_target_mid_mid_down'====== Args={'device': <drop_target.mid_mid>}
2022-10-06 13:13:25,883 : INFO : EventManager : Event: ======'drop_target_bank_mid_mixed'====== Args={'prev_value': <DropTargetBankState.UP: 'up'>, 'down': 1}
2022-10-06 13:13:26,118 : INFO : SwitchController : <<<<<<< 's_drop_mid_mid' inactive >>>>>>>
2022-10-06 13:13:26,118 : INFO : EventManager : Event: ======'playfield_active'====== Args={}
2022-10-06 13:13:26,118 : INFO : EventManager : Event: ======'unexpected_ball_on_playfield'====== Args={}
2022-10-06 13:13:26,119 : INFO : EventManager : Event: ======'drop_target_mid_mid_up'====== Args={'device': <drop_target.mid_mid>}
2022-10-06 13:13:26,119 : INFO : EventManager : Event: ======'drop_target_bank_mid_up'====== Args={}
2022-10-06 13:13:26,715 : INFO : SwitchController : <<<<<<< 's_drop_mid_mid' active >>>>>>>
2022-10-06 13:13:26,715 : INFO : EventManager : Event: ======'playfield_active'====== Args={}
2022-10-06 13:13:26,715 : INFO : EventManager : Event: ======'unexpected_ball_on_playfield'====== Args={}
2022-10-06 13:13:26,716 : INFO : EventManager : Event: ======'drop_target_mid_mid_down'====== Args={'device': <drop_target.mid_mid>}
2022-10-06 13:13:26,716 : INFO : EventManager : Event: ======'drop_target_bank_mid_mixed'====== Args={'prev_value': <DropTargetBankState.UP: 'up'>, 'down': 1}
2022-10-06 13:13:26,977 : INFO : SwitchController : <<<<<<< 's_drop_mid_mid' inactive >>>>>>>
2022-10-06 13:13:26,977 : INFO : EventManager : Event: ======'playfield_active'====== Args={}
2022-10-06 13:13:26,978 : INFO : EventManager : Event: ======'unexpected_ball_on_playfield'====== Args={}
2022-10-06 13:13:26,978 : INFO : EventManager : Event: ======'drop_target_mid_mid_up'====== Args={'device': <drop_target.mid_mid>}
2022-10-06 13:13:26,979 : INFO : EventManager : Event: ======'drop_target_bank_mid_up'====== Args={}
2022-10-06 13:13:27,773 : INFO : SwitchController : <<<<<<< 's_drop_mid_mid' active >>>>>>>
2022-10-06 13:13:27,773 : INFO : EventManager : Event: ======'playfield_active'====== Args={}
2022-10-06 13:13:27,774 : INFO : EventManager : Event: ======'unexpected_ball_on_playfield'====== Args={}
2022-10-06 13:13:27,774 : INFO : EventManager : Event: ======'drop_target_mid_mid_down'====== Args={'device': <drop_target.mid_mid>}
2022-10-06 13:13:27,775 : INFO : EventManager : Event: ======'drop_target_bank_mid_mixed'====== Args={'prev_value': <DropTargetBankState.UP: 'up'>, 'down': 1}
2022-10-06 13:13:28,256 : INFO : SwitchController : <<<<<<< 's_drop_mid_mid' inactive >>>>>>>
2022-10-06 13:13:28,256 : INFO : EventManager : Event: ======'playfield_active'====== Args={}
2022-10-06 13:13:28,256 : INFO : EventManager : Event: ======'unexpected_ball_on_playfield'====== Args={}
2022-10-06 13:13:28,257 : INFO : EventManager : Event: ======'drop_target_mid_mid_up'====== Args={'device': <drop_target.mid_mid>}
2022-10-06 13:13:28,257 : INFO : EventManager : Event: ======'drop_target_bank_mid_up'====== Args={}
2022-10-06 13:13:32,974 : INFO : SwitchController : <<<<<<< 's_drop_mid_mid' active >>>>>>>
2022-10-06 13:13:32,974 : INFO : EventManager : Event: ======'playfield_active'====== Args={}
2022-10-06 13:13:32,975 : INFO : EventManager : Event: ======'unexpected_ball_on_playfield'====== Args={}
2022-10-06 13:13:32,975 : INFO : EventManager : Event: ======'drop_target_mid_mid_down'====== Args={'device': <drop_target.mid_mid>}
2022-10-06 13:13:32,976 : INFO : EventManager : Event: ======'drop_target_bank_mid_mixed'====== Args={'prev_value': <DropTargetBankState.UP: 'up'>, 'down': 1}
2022-10-06 13:13:33,021 : INFO : SwitchController : <<<<<<< 's_drop_mid_mid' inactive >>>>>>>
2022-10-06 13:13:33,021 : INFO : EventManager : Event: ======'playfield_active'====== Args={}
2022-10-06 13:13:33,021 : INFO : EventManager : Event: ======'unexpected_ball_on_playfield'====== Args={}
2022-10-06 13:13:33,022 : INFO : EventManager : Event: ======'drop_target_mid_mid_up'====== Args={'device': <drop_target.mid_mid>}
2022-10-06 13:13:33,022 : INFO : EventManager : Event: ======'drop_target_bank_mid_up'====== Args={}
2022-10-06 13:13:33,149 : INFO : SwitchController : <<<<<<< 's_drop_mid_mid' active >>>>>>>
2022-10-06 13:13:33,149 : INFO : EventManager : Event: ======'playfield_active'====== Args={}
2022-10-06 13:13:33,149 : INFO : EventManager : Event: ======'unexpected_ball_on_playfield'====== Args={}
2022-10-06 13:13:33,150 : INFO : EventManager : Event: ======'drop_target_mid_mid_down'====== Args={'device': <drop_target.mid_mid>}
2022-10-06 13:13:33,150 : INFO : EventManager : Event: ======'drop_target_bank_mid_mixed'====== Args={'prev_value': <DropTargetBankState.UP: 'up'>, 'down': 1}
2022-10-06 13:13:33,261 : INFO : SwitchController : <<<<<<< 's_drop_mid_mid' inactive >>>>>>>
2022-10-06 13:13:33,261 : INFO : EventManager : Event: ======'playfield_active'====== Args={}
2022-10-06 13:13:33,261 : INFO : EventManager : Event: ======'unexpected_ball_on_playfield'====== Args={}
2022-10-06 13:13:33,262 : INFO : EventManager : Event: ======'drop_target_mid_mid_up'====== Args={'device': <drop_target.mid_mid>}
2022-10-06 13:13:33,262 : INFO : EventManager : Event: ======'drop_target_bank_mid_up'====== Args={}
2022-10-06 13:13:33,401 : INFO : SwitchController : <<<<<<< 's_drop_mid_mid' active >>>>>>>
2022-10-06 13:13:33,401 : INFO : EventManager : Event: ======'playfield_active'====== Args={}
2022-10-06 13:13:33,401 : INFO : EventManager : Event: ======'unexpected_ball_on_playfield'====== Args={}
2022-10-06 13:13:33,402 : INFO : EventManager : Event: ======'drop_target_mid_mid_down'====== Args={'device': <drop_target.mid_mid>}
2022-10-06 13:13:33,402 : INFO : EventManager : Event: ======'drop_target_bank_mid_mixed'====== Args={'prev_value': <DropTargetBankState.UP: 'up'>, 'down': 1}
2022-10-06 13:13:33,403 : INFO : SwitchController : <<<<<<< 's_drop_mid_mid' inactive >>>>>>>
2022-10-06 13:13:33,403 : INFO : EventManager : Event: ======'playfield_active'====== Args={}
2022-10-06 13:13:33,403 : INFO : EventManager : Event: ======'unexpected_ball_on_playfield'====== Args={}
2022-10-06 13:13:33,403 : INFO : EventManager : Event: ======'drop_target_mid_mid_up'====== Args={'device': <drop_target.mid_mid>}
2022-10-06 13:13:33,404 : INFO : EventManager : Event: ======'drop_target_bank_mid_up'====== Args={}
2022-10-06 13:13:33,417 : INFO : SwitchController : <<<<<<< 's_drop_mid_mid' active >>>>>>>
2022-10-06 13:13:33,417 : INFO : EventManager : Event: ======'playfield_active'====== Args={}
2022-10-06 13:13:33,418 : INFO : EventManager : Event: ======'unexpected_ball_on_playfield'====== Args={}
2022-10-06 13:13:33,418 : INFO : EventManager : Event: ======'drop_target_mid_mid_down'====== Args={'device': <drop_target.mid_mid>}
2022-10-06 13:13:33,418 : INFO : EventManager : Event: ======'drop_target_bank_mid_mixed'====== Args={'prev_value': <DropTargetBankState.UP: 'up'>, 'down': 1}
2022-10-06 13:13:33,592 : INFO : SwitchController : <<<<<<< 's_drop_mid_mid' inactive >>>>>>>
2022-10-06 13:13:33,592 : INFO : EventManager : Event: ======'playfield_active'====== Args={}
2022-10-06 13:13:33,592 : INFO : EventManager : Event: ======'unexpected_ball_on_playfield'====== Args={}
2022-10-06 13:13:33,593 : INFO : EventManager : Event: ======'drop_target_mid_mid_up'====== Args={'device': <drop_target.mid_mid>}
2022-10-06 13:13:33,593 : INFO : EventManager : Event: ======'drop_target_bank_mid_up'====== Args={}
2022-10-06 13:13:36,567 : INFO : SwitchController : <<<<<<< 's_drop_mid_mid' active >>>>>>>
2022-10-06 13:13:36,567 : INFO : EventManager : Event: ======'playfield_active'====== Args={}
2022-10-06 13:13:36,567 : INFO : EventManager : Event: ======'unexpected_ball_on_playfield'====== Args={}
2022-10-06 13:13:36,568 : INFO : EventManager : Event: ======'drop_target_mid_mid_down'====== Args={'device': <drop_target.mid_mid>}
2022-10-06 13:13:36,568 : INFO : EventManager : Event: ======'drop_target_bank_mid_mixed'====== Args={'prev_value': <DropTargetBankState.UP: 'up'>, 'down': 1}
2022-10-06 13:13:36,583 : INFO : SwitchController : <<<<<<< 's_drop_mid_mid' inactive >>>>>>>
2022-10-06 13:13:36,583 : INFO : EventManager : Event: ======'playfield_active'====== Args={}
2022-10-06 13:13:36,583 : INFO : EventManager : Event: ======'unexpected_ball_on_playfield'====== Args={}
2022-10-06 13:13:36,584 : INFO : EventManager : Event: ======'drop_target_mid_mid_up'====== Args={'device': <drop_target.mid_mid>}
2022-10-06 13:13:36,584 : INFO : EventManager : Event: ======'drop_target_bank_mid_up'====== Args={}
2022-10-06 13:13:36,630 : INFO : SwitchController : <<<<<<< 's_drop_mid_mid' active >>>>>>>
2022-10-06 13:13:36,630 : INFO : EventManager : Event: ======'playfield_active'====== Args={}
2022-10-06 13:13:36,631 : INFO : EventManager : Event: ======'unexpected_ball_on_playfield'====== Args={}
2022-10-06 13:13:36,631 : INFO : EventManager : Event: ======'drop_target_mid_mid_down'====== Args={'device': <drop_target.mid_mid>}
2022-10-06 13:13:36,631 : INFO : EventManager : Event: ======'drop_target_bank_mid_mixed'====== Args={'prev_value': <DropTargetBankState.UP: 'up'>, 'down': 1}
2022-10-06 13:13:37,196 : INFO : SwitchController : <<<<<<< 's_drop_mid_mid' inactive >>>>>>>
2022-10-06 13:13:37,196 : INFO : EventManager : Event: ======'playfield_active'====== Args={}
2022-10-06 13:13:37,196 : INFO : EventManager : Event: ======'unexpected_ball_on_playfield'====== Args={}
2022-10-06 13:13:37,197 : INFO : EventManager : Event: ======'drop_target_mid_mid_up'====== Args={'device': <drop_target.mid_mid>}
2022-10-06 13:13:37,197 : INFO : EventManager : Event: ======'drop_target_bank_mid_up'====== Args={}
2022-10-06 13:13:37,354 : INFO : SwitchController : <<<<<<< 's_drop_mid_mid' active >>>>>>>
2022-10-06 13:13:37,354 : INFO : EventManager : Event: ======'playfield_active'====== Args={}
2022-10-06 13:13:37,355 : INFO : EventManager : Event: ======'unexpected_ball_on_playfield'====== Args={}
2022-10-06 13:13:37,355 : INFO : EventManager : Event: ======'drop_target_mid_mid_down'====== Args={'device': <drop_target.mid_mid>}
2022-10-06 13:13:37,356 : INFO : EventManager : Event: ======'drop_target_bank_mid_mixed'====== Args={'prev_value': <DropTargetBankState.UP: 'up'>, 'down': 1}
2022-10-06 13:13:37,746 : INFO : SwitchController : <<<<<<< 's_drop_mid_mid' inactive >>>>>>>
2022-10-06 13:13:37,746 : INFO : EventManager : Event: ======'playfield_active'====== Args={}
2022-10-06 13:13:37,747 : INFO : EventManager : Event: ======'unexpected_ball_on_playfield'====== Args={}
2022-10-06 13:13:37,747 : INFO : EventManager : Event: ======'drop_target_mid_mid_up'====== Args={'device': <drop_target.mid_mid>}
2022-10-06 13:13:37,748 : INFO : EventManager : Event: ======'drop_target_bank_mid_up'====== Args={}
2022-10-06 13:13:38,014 : INFO : SwitchController : <<<<<<< 's_drop_mid_mid' active >>>>>>>
2022-10-06 13:13:38,014 : INFO : EventManager : Event: ======'playfield_active'====== Args={}
2022-10-06 13:13:38,015 : INFO : EventManager : Event: ======'unexpected_ball_on_playfield'====== Args={}
2022-10-06 13:13:38,015 : INFO : EventManager : Event: ======'drop_target_mid_mid_down'====== Args={'device': <drop_target.mid_mid>}
2022-10-06 13:13:38,016 : INFO : EventManager : Event: ======'drop_target_bank_mid_mixed'====== Args={'prev_value': <DropTargetBankState.UP: 'up'>, 'down': 1}
2022-10-06 13:13:38,313 : INFO : SwitchController : <<<<<<< 's_drop_mid_mid' inactive >>>>>>>
2022-10-06 13:13:38,313 : INFO : EventManager : Event: ======'playfield_active'====== Args={}
2022-10-06 13:13:38,313 : INFO : EventManager : Event: ======'unexpected_ball_on_playfield'====== Args={}
2022-10-06 13:13:38,314 : INFO : EventManager : Event: ======'drop_target_mid_mid_up'====== Args={'device': <drop_target.mid_mid>}
2022-10-06 13:13:38,314 : INFO : EventManager : Event: ======'drop_target_bank_mid_up'====== Args={}
2022-10-06 13:13:38,692 : INFO : SwitchController : <<<<<<< 's_drop_mid_mid' active >>>>>>>
2022-10-06 13:13:38,692 : INFO : EventManager : Event: ======'playfield_active'====== Args={}
2022-10-06 13:13:38,692 : INFO : EventManager : Event: ======'unexpected_ball_on_playfield'====== Args={}
2022-10-06 13:13:38,693 : INFO : EventManager : Event: ======'drop_target_mid_mid_down'====== Args={'device': <drop_target.mid_mid>}
2022-10-06 13:13:38,693 : INFO : EventManager : Event: ======'drop_target_bank_mid_mixed'====== Args={'prev_value': <DropTargetBankState.UP: 'up'>, 'down': 1}
2022-10-06 13:13:39,020 : INFO : SwitchController : <<<<<<< 's_drop_mid_mid' inactive >>>>>>>
2022-10-06 13:13:39,020 : INFO : EventManager : Event: ======'playfield_active'====== Args={}
2022-10-06 13:13:39,020 : INFO : EventManager : Event: ======'unexpected_ball_on_playfield'====== Args={}
2022-10-06 13:13:39,021 : INFO : EventManager : Event: ======'drop_target_mid_mid_up'====== Args={'device': <drop_target.mid_mid>}
2022-10-06 13:13:39,021 : INFO : EventManager : Event: ======'drop_target_bank_mid_up'====== Args={}
2022-10-06 13:13:40,385 : INFO : SwitchController : <<<<<<< 's_drop_mid_mid' active >>>>>>>
2022-10-06 13:13:40,385 : INFO : EventManager : Event: ======'playfield_active'====== Args={}
2022-10-06 13:13:40,385 : INFO : EventManager : Event: ======'unexpected_ball_on_playfield'====== Args={}
2022-10-06 13:13:40,386 : INFO : EventManager : Event: ======'drop_target_mid_mid_down'====== Args={'device': <drop_target.mid_mid>}
2022-10-06 13:13:40,387 : INFO : EventManager : Event: ======'drop_target_bank_mid_mixed'====== Args={'prev_value': <DropTargetBankState.UP: 'up'>, 'down': 1}
2022-10-06 13:13:40,744 : INFO : SwitchController : <<<<<<< 's_drop_mid_mid' inactive >>>>>>>
2022-10-06 13:13:40,744 : INFO : EventManager : Event: ======'playfield_active'====== Args={}
2022-10-06 13:13:40,745 : INFO : EventManager : Event: ======'unexpected_ball_on_playfield'====== Args={}
2022-10-06 13:13:40,745 : INFO : EventManager : Event: ======'drop_target_mid_mid_up'====== Args={'device': <drop_target.mid_mid>}
2022-10-06 13:13:40,746 : INFO : EventManager : Event: ======'drop_target_bank_mid_up'====== Args={}
2022-10-06 13:13:41,060 : INFO : SwitchController : <<<<<<< 's_drop_mid_mid' active >>>>>>>
2022-10-06 13:13:41,060 : INFO : EventManager : Event: ======'playfield_active'====== Args={}
2022-10-06 13:13:41,060 : INFO : EventManager : Event: ======'unexpected_ball_on_playfield'====== Args={}
2022-10-06 13:13:41,061 : INFO : EventManager : Event: ======'drop_target_mid_mid_down'====== Args={'device': <drop_target.mid_mid>}
2022-10-06 13:13:41,062 : INFO : EventManager : Event: ======'drop_target_bank_mid_mixed'====== Args={'prev_value': <DropTargetBankState.UP: 'up'>, 'down': 1}
2022-10-06 13:13:41,419 : INFO : SwitchController : <<<<<<< 's_drop_mid_mid' inactive >>>>>>>
2022-10-06 13:13:41,419 : INFO : EventManager : Event: ======'playfield_active'====== Args={}
2022-10-06 13:13:41,419 : INFO : EventManager : Event: ======'unexpected_ball_on_playfield'====== Args={}
2022-10-06 13:13:41,420 : INFO : EventManager : Event: ======'drop_target_mid_mid_up'====== Args={'device': <drop_target.mid_mid>}
2022-10-06 13:13:41,420 : INFO : EventManager : Event: ======'drop_target_bank_mid_up'====== Args={}
2022-10-06 13:13:43,720 : INFO : SwitchController : <<<<<<< 's_drop_mid_mid' active >>>>>>>
2022-10-06 13:13:43,720 : INFO : EventManager : Event: ======'playfield_active'====== Args={}
2022-10-06 13:13:43,720 : INFO : EventManager : Event: ======'unexpected_ball_on_playfield'====== Args={}
2022-10-06 13:13:43,721 : INFO : EventManager : Event: ======'drop_target_mid_mid_down'====== Args={'device': <drop_target.mid_mid>}
2022-10-06 13:13:43,721 : INFO : EventManager : Event: ======'drop_target_bank_mid_mixed'====== Args={'prev_value': <DropTargetBankState.UP: 'up'>, 'down': 1}
2022-10-06 13:13:43,921 : INFO : SwitchController : <<<<<<< 's_drop_mid_mid' inactive >>>>>>>
2022-10-06 13:13:43,921 : INFO : EventManager : Event: ======'playfield_active'====== Args={}
2022-10-06 13:13:43,922 : INFO : EventManager : Event: ======'unexpected_ball_on_playfield'====== Args={}
2022-10-06 13:13:43,922 : INFO : EventManager : Event: ======'drop_target_mid_mid_up'====== Args={'device': <drop_target.mid_mid>}
2022-10-06 13:13:43,923 : INFO : EventManager : Event: ======'drop_target_bank_mid_up'====== Args={}
2022-10-06 13:13:44,015 : INFO : SwitchController : <<<<<<< 's_drop_mid_mid' active >>>>>>>
2022-10-06 13:13:44,015 : INFO : EventManager : Event: ======'playfield_active'====== Args={}
2022-10-06 13:13:44,016 : INFO : EventManager : Event: ======'unexpected_ball_on_playfield'====== Args={}
2022-10-06 13:13:44,016 : INFO : EventManager : Event: ======'drop_target_mid_mid_down'====== Args={'device': <drop_target.mid_mid>}
2022-10-06 13:13:44,016 : INFO : EventManager : Event: ======'drop_target_bank_mid_mixed'====== Args={'prev_value': <DropTargetBankState.UP: 'up'>, 'down': 1}
2022-10-06 13:13:44,157 : INFO : SwitchController : <<<<<<< 's_drop_mid_mid' inactive >>>>>>>
2022-10-06 13:13:44,157 : INFO : EventManager : Event: ======'playfield_active'====== Args={}
2022-10-06 13:13:44,157 : INFO : EventManager : Event: ======'unexpected_ball_on_playfield'====== Args={}
2022-10-06 13:13:44,158 : INFO : EventManager : Event: ======'drop_target_mid_mid_up'====== Args={'device': <drop_target.mid_mid>}
2022-10-06 13:13:44,158 : INFO : EventManager : Event: ======'drop_target_bank_mid_up'====== Args={}
2022-10-06 13:13:44,235 : INFO : SwitchController : <<<<<<< 's_drop_mid_mid' active >>>>>>>
2022-10-06 13:13:44,235 : INFO : EventManager : Event: ======'playfield_active'====== Args={}
2022-10-06 13:13:44,235 : INFO : EventManager : Event: ======'unexpected_ball_on_playfield'====== Args={}
2022-10-06 13:13:44,236 : INFO : EventManager : Event: ======'drop_target_mid_mid_down'====== Args={'device': <drop_target.mid_mid>}
2022-10-06 13:13:44,236 : INFO : EventManager : Event: ======'drop_target_bank_mid_mixed'====== Args={'prev_value': <DropTargetBankState.UP: 'up'>, 'down': 1}
2022-10-06 13:13:44,237 : INFO : SwitchController : <<<<<<< 's_drop_mid_mid' inactive >>>>>>>
2022-10-06 13:13:44,237 : INFO : EventManager : Event: ======'playfield_active'====== Args={}
2022-10-06 13:13:44,237 : INFO : EventManager : Event: ======'unexpected_ball_on_playfield'====== Args={}
2022-10-06 13:13:44,237 : INFO : EventManager : Event: ======'drop_target_mid_mid_up'====== Args={'device': <drop_target.mid_mid>}
2022-10-06 13:13:44,238 : INFO : EventManager : Event: ======'drop_target_bank_mid_up'====== Args={}
2022-10-06 13:13:44,238 : INFO : SwitchController : <<<<<<< 's_drop_mid_mid' active >>>>>>>
2022-10-06 13:13:44,238 : INFO : EventManager : Event: ======'playfield_active'====== Args={}
2022-10-06 13:13:44,238 : INFO : EventManager : Event: ======'unexpected_ball_on_playfield'====== Args={}
2022-10-06 13:13:44,238 : INFO : EventManager : Event: ======'drop_target_mid_mid_down'====== Args={'device': <drop_target.mid_mid>}
2022-10-06 13:13:44,239 : INFO : EventManager : Event: ======'drop_target_bank_mid_mixed'====== Args={'prev_value': <DropTargetBankState.UP: 'up'>, 'down': 1}
2022-10-06 13:13:44,286 : INFO : SwitchController : <<<<<<< 's_drop_mid_mid' inactive >>>>>>>
2022-10-06 13:13:44,286 : INFO : EventManager : Event: ======'playfield_active'====== Args={}
2022-10-06 13:13:44,286 : INFO : EventManager : Event: ======'unexpected_ball_on_playfield'====== Args={}
2022-10-06 13:13:44,286 : INFO : EventManager : Event: ======'drop_target_mid_mid_up'====== Args={'device': <drop_target.mid_mid>}
2022-10-06 13:13:44,287 : INFO : EventManager : Event: ======'drop_target_bank_mid_up'====== Args={}
2022-10-06 13:13:44,299 : INFO : SwitchController : <<<<<<< 's_drop_mid_mid' active >>>>>>>
2022-10-06 13:13:44,300 : INFO : EventManager : Event: ======'playfield_active'====== Args={}
2022-10-06 13:13:44,300 : INFO : EventManager : Event: ======'unexpected_ball_on_playfield'====== Args={}
2022-10-06 13:13:44,300 : INFO : EventManager : Event: ======'drop_target_mid_mid_down'====== Args={'device': <drop_target.mid_mid>}
2022-10-06 13:13:44,301 : INFO : EventManager : Event: ======'drop_target_bank_mid_mixed'====== Args={'prev_value': <DropTargetBankState.UP: 'up'>, 'down': 1}
2022-10-06 13:13:44,425 : INFO : SwitchController : <<<<<<< 's_drop_mid_mid' inactive >>>>>>>
2022-10-06 13:13:44,425 : INFO : EventManager : Event: ======'playfield_active'====== Args={}
2022-10-06 13:13:44,425 : INFO : EventManager : Event: ======'unexpected_ball_on_playfield'====== Args={}
2022-10-06 13:13:44,426 : INFO : EventManager : Event: ======'drop_target_mid_mid_up'====== Args={'device': <drop_target.mid_mid>}
2022-10-06 13:13:44,426 : INFO : EventManager : Event: ======'drop_target_bank_mid_up'====== Args={}
2022-10-06 13:13:44,427 : INFO : SwitchController : <<<<<<< 's_drop_mid_mid' active >>>>>>>
2022-10-06 13:13:44,427 : INFO : EventManager : Event: ======'playfield_active'====== Args={}
2022-10-06 13:13:44,427 : INFO : EventManager : Event: ======'unexpected_ball_on_playfield'====== Args={}
2022-10-06 13:13:44,427 : INFO : EventManager : Event: ======'drop_target_mid_mid_down'====== Args={'device': <drop_target.mid_mid>}
2022-10-06 13:13:44,428 : INFO : EventManager : Event: ======'drop_target_bank_mid_mixed'====== Args={'prev_value': <DropTargetBankState.UP: 'up'>, 'down': 1}
2022-10-06 13:13:44,459 : INFO : SwitchController : <<<<<<< 's_drop_mid_mid' inactive >>>>>>>
2022-10-06 13:13:44,459 : INFO : EventManager : Event: ======'playfield_active'====== Args={}
2022-10-06 13:13:44,460 : INFO : EventManager : Event: ======'unexpected_ball_on_playfield'====== Args={}
2022-10-06 13:13:44,460 : INFO : EventManager : Event: ======'drop_target_mid_mid_up'====== Args={'device': <drop_target.mid_mid>}
2022-10-06 13:13:44,460 : INFO : EventManager : Event: ======'drop_target_bank_mid_up'====== Args={}
2022-10-06 13:13:44,818 : INFO : SwitchController : <<<<<<< 's_drop_mid_left' active >>>>>>>
2022-10-06 13:13:44,818 : INFO : EventManager : Event: ======'playfield_active'====== Args={}
2022-10-06 13:13:44,818 : INFO : EventManager : Event: ======'unexpected_ball_on_playfield'====== Args={}
2022-10-06 13:13:44,819 : INFO : EventManager : Event: ======'drop_target_mid_left_down'====== Args={'device': <drop_target.mid_left>}
2022-10-06 13:13:44,819 : INFO : EventManager : Event: ======'drop_target_bank_mid_mixed'====== Args={'prev_value': <DropTargetBankState.UP: 'up'>, 'down': 1}
2022-10-06 13:13:44,962 : INFO : SwitchController : <<<<<<< 's_drop_mid_left' inactive >>>>>>>
2022-10-06 13:13:44,962 : INFO : EventManager : Event: ======'playfield_active'====== Args={}
2022-10-06 13:13:44,963 : INFO : EventManager : Event: ======'unexpected_ball_on_playfield'====== Args={}
2022-10-06 13:13:44,963 : INFO : EventManager : Event: ======'drop_target_mid_left_up'====== Args={'device': <drop_target.mid_left>}
2022-10-06 13:13:44,963 : INFO : EventManager : Event: ======'drop_target_bank_mid_up'====== Args={}
2022-10-06 13:13:45,102 : INFO : SwitchController : <<<<<<< 's_drop_mid_left' active >>>>>>>
2022-10-06 13:13:45,102 : INFO : EventManager : Event: ======'playfield_active'====== Args={}
2022-10-06 13:13:45,102 : INFO : EventManager : Event: ======'unexpected_ball_on_playfield'====== Args={}
2022-10-06 13:13:45,103 : INFO : EventManager : Event: ======'drop_target_mid_left_down'====== Args={'device': <drop_target.mid_left>}
2022-10-06 13:13:45,103 : INFO : EventManager : Event: ======'drop_target_bank_mid_mixed'====== Args={'prev_value': <DropTargetBankState.UP: 'up'>, 'down': 1}
2022-10-06 13:13:45,291 : INFO : SwitchController : <<<<<<< 's_drop_mid_left' inactive >>>>>>>
2022-10-06 13:13:45,291 : INFO : EventManager : Event: ======'playfield_active'====== Args={}
2022-10-06 13:13:45,291 : INFO : EventManager : Event: ======'unexpected_ball_on_playfield'====== Args={}
2022-10-06 13:13:45,291 : INFO : EventManager : Event: ======'drop_target_mid_left_up'====== Args={'device': <drop_target.mid_left>}
2022-10-06 13:13:45,292 : INFO : EventManager : Event: ======'drop_target_bank_mid_up'====== Args={}
2022-10-06 13:13:45,431 : INFO : SwitchController : <<<<<<< 's_drop_mid_left' active >>>>>>>
2022-10-06 13:13:45,431 : INFO : EventManager : Event: ======'playfield_active'====== Args={}
2022-10-06 13:13:45,431 : INFO : EventManager : Event: ======'unexpected_ball_on_playfield'====== Args={}
2022-10-06 13:13:45,432 : INFO : EventManager : Event: ======'drop_target_mid_left_down'====== Args={'device': <drop_target.mid_left>}
2022-10-06 13:13:45,432 : INFO : EventManager : Event: ======'drop_target_bank_mid_mixed'====== Args={'prev_value': <DropTargetBankState.UP: 'up'>, 'down': 1}
2022-10-06 13:13:45,542 : INFO : SwitchController : <<<<<<< 's_drop_mid_left' inactive >>>>>>>
2022-10-06 13:13:45,542 : INFO : EventManager : Event: ======'playfield_active'====== Args={}
2022-10-06 13:13:45,542 : INFO : EventManager : Event: ======'unexpected_ball_on_playfield'====== Args={}
2022-10-06 13:13:45,543 : INFO : EventManager : Event: ======'drop_target_mid_left_up'====== Args={'device': <drop_target.mid_left>}
2022-10-06 13:13:45,543 : INFO : EventManager : Event: ======'drop_target_bank_mid_up'====== Args={}
2022-10-06 13:14:23,460 : INFO : SwitchController : <<<<<<< 's_drop_right_right' inactive >>>>>>>
2022-10-06 13:14:23,460 : INFO : EventManager : Event: ======'playfield_active'====== Args={}
2022-10-06 13:14:23,461 : INFO : EventManager : Event: ======'unexpected_ball_on_playfield'====== Args={}
2022-10-06 13:14:23,461 : INFO : EventManager : Event: ======'drop_target_right_right_up'====== Args={'device': <drop_target.right_right>}
2022-10-06 13:14:23,462 : INFO : EventManager : Event: ======'drop_target_bank_right_up'====== Args={}
2022-10-06 13:14:23,462 : INFO : SwitchController : <<<<<<< 's_vuk_right' active >>>>>>>
2022-10-06 13:14:23,462 : INFO : SwitchController : <<<<<<< 's_vuk_top' active >>>>>>>
2022-10-06 13:14:23,962 : INFO : EventManager : Event: ======'balldevice_bd_top_vuk_ball_count_changed'====== Args={'balls': 1}
2022-10-06 13:14:23,962 : INFO : ball_device.bd_top_vuk : Received unexpected ball
2022-10-06 13:14:23,962 : INFO : EventManager : Event: ======'balldevice_captured_from_playfield'====== Args={'balls': 1}
2022-10-06 13:14:23,963 : INFO : EventManager : Event: ======'balldevice_bd_right_vuk_ball_count_changed'====== Args={'balls': 1}
2022-10-06 13:14:23,963 : INFO : ball_device.bd_right_vuk : Received unexpected ball
2022-10-06 13:14:23,963 : INFO : EventManager : Event: ======'balldevice_captured_from_playfield'====== Args={'balls': 1}
2022-10-06 13:14:23,963 : INFO : EventManager : Event: ======'sw_playfield_active'====== Args={'balls': 1}
2022-10-06 13:14:23,964 : INFO : EventManager : Event: ======'playfield_active'====== Args={}
2022-10-06 13:14:23,964 : INFO : EventManager : Event: ======'unexpected_ball_on_playfield'====== Args={}
2022-10-06 13:14:23,964 : INFO : EventManager : Event: ======'sw_playfield_active'====== Args={'balls': 1}
2022-10-06 13:14:23,964 : INFO : EventManager : Event: ======'playfield_active'====== Args={}
2022-10-06 13:14:23,964 : INFO : EventManager : Event: ======'unexpected_ball_on_playfield'====== Args={}
2022-10-06 13:14:23,964 : INFO : EventManager : Event: ======'playfield_ball_count_change'====== Args={'balls': -1, 'change': -1}
2022-10-06 13:14:23,965 : INFO : EventManager : Event: ======'playfield_ball_count_change'====== Args={'balls': -2, 'change': -1}
2022-10-06 13:14:23,965 : INFO : EventManager : Event: ======'balldevice_playfield_ball_enter'====== Args={'new_balls': 1, 'unclaimed_balls': 1, 'device': <playfield.playfield>}
2022-10-06 13:14:23,965 : INFO : EventManager : Event: ======'playfield_ball_count_change'====== Args={'balls': -1, 'change': 1}
2022-10-06 13:14:23,966 : INFO : BallController : Found a new ball which was captured from playfield. Known balls: 3
2022-10-06 13:14:23,966 : INFO : EventManager : Event: ======'found_new_ball'====== Args={}
2022-10-06 13:14:23,966 : INFO : EventManager : Event: ======'balldevice_playfield_ball_enter'====== Args={'new_balls': 1, 'unclaimed_balls': 1, 'device': <playfield.playfield>}
2022-10-06 13:14:23,966 : INFO : EventManager : Event: ======'playfield_ball_count_change'====== Args={'balls': 0, 'change': 1}
2022-10-06 13:14:23,967 : INFO : BallController : Found a new ball which was captured from playfield. Known balls: 4
2022-10-06 13:14:23,967 : INFO : EventManager : Event: ======'found_new_ball'====== Args={}
2022-10-06 13:14:23,967 : INFO : EventManager : Event: ======'balldevice_bd_right_vuk_ball_enter'====== Args={'new_balls': 1, 'unclaimed_balls': 1, 'new_available_balls': 1, 'device': <ball_device.bd_right_vuk>}
2022-10-06 13:14:23,967 : INFO : EventManager : Event: ======'balldevice_bd_top_vuk_ball_enter'====== Args={'new_balls': 1, 'unclaimed_balls': 1, 'new_available_balls': 1, 'device': <ball_device.bd_top_vuk>}
2022-10-06 13:14:23,967 : INFO : ball_device.bd_right_vuk : Ejecting 1 unexpected balls using path deque([<ball_device.bd_right_vuk>, <playfield.playfield>])
2022-10-06 13:14:23,968 : INFO : EventManager : Event: ======'balldevice_balls_available'====== Args={}
2022-10-06 13:14:23,968 : INFO : EventManager : Event: ======'balldevice_balls_available'====== Args={}
2022-10-06 13:14:23,968 : INFO : EventManager : Event: ======'balldevice_bd_right_vuk_ball_entered'====== Args={'new_balls': 1, 'device': <ball_device.bd_right_vuk>}
2022-10-06 13:14:23,968 : INFO : ball_device.bd_top_vuk : Ejecting 1 unexpected balls using path deque([<ball_device.bd_top_vuk>, <playfield.playfield>])
2022-10-06 13:14:23,969 : INFO : EventManager : Event: ======'balldevice_balls_available'====== Args={}
2022-10-06 13:14:23,969 : INFO : EventManager : Event: ======'balldevice_balls_available'====== Args={}
2022-10-06 13:14:23,969 : INFO : EventManager : Event: ======'balldevice_bd_top_vuk_ball_entered'====== Args={'new_balls': 1, 'device': <ball_device.bd_top_vuk>}
2022-10-06 13:14:23,970 : INFO : ball_device.bd_right_vuk : State: waiting_for_target_ready
2022-10-06 13:14:23,971 : INFO : EventManager : Event: ======'balldevice_bd_right_vuk_ball_eject_attempt'====== Args={'balls': 1, 'target': <playfield.playfield>, 'source': <ball_device.bd_right_vuk>, 'mechanical_eject': False, 'num_attempts': 0}
2022-10-06 13:14:23,971 : INFO : ball_device.bd_top_vuk : State: waiting_for_target_ready
2022-10-06 13:14:23,971 : INFO : EventManager : Event: ======'balldevice_bd_top_vuk_ball_eject_attempt'====== Args={'balls': 1, 'target': <playfield.playfield>, 'source': <ball_device.bd_top_vuk>, 'mechanical_eject': False, 'num_attempts': 0}
2022-10-06 13:14:23,972 : INFO : ball_device.bd_top_vuk : State: ejecting
2022-10-06 13:14:23,972 : INFO : ball_device.bd_top_vuk : Ejecting ball to <playfield.playfield>
2022-10-06 13:14:23,972 : INFO : EventManager : Event: ======'balldevice_bd_top_vuk_ejecting_ball'====== Args={'balls': 1, 'target': <playfield.playfield>, 'source': <ball_device.bd_top_vuk>, 'mechanical_eject': False, 'num_attempts': 0}
2022-10-06 13:14:23,972 : INFO : ball_device.bd_right_vuk : State: ejecting
2022-10-06 13:14:23,972 : INFO : ball_device.bd_right_vuk : Ejecting ball to <playfield.playfield>
2022-10-06 13:14:23,972 : INFO : EventManager : Event: ======'balldevice_bd_right_vuk_ejecting_ball'====== Args={'balls': 1, 'target': <playfield.playfield>, 'source': <ball_device.bd_right_vuk>, 'mechanical_eject': False, 'num_attempts': 0}
2022-10-06 13:14:23,973 : INFO : ball_device.bd_right_vuk : Wait for ball to leave device
2022-10-06 13:14:23,973 : INFO : coil.c_right_vuk : Pulsing Driver for 10ms (1.0 pulse_power)
2022-10-06 13:14:23,973 : INFO : ball_device.bd_top_vuk : Wait for ball to leave device
2022-10-06 13:14:23,993 : INFO : coil.c_top_vuk : Pulsing Driver for 10ms (1.0 pulse_power)
2022-10-06 13:14:25,961 : INFO : EventManager : Event: ======'balldevice_bd_right_vuk_ball_eject_failed'====== Args={'target': <playfield.playfield>, 'balls': 1, 'retry': True, 'num_attempts': 1}
2022-10-06 13:14:25,962 : INFO : EventManager : Event: ======'balldevice_bd_top_vuk_ball_eject_failed'====== Args={'target': <playfield.playfield>, 'balls': 1, 'retry': True, 'num_attempts': 1}
2022-10-06 13:14:25,963 : INFO : ball_device.bd_top_vuk : State: waiting_for_target_ready
2022-10-06 13:14:25,963 : INFO : EventManager : Event: ======'balldevice_bd_top_vuk_ball_eject_attempt'====== Args={'balls': 1, 'target': <playfield.playfield>, 'source': <ball_device.bd_top_vuk>, 'mechanical_eject': False, 'num_attempts': 1}
2022-10-06 13:14:25,963 : INFO : ball_device.bd_right_vuk : State: waiting_for_target_ready
2022-10-06 13:14:25,963 : INFO : EventManager : Event: ======'balldevice_bd_right_vuk_ball_eject_attempt'====== Args={'balls': 1, 'target': <playfield.playfield>, 'source': <ball_device.bd_right_vuk>, 'mechanical_eject': False, 'num_attempts': 1}
2022-10-06 13:14:25,964 : INFO : ball_device.bd_right_vuk : State: ejecting
2022-10-06 13:14:25,964 : INFO : ball_device.bd_right_vuk : Ejecting ball to <playfield.playfield>
2022-10-06 13:14:25,964 : INFO : EventManager : Event: ======'balldevice_bd_right_vuk_ejecting_ball'====== Args={'balls': 1, 'target': <playfield.playfield>, 'source': <ball_device.bd_right_vuk>, 'mechanical_eject': False, 'num_attempts': 1}
2022-10-06 13:14:25,964 : INFO : ball_device.bd_top_vuk : State: ejecting
2022-10-06 13:14:25,964 : INFO : ball_device.bd_top_vuk : Ejecting ball to <playfield.playfield>
2022-10-06 13:14:25,964 : INFO : EventManager : Event: ======'balldevice_bd_top_vuk_ejecting_ball'====== Args={'balls': 1, 'target': <playfield.playfield>, 'source': <ball_device.bd_top_vuk>, 'mechanical_eject': False, 'num_attempts': 1}
2022-10-06 13:14:25,965 : INFO : ball_device.bd_top_vuk : Wait for ball to leave device
2022-10-06 13:14:25,965 : INFO : coil.c_top_vuk : Pulsing Driver for 10ms (1.0 pulse_power)
2022-10-06 13:14:25,965 : INFO : ball_device.bd_right_vuk : Wait for ball to leave device
2022-10-06 13:14:25,975 : INFO : coil.c_right_vuk : Pulsing Driver for 10ms (1.0 pulse_power)
2022-10-06 13:14:27,957 : INFO : EventManager : Event: ======'balldevice_bd_top_vuk_ball_eject_failed'====== Args={'target': <playfield.playfield>, 'balls': 1, 'retry': True, 'num_attempts': 2}
2022-10-06 13:14:27,957 : INFO : EventManager : Event: ======'balldevice_bd_right_vuk_ball_eject_failed'====== Args={'target': <playfield.playfield>, 'balls': 1, 'retry': True, 'num_attempts': 2}
2022-10-06 13:14:27,959 : INFO : ball_device.bd_right_vuk : State: waiting_for_target_ready
2022-10-06 13:14:27,959 : INFO : EventManager : Event: ======'balldevice_bd_right_vuk_ball_eject_attempt'====== Args={'balls': 1, 'target': <playfield.playfield>, 'source': <ball_device.bd_right_vuk>, 'mechanical_eject': False, 'num_attempts': 2}
2022-10-06 13:14:27,960 : INFO : ball_device.bd_top_vuk : State: waiting_for_target_ready
2022-10-06 13:14:27,960 : INFO : EventManager : Event: ======'balldevice_bd_top_vuk_ball_eject_attempt'====== Args={'balls': 1, 'target': <playfield.playfield>, 'source': <ball_device.bd_top_vuk>, 'mechanical_eject': False, 'num_attempts': 2}
2022-10-06 13:14:27,960 : INFO : ball_device.bd_top_vuk : State: ejecting
2022-10-06 13:14:27,960 : INFO : ball_device.bd_top_vuk : Ejecting ball to <playfield.playfield>
2022-10-06 13:14:27,960 : INFO : EventManager : Event: ======'balldevice_bd_top_vuk_ejecting_ball'====== Args={'balls': 1, 'target': <playfield.playfield>, 'source': <ball_device.bd_top_vuk>, 'mechanical_eject': False, 'num_attempts': 2}
2022-10-06 13:14:27,961 : INFO : ball_device.bd_right_vuk : State: ejecting
2022-10-06 13:14:27,961 : INFO : ball_device.bd_right_vuk : Ejecting ball to <playfield.playfield>
2022-10-06 13:14:27,961 : INFO : EventManager : Event: ======'balldevice_bd_right_vuk_ejecting_ball'====== Args={'balls': 1, 'target': <playfield.playfield>, 'source': <ball_device.bd_right_vuk>, 'mechanical_eject': False, 'num_attempts': 2}
2022-10-06 13:14:27,962 : INFO : ball_device.bd_right_vuk : Wait for ball to leave device
2022-10-06 13:14:27,962 : INFO : coil.c_right_vuk : Pulsing Driver for 10ms (1.0 pulse_power)
2022-10-06 13:14:27,962 : INFO : ball_device.bd_top_vuk : Wait for ball to leave device
2022-10-06 13:14:27,973 : INFO : coil.c_top_vuk : Pulsing Driver for 10ms (1.0 pulse_power)
2022-10-06 13:14:29,964 : INFO : EventManager : Event: ======'balldevice_bd_top_vuk_ball_eject_failed'====== Args={'target': <playfield.playfield>, 'balls': 1, 'retry': True, 'num_attempts': 3}
2022-10-06 13:14:29,964 : INFO : EventManager : Event: ======'balldevice_bd_right_vuk_ball_eject_failed'====== Args={'target': <playfield.playfield>, 'balls': 1, 'retry': True, 'num_attempts': 3}
2022-10-06 13:14:29,966 : INFO : ball_device.bd_right_vuk : State: waiting_for_target_ready
2022-10-06 13:14:29,966 : INFO : EventManager : Event: ======'balldevice_bd_right_vuk_ball_eject_attempt'====== Args={'balls': 1, 'target': <playfield.playfield>, 'source': <ball_device.bd_right_vuk>, 'mechanical_eject': False, 'num_attempts': 3}
2022-10-06 13:14:29,967 : INFO : ball_device.bd_top_vuk : State: waiting_for_target_ready
2022-10-06 13:14:29,967 : INFO : EventManager : Event: ======'balldevice_bd_top_vuk_ball_eject_attempt'====== Args={'balls': 1, 'target': <playfield.playfield>, 'source': <ball_device.bd_top_vuk>, 'mechanical_eject': False, 'num_attempts': 3}
2022-10-06 13:14:29,967 : INFO : ball_device.bd_top_vuk : State: ejecting
2022-10-06 13:14:29,967 : INFO : ball_device.bd_top_vuk : Ejecting ball to <playfield.playfield>
2022-10-06 13:14:29,967 : INFO : EventManager : Event: ======'balldevice_bd_top_vuk_ejecting_ball'====== Args={'balls': 1, 'target': <playfield.playfield>, 'source': <ball_device.bd_top_vuk>, 'mechanical_eject': False, 'num_attempts': 3}
2022-10-06 13:14:29,968 : INFO : ball_device.bd_right_vuk : State: ejecting
2022-10-06 13:14:29,968 : INFO : ball_device.bd_right_vuk : Ejecting ball to <playfield.playfield>
2022-10-06 13:14:29,968 : INFO : EventManager : Event: ======'balldevice_bd_right_vuk_ejecting_ball'====== Args={'balls': 1, 'target': <playfield.playfield>, 'source': <ball_device.bd_right_vuk>, 'mechanical_eject': False, 'num_attempts': 3}
2022-10-06 13:14:29,969 : INFO : ball_device.bd_right_vuk : Wait for ball to leave device
2022-10-06 13:14:29,969 : INFO : coil.c_right_vuk : Pulsing Driver for 10ms (1.0 pulse_power)
2022-10-06 13:14:29,969 : INFO : ball_device.bd_top_vuk : Wait for ball to leave device
2022-10-06 13:14:29,996 : INFO : coil.c_top_vuk : Pulsing Driver for 10ms (1.0 pulse_power)
2022-10-06 13:14:31,139 : INFO : Machine : Shutting down...
2022-10-06 13:14:31,140 : INFO : EventManager : Event: ======'shutdown'====== Args={}
2022-10-06 13:14:31,154 : WARNING : FAST : Port RGB received more messages than were sent! Resetting!
2022-10-06 13:14:31,154 : WARNING : FAST : Port NET received more messages than were sent! Resetting!
2022-10-06 13:14:31,248 : ERROR : FAST : Stop called on serial connection com9
2022-10-06 13:14:31,248 : ERROR : FAST : Stop called on serial connection com10
2022-10-06 13:14:31,482 : INFO : root : MPF run loop ended.
