2022-10-06 16:24:11,797 : INFO : root : Loading config.
2022-10-06 16:24:11,801 : INFO : YamlMultifileConfigLoader : Machine config file #1: config.yaml
2022-10-06 16:24:11,801 : INFO : ConfigProcessor : Loading config from cache: C:\Users\Tanner\AppData\Local\Temp\a6762098cb994b55cb03a478b26022ee.mpf_cache
2022-10-06 16:24:11,867 : INFO : ConfigProcessor : Loading config from cache: C:\Users\Tanner\AppData\Local\Temp\9cf7ccc27b21f4d6162237fadfc53e5a.mpf_cache
2022-10-06 16:24:11,868 : INFO : ConfigProcessor : Loading config from cache: C:\Users\Tanner\AppData\Local\Temp\c215df352878fee5d54f1a5ec5b16e7c.mpf_cache
2022-10-06 16:24:11,869 : INFO : ConfigProcessor : Loading config from cache: C:\Users\Tanner\AppData\Local\Temp\708062243e0edcfa77dd6b1521bd0d4e.mpf_cache
2022-10-06 16:24:11,870 : INFO : ConfigProcessor : Loading config from cache: C:\Users\Tanner\AppData\Local\Temp\c4174472f67f7b070dd6fb437c6feb0c.mpf_cache
2022-10-06 16:24:11,871 : INFO : ConfigProcessor : Loading config from cache: C:\Users\Tanner\AppData\Local\Temp\abaa92c43d134e3392cbb2346e6a16be.mpf_cache
2022-10-06 16:24:11,871 : INFO : ConfigProcessor : Loading config from cache: C:\Users\Tanner\AppData\Local\Temp\fc46d53fcb9fe6b8abf783d9c813390a.mpf_cache
2022-10-06 16:24:11,872 : INFO : Machine : Mission Pinball Framework Core Engine v0.55.0
2022-10-06 16:24:11,872 : INFO : Machine : Command line arguments: {'no_load_cache': False, 'create_config_cache': True, 'bcp': False, 'configfile': ['config.yaml'], 'force_assets_load': False, 'jsonlogging': False, 'logfile': 'logs\\2022-10-06-16-24-11-mpf-DESKTOP-7HNFDQ5.log', 'pause': False, 'production': False, 'text_ui': True, 'loglevel': 15, 'consoleloglevel': 20, 'force_platform': None, 'syslog_address': None, 'mc_file_name': None, 'no_sound': False}
2022-10-06 16:24:11,872 : INFO : Machine : MPF path: c:\users\tanner\appdata\local\programs\python\python37\lib\site-packages\mpf
2022-10-06 16:24:11,872 : INFO : Machine : Machine path: c:\trashland_2
2022-10-06 16:24:11,872 : INFO : Machine : Platform: win32
2022-10-06 16:24:11,872 : INFO : Machine : Python executable location: c:\users\tanner\appdata\local\programs\python\python37\python.exe
2022-10-06 16:24:11,872 : INFO : Machine : Python version: 3.7.8 (64-bit)
2022-10-06 16:24:11,874 : INFO : Machine : Initialise MPF.
2022-10-06 16:24:12,137 : INFO : FAST : Connecting to com9 at 921600bps
2022-10-06 16:24:12,172 : INFO : FAST : Connected! Processor: NET, Board Type: FP-CPU-002-2, Firmware: 01.05
2022-10-06 16:24:12,172 : INFO : EventManager : Event: ======'machine_var_fast_net_firmware'====== Args={'value': '01.05', 'prev_value': None, 'change': True}
2022-10-06 16:24:12,172 : INFO : EventManager : Event: ======'machine_var_fast_net_model'====== Args={'value': 'FP-CPU-002-2', 'prev_value': None, 'change': True}
2022-10-06 16:24:14,538 : WARNING : FAST : Got unexpected message from FAST: -N:33
2022-10-06 16:24:14,538 : WARNING : FAST : Got unexpected message from FAST: -N:34
2022-10-06 16:24:14,538 : WARNING : FAST : Got unexpected message from FAST: -N:38
2022-10-06 16:24:14,538 : WARNING : FAST : Got unexpected message from FAST: -N:40
2022-10-06 16:24:14,538 : WARNING : FAST : Got unexpected message from FAST: -N:41
2022-10-06 16:24:14,538 : WARNING : FAST : Got unexpected message from FAST: -N:42
2022-10-06 16:24:14,538 : WARNING : FAST : Got unexpected message from FAST: -N:43
2022-10-06 16:24:14,538 : WARNING : FAST : Got unexpected message from FAST: -N:44
2022-10-06 16:24:14,679 : INFO : FAST : Connecting to com10 at 921600bps
2022-10-06 16:24:14,711 : INFO : FAST : Connected! Processor: RGB, Board Type: FP-CPU-002-2, Firmware: 00.87
2022-10-06 16:24:14,711 : INFO : EventManager : Event: ======'machine_var_fast_rgb_firmware'====== Args={'value': '00.87', 'prev_value': None, 'change': True}
2022-10-06 16:24:14,711 : INFO : EventManager : Event: ======'machine_var_fast_rgb_model'====== Args={'value': 'FP-CPU-002-2', 'prev_value': None, 'change': True}
2022-10-06 16:24:14,712 : INFO : EventManager : Event: ======'machine_var_credits_string'====== Args={'value': 'FREE PLAY', 'prev_value': None, 'change': True}
2022-10-06 16:24:14,756 : INFO : EventManager : Event: ======'machine_var_master_volume'====== Args={'value': 0.5, 'prev_value': None, 'change': True}
2022-10-06 16:24:14,756 : INFO : EventManager : Event: ======'machine_var_mpf_version'====== Args={'value': 'MPF v0.55.0', 'prev_value': None, 'change': True}
2022-10-06 16:24:14,756 : INFO : EventManager : Event: ======'machine_var_mpf_extended_version'====== Args={'value': 'MPF v0.55.0, Config version:5, Show version: 5, BCP version:1.1', 'prev_value': None, 'change': True}
2022-10-06 16:24:14,756 : INFO : EventManager : Event: ======'machine_var_python_version'====== Args={'value': '3.7.8', 'prev_value': None, 'change': True}
2022-10-06 16:24:14,757 : INFO : EventManager : Event: ======'machine_var_platform'====== Args={'value': 'Windows-10-10.0.19041-SP0', 'prev_value': None, 'change': True}
2022-10-06 16:24:14,757 : INFO : EventManager : Event: ======'machine_var_platform_system'====== Args={'value': 'Windows', 'prev_value': None, 'change': True}
2022-10-06 16:24:14,757 : INFO : EventManager : Event: ======'machine_var_platform_release'====== Args={'value': '10', 'prev_value': None, 'change': True}
2022-10-06 16:24:14,757 : INFO : EventManager : Event: ======'machine_var_platform_version'====== Args={'value': '10.0.19041', 'prev_value': None, 'change': True}
2022-10-06 16:24:14,757 : INFO : EventManager : Event: ======'machine_var_platform_machine'====== Args={'value': 'AMD64', 'prev_value': None, 'change': True}
2022-10-06 16:24:14,757 : INFO : EventManager : Event: ======'init_phase_1'====== Args={}
2022-10-06 16:24:14,794 : INFO : EventManager : Event: ======'drop_target_bank_mid_up'====== Args={}
2022-10-06 16:24:14,794 : INFO : EventManager : Event: ======'drop_target_bank_right_up'====== Args={}
2022-10-06 16:24:14,806 : INFO : EventManager : Event: ======'init_phase_2'====== Args={}
2022-10-06 16:24:14,807 : INFO : SwitchController : Found active switch: (('48', 1), <Platform.FAST>) <switch.s_trough_1>
2022-10-06 16:24:14,807 : INFO : SwitchController : Found active switch: (('49', 1), <Platform.FAST>) <switch.s_trough_jam>
2022-10-06 16:24:14,807 : INFO : SwitchController : Found active switch: (('3C', 1), <Platform.FAST>) <switch.s_eos_right>
2022-10-06 16:24:14,807 : INFO : SwitchController : Found active switch: (('3B', 1), <Platform.FAST>) <switch.s_eos_left>
2022-10-06 16:24:14,807 : INFO : SwitchController : Found active switch: (('5D', 1), <Platform.FAST>) <switch.s_bot_vuk>
2022-10-06 16:24:14,814 : INFO : ball_device.bd_trough : BCH: Initial count: 2
2022-10-06 16:24:14,814 : INFO : ball_device.bd_trough : State: idle
2022-10-06 16:24:14,815 : INFO : ball_device.bd_plunger : BCH: Initial count: 0
2022-10-06 16:24:14,815 : INFO : ball_device.bd_plunger : State: idle
2022-10-06 16:24:14,816 : INFO : ball_device.bd_top_vuk : BCH: Initial count: 0
2022-10-06 16:24:14,816 : INFO : ball_device.bd_top_vuk : State: idle
2022-10-06 16:24:14,817 : INFO : ball_device.bd_right_vuk : BCH: Initial count: 0
2022-10-06 16:24:14,817 : INFO : ball_device.bd_right_vuk : State: idle
2022-10-06 16:24:14,817 : INFO : ball_device.bd_bot_vuk : BCH: Initial count: 1
2022-10-06 16:24:14,818 : INFO : ball_device.bd_bot_vuk : State: idle
2022-10-06 16:24:14,855 : INFO : EventManager : Event: ======'init_phase_3'====== Args={}
2022-10-06 16:24:14,889 : INFO : EventManager : Event: ======'init_phase_4'====== Args={}
2022-10-06 16:24:14,890 : INFO : EventManager : Event: ======'playfield_active'====== Args={}
2022-10-06 16:24:14,890 : INFO : EventManager : Event: ======'unexpected_ball_on_playfield'====== Args={}
2022-10-06 16:24:14,890 : INFO : EventManager : Event: ======'playfield_active'====== Args={}
2022-10-06 16:24:14,890 : INFO : EventManager : Event: ======'unexpected_ball_on_playfield'====== Args={}
2022-10-06 16:24:14,890 : INFO : EventManager : Event: ======'playfield_active'====== Args={}
2022-10-06 16:24:14,890 : INFO : EventManager : Event: ======'unexpected_ball_on_playfield'====== Args={}
2022-10-06 16:24:14,890 : INFO : EventManager : Event: ======'playfield_active'====== Args={}
2022-10-06 16:24:14,890 : INFO : EventManager : Event: ======'unexpected_ball_on_playfield'====== Args={}
2022-10-06 16:24:14,890 : INFO : EventManager : Event: ======'playfield_active'====== Args={}
2022-10-06 16:24:14,890 : INFO : EventManager : Event: ======'unexpected_ball_on_playfield'====== Args={}
2022-10-06 16:24:14,890 : INFO : EventManager : Event: ======'playfield_active'====== Args={}
2022-10-06 16:24:14,890 : INFO : EventManager : Event: ======'unexpected_ball_on_playfield'====== Args={}
2022-10-06 16:24:14,891 : INFO : BallController : Initial balls found: 3
2022-10-06 16:24:14,892 : INFO : EventManager : Event: ======'machine_var_audits_events_game_ended'====== Args={'value': 0, 'prev_value': None, 'change': True}
2022-10-06 16:24:14,892 : INFO : EventManager : Event: ======'machine_var_audits_events_game_started'====== Args={'value': 0, 'prev_value': None, 'change': True}
2022-10-06 16:24:14,893 : INFO : EventManager : Event: ======'machine_var_audits_player_score'====== Args={'value': {'average': 0, 'top': [], 'total': 0}, 'prev_value': None, 'change': True}
2022-10-06 16:24:14,893 : INFO : EventManager : Event: ======'machine_var_audits_switches_s_autolauncher'====== Args={'value': 82, 'prev_value': None, 'change': True}
2022-10-06 16:24:14,893 : INFO : EventManager : Event: ======'machine_var_audits_switches_s_back_pop'====== Args={'value': 0, 'prev_value': None, 'change': True}
2022-10-06 16:24:14,893 : INFO : EventManager : Event: ======'machine_var_audits_switches_s_back_rollover'====== Args={'value': 0, 'prev_value': None, 'change': True}
2022-10-06 16:24:14,893 : INFO : EventManager : Event: ======'machine_var_audits_switches_s_back_stationary'====== Args={'value': 0, 'prev_value': None, 'change': True}
2022-10-06 16:24:14,893 : INFO : EventManager : Event: ======'machine_var_audits_switches_s_bot_back'====== Args={'value': 0, 'prev_value': None, 'change': True}
2022-10-06 16:24:14,893 : INFO : EventManager : Event: ======'machine_var_audits_switches_s_bot_big'====== Args={'value': 1, 'prev_value': None, 'change': True}
2022-10-06 16:24:14,893 : INFO : EventManager : Event: ======'machine_var_audits_switches_s_bot_left'====== Args={'value': 0, 'prev_value': None, 'change': True}
2022-10-06 16:24:14,894 : INFO : EventManager : Event: ======'machine_var_audits_switches_s_bot_right'====== Args={'value': 0, 'prev_value': None, 'change': True}
2022-10-06 16:24:14,894 : INFO : EventManager : Event: ======'machine_var_audits_switches_s_bot_rollover'====== Args={'value': 0, 'prev_value': None, 'change': True}
2022-10-06 16:24:14,894 : INFO : EventManager : Event: ======'machine_var_audits_switches_s_bot_vuk'====== Args={'value': 0, 'prev_value': None, 'change': True}
2022-10-06 16:24:14,894 : INFO : EventManager : Event: ======'machine_var_audits_switches_s_drop_mid_left'====== Args={'value': 74, 'prev_value': None, 'change': True}
2022-10-06 16:24:14,894 : INFO : EventManager : Event: ======'machine_var_audits_switches_s_drop_mid_mid'====== Args={'value': 83, 'prev_value': None, 'change': True}
2022-10-06 16:24:14,894 : INFO : EventManager : Event: ======'machine_var_audits_switches_s_drop_mid_right'====== Args={'value': 5, 'prev_value': None, 'change': True}
2022-10-06 16:24:14,894 : INFO : EventManager : Event: ======'machine_var_audits_switches_s_drop_right_left'====== Args={'value': 24, 'prev_value': None, 'change': True}
2022-10-06 16:24:14,895 : INFO : EventManager : Event: ======'machine_var_audits_switches_s_drop_right_right'====== Args={'value': 61, 'prev_value': None, 'change': True}
2022-10-06 16:24:14,895 : INFO : EventManager : Event: ======'machine_var_audits_switches_s_drop_single'====== Args={'value': 41, 'prev_value': None, 'change': True}
2022-10-06 16:24:14,895 : INFO : EventManager : Event: ======'machine_var_audits_switches_s_eos_left'====== Args={'value': 71, 'prev_value': None, 'change': True}
2022-10-06 16:24:14,895 : INFO : EventManager : Event: ======'machine_var_audits_switches_s_eos_left_top'====== Args={'value': 847, 'prev_value': None, 'change': True}
2022-10-06 16:24:14,895 : INFO : EventManager : Event: ======'machine_var_audits_switches_s_eos_right'====== Args={'value': 96, 'prev_value': None, 'change': True}
2022-10-06 16:24:14,895 : INFO : EventManager : Event: ======'machine_var_audits_switches_s_launch'====== Args={'value': 57, 'prev_value': None, 'change': True}
2022-10-06 16:24:14,896 : INFO : EventManager : Event: ======'machine_var_audits_switches_s_left_flipper'====== Args={'value': 949, 'prev_value': None, 'change': True}
2022-10-06 16:24:14,896 : INFO : EventManager : Event: ======'machine_var_audits_switches_s_left_inlane'====== Args={'value': 24, 'prev_value': None, 'change': True}
2022-10-06 16:24:14,896 : INFO : EventManager : Event: ======'machine_var_audits_switches_s_left_outlane'====== Args={'value': 5, 'prev_value': None, 'change': True}
2022-10-06 16:24:14,896 : INFO : EventManager : Event: ======'machine_var_audits_switches_s_pop_left'====== Args={'value': 157, 'prev_value': None, 'change': True}
2022-10-06 16:24:14,896 : INFO : EventManager : Event: ======'machine_var_audits_switches_s_pop_lower'====== Args={'value': 256, 'prev_value': None, 'change': True}
2022-10-06 16:24:14,896 : INFO : EventManager : Event: ======'machine_var_audits_switches_s_pop_right'====== Args={'value': 294, 'prev_value': None, 'change': True}
2022-10-06 16:24:14,897 : INFO : EventManager : Event: ======'machine_var_audits_switches_s_right_flipper'====== Args={'value': 975, 'prev_value': None, 'change': True}
2022-10-06 16:24:14,897 : INFO : EventManager : Event: ======'machine_var_audits_switches_s_right_inlane'====== Args={'value': 0, 'prev_value': None, 'change': True}
2022-10-06 16:24:14,897 : INFO : EventManager : Event: ======'machine_var_audits_switches_s_right_outlane'====== Args={'value': 79, 'prev_value': None, 'change': True}
2022-10-06 16:24:14,897 : INFO : EventManager : Event: ======'machine_var_audits_switches_s_rollover_left'====== Args={'value': 64, 'prev_value': None, 'change': True}
2022-10-06 16:24:14,897 : INFO : EventManager : Event: ======'machine_var_audits_switches_s_rollover_right'====== Args={'value': 46, 'prev_value': None, 'change': True}
2022-10-06 16:24:14,898 : INFO : EventManager : Event: ======'machine_var_audits_switches_s_sling_left'====== Args={'value': 41, 'prev_value': None, 'change': True}
2022-10-06 16:24:14,898 : INFO : EventManager : Event: ======'machine_var_audits_switches_s_sling_right'====== Args={'value': 136, 'prev_value': None, 'change': True}
2022-10-06 16:24:14,898 : INFO : EventManager : Event: ======'machine_var_audits_switches_s_start'====== Args={'value': 152, 'prev_value': None, 'change': True}
2022-10-06 16:24:14,898 : INFO : EventManager : Event: ======'machine_var_audits_switches_s_tilt'====== Args={'value': 126, 'prev_value': None, 'change': True}
2022-10-06 16:24:14,898 : INFO : EventManager : Event: ======'machine_var_audits_switches_s_transfer_rollover'====== Args={'value': 0, 'prev_value': None, 'change': True}
2022-10-06 16:24:14,899 : INFO : EventManager : Event: ======'machine_var_audits_switches_s_trough_1'====== Args={'value': 57, 'prev_value': None, 'change': True}
2022-10-06 16:24:14,899 : INFO : EventManager : Event: ======'machine_var_audits_switches_s_trough_2'====== Args={'value': 190, 'prev_value': None, 'change': True}
2022-10-06 16:24:14,899 : INFO : EventManager : Event: ======'machine_var_audits_switches_s_trough_3'====== Args={'value': 102, 'prev_value': None, 'change': True}
2022-10-06 16:24:14,899 : INFO : EventManager : Event: ======'machine_var_audits_switches_s_trough_4'====== Args={'value': 105, 'prev_value': None, 'change': True}
2022-10-06 16:24:14,900 : INFO : EventManager : Event: ======'machine_var_audits_switches_s_trough_5'====== Args={'value': 109, 'prev_value': None, 'change': True}
2022-10-06 16:24:14,900 : INFO : EventManager : Event: ======'machine_var_audits_switches_s_trough_6'====== Args={'value': 186, 'prev_value': None, 'change': True}
2022-10-06 16:24:14,900 : INFO : EventManager : Event: ======'machine_var_audits_switches_s_trough_jam'====== Args={'value': 108, 'prev_value': None, 'change': True}
2022-10-06 16:24:14,900 : INFO : EventManager : Event: ======'machine_var_audits_switches_s_upper_drop'====== Args={'value': 0, 'prev_value': None, 'change': True}
2022-10-06 16:24:14,901 : INFO : EventManager : Event: ======'machine_var_audits_switches_s_upper_rollover'====== Args={'value': 0, 'prev_value': None, 'change': True}
2022-10-06 16:24:14,901 : INFO : EventManager : Event: ======'machine_var_audits_switches_s_upper_stationary'====== Args={'value': 0, 'prev_value': None, 'change': True}
2022-10-06 16:24:14,901 : INFO : EventManager : Event: ======'machine_var_audits_switches_s_vuk_back'====== Args={'value': 1, 'prev_value': None, 'change': True}
2022-10-06 16:24:14,901 : INFO : EventManager : Event: ======'machine_var_audits_switches_s_vuk_right'====== Args={'value': 3, 'prev_value': None, 'change': True}
2022-10-06 16:24:14,902 : INFO : EventManager : Event: ======'machine_var_audits_switches_s_vuk_top'====== Args={'value': 25, 'prev_value': None, 'change': True}
2022-10-06 16:24:14,902 : INFO : EventManager : Event: ======'init_phase_5'====== Args={}
2022-10-06 16:24:14,953 : INFO : EventManager : Event: ======'init_done'====== Args={}
2022-10-06 16:24:14,953 : INFO : EventManager : Event: ======'machine_reset_phase_1'====== Args={}
2022-10-06 16:24:14,954 : INFO : EventManager : Event: ======'machine_reset_phase_2'====== Args={}
2022-10-06 16:24:14,955 : INFO : EventManager : Event: ======'machine_reset_phase_3'====== Args={}
2022-10-06 16:24:14,955 : INFO : EventManager : Event: ======'mode_tilt_will_start'====== Args={'queue': <QueuedEvent>}
2022-10-06 16:24:14,956 : INFO : EventManager : Event: ======'mode_tilt_starting'====== Args={'queue': <QueuedEvent>}
2022-10-06 16:24:14,956 : INFO : drop_target_bank.mid : All targets are already up. Will not reset bank.
2022-10-06 16:24:14,956 : INFO : drop_target_bank.right : All targets are already up. Will not reset bank.
2022-10-06 16:24:14,957 : INFO : Mode.tilt : Started. Priority: 1000000
2022-10-06 16:24:14,957 : INFO : EventManager : Event: ======'modes_active_modes_changed'====== Args={}
2022-10-06 16:24:14,957 : INFO : EventManager : Event: ======'mode_tilt_started'====== Args={'queue': <QueuedEvent>}
2022-10-06 16:24:14,957 : INFO : EventManager : Event: ======'reset_complete'====== Args={}
2022-10-06 16:24:14,957 : INFO : EventManager : Event: ======'mode_attract_will_start'====== Args={}
2022-10-06 16:24:14,958 : INFO : EventManager : Event: ======'mode_attract_starting'====== Args={}
2022-10-06 16:24:14,958 : INFO : Mode.attract : Started. Priority: 10
2022-10-06 16:24:14,958 : INFO : EventManager : Event: ======'modes_active_modes_changed'====== Args={}
2022-10-06 16:24:14,958 : INFO : EventManager : Event: ======'mode_attract_started'====== Args={}
2022-10-06 16:24:14,958 : INFO : EventManager : Event: ======'collecting_balls'====== Args={}
2022-10-06 16:24:14,958 : INFO : ball_device.bd_bot_vuk : Adding 1 ball(s) to the eject_queue with target <playfield.playfield>.
2022-10-06 16:24:14,958 : INFO : EventManager : Event: ======'balldevice_balls_available'====== Args={}
2022-10-06 16:24:15,009 : INFO : Machine : Starting the main run loop.
2022-10-06 16:24:15,010 : INFO : ball_device.bd_bot_vuk : State: waiting_for_target_ready
2022-10-06 16:24:15,010 : INFO : EventManager : Event: ======'balldevice_bd_bot_vuk_ball_eject_attempt'====== Args={'balls': 1, 'target': <playfield.playfield>, 'source': <ball_device.bd_bot_vuk>, 'mechanical_eject': False, 'num_attempts': 0}
2022-10-06 16:24:15,010 : INFO : ball_device.bd_bot_vuk : State: ejecting
2022-10-06 16:24:15,010 : INFO : ball_device.bd_bot_vuk : Ejecting ball to <playfield.playfield>
2022-10-06 16:24:15,010 : INFO : EventManager : Event: ======'balldevice_bd_bot_vuk_ejecting_ball'====== Args={'balls': 1, 'target': <playfield.playfield>, 'source': <ball_device.bd_bot_vuk>, 'mechanical_eject': False, 'num_attempts': 0}
2022-10-06 16:24:15,011 : INFO : ball_device.bd_bot_vuk : Wait for ball to leave device
2022-10-06 16:24:15,011 : INFO : coil.c_bot_vuk : Pulsing Driver for 10ms (1.0 pulse_power)
2022-10-06 16:24:15,205 : INFO : BcpServer : New client connected.
2022-10-06 16:24:16,996 : INFO : EventManager : Event: ======'balldevice_bd_bot_vuk_ball_eject_failed'====== Args={'target': <playfield.playfield>, 'balls': 1, 'retry': True, 'num_attempts': 1}
2022-10-06 16:24:17,001 : INFO : ball_device.bd_bot_vuk : State: waiting_for_target_ready
2022-10-06 16:24:17,001 : INFO : EventManager : Event: ======'balldevice_bd_bot_vuk_ball_eject_attempt'====== Args={'balls': 1, 'target': <playfield.playfield>, 'source': <ball_device.bd_bot_vuk>, 'mechanical_eject': False, 'num_attempts': 1}
2022-10-06 16:24:17,001 : INFO : ball_device.bd_bot_vuk : State: ejecting
2022-10-06 16:24:17,002 : INFO : ball_device.bd_bot_vuk : Ejecting ball to <playfield.playfield>
2022-10-06 16:24:17,002 : INFO : EventManager : Event: ======'balldevice_bd_bot_vuk_ejecting_ball'====== Args={'balls': 1, 'target': <playfield.playfield>, 'source': <ball_device.bd_bot_vuk>, 'mechanical_eject': False, 'num_attempts': 1}
2022-10-06 16:24:17,002 : INFO : ball_device.bd_bot_vuk : Wait for ball to leave device
2022-10-06 16:24:17,003 : INFO : coil.c_bot_vuk : Pulsing Driver for 10ms (1.0 pulse_power)
2022-10-06 16:24:19,000 : INFO : EventManager : Event: ======'balldevice_bd_bot_vuk_ball_eject_failed'====== Args={'target': <playfield.playfield>, 'balls': 1, 'retry': True, 'num_attempts': 2}
2022-10-06 16:24:19,005 : INFO : ball_device.bd_bot_vuk : State: waiting_for_target_ready
2022-10-06 16:24:19,005 : INFO : EventManager : Event: ======'balldevice_bd_bot_vuk_ball_eject_attempt'====== Args={'balls': 1, 'target': <playfield.playfield>, 'source': <ball_device.bd_bot_vuk>, 'mechanical_eject': False, 'num_attempts': 2}
2022-10-06 16:24:19,005 : INFO : ball_device.bd_bot_vuk : State: ejecting
2022-10-06 16:24:19,006 : INFO : ball_device.bd_bot_vuk : Ejecting ball to <playfield.playfield>
2022-10-06 16:24:19,006 : INFO : EventManager : Event: ======'balldevice_bd_bot_vuk_ejecting_ball'====== Args={'balls': 1, 'target': <playfield.playfield>, 'source': <ball_device.bd_bot_vuk>, 'mechanical_eject': False, 'num_attempts': 2}
2022-10-06 16:24:19,006 : INFO : ball_device.bd_bot_vuk : Wait for ball to leave device
2022-10-06 16:24:19,006 : INFO : coil.c_bot_vuk : Pulsing Driver for 10ms (1.0 pulse_power)
2022-10-06 16:24:20,995 : INFO : EventManager : Event: ======'balldevice_bd_bot_vuk_ball_eject_failed'====== Args={'target': <playfield.playfield>, 'balls': 1, 'retry': True, 'num_attempts': 3}
2022-10-06 16:24:21,000 : INFO : ball_device.bd_bot_vuk : State: waiting_for_target_ready
2022-10-06 16:24:21,000 : INFO : EventManager : Event: ======'balldevice_bd_bot_vuk_ball_eject_attempt'====== Args={'balls': 1, 'target': <playfield.playfield>, 'source': <ball_device.bd_bot_vuk>, 'mechanical_eject': False, 'num_attempts': 3}
2022-10-06 16:24:21,000 : INFO : ball_device.bd_bot_vuk : State: ejecting
2022-10-06 16:24:21,000 : INFO : ball_device.bd_bot_vuk : Ejecting ball to <playfield.playfield>
2022-10-06 16:24:21,000 : INFO : EventManager : Event: ======'balldevice_bd_bot_vuk_ejecting_ball'====== Args={'balls': 1, 'target': <playfield.playfield>, 'source': <ball_device.bd_bot_vuk>, 'mechanical_eject': False, 'num_attempts': 3}
2022-10-06 16:24:21,001 : INFO : ball_device.bd_bot_vuk : Wait for ball to leave device
2022-10-06 16:24:21,001 : INFO : coil.c_bot_vuk : Pulsing Driver for 10ms (1.0 pulse_power)
2022-10-06 16:24:22,990 : INFO : EventManager : Event: ======'balldevice_bd_bot_vuk_ball_eject_failed'====== Args={'target': <playfield.playfield>, 'balls': 1, 'retry': True, 'num_attempts': 4}
2022-10-06 16:24:22,994 : INFO : ball_device.bd_bot_vuk : State: waiting_for_target_ready
2022-10-06 16:24:22,994 : INFO : EventManager : Event: ======'balldevice_bd_bot_vuk_ball_eject_attempt'====== Args={'balls': 1, 'target': <playfield.playfield>, 'source': <ball_device.bd_bot_vuk>, 'mechanical_eject': False, 'num_attempts': 4}
2022-10-06 16:24:22,995 : INFO : ball_device.bd_bot_vuk : State: ejecting
2022-10-06 16:24:22,995 : INFO : ball_device.bd_bot_vuk : Ejecting ball to <playfield.playfield>
2022-10-06 16:24:22,995 : INFO : EventManager : Event: ======'balldevice_bd_bot_vuk_ejecting_ball'====== Args={'balls': 1, 'target': <playfield.playfield>, 'source': <ball_device.bd_bot_vuk>, 'mechanical_eject': False, 'num_attempts': 4}
2022-10-06 16:24:22,996 : INFO : ball_device.bd_bot_vuk : Wait for ball to leave device
2022-10-06 16:24:22,996 : INFO : coil.c_bot_vuk : Pulsing Driver for 10ms (1.0 pulse_power)
2022-10-06 16:24:23,899 : INFO : SwitchController : <<<<<<< 's_tilt' active >>>>>>>
2022-10-06 16:24:23,919 : INFO : SwitchController : <<<<<<< 's_tilt' inactive >>>>>>>
2022-10-06 16:24:24,448 : INFO : SwitchController : <<<<<<< 's_tilt' active >>>>>>>
2022-10-06 16:24:24,449 : INFO : SwitchController : <<<<<<< 's_tilt' inactive >>>>>>>
2022-10-06 16:24:24,995 : INFO : EventManager : Event: ======'balldevice_bd_bot_vuk_ball_eject_failed'====== Args={'target': <playfield.playfield>, 'balls': 1, 'retry': True, 'num_attempts': 5}
2022-10-06 16:24:24,999 : INFO : ball_device.bd_bot_vuk : State: waiting_for_target_ready
2022-10-06 16:24:25,000 : INFO : EventManager : Event: ======'balldevice_bd_bot_vuk_ball_eject_attempt'====== Args={'balls': 1, 'target': <playfield.playfield>, 'source': <ball_device.bd_bot_vuk>, 'mechanical_eject': False, 'num_attempts': 5}
2022-10-06 16:24:25,000 : INFO : ball_device.bd_bot_vuk : State: ejecting
2022-10-06 16:24:25,000 : INFO : ball_device.bd_bot_vuk : Ejecting ball to <playfield.playfield>
2022-10-06 16:24:25,000 : INFO : EventManager : Event: ======'balldevice_bd_bot_vuk_ejecting_ball'====== Args={'balls': 1, 'target': <playfield.playfield>, 'source': <ball_device.bd_bot_vuk>, 'mechanical_eject': False, 'num_attempts': 5}
2022-10-06 16:24:25,001 : INFO : ball_device.bd_bot_vuk : Wait for ball to leave device
2022-10-06 16:24:25,001 : INFO : coil.c_bot_vuk : Pulsing Driver for 10ms (1.0 pulse_power)
2022-10-06 16:24:26,994 : INFO : EventManager : Event: ======'balldevice_bd_bot_vuk_ball_eject_failed'====== Args={'target': <playfield.playfield>, 'balls': 1, 'retry': True, 'num_attempts': 6}
2022-10-06 16:24:26,998 : INFO : ball_device.bd_bot_vuk : State: waiting_for_target_ready
2022-10-06 16:24:26,999 : INFO : EventManager : Event: ======'balldevice_bd_bot_vuk_ball_eject_attempt'====== Args={'balls': 1, 'target': <playfield.playfield>, 'source': <ball_device.bd_bot_vuk>, 'mechanical_eject': False, 'num_attempts': 6}
2022-10-06 16:24:26,999 : INFO : ball_device.bd_bot_vuk : State: ejecting
2022-10-06 16:24:26,999 : INFO : ball_device.bd_bot_vuk : Ejecting ball to <playfield.playfield>
2022-10-06 16:24:26,999 : INFO : EventManager : Event: ======'balldevice_bd_bot_vuk_ejecting_ball'====== Args={'balls': 1, 'target': <playfield.playfield>, 'source': <ball_device.bd_bot_vuk>, 'mechanical_eject': False, 'num_attempts': 6}
2022-10-06 16:24:27,000 : INFO : ball_device.bd_bot_vuk : Wait for ball to leave device
2022-10-06 16:24:27,000 : INFO : coil.c_bot_vuk : Pulsing Driver for 10ms (1.0 pulse_power)
2022-10-06 16:24:28,998 : INFO : EventManager : Event: ======'balldevice_bd_bot_vuk_ball_eject_failed'====== Args={'target': <playfield.playfield>, 'balls': 1, 'retry': True, 'num_attempts': 7}
2022-10-06 16:24:29,002 : INFO : ball_device.bd_bot_vuk : State: waiting_for_target_ready
2022-10-06 16:24:29,003 : INFO : EventManager : Event: ======'balldevice_bd_bot_vuk_ball_eject_attempt'====== Args={'balls': 1, 'target': <playfield.playfield>, 'source': <ball_device.bd_bot_vuk>, 'mechanical_eject': False, 'num_attempts': 7}
2022-10-06 16:24:29,003 : INFO : ball_device.bd_bot_vuk : State: ejecting
2022-10-06 16:24:29,003 : INFO : ball_device.bd_bot_vuk : Ejecting ball to <playfield.playfield>
2022-10-06 16:24:29,003 : INFO : EventManager : Event: ======'balldevice_bd_bot_vuk_ejecting_ball'====== Args={'balls': 1, 'target': <playfield.playfield>, 'source': <ball_device.bd_bot_vuk>, 'mechanical_eject': False, 'num_attempts': 7}
2022-10-06 16:24:29,004 : INFO : ball_device.bd_bot_vuk : Wait for ball to leave device
2022-10-06 16:24:29,004 : INFO : coil.c_bot_vuk : Pulsing Driver for 10ms (1.0 pulse_power)
2022-10-06 16:24:30,993 : INFO : EventManager : Event: ======'balldevice_bd_bot_vuk_ball_eject_failed'====== Args={'target': <playfield.playfield>, 'balls': 1, 'retry': True, 'num_attempts': 8}
2022-10-06 16:24:30,997 : INFO : ball_device.bd_bot_vuk : State: waiting_for_target_ready
2022-10-06 16:24:30,998 : INFO : EventManager : Event: ======'balldevice_bd_bot_vuk_ball_eject_attempt'====== Args={'balls': 1, 'target': <playfield.playfield>, 'source': <ball_device.bd_bot_vuk>, 'mechanical_eject': False, 'num_attempts': 8}
2022-10-06 16:24:30,998 : INFO : ball_device.bd_bot_vuk : State: ejecting
2022-10-06 16:24:30,998 : INFO : ball_device.bd_bot_vuk : Ejecting ball to <playfield.playfield>
2022-10-06 16:24:30,998 : INFO : EventManager : Event: ======'balldevice_bd_bot_vuk_ejecting_ball'====== Args={'balls': 1, 'target': <playfield.playfield>, 'source': <ball_device.bd_bot_vuk>, 'mechanical_eject': False, 'num_attempts': 8}
2022-10-06 16:24:30,999 : INFO : ball_device.bd_bot_vuk : Wait for ball to leave device
2022-10-06 16:24:30,999 : INFO : coil.c_bot_vuk : Pulsing Driver for 10ms (1.0 pulse_power)
2022-10-06 16:24:32,992 : INFO : EventManager : Event: ======'balldevice_bd_bot_vuk_ball_eject_failed'====== Args={'target': <playfield.playfield>, 'balls': 1, 'retry': True, 'num_attempts': 9}
2022-10-06 16:24:32,996 : INFO : ball_device.bd_bot_vuk : State: waiting_for_target_ready
2022-10-06 16:24:32,997 : INFO : EventManager : Event: ======'balldevice_bd_bot_vuk_ball_eject_attempt'====== Args={'balls': 1, 'target': <playfield.playfield>, 'source': <ball_device.bd_bot_vuk>, 'mechanical_eject': False, 'num_attempts': 9}
2022-10-06 16:24:32,997 : INFO : ball_device.bd_bot_vuk : State: ejecting
2022-10-06 16:24:32,997 : INFO : ball_device.bd_bot_vuk : Ejecting ball to <playfield.playfield>
2022-10-06 16:24:32,997 : INFO : EventManager : Event: ======'balldevice_bd_bot_vuk_ejecting_ball'====== Args={'balls': 1, 'target': <playfield.playfield>, 'source': <ball_device.bd_bot_vuk>, 'mechanical_eject': False, 'num_attempts': 9}
2022-10-06 16:24:32,998 : INFO : ball_device.bd_bot_vuk : Wait for ball to leave device
2022-10-06 16:24:32,998 : INFO : coil.c_bot_vuk : Pulsing Driver for 10ms (1.0 pulse_power)
2022-10-06 16:24:34,985 : INFO : EventManager : Event: ======'balldevice_bd_bot_vuk_ball_eject_failed'====== Args={'target': <playfield.playfield>, 'balls': 1, 'retry': True, 'num_attempts': 10}
2022-10-06 16:24:34,989 : INFO : ball_device.bd_bot_vuk : State: waiting_for_target_ready
2022-10-06 16:24:34,989 : INFO : EventManager : Event: ======'balldevice_bd_bot_vuk_ball_eject_attempt'====== Args={'balls': 1, 'target': <playfield.playfield>, 'source': <ball_device.bd_bot_vuk>, 'mechanical_eject': False, 'num_attempts': 10}
2022-10-06 16:24:34,990 : INFO : ball_device.bd_bot_vuk : State: ejecting
2022-10-06 16:24:34,990 : INFO : ball_device.bd_bot_vuk : Ejecting ball to <playfield.playfield>
2022-10-06 16:24:34,990 : INFO : EventManager : Event: ======'balldevice_bd_bot_vuk_ejecting_ball'====== Args={'balls': 1, 'target': <playfield.playfield>, 'source': <ball_device.bd_bot_vuk>, 'mechanical_eject': False, 'num_attempts': 10}
2022-10-06 16:24:34,991 : INFO : ball_device.bd_bot_vuk : Wait for ball to leave device
2022-10-06 16:24:34,991 : INFO : coil.c_bot_vuk : Pulsing Driver for 10ms (1.0 pulse_power)
2022-10-06 16:24:36,995 : INFO : EventManager : Event: ======'balldevice_bd_bot_vuk_ball_eject_failed'====== Args={'target': <playfield.playfield>, 'balls': 1, 'retry': True, 'num_attempts': 11}
2022-10-06 16:24:36,999 : INFO : ball_device.bd_bot_vuk : State: waiting_for_target_ready
2022-10-06 16:24:37,000 : INFO : EventManager : Event: ======'balldevice_bd_bot_vuk_ball_eject_attempt'====== Args={'balls': 1, 'target': <playfield.playfield>, 'source': <ball_device.bd_bot_vuk>, 'mechanical_eject': False, 'num_attempts': 11}
2022-10-06 16:24:37,000 : INFO : ball_device.bd_bot_vuk : State: ejecting
2022-10-06 16:24:37,000 : INFO : ball_device.bd_bot_vuk : Ejecting ball to <playfield.playfield>
2022-10-06 16:24:37,000 : INFO : EventManager : Event: ======'balldevice_bd_bot_vuk_ejecting_ball'====== Args={'balls': 1, 'target': <playfield.playfield>, 'source': <ball_device.bd_bot_vuk>, 'mechanical_eject': False, 'num_attempts': 11}
2022-10-06 16:24:37,001 : INFO : ball_device.bd_bot_vuk : Wait for ball to leave device
2022-10-06 16:24:37,001 : INFO : coil.c_bot_vuk : Pulsing Driver for 10ms (1.0 pulse_power)
2022-10-06 16:24:39,000 : INFO : EventManager : Event: ======'balldevice_bd_bot_vuk_ball_eject_failed'====== Args={'target': <playfield.playfield>, 'balls': 1, 'retry': True, 'num_attempts': 12}
2022-10-06 16:24:39,004 : INFO : ball_device.bd_bot_vuk : State: waiting_for_target_ready
2022-10-06 16:24:39,005 : INFO : EventManager : Event: ======'balldevice_bd_bot_vuk_ball_eject_attempt'====== Args={'balls': 1, 'target': <playfield.playfield>, 'source': <ball_device.bd_bot_vuk>, 'mechanical_eject': False, 'num_attempts': 12}
2022-10-06 16:24:39,005 : INFO : ball_device.bd_bot_vuk : State: ejecting
2022-10-06 16:24:39,005 : INFO : ball_device.bd_bot_vuk : Ejecting ball to <playfield.playfield>
2022-10-06 16:24:39,005 : INFO : EventManager : Event: ======'balldevice_bd_bot_vuk_ejecting_ball'====== Args={'balls': 1, 'target': <playfield.playfield>, 'source': <ball_device.bd_bot_vuk>, 'mechanical_eject': False, 'num_attempts': 12}
2022-10-06 16:24:39,006 : INFO : ball_device.bd_bot_vuk : Wait for ball to leave device
2022-10-06 16:24:39,006 : INFO : coil.c_bot_vuk : Pulsing Driver for 10ms (1.0 pulse_power)
2022-10-06 16:24:40,992 : INFO : EventManager : Event: ======'balldevice_bd_bot_vuk_ball_eject_failed'====== Args={'target': <playfield.playfield>, 'balls': 1, 'retry': True, 'num_attempts': 13}
2022-10-06 16:24:40,996 : INFO : ball_device.bd_bot_vuk : State: waiting_for_target_ready
2022-10-06 16:24:40,996 : INFO : EventManager : Event: ======'balldevice_bd_bot_vuk_ball_eject_attempt'====== Args={'balls': 1, 'target': <playfield.playfield>, 'source': <ball_device.bd_bot_vuk>, 'mechanical_eject': False, 'num_attempts': 13}
2022-10-06 16:24:40,997 : INFO : ball_device.bd_bot_vuk : State: ejecting
2022-10-06 16:24:40,997 : INFO : ball_device.bd_bot_vuk : Ejecting ball to <playfield.playfield>
2022-10-06 16:24:40,997 : INFO : EventManager : Event: ======'balldevice_bd_bot_vuk_ejecting_ball'====== Args={'balls': 1, 'target': <playfield.playfield>, 'source': <ball_device.bd_bot_vuk>, 'mechanical_eject': False, 'num_attempts': 13}
2022-10-06 16:24:40,998 : INFO : ball_device.bd_bot_vuk : Wait for ball to leave device
2022-10-06 16:24:40,998 : INFO : coil.c_bot_vuk : Pulsing Driver for 10ms (1.0 pulse_power)
2022-10-06 16:24:42,991 : INFO : EventManager : Event: ======'balldevice_bd_bot_vuk_ball_eject_failed'====== Args={'target': <playfield.playfield>, 'balls': 1, 'retry': True, 'num_attempts': 14}
2022-10-06 16:24:42,995 : INFO : ball_device.bd_bot_vuk : State: waiting_for_target_ready
2022-10-06 16:24:42,996 : INFO : EventManager : Event: ======'balldevice_bd_bot_vuk_ball_eject_attempt'====== Args={'balls': 1, 'target': <playfield.playfield>, 'source': <ball_device.bd_bot_vuk>, 'mechanical_eject': False, 'num_attempts': 14}
2022-10-06 16:24:42,996 : INFO : ball_device.bd_bot_vuk : State: ejecting
2022-10-06 16:24:42,996 : INFO : ball_device.bd_bot_vuk : Ejecting ball to <playfield.playfield>
2022-10-06 16:24:42,996 : INFO : EventManager : Event: ======'balldevice_bd_bot_vuk_ejecting_ball'====== Args={'balls': 1, 'target': <playfield.playfield>, 'source': <ball_device.bd_bot_vuk>, 'mechanical_eject': False, 'num_attempts': 14}
2022-10-06 16:24:42,997 : INFO : ball_device.bd_bot_vuk : Wait for ball to leave device
2022-10-06 16:24:42,997 : INFO : coil.c_bot_vuk : Pulsing Driver for 10ms (1.0 pulse_power)
2022-10-06 16:24:45,001 : INFO : EventManager : Event: ======'balldevice_bd_bot_vuk_ball_eject_failed'====== Args={'target': <playfield.playfield>, 'balls': 1, 'retry': True, 'num_attempts': 15}
2022-10-06 16:24:45,005 : INFO : ball_device.bd_bot_vuk : State: waiting_for_target_ready
2022-10-06 16:24:45,006 : INFO : EventManager : Event: ======'balldevice_bd_bot_vuk_ball_eject_attempt'====== Args={'balls': 1, 'target': <playfield.playfield>, 'source': <ball_device.bd_bot_vuk>, 'mechanical_eject': False, 'num_attempts': 15}
2022-10-06 16:24:45,006 : INFO : ball_device.bd_bot_vuk : State: ejecting
2022-10-06 16:24:45,006 : INFO : ball_device.bd_bot_vuk : Ejecting ball to <playfield.playfield>
2022-10-06 16:24:45,006 : INFO : EventManager : Event: ======'balldevice_bd_bot_vuk_ejecting_ball'====== Args={'balls': 1, 'target': <playfield.playfield>, 'source': <ball_device.bd_bot_vuk>, 'mechanical_eject': False, 'num_attempts': 15}
2022-10-06 16:24:45,007 : INFO : ball_device.bd_bot_vuk : Wait for ball to leave device
2022-10-06 16:24:45,007 : INFO : coil.c_bot_vuk : Pulsing Driver for 10ms (1.0 pulse_power)
2022-10-06 16:24:46,987 : INFO : EventManager : Event: ======'balldevice_bd_bot_vuk_ball_eject_failed'====== Args={'target': <playfield.playfield>, 'balls': 1, 'retry': True, 'num_attempts': 16}
2022-10-06 16:24:46,991 : INFO : ball_device.bd_bot_vuk : State: waiting_for_target_ready
2022-10-06 16:24:46,991 : INFO : EventManager : Event: ======'balldevice_bd_bot_vuk_ball_eject_attempt'====== Args={'balls': 1, 'target': <playfield.playfield>, 'source': <ball_device.bd_bot_vuk>, 'mechanical_eject': False, 'num_attempts': 16}
2022-10-06 16:24:46,992 : INFO : ball_device.bd_bot_vuk : State: ejecting
2022-10-06 16:24:46,992 : INFO : ball_device.bd_bot_vuk : Ejecting ball to <playfield.playfield>
2022-10-06 16:24:46,992 : INFO : EventManager : Event: ======'balldevice_bd_bot_vuk_ejecting_ball'====== Args={'balls': 1, 'target': <playfield.playfield>, 'source': <ball_device.bd_bot_vuk>, 'mechanical_eject': False, 'num_attempts': 16}
2022-10-06 16:24:46,993 : INFO : ball_device.bd_bot_vuk : Wait for ball to leave device
2022-10-06 16:24:46,993 : INFO : coil.c_bot_vuk : Pulsing Driver for 10ms (1.0 pulse_power)
2022-10-06 16:24:48,994 : INFO : EventManager : Event: ======'balldevice_bd_bot_vuk_ball_eject_failed'====== Args={'target': <playfield.playfield>, 'balls': 1, 'retry': True, 'num_attempts': 17}
2022-10-06 16:24:48,999 : INFO : ball_device.bd_bot_vuk : State: waiting_for_target_ready
2022-10-06 16:24:48,999 : INFO : EventManager : Event: ======'balldevice_bd_bot_vuk_ball_eject_attempt'====== Args={'balls': 1, 'target': <playfield.playfield>, 'source': <ball_device.bd_bot_vuk>, 'mechanical_eject': False, 'num_attempts': 17}
2022-10-06 16:24:48,999 : INFO : ball_device.bd_bot_vuk : State: ejecting
2022-10-06 16:24:48,999 : INFO : ball_device.bd_bot_vuk : Ejecting ball to <playfield.playfield>
2022-10-06 16:24:49,000 : INFO : EventManager : Event: ======'balldevice_bd_bot_vuk_ejecting_ball'====== Args={'balls': 1, 'target': <playfield.playfield>, 'source': <ball_device.bd_bot_vuk>, 'mechanical_eject': False, 'num_attempts': 17}
2022-10-06 16:24:49,000 : INFO : ball_device.bd_bot_vuk : Wait for ball to leave device
2022-10-06 16:24:49,000 : INFO : coil.c_bot_vuk : Pulsing Driver for 10ms (1.0 pulse_power)
2022-10-06 16:24:49,884 : INFO : Machine : Shutting down...
2022-10-06 16:24:49,884 : INFO : EventManager : Event: ======'shutdown'====== Args={}
2022-10-06 16:24:49,900 : WARNING : FAST : Port NET received more messages than were sent! Resetting!
2022-10-06 16:24:49,900 : WARNING : FAST : Port RGB received more messages than were sent! Resetting!
2022-10-06 16:24:49,980 : ERROR : FAST : Stop called on serial connection com9
2022-10-06 16:24:49,980 : ERROR : FAST : Stop called on serial connection com10
2022-10-06 16:24:50,231 : INFO : root : MPF run loop ended.
