2022-10-21 10:52:10,329 : INFO : root : Loading config.
2022-10-21 10:52:10,332 : INFO : YamlMultifileConfigLoader : Machine config file #1: config.yaml
2022-10-21 10:52:10,332 : INFO : ConfigProcessor : Loading config from cache: C:\Users\Tanner\AppData\Local\Temp\a6762098cb994b55cb03a478b26022ee.mpf_cache
2022-10-21 10:52:10,398 : INFO : ConfigProcessor : Loading config from cache: C:\Users\Tanner\AppData\Local\Temp\9cf7ccc27b21f4d6162237fadfc53e5a.mpf_cache
2022-10-21 10:52:10,399 : INFO : ConfigProcessor : Loading config from cache: C:\Users\Tanner\AppData\Local\Temp\c215df352878fee5d54f1a5ec5b16e7c.mpf_cache
2022-10-21 10:52:10,399 : INFO : ConfigProcessor : Loading config from cache: C:\Users\Tanner\AppData\Local\Temp\708062243e0edcfa77dd6b1521bd0d4e.mpf_cache
2022-10-21 10:52:10,400 : INFO : ConfigProcessor : Loading config from cache: C:\Users\Tanner\AppData\Local\Temp\9cf7ccc27b21f4d6162237fadfc53e5a.mpf_cache
2022-10-21 10:52:10,401 : INFO : ConfigProcessor : Loading config from cache: C:\Users\Tanner\AppData\Local\Temp\c4174472f67f7b070dd6fb437c6feb0c.mpf_cache
2022-10-21 10:52:10,402 : INFO : ConfigProcessor : Loading config from cache: C:\Users\Tanner\AppData\Local\Temp\33b306b4bf49d065496332ee9ac2494c.mpf_cache
2022-10-21 10:52:10,403 : INFO : ConfigProcessor : Loading config from cache: C:\Users\Tanner\AppData\Local\Temp\9e6b4d5e43fd00e219ba7c739d818ad6.mpf_cache
2022-10-21 10:52:10,403 : INFO : ConfigProcessor : Loading config from cache: C:\Users\Tanner\AppData\Local\Temp\abaa92c43d134e3392cbb2346e6a16be.mpf_cache
2022-10-21 10:52:10,404 : INFO : ConfigProcessor : Loading config from cache: C:\Users\Tanner\AppData\Local\Temp\fc46d53fcb9fe6b8abf783d9c813390a.mpf_cache
2022-10-21 10:52:10,404 : INFO : ConfigProcessor : Loading config from cache: C:\Users\Tanner\AppData\Local\Temp\b46de592c65b9a27a1f4965daee53c91.mpf_cache
2022-10-21 10:52:10,405 : INFO : ConfigProcessor : Loading config from cache: C:\Users\Tanner\AppData\Local\Temp\5b50cb1d58cd4116013cda74c2923169.mpf_cache
2022-10-21 10:52:10,407 : INFO : ConfigProcessor : Loading config from cache: C:\Users\Tanner\AppData\Local\Temp\2734ac1662e5e62f2e4cb2a8d902a8f2.mpf_cache
2022-10-21 10:52:10,410 : INFO : ConfigProcessor : Loading config from cache: C:\Users\Tanner\AppData\Local\Temp\fe169133106b4804e097dca6b78afaf5.mpf_cache
2022-10-21 10:52:10,411 : INFO : ConfigProcessor : Loading config from cache: C:\Users\Tanner\AppData\Local\Temp\d4f531e94c6a484dd08e4121f6e3a74e.mpf_cache
2022-10-21 10:52:10,411 : INFO : ConfigProcessor : Loading config from cache: C:\Users\Tanner\AppData\Local\Temp\e9c431c8aa2f7ab7b37617b37185d68f.mpf_cache
2022-10-21 10:52:10,413 : INFO : ConfigProcessor : Loading config from cache: C:\Users\Tanner\AppData\Local\Temp\07112933e6abcdb1819075df64aee3c0.mpf_cache
2022-10-21 10:52:10,414 : INFO : Machine : Mission Pinball Framework Core Engine v0.55.0
2022-10-21 10:52:10,414 : INFO : Machine : Command line arguments: {'no_load_cache': False, 'create_config_cache': True, 'bcp': False, 'configfile': ['config.yaml'], 'force_assets_load': False, 'jsonlogging': False, 'logfile': 'logs\\2022-10-21-10-52-10-mpf-DESKTOP-7HNFDQ5.log', 'pause': False, 'production': False, 'text_ui': True, 'loglevel': 15, 'consoleloglevel': 20, 'force_platform': None, 'syslog_address': None, 'mc_file_name': None, 'no_sound': False}
2022-10-21 10:52:10,414 : INFO : Machine : MPF path: c:\users\tanner\appdata\local\programs\python\python37\lib\site-packages\mpf
2022-10-21 10:52:10,414 : INFO : Machine : Machine path: c:\trashland_2
2022-10-21 10:52:10,414 : INFO : Machine : Platform: win32
2022-10-21 10:52:10,414 : INFO : Machine : Python executable location: c:\users\tanner\appdata\local\programs\python\python37\python.exe
2022-10-21 10:52:10,414 : INFO : Machine : Python version: 3.7.8 (64-bit)
2022-10-21 10:52:10,416 : INFO : Machine : Initialise MPF.
2022-10-21 10:52:10,718 : INFO : FAST : Connecting to com14 at 921600bps
2022-10-21 10:52:10,839 : INFO : FAST : Connected! Processor: NET, Board Type: FP-CPU-002-2, Firmware: 01.05
2022-10-21 10:52:10,839 : INFO : EventManager : Event: ======'machine_var_fast_net_firmware'====== Args={'value': '01.05', 'prev_value': None, 'change': True}
2022-10-21 10:52:10,839 : INFO : EventManager : Event: ======'machine_var_fast_net_model'====== Args={'value': 'FP-CPU-002-2', 'prev_value': None, 'change': True}
2022-10-21 10:52:13,215 : WARNING : FAST : Got unexpected message from FAST: -N:0A
2022-10-21 10:52:13,215 : WARNING : FAST : Got unexpected message from FAST: -N:0F
2022-10-21 10:52:13,215 : WARNING : FAST : Got unexpected message from FAST: -N:11
2022-10-21 10:52:13,215 : WARNING : FAST : Got unexpected message from FAST: -N:30
2022-10-21 10:52:13,215 : WARNING : FAST : Got unexpected message from FAST: -N:31
2022-10-21 10:52:13,215 : WARNING : FAST : Got unexpected message from FAST: -N:33
2022-10-21 10:52:13,215 : WARNING : FAST : Got unexpected message from FAST: -N:34
2022-10-21 10:52:13,215 : WARNING : FAST : Got unexpected message from FAST: -N:38
2022-10-21 10:52:13,215 : WARNING : FAST : Got unexpected message from FAST: -N:3D
2022-10-21 10:52:13,215 : WARNING : FAST : Got unexpected message from FAST: -N:40
2022-10-21 10:52:13,216 : WARNING : FAST : Got unexpected message from FAST: -N:41
2022-10-21 10:52:13,216 : WARNING : FAST : Got unexpected message from FAST: -N:42
2022-10-21 10:52:13,216 : WARNING : FAST : Got unexpected message from FAST: -N:48
2022-10-21 10:52:13,216 : WARNING : FAST : Got unexpected message from FAST: -N:5D
2022-10-21 10:52:13,325 : INFO : FAST : Connecting to com15 at 921600bps
2022-10-21 10:52:13,435 : INFO : FAST : Connected! Processor: RGB, Board Type: FP-CPU-002-2, Firmware: 00.87
2022-10-21 10:52:13,435 : INFO : EventManager : Event: ======'machine_var_fast_rgb_firmware'====== Args={'value': '00.87', 'prev_value': None, 'change': True}
2022-10-21 10:52:13,435 : INFO : EventManager : Event: ======'machine_var_fast_rgb_model'====== Args={'value': 'FP-CPU-002-2', 'prev_value': None, 'change': True}
2022-10-21 10:52:13,436 : INFO : EventManager : Event: ======'machine_var_credits_string'====== Args={'value': 'FREE PLAY', 'prev_value': None, 'change': True}
2022-10-21 10:52:13,480 : INFO : EventManager : Event: ======'machine_var_master_volume'====== Args={'value': 0.5, 'prev_value': None, 'change': True}
2022-10-21 10:52:13,480 : INFO : EventManager : Event: ======'machine_var_player1_score'====== Args={'value': 510, 'prev_value': None, 'change': True}
2022-10-21 10:52:13,480 : INFO : EventManager : Event: ======'machine_var_mpf_version'====== Args={'value': 'MPF v0.55.0', 'prev_value': None, 'change': True}
2022-10-21 10:52:13,480 : INFO : EventManager : Event: ======'machine_var_mpf_extended_version'====== Args={'value': 'MPF v0.55.0, Config version:5, Show version: 5, BCP version:1.1', 'prev_value': None, 'change': True}
2022-10-21 10:52:13,480 : INFO : EventManager : Event: ======'machine_var_python_version'====== Args={'value': '3.7.8', 'prev_value': None, 'change': True}
2022-10-21 10:52:13,481 : INFO : EventManager : Event: ======'machine_var_platform'====== Args={'value': 'Windows-10-10.0.19041-SP0', 'prev_value': None, 'change': True}
2022-10-21 10:52:13,481 : INFO : EventManager : Event: ======'machine_var_platform_system'====== Args={'value': 'Windows', 'prev_value': None, 'change': True}
2022-10-21 10:52:13,481 : INFO : EventManager : Event: ======'machine_var_platform_release'====== Args={'value': '10', 'prev_value': None, 'change': True}
2022-10-21 10:52:13,481 : INFO : EventManager : Event: ======'machine_var_platform_version'====== Args={'value': '10.0.19041', 'prev_value': None, 'change': True}
2022-10-21 10:52:13,481 : INFO : EventManager : Event: ======'machine_var_platform_machine'====== Args={'value': 'AMD64', 'prev_value': None, 'change': True}
2022-10-21 10:52:13,481 : INFO : EventManager : Event: ======'init_phase_1'====== Args={}
2022-10-21 10:52:13,516 : INFO : EventManager : Event: ======'drop_target_bank_single_main_up'====== Args={}
2022-10-21 10:52:13,517 : INFO : EventManager : Event: ======'drop_target_bank_single_upper_up'====== Args={}
2022-10-21 10:52:13,517 : INFO : EventManager : Event: ======'drop_target_bank_mid_up'====== Args={}
2022-10-21 10:52:13,517 : INFO : EventManager : Event: ======'drop_target_bank_right_up'====== Args={}
2022-10-21 10:52:13,541 : INFO : EventManager : Event: ======'init_phase_2'====== Args={}
2022-10-21 10:52:13,542 : INFO : SwitchController : Found active switch: (('0A', 1), <Platform.FAST>) <switch.s_drop_upper>
2022-10-21 10:52:13,542 : INFO : SwitchController : Found active switch: (('30', 1), <Platform.FAST>) <switch.s_drop_right_right>
2022-10-21 10:52:13,542 : INFO : SwitchController : Found active switch: (('31', 1), <Platform.FAST>) <switch.s_drop_right_left>
2022-10-21 10:52:13,542 : INFO : SwitchController : Found active switch: (('43', 1), <Platform.FAST>) <switch.s_trough_3>
2022-10-21 10:52:13,542 : INFO : SwitchController : Found active switch: (('44', 1), <Platform.FAST>) <switch.s_trough_2>
2022-10-21 10:52:13,542 : INFO : SwitchController : Found active switch: (('49', 1), <Platform.FAST>) <switch.s_trough_jam>
2022-10-21 10:52:13,542 : INFO : SwitchController : Found active switch: (('3B', 1), <Platform.FAST>) <switch.s_eos_left>
2022-10-21 10:52:13,550 : INFO : ball_device.bd_trough : BCH: Initial count: 3
2022-10-21 10:52:13,551 : INFO : ball_device.bd_trough : State: idle
2022-10-21 10:52:13,551 : INFO : ball_device.bd_plunger : BCH: Initial count: 0
2022-10-21 10:52:13,552 : INFO : ball_device.bd_plunger : State: idle
2022-10-21 10:52:13,552 : INFO : ball_device.bd_top_vuk : BCH: Initial count: 0
2022-10-21 10:52:13,552 : INFO : ball_device.bd_top_vuk : State: idle
2022-10-21 10:52:13,553 : INFO : ball_device.bd_right_vuk : BCH: Initial count: 0
2022-10-21 10:52:13,553 : INFO : ball_device.bd_right_vuk : State: idle
2022-10-21 10:52:13,553 : INFO : ball_device.bd_bot_vuk : BCH: Initial count: 0
2022-10-21 10:52:13,554 : INFO : ball_device.bd_bot_vuk : State: idle
2022-10-21 10:52:13,595 : INFO : EventManager : Event: ======'init_phase_3'====== Args={}
2022-10-21 10:52:14,186 : INFO : EventManager : Event: ======'init_phase_4'====== Args={}
2022-10-21 10:52:14,186 : INFO : EventManager : Event: ======'playfield_active'====== Args={}
2022-10-21 10:52:14,187 : INFO : EventManager : Event: ======'unexpected_ball_on_playfield'====== Args={}
2022-10-21 10:52:14,187 : INFO : EventManager : Event: ======'drop_target_right_right_down'====== Args={'device': <drop_target.right_right>}
2022-10-21 10:52:14,187 : INFO : EventManager : Event: ======'drop_target_bank_right_mixed'====== Args={'prev_value': <DropTargetBankState.UP: 'up'>, 'down': 1}
2022-10-21 10:52:14,187 : INFO : EventManager : Event: ======'playfield_active'====== Args={}
2022-10-21 10:52:14,187 : INFO : EventManager : Event: ======'unexpected_ball_on_playfield'====== Args={}
2022-10-21 10:52:14,187 : INFO : EventManager : Event: ======'drop_target_right_left_down'====== Args={'device': <drop_target.right_left>}
2022-10-21 10:52:14,187 : INFO : EventManager : Event: ======'drop_target_bank_right_down'====== Args={}
2022-10-21 10:52:14,187 : INFO : EventManager : Event: ======'playfield_active'====== Args={}
2022-10-21 10:52:14,187 : INFO : EventManager : Event: ======'unexpected_ball_on_playfield'====== Args={}
2022-10-21 10:52:14,187 : INFO : EventManager : Event: ======'playfield_active'====== Args={}
2022-10-21 10:52:14,187 : INFO : EventManager : Event: ======'unexpected_ball_on_playfield'====== Args={}
2022-10-21 10:52:14,187 : INFO : EventManager : Event: ======'drop_target_d_drop_upper_down'====== Args={'device': <drop_target.d_drop_upper>}
2022-10-21 10:52:14,187 : INFO : EventManager : Event: ======'drop_target_bank_single_upper_down'====== Args={}
2022-10-21 10:52:14,187 : INFO : EventManager : Event: ======'playfield_active'====== Args={}
2022-10-21 10:52:14,188 : INFO : EventManager : Event: ======'unexpected_ball_on_playfield'====== Args={}
2022-10-21 10:52:14,188 : INFO : EventManager : Event: ======'playfield_active'====== Args={}
2022-10-21 10:52:14,188 : INFO : EventManager : Event: ======'unexpected_ball_on_playfield'====== Args={}
2022-10-21 10:52:14,188 : INFO : EventManager : Event: ======'playfield_active'====== Args={}
2022-10-21 10:52:14,188 : INFO : EventManager : Event: ======'unexpected_ball_on_playfield'====== Args={}
2022-10-21 10:52:14,188 : INFO : BallController : Initial balls found: 3
2022-10-21 10:52:14,190 : INFO : EventManager : Event: ======'machine_var_audits_events_game_ended'====== Args={'value': 0, 'prev_value': None, 'change': True}
2022-10-21 10:52:14,190 : INFO : EventManager : Event: ======'machine_var_audits_events_game_started'====== Args={'value': 0, 'prev_value': None, 'change': True}
2022-10-21 10:52:14,190 : INFO : EventManager : Event: ======'machine_var_audits_player_score'====== Args={'value': {'average': 7876.153846153844, 'top': [25700, 18620, 17680, 14760, 11850, 11660, 10540, 10140, 10000, 9260], 'total': 26}, 'prev_value': None, 'change': True}
2022-10-21 10:52:14,190 : INFO : EventManager : Event: ======'machine_var_audits_shots_left_inlane'====== Args={'value': 21, 'prev_value': None, 'change': True}
2022-10-21 10:52:14,190 : INFO : EventManager : Event: ======'machine_var_audits_shots_left_outlane'====== Args={'value': 5, 'prev_value': None, 'change': True}
2022-10-21 10:52:14,191 : INFO : EventManager : Event: ======'machine_var_audits_shots_left_pop'====== Args={'value': 94, 'prev_value': None, 'change': True}
2022-10-21 10:52:14,191 : INFO : EventManager : Event: ======'machine_var_audits_shots_left_return'====== Args={'value': 10, 'prev_value': None, 'change': True}
2022-10-21 10:52:14,191 : INFO : EventManager : Event: ======'machine_var_audits_shots_lower_pop'====== Args={'value': 120, 'prev_value': None, 'change': True}
2022-10-21 10:52:14,191 : INFO : EventManager : Event: ======'machine_var_audits_shots_r_left_inlane'====== Args={'value': 4, 'prev_value': None, 'change': True}
2022-10-21 10:52:14,191 : INFO : EventManager : Event: ======'machine_var_audits_shots_r_left_outlane'====== Args={'value': 2, 'prev_value': None, 'change': True}
2022-10-21 10:52:14,191 : INFO : EventManager : Event: ======'machine_var_audits_shots_r_right_inlane'====== Args={'value': 30, 'prev_value': None, 'change': True}
2022-10-21 10:52:14,191 : INFO : EventManager : Event: ======'machine_var_audits_shots_r_right_outlane'====== Args={'value': 18, 'prev_value': None, 'change': True}
2022-10-21 10:52:14,192 : INFO : EventManager : Event: ======'machine_var_audits_shots_right_inlane'====== Args={'value': 30, 'prev_value': None, 'change': True}
2022-10-21 10:52:14,192 : INFO : EventManager : Event: ======'machine_var_audits_shots_right_outlane'====== Args={'value': 144, 'prev_value': None, 'change': True}
2022-10-21 10:52:14,192 : INFO : EventManager : Event: ======'machine_var_audits_shots_right_pop'====== Args={'value': 96, 'prev_value': None, 'change': True}
2022-10-21 10:52:14,192 : INFO : EventManager : Event: ======'machine_var_audits_shots_scoop'====== Args={'value': 103, 'prev_value': None, 'change': True}
2022-10-21 10:52:14,192 : INFO : EventManager : Event: ======'machine_var_audits_shots_single_drop_shot'====== Args={'value': 12, 'prev_value': None, 'change': True}
2022-10-21 10:52:14,192 : INFO : EventManager : Event: ======'machine_var_audits_switches_s_autolauncher'====== Args={'value': 223, 'prev_value': None, 'change': True}
2022-10-21 10:52:14,192 : INFO : EventManager : Event: ======'machine_var_audits_switches_s_back_pop'====== Args={'value': 15, 'prev_value': None, 'change': True}
2022-10-21 10:52:14,193 : INFO : EventManager : Event: ======'machine_var_audits_switches_s_back_rollover'====== Args={'value': 0, 'prev_value': None, 'change': True}
2022-10-21 10:52:14,193 : INFO : EventManager : Event: ======'machine_var_audits_switches_s_back_stationary'====== Args={'value': 3, 'prev_value': None, 'change': True}
2022-10-21 10:52:14,193 : INFO : EventManager : Event: ======'machine_var_audits_switches_s_bot_back'====== Args={'value': 1, 'prev_value': None, 'change': True}
2022-10-21 10:52:14,193 : INFO : EventManager : Event: ======'machine_var_audits_switches_s_bot_big'====== Args={'value': 5, 'prev_value': None, 'change': True}
2022-10-21 10:52:14,193 : INFO : EventManager : Event: ======'machine_var_audits_switches_s_bot_left'====== Args={'value': 0, 'prev_value': None, 'change': True}
2022-10-21 10:52:14,193 : INFO : EventManager : Event: ======'machine_var_audits_switches_s_bot_right'====== Args={'value': 1, 'prev_value': None, 'change': True}
2022-10-21 10:52:14,194 : INFO : EventManager : Event: ======'machine_var_audits_switches_s_bot_rollover'====== Args={'value': 1, 'prev_value': None, 'change': True}
2022-10-21 10:52:14,194 : INFO : EventManager : Event: ======'machine_var_audits_switches_s_bot_vuk'====== Args={'value': 34, 'prev_value': None, 'change': True}
2022-10-21 10:52:14,194 : INFO : EventManager : Event: ======'machine_var_audits_switches_s_drop_mid_left'====== Args={'value': 120, 'prev_value': None, 'change': True}
2022-10-21 10:52:14,194 : INFO : EventManager : Event: ======'machine_var_audits_switches_s_drop_mid_mid'====== Args={'value': 138, 'prev_value': None, 'change': True}
2022-10-21 10:52:14,194 : INFO : EventManager : Event: ======'machine_var_audits_switches_s_drop_mid_right'====== Args={'value': 48, 'prev_value': None, 'change': True}
2022-10-21 10:52:14,194 : INFO : EventManager : Event: ======'machine_var_audits_switches_s_drop_right_left'====== Args={'value': 38, 'prev_value': None, 'change': True}
2022-10-21 10:52:14,195 : INFO : EventManager : Event: ======'machine_var_audits_switches_s_drop_right_right'====== Args={'value': 71, 'prev_value': None, 'change': True}
2022-10-21 10:52:14,195 : INFO : EventManager : Event: ======'machine_var_audits_switches_s_drop_single'====== Args={'value': 53, 'prev_value': None, 'change': True}
2022-10-21 10:52:14,195 : INFO : EventManager : Event: ======'machine_var_audits_switches_s_drop_upper'====== Args={'value': 0, 'prev_value': None, 'change': True}
2022-10-21 10:52:14,195 : INFO : EventManager : Event: ======'machine_var_audits_switches_s_eos_left'====== Args={'value': 305, 'prev_value': None, 'change': True}
2022-10-21 10:52:14,195 : INFO : EventManager : Event: ======'machine_var_audits_switches_s_eos_left_top'====== Args={'value': 1534, 'prev_value': None, 'change': True}
2022-10-21 10:52:14,196 : INFO : EventManager : Event: ======'machine_var_audits_switches_s_eos_right'====== Args={'value': 1400, 'prev_value': None, 'change': True}
2022-10-21 10:52:14,196 : INFO : EventManager : Event: ======'machine_var_audits_switches_s_launch'====== Args={'value': 221, 'prev_value': None, 'change': True}
2022-10-21 10:52:14,196 : INFO : EventManager : Event: ======'machine_var_audits_switches_s_left_flipper'====== Args={'value': 1682, 'prev_value': None, 'change': True}
2022-10-21 10:52:14,196 : INFO : EventManager : Event: ======'machine_var_audits_switches_s_left_inlane'====== Args={'value': 55, 'prev_value': None, 'change': True}
2022-10-21 10:52:14,196 : INFO : EventManager : Event: ======'machine_var_audits_switches_s_left_orbit_prox'====== Args={'value': 87, 'prev_value': None, 'change': True}
2022-10-21 10:52:14,197 : INFO : EventManager : Event: ======'machine_var_audits_switches_s_left_outlane'====== Args={'value': 12, 'prev_value': None, 'change': True}
2022-10-21 10:52:14,197 : INFO : EventManager : Event: ======'machine_var_audits_switches_s_left_return'====== Args={'value': 10, 'prev_value': None, 'change': True}
2022-10-21 10:52:14,197 : INFO : EventManager : Event: ======'machine_var_audits_switches_s_pop_left'====== Args={'value': 286, 'prev_value': None, 'change': True}
2022-10-21 10:52:14,197 : INFO : EventManager : Event: ======'machine_var_audits_switches_s_pop_lower'====== Args={'value': 400, 'prev_value': None, 'change': True}
2022-10-21 10:52:14,197 : INFO : EventManager : Event: ======'machine_var_audits_switches_s_pop_right'====== Args={'value': 444, 'prev_value': None, 'change': True}
2022-10-21 10:52:14,198 : INFO : EventManager : Event: ======'machine_var_audits_switches_s_right_flipper'====== Args={'value': 1829, 'prev_value': None, 'change': True}
2022-10-21 10:52:14,198 : INFO : EventManager : Event: ======'machine_var_audits_switches_s_right_inlane'====== Args={'value': 37, 'prev_value': None, 'change': True}
2022-10-21 10:52:14,198 : INFO : EventManager : Event: ======'machine_var_audits_switches_s_right_outlane'====== Args={'value': 238, 'prev_value': None, 'change': True}
2022-10-21 10:52:14,198 : INFO : EventManager : Event: ======'machine_var_audits_switches_s_rollover_left'====== Args={'value': 96, 'prev_value': None, 'change': True}
2022-10-21 10:52:14,199 : INFO : EventManager : Event: ======'machine_var_audits_switches_s_rollover_right'====== Args={'value': 109, 'prev_value': None, 'change': True}
2022-10-21 10:52:14,199 : INFO : EventManager : Event: ======'machine_var_audits_switches_s_sling_left'====== Args={'value': 45, 'prev_value': None, 'change': True}
2022-10-21 10:52:14,199 : INFO : EventManager : Event: ======'machine_var_audits_switches_s_sling_right'====== Args={'value': 184, 'prev_value': None, 'change': True}
2022-10-21 10:52:14,199 : INFO : EventManager : Event: ======'machine_var_audits_switches_s_start'====== Args={'value': 160, 'prev_value': None, 'change': True}
2022-10-21 10:52:14,200 : INFO : EventManager : Event: ======'machine_var_audits_switches_s_tilt'====== Args={'value': 397, 'prev_value': None, 'change': True}
2022-10-21 10:52:14,200 : INFO : EventManager : Event: ======'machine_var_audits_switches_s_transfer_rollover'====== Args={'value': 3, 'prev_value': None, 'change': True}
2022-10-21 10:52:14,200 : INFO : EventManager : Event: ======'machine_var_audits_switches_s_trough_1'====== Args={'value': 227, 'prev_value': None, 'change': True}
2022-10-21 10:52:14,200 : INFO : EventManager : Event: ======'machine_var_audits_switches_s_trough_2'====== Args={'value': 350, 'prev_value': None, 'change': True}
2022-10-21 10:52:14,201 : INFO : EventManager : Event: ======'machine_var_audits_switches_s_trough_3'====== Args={'value': 225, 'prev_value': None, 'change': True}
2022-10-21 10:52:14,201 : INFO : EventManager : Event: ======'machine_var_audits_switches_s_trough_4'====== Args={'value': 209, 'prev_value': None, 'change': True}
2022-10-21 10:52:14,202 : INFO : EventManager : Event: ======'machine_var_audits_switches_s_trough_5'====== Args={'value': 211, 'prev_value': None, 'change': True}
2022-10-21 10:52:14,202 : INFO : EventManager : Event: ======'machine_var_audits_switches_s_trough_6'====== Args={'value': 286, 'prev_value': None, 'change': True}
2022-10-21 10:52:14,202 : INFO : EventManager : Event: ======'machine_var_audits_switches_s_trough_jam'====== Args={'value': 287, 'prev_value': None, 'change': True}
2022-10-21 10:52:14,202 : INFO : EventManager : Event: ======'machine_var_audits_switches_s_upper_drop'====== Args={'value': 0, 'prev_value': None, 'change': True}
2022-10-21 10:52:14,203 : INFO : EventManager : Event: ======'machine_var_audits_switches_s_upper_rollover'====== Args={'value': 27, 'prev_value': None, 'change': True}
2022-10-21 10:52:14,203 : INFO : EventManager : Event: ======'machine_var_audits_switches_s_upper_stationary'====== Args={'value': 14, 'prev_value': None, 'change': True}
2022-10-21 10:52:14,203 : INFO : EventManager : Event: ======'machine_var_audits_switches_s_vuk_back'====== Args={'value': 1, 'prev_value': None, 'change': True}
2022-10-21 10:52:14,204 : INFO : EventManager : Event: ======'machine_var_audits_switches_s_vuk_right'====== Args={'value': 106, 'prev_value': None, 'change': True}
2022-10-21 10:52:14,204 : INFO : EventManager : Event: ======'machine_var_audits_switches_s_vuk_top'====== Args={'value': 492, 'prev_value': None, 'change': True}
2022-10-21 10:52:14,205 : INFO : EventManager : Event: ======'init_phase_5'====== Args={}
2022-10-21 10:52:14,266 : INFO : EventManager : Event: ======'init_done'====== Args={}
2022-10-21 10:52:14,267 : INFO : EventManager : Event: ======'machine_reset_phase_1'====== Args={}
2022-10-21 10:52:14,267 : INFO : EventManager : Event: ======'machine_reset_phase_2'====== Args={}
2022-10-21 10:52:14,268 : INFO : EventManager : Event: ======'machine_reset_phase_3'====== Args={}
2022-10-21 10:52:14,268 : INFO : EventManager : Event: ======'mode_tilt_will_start'====== Args={'queue': <QueuedEvent>}
2022-10-21 10:52:14,269 : INFO : EventManager : Event: ======'mode_tilt_starting'====== Args={'queue': <QueuedEvent>}
2022-10-21 10:52:14,269 : INFO : coil.c_drop_right : Pulsing Driver for 60ms (0.7 pulse_power)
2022-10-21 10:52:14,269 : INFO : Mode.tilt : Started. Priority: 1000000
2022-10-21 10:52:14,269 : INFO : EventManager : Event: ======'modes_active_modes_changed'====== Args={}
2022-10-21 10:52:14,269 : INFO : EventManager : Event: ======'mode_tilt_started'====== Args={'queue': <QueuedEvent>}
2022-10-21 10:52:14,270 : INFO : EventManager : Event: ======'reset_complete'====== Args={}
2022-10-21 10:52:14,270 : INFO : EventManager : Event: ======'mode_attract_will_start'====== Args={}
2022-10-21 10:52:14,270 : INFO : EventManager : Event: ======'mode_attract_starting'====== Args={}
2022-10-21 10:52:14,270 : INFO : Mode.attract : Started. Priority: 10
2022-10-21 10:52:14,270 : INFO : EventManager : Event: ======'modes_active_modes_changed'====== Args={}
2022-10-21 10:52:14,270 : INFO : EventManager : Event: ======'mode_attract_started'====== Args={}
2022-10-21 10:52:14,271 : INFO : EventManager : Event: ======'collecting_balls_complete'====== Args={}
2022-10-21 10:52:14,300 : INFO : Machine : Starting the main run loop.
2022-10-21 10:52:18,387 : INFO : SwitchController : <<<<<<< 's_autolauncher' active >>>>>>>
2022-10-21 10:52:18,684 : INFO : SwitchController : <<<<<<< 's_autolauncher' inactive >>>>>>>
2022-10-21 10:52:18,917 : INFO : SwitchController : <<<<<<< 's_autolauncher' active >>>>>>>
2022-10-21 10:52:19,181 : INFO : SwitchController : <<<<<<< 's_autolauncher' inactive >>>>>>>
2022-10-21 10:52:19,401 : INFO : SwitchController : <<<<<<< 's_autolauncher' active >>>>>>>
2022-10-21 10:52:19,729 : INFO : SwitchController : <<<<<<< 's_autolauncher' inactive >>>>>>>
2022-10-21 10:52:20,886 : INFO : SwitchController : <<<<<<< 's_rollover_right' active >>>>>>>
2022-10-21 10:52:20,886 : INFO : EventManager : Event: ======'sw_playfield_active'====== Args={}
2022-10-21 10:52:20,887 : INFO : EventManager : Event: ======'playfield_active'====== Args={}
2022-10-21 10:52:20,887 : INFO : EventManager : Event: ======'unexpected_ball_on_playfield'====== Args={}
2022-10-21 10:52:20,948 : INFO : SwitchController : <<<<<<< 's_rollover_right' inactive >>>>>>>
2022-10-21 10:52:20,948 : INFO : SwitchController : <<<<<<< 's_rollover_right' active >>>>>>>
2022-10-21 10:52:20,949 : INFO : EventManager : Event: ======'sw_playfield_active'====== Args={}
2022-10-21 10:52:20,949 : INFO : EventManager : Event: ======'playfield_active'====== Args={}
2022-10-21 10:52:20,949 : INFO : EventManager : Event: ======'unexpected_ball_on_playfield'====== Args={}
2022-10-21 10:52:21,103 : INFO : SwitchController : <<<<<<< 's_rollover_right' inactive >>>>>>>
2022-10-21 10:52:21,195 : INFO : SwitchController : <<<<<<< 's_rollover_right' active >>>>>>>
2022-10-21 10:52:21,195 : INFO : EventManager : Event: ======'sw_playfield_active'====== Args={}
2022-10-21 10:52:21,196 : INFO : EventManager : Event: ======'playfield_active'====== Args={}
2022-10-21 10:52:21,196 : INFO : EventManager : Event: ======'unexpected_ball_on_playfield'====== Args={}
2022-10-21 10:52:21,336 : INFO : SwitchController : <<<<<<< 's_rollover_right' inactive >>>>>>>
2022-10-21 10:52:21,415 : INFO : SwitchController : <<<<<<< 's_rollover_right' active >>>>>>>
2022-10-21 10:52:21,415 : INFO : EventManager : Event: ======'sw_playfield_active'====== Args={}
2022-10-21 10:52:21,416 : INFO : EventManager : Event: ======'playfield_active'====== Args={}
2022-10-21 10:52:21,416 : INFO : EventManager : Event: ======'unexpected_ball_on_playfield'====== Args={}
2022-10-21 10:52:21,697 : INFO : SwitchController : <<<<<<< 's_rollover_right' inactive >>>>>>>
2022-10-21 10:52:25,934 : INFO : SwitchController : <<<<<<< 's_drop_mid_mid' active >>>>>>>
2022-10-21 10:52:25,934 : INFO : EventManager : Event: ======'playfield_active'====== Args={}
2022-10-21 10:52:25,934 : INFO : EventManager : Event: ======'unexpected_ball_on_playfield'====== Args={}
2022-10-21 10:52:25,934 : INFO : EventManager : Event: ======'drop_target_mid_mid_down'====== Args={'device': <drop_target.mid_mid>}
2022-10-21 10:52:25,934 : INFO : EventManager : Event: ======'drop_target_bank_mid_mixed'====== Args={'prev_value': <DropTargetBankState.UP: 'up'>, 'down': 1}
2022-10-21 10:52:26,030 : INFO : SwitchController : <<<<<<< 's_rollover_right' active >>>>>>>
2022-10-21 10:52:26,030 : INFO : EventManager : Event: ======'sw_playfield_active'====== Args={}
2022-10-21 10:52:26,031 : INFO : EventManager : Event: ======'playfield_active'====== Args={}
2022-10-21 10:52:26,031 : INFO : EventManager : Event: ======'unexpected_ball_on_playfield'====== Args={}
2022-10-21 10:52:26,206 : INFO : SwitchController : <<<<<<< 's_rollover_right' inactive >>>>>>>
2022-10-21 10:52:26,333 : INFO : SwitchController : <<<<<<< 's_rollover_right' active >>>>>>>
2022-10-21 10:52:26,333 : INFO : EventManager : Event: ======'sw_playfield_active'====== Args={}
2022-10-21 10:52:26,333 : INFO : EventManager : Event: ======'playfield_active'====== Args={}
2022-10-21 10:52:26,333 : INFO : EventManager : Event: ======'unexpected_ball_on_playfield'====== Args={}
2022-10-21 10:52:26,457 : INFO : SwitchController : <<<<<<< 's_rollover_right' inactive >>>>>>>
2022-10-21 10:52:26,540 : INFO : SwitchController : <<<<<<< 's_rollover_right' active >>>>>>>
2022-10-21 10:52:26,540 : INFO : EventManager : Event: ======'sw_playfield_active'====== Args={}
2022-10-21 10:52:26,540 : INFO : EventManager : Event: ======'playfield_active'====== Args={}
2022-10-21 10:52:26,540 : INFO : EventManager : Event: ======'unexpected_ball_on_playfield'====== Args={}
2022-10-21 10:52:26,725 : INFO : SwitchController : <<<<<<< 's_rollover_right' inactive >>>>>>>
2022-10-21 10:52:27,148 : INFO : SwitchController : <<<<<<< 's_rollover_left' active >>>>>>>
2022-10-21 10:52:27,148 : INFO : EventManager : Event: ======'sw_playfield_active'====== Args={}
2022-10-21 10:52:27,149 : INFO : EventManager : Event: ======'playfield_active'====== Args={}
2022-10-21 10:52:27,149 : INFO : EventManager : Event: ======'unexpected_ball_on_playfield'====== Args={}
2022-10-21 10:52:27,365 : INFO : SwitchController : <<<<<<< 's_rollover_left' inactive >>>>>>>
2022-10-21 10:52:27,443 : INFO : SwitchController : <<<<<<< 's_rollover_left' active >>>>>>>
2022-10-21 10:52:27,443 : INFO : EventManager : Event: ======'sw_playfield_active'====== Args={}
2022-10-21 10:52:27,443 : INFO : EventManager : Event: ======'playfield_active'====== Args={}
2022-10-21 10:52:27,444 : INFO : EventManager : Event: ======'unexpected_ball_on_playfield'====== Args={}
2022-10-21 10:52:27,556 : INFO : SwitchController : <<<<<<< 's_rollover_left' inactive >>>>>>>
2022-10-21 10:52:27,646 : INFO : SwitchController : <<<<<<< 's_rollover_left' active >>>>>>>
2022-10-21 10:52:27,646 : INFO : EventManager : Event: ======'sw_playfield_active'====== Args={}
2022-10-21 10:52:27,646 : INFO : EventManager : Event: ======'playfield_active'====== Args={}
2022-10-21 10:52:27,646 : INFO : EventManager : Event: ======'unexpected_ball_on_playfield'====== Args={}
2022-10-21 10:52:27,757 : INFO : SwitchController : <<<<<<< 's_rollover_left' inactive >>>>>>>
2022-10-21 10:52:27,834 : INFO : SwitchController : <<<<<<< 's_rollover_left' active >>>>>>>
2022-10-21 10:52:27,834 : INFO : EventManager : Event: ======'sw_playfield_active'====== Args={}
2022-10-21 10:52:27,834 : INFO : EventManager : Event: ======'playfield_active'====== Args={}
2022-10-21 10:52:27,834 : INFO : EventManager : Event: ======'unexpected_ball_on_playfield'====== Args={}
2022-10-21 10:52:27,974 : INFO : SwitchController : <<<<<<< 's_rollover_left' inactive >>>>>>>
2022-10-21 10:52:28,350 : INFO : SwitchController : <<<<<<< 's_drop_mid_right' active >>>>>>>
2022-10-21 10:52:28,350 : INFO : EventManager : Event: ======'playfield_active'====== Args={}
2022-10-21 10:52:28,350 : INFO : EventManager : Event: ======'unexpected_ball_on_playfield'====== Args={}
2022-10-21 10:52:28,350 : INFO : EventManager : Event: ======'drop_target_mid_right_down'====== Args={'device': <drop_target.mid_right>}
2022-10-21 10:52:28,350 : INFO : EventManager : Event: ======'drop_target_bank_mid_mixed'====== Args={'prev_value': <DropTargetBankState.MIXED: 'mixed'>, 'down': 2}
2022-10-21 10:52:28,753 : INFO : SwitchController : <<<<<<< 's_drop_mid_left' active >>>>>>>
2022-10-21 10:52:28,753 : INFO : EventManager : Event: ======'playfield_active'====== Args={}
2022-10-21 10:52:28,753 : INFO : EventManager : Event: ======'unexpected_ball_on_playfield'====== Args={}
2022-10-21 10:52:28,753 : INFO : EventManager : Event: ======'drop_target_mid_left_down'====== Args={'device': <drop_target.mid_left>}
2022-10-21 10:52:28,754 : INFO : EventManager : Event: ======'drop_target_bank_mid_down'====== Args={}
2022-10-21 10:52:32,306 : INFO : SwitchController : <<<<<<< 's_sling_left' active >>>>>>>
2022-10-21 10:52:32,430 : INFO : SwitchController : <<<<<<< 's_sling_left' inactive >>>>>>>
2022-10-21 10:52:32,570 : INFO : SwitchController : <<<<<<< 's_sling_left' active >>>>>>>
2022-10-21 10:52:32,725 : INFO : SwitchController : <<<<<<< 's_sling_left' inactive >>>>>>>
2022-10-21 10:52:32,975 : INFO : SwitchController : <<<<<<< 's_sling_left' active >>>>>>>
2022-10-21 10:52:33,100 : INFO : SwitchController : <<<<<<< 's_sling_left' inactive >>>>>>>
2022-10-21 10:52:33,193 : INFO : SwitchController : <<<<<<< 's_sling_left' active >>>>>>>
2022-10-21 10:52:33,317 : INFO : SwitchController : <<<<<<< 's_sling_left' inactive >>>>>>>
2022-10-21 10:52:33,380 : INFO : SwitchController : <<<<<<< 's_sling_left' active >>>>>>>
2022-10-21 10:52:33,473 : INFO : SwitchController : <<<<<<< 's_sling_left' inactive >>>>>>>
2022-10-21 10:52:43,358 : INFO : Machine : Shutting down...
2022-10-21 10:52:43,358 : INFO : EventManager : Event: ======'shutdown'====== Args={}
2022-10-21 10:52:43,373 : WARNING : FAST : Port NET received more messages than were sent! Resetting!
2022-10-21 10:52:43,373 : WARNING : FAST : Port RGB received more messages than were sent! Resetting!
2022-10-21 10:52:43,451 : ERROR : FAST : Stop called on serial connection com14
2022-10-21 10:52:43,451 : ERROR : FAST : Stop called on serial connection com15
2022-10-21 10:52:43,699 : INFO : root : MPF run loop ended.
