2022-10-06 07:24:49,213 : INFO : root : Loading config.
2022-10-06 07:24:49,216 : INFO : YamlMultifileConfigLoader : Machine config file #1: config.yaml
2022-10-06 07:24:49,216 : INFO : ConfigProcessor : Loading config from cache: C:\Users\Tanner\AppData\Local\Temp\a6762098cb994b55cb03a478b26022ee.mpf_cache
2022-10-06 07:24:49,277 : INFO : ConfigProcessor : Loading config from cache: C:\Users\Tanner\AppData\Local\Temp\9cf7ccc27b21f4d6162237fadfc53e5a.mpf_cache
2022-10-06 07:24:49,278 : INFO : ConfigProcessor : Loading config from cache: C:\Users\Tanner\AppData\Local\Temp\c215df352878fee5d54f1a5ec5b16e7c.mpf_cache
2022-10-06 07:24:49,278 : INFO : ConfigProcessor : Loading config from cache: C:\Users\Tanner\AppData\Local\Temp\708062243e0edcfa77dd6b1521bd0d4e.mpf_cache
2022-10-06 07:24:49,279 : INFO : ConfigProcessor : Loading config from cache: C:\Users\Tanner\AppData\Local\Temp\c4174472f67f7b070dd6fb437c6feb0c.mpf_cache
2022-10-06 07:24:49,280 : INFO : ConfigProcessor : Loading config from cache: C:\Users\Tanner\AppData\Local\Temp\abaa92c43d134e3392cbb2346e6a16be.mpf_cache
2022-10-06 07:24:49,281 : INFO : ConfigProcessor : Loading config from cache: C:\Users\Tanner\AppData\Local\Temp\fc46d53fcb9fe6b8abf783d9c813390a.mpf_cache
2022-10-06 07:24:49,281 : INFO : Machine : Mission Pinball Framework Core Engine v0.55.0
2022-10-06 07:24:49,281 : INFO : Machine : Command line arguments: {'no_load_cache': False, 'create_config_cache': True, 'bcp': False, 'configfile': ['config.yaml'], 'force_assets_load': False, 'jsonlogging': False, 'logfile': 'logs\\2022-10-06-07-24-49-mpf-DESKTOP-7HNFDQ5.log', 'pause': False, 'production': False, 'text_ui': True, 'loglevel': 15, 'consoleloglevel': 20, 'force_platform': None, 'syslog_address': None, 'mc_file_name': None, 'no_sound': False}
2022-10-06 07:24:49,281 : INFO : Machine : MPF path: c:\users\tanner\appdata\local\programs\python\python37\lib\site-packages\mpf
2022-10-06 07:24:49,281 : INFO : Machine : Machine path: c:\trashland_2
2022-10-06 07:24:49,281 : INFO : Machine : Platform: win32
2022-10-06 07:24:49,281 : INFO : Machine : Python executable location: c:\users\tanner\appdata\local\programs\python\python37\python.exe
2022-10-06 07:24:49,282 : INFO : Machine : Python version: 3.7.8 (64-bit)
2022-10-06 07:24:49,283 : INFO : Machine : Initialise MPF.
2022-10-06 07:24:49,511 : INFO : FAST : Connecting to com9 at 921600bps
2022-10-06 07:24:49,556 : INFO : FAST : Connected! Processor: NET, Board Type: FP-CPU-002-2, Firmware: 01.05
2022-10-06 07:24:49,556 : INFO : EventManager : Event: ======'machine_var_fast_net_firmware'====== Args={'value': '01.05', 'prev_value': None, 'change': True}
2022-10-06 07:24:49,556 : INFO : EventManager : Event: ======'machine_var_fast_net_model'====== Args={'value': 'FP-CPU-002-2', 'prev_value': None, 'change': True}
2022-10-06 07:24:51,909 : WARNING : FAST : Got unexpected message from FAST: -N:33
2022-10-06 07:24:51,909 : WARNING : FAST : Got unexpected message from FAST: -N:34
2022-10-06 07:24:51,909 : WARNING : FAST : Got unexpected message from FAST: -N:38
2022-10-06 07:24:51,909 : WARNING : FAST : Got unexpected message from FAST: -N:40
2022-10-06 07:24:51,909 : WARNING : FAST : Got unexpected message from FAST: -N:41
2022-10-06 07:24:51,909 : WARNING : FAST : Got unexpected message from FAST: -N:42
2022-10-06 07:24:51,909 : WARNING : FAST : Got unexpected message from FAST: -N:43
2022-10-06 07:24:51,909 : WARNING : FAST : Got unexpected message from FAST: -N:44
2022-10-06 07:24:52,034 : INFO : FAST : Connecting to com10 at 921600bps
2022-10-06 07:24:52,066 : INFO : FAST : Connected! Processor: RGB, Board Type: FP-CPU-002-2, Firmware: 00.87
2022-10-06 07:24:52,066 : INFO : EventManager : Event: ======'machine_var_fast_rgb_firmware'====== Args={'value': '00.87', 'prev_value': None, 'change': True}
2022-10-06 07:24:52,066 : INFO : EventManager : Event: ======'machine_var_fast_rgb_model'====== Args={'value': 'FP-CPU-002-2', 'prev_value': None, 'change': True}
2022-10-06 07:24:52,067 : INFO : EventManager : Event: ======'machine_var_credits_string'====== Args={'value': 'FREE PLAY', 'prev_value': None, 'change': True}
2022-10-06 07:24:52,109 : INFO : EventManager : Event: ======'machine_var_master_volume'====== Args={'value': 0.5, 'prev_value': None, 'change': True}
2022-10-06 07:24:52,109 : INFO : EventManager : Event: ======'machine_var_mpf_version'====== Args={'value': 'MPF v0.55.0', 'prev_value': None, 'change': True}
2022-10-06 07:24:52,109 : INFO : EventManager : Event: ======'machine_var_mpf_extended_version'====== Args={'value': 'MPF v0.55.0, Config version:5, Show version: 5, BCP version:1.1', 'prev_value': None, 'change': True}
2022-10-06 07:24:52,109 : INFO : EventManager : Event: ======'machine_var_python_version'====== Args={'value': '3.7.8', 'prev_value': None, 'change': True}
2022-10-06 07:24:52,110 : INFO : EventManager : Event: ======'machine_var_platform'====== Args={'value': 'Windows-10-10.0.19041-SP0', 'prev_value': None, 'change': True}
2022-10-06 07:24:52,110 : INFO : EventManager : Event: ======'machine_var_platform_system'====== Args={'value': 'Windows', 'prev_value': None, 'change': True}
2022-10-06 07:24:52,110 : INFO : EventManager : Event: ======'machine_var_platform_release'====== Args={'value': '10', 'prev_value': None, 'change': True}
2022-10-06 07:24:52,110 : INFO : EventManager : Event: ======'machine_var_platform_version'====== Args={'value': '10.0.19041', 'prev_value': None, 'change': True}
2022-10-06 07:24:52,110 : INFO : EventManager : Event: ======'machine_var_platform_machine'====== Args={'value': 'AMD64', 'prev_value': None, 'change': True}
2022-10-06 07:24:52,110 : INFO : EventManager : Event: ======'init_phase_1'====== Args={}
2022-10-06 07:24:52,144 : INFO : EventManager : Event: ======'drop_target_bank_mid_up'====== Args={}
2022-10-06 07:24:52,145 : INFO : EventManager : Event: ======'drop_target_bank_right_up'====== Args={}
2022-10-06 07:24:52,155 : INFO : EventManager : Event: ======'init_phase_2'====== Args={}
2022-10-06 07:24:52,155 : INFO : SwitchController : Found active switch: (('3E', 1), <Platform.FAST>) <switch.s_trough_1>
2022-10-06 07:24:52,155 : INFO : SwitchController : Found active switch: (('3D', 1), <Platform.FAST>) <switch.s_trough_jam>
2022-10-06 07:24:52,156 : INFO : SwitchController : Found active switch: (('3C', 1), <Platform.FAST>) <switch.s_eos_right>
2022-10-06 07:24:52,156 : INFO : SwitchController : Found active switch: (('3B', 1), <Platform.FAST>) <switch.s_eos_left>
2022-10-06 07:24:52,156 : INFO : SwitchController : Found active switch: (('5D', 1), <Platform.FAST>) <switch.s_bot_vuk>
2022-10-06 07:24:52,163 : INFO : ball_device.bd_trough : BCH: Initial count: 2
2022-10-06 07:24:52,163 : INFO : ball_device.bd_trough : State: idle
2022-10-06 07:24:52,163 : INFO : ball_device.bd_plunger : BCH: Initial count: 0
2022-10-06 07:24:52,164 : INFO : ball_device.bd_plunger : State: idle
2022-10-06 07:24:52,164 : INFO : ball_device.bd_top_vuk : BCH: Initial count: 0
2022-10-06 07:24:52,164 : INFO : ball_device.bd_top_vuk : State: idle
2022-10-06 07:24:52,165 : INFO : ball_device.bd_right_vuk : BCH: Initial count: 0
2022-10-06 07:24:52,165 : INFO : ball_device.bd_right_vuk : State: idle
2022-10-06 07:24:52,203 : INFO : EventManager : Event: ======'init_phase_3'====== Args={}
2022-10-06 07:24:52,236 : INFO : EventManager : Event: ======'init_phase_4'====== Args={}
2022-10-06 07:24:52,237 : INFO : EventManager : Event: ======'playfield_active'====== Args={}
2022-10-06 07:24:52,237 : INFO : EventManager : Event: ======'unexpected_ball_on_playfield'====== Args={}
2022-10-06 07:24:52,237 : INFO : EventManager : Event: ======'playfield_active'====== Args={}
2022-10-06 07:24:52,237 : INFO : EventManager : Event: ======'unexpected_ball_on_playfield'====== Args={}
2022-10-06 07:24:52,237 : INFO : EventManager : Event: ======'playfield_active'====== Args={}
2022-10-06 07:24:52,237 : INFO : EventManager : Event: ======'unexpected_ball_on_playfield'====== Args={}
2022-10-06 07:24:52,237 : INFO : EventManager : Event: ======'playfield_active'====== Args={}
2022-10-06 07:24:52,237 : INFO : EventManager : Event: ======'unexpected_ball_on_playfield'====== Args={}
2022-10-06 07:24:52,237 : INFO : EventManager : Event: ======'playfield_active'====== Args={}
2022-10-06 07:24:52,237 : INFO : EventManager : Event: ======'unexpected_ball_on_playfield'====== Args={}
2022-10-06 07:24:52,237 : INFO : EventManager : Event: ======'playfield_active'====== Args={}
2022-10-06 07:24:52,237 : INFO : EventManager : Event: ======'unexpected_ball_on_playfield'====== Args={}
2022-10-06 07:24:52,238 : INFO : BallController : Initial balls found: 2
2022-10-06 07:24:52,239 : INFO : EventManager : Event: ======'machine_var_audits_events_game_ended'====== Args={'value': 0, 'prev_value': None, 'change': True}
2022-10-06 07:24:52,239 : INFO : EventManager : Event: ======'machine_var_audits_events_game_started'====== Args={'value': 0, 'prev_value': None, 'change': True}
2022-10-06 07:24:52,239 : INFO : EventManager : Event: ======'machine_var_audits_player_score'====== Args={'value': {'average': 0, 'top': [], 'total': 0}, 'prev_value': None, 'change': True}
2022-10-06 07:24:52,240 : INFO : EventManager : Event: ======'machine_var_audits_switches_s_autolauncher'====== Args={'value': 75, 'prev_value': None, 'change': True}
2022-10-06 07:24:52,240 : INFO : EventManager : Event: ======'machine_var_audits_switches_s_back_pop'====== Args={'value': 0, 'prev_value': None, 'change': True}
2022-10-06 07:24:52,240 : INFO : EventManager : Event: ======'machine_var_audits_switches_s_back_rollover'====== Args={'value': 0, 'prev_value': None, 'change': True}
2022-10-06 07:24:52,240 : INFO : EventManager : Event: ======'machine_var_audits_switches_s_back_stationary'====== Args={'value': 0, 'prev_value': None, 'change': True}
2022-10-06 07:24:52,240 : INFO : EventManager : Event: ======'machine_var_audits_switches_s_bot_back'====== Args={'value': 0, 'prev_value': None, 'change': True}
2022-10-06 07:24:52,240 : INFO : EventManager : Event: ======'machine_var_audits_switches_s_bot_big'====== Args={'value': 0, 'prev_value': None, 'change': True}
2022-10-06 07:24:52,240 : INFO : EventManager : Event: ======'machine_var_audits_switches_s_bot_left'====== Args={'value': 0, 'prev_value': None, 'change': True}
2022-10-06 07:24:52,240 : INFO : EventManager : Event: ======'machine_var_audits_switches_s_bot_right'====== Args={'value': 0, 'prev_value': None, 'change': True}
2022-10-06 07:24:52,241 : INFO : EventManager : Event: ======'machine_var_audits_switches_s_bot_rollover'====== Args={'value': 0, 'prev_value': None, 'change': True}
2022-10-06 07:24:52,241 : INFO : EventManager : Event: ======'machine_var_audits_switches_s_bot_vuk'====== Args={'value': 0, 'prev_value': None, 'change': True}
2022-10-06 07:24:52,241 : INFO : EventManager : Event: ======'machine_var_audits_switches_s_drop_mid_left'====== Args={'value': 48, 'prev_value': None, 'change': True}
2022-10-06 07:24:52,241 : INFO : EventManager : Event: ======'machine_var_audits_switches_s_drop_mid_mid'====== Args={'value': 50, 'prev_value': None, 'change': True}
2022-10-06 07:24:52,241 : INFO : EventManager : Event: ======'machine_var_audits_switches_s_drop_mid_right'====== Args={'value': 5, 'prev_value': None, 'change': True}
2022-10-06 07:24:52,241 : INFO : EventManager : Event: ======'machine_var_audits_switches_s_drop_right_left'====== Args={'value': 12, 'prev_value': None, 'change': True}
2022-10-06 07:24:52,241 : INFO : EventManager : Event: ======'machine_var_audits_switches_s_drop_right_right'====== Args={'value': 14, 'prev_value': None, 'change': True}
2022-10-06 07:24:52,242 : INFO : EventManager : Event: ======'machine_var_audits_switches_s_drop_single'====== Args={'value': 40, 'prev_value': None, 'change': True}
2022-10-06 07:24:52,242 : INFO : EventManager : Event: ======'machine_var_audits_switches_s_eos_left'====== Args={'value': 71, 'prev_value': None, 'change': True}
2022-10-06 07:24:52,242 : INFO : EventManager : Event: ======'machine_var_audits_switches_s_eos_left_top'====== Args={'value': 159, 'prev_value': None, 'change': True}
2022-10-06 07:24:52,242 : INFO : EventManager : Event: ======'machine_var_audits_switches_s_eos_right'====== Args={'value': 96, 'prev_value': None, 'change': True}
2022-10-06 07:24:52,242 : INFO : EventManager : Event: ======'machine_var_audits_switches_s_launch'====== Args={'value': 25, 'prev_value': None, 'change': True}
2022-10-06 07:24:52,242 : INFO : EventManager : Event: ======'machine_var_audits_switches_s_left_flipper'====== Args={'value': 209, 'prev_value': None, 'change': True}
2022-10-06 07:24:52,243 : INFO : EventManager : Event: ======'machine_var_audits_switches_s_left_inlane'====== Args={'value': 6, 'prev_value': None, 'change': True}
2022-10-06 07:24:52,243 : INFO : EventManager : Event: ======'machine_var_audits_switches_s_left_outlane'====== Args={'value': 0, 'prev_value': None, 'change': True}
2022-10-06 07:24:52,243 : INFO : EventManager : Event: ======'machine_var_audits_switches_s_pop_left'====== Args={'value': 29, 'prev_value': None, 'change': True}
2022-10-06 07:24:52,243 : INFO : EventManager : Event: ======'machine_var_audits_switches_s_pop_lower'====== Args={'value': 47, 'prev_value': None, 'change': True}
2022-10-06 07:24:52,243 : INFO : EventManager : Event: ======'machine_var_audits_switches_s_pop_right'====== Args={'value': 48, 'prev_value': None, 'change': True}
2022-10-06 07:24:52,243 : INFO : EventManager : Event: ======'machine_var_audits_switches_s_right_flipper'====== Args={'value': 272, 'prev_value': None, 'change': True}
2022-10-06 07:24:52,244 : INFO : EventManager : Event: ======'machine_var_audits_switches_s_right_inlane'====== Args={'value': 0, 'prev_value': None, 'change': True}
2022-10-06 07:24:52,244 : INFO : EventManager : Event: ======'machine_var_audits_switches_s_right_outlane'====== Args={'value': 7, 'prev_value': None, 'change': True}
2022-10-06 07:24:52,244 : INFO : EventManager : Event: ======'machine_var_audits_switches_s_rollover_left'====== Args={'value': 6, 'prev_value': None, 'change': True}
2022-10-06 07:24:52,244 : INFO : EventManager : Event: ======'machine_var_audits_switches_s_rollover_right'====== Args={'value': 7, 'prev_value': None, 'change': True}
2022-10-06 07:24:52,244 : INFO : EventManager : Event: ======'machine_var_audits_switches_s_sling_left'====== Args={'value': 17, 'prev_value': None, 'change': True}
2022-10-06 07:24:52,245 : INFO : EventManager : Event: ======'machine_var_audits_switches_s_sling_right'====== Args={'value': 10, 'prev_value': None, 'change': True}
2022-10-06 07:24:52,245 : INFO : EventManager : Event: ======'machine_var_audits_switches_s_start'====== Args={'value': 100, 'prev_value': None, 'change': True}
2022-10-06 07:24:52,245 : INFO : EventManager : Event: ======'machine_var_audits_switches_s_tilt'====== Args={'value': 9, 'prev_value': None, 'change': True}
2022-10-06 07:24:52,245 : INFO : EventManager : Event: ======'machine_var_audits_switches_s_transfer_rollover'====== Args={'value': 0, 'prev_value': None, 'change': True}
2022-10-06 07:24:52,245 : INFO : EventManager : Event: ======'machine_var_audits_switches_s_trough_1'====== Args={'value': 57, 'prev_value': None, 'change': True}
2022-10-06 07:24:52,246 : INFO : EventManager : Event: ======'machine_var_audits_switches_s_trough_2'====== Args={'value': 64, 'prev_value': None, 'change': True}
2022-10-06 07:24:52,246 : INFO : EventManager : Event: ======'machine_var_audits_switches_s_trough_3'====== Args={'value': 53, 'prev_value': None, 'change': True}
2022-10-06 07:24:52,246 : INFO : EventManager : Event: ======'machine_var_audits_switches_s_trough_4'====== Args={'value': 54, 'prev_value': None, 'change': True}
2022-10-06 07:24:52,246 : INFO : EventManager : Event: ======'machine_var_audits_switches_s_trough_5'====== Args={'value': 58, 'prev_value': None, 'change': True}
2022-10-06 07:24:52,246 : INFO : EventManager : Event: ======'machine_var_audits_switches_s_trough_6'====== Args={'value': 72, 'prev_value': None, 'change': True}
2022-10-06 07:24:52,247 : INFO : EventManager : Event: ======'machine_var_audits_switches_s_trough_jam'====== Args={'value': 108, 'prev_value': None, 'change': True}
2022-10-06 07:24:52,247 : INFO : EventManager : Event: ======'machine_var_audits_switches_s_upper_drop'====== Args={'value': 0, 'prev_value': None, 'change': True}
2022-10-06 07:24:52,247 : INFO : EventManager : Event: ======'machine_var_audits_switches_s_upper_rollover'====== Args={'value': 0, 'prev_value': None, 'change': True}
2022-10-06 07:24:52,247 : INFO : EventManager : Event: ======'machine_var_audits_switches_s_upper_stationary'====== Args={'value': 0, 'prev_value': None, 'change': True}
2022-10-06 07:24:52,248 : INFO : EventManager : Event: ======'machine_var_audits_switches_s_vuk_back'====== Args={'value': 1, 'prev_value': None, 'change': True}
2022-10-06 07:24:52,248 : INFO : EventManager : Event: ======'machine_var_audits_switches_s_vuk_right'====== Args={'value': 2, 'prev_value': None, 'change': True}
2022-10-06 07:24:52,248 : INFO : EventManager : Event: ======'machine_var_audits_switches_s_vuk_top'====== Args={'value': 0, 'prev_value': None, 'change': True}
2022-10-06 07:24:52,250 : INFO : EventManager : Event: ======'init_phase_5'====== Args={}
2022-10-06 07:24:52,291 : INFO : EventManager : Event: ======'init_done'====== Args={}
2022-10-06 07:24:52,292 : INFO : EventManager : Event: ======'machine_reset_phase_1'====== Args={}
2022-10-06 07:24:52,293 : INFO : EventManager : Event: ======'machine_reset_phase_2'====== Args={}
2022-10-06 07:24:52,293 : INFO : EventManager : Event: ======'machine_reset_phase_3'====== Args={}
2022-10-06 07:24:52,294 : INFO : EventManager : Event: ======'mode_tilt_will_start'====== Args={'queue': <QueuedEvent>}
2022-10-06 07:24:52,294 : INFO : EventManager : Event: ======'mode_tilt_starting'====== Args={'queue': <QueuedEvent>}
2022-10-06 07:24:52,294 : INFO : drop_target_bank.mid : All targets are already up. Will not reset bank.
2022-10-06 07:24:52,294 : INFO : drop_target_bank.right : All targets are already up. Will not reset bank.
2022-10-06 07:24:52,295 : INFO : Mode.tilt : Started. Priority: 1000000
2022-10-06 07:24:52,295 : INFO : EventManager : Event: ======'modes_active_modes_changed'====== Args={}
2022-10-06 07:24:52,295 : INFO : EventManager : Event: ======'mode_tilt_started'====== Args={'queue': <QueuedEvent>}
2022-10-06 07:24:52,295 : INFO : EventManager : Event: ======'reset_complete'====== Args={}
2022-10-06 07:24:52,295 : INFO : EventManager : Event: ======'mode_attract_will_start'====== Args={}
2022-10-06 07:24:52,296 : INFO : EventManager : Event: ======'mode_attract_starting'====== Args={}
2022-10-06 07:24:52,296 : INFO : Mode.attract : Started. Priority: 10
2022-10-06 07:24:52,296 : INFO : EventManager : Event: ======'modes_active_modes_changed'====== Args={}
2022-10-06 07:24:52,296 : INFO : EventManager : Event: ======'mode_attract_started'====== Args={}
2022-10-06 07:24:52,296 : INFO : EventManager : Event: ======'collecting_balls_complete'====== Args={}
2022-10-06 07:24:52,317 : INFO : Machine : Starting the main run loop.
2022-10-06 07:24:54,004 : INFO : SwitchController : <<<<<<< 's_left_flipper' active >>>>>>>
2022-10-06 07:24:54,036 : INFO : SwitchController : <<<<<<< 's_eos_left_top' active >>>>>>>
2022-10-06 07:24:54,237 : INFO : SwitchController : <<<<<<< 's_left_flipper' inactive >>>>>>>
2022-10-06 07:24:54,330 : INFO : SwitchController : <<<<<<< 's_eos_left_top' inactive >>>>>>>
2022-10-06 07:24:56,759 : INFO : SwitchController : <<<<<<< 's_trough_6' active >>>>>>>
2022-10-06 07:24:56,852 : INFO : SwitchController : <<<<<<< 's_trough_6' inactive >>>>>>>
2022-10-06 07:24:56,898 : INFO : SwitchController : <<<<<<< 's_trough_5' active >>>>>>>
2022-10-06 07:24:56,977 : INFO : SwitchController : <<<<<<< 's_trough_5' inactive >>>>>>>
2022-10-06 07:24:57,023 : INFO : SwitchController : <<<<<<< 's_trough_4' active >>>>>>>
2022-10-06 07:24:57,085 : INFO : SwitchController : <<<<<<< 's_trough_4' inactive >>>>>>>
2022-10-06 07:24:57,132 : INFO : SwitchController : <<<<<<< 's_trough_3' active >>>>>>>
2022-10-06 07:24:57,179 : INFO : SwitchController : <<<<<<< 's_trough_3' inactive >>>>>>>
2022-10-06 07:24:57,209 : INFO : SwitchController : <<<<<<< 's_trough_2' active >>>>>>>
2022-10-06 07:24:57,659 : INFO : SwitchController : <<<<<<< 's_start' active >>>>>>>
2022-10-06 07:24:57,706 : INFO : EventManager : Event: ======'balldevice_bd_trough_ball_count_changed'====== Args={'balls': 3}
2022-10-06 07:24:57,706 : INFO : ball_device.bd_trough : Received unexpected ball
2022-10-06 07:24:57,706 : INFO : EventManager : Event: ======'balldevice_captured_from_playfield'====== Args={'balls': 1}
2022-10-06 07:24:57,707 : INFO : EventManager : Event: ======'sw_playfield_active'====== Args={'balls': 1}
2022-10-06 07:24:57,707 : INFO : EventManager : Event: ======'playfield_active'====== Args={}
2022-10-06 07:24:57,707 : INFO : EventManager : Event: ======'unexpected_ball_on_playfield'====== Args={}
2022-10-06 07:24:57,707 : INFO : EventManager : Event: ======'playfield_ball_count_change'====== Args={'balls': -1, 'change': -1}
2022-10-06 07:24:57,707 : INFO : EventManager : Event: ======'balldevice_playfield_ball_enter'====== Args={'new_balls': 1, 'unclaimed_balls': 1, 'device': <playfield.playfield>}
2022-10-06 07:24:57,707 : INFO : EventManager : Event: ======'playfield_ball_count_change'====== Args={'balls': 0, 'change': 1}
2022-10-06 07:24:57,707 : INFO : BallController : Found a new ball which was captured from playfield. Known balls: 3
2022-10-06 07:24:57,707 : INFO : EventManager : Event: ======'found_new_ball'====== Args={}
2022-10-06 07:24:57,707 : INFO : EventManager : Event: ======'balldevice_bd_trough_ball_enter'====== Args={'new_balls': 1, 'unclaimed_balls': 1, 'new_available_balls': 1, 'device': <ball_device.bd_trough>}
2022-10-06 07:24:57,708 : INFO : EventManager : Event: ======'ball_drain'====== Args={'device': <ball_device.bd_trough>, 'balls': 1}
2022-10-06 07:24:57,708 : INFO : EventManager : Event: ======'balldevice_balls_available'====== Args={}
2022-10-06 07:24:57,708 : INFO : EventManager : Event: ======'balldevice_bd_trough_ball_entered'====== Args={'new_balls': 1, 'device': <ball_device.bd_trough>}
2022-10-06 07:24:57,848 : INFO : SwitchController : <<<<<<< 's_start' inactive >>>>>>>
2022-10-06 07:24:57,848 : INFO : EventManager : Event: ======'request_to_start_game'====== Args={}
2022-10-06 07:24:57,848 : INFO : EventManager : Event: ======'game_start'====== Args={'buttons': [], 'hold_time': 0.18699999999989814}
2022-10-06 07:24:57,848 : INFO : EventManager : Event: ======'mode_game_will_start'====== Args={'buttons': [], 'hold_time': 0.18699999999989814}
2022-10-06 07:24:57,849 : INFO : EventManager : Event: ======'mode_game_starting'====== Args={'buttons': [], 'hold_time': 0.18699999999989814}
2022-10-06 07:24:57,849 : INFO : EventManager : Event: ======'mode_attract_will_stop'====== Args={}
2022-10-06 07:24:57,849 : INFO : EventManager : Event: ======'mode_attract_stopping'====== Args={}
2022-10-06 07:24:57,849 : INFO : Mode.attract : Stopped.
2022-10-06 07:24:57,849 : INFO : EventManager : Event: ======'modes_active_modes_changed'====== Args={}
2022-10-06 07:24:57,849 : INFO : EventManager : Event: ======'mode_attract_stopped'====== Args={}
2022-10-06 07:24:57,849 : INFO : EventManager : Event: ======'clear'====== Args={'key': 'attract'}
2022-10-06 07:24:57,849 : INFO : Mode.game : Started. Priority: 20
2022-10-06 07:24:57,850 : INFO : EventManager : Event: ======'modes_active_modes_changed'====== Args={}
2022-10-06 07:24:57,850 : INFO : EventManager : Event: ======'mode_game_started'====== Args={'buttons': [], 'hold_time': 0.18699999999989814}
2022-10-06 07:24:57,854 : INFO : EventManager : Event: ======'game_will_start'====== Args={}
2022-10-06 07:24:57,854 : INFO : EventManager : Event: ======'game_starting'====== Args={'game': <Mode.game>}
2022-10-06 07:24:57,855 : INFO : EventManager : Event: ======'player_add_request'====== Args={}
2022-10-06 07:24:57,855 : INFO : EventManager : Event: ======'player_will_add'====== Args={'number': 1}
2022-10-06 07:24:57,855 : INFO : EventManager : Event: ======'player_adding'====== Args={'player': <Player 1>, 'number': 1}
2022-10-06 07:24:57,855 : INFO : EventManager : Event: ======'player_added'====== Args={'player': <Player 1>, 'num': 1}
2022-10-06 07:24:57,855 : INFO : Mode.game : Player added successfully. Total players: 1
2022-10-06 07:24:57,855 : INFO : EventManager : Event: ======'player_index'====== Args={'value': 0, 'prev_value': 0, 'change': 0, 'player_num': 1}
2022-10-06 07:24:57,855 : INFO : EventManager : Event: ======'player_number'====== Args={'value': 1, 'prev_value': 1, 'change': 0, 'player_num': 1}
2022-10-06 07:24:57,856 : INFO : EventManager : Event: ======'player_score'====== Args={'value': 0, 'prev_value': 0, 'change': 0, 'player_num': 1}
2022-10-06 07:24:57,856 : INFO : EventManager : Event: ======'game_started'====== Args={}
2022-10-06 07:24:57,867 : INFO : EventManager : Event: ======'player_turn_will_start'====== Args={'player': <Player 1>, 'number': 1}
2022-10-06 07:24:57,868 : INFO : EventManager : Event: ======'player_turn_starting'====== Args={'player': <Player 1>, 'number': 1}
2022-10-06 07:24:57,868 : INFO : EventManager : Event: ======'player_ball'====== Args={'value': 1, 'prev_value': 0, 'change': 1, 'player_num': 1}
2022-10-06 07:24:57,868 : INFO : EventManager : Event: ======'player_turn_started'====== Args={'player': <Player 1>, 'number': 1}
2022-10-06 07:24:57,869 : INFO : EventManager : Event: ======'ball_will_start'====== Args={'player': 1, 'ball': 1, 'balls_remaining': 2, 'is_extra_ball': False}
2022-10-06 07:24:57,872 : INFO : EventManager : Event: ======'ball_starting'====== Args={'player': 1, 'ball': 1, 'balls_remaining': 2, 'is_extra_ball': False}
2022-10-06 07:24:57,872 : INFO : EventManager : Event: ======'mode_base_will_start'====== Args={'queue': <QueuedEvent>, 'player': 1, 'ball': 1, 'balls_remaining': 2, 'is_extra_ball': False}
2022-10-06 07:24:57,872 : INFO : EventManager : Event: ======'mode_base_starting'====== Args={'queue': <QueuedEvent>, 'player': 1, 'ball': 1, 'balls_remaining': 2, 'is_extra_ball': False}
2022-10-06 07:24:57,872 : INFO : drop_target_bank.mid : All targets are already up. Will not reset bank.
2022-10-06 07:24:57,872 : INFO : drop_target_bank.right : All targets are already up. Will not reset bank.
2022-10-06 07:24:57,873 : INFO : Mode.base : Started. Priority: 100
2022-10-06 07:24:57,873 : INFO : EventManager : Event: ======'modes_active_modes_changed'====== Args={}
2022-10-06 07:24:57,873 : INFO : EventManager : Event: ======'mode_base_started'====== Args={'queue': <QueuedEvent>, 'player': 1, 'ball': 1, 'balls_remaining': 2, 'is_extra_ball': False}
2022-10-06 07:24:57,873 : INFO : EventManager : Event: ======'balls_in_play'====== Args={'balls': 1}
2022-10-06 07:24:57,873 : INFO : EventManager : Event: ======'ball_started'====== Args={'player': 1, 'ball': 1, 'balls_remaining': 2, 'is_extra_ball': False}
2022-10-06 07:24:57,890 : INFO : EventManager : Event: ======'single_player_ball_started'====== Args={}
2022-10-06 07:24:57,891 : INFO : EventManager : Event: ======'ball_start_target'====== Args={'target': 'playfield'}
2022-10-06 07:24:57,891 : INFO : ball_device.bd_plunger : Setting up player-controlled eject. Balls: 1, Target: <playfield.playfield>, player_controlled_eject_event: s_launch_active
2022-10-06 07:24:57,891 : INFO : EventManager : Event: ======'balldevice_balls_available'====== Args={}
2022-10-06 07:24:57,892 : INFO : ball_device.bd_trough : State: waiting_for_target_ready
2022-10-06 07:24:57,892 : INFO : EventManager : Event: ======'balldevice_bd_trough_ball_eject_attempt'====== Args={'balls': 1, 'target': <ball_device.bd_plunger>, 'source': <ball_device.bd_trough>, 'mechanical_eject': True, 'num_attempts': 0}
2022-10-06 07:24:57,892 : INFO : ball_device.bd_plunger : State: waiting_for_ball
2022-10-06 07:24:57,892 : INFO : ball_device.bd_top_vuk : State: waiting_for_ball
2022-10-06 07:24:57,893 : INFO : ball_device.bd_trough : State: ejecting
2022-10-06 07:24:57,893 : INFO : ball_device.bd_trough : Ejecting ball to <ball_device.bd_plunger>
2022-10-06 07:24:57,893 : INFO : EventManager : Event: ======'balldevice_bd_trough_ejecting_ball'====== Args={'balls': 1, 'target': <ball_device.bd_plunger>, 'source': <ball_device.bd_trough>, 'mechanical_eject': True, 'num_attempts': 0}
2022-10-06 07:24:57,893 : INFO : ball_device.bd_trough : Wait for ball to leave device
2022-10-06 07:24:57,894 : INFO : coil.c_trough : Pulsing Driver for 25ms (0.8 pulse_power)
2022-10-06 07:24:58,151 : INFO : SwitchController : <<<<<<< 's_trough_2' inactive >>>>>>>
2022-10-06 07:24:58,155 : INFO : ball_device.bd_trough : State: ball_left
2022-10-06 07:24:58,155 : INFO : ball_device.bd_trough : Ball left
2022-10-06 07:24:58,155 : INFO : ball_device.bd_trough : Wait for confirm with timeout 10.0
2022-10-06 07:24:59,114 : INFO : SwitchController : <<<<<<< 's_left_flipper' active >>>>>>>
2022-10-06 07:24:59,114 : INFO : EventManager : Event: ======'machine_var_audits_switches_s_left_flipper'====== Args={'value': 210, 'prev_value': 209, 'change': 1}
2022-10-06 07:24:59,134 : INFO : SwitchController : <<<<<<< 's_eos_left_top' active >>>>>>>
2022-10-06 07:24:59,134 : INFO : EventManager : Event: ======'machine_var_audits_switches_s_eos_left_top'====== Args={'value': 160, 'prev_value': 159, 'change': 1}
2022-10-06 07:24:59,330 : INFO : SwitchController : <<<<<<< 's_left_flipper' inactive >>>>>>>
2022-10-06 07:24:59,423 : INFO : SwitchController : <<<<<<< 's_eos_left_top' inactive >>>>>>>
2022-10-06 07:24:59,423 : INFO : SwitchController : <<<<<<< 's_right_flipper' active >>>>>>>
2022-10-06 07:24:59,423 : INFO : EventManager : Event: ======'machine_var_audits_switches_s_right_flipper'====== Args={'value': 273, 'prev_value': 272, 'change': 1}
2022-10-06 07:24:59,626 : INFO : SwitchController : <<<<<<< 's_right_flipper' inactive >>>>>>>
2022-10-06 07:25:00,202 : INFO : SwitchController : <<<<<<< 's_launch' active >>>>>>>
2022-10-06 07:25:00,202 : INFO : EventManager : Event: ======'machine_var_audits_switches_s_launch'====== Args={'value': 26, 'prev_value': 25, 'change': 1}
2022-10-06 07:25:00,298 : INFO : SwitchController : <<<<<<< 's_launch' inactive >>>>>>>
2022-10-06 07:25:00,452 : INFO : SwitchController : <<<<<<< 's_launch' active >>>>>>>
2022-10-06 07:25:00,452 : INFO : EventManager : Event: ======'machine_var_audits_switches_s_launch'====== Args={'value': 27, 'prev_value': 26, 'change': 1}
2022-10-06 07:25:00,578 : INFO : SwitchController : <<<<<<< 's_launch' inactive >>>>>>>
2022-10-06 07:25:03,992 : INFO : SwitchController : <<<<<<< 's_right_flipper' active >>>>>>>
2022-10-06 07:25:03,992 : INFO : EventManager : Event: ======'machine_var_audits_switches_s_right_flipper'====== Args={'value': 274, 'prev_value': 273, 'change': 1}
2022-10-06 07:25:04,491 : INFO : SwitchController : <<<<<<< 's_right_flipper' inactive >>>>>>>
2022-10-06 07:25:05,159 : INFO : SwitchController : <<<<<<< 's_left_flipper' active >>>>>>>
2022-10-06 07:25:05,159 : INFO : EventManager : Event: ======'machine_var_audits_switches_s_left_flipper'====== Args={'value': 211, 'prev_value': 210, 'change': 1}
2022-10-06 07:25:05,179 : INFO : SwitchController : <<<<<<< 's_eos_left_top' active >>>>>>>
2022-10-06 07:25:05,179 : INFO : EventManager : Event: ======'machine_var_audits_switches_s_eos_left_top'====== Args={'value': 161, 'prev_value': 160, 'change': 1}
2022-10-06 07:25:05,237 : INFO : SwitchController : <<<<<<< 's_drop_right_right' active >>>>>>>
2022-10-06 07:25:05,237 : INFO : EventManager : Event: ======'playfield_active'====== Args={}
2022-10-06 07:25:05,237 : INFO : EventManager : Event: ======'unexpected_ball_on_playfield'====== Args={}
2022-10-06 07:25:05,237 : INFO : EventManager : Event: ======'drop_target_right_right_down'====== Args={'device': <drop_target.right_right>}
2022-10-06 07:25:05,237 : INFO : EventManager : Event: ======'drop_target_bank_right_mixed'====== Args={'prev_value': <DropTargetBankState.UP: 'up'>, 'down': 1}
2022-10-06 07:25:05,237 : INFO : EventManager : Event: ======'machine_var_audits_switches_s_drop_right_right'====== Args={'value': 15, 'prev_value': 14, 'change': 1}
2022-10-06 07:25:05,299 : INFO : SwitchController : <<<<<<< 's_left_flipper' inactive >>>>>>>
2022-10-06 07:25:05,396 : INFO : SwitchController : <<<<<<< 's_eos_left_top' inactive >>>>>>>
2022-10-06 07:25:06,875 : INFO : SwitchController : <<<<<<< 's_left_flipper' active >>>>>>>
2022-10-06 07:25:06,875 : INFO : EventManager : Event: ======'machine_var_audits_switches_s_left_flipper'====== Args={'value': 212, 'prev_value': 211, 'change': 1}
2022-10-06 07:25:06,907 : INFO : SwitchController : <<<<<<< 's_eos_left_top' active >>>>>>>
2022-10-06 07:25:06,907 : INFO : EventManager : Event: ======'machine_var_audits_switches_s_eos_left_top'====== Args={'value': 162, 'prev_value': 161, 'change': 1}
2022-10-06 07:25:07,083 : INFO : SwitchController : <<<<<<< 's_left_flipper' inactive >>>>>>>
2022-10-06 07:25:07,177 : INFO : SwitchController : <<<<<<< 's_eos_left_top' inactive >>>>>>>
2022-10-06 07:25:08,141 : INFO : ball_device.bd_trough : State: failed_confirm
2022-10-06 07:25:08,141 : INFO : ball_device.bd_trough : Got timeout (10.0s) before confirm from <ball_device.bd_plunger>
2022-10-06 07:25:10,761 : INFO : SwitchController : <<<<<<< 's_left_flipper' active >>>>>>>
2022-10-06 07:25:10,761 : INFO : EventManager : Event: ======'machine_var_audits_switches_s_left_flipper'====== Args={'value': 213, 'prev_value': 212, 'change': 1}
2022-10-06 07:25:10,793 : INFO : SwitchController : <<<<<<< 's_eos_left_top' active >>>>>>>
2022-10-06 07:25:10,793 : INFO : EventManager : Event: ======'machine_var_audits_switches_s_eos_left_top'====== Args={'value': 163, 'prev_value': 162, 'change': 1}
2022-10-06 07:25:10,793 : INFO : SwitchController : <<<<<<< 's_left_flipper' inactive >>>>>>>
2022-10-06 07:25:10,810 : INFO : SwitchController : <<<<<<< 's_left_flipper' active >>>>>>>
2022-10-06 07:25:10,810 : INFO : EventManager : Event: ======'machine_var_audits_switches_s_left_flipper'====== Args={'value': 214, 'prev_value': 213, 'change': 1}
2022-10-06 07:25:10,979 : INFO : SwitchController : <<<<<<< 's_left_flipper' inactive >>>>>>>
2022-10-06 07:25:11,073 : INFO : SwitchController : <<<<<<< 's_eos_left_top' inactive >>>>>>>
2022-10-06 07:25:11,818 : INFO : SwitchController : <<<<<<< 's_left_flipper' active >>>>>>>
2022-10-06 07:25:11,818 : INFO : EventManager : Event: ======'machine_var_audits_switches_s_left_flipper'====== Args={'value': 215, 'prev_value': 214, 'change': 1}
2022-10-06 07:25:11,848 : INFO : SwitchController : <<<<<<< 's_eos_left_top' active >>>>>>>
2022-10-06 07:25:11,848 : INFO : EventManager : Event: ======'machine_var_audits_switches_s_eos_left_top'====== Args={'value': 164, 'prev_value': 163, 'change': 1}
2022-10-06 07:25:11,927 : INFO : SwitchController : <<<<<<< 's_left_flipper' inactive >>>>>>>
2022-10-06 07:25:12,036 : INFO : SwitchController : <<<<<<< 's_eos_left_top' inactive >>>>>>>
2022-10-06 07:25:12,036 : INFO : SwitchController : <<<<<<< 's_pop_right' active >>>>>>>
2022-10-06 07:25:12,036 : INFO : EventManager : Event: ======'playfield_active'====== Args={}
2022-10-06 07:25:12,036 : INFO : EventManager : Event: ======'unexpected_ball_on_playfield'====== Args={}
2022-10-06 07:25:12,036 : INFO : EventManager : Event: ======'machine_var_audits_switches_s_pop_right'====== Args={'value': 49, 'prev_value': 48, 'change': 1}
2022-10-06 07:25:12,057 : INFO : SwitchController : <<<<<<< 's_pop_right' inactive >>>>>>>
2022-10-06 07:25:12,208 : INFO : SwitchController : <<<<<<< 's_rollover_right' active >>>>>>>
2022-10-06 07:25:12,208 : INFO : EventManager : Event: ======'sw_playfield_active'====== Args={}
2022-10-06 07:25:12,208 : INFO : EventManager : Event: ======'machine_var_audits_switches_s_rollover_right'====== Args={'value': 8, 'prev_value': 7, 'change': 1}
2022-10-06 07:25:12,209 : INFO : EventManager : Event: ======'playfield_active'====== Args={}
2022-10-06 07:25:12,209 : INFO : EventManager : Event: ======'unexpected_ball_on_playfield'====== Args={}
2022-10-06 07:25:12,224 : INFO : SwitchController : <<<<<<< 's_rollover_right' inactive >>>>>>>
2022-10-06 07:25:12,567 : INFO : SwitchController : <<<<<<< 's_right_flipper' active >>>>>>>
2022-10-06 07:25:12,567 : INFO : EventManager : Event: ======'machine_var_audits_switches_s_right_flipper'====== Args={'value': 275, 'prev_value': 274, 'change': 1}
2022-10-06 07:25:12,753 : INFO : SwitchController : <<<<<<< 's_right_flipper' inactive >>>>>>>
2022-10-06 07:25:13,450 : INFO : SwitchController : <<<<<<< 's_right_flipper' active >>>>>>>
2022-10-06 07:25:13,451 : INFO : EventManager : Event: ======'machine_var_audits_switches_s_right_flipper'====== Args={'value': 276, 'prev_value': 275, 'change': 1}
2022-10-06 07:25:13,732 : INFO : SwitchController : <<<<<<< 's_right_flipper' inactive >>>>>>>
2022-10-06 07:25:15,586 : INFO : SwitchController : <<<<<<< 's_left_flipper' active >>>>>>>
2022-10-06 07:25:15,586 : INFO : EventManager : Event: ======'machine_var_audits_switches_s_left_flipper'====== Args={'value': 216, 'prev_value': 215, 'change': 1}
2022-10-06 07:25:15,605 : INFO : SwitchController : <<<<<<< 's_eos_left_top' active >>>>>>>
2022-10-06 07:25:15,606 : INFO : EventManager : Event: ======'machine_var_audits_switches_s_eos_left_top'====== Args={'value': 165, 'prev_value': 164, 'change': 1}
2022-10-06 07:25:15,678 : INFO : SwitchController : <<<<<<< 's_left_flipper' inactive >>>>>>>
2022-10-06 07:25:15,773 : INFO : SwitchController : <<<<<<< 's_eos_left_top' inactive >>>>>>>
2022-10-06 07:25:16,253 : INFO : SwitchController : <<<<<<< 's_left_flipper' active >>>>>>>
2022-10-06 07:25:16,253 : INFO : EventManager : Event: ======'machine_var_audits_switches_s_left_flipper'====== Args={'value': 217, 'prev_value': 216, 'change': 1}
2022-10-06 07:25:16,285 : INFO : SwitchController : <<<<<<< 's_eos_left_top' active >>>>>>>
2022-10-06 07:25:16,285 : INFO : EventManager : Event: ======'machine_var_audits_switches_s_eos_left_top'====== Args={'value': 166, 'prev_value': 165, 'change': 1}
2022-10-06 07:25:16,398 : INFO : SwitchController : <<<<<<< 's_left_flipper' inactive >>>>>>>
2022-10-06 07:25:16,516 : INFO : SwitchController : <<<<<<< 's_eos_left_top' inactive >>>>>>>
2022-10-06 07:25:17,447 : INFO : SwitchController : <<<<<<< 's_left_flipper' active >>>>>>>
2022-10-06 07:25:17,447 : INFO : EventManager : Event: ======'machine_var_audits_switches_s_left_flipper'====== Args={'value': 218, 'prev_value': 217, 'change': 1}
2022-10-06 07:25:17,466 : INFO : SwitchController : <<<<<<< 's_eos_left_top' active >>>>>>>
2022-10-06 07:25:17,466 : INFO : EventManager : Event: ======'machine_var_audits_switches_s_eos_left_top'====== Args={'value': 167, 'prev_value': 166, 'change': 1}
2022-10-06 07:25:17,617 : INFO : SwitchController : <<<<<<< 's_left_flipper' inactive >>>>>>>
2022-10-06 07:25:17,727 : INFO : SwitchController : <<<<<<< 's_eos_left_top' inactive >>>>>>>
2022-10-06 07:25:18,302 : INFO : SwitchController : <<<<<<< 's_sling_right' active >>>>>>>
2022-10-06 07:25:18,302 : INFO : EventManager : Event: ======'playfield_active'====== Args={}
2022-10-06 07:25:18,302 : INFO : EventManager : Event: ======'unexpected_ball_on_playfield'====== Args={}
2022-10-06 07:25:18,302 : INFO : EventManager : Event: ======'machine_var_audits_switches_s_sling_right'====== Args={'value': 11, 'prev_value': 10, 'change': 1}
2022-10-06 07:25:18,323 : INFO : SwitchController : <<<<<<< 's_sling_right' inactive >>>>>>>
2022-10-06 07:25:19,453 : INFO : SwitchController : <<<<<<< 's_right_flipper' active >>>>>>>
2022-10-06 07:25:19,453 : INFO : EventManager : Event: ======'machine_var_audits_switches_s_right_flipper'====== Args={'value': 277, 'prev_value': 276, 'change': 1}
2022-10-06 07:25:19,778 : INFO : SwitchController : <<<<<<< 's_right_flipper' inactive >>>>>>>
2022-10-06 07:25:19,824 : INFO : SwitchController : <<<<<<< 's_right_flipper' active >>>>>>>
2022-10-06 07:25:19,824 : INFO : EventManager : Event: ======'machine_var_audits_switches_s_right_flipper'====== Args={'value': 278, 'prev_value': 277, 'change': 1}
2022-10-06 07:25:19,843 : INFO : SwitchController : <<<<<<< 's_right_flipper' inactive >>>>>>>
2022-10-06 07:25:21,120 : INFO : SwitchController : <<<<<<< 's_left_flipper' active >>>>>>>
2022-10-06 07:25:21,120 : INFO : EventManager : Event: ======'machine_var_audits_switches_s_left_flipper'====== Args={'value': 219, 'prev_value': 218, 'change': 1}
2022-10-06 07:25:21,150 : INFO : SwitchController : <<<<<<< 's_eos_left_top' active >>>>>>>
2022-10-06 07:25:21,150 : INFO : EventManager : Event: ======'machine_var_audits_switches_s_eos_left_top'====== Args={'value': 168, 'prev_value': 167, 'change': 1}
2022-10-06 07:25:21,261 : INFO : SwitchController : <<<<<<< 's_left_flipper' inactive >>>>>>>
2022-10-06 07:25:21,356 : INFO : SwitchController : <<<<<<< 's_eos_left_top' inactive >>>>>>>
2022-10-06 07:25:23,249 : INFO : SwitchController : <<<<<<< 's_pop_lower' active >>>>>>>
2022-10-06 07:25:23,249 : INFO : EventManager : Event: ======'playfield_active'====== Args={}
2022-10-06 07:25:23,249 : INFO : EventManager : Event: ======'unexpected_ball_on_playfield'====== Args={}
2022-10-06 07:25:23,249 : INFO : EventManager : Event: ======'machine_var_audits_switches_s_pop_lower'====== Args={'value': 48, 'prev_value': 47, 'change': 1}
2022-10-06 07:25:23,259 : INFO : SwitchController : <<<<<<< 's_pop_lower' inactive >>>>>>>
2022-10-06 07:25:23,806 : INFO : SwitchController : <<<<<<< 's_right_flipper' active >>>>>>>
2022-10-06 07:25:23,806 : INFO : EventManager : Event: ======'machine_var_audits_switches_s_right_flipper'====== Args={'value': 279, 'prev_value': 278, 'change': 1}
2022-10-06 07:25:23,978 : INFO : SwitchController : <<<<<<< 's_right_flipper' inactive >>>>>>>
2022-10-06 07:25:28,155 : INFO : EventManager : Event: ======'balldevice_bd_trough_ball_eject_failed'====== Args={'target': <ball_device.bd_plunger>, 'balls': 1, 'retry': True, 'num_attempts': 0}
2022-10-06 07:25:28,156 : WARNING : ball_device.bd_trough : Path to <ball_device.bd_plunger> canceled. Assuming the ball jumped to <playfield.playfield>.
2022-10-06 07:25:28,156 : INFO : EventManager : Event: ======'balldevice_playfield_ball_enter'====== Args={'new_balls': 1, 'unclaimed_balls': 1, 'device': <playfield.playfield>}
2022-10-06 07:25:28,156 : INFO : EventManager : Event: ======'playfield_ball_count_change'====== Args={'balls': 1, 'change': 1}
2022-10-06 07:25:28,156 : INFO : ball_device.bd_trough : 1 ball(s) missing from device. Mechanical eject? False
2022-10-06 07:25:28,156 : INFO : EventManager : Event: ======'balldevice_bd_trough_ball_missing'====== Args={'balls': 1}
2022-10-06 07:25:28,156 : INFO : ball_device.bd_top_vuk : State: idle
2022-10-06 07:25:28,157 : INFO : ball_device.bd_plunger : State: idle
2022-10-06 07:25:28,157 : INFO : EventManager : Event: ======'balldevice_ball_missing'====== Args={'balls': 1, 'name': 'bd_trough'}
2022-10-06 07:25:28,157 : INFO : EventManager : Event: ======'balldevice_bd_trough_ball_count_changed'====== Args={'balls': 2}
2022-10-06 07:25:28,157 : INFO : ball_device.bd_trough : State: idle
2022-10-06 07:25:28,778 : INFO : SwitchController : <<<<<<< 's_right_flipper' active >>>>>>>
2022-10-06 07:25:28,778 : INFO : EventManager : Event: ======'machine_var_audits_switches_s_right_flipper'====== Args={'value': 280, 'prev_value': 279, 'change': 1}
2022-10-06 07:25:28,794 : INFO : SwitchController : <<<<<<< 's_right_flipper' inactive >>>>>>>
2022-10-06 07:25:28,794 : INFO : SwitchController : <<<<<<< 's_right_flipper' active >>>>>>>
2022-10-06 07:25:28,794 : INFO : EventManager : Event: ======'machine_var_audits_switches_s_right_flipper'====== Args={'value': 281, 'prev_value': 280, 'change': 1}
2022-10-06 07:25:28,857 : INFO : SwitchController : <<<<<<< 's_right_flipper' inactive >>>>>>>
2022-10-06 07:25:30,507 : INFO : SwitchController : <<<<<<< 's_right_flipper' active >>>>>>>
2022-10-06 07:25:30,507 : INFO : EventManager : Event: ======'machine_var_audits_switches_s_right_flipper'====== Args={'value': 282, 'prev_value': 281, 'change': 1}
2022-10-06 07:25:30,710 : INFO : SwitchController : <<<<<<< 's_right_flipper' inactive >>>>>>>
2022-10-06 07:25:30,881 : INFO : SwitchController : <<<<<<< 's_right_flipper' active >>>>>>>
2022-10-06 07:25:30,881 : INFO : EventManager : Event: ======'machine_var_audits_switches_s_right_flipper'====== Args={'value': 283, 'prev_value': 282, 'change': 1}
2022-10-06 07:25:31,114 : INFO : SwitchController : <<<<<<< 's_right_flipper' inactive >>>>>>>
2022-10-06 07:25:32,900 : INFO : SwitchController : <<<<<<< 's_right_flipper' active >>>>>>>
2022-10-06 07:25:32,900 : INFO : EventManager : Event: ======'machine_var_audits_switches_s_right_flipper'====== Args={'value': 284, 'prev_value': 283, 'change': 1}
2022-10-06 07:25:33,008 : INFO : SwitchController : <<<<<<< 's_pop_lower' active >>>>>>>
2022-10-06 07:25:33,008 : INFO : EventManager : Event: ======'machine_var_audits_switches_s_pop_lower'====== Args={'value': 49, 'prev_value': 48, 'change': 1}
2022-10-06 07:25:33,029 : INFO : SwitchController : <<<<<<< 's_pop_lower' inactive >>>>>>>
2022-10-06 07:25:33,212 : INFO : SwitchController : <<<<<<< 's_right_flipper' inactive >>>>>>>
2022-10-06 07:25:35,078 : INFO : SwitchController : <<<<<<< 's_right_flipper' active >>>>>>>
2022-10-06 07:25:35,078 : INFO : EventManager : Event: ======'machine_var_audits_switches_s_right_flipper'====== Args={'value': 285, 'prev_value': 284, 'change': 1}
2022-10-06 07:25:35,219 : INFO : SwitchController : <<<<<<< 's_right_flipper' inactive >>>>>>>
2022-10-06 07:25:35,887 : INFO : SwitchController : <<<<<<< 's_sling_right' active >>>>>>>
2022-10-06 07:25:35,887 : INFO : EventManager : Event: ======'machine_var_audits_switches_s_sling_right'====== Args={'value': 12, 'prev_value': 11, 'change': 1}
2022-10-06 07:25:35,906 : INFO : SwitchController : <<<<<<< 's_sling_right' inactive >>>>>>>
2022-10-06 07:25:40,044 : INFO : SwitchController : <<<<<<< 's_right_flipper' active >>>>>>>
2022-10-06 07:25:40,044 : INFO : EventManager : Event: ======'machine_var_audits_switches_s_right_flipper'====== Args={'value': 286, 'prev_value': 285, 'change': 1}
2022-10-06 07:25:40,513 : INFO : SwitchController : <<<<<<< 's_right_flipper' inactive >>>>>>>
2022-10-06 07:25:40,513 : INFO : SwitchController : <<<<<<< 's_right_flipper' active >>>>>>>
2022-10-06 07:25:40,513 : INFO : EventManager : Event: ======'machine_var_audits_switches_s_right_flipper'====== Args={'value': 287, 'prev_value': 286, 'change': 1}
2022-10-06 07:25:40,532 : INFO : SwitchController : <<<<<<< 's_right_flipper' inactive >>>>>>>
2022-10-06 07:25:41,607 : INFO : SwitchController : <<<<<<< 's_pop_lower' active >>>>>>>
2022-10-06 07:25:41,607 : INFO : EventManager : Event: ======'machine_var_audits_switches_s_pop_lower'====== Args={'value': 50, 'prev_value': 49, 'change': 1}
2022-10-06 07:25:41,638 : INFO : SwitchController : <<<<<<< 's_pop_lower' inactive >>>>>>>
2022-10-06 07:25:42,288 : INFO : SwitchController : <<<<<<< 's_right_flipper' active >>>>>>>
2022-10-06 07:25:42,288 : INFO : EventManager : Event: ======'machine_var_audits_switches_s_right_flipper'====== Args={'value': 288, 'prev_value': 287, 'change': 1}
2022-10-06 07:25:42,462 : INFO : SwitchController : <<<<<<< 's_right_flipper' inactive >>>>>>>
2022-10-06 07:25:43,226 : INFO : SwitchController : <<<<<<< 's_right_flipper' active >>>>>>>
2022-10-06 07:25:43,226 : INFO : EventManager : Event: ======'machine_var_audits_switches_s_right_flipper'====== Args={'value': 289, 'prev_value': 288, 'change': 1}
2022-10-06 07:25:43,490 : INFO : SwitchController : <<<<<<< 's_pop_left' active >>>>>>>
2022-10-06 07:25:43,490 : INFO : EventManager : Event: ======'machine_var_audits_switches_s_pop_left'====== Args={'value': 30, 'prev_value': 29, 'change': 1}
2022-10-06 07:25:43,510 : INFO : SwitchController : <<<<<<< 's_pop_left' inactive >>>>>>>
2022-10-06 07:25:43,568 : INFO : SwitchController : <<<<<<< 's_right_flipper' inactive >>>>>>>
2022-10-06 07:25:43,568 : INFO : SwitchController : <<<<<<< 's_right_flipper' active >>>>>>>
2022-10-06 07:25:43,568 : INFO : EventManager : Event: ======'machine_var_audits_switches_s_right_flipper'====== Args={'value': 290, 'prev_value': 289, 'change': 1}
2022-10-06 07:25:43,569 : INFO : SwitchController : <<<<<<< 's_right_flipper' inactive >>>>>>>
2022-10-06 07:25:43,833 : INFO : SwitchController : <<<<<<< 's_right_flipper' active >>>>>>>
2022-10-06 07:25:43,833 : INFO : EventManager : Event: ======'machine_var_audits_switches_s_right_flipper'====== Args={'value': 291, 'prev_value': 290, 'change': 1}
2022-10-06 07:25:44,064 : INFO : SwitchController : <<<<<<< 's_right_flipper' inactive >>>>>>>
2022-10-06 07:25:44,969 : INFO : SwitchController : <<<<<<< 's_pop_lower' active >>>>>>>
2022-10-06 07:25:44,969 : INFO : EventManager : Event: ======'machine_var_audits_switches_s_pop_lower'====== Args={'value': 51, 'prev_value': 50, 'change': 1}
2022-10-06 07:25:44,985 : INFO : SwitchController : <<<<<<< 's_pop_lower' inactive >>>>>>>
2022-10-06 07:25:45,249 : INFO : SwitchController : <<<<<<< 's_sling_right' active >>>>>>>
2022-10-06 07:25:45,250 : INFO : EventManager : Event: ======'machine_var_audits_switches_s_sling_right'====== Args={'value': 13, 'prev_value': 12, 'change': 1}
2022-10-06 07:25:45,269 : INFO : SwitchController : <<<<<<< 's_sling_right' inactive >>>>>>>
2022-10-06 07:25:45,936 : INFO : SwitchController : <<<<<<< 's_left_flipper' active >>>>>>>
2022-10-06 07:25:45,936 : INFO : EventManager : Event: ======'machine_var_audits_switches_s_left_flipper'====== Args={'value': 220, 'prev_value': 219, 'change': 1}
2022-10-06 07:25:45,956 : INFO : SwitchController : <<<<<<< 's_eos_left_top' active >>>>>>>
2022-10-06 07:25:45,956 : INFO : EventManager : Event: ======'machine_var_audits_switches_s_eos_left_top'====== Args={'value': 169, 'prev_value': 168, 'change': 1}
2022-10-06 07:25:46,092 : INFO : SwitchController : <<<<<<< 's_left_flipper' inactive >>>>>>>
2022-10-06 07:25:46,138 : INFO : SwitchController : <<<<<<< 's_pop_right' active >>>>>>>
2022-10-06 07:25:46,138 : INFO : EventManager : Event: ======'machine_var_audits_switches_s_pop_right'====== Args={'value': 50, 'prev_value': 49, 'change': 1}
2022-10-06 07:25:46,158 : INFO : SwitchController : <<<<<<< 's_pop_right' inactive >>>>>>>
2022-10-06 07:25:46,186 : INFO : SwitchController : <<<<<<< 's_eos_left_top' inactive >>>>>>>
2022-10-06 07:25:46,516 : INFO : SwitchController : <<<<<<< 's_left_flipper' active >>>>>>>
2022-10-06 07:25:46,516 : INFO : EventManager : Event: ======'machine_var_audits_switches_s_left_flipper'====== Args={'value': 221, 'prev_value': 220, 'change': 1}
2022-10-06 07:25:46,548 : INFO : SwitchController : <<<<<<< 's_right_flipper' active >>>>>>>
2022-10-06 07:25:46,548 : INFO : EventManager : Event: ======'flipper_cancel'====== Args={'triggering_group': 2, 'triggering_switch': 's_right_flipper'}
2022-10-06 07:25:46,548 : INFO : EventManager : Event: ======'machine_var_audits_switches_s_right_flipper'====== Args={'value': 292, 'prev_value': 291, 'change': 1}
2022-10-06 07:25:46,552 : INFO : SwitchController : <<<<<<< 's_eos_left_top' active >>>>>>>
2022-10-06 07:25:46,552 : INFO : EventManager : Event: ======'machine_var_audits_switches_s_eos_left_top'====== Args={'value': 170, 'prev_value': 169, 'change': 1}
2022-10-06 07:25:46,579 : INFO : SwitchController : <<<<<<< 's_left_flipper' inactive >>>>>>>
2022-10-06 07:25:46,579 : INFO : EventManager : Event: ======'both_flippers_one'====== Args={'triggering_group': 1, 'triggering_switch': 's_left_flipper'}
2022-10-06 07:25:46,674 : INFO : SwitchController : <<<<<<< 's_eos_left_top' inactive >>>>>>>
2022-10-06 07:25:46,721 : INFO : SwitchController : <<<<<<< 's_right_flipper' inactive >>>>>>>
2022-10-06 07:25:46,721 : INFO : EventManager : Event: ======'both_flippers_inactive'====== Args={'triggering_group': 2, 'triggering_switch': 's_right_flipper'}
2022-10-06 07:25:46,817 : INFO : SwitchController : <<<<<<< 's_pop_lower' active >>>>>>>
2022-10-06 07:25:46,817 : INFO : EventManager : Event: ======'machine_var_audits_switches_s_pop_lower'====== Args={'value': 52, 'prev_value': 51, 'change': 1}
2022-10-06 07:25:46,837 : INFO : SwitchController : <<<<<<< 's_pop_lower' inactive >>>>>>>
2022-10-06 07:25:47,884 : INFO : SwitchController : <<<<<<< 's_left_flipper' active >>>>>>>
2022-10-06 07:25:47,884 : INFO : EventManager : Event: ======'machine_var_audits_switches_s_left_flipper'====== Args={'value': 222, 'prev_value': 221, 'change': 1}
2022-10-06 07:25:47,905 : INFO : SwitchController : <<<<<<< 's_eos_left_top' active >>>>>>>
2022-10-06 07:25:47,905 : INFO : EventManager : Event: ======'machine_var_audits_switches_s_eos_left_top'====== Args={'value': 171, 'prev_value': 170, 'change': 1}
2022-10-06 07:25:48,010 : INFO : SwitchController : <<<<<<< 's_left_flipper' inactive >>>>>>>
2022-10-06 07:25:48,105 : INFO : SwitchController : <<<<<<< 's_eos_left_top' inactive >>>>>>>
2022-10-06 07:25:48,157 : INFO : SwitchController : <<<<<<< 's_pop_right' active >>>>>>>
2022-10-06 07:25:48,157 : INFO : EventManager : Event: ======'machine_var_audits_switches_s_pop_right'====== Args={'value': 51, 'prev_value': 50, 'change': 1}
2022-10-06 07:25:48,157 : INFO : SwitchController : <<<<<<< 's_pop_right' inactive >>>>>>>
2022-10-06 07:25:48,338 : INFO : SwitchController : <<<<<<< 's_rollover_left' active >>>>>>>
2022-10-06 07:25:48,338 : INFO : EventManager : Event: ======'sw_playfield_active'====== Args={}
2022-10-06 07:25:48,338 : INFO : EventManager : Event: ======'machine_var_audits_switches_s_rollover_left'====== Args={'value': 7, 'prev_value': 6, 'change': 1}
2022-10-06 07:25:48,369 : INFO : SwitchController : <<<<<<< 's_rollover_left' inactive >>>>>>>
2022-10-06 07:25:49,087 : INFO : SwitchController : <<<<<<< 's_left_flipper' active >>>>>>>
2022-10-06 07:25:49,087 : INFO : EventManager : Event: ======'machine_var_audits_switches_s_left_flipper'====== Args={'value': 223, 'prev_value': 222, 'change': 1}
2022-10-06 07:25:49,118 : INFO : SwitchController : <<<<<<< 's_eos_left_top' active >>>>>>>
2022-10-06 07:25:49,118 : INFO : EventManager : Event: ======'machine_var_audits_switches_s_eos_left_top'====== Args={'value': 172, 'prev_value': 171, 'change': 1}
2022-10-06 07:25:49,351 : INFO : SwitchController : <<<<<<< 's_left_flipper' inactive >>>>>>>
2022-10-06 07:25:49,445 : INFO : SwitchController : <<<<<<< 's_eos_left_top' inactive >>>>>>>
2022-10-06 07:25:50,223 : INFO : SwitchController : <<<<<<< 's_left_flipper' active >>>>>>>
2022-10-06 07:25:50,223 : INFO : EventManager : Event: ======'machine_var_audits_switches_s_left_flipper'====== Args={'value': 224, 'prev_value': 223, 'change': 1}
2022-10-06 07:25:50,255 : INFO : SwitchController : <<<<<<< 's_eos_left_top' active >>>>>>>
2022-10-06 07:25:50,255 : INFO : EventManager : Event: ======'machine_var_audits_switches_s_eos_left_top'====== Args={'value': 173, 'prev_value': 172, 'change': 1}
2022-10-06 07:25:50,364 : INFO : SwitchController : <<<<<<< 's_left_flipper' inactive >>>>>>>
2022-10-06 07:25:50,427 : INFO : SwitchController : <<<<<<< 's_pop_right' active >>>>>>>
2022-10-06 07:25:50,427 : INFO : EventManager : Event: ======'machine_var_audits_switches_s_pop_right'====== Args={'value': 52, 'prev_value': 51, 'change': 1}
2022-10-06 07:25:50,447 : INFO : SwitchController : <<<<<<< 's_pop_right' inactive >>>>>>>
2022-10-06 07:25:50,462 : INFO : SwitchController : <<<<<<< 's_eos_left_top' inactive >>>>>>>
2022-10-06 07:25:50,788 : INFO : SwitchController : <<<<<<< 's_left_flipper' active >>>>>>>
2022-10-06 07:25:50,788 : INFO : EventManager : Event: ======'machine_var_audits_switches_s_left_flipper'====== Args={'value': 225, 'prev_value': 224, 'change': 1}
2022-10-06 07:25:50,835 : INFO : SwitchController : <<<<<<< 's_eos_left_top' active >>>>>>>
2022-10-06 07:25:50,835 : INFO : EventManager : Event: ======'machine_var_audits_switches_s_eos_left_top'====== Args={'value': 174, 'prev_value': 173, 'change': 1}
2022-10-06 07:25:50,855 : INFO : SwitchController : <<<<<<< 's_pop_lower' active >>>>>>>
2022-10-06 07:25:50,855 : INFO : EventManager : Event: ======'machine_var_audits_switches_s_pop_lower'====== Args={'value': 53, 'prev_value': 52, 'change': 1}
2022-10-06 07:25:50,855 : INFO : SwitchController : <<<<<<< 's_pop_lower' inactive >>>>>>>
2022-10-06 07:25:50,882 : INFO : SwitchController : <<<<<<< 's_pop_lower' active >>>>>>>
2022-10-06 07:25:50,882 : INFO : EventManager : Event: ======'machine_var_audits_switches_s_pop_lower'====== Args={'value': 54, 'prev_value': 53, 'change': 1}
2022-10-06 07:25:50,882 : INFO : SwitchController : <<<<<<< 's_pop_lower' inactive >>>>>>>
2022-10-06 07:25:50,945 : INFO : SwitchController : <<<<<<< 's_left_flipper' inactive >>>>>>>
2022-10-06 07:25:51,039 : INFO : SwitchController : <<<<<<< 's_eos_left_top' inactive >>>>>>>
2022-10-06 07:25:52,191 : INFO : SwitchController : <<<<<<< 's_left_flipper' active >>>>>>>
2022-10-06 07:25:52,191 : INFO : EventManager : Event: ======'machine_var_audits_switches_s_left_flipper'====== Args={'value': 226, 'prev_value': 225, 'change': 1}
2022-10-06 07:25:52,221 : INFO : SwitchController : <<<<<<< 's_eos_left_top' active >>>>>>>
2022-10-06 07:25:52,221 : INFO : EventManager : Event: ======'machine_var_audits_switches_s_eos_left_top'====== Args={'value': 175, 'prev_value': 174, 'change': 1}
2022-10-06 07:25:52,300 : INFO : SwitchController : <<<<<<< 's_left_flipper' inactive >>>>>>>
2022-10-06 07:25:52,396 : INFO : SwitchController : <<<<<<< 's_eos_left_top' inactive >>>>>>>
2022-10-06 07:25:52,981 : INFO : SwitchController : <<<<<<< 's_right_flipper' active >>>>>>>
2022-10-06 07:25:52,981 : INFO : EventManager : Event: ======'machine_var_audits_switches_s_right_flipper'====== Args={'value': 293, 'prev_value': 292, 'change': 1}
2022-10-06 07:25:54,114 : INFO : SwitchController : <<<<<<< 's_right_flipper' inactive >>>>>>>
2022-10-06 07:25:54,397 : INFO : SwitchController : <<<<<<< 's_right_flipper' active >>>>>>>
2022-10-06 07:25:54,397 : INFO : EventManager : Event: ======'machine_var_audits_switches_s_right_flipper'====== Args={'value': 294, 'prev_value': 293, 'change': 1}
2022-10-06 07:25:54,595 : INFO : SwitchController : <<<<<<< 's_right_flipper' inactive >>>>>>>
2022-10-06 07:25:54,627 : INFO : SwitchController : <<<<<<< 's_drop_mid_mid' active >>>>>>>
2022-10-06 07:25:54,627 : INFO : EventManager : Event: ======'drop_target_mid_mid_down'====== Args={'device': <drop_target.mid_mid>}
2022-10-06 07:25:54,627 : INFO : EventManager : Event: ======'drop_target_bank_mid_mixed'====== Args={'prev_value': <DropTargetBankState.UP: 'up'>, 'down': 1}
2022-10-06 07:25:54,627 : INFO : EventManager : Event: ======'machine_var_audits_switches_s_drop_mid_mid'====== Args={'value': 51, 'prev_value': 50, 'change': 1}
2022-10-06 07:25:54,628 : INFO : SwitchController : <<<<<<< 's_drop_mid_left' active >>>>>>>
2022-10-06 07:25:54,628 : INFO : EventManager : Event: ======'drop_target_mid_left_down'====== Args={'device': <drop_target.mid_left>}
2022-10-06 07:25:54,628 : INFO : EventManager : Event: ======'drop_target_bank_mid_mixed'====== Args={'prev_value': <DropTargetBankState.MIXED: 'mixed'>, 'down': 2}
2022-10-06 07:25:54,628 : INFO : EventManager : Event: ======'machine_var_audits_switches_s_drop_mid_left'====== Args={'value': 49, 'prev_value': 48, 'change': 1}
2022-10-06 07:25:54,674 : INFO : SwitchController : <<<<<<< 's_drop_mid_mid' inactive >>>>>>>
2022-10-06 07:25:54,674 : INFO : EventManager : Event: ======'drop_target_mid_mid_up'====== Args={'device': <drop_target.mid_mid>}
2022-10-06 07:25:54,674 : INFO : EventManager : Event: ======'drop_target_bank_mid_mixed'====== Args={'prev_value': <DropTargetBankState.MIXED: 'mixed'>, 'down': 1}
2022-10-06 07:25:54,693 : INFO : SwitchController : <<<<<<< 's_drop_mid_mid' active >>>>>>>
2022-10-06 07:25:54,693 : INFO : EventManager : Event: ======'drop_target_mid_mid_down'====== Args={'device': <drop_target.mid_mid>}
2022-10-06 07:25:54,693 : INFO : EventManager : Event: ======'drop_target_bank_mid_mixed'====== Args={'prev_value': <DropTargetBankState.MIXED: 'mixed'>, 'down': 2}
2022-10-06 07:25:54,693 : INFO : EventManager : Event: ======'machine_var_audits_switches_s_drop_mid_mid'====== Args={'value': 52, 'prev_value': 51, 'change': 1}
2022-10-06 07:25:54,863 : INFO : SwitchController : <<<<<<< 's_sling_right' active >>>>>>>
2022-10-06 07:25:54,863 : INFO : EventManager : Event: ======'machine_var_audits_switches_s_sling_right'====== Args={'value': 14, 'prev_value': 13, 'change': 1}
2022-10-06 07:25:54,882 : INFO : SwitchController : <<<<<<< 's_sling_right' inactive >>>>>>>
2022-10-06 07:25:55,888 : INFO : SwitchController : <<<<<<< 's_left_flipper' active >>>>>>>
2022-10-06 07:25:55,888 : INFO : EventManager : Event: ======'machine_var_audits_switches_s_left_flipper'====== Args={'value': 227, 'prev_value': 226, 'change': 1}
2022-10-06 07:25:55,907 : INFO : SwitchController : <<<<<<< 's_eos_left_top' active >>>>>>>
2022-10-06 07:25:55,907 : INFO : EventManager : Event: ======'machine_var_audits_switches_s_eos_left_top'====== Args={'value': 176, 'prev_value': 175, 'change': 1}
2022-10-06 07:25:55,981 : INFO : SwitchController : <<<<<<< 's_left_flipper' inactive >>>>>>>
2022-10-06 07:25:56,074 : INFO : SwitchController : <<<<<<< 's_eos_left_top' inactive >>>>>>>
2022-10-06 07:25:57,268 : INFO : SwitchController : <<<<<<< 's_left_flipper' active >>>>>>>
2022-10-06 07:25:57,268 : INFO : EventManager : Event: ======'machine_var_audits_switches_s_left_flipper'====== Args={'value': 228, 'prev_value': 227, 'change': 1}
2022-10-06 07:25:57,316 : INFO : SwitchController : <<<<<<< 's_eos_left_top' active >>>>>>>
2022-10-06 07:25:57,316 : INFO : EventManager : Event: ======'machine_var_audits_switches_s_eos_left_top'====== Args={'value': 177, 'prev_value': 176, 'change': 1}
2022-10-06 07:25:57,363 : INFO : SwitchController : <<<<<<< 's_left_flipper' inactive >>>>>>>
2022-10-06 07:25:57,456 : INFO : SwitchController : <<<<<<< 's_eos_left_top' inactive >>>>>>>
2022-10-06 07:25:57,487 : INFO : SwitchController : <<<<<<< 's_sling_right' active >>>>>>>
2022-10-06 07:25:57,487 : INFO : EventManager : Event: ======'machine_var_audits_switches_s_sling_right'====== Args={'value': 15, 'prev_value': 14, 'change': 1}
2022-10-06 07:25:57,488 : INFO : SwitchController : <<<<<<< 's_sling_right' inactive >>>>>>>
2022-10-06 07:25:57,905 : INFO : SwitchController : <<<<<<< 's_pop_right' active >>>>>>>
2022-10-06 07:25:57,905 : INFO : EventManager : Event: ======'machine_var_audits_switches_s_pop_right'====== Args={'value': 53, 'prev_value': 52, 'change': 1}
2022-10-06 07:25:57,925 : INFO : SwitchController : <<<<<<< 's_pop_right' inactive >>>>>>>
2022-10-06 07:25:57,925 : INFO : SwitchController : <<<<<<< 's_pop_right' active >>>>>>>
2022-10-06 07:25:57,925 : INFO : EventManager : Event: ======'machine_var_audits_switches_s_pop_right'====== Args={'value': 54, 'prev_value': 53, 'change': 1}
2022-10-06 07:25:57,925 : INFO : SwitchController : <<<<<<< 's_pop_right' inactive >>>>>>>
2022-10-06 07:25:58,231 : INFO : SwitchController : <<<<<<< 's_left_flipper' active >>>>>>>
2022-10-06 07:25:58,231 : INFO : EventManager : Event: ======'machine_var_audits_switches_s_left_flipper'====== Args={'value': 229, 'prev_value': 228, 'change': 1}
2022-10-06 07:25:58,262 : INFO : SwitchController : <<<<<<< 's_eos_left_top' active >>>>>>>
2022-10-06 07:25:58,262 : INFO : EventManager : Event: ======'machine_var_audits_switches_s_eos_left_top'====== Args={'value': 178, 'prev_value': 177, 'change': 1}
2022-10-06 07:25:58,387 : INFO : SwitchController : <<<<<<< 's_left_flipper' inactive >>>>>>>
2022-10-06 07:25:58,479 : INFO : SwitchController : <<<<<<< 's_eos_left_top' inactive >>>>>>>
2022-10-06 07:25:59,257 : INFO : SwitchController : <<<<<<< 's_right_flipper' active >>>>>>>
2022-10-06 07:25:59,257 : INFO : EventManager : Event: ======'machine_var_audits_switches_s_right_flipper'====== Args={'value': 295, 'prev_value': 294, 'change': 1}
2022-10-06 07:25:59,554 : INFO : SwitchController : <<<<<<< 's_right_flipper' inactive >>>>>>>
2022-10-06 07:25:59,554 : INFO : SwitchController : <<<<<<< 's_right_flipper' active >>>>>>>
2022-10-06 07:25:59,554 : INFO : EventManager : Event: ======'machine_var_audits_switches_s_right_flipper'====== Args={'value': 296, 'prev_value': 295, 'change': 1}
2022-10-06 07:25:59,555 : INFO : SwitchController : <<<<<<< 's_right_flipper' inactive >>>>>>>
2022-10-06 07:25:59,975 : INFO : SwitchController : <<<<<<< 's_pop_lower' active >>>>>>>
2022-10-06 07:25:59,975 : INFO : EventManager : Event: ======'machine_var_audits_switches_s_pop_lower'====== Args={'value': 55, 'prev_value': 54, 'change': 1}
2022-10-06 07:25:59,994 : INFO : SwitchController : <<<<<<< 's_pop_lower' inactive >>>>>>>
2022-10-06 07:25:59,994 : INFO : SwitchController : <<<<<<< 's_pop_lower' active >>>>>>>
2022-10-06 07:25:59,994 : INFO : EventManager : Event: ======'machine_var_audits_switches_s_pop_lower'====== Args={'value': 56, 'prev_value': 55, 'change': 1}
2022-10-06 07:26:00,011 : INFO : SwitchController : <<<<<<< 's_pop_lower' inactive >>>>>>>
2022-10-06 07:26:00,332 : INFO : SwitchController : <<<<<<< 's_right_flipper' active >>>>>>>
2022-10-06 07:26:00,332 : INFO : EventManager : Event: ======'machine_var_audits_switches_s_right_flipper'====== Args={'value': 297, 'prev_value': 296, 'change': 1}
2022-10-06 07:26:00,441 : INFO : SwitchController : <<<<<<< 's_right_flipper' inactive >>>>>>>
2022-10-06 07:26:00,644 : INFO : SwitchController : <<<<<<< 's_pop_lower' active >>>>>>>
2022-10-06 07:26:00,644 : INFO : EventManager : Event: ======'machine_var_audits_switches_s_pop_lower'====== Args={'value': 57, 'prev_value': 56, 'change': 1}
2022-10-06 07:26:00,664 : INFO : SwitchController : <<<<<<< 's_pop_lower' inactive >>>>>>>
2022-10-06 07:26:00,691 : INFO : SwitchController : <<<<<<< 's_pop_lower' active >>>>>>>
2022-10-06 07:26:00,691 : INFO : EventManager : Event: ======'machine_var_audits_switches_s_pop_lower'====== Args={'value': 58, 'prev_value': 57, 'change': 1}
2022-10-06 07:26:00,691 : INFO : SwitchController : <<<<<<< 's_pop_lower' inactive >>>>>>>
2022-10-06 07:26:01,363 : INFO : SwitchController : <<<<<<< 's_right_flipper' active >>>>>>>
2022-10-06 07:26:01,363 : INFO : EventManager : Event: ======'machine_var_audits_switches_s_right_flipper'====== Args={'value': 298, 'prev_value': 297, 'change': 1}
2022-10-06 07:26:01,657 : INFO : SwitchController : <<<<<<< 's_right_flipper' inactive >>>>>>>
2022-10-06 07:26:01,657 : INFO : SwitchController : <<<<<<< 's_right_flipper' active >>>>>>>
2022-10-06 07:26:01,657 : INFO : EventManager : Event: ======'machine_var_audits_switches_s_right_flipper'====== Args={'value': 299, 'prev_value': 298, 'change': 1}
2022-10-06 07:26:01,658 : INFO : SwitchController : <<<<<<< 's_right_flipper' inactive >>>>>>>
2022-10-06 07:26:03,303 : INFO : SwitchController : <<<<<<< 's_left_inlane' active >>>>>>>
2022-10-06 07:26:03,303 : INFO : EventManager : Event: ======'sw_playfield_active'====== Args={}
2022-10-06 07:26:03,303 : INFO : EventManager : Event: ======'machine_var_audits_switches_s_left_inlane'====== Args={'value': 7, 'prev_value': 6, 'change': 1}
2022-10-06 07:26:03,318 : INFO : SwitchController : <<<<<<< 's_left_inlane' inactive >>>>>>>
2022-10-06 07:26:03,337 : INFO : SwitchController : <<<<<<< 's_left_inlane' active >>>>>>>
2022-10-06 07:26:03,337 : INFO : EventManager : Event: ======'sw_playfield_active'====== Args={}
2022-10-06 07:26:03,337 : INFO : EventManager : Event: ======'machine_var_audits_switches_s_left_inlane'====== Args={'value': 8, 'prev_value': 7, 'change': 1}
2022-10-06 07:26:03,366 : INFO : SwitchController : <<<<<<< 's_left_inlane' inactive >>>>>>>
2022-10-06 07:26:03,754 : INFO : SwitchController : <<<<<<< 's_left_flipper' active >>>>>>>
2022-10-06 07:26:03,754 : INFO : EventManager : Event: ======'machine_var_audits_switches_s_left_flipper'====== Args={'value': 230, 'prev_value': 229, 'change': 1}
2022-10-06 07:26:03,774 : INFO : SwitchController : <<<<<<< 's_eos_left_top' active >>>>>>>
2022-10-06 07:26:03,774 : INFO : EventManager : Event: ======'machine_var_audits_switches_s_eos_left_top'====== Args={'value': 179, 'prev_value': 178, 'change': 1}
2022-10-06 07:26:04,439 : INFO : SwitchController : <<<<<<< 's_left_flipper' inactive >>>>>>>
2022-10-06 07:26:04,532 : INFO : SwitchController : <<<<<<< 's_eos_left_top' inactive >>>>>>>
2022-10-06 07:26:05,108 : INFO : SwitchController : <<<<<<< 's_left_flipper' active >>>>>>>
2022-10-06 07:26:05,108 : INFO : EventManager : Event: ======'machine_var_audits_switches_s_left_flipper'====== Args={'value': 231, 'prev_value': 230, 'change': 1}
2022-10-06 07:26:05,140 : INFO : SwitchController : <<<<<<< 's_eos_left_top' active >>>>>>>
2022-10-06 07:26:05,140 : INFO : EventManager : Event: ======'machine_var_audits_switches_s_eos_left_top'====== Args={'value': 180, 'prev_value': 179, 'change': 1}
2022-10-06 07:26:05,296 : INFO : SwitchController : <<<<<<< 's_left_flipper' inactive >>>>>>>
2022-10-06 07:26:05,389 : INFO : SwitchController : <<<<<<< 's_eos_left_top' inactive >>>>>>>
2022-10-06 07:26:05,411 : INFO : SwitchController : <<<<<<< 's_pop_right' active >>>>>>>
2022-10-06 07:26:05,411 : INFO : EventManager : Event: ======'machine_var_audits_switches_s_pop_right'====== Args={'value': 55, 'prev_value': 54, 'change': 1}
2022-10-06 07:26:05,435 : INFO : SwitchController : <<<<<<< 's_pop_right' inactive >>>>>>>
2022-10-06 07:26:06,601 : INFO : SwitchController : <<<<<<< 's_left_flipper' active >>>>>>>
2022-10-06 07:26:06,601 : INFO : EventManager : Event: ======'machine_var_audits_switches_s_left_flipper'====== Args={'value': 232, 'prev_value': 231, 'change': 1}
2022-10-06 07:26:06,620 : INFO : SwitchController : <<<<<<< 's_eos_left_top' active >>>>>>>
2022-10-06 07:26:06,620 : INFO : EventManager : Event: ======'machine_var_audits_switches_s_eos_left_top'====== Args={'value': 181, 'prev_value': 180, 'change': 1}
2022-10-06 07:26:06,819 : INFO : SwitchController : <<<<<<< 's_left_flipper' inactive >>>>>>>
2022-10-06 07:26:06,819 : INFO : SwitchController : <<<<<<< 's_left_flipper' active >>>>>>>
2022-10-06 07:26:06,819 : INFO : EventManager : Event: ======'machine_var_audits_switches_s_left_flipper'====== Args={'value': 233, 'prev_value': 232, 'change': 1}
2022-10-06 07:26:06,820 : INFO : SwitchController : <<<<<<< 's_left_flipper' inactive >>>>>>>
2022-10-06 07:26:06,943 : INFO : SwitchController : <<<<<<< 's_eos_left_top' inactive >>>>>>>
2022-10-06 07:26:08,045 : INFO : SwitchController : <<<<<<< 's_left_flipper' active >>>>>>>
2022-10-06 07:26:08,045 : INFO : EventManager : Event: ======'machine_var_audits_switches_s_left_flipper'====== Args={'value': 234, 'prev_value': 233, 'change': 1}
2022-10-06 07:26:08,077 : INFO : SwitchController : <<<<<<< 's_eos_left_top' active >>>>>>>
2022-10-06 07:26:08,077 : INFO : EventManager : Event: ======'machine_var_audits_switches_s_eos_left_top'====== Args={'value': 182, 'prev_value': 181, 'change': 1}
2022-10-06 07:26:08,138 : INFO : SwitchController : <<<<<<< 's_left_flipper' inactive >>>>>>>
2022-10-06 07:26:08,232 : INFO : SwitchController : <<<<<<< 's_eos_left_top' inactive >>>>>>>
2022-10-06 07:26:08,637 : INFO : SwitchController : <<<<<<< 's_trough_6' active >>>>>>>
2022-10-06 07:26:08,637 : INFO : EventManager : Event: ======'machine_var_audits_switches_s_trough_6'====== Args={'value': 73, 'prev_value': 72, 'change': 1}
2022-10-06 07:26:08,666 : INFO : SwitchController : <<<<<<< 's_trough_6' inactive >>>>>>>
2022-10-06 07:26:08,697 : INFO : SwitchController : <<<<<<< 's_trough_5' active >>>>>>>
2022-10-06 07:26:08,697 : INFO : EventManager : Event: ======'machine_var_audits_switches_s_trough_5'====== Args={'value': 59, 'prev_value': 58, 'change': 1}
2022-10-06 07:26:08,760 : INFO : SwitchController : <<<<<<< 's_trough_5' inactive >>>>>>>
2022-10-06 07:26:08,807 : INFO : SwitchController : <<<<<<< 's_trough_4' active >>>>>>>
2022-10-06 07:26:08,807 : INFO : EventManager : Event: ======'machine_var_audits_switches_s_trough_4'====== Args={'value': 55, 'prev_value': 54, 'change': 1}
2022-10-06 07:26:08,853 : INFO : SwitchController : <<<<<<< 's_trough_4' inactive >>>>>>>
2022-10-06 07:26:08,885 : INFO : SwitchController : <<<<<<< 's_trough_3' active >>>>>>>
2022-10-06 07:26:08,885 : INFO : EventManager : Event: ======'machine_var_audits_switches_s_trough_3'====== Args={'value': 54, 'prev_value': 53, 'change': 1}
2022-10-06 07:26:08,932 : INFO : SwitchController : <<<<<<< 's_trough_3' inactive >>>>>>>
2022-10-06 07:26:08,994 : INFO : SwitchController : <<<<<<< 's_trough_2' active >>>>>>>
2022-10-06 07:26:08,994 : INFO : EventManager : Event: ======'machine_var_audits_switches_s_trough_2'====== Args={'value': 65, 'prev_value': 64, 'change': 1}
2022-10-06 07:26:09,492 : INFO : EventManager : Event: ======'balldevice_bd_trough_ball_count_changed'====== Args={'balls': 3}
2022-10-06 07:26:09,492 : INFO : ball_device.bd_trough : Received unexpected ball
2022-10-06 07:26:09,492 : INFO : EventManager : Event: ======'balldevice_captured_from_playfield'====== Args={'balls': 1}
2022-10-06 07:26:09,492 : INFO : EventManager : Event: ======'sw_playfield_active'====== Args={'balls': 1}
2022-10-06 07:26:09,492 : INFO : EventManager : Event: ======'playfield_ball_count_change'====== Args={'balls': 0, 'change': -1}
2022-10-06 07:26:09,492 : INFO : EventManager : Event: ======'balldevice_bd_trough_ball_enter'====== Args={'new_balls': 1, 'unclaimed_balls': 1, 'new_available_balls': 1, 'device': <ball_device.bd_trough>}
2022-10-06 07:26:09,492 : INFO : EventManager : Event: ======'ball_drain'====== Args={'device': <ball_device.bd_trough>, 'balls': 1}
2022-10-06 07:26:09,493 : INFO : EventManager : Event: ======'ball_will_end'====== Args={}
2022-10-06 07:26:09,493 : INFO : EventManager : Event: ======'balldevice_balls_available'====== Args={}
2022-10-06 07:26:09,493 : INFO : EventManager : Event: ======'balldevice_bd_trough_ball_entered'====== Args={'new_balls': 1, 'device': <ball_device.bd_trough>}
2022-10-06 07:26:09,493 : INFO : EventManager : Event: ======'player_tilt_warnings'====== Args={'value': 0, 'prev_value': 0, 'change': 0, 'player_num': 1}
2022-10-06 07:26:09,494 : INFO : EventManager : Event: ======'ball_ending'====== Args={}
2022-10-06 07:26:09,494 : INFO : EventManager : Event: ======'mode_base_will_stop'====== Args={}
2022-10-06 07:26:09,494 : INFO : EventManager : Event: ======'mode_base_stopping'====== Args={}
2022-10-06 07:26:09,494 : INFO : Mode.base : Stopped.
2022-10-06 07:26:09,494 : INFO : EventManager : Event: ======'modes_active_modes_changed'====== Args={}
2022-10-06 07:26:09,494 : INFO : EventManager : Event: ======'mode_base_stopped'====== Args={}
2022-10-06 07:26:09,494 : INFO : EventManager : Event: ======'clear'====== Args={'key': 'base'}
2022-10-06 07:26:09,510 : INFO : EventManager : Event: ======'ball_ended'====== Args={}
2022-10-06 07:26:09,511 : INFO : EventManager : Event: ======'player_turn_will_end'====== Args={'player': <Player 1>, 'number': 1}
2022-10-06 07:26:09,514 : INFO : EventManager : Event: ======'player_turn_ending'====== Args={'player': <Player 1>, 'number': 1}
2022-10-06 07:26:09,514 : INFO : EventManager : Event: ======'player_turn_ended'====== Args={'player': <Player 1>, 'number': 1}
2022-10-06 07:26:09,515 : INFO : EventManager : Event: ======'player_turn_will_start'====== Args={'player': <Player 1>, 'number': 1}
2022-10-06 07:26:09,515 : INFO : EventManager : Event: ======'player_turn_starting'====== Args={'player': <Player 1>, 'number': 1}
2022-10-06 07:26:09,515 : INFO : EventManager : Event: ======'player_ball'====== Args={'value': 2, 'prev_value': 1, 'change': 1, 'player_num': 1}
2022-10-06 07:26:09,515 : INFO : EventManager : Event: ======'player_turn_started'====== Args={'player': <Player 1>, 'number': 1}
2022-10-06 07:26:09,516 : INFO : EventManager : Event: ======'ball_will_start'====== Args={'player': 1, 'ball': 2, 'balls_remaining': 1, 'is_extra_ball': False}
2022-10-06 07:26:09,519 : INFO : EventManager : Event: ======'ball_starting'====== Args={'player': 1, 'ball': 2, 'balls_remaining': 1, 'is_extra_ball': False}
2022-10-06 07:26:09,519 : INFO : EventManager : Event: ======'mode_base_will_start'====== Args={'queue': <QueuedEvent>, 'player': 1, 'ball': 2, 'balls_remaining': 1, 'is_extra_ball': False}
2022-10-06 07:26:09,519 : INFO : EventManager : Event: ======'mode_base_starting'====== Args={'queue': <QueuedEvent>, 'player': 1, 'ball': 2, 'balls_remaining': 1, 'is_extra_ball': False}
2022-10-06 07:26:09,519 : INFO : drop_target_bank.mid : 2 targets are down. Will reset those.
2022-10-06 07:26:09,520 : INFO : coil.c_drop_mid : Pulsing Driver for 50ms (0.7 pulse_power)
2022-10-06 07:26:09,520 : INFO : drop_target_bank.right : 1 targets are down. Will reset those.
2022-10-06 07:26:09,520 : INFO : Mode.base : Started. Priority: 100
2022-10-06 07:26:09,520 : INFO : EventManager : Event: ======'modes_active_modes_changed'====== Args={}
2022-10-06 07:26:09,520 : INFO : EventManager : Event: ======'mode_base_started'====== Args={'queue': <QueuedEvent>, 'player': 1, 'ball': 2, 'balls_remaining': 1, 'is_extra_ball': False}
2022-10-06 07:26:09,520 : INFO : EventManager : Event: ======'balls_in_play'====== Args={'balls': 1}
2022-10-06 07:26:09,520 : INFO : EventManager : Event: ======'ball_started'====== Args={'player': 1, 'ball': 2, 'balls_remaining': 1, 'is_extra_ball': False}
2022-10-06 07:26:09,535 : INFO : EventManager : Event: ======'single_player_ball_started'====== Args={}
2022-10-06 07:26:09,536 : INFO : EventManager : Event: ======'ball_start_target'====== Args={'target': 'playfield'}
2022-10-06 07:26:09,536 : INFO : ball_device.bd_plunger : Setting up player-controlled eject. Balls: 1, Target: <playfield.playfield>, player_controlled_eject_event: s_launch_active
2022-10-06 07:26:09,536 : INFO : EventManager : Event: ======'balldevice_balls_available'====== Args={}
2022-10-06 07:26:09,537 : INFO : ball_device.bd_trough : State: waiting_for_target_ready
2022-10-06 07:26:09,537 : INFO : EventManager : Event: ======'balldevice_bd_trough_ball_eject_attempt'====== Args={'balls': 1, 'target': <ball_device.bd_plunger>, 'source': <ball_device.bd_trough>, 'mechanical_eject': True, 'num_attempts': 0}
2022-10-06 07:26:09,537 : INFO : ball_device.bd_plunger : State: waiting_for_ball
2022-10-06 07:26:09,537 : INFO : ball_device.bd_top_vuk : State: waiting_for_ball
2022-10-06 07:26:09,538 : INFO : ball_device.bd_trough : State: ejecting
2022-10-06 07:26:09,538 : INFO : ball_device.bd_trough : Ejecting ball to <ball_device.bd_plunger>
2022-10-06 07:26:09,538 : INFO : EventManager : Event: ======'balldevice_bd_trough_ejecting_ball'====== Args={'balls': 1, 'target': <ball_device.bd_plunger>, 'source': <ball_device.bd_trough>, 'mechanical_eject': True, 'num_attempts': 0}
2022-10-06 07:26:09,539 : INFO : ball_device.bd_trough : Wait for ball to leave device
2022-10-06 07:26:09,570 : INFO : coil.c_drop_right : Pulsing Driver for 10ms (1.0 pulse_power)
2022-10-06 07:26:09,601 : INFO : coil.c_drop_right : Pulsing Driver for 10ms (1.0 pulse_power)
2022-10-06 07:26:09,601 : INFO : SwitchController : <<<<<<< 's_drop_mid_left' inactive >>>>>>>
2022-10-06 07:26:09,601 : INFO : SwitchController : <<<<<<< 's_drop_mid_mid' inactive >>>>>>>
2022-10-06 07:26:09,601 : INFO : SwitchController : <<<<<<< 's_drop_right_right' inactive >>>>>>>
2022-10-06 07:26:09,617 : INFO : coil.c_trough : Pulsing Driver for 25ms (0.8 pulse_power)
2022-10-06 07:26:09,856 : INFO : SwitchController : <<<<<<< 's_trough_2' inactive >>>>>>>
2022-10-06 07:26:09,860 : INFO : ball_device.bd_trough : State: ball_left
2022-10-06 07:26:09,860 : INFO : ball_device.bd_trough : Ball left
2022-10-06 07:26:09,860 : INFO : ball_device.bd_trough : Wait for confirm with timeout 10.0
2022-10-06 07:26:10,029 : INFO : EventManager : Event: ======'drop_target_right_right_up'====== Args={'device': <drop_target.right_right>}
2022-10-06 07:26:10,029 : INFO : EventManager : Event: ======'drop_target_bank_right_up'====== Args={}
2022-10-06 07:26:10,029 : INFO : EventManager : Event: ======'drop_target_mid_left_up'====== Args={'device': <drop_target.mid_left>}
2022-10-06 07:26:10,029 : INFO : EventManager : Event: ======'drop_target_bank_mid_mixed'====== Args={'prev_value': <DropTargetBankState.MIXED: 'mixed'>, 'down': 1}
2022-10-06 07:26:10,029 : INFO : EventManager : Event: ======'drop_target_mid_mid_up'====== Args={'device': <drop_target.mid_mid>}
2022-10-06 07:26:10,029 : INFO : EventManager : Event: ======'drop_target_bank_mid_up'====== Args={}
2022-10-06 07:26:10,308 : INFO : SwitchController : <<<<<<< 's_right_flipper' active >>>>>>>
2022-10-06 07:26:10,308 : INFO : EventManager : Event: ======'machine_var_audits_switches_s_right_flipper'====== Args={'value': 300, 'prev_value': 299, 'change': 1}
2022-10-06 07:26:10,729 : INFO : SwitchController : <<<<<<< 's_right_flipper' inactive >>>>>>>
2022-10-06 07:26:11,677 : INFO : SwitchController : <<<<<<< 's_right_flipper' active >>>>>>>
2022-10-06 07:26:11,677 : INFO : EventManager : Event: ======'machine_var_audits_switches_s_right_flipper'====== Args={'value': 301, 'prev_value': 300, 'change': 1}
2022-10-06 07:26:11,774 : INFO : SwitchController : <<<<<<< 's_right_flipper' inactive >>>>>>>
2022-10-06 07:26:12,074 : INFO : SwitchController : <<<<<<< 's_right_flipper' active >>>>>>>
2022-10-06 07:26:12,074 : INFO : EventManager : Event: ======'machine_var_audits_switches_s_right_flipper'====== Args={'value': 302, 'prev_value': 301, 'change': 1}
2022-10-06 07:26:12,074 : INFO : SwitchController : <<<<<<< 's_right_flipper' inactive >>>>>>>
2022-10-06 07:26:12,092 : INFO : SwitchController : <<<<<<< 's_right_flipper' active >>>>>>>
2022-10-06 07:26:12,092 : INFO : EventManager : Event: ======'machine_var_audits_switches_s_right_flipper'====== Args={'value': 303, 'prev_value': 302, 'change': 1}
2022-10-06 07:26:12,360 : INFO : SwitchController : <<<<<<< 's_right_flipper' inactive >>>>>>>
2022-10-06 07:26:12,516 : INFO : SwitchController : <<<<<<< 's_right_flipper' active >>>>>>>
2022-10-06 07:26:12,516 : INFO : EventManager : Event: ======'machine_var_audits_switches_s_right_flipper'====== Args={'value': 304, 'prev_value': 303, 'change': 1}
2022-10-06 07:26:12,812 : INFO : SwitchController : <<<<<<< 's_left_flipper' active >>>>>>>
2022-10-06 07:26:12,812 : INFO : EventManager : Event: ======'flipper_cancel'====== Args={'triggering_group': 1, 'triggering_switch': 's_left_flipper'}
2022-10-06 07:26:12,812 : INFO : EventManager : Event: ======'machine_var_audits_switches_s_left_flipper'====== Args={'value': 235, 'prev_value': 234, 'change': 1}
2022-10-06 07:26:12,859 : INFO : SwitchController : <<<<<<< 's_right_flipper' inactive >>>>>>>
2022-10-06 07:26:12,859 : INFO : EventManager : Event: ======'both_flippers_one'====== Args={'triggering_group': 2, 'triggering_switch': 's_right_flipper'}
2022-10-06 07:26:12,984 : INFO : SwitchController : <<<<<<< 's_right_flipper' active >>>>>>>
2022-10-06 07:26:12,984 : INFO : EventManager : Event: ======'flipper_cancel'====== Args={'triggering_group': 2, 'triggering_switch': 's_right_flipper'}
2022-10-06 07:26:12,984 : INFO : EventManager : Event: ======'machine_var_audits_switches_s_right_flipper'====== Args={'value': 305, 'prev_value': 304, 'change': 1}
2022-10-06 07:26:13,047 : INFO : SwitchController : <<<<<<< 's_left_flipper' inactive >>>>>>>
2022-10-06 07:26:13,047 : INFO : EventManager : Event: ======'both_flippers_one'====== Args={'triggering_group': 1, 'triggering_switch': 's_left_flipper'}
2022-10-06 07:26:13,141 : INFO : SwitchController : <<<<<<< 's_left_flipper' active >>>>>>>
2022-10-06 07:26:13,141 : INFO : EventManager : Event: ======'flipper_cancel'====== Args={'triggering_group': 1, 'triggering_switch': 's_left_flipper'}
2022-10-06 07:26:13,141 : INFO : EventManager : Event: ======'machine_var_audits_switches_s_left_flipper'====== Args={'value': 236, 'prev_value': 235, 'change': 1}
2022-10-06 07:26:13,219 : INFO : SwitchController : <<<<<<< 's_right_flipper' inactive >>>>>>>
2022-10-06 07:26:13,219 : INFO : EventManager : Event: ======'both_flippers_one'====== Args={'triggering_group': 2, 'triggering_switch': 's_right_flipper'}
2022-10-06 07:26:13,267 : INFO : SwitchController : <<<<<<< 's_right_flipper' active >>>>>>>
2022-10-06 07:26:13,267 : INFO : EventManager : Event: ======'flipper_cancel'====== Args={'triggering_group': 2, 'triggering_switch': 's_right_flipper'}
2022-10-06 07:26:13,267 : INFO : EventManager : Event: ======'machine_var_audits_switches_s_right_flipper'====== Args={'value': 306, 'prev_value': 305, 'change': 1}
2022-10-06 07:26:13,330 : INFO : SwitchController : <<<<<<< 's_left_flipper' inactive >>>>>>>
2022-10-06 07:26:13,330 : INFO : EventManager : Event: ======'both_flippers_one'====== Args={'triggering_group': 1, 'triggering_switch': 's_left_flipper'}
2022-10-06 07:26:13,441 : INFO : SwitchController : <<<<<<< 's_right_flipper' inactive >>>>>>>
2022-10-06 07:26:13,441 : INFO : EventManager : Event: ======'both_flippers_inactive'====== Args={'triggering_group': 2, 'triggering_switch': 's_right_flipper'}
2022-10-06 07:26:13,472 : INFO : SwitchController : <<<<<<< 's_left_flipper' active >>>>>>>
2022-10-06 07:26:13,472 : INFO : EventManager : Event: ======'machine_var_audits_switches_s_left_flipper'====== Args={'value': 237, 'prev_value': 236, 'change': 1}
2022-10-06 07:26:13,491 : INFO : SwitchController : <<<<<<< 's_left_flipper' inactive >>>>>>>
2022-10-06 07:26:13,491 : INFO : SwitchController : <<<<<<< 's_left_flipper' active >>>>>>>
2022-10-06 07:26:13,492 : INFO : EventManager : Event: ======'machine_var_audits_switches_s_left_flipper'====== Args={'value': 238, 'prev_value': 237, 'change': 1}
2022-10-06 07:26:13,533 : INFO : SwitchController : <<<<<<< 's_left_flipper' inactive >>>>>>>
2022-10-06 07:26:16,504 : INFO : Machine : Shutting down...
2022-10-06 07:26:16,504 : INFO : EventManager : Event: ======'shutdown'====== Args={}
2022-10-06 07:26:16,519 : WARNING : FAST : Port NET received more messages than were sent! Resetting!
2022-10-06 07:26:16,519 : WARNING : FAST : Port RGB received more messages than were sent! Resetting!
2022-10-06 07:26:16,596 : ERROR : FAST : Stop called on serial connection com9
2022-10-06 07:26:16,596 : ERROR : FAST : Stop called on serial connection com10
2022-10-06 07:26:16,830 : INFO : root : MPF run loop ended.
