2022-10-21 11:11:33,852 : INFO : root : Loading config.
2022-10-21 11:11:33,856 : INFO : YamlMultifileConfigLoader : Machine config file #1: config.yaml
2022-10-21 11:11:33,856 : WARNING : ConfigProcessor : Config file in cache changed: c:\trashland_2\config\config.yaml
2022-10-21 11:11:33,856 : INFO : ConfigProcessor : Loading config from file c:\users\tanner\appdata\local\programs\python\python37\lib\site-packages\mpf\mpfconfig.yaml.
2022-10-21 11:11:33,927 : INFO : ConfigProcessor : Loading config: c:\users\tanner\appdata\local\programs\python\python37\lib\site-packages\mpf\mpfconfig.yaml
2022-10-21 11:11:33,928 : INFO : ConfigProcessor : Loading config from file c:\trashland_2\config\config.yaml.
2022-10-21 11:11:34,039 : INFO : ConfigProcessor : Loading config: c:\trashland_2\config\config.yaml
2022-10-21 11:11:34,042 : INFO : ConfigProcessor : Config file cache created: C:\Users\Tanner\AppData\Local\Temp\a6762098cb994b55cb03a478b26022ee.mpf_cache
2022-10-21 11:11:34,109 : INFO : ConfigProcessor : Loading config from cache: C:\Users\Tanner\AppData\Local\Temp\9cf7ccc27b21f4d6162237fadfc53e5a.mpf_cache
2022-10-21 11:11:34,110 : INFO : ConfigProcessor : Loading config from cache: C:\Users\Tanner\AppData\Local\Temp\c215df352878fee5d54f1a5ec5b16e7c.mpf_cache
2022-10-21 11:11:34,110 : INFO : ConfigProcessor : Loading config from cache: C:\Users\Tanner\AppData\Local\Temp\708062243e0edcfa77dd6b1521bd0d4e.mpf_cache
2022-10-21 11:11:34,111 : INFO : ConfigProcessor : Loading config from cache: C:\Users\Tanner\AppData\Local\Temp\9cf7ccc27b21f4d6162237fadfc53e5a.mpf_cache
2022-10-21 11:11:34,112 : INFO : ConfigProcessor : Loading config from cache: C:\Users\Tanner\AppData\Local\Temp\c4174472f67f7b070dd6fb437c6feb0c.mpf_cache
2022-10-21 11:11:34,113 : INFO : ConfigProcessor : Loading config from cache: C:\Users\Tanner\AppData\Local\Temp\33b306b4bf49d065496332ee9ac2494c.mpf_cache
2022-10-21 11:11:34,114 : INFO : ConfigProcessor : Loading config from cache: C:\Users\Tanner\AppData\Local\Temp\9e6b4d5e43fd00e219ba7c739d818ad6.mpf_cache
2022-10-21 11:11:34,114 : INFO : ConfigProcessor : Loading config from cache: C:\Users\Tanner\AppData\Local\Temp\abaa92c43d134e3392cbb2346e6a16be.mpf_cache
2022-10-21 11:11:34,115 : INFO : ConfigProcessor : Loading config from cache: C:\Users\Tanner\AppData\Local\Temp\fc46d53fcb9fe6b8abf783d9c813390a.mpf_cache
2022-10-21 11:11:34,116 : INFO : ConfigProcessor : Loading config from cache: C:\Users\Tanner\AppData\Local\Temp\b46de592c65b9a27a1f4965daee53c91.mpf_cache
2022-10-21 11:11:34,117 : INFO : ConfigProcessor : Loading config from cache: C:\Users\Tanner\AppData\Local\Temp\5b50cb1d58cd4116013cda74c2923169.mpf_cache
2022-10-21 11:11:34,119 : INFO : ConfigProcessor : Loading config from cache: C:\Users\Tanner\AppData\Local\Temp\2734ac1662e5e62f2e4cb2a8d902a8f2.mpf_cache
2022-10-21 11:11:34,122 : INFO : ConfigProcessor : Loading config from cache: C:\Users\Tanner\AppData\Local\Temp\fe169133106b4804e097dca6b78afaf5.mpf_cache
2022-10-21 11:11:34,122 : INFO : ConfigProcessor : Loading config from cache: C:\Users\Tanner\AppData\Local\Temp\d4f531e94c6a484dd08e4121f6e3a74e.mpf_cache
2022-10-21 11:11:34,123 : INFO : ConfigProcessor : Loading config from cache: C:\Users\Tanner\AppData\Local\Temp\e9c431c8aa2f7ab7b37617b37185d68f.mpf_cache
2022-10-21 11:11:34,125 : INFO : ConfigProcessor : Loading config from cache: C:\Users\Tanner\AppData\Local\Temp\07112933e6abcdb1819075df64aee3c0.mpf_cache
2022-10-21 11:11:34,126 : INFO : Machine : Mission Pinball Framework Core Engine v0.55.0
2022-10-21 11:11:34,126 : INFO : Machine : Command line arguments: {'no_load_cache': False, 'create_config_cache': True, 'bcp': True, 'configfile': ['config.yaml'], 'force_assets_load': False, 'jsonlogging': False, 'logfile': 'logs\\2022-10-21-11-11-33-mpf-DESKTOP-7HNFDQ5.log', 'pause': False, 'production': False, 'text_ui': True, 'loglevel': 15, 'consoleloglevel': 20, 'force_platform': None, 'syslog_address': None, 'mc_file_name': None, 'no_sound': False}
2022-10-21 11:11:34,126 : INFO : Machine : MPF path: c:\users\tanner\appdata\local\programs\python\python37\lib\site-packages\mpf
2022-10-21 11:11:34,126 : INFO : Machine : Machine path: c:\trashland_2
2022-10-21 11:11:34,126 : INFO : Machine : Platform: win32
2022-10-21 11:11:34,126 : INFO : Machine : Python executable location: c:\users\tanner\appdata\local\programs\python\python37\python.exe
2022-10-21 11:11:34,126 : INFO : Machine : Python version: 3.7.8 (64-bit)
2022-10-21 11:11:34,128 : INFO : Machine : Initialise MPF.
2022-10-21 11:11:34,454 : INFO : FAST : Connecting to com14 at 921600bps
2022-10-21 11:11:34,564 : INFO : FAST : Connected! Processor: NET, Board Type: FP-CPU-002-2, Firmware: 01.05
2022-10-21 11:11:34,564 : INFO : EventManager : Event: ======'machine_var_fast_net_firmware'====== Args={'value': '01.05', 'prev_value': None, 'change': True}
2022-10-21 11:11:34,564 : INFO : EventManager : Event: ======'machine_var_fast_net_model'====== Args={'value': 'FP-CPU-002-2', 'prev_value': None, 'change': True}
2022-10-21 11:11:36,926 : WARNING : FAST : Got unexpected message from FAST: -N:0A
2022-10-21 11:11:36,926 : WARNING : FAST : Got unexpected message from FAST: -N:0F
2022-10-21 11:11:36,926 : WARNING : FAST : Got unexpected message from FAST: -N:11
2022-10-21 11:11:36,926 : WARNING : FAST : Got unexpected message from FAST: -N:33
2022-10-21 11:11:36,926 : WARNING : FAST : Got unexpected message from FAST: -N:34
2022-10-21 11:11:36,926 : WARNING : FAST : Got unexpected message from FAST: -N:38
2022-10-21 11:11:36,926 : WARNING : FAST : Got unexpected message from FAST: -N:3D
2022-10-21 11:11:36,926 : WARNING : FAST : Got unexpected message from FAST: -N:40
2022-10-21 11:11:36,926 : WARNING : FAST : Got unexpected message from FAST: -N:41
2022-10-21 11:11:36,926 : WARNING : FAST : Got unexpected message from FAST: -N:42
2022-10-21 11:11:36,927 : WARNING : FAST : Got unexpected message from FAST: -N:48
2022-10-21 11:11:36,927 : WARNING : FAST : Got unexpected message from FAST: -N:5D
2022-10-21 11:11:37,037 : INFO : FAST : Connecting to com15 at 921600bps
2022-10-21 11:11:37,148 : INFO : FAST : Connected! Processor: RGB, Board Type: FP-CPU-002-2, Firmware: 00.87
2022-10-21 11:11:37,148 : INFO : EventManager : Event: ======'machine_var_fast_rgb_firmware'====== Args={'value': '00.87', 'prev_value': None, 'change': True}
2022-10-21 11:11:37,148 : INFO : EventManager : Event: ======'machine_var_fast_rgb_model'====== Args={'value': 'FP-CPU-002-2', 'prev_value': None, 'change': True}
2022-10-21 11:11:37,149 : INFO : EventManager : Event: ======'machine_var_credits_string'====== Args={'value': 'FREE PLAY', 'prev_value': None, 'change': True}
2022-10-21 11:11:37,191 : INFO : EventManager : Event: ======'machine_var_master_volume'====== Args={'value': 0.5, 'prev_value': None, 'change': True}
2022-10-21 11:11:37,191 : INFO : EventManager : Event: ======'machine_var_player1_score'====== Args={'value': 10, 'prev_value': None, 'change': True}
2022-10-21 11:11:37,191 : INFO : EventManager : Event: ======'machine_var_mpf_version'====== Args={'value': 'MPF v0.55.0', 'prev_value': None, 'change': True}
2022-10-21 11:11:37,191 : INFO : EventManager : Event: ======'machine_var_mpf_extended_version'====== Args={'value': 'MPF v0.55.0, Config version:5, Show version: 5, BCP version:1.1', 'prev_value': None, 'change': True}
2022-10-21 11:11:37,191 : INFO : EventManager : Event: ======'machine_var_python_version'====== Args={'value': '3.7.8', 'prev_value': None, 'change': True}
2022-10-21 11:11:37,192 : INFO : EventManager : Event: ======'machine_var_platform'====== Args={'value': 'Windows-10-10.0.19041-SP0', 'prev_value': None, 'change': True}
2022-10-21 11:11:37,192 : INFO : EventManager : Event: ======'machine_var_platform_system'====== Args={'value': 'Windows', 'prev_value': None, 'change': True}
2022-10-21 11:11:37,192 : INFO : EventManager : Event: ======'machine_var_platform_release'====== Args={'value': '10', 'prev_value': None, 'change': True}
2022-10-21 11:11:37,192 : INFO : EventManager : Event: ======'machine_var_platform_version'====== Args={'value': '10.0.19041', 'prev_value': None, 'change': True}
2022-10-21 11:11:37,192 : INFO : EventManager : Event: ======'machine_var_platform_machine'====== Args={'value': 'AMD64', 'prev_value': None, 'change': True}
2022-10-21 11:11:37,192 : INFO : EventManager : Event: ======'init_phase_1'====== Args={}
2022-10-21 11:11:37,230 : INFO : EventManager : Event: ======'drop_target_bank_right_up'====== Args={}
2022-10-21 11:11:37,238 : INFO : EventManager : Event: ======'drop_target_bank_single_main_up'====== Args={}
2022-10-21 11:11:37,239 : INFO : EventManager : Event: ======'drop_target_bank_single_upper_up'====== Args={}
2022-10-21 11:11:37,239 : INFO : EventManager : Event: ======'drop_target_bank_mid_up'====== Args={}
2022-10-21 11:11:37,253 : INFO : EventManager : Event: ======'init_phase_2'====== Args={}
2022-10-21 11:11:37,254 : INFO : SwitchController : Found active switch: (('0A', 1), <Platform.FAST>) <switch.s_drop_upper>
2022-10-21 11:11:37,254 : INFO : SwitchController : Found active switch: (('43', 1), <Platform.FAST>) <switch.s_trough_3>
2022-10-21 11:11:37,254 : INFO : SwitchController : Found active switch: (('44', 1), <Platform.FAST>) <switch.s_trough_2>
2022-10-21 11:11:37,254 : INFO : SwitchController : Found active switch: (('49', 1), <Platform.FAST>) <switch.s_trough_jam>
2022-10-21 11:11:37,254 : INFO : SwitchController : Found active switch: (('3B', 1), <Platform.FAST>) <switch.s_eos_left>
2022-10-21 11:11:37,261 : INFO : EventManager : Event: ======'bcp_connection_attempt'====== Args={'name': 'local_display', 'host': 'localhost', 'port': 5050}
2022-10-21 11:11:37,263 : INFO : BCPClientSocket : Connecting BCP to 'local_display' at localhost:5050...
2022-10-21 11:11:38,220 : WARNING : FAST : Port com14 was blocked for more than 1s. Reseting send queue! If this happens frequently report a bug!
2022-10-21 11:11:38,314 : WARNING : FAST : Port com15 was blocked for more than 1s. Reseting send queue! If this happens frequently report a bug!
2022-10-21 11:11:39,223 : WARNING : FAST : Port com14 was blocked for more than 1s. Reseting send queue! If this happens frequently report a bug!
2022-10-21 11:11:39,319 : INFO : BCPClientSocket : Connected BCP to 'local_display' localhost:5050
2022-10-21 11:11:39,320 : INFO : EventManager : Event: ======'bcp_clients_connected'====== Args={}
2022-10-21 11:11:39,330 : INFO : ball_device.bd_trough : BCH: Initial count: 3
2022-10-21 11:11:39,330 : INFO : EventManager : Event: ======'machine_var_mc_version'====== Args={'value': 'MPF-MC v0.55.0', 'prev_value': None, 'change': True}
2022-10-21 11:11:39,330 : INFO : EventManager : Event: ======'machine_var_mc_extended_version'====== Args={'value': 'MPF-MC v0.55.0 (config_version=5, BCP v1.1, Requires MPF v0.55.0-dev.49)', 'prev_value': None, 'change': True}
2022-10-21 11:11:39,332 : INFO : ball_device.bd_trough : State: idle
2022-10-21 11:11:39,357 : INFO : ball_device.bd_plunger : BCH: Initial count: 0
2022-10-21 11:11:39,357 : INFO : ball_device.bd_plunger : State: idle
2022-10-21 11:11:39,358 : INFO : ball_device.bd_top_vuk : BCH: Initial count: 0
2022-10-21 11:11:39,358 : INFO : ball_device.bd_top_vuk : State: idle
2022-10-21 11:11:39,359 : INFO : ball_device.bd_right_vuk : BCH: Initial count: 0
2022-10-21 11:11:39,359 : INFO : ball_device.bd_right_vuk : State: idle
2022-10-21 11:11:39,359 : INFO : ball_device.bd_bot_vuk : BCH: Initial count: 0
2022-10-21 11:11:39,359 : INFO : ball_device.bd_bot_vuk : State: idle
2022-10-21 11:11:39,401 : INFO : EventManager : Event: ======'init_phase_3'====== Args={}
2022-10-21 11:11:39,990 : INFO : EventManager : Event: ======'init_phase_4'====== Args={}
2022-10-21 11:11:39,991 : INFO : EventManager : Event: ======'playfield_active'====== Args={}
2022-10-21 11:11:39,991 : INFO : EventManager : Event: ======'unexpected_ball_on_playfield'====== Args={}
2022-10-21 11:11:39,991 : INFO : EventManager : Event: ======'playfield_active'====== Args={}
2022-10-21 11:11:39,991 : INFO : EventManager : Event: ======'unexpected_ball_on_playfield'====== Args={}
2022-10-21 11:11:39,991 : INFO : EventManager : Event: ======'drop_target_d_drop_upper_down'====== Args={'device': <drop_target.d_drop_upper>}
2022-10-21 11:11:39,991 : INFO : EventManager : Event: ======'drop_target_bank_single_upper_down'====== Args={}
2022-10-21 11:11:39,991 : INFO : EventManager : Event: ======'playfield_active'====== Args={}
2022-10-21 11:11:39,991 : INFO : EventManager : Event: ======'unexpected_ball_on_playfield'====== Args={}
2022-10-21 11:11:39,992 : INFO : EventManager : Event: ======'playfield_active'====== Args={}
2022-10-21 11:11:39,992 : INFO : EventManager : Event: ======'unexpected_ball_on_playfield'====== Args={}
2022-10-21 11:11:39,992 : INFO : EventManager : Event: ======'playfield_active'====== Args={}
2022-10-21 11:11:39,992 : INFO : EventManager : Event: ======'unexpected_ball_on_playfield'====== Args={}
2022-10-21 11:11:39,992 : INFO : EventManager : Event: ======'playfield_active'====== Args={}
2022-10-21 11:11:39,992 : INFO : EventManager : Event: ======'unexpected_ball_on_playfield'====== Args={}
2022-10-21 11:11:39,992 : INFO : EventManager : Event: ======'playfield_active'====== Args={}
2022-10-21 11:11:39,992 : INFO : EventManager : Event: ======'unexpected_ball_on_playfield'====== Args={}
2022-10-21 11:11:39,992 : INFO : BallController : Initial balls found: 3
2022-10-21 11:11:39,994 : INFO : EventManager : Event: ======'machine_var_audits_events_game_ended'====== Args={'value': 0, 'prev_value': None, 'change': True}
2022-10-21 11:11:39,994 : INFO : EventManager : Event: ======'machine_var_audits_events_game_started'====== Args={'value': 0, 'prev_value': None, 'change': True}
2022-10-21 11:11:39,995 : INFO : EventManager : Event: ======'machine_var_audits_player_score'====== Args={'value': {'average': 7349.642857142855, 'top': [25700, 18620, 17680, 14760, 11850, 11660, 10540, 10140, 10000, 9260], 'total': 28}, 'prev_value': None, 'change': True}
2022-10-21 11:11:39,995 : INFO : EventManager : Event: ======'machine_var_audits_shots_left_inlane'====== Args={'value': 23, 'prev_value': None, 'change': True}
2022-10-21 11:11:39,995 : INFO : EventManager : Event: ======'machine_var_audits_shots_left_outlane'====== Args={'value': 5, 'prev_value': None, 'change': True}
2022-10-21 11:11:39,995 : INFO : EventManager : Event: ======'machine_var_audits_shots_left_pop'====== Args={'value': 98, 'prev_value': None, 'change': True}
2022-10-21 11:11:39,996 : INFO : EventManager : Event: ======'machine_var_audits_shots_left_return'====== Args={'value': 10, 'prev_value': None, 'change': True}
2022-10-21 11:11:39,996 : INFO : EventManager : Event: ======'machine_var_audits_shots_lower_pop'====== Args={'value': 131, 'prev_value': None, 'change': True}
2022-10-21 11:11:39,996 : INFO : EventManager : Event: ======'machine_var_audits_shots_r_left_inlane'====== Args={'value': 6, 'prev_value': None, 'change': True}
2022-10-21 11:11:39,996 : INFO : EventManager : Event: ======'machine_var_audits_shots_r_left_outlane'====== Args={'value': 2, 'prev_value': None, 'change': True}
2022-10-21 11:11:39,997 : INFO : EventManager : Event: ======'machine_var_audits_shots_r_right_inlane'====== Args={'value': 36, 'prev_value': None, 'change': True}
2022-10-21 11:11:39,997 : INFO : EventManager : Event: ======'machine_var_audits_shots_r_right_outlane'====== Args={'value': 18, 'prev_value': None, 'change': True}
2022-10-21 11:11:39,997 : INFO : EventManager : Event: ======'machine_var_audits_shots_right_inlane'====== Args={'value': 36, 'prev_value': None, 'change': True}
2022-10-21 11:11:39,997 : INFO : EventManager : Event: ======'machine_var_audits_shots_right_outlane'====== Args={'value': 144, 'prev_value': None, 'change': True}
2022-10-21 11:11:39,998 : INFO : EventManager : Event: ======'machine_var_audits_shots_right_pop'====== Args={'value': 97, 'prev_value': None, 'change': True}
2022-10-21 11:11:39,998 : INFO : EventManager : Event: ======'machine_var_audits_shots_scoop'====== Args={'value': 103, 'prev_value': None, 'change': True}
2022-10-21 11:11:39,998 : INFO : EventManager : Event: ======'machine_var_audits_shots_single_drop_shot'====== Args={'value': 14, 'prev_value': None, 'change': True}
2022-10-21 11:11:39,998 : INFO : EventManager : Event: ======'machine_var_audits_switches_s_autolauncher'====== Args={'value': 232, 'prev_value': None, 'change': True}
2022-10-21 11:11:39,999 : INFO : EventManager : Event: ======'machine_var_audits_switches_s_back_pop'====== Args={'value': 15, 'prev_value': None, 'change': True}
2022-10-21 11:11:39,999 : INFO : EventManager : Event: ======'machine_var_audits_switches_s_back_rollover'====== Args={'value': 0, 'prev_value': None, 'change': True}
2022-10-21 11:11:39,999 : INFO : EventManager : Event: ======'machine_var_audits_switches_s_back_stationary'====== Args={'value': 3, 'prev_value': None, 'change': True}
2022-10-21 11:11:39,999 : INFO : EventManager : Event: ======'machine_var_audits_switches_s_bot_back'====== Args={'value': 1, 'prev_value': None, 'change': True}
2022-10-21 11:11:40,000 : INFO : EventManager : Event: ======'machine_var_audits_switches_s_bot_big'====== Args={'value': 5, 'prev_value': None, 'change': True}
2022-10-21 11:11:40,000 : INFO : EventManager : Event: ======'machine_var_audits_switches_s_bot_left'====== Args={'value': 0, 'prev_value': None, 'change': True}
2022-10-21 11:11:40,000 : INFO : EventManager : Event: ======'machine_var_audits_switches_s_bot_right'====== Args={'value': 1, 'prev_value': None, 'change': True}
2022-10-21 11:11:40,001 : INFO : EventManager : Event: ======'machine_var_audits_switches_s_bot_rollover'====== Args={'value': 1, 'prev_value': None, 'change': True}
2022-10-21 11:11:40,001 : INFO : EventManager : Event: ======'machine_var_audits_switches_s_bot_vuk'====== Args={'value': 34, 'prev_value': None, 'change': True}
2022-10-21 11:11:40,001 : INFO : EventManager : Event: ======'machine_var_audits_switches_s_drop_mid_left'====== Args={'value': 121, 'prev_value': None, 'change': True}
2022-10-21 11:11:40,002 : INFO : EventManager : Event: ======'machine_var_audits_switches_s_drop_mid_mid'====== Args={'value': 142, 'prev_value': None, 'change': True}
2022-10-21 11:11:40,002 : INFO : EventManager : Event: ======'machine_var_audits_switches_s_drop_mid_right'====== Args={'value': 50, 'prev_value': None, 'change': True}
2022-10-21 11:11:40,002 : INFO : EventManager : Event: ======'machine_var_audits_switches_s_drop_right_left'====== Args={'value': 38, 'prev_value': None, 'change': True}
2022-10-21 11:11:40,003 : INFO : EventManager : Event: ======'machine_var_audits_switches_s_drop_right_right'====== Args={'value': 71, 'prev_value': None, 'change': True}
2022-10-21 11:11:40,003 : INFO : EventManager : Event: ======'machine_var_audits_switches_s_drop_single'====== Args={'value': 57, 'prev_value': None, 'change': True}
2022-10-21 11:11:40,003 : INFO : EventManager : Event: ======'machine_var_audits_switches_s_drop_upper'====== Args={'value': 0, 'prev_value': None, 'change': True}
2022-10-21 11:11:40,004 : INFO : EventManager : Event: ======'machine_var_audits_switches_s_eos_left'====== Args={'value': 305, 'prev_value': None, 'change': True}
2022-10-21 11:11:40,004 : INFO : EventManager : Event: ======'machine_var_audits_switches_s_eos_left_top'====== Args={'value': 1547, 'prev_value': None, 'change': True}
2022-10-21 11:11:40,004 : INFO : EventManager : Event: ======'machine_var_audits_switches_s_eos_right'====== Args={'value': 1448, 'prev_value': None, 'change': True}
2022-10-21 11:11:40,005 : INFO : EventManager : Event: ======'machine_var_audits_switches_s_launch'====== Args={'value': 232, 'prev_value': None, 'change': True}
2022-10-21 11:11:40,005 : INFO : EventManager : Event: ======'machine_var_audits_switches_s_left_flipper'====== Args={'value': 1695, 'prev_value': None, 'change': True}
2022-10-21 11:11:40,005 : INFO : EventManager : Event: ======'machine_var_audits_switches_s_left_inlane'====== Args={'value': 57, 'prev_value': None, 'change': True}
2022-10-21 11:11:40,006 : INFO : EventManager : Event: ======'machine_var_audits_switches_s_left_orbit_prox'====== Args={'value': 87, 'prev_value': None, 'change': True}
2022-10-21 11:11:40,006 : INFO : EventManager : Event: ======'machine_var_audits_switches_s_left_outlane'====== Args={'value': 12, 'prev_value': None, 'change': True}
2022-10-21 11:11:40,007 : INFO : EventManager : Event: ======'machine_var_audits_switches_s_left_return'====== Args={'value': 10, 'prev_value': None, 'change': True}
2022-10-21 11:11:40,007 : INFO : EventManager : Event: ======'machine_var_audits_switches_s_pop_left'====== Args={'value': 290, 'prev_value': None, 'change': True}
2022-10-21 11:11:40,007 : INFO : EventManager : Event: ======'machine_var_audits_switches_s_pop_lower'====== Args={'value': 411, 'prev_value': None, 'change': True}
2022-10-21 11:11:40,008 : INFO : EventManager : Event: ======'machine_var_audits_switches_s_pop_right'====== Args={'value': 445, 'prev_value': None, 'change': True}
2022-10-21 11:11:40,008 : INFO : EventManager : Event: ======'machine_var_audits_switches_s_right_flipper'====== Args={'value': 1850, 'prev_value': None, 'change': True}
2022-10-21 11:11:40,009 : INFO : EventManager : Event: ======'machine_var_audits_switches_s_right_inlane'====== Args={'value': 43, 'prev_value': None, 'change': True}
2022-10-21 11:11:40,009 : INFO : EventManager : Event: ======'machine_var_audits_switches_s_right_outlane'====== Args={'value': 238, 'prev_value': None, 'change': True}
2022-10-21 11:11:40,009 : INFO : EventManager : Event: ======'machine_var_audits_switches_s_rollover_left'====== Args={'value': 97, 'prev_value': None, 'change': True}
2022-10-21 11:11:40,010 : INFO : EventManager : Event: ======'machine_var_audits_switches_s_rollover_right'====== Args={'value': 110, 'prev_value': None, 'change': True}
2022-10-21 11:11:40,010 : INFO : EventManager : Event: ======'machine_var_audits_switches_s_sling_left'====== Args={'value': 46, 'prev_value': None, 'change': True}
2022-10-21 11:11:40,011 : INFO : EventManager : Event: ======'machine_var_audits_switches_s_sling_right'====== Args={'value': 186, 'prev_value': None, 'change': True}
2022-10-21 11:11:40,011 : INFO : EventManager : Event: ======'machine_var_audits_switches_s_start'====== Args={'value': 160, 'prev_value': None, 'change': True}
2022-10-21 11:11:40,012 : INFO : EventManager : Event: ======'machine_var_audits_switches_s_tilt'====== Args={'value': 409, 'prev_value': None, 'change': True}
2022-10-21 11:11:40,012 : INFO : EventManager : Event: ======'machine_var_audits_switches_s_transfer_rollover'====== Args={'value': 3, 'prev_value': None, 'change': True}
2022-10-21 11:11:40,012 : INFO : EventManager : Event: ======'machine_var_audits_switches_s_trough_1'====== Args={'value': 235, 'prev_value': None, 'change': True}
2022-10-21 11:11:40,013 : INFO : EventManager : Event: ======'machine_var_audits_switches_s_trough_2'====== Args={'value': 358, 'prev_value': None, 'change': True}
2022-10-21 11:11:40,013 : INFO : EventManager : Event: ======'machine_var_audits_switches_s_trough_3'====== Args={'value': 232, 'prev_value': None, 'change': True}
2022-10-21 11:11:40,014 : INFO : EventManager : Event: ======'machine_var_audits_switches_s_trough_4'====== Args={'value': 216, 'prev_value': None, 'change': True}
2022-10-21 11:11:40,014 : INFO : EventManager : Event: ======'machine_var_audits_switches_s_trough_5'====== Args={'value': 218, 'prev_value': None, 'change': True}
2022-10-21 11:11:40,015 : INFO : EventManager : Event: ======'machine_var_audits_switches_s_trough_6'====== Args={'value': 293, 'prev_value': None, 'change': True}
2022-10-21 11:11:40,015 : INFO : EventManager : Event: ======'machine_var_audits_switches_s_trough_jam'====== Args={'value': 296, 'prev_value': None, 'change': True}
2022-10-21 11:11:40,016 : INFO : EventManager : Event: ======'machine_var_audits_switches_s_upper_drop'====== Args={'value': 0, 'prev_value': None, 'change': True}
2022-10-21 11:11:40,016 : INFO : EventManager : Event: ======'machine_var_audits_switches_s_upper_rollover'====== Args={'value': 27, 'prev_value': None, 'change': True}
2022-10-21 11:11:40,016 : INFO : EventManager : Event: ======'machine_var_audits_switches_s_upper_stationary'====== Args={'value': 14, 'prev_value': None, 'change': True}
2022-10-21 11:11:40,017 : INFO : EventManager : Event: ======'machine_var_audits_switches_s_vuk_back'====== Args={'value': 1, 'prev_value': None, 'change': True}
2022-10-21 11:11:40,017 : INFO : EventManager : Event: ======'machine_var_audits_switches_s_vuk_right'====== Args={'value': 106, 'prev_value': None, 'change': True}
2022-10-21 11:11:40,018 : INFO : EventManager : Event: ======'machine_var_audits_switches_s_vuk_top'====== Args={'value': 494, 'prev_value': None, 'change': True}
2022-10-21 11:11:40,019 : INFO : EventManager : Event: ======'init_phase_5'====== Args={}
2022-10-21 11:11:40,032 : INFO : EventManager : Event: ======'init_done'====== Args={}
2022-10-21 11:11:40,033 : WARNING : FAST : Port RGB received more messages than were sent! Resetting!
2022-10-21 11:11:40,033 : WARNING : FAST : Port RGB received more messages than were sent! Resetting!
2022-10-21 11:11:40,033 : WARNING : FAST : Port RGB received more messages than were sent! Resetting!
2022-10-21 11:11:40,033 : WARNING : FAST : Port RGB received more messages than were sent! Resetting!
2022-10-21 11:11:40,033 : WARNING : FAST : Port NET received more messages than were sent! Resetting!
2022-10-21 11:11:40,033 : WARNING : FAST : Port NET received more messages than were sent! Resetting!
2022-10-21 11:11:40,033 : WARNING : FAST : Port NET received more messages than were sent! Resetting!
2022-10-21 11:11:40,033 : WARNING : FAST : Port NET received more messages than were sent! Resetting!
2022-10-21 11:11:40,033 : WARNING : FAST : Port NET received more messages than were sent! Resetting!
2022-10-21 11:11:40,033 : WARNING : FAST : Port NET received more messages than were sent! Resetting!
2022-10-21 11:11:40,033 : WARNING : FAST : Port NET received more messages than were sent! Resetting!
2022-10-21 11:11:40,033 : WARNING : FAST : Port NET received more messages than were sent! Resetting!
2022-10-21 11:11:40,033 : WARNING : FAST : Port NET received more messages than were sent! Resetting!
2022-10-21 11:11:40,033 : WARNING : FAST : Port NET received more messages than were sent! Resetting!
2022-10-21 11:11:40,033 : WARNING : FAST : Port NET received more messages than were sent! Resetting!
2022-10-21 11:11:40,033 : WARNING : FAST : Port NET received more messages than were sent! Resetting!
2022-10-21 11:11:40,033 : WARNING : FAST : Port NET received more messages than were sent! Resetting!
2022-10-21 11:11:40,033 : WARNING : FAST : Port NET received more messages than were sent! Resetting!
2022-10-21 11:11:40,033 : WARNING : FAST : Port NET received more messages than were sent! Resetting!
2022-10-21 11:11:40,034 : WARNING : FAST : Port NET received more messages than were sent! Resetting!
2022-10-21 11:11:40,034 : WARNING : FAST : Port NET received more messages than were sent! Resetting!
2022-10-21 11:11:40,034 : WARNING : FAST : Port NET received more messages than were sent! Resetting!
2022-10-21 11:11:40,034 : WARNING : FAST : Port NET received more messages than were sent! Resetting!
2022-10-21 11:11:40,034 : WARNING : FAST : Port NET received more messages than were sent! Resetting!
2022-10-21 11:11:40,034 : WARNING : FAST : Port NET received more messages than were sent! Resetting!
2022-10-21 11:11:40,034 : WARNING : FAST : Port NET received more messages than were sent! Resetting!
2022-10-21 11:11:40,034 : INFO : EventManager : Event: ======'machine_reset_phase_1'====== Args={}
2022-10-21 11:11:40,038 : INFO : EventManager : Event: ======'slide_welcome_slide_removed'====== Args={'_from_bcp': True}
2022-10-21 11:11:40,040 : INFO : EventManager : Event: ======'slide_welcome_slide_created'====== Args={'_from_bcp': True}
2022-10-21 11:11:40,041 : INFO : EventManager : Event: ======'machine_reset_phase_2'====== Args={}
2022-10-21 11:11:40,041 : INFO : EventManager : Event: ======'machine_reset_phase_3'====== Args={}
2022-10-21 11:11:40,041 : INFO : EventManager : Event: ======'mode_tilt_will_start'====== Args={'queue': <QueuedEvent>}
2022-10-21 11:11:40,042 : INFO : EventManager : Event: ======'mode_tilt_starting'====== Args={'queue': <QueuedEvent>}
2022-10-21 11:11:40,042 : INFO : Mode.tilt : Started. Priority: 1000000
2022-10-21 11:11:40,042 : INFO : EventManager : Event: ======'modes_active_modes_changed'====== Args={}
2022-10-21 11:11:40,042 : INFO : EventManager : Event: ======'mode_tilt_started'====== Args={'queue': <QueuedEvent>}
2022-10-21 11:11:40,042 : INFO : EventManager : Event: ======'reset_complete'====== Args={}
2022-10-21 11:11:40,043 : INFO : EventManager : Event: ======'mode_attract_will_start'====== Args={}
2022-10-21 11:11:40,043 : INFO : EventManager : Event: ======'mode_attract_starting'====== Args={}
2022-10-21 11:11:40,043 : INFO : Mode.attract : Started. Priority: 10
2022-10-21 11:11:40,043 : INFO : EventManager : Event: ======'modes_active_modes_changed'====== Args={}
2022-10-21 11:11:40,043 : INFO : EventManager : Event: ======'mode_attract_started'====== Args={}
2022-10-21 11:11:40,044 : INFO : EventManager : Event: ======'collecting_balls_complete'====== Args={}
2022-10-21 11:11:40,044 : INFO : EventManager : Event: ======'slide_welcome_slide_active'====== Args={'_from_bcp': True}
2022-10-21 11:11:40,079 : INFO : EventManager : Event: ======'slide_press_start_created'====== Args={'_from_bcp': True}
2022-10-21 11:11:40,079 : INFO : EventManager : Event: ======'slide_press_start_active'====== Args={'_from_bcp': True}
2022-10-21 11:11:40,080 : INFO : Machine : Starting the main run loop.
2022-10-21 11:11:43,066 : INFO : EventManager : Event: ======'slide_mission_pinball_created'====== Args={'_from_bcp': True}
2022-10-21 11:11:43,066 : INFO : EventManager : Event: ======'slide_mission_pinball_active'====== Args={'_from_bcp': True}
2022-10-21 11:11:46,055 : INFO : EventManager : Event: ======'slide_last_game_score_slide_created'====== Args={'_from_bcp': True}
2022-10-21 11:11:46,056 : INFO : EventManager : Event: ======'slide_last_game_score_slide_active'====== Args={'_from_bcp': True}
2022-10-21 11:11:46,637 : INFO : SwitchController : <<<<<<< 's_start' active >>>>>>>
2022-10-21 11:11:46,877 : INFO : SwitchController : <<<<<<< 's_start' inactive >>>>>>>
2022-10-21 11:11:46,877 : INFO : EventManager : Event: ======'request_to_start_game'====== Args={}
2022-10-21 11:11:46,878 : INFO : EventManager : Event: ======'game_start'====== Args={'buttons': [], 'hold_time': 0.23500000000058208}
2022-10-21 11:11:46,878 : INFO : EventManager : Event: ======'mode_game_will_start'====== Args={'buttons': [], 'hold_time': 0.23500000000058208}
2022-10-21 11:11:46,878 : INFO : EventManager : Event: ======'mode_game_starting'====== Args={'buttons': [], 'hold_time': 0.23500000000058208}
2022-10-21 11:11:46,878 : INFO : EventManager : Event: ======'mode_attract_will_stop'====== Args={}
2022-10-21 11:11:46,879 : INFO : EventManager : Event: ======'mode_attract_stopping'====== Args={}
2022-10-21 11:11:46,879 : INFO : Mode.attract : Stopped.
2022-10-21 11:11:46,879 : INFO : EventManager : Event: ======'modes_active_modes_changed'====== Args={}
2022-10-21 11:11:46,880 : INFO : EventManager : Event: ======'mode_attract_stopped'====== Args={}
2022-10-21 11:11:46,880 : INFO : EventManager : Event: ======'clear'====== Args={'key': 'attract'}
2022-10-21 11:11:46,880 : INFO : Mode.game : Started. Priority: 20
2022-10-21 11:11:46,880 : INFO : EventManager : Event: ======'modes_active_modes_changed'====== Args={}
2022-10-21 11:11:46,880 : INFO : EventManager : Event: ======'mode_game_started'====== Args={'buttons': [], 'hold_time': 0.23500000000058208}
2022-10-21 11:11:46,886 : INFO : EventManager : Event: ======'game_will_start'====== Args={}
2022-10-21 11:11:46,887 : INFO : EventManager : Event: ======'slide_press_start_removed'====== Args={'_from_bcp': True}
2022-10-21 11:11:46,887 : INFO : EventManager : Event: ======'slide_mission_pinball_removed'====== Args={'_from_bcp': True}
2022-10-21 11:11:46,887 : INFO : EventManager : Event: ======'slide_last_game_score_slide_removed'====== Args={'_from_bcp': True}
2022-10-21 11:11:46,887 : INFO : EventManager : Event: ======'slide_welcome_slide_active'====== Args={'_from_bcp': True}
2022-10-21 11:11:46,887 : INFO : EventManager : Event: ======'game_starting'====== Args={'game': <Mode.game>}
2022-10-21 11:11:46,888 : INFO : EventManager : Event: ======'player_add_request'====== Args={}
2022-10-21 11:11:46,888 : INFO : EventManager : Event: ======'player_will_add'====== Args={'number': 1}
2022-10-21 11:11:46,888 : INFO : EventManager : Event: ======'player_adding'====== Args={'player': <Player 1>, 'number': 1}
2022-10-21 11:11:46,888 : INFO : EventManager : Event: ======'player_added'====== Args={'player': <Player 1>, 'num': 1}
2022-10-21 11:11:46,888 : INFO : Mode.game : Player added successfully. Total players: 1
2022-10-21 11:11:46,889 : INFO : EventManager : Event: ======'player_index'====== Args={'value': 0, 'prev_value': 0, 'change': 0, 'player_num': 1}
2022-10-21 11:11:46,889 : INFO : EventManager : Event: ======'player_number'====== Args={'value': 1, 'prev_value': 1, 'change': 0, 'player_num': 1}
2022-10-21 11:11:46,889 : INFO : EventManager : Event: ======'player_score'====== Args={'value': 0, 'prev_value': 0, 'change': 0, 'player_num': 1}
2022-10-21 11:11:46,889 : INFO : EventManager : Event: ======'game_started'====== Args={}
2022-10-21 11:11:46,905 : INFO : EventManager : Event: ======'player_turn_will_start'====== Args={'player': <Player 1>, 'number': 1}
2022-10-21 11:11:46,905 : INFO : EventManager : Event: ======'player_turn_starting'====== Args={'player': <Player 1>, 'number': 1}
2022-10-21 11:11:46,906 : INFO : EventManager : Event: ======'player_ball'====== Args={'value': 1, 'prev_value': 0, 'change': 1, 'player_num': 1}
2022-10-21 11:11:46,906 : INFO : EventManager : Event: ======'player_turn_started'====== Args={'player': <Player 1>, 'number': 1}
2022-10-21 11:11:46,907 : INFO : EventManager : Event: ======'ball_will_start'====== Args={'player': 1, 'ball': 1, 'balls_remaining': 2, 'is_extra_ball': False}
2022-10-21 11:11:46,910 : INFO : EventManager : Event: ======'ball_starting'====== Args={'player': 1, 'ball': 1, 'balls_remaining': 2, 'is_extra_ball': False}
2022-10-21 11:11:46,910 : INFO : EventManager : Event: ======'mode_lane_rotate_will_start'====== Args={'queue': <QueuedEvent>, 'player': 1, 'ball': 1, 'balls_remaining': 2, 'is_extra_ball': False}
2022-10-21 11:11:46,910 : INFO : EventManager : Event: ======'player_shot_r_left_outlane_enabled'====== Args={'value': True, 'prev_value': 0, 'change': 1, 'player_num': 1}
2022-10-21 11:11:46,911 : INFO : EventManager : Event: ======'player_shot_r_left_inlane_enabled'====== Args={'value': True, 'prev_value': 0, 'change': 1, 'player_num': 1}
2022-10-21 11:11:46,911 : INFO : EventManager : Event: ======'player_shot_r_right_inlane_enabled'====== Args={'value': True, 'prev_value': 0, 'change': 1, 'player_num': 1}
2022-10-21 11:11:46,912 : INFO : EventManager : Event: ======'player_shot_r_right_outlane_enabled'====== Args={'value': True, 'prev_value': 0, 'change': 1, 'player_num': 1}
2022-10-21 11:11:46,913 : INFO : EventManager : Event: ======'mode_lane_rotate_starting'====== Args={'queue': <QueuedEvent>, 'player': 1, 'ball': 1, 'balls_remaining': 2, 'is_extra_ball': False}
2022-10-21 11:11:46,913 : INFO : EventManager : Event: ======'mode_base_will_start'====== Args={'queue': <QueuedEvent>, 'player': 1, 'ball': 1, 'balls_remaining': 2, 'is_extra_ball': False}
2022-10-21 11:11:46,913 : INFO : EventManager : Event: ======'player_shot_left_inlane_enabled'====== Args={'value': True, 'prev_value': 0, 'change': 1, 'player_num': 1}
2022-10-21 11:11:46,913 : INFO : EventManager : Event: ======'player_shot_left_outlane_enabled'====== Args={'value': True, 'prev_value': 0, 'change': 1, 'player_num': 1}
2022-10-21 11:11:46,913 : INFO : EventManager : Event: ======'player_shot_right_inlane_enabled'====== Args={'value': True, 'prev_value': 0, 'change': 1, 'player_num': 1}
2022-10-21 11:11:46,914 : INFO : EventManager : Event: ======'player_shot_right_outlane_enabled'====== Args={'value': True, 'prev_value': 0, 'change': 1, 'player_num': 1}
2022-10-21 11:11:46,914 : INFO : EventManager : Event: ======'player_shot_left_orbit_enabled'====== Args={'value': True, 'prev_value': 0, 'change': 1, 'player_num': 1}
2022-10-21 11:11:46,914 : INFO : EventManager : Event: ======'player_shot_small_cw_orbit_enabled'====== Args={'value': True, 'prev_value': 0, 'change': 1, 'player_num': 1}
2022-10-21 11:11:46,914 : INFO : EventManager : Event: ======'player_shot_small_ccw_orbit_enabled'====== Args={'value': True, 'prev_value': 0, 'change': 1, 'player_num': 1}
2022-10-21 11:11:46,915 : INFO : EventManager : Event: ======'player_shot_left_pop_enabled'====== Args={'value': True, 'prev_value': 0, 'change': 1, 'player_num': 1}
2022-10-21 11:11:46,915 : INFO : EventManager : Event: ======'player_shot_right_pop_enabled'====== Args={'value': True, 'prev_value': 0, 'change': 1, 'player_num': 1}
2022-10-21 11:11:46,915 : INFO : EventManager : Event: ======'player_shot_lower_pop_enabled'====== Args={'value': True, 'prev_value': 0, 'change': 1, 'player_num': 1}
2022-10-21 11:11:46,916 : INFO : EventManager : Event: ======'player_shot_scoop_enabled'====== Args={'value': True, 'prev_value': 0, 'change': 1, 'player_num': 1}
2022-10-21 11:11:46,916 : INFO : EventManager : Event: ======'player_shot_left_return_enabled'====== Args={'value': True, 'prev_value': 0, 'change': 1, 'player_num': 1}
2022-10-21 11:11:46,916 : INFO : EventManager : Event: ======'player_shot_single_drop_shot_enabled'====== Args={'value': True, 'prev_value': 0, 'change': 1, 'player_num': 1}
2022-10-21 11:11:46,918 : INFO : EventManager : Event: ======'mode_base_starting'====== Args={'queue': <QueuedEvent>, 'player': 1, 'ball': 1, 'balls_remaining': 2, 'is_extra_ball': False}
2022-10-21 11:11:46,918 : INFO : Mode.base : Started. Priority: 100
2022-10-21 11:11:46,918 : INFO : EventManager : Event: ======'modes_active_modes_changed'====== Args={}
2022-10-21 11:11:46,918 : INFO : EventManager : Event: ======'mode_base_started'====== Args={'queue': <QueuedEvent>, 'player': 1, 'ball': 1, 'balls_remaining': 2, 'is_extra_ball': False}
2022-10-21 11:11:46,918 : INFO : Mode.lane_rotate : Started. Priority: 100
2022-10-21 11:11:46,918 : INFO : EventManager : Event: ======'modes_active_modes_changed'====== Args={}
2022-10-21 11:11:46,919 : INFO : EventManager : Event: ======'mode_lane_rotate_started'====== Args={'queue': <QueuedEvent>, 'player': 1, 'ball': 1, 'balls_remaining': 2, 'is_extra_ball': False}
2022-10-21 11:11:46,919 : INFO : EventManager : Event: ======'balls_in_play'====== Args={'balls': 1}
2022-10-21 11:11:46,919 : INFO : EventManager : Event: ======'ball_started'====== Args={'player': 1, 'ball': 1, 'balls_remaining': 2, 'is_extra_ball': False}
2022-10-21 11:11:46,919 : INFO : drop_target_bank.single_main : All targets are already up. Will not reset bank.
2022-10-21 11:11:46,919 : INFO : drop_target_bank.single_upper : 1 targets are down. Will reset those.
2022-10-21 11:11:46,919 : INFO : coil.c_drop_upper : Pulsing Driver for 10ms (1.0 pulse_power)
2022-10-21 11:11:46,919 : INFO : drop_target_bank.mid : All targets are already up. Will not reset bank.
2022-10-21 11:11:46,919 : INFO : drop_target_bank.right : All targets are already up. Will not reset bank.
2022-10-21 11:11:46,948 : INFO : EventManager : Event: ======'single_player_ball_started'====== Args={}
2022-10-21 11:11:46,948 : INFO : EventManager : Event: ======'slide_base.slide_player-mode_base_started_created'====== Args={'_from_bcp': True}
2022-10-21 11:11:46,948 : INFO : EventManager : Event: ======'slide_base.slide_player-mode_base_started_active'====== Args={'_from_bcp': True}
2022-10-21 11:11:46,949 : INFO : EventManager : Event: ======'ball_start_target'====== Args={'target': 'playfield'}
2022-10-21 11:11:46,949 : INFO : ball_device.bd_plunger : Setting up player-controlled eject. Balls: 1, Target: <playfield.playfield>, player_controlled_eject_event: s_launch_active
2022-10-21 11:11:46,949 : INFO : EventManager : Event: ======'balldevice_balls_available'====== Args={}
2022-10-21 11:11:46,950 : INFO : ball_device.bd_trough : State: waiting_for_target_ready
2022-10-21 11:11:46,950 : INFO : EventManager : Event: ======'balldevice_bd_trough_ball_eject_attempt'====== Args={'balls': 1, 'target': <ball_device.bd_plunger>, 'source': <ball_device.bd_trough>, 'mechanical_eject': True, 'num_attempts': 0}
2022-10-21 11:11:46,950 : INFO : ball_device.bd_plunger : State: waiting_for_ball
2022-10-21 11:11:46,950 : INFO : ball_device.bd_top_vuk : State: waiting_for_ball
2022-10-21 11:11:46,951 : INFO : ball_device.bd_trough : State: ejecting
2022-10-21 11:11:46,951 : INFO : ball_device.bd_trough : Ejecting ball to <ball_device.bd_plunger>
2022-10-21 11:11:46,951 : INFO : EventManager : Event: ======'balldevice_bd_trough_ejecting_ball'====== Args={'balls': 1, 'target': <ball_device.bd_plunger>, 'source': <ball_device.bd_trough>, 'mechanical_eject': True, 'num_attempts': 0}
2022-10-21 11:11:46,951 : INFO : ball_device.bd_trough : Wait for ball to leave device
2022-10-21 11:11:46,952 : INFO : coil.c_trough : Pulsing Driver for 25ms (0.8 pulse_power)
2022-10-21 11:11:47,069 : INFO : SwitchController : <<<<<<< 's_trough_1' active >>>>>>>
2022-10-21 11:11:47,069 : INFO : EventManager : Event: ======'machine_var_audits_switches_s_trough_1'====== Args={'value': 236, 'prev_value': 235, 'change': 1}
2022-10-21 11:11:47,069 : INFO : SwitchController : <<<<<<< 's_eos_right' active >>>>>>>
2022-10-21 11:11:47,070 : INFO : EventManager : Event: ======'machine_var_audits_switches_s_eos_right'====== Args={'value': 1449, 'prev_value': 1448, 'change': 1}
2022-10-21 11:11:47,091 : INFO : SwitchController : <<<<<<< 's_eos_right' inactive >>>>>>>
2022-10-21 11:11:47,091 : INFO : SwitchController : <<<<<<< 's_trough_1' inactive >>>>>>>
2022-10-21 11:11:47,091 : INFO : SwitchController : <<<<<<< 's_trough_jam' inactive >>>>>>>
2022-10-21 11:11:47,097 : INFO : ball_device.bd_trough : State: ball_left
2022-10-21 11:11:47,097 : INFO : ball_device.bd_trough : Ball left
2022-10-21 11:11:47,097 : INFO : ball_device.bd_trough : Wait for confirm with timeout 10.0
2022-10-21 11:11:47,116 : INFO : SwitchController : <<<<<<< 's_eos_right' active >>>>>>>
2022-10-21 11:11:47,116 : INFO : EventManager : Event: ======'machine_var_audits_switches_s_eos_right'====== Args={'value': 1450, 'prev_value': 1449, 'change': 1}
2022-10-21 11:11:47,116 : INFO : SwitchController : <<<<<<< 's_eos_right' inactive >>>>>>>
2022-10-21 11:11:47,116 : INFO : SwitchController : <<<<<<< 's_eos_right' active >>>>>>>
2022-10-21 11:11:47,117 : INFO : EventManager : Event: ======'machine_var_audits_switches_s_eos_right'====== Args={'value': 1451, 'prev_value': 1450, 'change': 1}
2022-10-21 11:11:47,136 : INFO : SwitchController : <<<<<<< 's_eos_right' inactive >>>>>>>
2022-10-21 11:11:47,243 : INFO : SwitchController : <<<<<<< 's_trough_3' inactive >>>>>>>
2022-10-21 11:11:47,267 : INFO : SwitchController : <<<<<<< 's_trough_2' inactive >>>>>>>
2022-10-21 11:11:47,322 : INFO : SwitchController : <<<<<<< 's_trough_jam' active >>>>>>>
2022-10-21 11:11:47,322 : INFO : EventManager : Event: ======'machine_var_audits_switches_s_trough_jam'====== Args={'value': 297, 'prev_value': 296, 'change': 1}
2022-10-21 11:11:47,370 : INFO : SwitchController : <<<<<<< 's_autolauncher' active >>>>>>>
2022-10-21 11:11:47,370 : INFO : EventManager : Event: ======'machine_var_audits_switches_s_autolauncher'====== Args={'value': 233, 'prev_value': 232, 'change': 1}
2022-10-21 11:11:47,390 : INFO : SwitchController : <<<<<<< 's_trough_2' active >>>>>>>
2022-10-21 11:11:47,390 : INFO : EventManager : Event: ======'machine_var_audits_switches_s_trough_2'====== Args={'value': 359, 'prev_value': 358, 'change': 1}
2022-10-21 11:11:47,881 : INFO : ball_device.bd_plunger : Received ball from <ball_device.bd_trough>
2022-10-21 11:11:47,881 : INFO : EventManager : Event: ======'balldevice_bd_plunger_ball_enter'====== Args={'new_balls': 1, 'unclaimed_balls': 0, 'new_available_balls': 0, 'device': <ball_device.bd_plunger>}
2022-10-21 11:11:47,882 : INFO : EventManager : Event: ======'balldevice_bd_plunger_ball_entered'====== Args={'new_balls': 0, 'device': <ball_device.bd_plunger>}
2022-10-21 11:11:47,882 : INFO : EventManager : Event: ======'balldevice_bd_plunger_ball_count_changed'====== Args={'balls': 1}
2022-10-21 11:11:47,882 : INFO : ball_device.bd_trough : Got eject confirm
2022-10-21 11:11:47,882 : INFO : ball_device.bd_trough : Eject successful
2022-10-21 11:11:47,882 : INFO : EventManager : Event: ======'balldevice_bd_trough_ball_eject_success'====== Args={'balls': 1, 'target': <ball_device.bd_plunger>}
2022-10-21 11:11:47,882 : INFO : ball_device.bd_plunger : State: waiting_for_target_ready
2022-10-21 11:11:47,882 : INFO : EventManager : Event: ======'balldevice_bd_plunger_ball_eject_attempt'====== Args={'balls': 1, 'target': <ball_device.bd_top_vuk>, 'source': <ball_device.bd_plunger>, 'mechanical_eject': True, 'num_attempts': 0}
2022-10-21 11:11:47,883 : INFO : ball_device.bd_plunger : State: ejecting
2022-10-21 11:11:47,883 : INFO : ball_device.bd_plunger : Ejecting ball to <ball_device.bd_top_vuk>
2022-10-21 11:11:47,883 : INFO : EventManager : Event: ======'balldevice_bd_plunger_ejecting_ball'====== Args={'balls': 1, 'target': <ball_device.bd_top_vuk>, 'source': <ball_device.bd_plunger>, 'mechanical_eject': True, 'num_attempts': 0}
2022-10-21 11:11:47,883 : INFO : EventManager : Event: ======'balldevice_bd_trough_ball_count_changed'====== Args={'balls': 2}
2022-10-21 11:11:47,883 : INFO : ball_device.bd_trough : State: idle
2022-10-21 11:11:47,884 : INFO : ball_device.bd_plunger : Wait for ball to leave device
2022-10-21 11:11:48,616 : INFO : SwitchController : <<<<<<< 's_launch' active >>>>>>>
2022-10-21 11:11:48,616 : INFO : EventManager : Event: ======'s_launch_active'====== Args={}
2022-10-21 11:11:48,616 : INFO : EventManager : Event: ======'machine_var_audits_switches_s_launch'====== Args={'value': 233, 'prev_value': 232, 'change': 1}
2022-10-21 11:11:48,622 : INFO : coil.c_autolauncher : Pulsing Driver for 12ms (1.0 pulse_power)
2022-10-21 11:11:48,664 : INFO : SwitchController : <<<<<<< 's_autolauncher' inactive >>>>>>>
2022-10-21 11:11:48,668 : INFO : ball_device.bd_plunger : State: ball_left
2022-10-21 11:11:48,668 : INFO : ball_device.bd_plunger : Ball left
2022-10-21 11:11:48,668 : INFO : ball_device.bd_plunger : Wait for confirm with timeout 2.0
2022-10-21 11:11:48,680 : INFO : SwitchController : <<<<<<< 's_launch' inactive >>>>>>>
2022-10-21 11:11:49,444 : INFO : SwitchController : <<<<<<< 's_vuk_top' active >>>>>>>
2022-10-21 11:11:49,444 : INFO : EventManager : Event: ======'machine_var_audits_switches_s_vuk_top'====== Args={'value': 495, 'prev_value': 494, 'change': 1}
2022-10-21 11:11:49,938 : INFO : ball_device.bd_top_vuk : Received ball from <ball_device.bd_plunger>
2022-10-21 11:11:49,938 : INFO : EventManager : Event: ======'balldevice_bd_top_vuk_ball_enter'====== Args={'new_balls': 1, 'unclaimed_balls': 0, 'new_available_balls': 0, 'device': <ball_device.bd_top_vuk>}
2022-10-21 11:11:49,938 : INFO : EventManager : Event: ======'balldevice_bd_top_vuk_ball_entered'====== Args={'new_balls': 0, 'device': <ball_device.bd_top_vuk>}
2022-10-21 11:11:49,939 : INFO : EventManager : Event: ======'balldevice_bd_top_vuk_ball_count_changed'====== Args={'balls': 1}
2022-10-21 11:11:49,939 : INFO : ball_device.bd_plunger : Got eject confirm
2022-10-21 11:11:49,939 : INFO : ball_device.bd_plunger : Eject successful
2022-10-21 11:11:49,939 : INFO : EventManager : Event: ======'balldevice_bd_plunger_ball_eject_success'====== Args={'balls': 1, 'target': <ball_device.bd_top_vuk>}
2022-10-21 11:11:49,939 : INFO : ball_device.bd_top_vuk : State: waiting_for_target_ready
2022-10-21 11:11:49,939 : INFO : EventManager : Event: ======'balldevice_bd_top_vuk_ball_eject_attempt'====== Args={'balls': 1, 'target': <playfield.playfield>, 'source': <ball_device.bd_top_vuk>, 'mechanical_eject': True, 'num_attempts': 0}
2022-10-21 11:11:49,940 : INFO : EventManager : Event: ======'balldevice_bd_plunger_ball_count_changed'====== Args={'balls': 0}
2022-10-21 11:11:49,940 : INFO : ball_device.bd_plunger : State: idle
2022-10-21 11:11:49,940 : INFO : ball_device.bd_top_vuk : State: ejecting
2022-10-21 11:11:49,940 : INFO : ball_device.bd_top_vuk : Ejecting ball to <playfield.playfield>
2022-10-21 11:11:49,940 : INFO : EventManager : Event: ======'balldevice_bd_top_vuk_ejecting_ball'====== Args={'balls': 1, 'target': <playfield.playfield>, 'source': <ball_device.bd_top_vuk>, 'mechanical_eject': True, 'num_attempts': 0}
2022-10-21 11:11:49,941 : INFO : ball_device.bd_top_vuk : Wait for ball to leave device
2022-10-21 11:11:49,941 : INFO : coil.c_top_vuk : Pulsing Driver for 100ms (1.0 pulse_power)
2022-10-21 11:11:51,921 : INFO : EventManager : Event: ======'balldevice_bd_top_vuk_ball_eject_failed'====== Args={'target': <playfield.playfield>, 'balls': 1, 'retry': True, 'num_attempts': 1}
2022-10-21 11:11:51,921 : INFO : ball_device.bd_top_vuk : State: waiting_for_target_ready
2022-10-21 11:11:51,922 : INFO : EventManager : Event: ======'balldevice_bd_top_vuk_ball_eject_attempt'====== Args={'balls': 1, 'target': <playfield.playfield>, 'source': <ball_device.bd_top_vuk>, 'mechanical_eject': True, 'num_attempts': 1}
2022-10-21 11:11:51,922 : INFO : ball_device.bd_top_vuk : State: ejecting
2022-10-21 11:11:51,922 : INFO : ball_device.bd_top_vuk : Ejecting ball to <playfield.playfield>
2022-10-21 11:11:51,922 : INFO : EventManager : Event: ======'balldevice_bd_top_vuk_ejecting_ball'====== Args={'balls': 1, 'target': <playfield.playfield>, 'source': <ball_device.bd_top_vuk>, 'mechanical_eject': True, 'num_attempts': 1}
2022-10-21 11:11:51,922 : INFO : ball_device.bd_top_vuk : Wait for ball to leave device
2022-10-21 11:11:51,923 : INFO : coil.c_top_vuk : Pulsing Driver for 100ms (1.0 pulse_power)
2022-10-21 11:11:52,079 : INFO : SwitchController : <<<<<<< 's_vuk_top' inactive >>>>>>>
2022-10-21 11:11:52,083 : INFO : ball_device.bd_top_vuk : State: ball_left
2022-10-21 11:11:52,083 : INFO : ball_device.bd_top_vuk : Ball left
2022-10-21 11:11:52,084 : INFO : ball_device.bd_top_vuk : Wait for confirm with timeout 2.0
2022-10-21 11:11:52,399 : INFO : SwitchController : <<<<<<< 's_vuk_top' active >>>>>>>
2022-10-21 11:11:52,399 : INFO : EventManager : Event: ======'machine_var_audits_switches_s_vuk_top'====== Args={'value': 496, 'prev_value': 495, 'change': 1}
2022-10-21 11:11:54,077 : INFO : ball_device.bd_top_vuk : State: failed_confirm
2022-10-21 11:11:54,077 : INFO : ball_device.bd_top_vuk : Got timeout (2.0s) before confirm from <playfield.playfield>
2022-10-21 11:11:54,173 : INFO : ball_device.bd_top_vuk : Got unknown balls. Assuming a ball returned.
2022-10-21 11:11:54,173 : INFO : EventManager : Event: ======'balldevice_bd_top_vuk_ball_eject_failed'====== Args={'target': <playfield.playfield>, 'balls': 1, 'retry': True, 'num_attempts': 2}
2022-10-21 11:11:54,173 : INFO : ball_device.bd_top_vuk : State: waiting_for_target_ready
2022-10-21 11:11:54,174 : INFO : EventManager : Event: ======'balldevice_bd_top_vuk_ball_eject_attempt'====== Args={'balls': 1, 'target': <playfield.playfield>, 'source': <ball_device.bd_top_vuk>, 'mechanical_eject': True, 'num_attempts': 2}
2022-10-21 11:11:54,174 : INFO : ball_device.bd_top_vuk : State: ejecting
2022-10-21 11:11:54,174 : INFO : ball_device.bd_top_vuk : Ejecting ball to <playfield.playfield>
2022-10-21 11:11:54,174 : INFO : EventManager : Event: ======'balldevice_bd_top_vuk_ejecting_ball'====== Args={'balls': 1, 'target': <playfield.playfield>, 'source': <ball_device.bd_top_vuk>, 'mechanical_eject': True, 'num_attempts': 2}
2022-10-21 11:11:54,175 : INFO : ball_device.bd_top_vuk : Wait for ball to leave device
2022-10-21 11:11:54,175 : INFO : coil.c_top_vuk : Pulsing Driver for 100ms (1.0 pulse_power)
2022-10-21 11:11:54,333 : INFO : SwitchController : <<<<<<< 's_vuk_top' inactive >>>>>>>
2022-10-21 11:11:54,337 : INFO : ball_device.bd_top_vuk : State: ball_left
2022-10-21 11:11:54,337 : INFO : ball_device.bd_top_vuk : Ball left
2022-10-21 11:11:54,337 : INFO : ball_device.bd_top_vuk : Wait for confirm with timeout 2.0
2022-10-21 11:11:55,148 : INFO : SwitchController : <<<<<<< 's_right_flipper' active >>>>>>>
2022-10-21 11:11:55,148 : INFO : EventManager : Event: ======'machine_var_audits_switches_s_right_flipper'====== Args={'value': 1851, 'prev_value': 1850, 'change': 1}
2022-10-21 11:11:55,180 : INFO : SwitchController : <<<<<<< 's_eos_right' active >>>>>>>
2022-10-21 11:11:55,180 : INFO : EventManager : Event: ======'machine_var_audits_switches_s_eos_right'====== Args={'value': 1452, 'prev_value': 1451, 'change': 1}
2022-10-21 11:11:55,307 : INFO : SwitchController : <<<<<<< 's_right_flipper' inactive >>>>>>>
2022-10-21 11:11:55,387 : INFO : SwitchController : <<<<<<< 's_left_flipper' active >>>>>>>
2022-10-21 11:11:55,387 : INFO : EventManager : Event: ======'machine_var_audits_switches_s_left_flipper'====== Args={'value': 1696, 'prev_value': 1695, 'change': 1}
2022-10-21 11:11:55,408 : INFO : SwitchController : <<<<<<< 's_eos_left_top' active >>>>>>>
2022-10-21 11:11:55,408 : INFO : EventManager : Event: ======'machine_var_audits_switches_s_eos_left_top'====== Args={'value': 1548, 'prev_value': 1547, 'change': 1}
2022-10-21 11:11:55,409 : INFO : SwitchController : <<<<<<< 's_eos_right' inactive >>>>>>>
2022-10-21 11:11:55,484 : INFO : SwitchController : <<<<<<< 's_right_flipper' active >>>>>>>
2022-10-21 11:11:55,484 : INFO : EventManager : Event: ======'flipper_cancel'====== Args={'triggering_group': 2, 'triggering_switch': 's_right_flipper'}
2022-10-21 11:11:55,484 : INFO : EventManager : Event: ======'machine_var_audits_switches_s_right_flipper'====== Args={'value': 1852, 'prev_value': 1851, 'change': 1}
2022-10-21 11:11:55,504 : INFO : SwitchController : <<<<<<< 's_right_flipper' inactive >>>>>>>
2022-10-21 11:11:55,504 : INFO : EventManager : Event: ======'both_flippers_one'====== Args={'triggering_group': 2, 'triggering_switch': 's_right_flipper'}
2022-10-21 11:11:55,504 : INFO : SwitchController : <<<<<<< 's_right_flipper' active >>>>>>>
2022-10-21 11:11:55,504 : INFO : EventManager : Event: ======'flipper_cancel'====== Args={'triggering_group': 2, 'triggering_switch': 's_right_flipper'}
2022-10-21 11:11:55,504 : INFO : EventManager : Event: ======'machine_var_audits_switches_s_right_flipper'====== Args={'value': 1853, 'prev_value': 1852, 'change': 1}
2022-10-21 11:11:55,532 : INFO : SwitchController : <<<<<<< 's_eos_right' active >>>>>>>
2022-10-21 11:11:55,532 : INFO : EventManager : Event: ======'machine_var_audits_switches_s_eos_right'====== Args={'value': 1453, 'prev_value': 1452, 'change': 1}
2022-10-21 11:11:55,533 : INFO : SwitchController : <<<<<<< 's_right_flipper' inactive >>>>>>>
2022-10-21 11:11:55,533 : INFO : EventManager : Event: ======'both_flippers_one'====== Args={'triggering_group': 2, 'triggering_switch': 's_right_flipper'}
2022-10-21 11:11:55,596 : INFO : SwitchController : <<<<<<< 's_left_flipper' inactive >>>>>>>
2022-10-21 11:11:55,596 : INFO : EventManager : Event: ======'both_flippers_inactive'====== Args={'triggering_group': 1, 'triggering_switch': 's_left_flipper'}
2022-10-21 11:11:55,644 : INFO : SwitchController : <<<<<<< 's_eos_right' inactive >>>>>>>
2022-10-21 11:11:55,692 : INFO : SwitchController : <<<<<<< 's_eos_left_top' inactive >>>>>>>
2022-10-21 11:11:56,333 : INFO : ball_device.bd_top_vuk : State: failed_confirm
2022-10-21 11:11:56,333 : INFO : ball_device.bd_top_vuk : Got timeout (2.0s) before confirm from <playfield.playfield>
2022-10-21 11:11:56,428 : INFO : ball_device.bd_top_vuk : Confirming eject because target is playfield and ball did not return.
2022-10-21 11:11:56,428 : INFO : ball_device.bd_top_vuk : Eject successful
2022-10-21 11:11:56,428 : INFO : EventManager : Event: ======'balldevice_bd_top_vuk_ball_eject_success'====== Args={'balls': 1, 'target': <playfield.playfield>}
2022-10-21 11:11:56,428 : INFO : EventManager : Event: ======'balldevice_playfield_ball_enter'====== Args={'new_balls': 1, 'unclaimed_balls': 1, 'device': <playfield.playfield>}
2022-10-21 11:11:56,428 : INFO : EventManager : Event: ======'playfield_ball_count_change'====== Args={'balls': 1, 'change': 1}
2022-10-21 11:11:56,428 : INFO : EventManager : Event: ======'balldevice_bd_top_vuk_ball_count_changed'====== Args={'balls': 0}
2022-10-21 11:11:56,429 : INFO : ball_device.bd_top_vuk : State: idle
2022-10-21 11:11:56,779 : INFO : SwitchController : <<<<<<< 's_right_inlane' active >>>>>>>
2022-10-21 11:11:56,779 : INFO : EventManager : Event: ======'s_right_inlane_active'====== Args={}
2022-10-21 11:11:56,779 : INFO : EventManager : Event: ======'sw_playfield_active'====== Args={}
2022-10-21 11:11:56,779 : INFO : EventManager : Event: ======'machine_var_audits_switches_s_right_inlane'====== Args={'value': 44, 'prev_value': 43, 'change': 1}
2022-10-21 11:11:56,780 : INFO : SwitchController : <<<<<<< 's_eos_right' active >>>>>>>
2022-10-21 11:11:56,780 : INFO : EventManager : Event: ======'machine_var_audits_switches_s_eos_right'====== Args={'value': 1454, 'prev_value': 1453, 'change': 1}
2022-10-21 11:11:56,780 : INFO : SwitchController : <<<<<<< 's_right_inlane' inactive >>>>>>>
2022-10-21 11:11:56,781 : INFO : EventManager : Event: ======'player_shot_r_right_inlane'====== Args={'value': 1, 'prev_value': 0, 'change': 1, 'player_num': 1}
2022-10-21 11:11:56,781 : INFO : EventManager : Event: ======'machine_var_audits_shots_r_right_inlane'====== Args={'value': 37, 'prev_value': 36, 'change': 1}
2022-10-21 11:11:56,781 : INFO : EventManager : Event: ======'r_right_inlane_hit'====== Args={'profile': 'inout_lane_profile', 'state': None, 'advancing': True}
2022-10-21 11:11:56,781 : INFO : EventManager : Event: ======'r_right_inlane_inout_lane_profile_hit'====== Args={'profile': 'inout_lane_profile', 'state': None, 'advancing': True}
2022-10-21 11:11:56,782 : INFO : EventManager : Event: ======'r_right_inlane_inout_lane_profile_None_hit'====== Args={'profile': 'inout_lane_profile', 'state': None, 'advancing': True}
2022-10-21 11:11:56,782 : INFO : EventManager : Event: ======'r_right_inlane_None_hit'====== Args={'profile': 'inout_lane_profile', 'state': None, 'advancing': True}
2022-10-21 11:11:56,782 : INFO : EventManager : Event: ======'player_shot_right_inlane'====== Args={'value': 1, 'prev_value': 0, 'change': 1, 'player_num': 1}
2022-10-21 11:11:56,782 : INFO : EventManager : Event: ======'machine_var_audits_shots_right_inlane'====== Args={'value': 37, 'prev_value': 36, 'change': 1}
2022-10-21 11:11:56,782 : INFO : EventManager : Event: ======'right_inlane_hit'====== Args={'profile': 'default', 'state': 'unlit', 'advancing': True}
2022-10-21 11:11:56,782 : INFO : EventManager : Event: ======'right_inlane_default_hit'====== Args={'profile': 'default', 'state': 'unlit', 'advancing': True}
2022-10-21 11:11:56,782 : INFO : EventManager : Event: ======'right_inlane_default_unlit_hit'====== Args={'profile': 'default', 'state': 'unlit', 'advancing': True}
2022-10-21 11:11:56,782 : INFO : EventManager : Event: ======'right_inlane_unlit_hit'====== Args={'profile': 'default', 'state': 'unlit', 'advancing': True}
2022-10-21 11:11:56,783 : INFO : EventManager : Event: ======'inout_lane_group_hit'====== Args={}
2022-10-21 11:11:56,783 : INFO : EventManager : Event: ======'inout_lane_group_None_hit'====== Args={}
2022-10-21 11:11:56,783 : INFO : EventManager : Event: ======'player_score'====== Args={'value': 100, 'prev_value': 0, 'change': 100, 'player_num': 1}
2022-10-21 11:11:56,804 : INFO : SwitchController : <<<<<<< 's_eos_right' inactive >>>>>>>
2022-10-21 11:11:56,804 : INFO : SwitchController : <<<<<<< 's_right_inlane' active >>>>>>>
2022-10-21 11:11:56,804 : INFO : EventManager : Event: ======'s_right_inlane_active'====== Args={}
2022-10-21 11:11:56,804 : INFO : EventManager : Event: ======'sw_playfield_active'====== Args={}
2022-10-21 11:11:56,804 : INFO : EventManager : Event: ======'machine_var_audits_switches_s_right_inlane'====== Args={'value': 45, 'prev_value': 44, 'change': 1}
2022-10-21 11:11:56,804 : INFO : SwitchController : <<<<<<< 's_right_inlane' inactive >>>>>>>
2022-10-21 11:11:56,805 : INFO : EventManager : Event: ======'machine_var_audits_shots_r_right_inlane'====== Args={'value': 38, 'prev_value': 37, 'change': 1}
2022-10-21 11:11:56,805 : INFO : EventManager : Event: ======'r_right_inlane_hit'====== Args={'profile': 'inout_lane_profile', 'state': 'hit', 'advancing': False}
2022-10-21 11:11:56,805 : INFO : EventManager : Event: ======'r_right_inlane_inout_lane_profile_hit'====== Args={'profile': 'inout_lane_profile', 'state': 'hit', 'advancing': False}
2022-10-21 11:11:56,805 : INFO : EventManager : Event: ======'r_right_inlane_inout_lane_profile_hit_hit'====== Args={'profile': 'inout_lane_profile', 'state': 'hit', 'advancing': False}
2022-10-21 11:11:56,805 : INFO : EventManager : Event: ======'r_right_inlane_hit_hit'====== Args={'profile': 'inout_lane_profile', 'state': 'hit', 'advancing': False}
2022-10-21 11:11:56,805 : INFO : EventManager : Event: ======'machine_var_audits_shots_right_inlane'====== Args={'value': 38, 'prev_value': 37, 'change': 1}
2022-10-21 11:11:56,806 : INFO : EventManager : Event: ======'right_inlane_hit'====== Args={'profile': 'default', 'state': 'lit', 'advancing': False}
2022-10-21 11:11:56,806 : INFO : EventManager : Event: ======'right_inlane_default_hit'====== Args={'profile': 'default', 'state': 'lit', 'advancing': False}
2022-10-21 11:11:56,806 : INFO : EventManager : Event: ======'right_inlane_default_lit_hit'====== Args={'profile': 'default', 'state': 'lit', 'advancing': False}
2022-10-21 11:11:56,806 : INFO : EventManager : Event: ======'right_inlane_lit_hit'====== Args={'profile': 'default', 'state': 'lit', 'advancing': False}
2022-10-21 11:11:56,806 : INFO : EventManager : Event: ======'inout_lane_group_hit'====== Args={}
2022-10-21 11:11:56,806 : INFO : EventManager : Event: ======'inout_lane_group_hit_hit'====== Args={}
2022-10-21 11:11:56,806 : INFO : EventManager : Event: ======'player_score'====== Args={'value': 200, 'prev_value': 100, 'change': 100, 'player_num': 1}
2022-10-21 11:11:57,484 : INFO : SwitchController : <<<<<<< 's_right_flipper' active >>>>>>>
2022-10-21 11:11:57,484 : INFO : EventManager : Event: ======'machine_var_audits_switches_s_right_flipper'====== Args={'value': 1854, 'prev_value': 1853, 'change': 1}
2022-10-21 11:11:57,516 : INFO : SwitchController : <<<<<<< 's_eos_right' active >>>>>>>
2022-10-21 11:11:57,516 : INFO : EventManager : Event: ======'machine_var_audits_switches_s_eos_right'====== Args={'value': 1455, 'prev_value': 1454, 'change': 1}
2022-10-21 11:11:57,708 : INFO : SwitchController : <<<<<<< 's_right_flipper' inactive >>>>>>>
2022-10-21 11:11:57,820 : INFO : SwitchController : <<<<<<< 's_eos_right' inactive >>>>>>>
2022-10-21 11:12:00,077 : INFO : SwitchController : <<<<<<< 's_left_flipper' active >>>>>>>
2022-10-21 11:12:00,077 : INFO : EventManager : Event: ======'machine_var_audits_switches_s_left_flipper'====== Args={'value': 1697, 'prev_value': 1696, 'change': 1}
2022-10-21 11:12:00,109 : INFO : SwitchController : <<<<<<< 's_eos_left_top' active >>>>>>>
2022-10-21 11:12:00,109 : INFO : EventManager : Event: ======'machine_var_audits_switches_s_eos_left_top'====== Args={'value': 1549, 'prev_value': 1548, 'change': 1}
2022-10-21 11:12:00,777 : INFO : SwitchController : <<<<<<< 's_left_flipper' inactive >>>>>>>
2022-10-21 11:12:00,873 : INFO : SwitchController : <<<<<<< 's_eos_left_top' inactive >>>>>>>
2022-10-21 11:12:01,047 : INFO : SwitchController : <<<<<<< 's_left_flipper' active >>>>>>>
2022-10-21 11:12:01,047 : INFO : EventManager : Event: ======'machine_var_audits_switches_s_left_flipper'====== Args={'value': 1698, 'prev_value': 1697, 'change': 1}
2022-10-21 11:12:01,079 : INFO : SwitchController : <<<<<<< 's_eos_left_top' active >>>>>>>
2022-10-21 11:12:01,079 : INFO : EventManager : Event: ======'machine_var_audits_switches_s_eos_left_top'====== Args={'value': 1550, 'prev_value': 1549, 'change': 1}
2022-10-21 11:12:01,080 : INFO : SwitchController : <<<<<<< 's_eos_right' active >>>>>>>
2022-10-21 11:12:01,080 : INFO : EventManager : Event: ======'machine_var_audits_switches_s_eos_right'====== Args={'value': 1456, 'prev_value': 1455, 'change': 1}
2022-10-21 11:12:01,107 : INFO : SwitchController : <<<<<<< 's_eos_right' inactive >>>>>>>
2022-10-21 11:12:01,175 : INFO : SwitchController : <<<<<<< 's_left_flipper' inactive >>>>>>>
2022-10-21 11:12:01,271 : INFO : SwitchController : <<<<<<< 's_eos_left_top' inactive >>>>>>>
2022-10-21 11:12:01,495 : INFO : SwitchController : <<<<<<< 's_rollover_right' active >>>>>>>
2022-10-21 11:12:01,495 : INFO : EventManager : Event: ======'s_rollover_right_active'====== Args={}
2022-10-21 11:12:01,495 : INFO : EventManager : Event: ======'sw_playfield_active'====== Args={}
2022-10-21 11:12:01,495 : INFO : EventManager : Event: ======'machine_var_audits_switches_s_rollover_right'====== Args={'value': 111, 'prev_value': 110, 'change': 1}
2022-10-21 11:12:01,496 : INFO : SwitchController : <<<<<<< 's_rollover_right' inactive >>>>>>>
2022-10-21 11:12:01,671 : INFO : SwitchController : <<<<<<< 's_rollover_left' active >>>>>>>
2022-10-21 11:12:01,671 : INFO : EventManager : Event: ======'s_rollover_left_active'====== Args={}
2022-10-21 11:12:01,671 : INFO : EventManager : Event: ======'sw_playfield_active'====== Args={}
2022-10-21 11:12:01,671 : INFO : EventManager : Event: ======'machine_var_audits_switches_s_rollover_left'====== Args={'value': 98, 'prev_value': 97, 'change': 1}
2022-10-21 11:12:01,672 : INFO : EventManager : Event: ======'ss_small_ccw_orbit_hit'====== Args={}
2022-10-21 11:12:01,672 : INFO : EventManager : Event: ======'player_score'====== Args={'value': 500, 'prev_value': 200, 'change': 300, 'player_num': 1}
2022-10-21 11:12:01,719 : INFO : SwitchController : <<<<<<< 's_rollover_left' inactive >>>>>>>
2022-10-21 11:12:02,519 : INFO : SwitchController : <<<<<<< 's_pop_lower' active >>>>>>>
2022-10-21 11:12:02,519 : INFO : EventManager : Event: ======'s_pop_lower_active'====== Args={}
2022-10-21 11:12:02,519 : INFO : EventManager : Event: ======'machine_var_audits_switches_s_pop_lower'====== Args={'value': 412, 'prev_value': 411, 'change': 1}
2022-10-21 11:12:02,520 : INFO : EventManager : Event: ======'player_shot_lower_pop'====== Args={'value': 1, 'prev_value': 0, 'change': 1, 'player_num': 1}
2022-10-21 11:12:02,520 : INFO : EventManager : Event: ======'machine_var_audits_shots_lower_pop'====== Args={'value': 132, 'prev_value': 131, 'change': 1}
2022-10-21 11:12:02,520 : INFO : EventManager : Event: ======'lower_pop_hit'====== Args={'profile': 'default', 'state': 'unlit', 'advancing': True}
2022-10-21 11:12:02,521 : INFO : EventManager : Event: ======'lower_pop_default_hit'====== Args={'profile': 'default', 'state': 'unlit', 'advancing': True}
2022-10-21 11:12:02,521 : INFO : EventManager : Event: ======'lower_pop_default_unlit_hit'====== Args={'profile': 'default', 'state': 'unlit', 'advancing': True}
2022-10-21 11:12:02,521 : INFO : EventManager : Event: ======'lower_pop_unlit_hit'====== Args={'profile': 'default', 'state': 'unlit', 'advancing': True}
2022-10-21 11:12:02,521 : INFO : EventManager : Event: ======'player_score'====== Args={'value': 510, 'prev_value': 500, 'change': 10, 'player_num': 1}
2022-10-21 11:12:02,535 : INFO : SwitchController : <<<<<<< 's_pop_lower' inactive >>>>>>>
2022-10-21 11:12:03,523 : INFO : SwitchController : <<<<<<< 's_sling_left' active >>>>>>>
2022-10-21 11:12:03,523 : INFO : EventManager : Event: ======'machine_var_audits_switches_s_sling_left'====== Args={'value': 47, 'prev_value': 46, 'change': 1}
2022-10-21 11:12:03,543 : INFO : SwitchController : <<<<<<< 's_sling_left' inactive >>>>>>>
2022-10-21 11:12:03,667 : INFO : EventManager : Event: ======'ss_small_cw_orbit_timeout'====== Args={}
2022-10-21 11:12:04,402 : INFO : SwitchController : <<<<<<< 's_sling_left' active >>>>>>>
2022-10-21 11:12:04,402 : INFO : EventManager : Event: ======'machine_var_audits_switches_s_sling_left'====== Args={'value': 48, 'prev_value': 47, 'change': 1}
2022-10-21 11:12:04,422 : INFO : SwitchController : <<<<<<< 's_sling_left' inactive >>>>>>>
2022-10-21 11:12:18,249 : INFO : Machine : Shutting down...
2022-10-21 11:12:18,249 : INFO : EventManager : Event: ======'shutdown'====== Args={}
2022-10-21 11:12:18,276 : WARNING : FAST : Port NET received more messages than were sent! Resetting!
2022-10-21 11:12:18,276 : WARNING : FAST : Port RGB received more messages than were sent! Resetting!
2022-10-21 11:12:18,340 : ERROR : FAST : Stop called on serial connection com14
2022-10-21 11:12:18,340 : ERROR : FAST : Stop called on serial connection com15
2022-10-21 11:12:18,579 : INFO : root : MPF run loop ended.
