2022-10-27 22:05:27,751 : INFO : root : Loading config.
2022-10-27 22:05:27,754 : INFO : YamlMultifileConfigLoader : Machine config file #1: config.yaml
2022-10-27 22:05:27,755 : WARNING : ConfigProcessor : Config file in cache changed: c:\trashland_2\config\config.yaml
2022-10-27 22:05:27,755 : INFO : ConfigProcessor : Loading config from file c:\users\tanner\appdata\local\programs\python\python37\lib\site-packages\mpf\mpfconfig.yaml.
2022-10-27 22:05:27,827 : INFO : ConfigProcessor : Loading config: c:\users\tanner\appdata\local\programs\python\python37\lib\site-packages\mpf\mpfconfig.yaml
2022-10-27 22:05:27,827 : INFO : ConfigProcessor : Loading config from file c:\trashland_2\config\config.yaml.
2022-10-27 22:05:27,942 : INFO : ConfigProcessor : Loading config: c:\trashland_2\config\config.yaml
2022-10-27 22:05:27,945 : INFO : ConfigProcessor : Config file cache created: C:\Users\Tanner\AppData\Local\Temp\a6762098cb994b55cb03a478b26022ee.mpf_cache
2022-10-27 22:05:28,007 : INFO : ConfigProcessor : Loading config from cache: C:\Users\Tanner\AppData\Local\Temp\9cf7ccc27b21f4d6162237fadfc53e5a.mpf_cache
2022-10-27 22:05:28,008 : INFO : ConfigProcessor : Loading config from cache: C:\Users\Tanner\AppData\Local\Temp\c215df352878fee5d54f1a5ec5b16e7c.mpf_cache
2022-10-27 22:05:28,009 : INFO : ConfigProcessor : Loading config from cache: C:\Users\Tanner\AppData\Local\Temp\708062243e0edcfa77dd6b1521bd0d4e.mpf_cache
2022-10-27 22:05:28,010 : INFO : ConfigProcessor : Loading config from cache: C:\Users\Tanner\AppData\Local\Temp\9cf7ccc27b21f4d6162237fadfc53e5a.mpf_cache
2022-10-27 22:05:28,010 : INFO : ConfigProcessor : Loading config from cache: C:\Users\Tanner\AppData\Local\Temp\c4174472f67f7b070dd6fb437c6feb0c.mpf_cache
2022-10-27 22:05:28,011 : INFO : ConfigProcessor : Loading config from cache: C:\Users\Tanner\AppData\Local\Temp\33b306b4bf49d065496332ee9ac2494c.mpf_cache
2022-10-27 22:05:28,012 : INFO : ConfigProcessor : Loading config from cache: C:\Users\Tanner\AppData\Local\Temp\9e6b4d5e43fd00e219ba7c739d818ad6.mpf_cache
2022-10-27 22:05:28,012 : INFO : ConfigProcessor : Loading config from cache: C:\Users\Tanner\AppData\Local\Temp\abaa92c43d134e3392cbb2346e6a16be.mpf_cache
2022-10-27 22:05:28,013 : INFO : ConfigProcessor : Loading config from cache: C:\Users\Tanner\AppData\Local\Temp\fc46d53fcb9fe6b8abf783d9c813390a.mpf_cache
2022-10-27 22:05:28,014 : INFO : ConfigProcessor : Loading config from cache: C:\Users\Tanner\AppData\Local\Temp\b46de592c65b9a27a1f4965daee53c91.mpf_cache
2022-10-27 22:05:28,014 : INFO : ConfigProcessor : Loading config from cache: C:\Users\Tanner\AppData\Local\Temp\5b50cb1d58cd4116013cda74c2923169.mpf_cache
2022-10-27 22:05:28,017 : INFO : ConfigProcessor : Loading config from cache: C:\Users\Tanner\AppData\Local\Temp\2734ac1662e5e62f2e4cb2a8d902a8f2.mpf_cache
2022-10-27 22:05:28,020 : INFO : ConfigProcessor : Loading config from cache: C:\Users\Tanner\AppData\Local\Temp\fe169133106b4804e097dca6b78afaf5.mpf_cache
2022-10-27 22:05:28,021 : INFO : ConfigProcessor : Loading config from cache: C:\Users\Tanner\AppData\Local\Temp\d4f531e94c6a484dd08e4121f6e3a74e.mpf_cache
2022-10-27 22:05:28,021 : INFO : ConfigProcessor : Loading config from cache: C:\Users\Tanner\AppData\Local\Temp\e9c431c8aa2f7ab7b37617b37185d68f.mpf_cache
2022-10-27 22:05:28,023 : INFO : ConfigProcessor : Loading config from cache: C:\Users\Tanner\AppData\Local\Temp\07112933e6abcdb1819075df64aee3c0.mpf_cache
2022-10-27 22:05:28,024 : INFO : Machine : Mission Pinball Framework Core Engine v0.55.0
2022-10-27 22:05:28,024 : INFO : Machine : Command line arguments: {'no_load_cache': False, 'create_config_cache': True, 'bcp': False, 'configfile': ['config.yaml'], 'force_assets_load': False, 'jsonlogging': False, 'logfile': 'logs\\2022-10-27-22-05-27-mpf-DESKTOP-7HNFDQ5.log', 'pause': False, 'production': False, 'text_ui': True, 'loglevel': 15, 'consoleloglevel': 20, 'force_platform': None, 'syslog_address': None, 'mc_file_name': None, 'no_sound': False}
2022-10-27 22:05:28,025 : INFO : Machine : MPF path: c:\users\tanner\appdata\local\programs\python\python37\lib\site-packages\mpf
2022-10-27 22:05:28,025 : INFO : Machine : Machine path: c:\trashland_2
2022-10-27 22:05:28,025 : INFO : Machine : Platform: win32
2022-10-27 22:05:28,025 : INFO : Machine : Python executable location: c:\users\tanner\appdata\local\programs\python\python37\python.exe
2022-10-27 22:05:28,025 : INFO : Machine : Python version: 3.7.8 (64-bit)
2022-10-27 22:05:28,026 : INFO : Machine : Initialise MPF.
2022-10-27 22:05:28,274 : INFO : FAST : Connecting to com24 at 921600bps
2022-10-27 22:05:28,382 : INFO : FAST : Connected! Processor: NET, Board Type: FP-CPU-002-2, Firmware: 01.05
2022-10-27 22:05:28,382 : INFO : EventManager : Event: ======'machine_var_fast_net_firmware'====== Args={'value': '01.05', 'prev_value': None, 'change': True}
2022-10-27 22:05:28,382 : INFO : EventManager : Event: ======'machine_var_fast_net_model'====== Args={'value': 'FP-CPU-002-2', 'prev_value': None, 'change': True}
2022-10-27 22:05:30,764 : WARNING : FAST : Got unexpected message from FAST: -N:0A
2022-10-27 22:05:30,764 : WARNING : FAST : Got unexpected message from FAST: -N:11
2022-10-27 22:05:30,764 : WARNING : FAST : Got unexpected message from FAST: -N:2A
2022-10-27 22:05:30,764 : WARNING : FAST : Got unexpected message from FAST: -N:33
2022-10-27 22:05:30,764 : WARNING : FAST : Got unexpected message from FAST: -N:34
2022-10-27 22:05:30,764 : WARNING : FAST : Got unexpected message from FAST: -N:3D
2022-10-27 22:05:30,764 : WARNING : FAST : Got unexpected message from FAST: -N:3F
2022-10-27 22:05:30,764 : WARNING : FAST : Got unexpected message from FAST: -N:40
2022-10-27 22:05:30,764 : WARNING : FAST : Got unexpected message from FAST: -N:41
2022-10-27 22:05:30,765 : WARNING : FAST : Got unexpected message from FAST: -N:42
2022-10-27 22:05:30,765 : WARNING : FAST : Got unexpected message from FAST: -N:43
2022-10-27 22:05:30,765 : WARNING : FAST : Got unexpected message from FAST: -N:48
2022-10-27 22:05:30,765 : WARNING : FAST : Got unexpected message from FAST: -N:5D
2022-10-27 22:05:30,888 : INFO : FAST : Connecting to com25 at 921600bps
2022-10-27 22:05:31,000 : INFO : FAST : Connected! Processor: RGB, Board Type: FP-CPU-002-2, Firmware: 00.87
2022-10-27 22:05:31,000 : INFO : EventManager : Event: ======'machine_var_fast_rgb_firmware'====== Args={'value': '00.87', 'prev_value': None, 'change': True}
2022-10-27 22:05:31,000 : INFO : EventManager : Event: ======'machine_var_fast_rgb_model'====== Args={'value': 'FP-CPU-002-2', 'prev_value': None, 'change': True}
2022-10-27 22:05:31,000 : INFO : EventManager : Event: ======'machine_var_credits_string'====== Args={'value': 'FREE PLAY', 'prev_value': None, 'change': True}
2022-10-27 22:05:31,045 : INFO : EventManager : Event: ======'machine_var_master_volume'====== Args={'value': 0.5, 'prev_value': None, 'change': True}
2022-10-27 22:05:31,045 : INFO : EventManager : Event: ======'machine_var_player1_score'====== Args={'value': 5780, 'prev_value': None, 'change': True}
2022-10-27 22:05:31,045 : INFO : EventManager : Event: ======'machine_var_mpf_version'====== Args={'value': 'MPF v0.55.0', 'prev_value': None, 'change': True}
2022-10-27 22:05:31,045 : INFO : EventManager : Event: ======'machine_var_mpf_extended_version'====== Args={'value': 'MPF v0.55.0, Config version:5, Show version: 5, BCP version:1.1', 'prev_value': None, 'change': True}
2022-10-27 22:05:31,045 : INFO : EventManager : Event: ======'machine_var_python_version'====== Args={'value': '3.7.8', 'prev_value': None, 'change': True}
2022-10-27 22:05:31,046 : INFO : EventManager : Event: ======'machine_var_platform'====== Args={'value': 'Windows-10-10.0.19041-SP0', 'prev_value': None, 'change': True}
2022-10-27 22:05:31,046 : INFO : EventManager : Event: ======'machine_var_platform_system'====== Args={'value': 'Windows', 'prev_value': None, 'change': True}
2022-10-27 22:05:31,046 : INFO : EventManager : Event: ======'machine_var_platform_release'====== Args={'value': '10', 'prev_value': None, 'change': True}
2022-10-27 22:05:31,046 : INFO : EventManager : Event: ======'machine_var_platform_version'====== Args={'value': '10.0.19041', 'prev_value': None, 'change': True}
2022-10-27 22:05:31,046 : INFO : EventManager : Event: ======'machine_var_platform_machine'====== Args={'value': 'AMD64', 'prev_value': None, 'change': True}
2022-10-27 22:05:31,046 : INFO : EventManager : Event: ======'init_phase_1'====== Args={}
2022-10-27 22:05:31,084 : INFO : EventManager : Event: ======'drop_target_bank_single_main_up'====== Args={}
2022-10-27 22:05:31,084 : INFO : EventManager : Event: ======'drop_target_bank_single_upper_up'====== Args={}
2022-10-27 22:05:31,085 : INFO : EventManager : Event: ======'drop_target_bank_mid_up'====== Args={}
2022-10-27 22:05:31,085 : INFO : EventManager : Event: ======'drop_target_bank_right_up'====== Args={}
2022-10-27 22:05:31,103 : INFO : EventManager : Event: ======'init_phase_2'====== Args={}
2022-10-27 22:05:31,104 : INFO : SwitchController : Found active switch: (('0A', 1), <Platform.FAST>) <switch.s_drop_upper>
2022-10-27 22:05:31,104 : INFO : SwitchController : Found active switch: (('0F', 1), <Platform.FAST>) <switch.s_left_return>
2022-10-27 22:05:31,104 : INFO : SwitchController : Found active switch: (('2A', 1), <Platform.FAST>) <switch.s_sling_left>
2022-10-27 22:05:31,104 : INFO : SwitchController : Found active switch: (('44', 1), <Platform.FAST>) <switch.s_trough_2>
2022-10-27 22:05:31,104 : INFO : SwitchController : Found active switch: (('49', 1), <Platform.FAST>) <switch.s_trough_jam>
2022-10-27 22:05:31,104 : INFO : SwitchController : Found active switch: (('3F', 1), <Platform.FAST>) <switch.s_autolauncher>
2022-10-27 22:05:31,104 : INFO : SwitchController : Found active switch: (('3B', 1), <Platform.FAST>) <switch.s_eos_left>
2022-10-27 22:05:31,104 : INFO : SwitchController : Found active switch: (('38', 1), <Platform.FAST>) <switch.s_eos_left_top>
2022-10-27 22:05:31,114 : INFO : ball_device.bd_trough : BCH: Initial count: 2
2022-10-27 22:05:31,114 : INFO : ball_device.bd_trough : State: idle
2022-10-27 22:05:31,115 : INFO : ball_device.bd_plunger : BCH: Initial count: 1
2022-10-27 22:05:31,115 : INFO : ball_device.bd_plunger : State: idle
2022-10-27 22:05:31,116 : INFO : ball_device.bd_top_vuk : BCH: Initial count: 0
2022-10-27 22:05:31,116 : INFO : ball_device.bd_top_vuk : State: idle
2022-10-27 22:05:31,117 : INFO : ball_device.bd_right_vuk : BCH: Initial count: 0
2022-10-27 22:05:31,118 : INFO : ball_device.bd_right_vuk : State: idle
2022-10-27 22:05:31,118 : INFO : ball_device.bd_bot_vuk : BCH: Initial count: 0
2022-10-27 22:05:31,118 : INFO : ball_device.bd_bot_vuk : State: idle
2022-10-27 22:05:31,180 : INFO : EventManager : Event: ======'init_phase_3'====== Args={}
2022-10-27 22:05:31,817 : INFO : EventManager : Event: ======'init_phase_4'====== Args={}
2022-10-27 22:05:31,818 : INFO : EventManager : Event: ======'playfield_active'====== Args={}
2022-10-27 22:05:31,818 : INFO : EventManager : Event: ======'unexpected_ball_on_playfield'====== Args={}
2022-10-27 22:05:31,818 : INFO : EventManager : Event: ======'playfield_active'====== Args={}
2022-10-27 22:05:31,818 : INFO : EventManager : Event: ======'unexpected_ball_on_playfield'====== Args={}
2022-10-27 22:05:31,818 : INFO : EventManager : Event: ======'playfield_active'====== Args={}
2022-10-27 22:05:31,818 : INFO : EventManager : Event: ======'unexpected_ball_on_playfield'====== Args={}
2022-10-27 22:05:31,818 : INFO : EventManager : Event: ======'playfield_active'====== Args={}
2022-10-27 22:05:31,818 : INFO : EventManager : Event: ======'unexpected_ball_on_playfield'====== Args={}
2022-10-27 22:05:31,818 : INFO : EventManager : Event: ======'drop_target_d_drop_upper_down'====== Args={'device': <drop_target.d_drop_upper>}
2022-10-27 22:05:31,818 : INFO : EventManager : Event: ======'drop_target_bank_single_upper_down'====== Args={}
2022-10-27 22:05:31,818 : INFO : EventManager : Event: ======'playfield_active'====== Args={}
2022-10-27 22:05:31,818 : INFO : EventManager : Event: ======'unexpected_ball_on_playfield'====== Args={}
2022-10-27 22:05:31,818 : INFO : EventManager : Event: ======'playfield_active'====== Args={}
2022-10-27 22:05:31,818 : INFO : EventManager : Event: ======'unexpected_ball_on_playfield'====== Args={}
2022-10-27 22:05:31,818 : INFO : EventManager : Event: ======'playfield_active'====== Args={}
2022-10-27 22:05:31,819 : INFO : EventManager : Event: ======'unexpected_ball_on_playfield'====== Args={}
2022-10-27 22:05:31,819 : INFO : BallController : Initial balls found: 3
2022-10-27 22:05:31,821 : INFO : EventManager : Event: ======'machine_var_audits_events_game_ended'====== Args={'value': 0, 'prev_value': None, 'change': True}
2022-10-27 22:05:31,821 : INFO : EventManager : Event: ======'machine_var_audits_events_game_started'====== Args={'value': 0, 'prev_value': None, 'change': True}
2022-10-27 22:05:31,821 : INFO : EventManager : Event: ======'machine_var_audits_player_score'====== Args={'value': {'average': 2536.6666666666665, 'top': [5780, 1620, 210], 'total': 3}, 'prev_value': None, 'change': True}
2022-10-27 22:05:31,821 : INFO : EventManager : Event: ======'machine_var_audits_shots_left_inlane'====== Args={'value': 6, 'prev_value': None, 'change': True}
2022-10-27 22:05:31,822 : INFO : EventManager : Event: ======'machine_var_audits_shots_left_outlane'====== Args={'value': 8, 'prev_value': None, 'change': True}
2022-10-27 22:05:31,822 : INFO : EventManager : Event: ======'machine_var_audits_shots_left_pop'====== Args={'value': 31, 'prev_value': None, 'change': True}
2022-10-27 22:05:31,822 : INFO : EventManager : Event: ======'machine_var_audits_shots_lower_pop'====== Args={'value': 27, 'prev_value': None, 'change': True}
2022-10-27 22:05:31,822 : INFO : EventManager : Event: ======'machine_var_audits_shots_r_left_inlane'====== Args={'value': 6, 'prev_value': None, 'change': True}
2022-10-27 22:05:31,822 : INFO : EventManager : Event: ======'machine_var_audits_shots_r_left_outlane'====== Args={'value': 8, 'prev_value': None, 'change': True}
2022-10-27 22:05:31,822 : INFO : EventManager : Event: ======'machine_var_audits_shots_r_right_inlane'====== Args={'value': 19, 'prev_value': None, 'change': True}
2022-10-27 22:05:31,822 : INFO : EventManager : Event: ======'machine_var_audits_shots_r_right_outlane'====== Args={'value': 8, 'prev_value': None, 'change': True}
2022-10-27 22:05:31,823 : INFO : EventManager : Event: ======'machine_var_audits_shots_right_inlane'====== Args={'value': 19, 'prev_value': None, 'change': True}
2022-10-27 22:05:31,823 : INFO : EventManager : Event: ======'machine_var_audits_shots_right_outlane'====== Args={'value': 8, 'prev_value': None, 'change': True}
2022-10-27 22:05:31,823 : INFO : EventManager : Event: ======'machine_var_audits_shots_right_pop'====== Args={'value': 24, 'prev_value': None, 'change': True}
2022-10-27 22:05:31,823 : INFO : EventManager : Event: ======'machine_var_audits_switches_s_autolauncher'====== Args={'value': 28, 'prev_value': None, 'change': True}
2022-10-27 22:05:31,823 : INFO : EventManager : Event: ======'machine_var_audits_switches_s_back_pop'====== Args={'value': 0, 'prev_value': None, 'change': True}
2022-10-27 22:05:31,823 : INFO : EventManager : Event: ======'machine_var_audits_switches_s_back_rollover'====== Args={'value': 0, 'prev_value': None, 'change': True}
2022-10-27 22:05:31,823 : INFO : EventManager : Event: ======'machine_var_audits_switches_s_back_stationary'====== Args={'value': 0, 'prev_value': None, 'change': True}
2022-10-27 22:05:31,824 : INFO : EventManager : Event: ======'machine_var_audits_switches_s_bot_back'====== Args={'value': 0, 'prev_value': None, 'change': True}
2022-10-27 22:05:31,824 : INFO : EventManager : Event: ======'machine_var_audits_switches_s_bot_big'====== Args={'value': 0, 'prev_value': None, 'change': True}
2022-10-27 22:05:31,824 : INFO : EventManager : Event: ======'machine_var_audits_switches_s_bot_left'====== Args={'value': 0, 'prev_value': None, 'change': True}
2022-10-27 22:05:31,824 : INFO : EventManager : Event: ======'machine_var_audits_switches_s_bot_right'====== Args={'value': 0, 'prev_value': None, 'change': True}
2022-10-27 22:05:31,824 : INFO : EventManager : Event: ======'machine_var_audits_switches_s_bot_rollover'====== Args={'value': 0, 'prev_value': None, 'change': True}
2022-10-27 22:05:31,824 : INFO : EventManager : Event: ======'machine_var_audits_switches_s_bot_vuk'====== Args={'value': 1, 'prev_value': None, 'change': True}
2022-10-27 22:05:31,825 : INFO : EventManager : Event: ======'machine_var_audits_switches_s_drop_mid_left'====== Args={'value': 11, 'prev_value': None, 'change': True}
2022-10-27 22:05:31,825 : INFO : EventManager : Event: ======'machine_var_audits_switches_s_drop_mid_mid'====== Args={'value': 7, 'prev_value': None, 'change': True}
2022-10-27 22:05:31,825 : INFO : EventManager : Event: ======'machine_var_audits_switches_s_drop_mid_right'====== Args={'value': 9, 'prev_value': None, 'change': True}
2022-10-27 22:05:31,825 : INFO : EventManager : Event: ======'machine_var_audits_switches_s_drop_right_left'====== Args={'value': 3, 'prev_value': None, 'change': True}
2022-10-27 22:05:31,825 : INFO : EventManager : Event: ======'machine_var_audits_switches_s_drop_right_right'====== Args={'value': 0, 'prev_value': None, 'change': True}
2022-10-27 22:05:31,826 : INFO : EventManager : Event: ======'machine_var_audits_switches_s_drop_single'====== Args={'value': 0, 'prev_value': None, 'change': True}
2022-10-27 22:05:31,826 : INFO : EventManager : Event: ======'machine_var_audits_switches_s_drop_upper'====== Args={'value': 0, 'prev_value': None, 'change': True}
2022-10-27 22:05:31,826 : INFO : EventManager : Event: ======'machine_var_audits_switches_s_eos_left'====== Args={'value': 0, 'prev_value': None, 'change': True}
2022-10-27 22:05:31,826 : INFO : EventManager : Event: ======'machine_var_audits_switches_s_eos_left_top'====== Args={'value': 145, 'prev_value': None, 'change': True}
2022-10-27 22:05:31,826 : INFO : EventManager : Event: ======'machine_var_audits_switches_s_eos_right'====== Args={'value': 105, 'prev_value': None, 'change': True}
2022-10-27 22:05:31,827 : INFO : EventManager : Event: ======'machine_var_audits_switches_s_launch'====== Args={'value': 11, 'prev_value': None, 'change': True}
2022-10-27 22:05:31,827 : INFO : EventManager : Event: ======'machine_var_audits_switches_s_left_flipper'====== Args={'value': 135, 'prev_value': None, 'change': True}
2022-10-27 22:05:31,827 : INFO : EventManager : Event: ======'machine_var_audits_switches_s_left_inlane'====== Args={'value': 6, 'prev_value': None, 'change': True}
2022-10-27 22:05:31,827 : INFO : EventManager : Event: ======'machine_var_audits_switches_s_left_orbit_prox'====== Args={'value': 0, 'prev_value': None, 'change': True}
2022-10-27 22:05:31,827 : INFO : EventManager : Event: ======'machine_var_audits_switches_s_left_outlane'====== Args={'value': 8, 'prev_value': None, 'change': True}
2022-10-27 22:05:31,828 : INFO : EventManager : Event: ======'machine_var_audits_switches_s_left_return'====== Args={'value': 0, 'prev_value': None, 'change': True}
2022-10-27 22:05:31,828 : INFO : EventManager : Event: ======'machine_var_audits_switches_s_pop_left'====== Args={'value': 31, 'prev_value': None, 'change': True}
2022-10-27 22:05:31,828 : INFO : EventManager : Event: ======'machine_var_audits_switches_s_pop_lower'====== Args={'value': 27, 'prev_value': None, 'change': True}
2022-10-27 22:05:31,828 : INFO : EventManager : Event: ======'machine_var_audits_switches_s_pop_right'====== Args={'value': 24, 'prev_value': None, 'change': True}
2022-10-27 22:05:31,829 : INFO : EventManager : Event: ======'machine_var_audits_switches_s_right_flipper'====== Args={'value': 112, 'prev_value': None, 'change': True}
2022-10-27 22:05:31,829 : INFO : EventManager : Event: ======'machine_var_audits_switches_s_right_inlane'====== Args={'value': 19, 'prev_value': None, 'change': True}
2022-10-27 22:05:31,829 : INFO : EventManager : Event: ======'machine_var_audits_switches_s_right_outlane'====== Args={'value': 8, 'prev_value': None, 'change': True}
2022-10-27 22:05:31,829 : INFO : EventManager : Event: ======'machine_var_audits_switches_s_rollover_left'====== Args={'value': 8, 'prev_value': None, 'change': True}
2022-10-27 22:05:31,829 : INFO : EventManager : Event: ======'machine_var_audits_switches_s_rollover_right'====== Args={'value': 0, 'prev_value': None, 'change': True}
2022-10-27 22:05:31,830 : INFO : EventManager : Event: ======'machine_var_audits_switches_s_sling_left'====== Args={'value': 624, 'prev_value': None, 'change': True}
2022-10-27 22:05:31,830 : INFO : EventManager : Event: ======'machine_var_audits_switches_s_sling_right'====== Args={'value': 35, 'prev_value': None, 'change': True}
2022-10-27 22:05:31,831 : INFO : EventManager : Event: ======'machine_var_audits_switches_s_start'====== Args={'value': 1, 'prev_value': None, 'change': True}
2022-10-27 22:05:31,831 : INFO : EventManager : Event: ======'machine_var_audits_switches_s_tilt'====== Args={'value': 0, 'prev_value': None, 'change': True}
2022-10-27 22:05:31,831 : INFO : EventManager : Event: ======'machine_var_audits_switches_s_transfer_rollover'====== Args={'value': 0, 'prev_value': None, 'change': True}
2022-10-27 22:05:31,831 : INFO : EventManager : Event: ======'machine_var_audits_switches_s_trough_1'====== Args={'value': 20, 'prev_value': None, 'change': True}
2022-10-27 22:05:31,832 : INFO : EventManager : Event: ======'machine_var_audits_switches_s_trough_2'====== Args={'value': 20, 'prev_value': None, 'change': True}
2022-10-27 22:05:31,832 : INFO : EventManager : Event: ======'machine_var_audits_switches_s_trough_3'====== Args={'value': 15, 'prev_value': None, 'change': True}
2022-10-27 22:05:31,832 : INFO : EventManager : Event: ======'machine_var_audits_switches_s_trough_4'====== Args={'value': 17, 'prev_value': None, 'change': True}
2022-10-27 22:05:31,832 : INFO : EventManager : Event: ======'machine_var_audits_switches_s_trough_5'====== Args={'value': 14, 'prev_value': None, 'change': True}
2022-10-27 22:05:31,833 : INFO : EventManager : Event: ======'machine_var_audits_switches_s_trough_6'====== Args={'value': 14, 'prev_value': None, 'change': True}
2022-10-27 22:05:31,833 : INFO : EventManager : Event: ======'machine_var_audits_switches_s_trough_jam'====== Args={'value': 24, 'prev_value': None, 'change': True}
2022-10-27 22:05:31,833 : INFO : EventManager : Event: ======'machine_var_audits_switches_s_upper_rollover'====== Args={'value': 0, 'prev_value': None, 'change': True}
2022-10-27 22:05:31,834 : INFO : EventManager : Event: ======'machine_var_audits_switches_s_upper_stationary'====== Args={'value': 0, 'prev_value': None, 'change': True}
2022-10-27 22:05:31,834 : INFO : EventManager : Event: ======'machine_var_audits_switches_s_vuk_right'====== Args={'value': 0, 'prev_value': None, 'change': True}
2022-10-27 22:05:31,834 : INFO : EventManager : Event: ======'machine_var_audits_switches_s_vuk_top'====== Args={'value': 21, 'prev_value': None, 'change': True}
2022-10-27 22:05:31,835 : INFO : EventManager : Event: ======'init_phase_5'====== Args={}
2022-10-27 22:05:31,857 : INFO : EventManager : Event: ======'init_done'====== Args={}
2022-10-27 22:05:31,857 : INFO : EventManager : Event: ======'machine_reset_phase_1'====== Args={}
2022-10-27 22:05:31,858 : INFO : EventManager : Event: ======'machine_reset_phase_2'====== Args={}
2022-10-27 22:05:31,859 : INFO : EventManager : Event: ======'machine_reset_phase_3'====== Args={}
2022-10-27 22:05:31,859 : INFO : EventManager : Event: ======'mode_tilt_will_start'====== Args={'queue': <QueuedEvent>}
2022-10-27 22:05:31,859 : INFO : EventManager : Event: ======'mode_tilt_starting'====== Args={'queue': <QueuedEvent>}
2022-10-27 22:05:31,859 : INFO : drop_target_bank.single_main : All targets are already up. Will not reset bank.
2022-10-27 22:05:31,860 : INFO : Mode.tilt : Started. Priority: 1000000
2022-10-27 22:05:31,860 : INFO : EventManager : Event: ======'modes_active_modes_changed'====== Args={}
2022-10-27 22:05:31,860 : INFO : EventManager : Event: ======'mode_tilt_started'====== Args={'queue': <QueuedEvent>}
2022-10-27 22:05:31,860 : INFO : EventManager : Event: ======'reset_complete'====== Args={}
2022-10-27 22:05:31,861 : INFO : EventManager : Event: ======'mode_attract_will_start'====== Args={}
2022-10-27 22:05:31,861 : INFO : EventManager : Event: ======'mode_attract_starting'====== Args={}
2022-10-27 22:05:31,861 : INFO : Mode.attract : Started. Priority: 10
2022-10-27 22:05:31,861 : INFO : EventManager : Event: ======'modes_active_modes_changed'====== Args={}
2022-10-27 22:05:31,861 : INFO : EventManager : Event: ======'mode_attract_started'====== Args={}
2022-10-27 22:05:31,862 : INFO : EventManager : Event: ======'collecting_balls'====== Args={}
2022-10-27 22:05:31,862 : INFO : ball_device.bd_plunger : Adding 1 ball(s) to the eject_queue with target <playfield.playfield>.
2022-10-27 22:05:31,862 : INFO : EventManager : Event: ======'balldevice_balls_available'====== Args={}
2022-10-27 22:05:31,884 : INFO : Machine : Starting the main run loop.
2022-10-27 22:05:31,885 : INFO : ball_device.bd_plunger : State: waiting_for_target_ready
2022-10-27 22:05:31,885 : INFO : EventManager : Event: ======'balldevice_bd_plunger_ball_eject_attempt'====== Args={'balls': 1, 'target': <ball_device.bd_top_vuk>, 'source': <ball_device.bd_plunger>, 'mechanical_eject': False, 'num_attempts': 0}
2022-10-27 22:05:31,886 : INFO : ball_device.bd_top_vuk : State: waiting_for_ball
2022-10-27 22:05:31,886 : INFO : ball_device.bd_plunger : State: ejecting
2022-10-27 22:05:31,886 : INFO : ball_device.bd_plunger : Ejecting ball to <ball_device.bd_top_vuk>
2022-10-27 22:05:31,886 : INFO : EventManager : Event: ======'balldevice_bd_plunger_ejecting_ball'====== Args={'balls': 1, 'target': <ball_device.bd_top_vuk>, 'source': <ball_device.bd_plunger>, 'mechanical_eject': False, 'num_attempts': 0}
2022-10-27 22:05:31,887 : INFO : ball_device.bd_plunger : Wait for ball to leave device
2022-10-27 22:05:31,888 : INFO : coil.c_autolauncher : Pulsing Driver for 11ms (1.0 pulse_power)
2022-10-27 22:05:33,901 : INFO : EventManager : Event: ======'balldevice_bd_plunger_ball_eject_failed'====== Args={'target': <ball_device.bd_top_vuk>, 'balls': 1, 'retry': True, 'num_attempts': 1}
2022-10-27 22:05:33,902 : INFO : ball_device.bd_plunger : State: waiting_for_target_ready
2022-10-27 22:05:33,902 : INFO : EventManager : Event: ======'balldevice_bd_plunger_ball_eject_attempt'====== Args={'balls': 1, 'target': <ball_device.bd_top_vuk>, 'source': <ball_device.bd_plunger>, 'mechanical_eject': False, 'num_attempts': 1}
2022-10-27 22:05:33,903 : INFO : ball_device.bd_plunger : State: ejecting
2022-10-27 22:05:33,903 : INFO : ball_device.bd_plunger : Ejecting ball to <ball_device.bd_top_vuk>
2022-10-27 22:05:33,903 : INFO : EventManager : Event: ======'balldevice_bd_plunger_ejecting_ball'====== Args={'balls': 1, 'target': <ball_device.bd_top_vuk>, 'source': <ball_device.bd_plunger>, 'mechanical_eject': False, 'num_attempts': 1}
2022-10-27 22:05:33,903 : INFO : ball_device.bd_plunger : Wait for ball to leave device
2022-10-27 22:05:33,904 : INFO : coil.c_autolauncher : Pulsing Driver for 11ms (1.0 pulse_power)
2022-10-27 22:05:33,932 : INFO : SwitchController : <<<<<<< 's_autolauncher' inactive >>>>>>>
2022-10-27 22:05:33,937 : INFO : ball_device.bd_plunger : State: ball_left
2022-10-27 22:05:33,937 : INFO : ball_device.bd_plunger : Ball left
2022-10-27 22:05:33,937 : INFO : ball_device.bd_plunger : Wait for confirm with timeout 2.0
2022-10-27 22:05:34,817 : INFO : SwitchController : <<<<<<< 's_vuk_top' active >>>>>>>
2022-10-27 22:05:35,307 : INFO : ball_device.bd_top_vuk : Received ball from <ball_device.bd_plunger>
2022-10-27 22:05:35,307 : INFO : EventManager : Event: ======'balldevice_bd_top_vuk_ball_enter'====== Args={'new_balls': 1, 'unclaimed_balls': 0, 'new_available_balls': 0, 'device': <ball_device.bd_top_vuk>}
2022-10-27 22:05:35,308 : INFO : EventManager : Event: ======'balldevice_bd_top_vuk_ball_entered'====== Args={'new_balls': 0, 'device': <ball_device.bd_top_vuk>}
2022-10-27 22:05:35,308 : INFO : EventManager : Event: ======'balldevice_bd_top_vuk_ball_count_changed'====== Args={'balls': 1}
2022-10-27 22:05:35,308 : INFO : ball_device.bd_plunger : Got eject confirm
2022-10-27 22:05:35,308 : INFO : ball_device.bd_plunger : Eject successful
2022-10-27 22:05:35,308 : INFO : EventManager : Event: ======'balldevice_bd_plunger_ball_eject_success'====== Args={'balls': 1, 'target': <ball_device.bd_top_vuk>}
2022-10-27 22:05:35,309 : INFO : ball_device.bd_top_vuk : State: waiting_for_target_ready
2022-10-27 22:05:35,309 : INFO : EventManager : Event: ======'balldevice_bd_top_vuk_ball_eject_attempt'====== Args={'balls': 1, 'target': <playfield.playfield>, 'source': <ball_device.bd_top_vuk>, 'mechanical_eject': False, 'num_attempts': 0}
2022-10-27 22:05:35,309 : INFO : EventManager : Event: ======'balldevice_bd_plunger_ball_count_changed'====== Args={'balls': 0}
2022-10-27 22:05:35,309 : INFO : ball_device.bd_plunger : State: idle
2022-10-27 22:05:35,309 : INFO : ball_device.bd_top_vuk : State: ejecting
2022-10-27 22:05:35,309 : INFO : ball_device.bd_top_vuk : Ejecting ball to <playfield.playfield>
2022-10-27 22:05:35,310 : INFO : EventManager : Event: ======'balldevice_bd_top_vuk_ejecting_ball'====== Args={'balls': 1, 'target': <playfield.playfield>, 'source': <ball_device.bd_top_vuk>, 'mechanical_eject': False, 'num_attempts': 0}
2022-10-27 22:05:35,310 : INFO : ball_device.bd_top_vuk : Wait for ball to leave device
2022-10-27 22:05:35,310 : INFO : coil.c_top_vuk : Pulsing Driver for 100ms (1.0 pulse_power)
2022-10-27 22:05:35,465 : INFO : SwitchController : <<<<<<< 's_vuk_top' inactive >>>>>>>
2022-10-27 22:05:35,469 : INFO : ball_device.bd_top_vuk : State: ball_left
2022-10-27 22:05:35,469 : INFO : ball_device.bd_top_vuk : Ball left
2022-10-27 22:05:35,469 : INFO : ball_device.bd_top_vuk : Wait for confirm with timeout 2.0
2022-10-27 22:05:37,362 : INFO : SwitchController : <<<<<<< 's_right_inlane' active >>>>>>>
2022-10-27 22:05:37,362 : INFO : EventManager : Event: ======'playfield_active'====== Args={}
2022-10-27 22:05:37,363 : INFO : EventManager : Event: ======'playfield_active'====== Args={}
2022-10-27 22:05:37,363 : INFO : EventManager : Event: ======'sw_playfield_active'====== Args={}
2022-10-27 22:05:37,363 : INFO : EventManager : Event: ======'playfield_active'====== Args={}
2022-10-27 22:05:37,368 : INFO : ball_device.bd_top_vuk : Got eject confirm
2022-10-27 22:05:37,368 : INFO : ball_device.bd_top_vuk : Eject successful
2022-10-27 22:05:37,368 : INFO : EventManager : Event: ======'balldevice_bd_top_vuk_ball_eject_success'====== Args={'balls': 1, 'target': <playfield.playfield>}
2022-10-27 22:05:37,369 : INFO : EventManager : Event: ======'balldevice_playfield_ball_enter'====== Args={'new_balls': 1, 'unclaimed_balls': 1, 'device': <playfield.playfield>}
2022-10-27 22:05:37,369 : INFO : EventManager : Event: ======'playfield_ball_count_change'====== Args={'balls': 1, 'change': 1}
2022-10-27 22:05:37,369 : INFO : EventManager : Event: ======'balldevice_bd_top_vuk_ball_count_changed'====== Args={'balls': 0}
2022-10-27 22:05:37,369 : INFO : ball_device.bd_top_vuk : State: idle
2022-10-27 22:05:37,410 : INFO : SwitchController : <<<<<<< 's_right_inlane' inactive >>>>>>>
2022-10-27 22:05:39,191 : INFO : SwitchController : <<<<<<< 's_trough_6' active >>>>>>>
2022-10-27 22:05:39,302 : INFO : SwitchController : <<<<<<< 's_trough_6' inactive >>>>>>>
2022-10-27 22:05:39,366 : INFO : SwitchController : <<<<<<< 's_trough_5' active >>>>>>>
2022-10-27 22:05:39,445 : INFO : SwitchController : <<<<<<< 's_trough_5' inactive >>>>>>>
2022-10-27 22:05:39,492 : INFO : SwitchController : <<<<<<< 's_trough_4' active >>>>>>>
2022-10-27 22:05:39,555 : INFO : SwitchController : <<<<<<< 's_trough_4' inactive >>>>>>>
2022-10-27 22:05:39,603 : INFO : SwitchController : <<<<<<< 's_trough_3' active >>>>>>>
2022-10-27 22:05:40,092 : INFO : EventManager : Event: ======'balldevice_bd_trough_ball_count_changed'====== Args={'balls': 3}
2022-10-27 22:05:40,092 : INFO : ball_device.bd_trough : Received unexpected ball
2022-10-27 22:05:40,092 : INFO : EventManager : Event: ======'balldevice_captured_from_playfield'====== Args={'balls': 1}
2022-10-27 22:05:40,093 : INFO : EventManager : Event: ======'sw_playfield_active'====== Args={'balls': 1}
2022-10-27 22:05:40,093 : INFO : EventManager : Event: ======'playfield_ball_count_change'====== Args={'balls': 0, 'change': -1}
2022-10-27 22:05:40,093 : INFO : EventManager : Event: ======'balldevice_bd_trough_ball_enter'====== Args={'new_balls': 1, 'unclaimed_balls': 1, 'new_available_balls': 1, 'device': <ball_device.bd_trough>}
2022-10-27 22:05:40,093 : INFO : EventManager : Event: ======'ball_drain'====== Args={'device': <ball_device.bd_trough>, 'balls': 1}
2022-10-27 22:05:40,094 : INFO : EventManager : Event: ======'collecting_balls_complete'====== Args={}
2022-10-27 22:05:40,094 : INFO : EventManager : Event: ======'balldevice_balls_available'====== Args={}
2022-10-27 22:05:40,094 : INFO : EventManager : Event: ======'balldevice_bd_trough_ball_entered'====== Args={'new_balls': 1, 'device': <ball_device.bd_trough>}
2022-10-27 22:05:40,298 : INFO : SwitchController : <<<<<<< 's_start' active >>>>>>>
2022-10-27 22:05:40,424 : INFO : SwitchController : <<<<<<< 's_start' inactive >>>>>>>
2022-10-27 22:05:40,424 : INFO : EventManager : Event: ======'request_to_start_game'====== Args={}
2022-10-27 22:05:40,425 : INFO : EventManager : Event: ======'game_start'====== Args={'buttons': [], 'hold_time': 0.125}
2022-10-27 22:05:40,425 : INFO : EventManager : Event: ======'mode_game_will_start'====== Args={'buttons': [], 'hold_time': 0.125}
2022-10-27 22:05:40,425 : INFO : EventManager : Event: ======'mode_game_starting'====== Args={'buttons': [], 'hold_time': 0.125}
2022-10-27 22:05:40,425 : INFO : EventManager : Event: ======'mode_attract_will_stop'====== Args={}
2022-10-27 22:05:40,425 : INFO : EventManager : Event: ======'mode_attract_stopping'====== Args={}
2022-10-27 22:05:40,425 : INFO : Mode.attract : Stopped.
2022-10-27 22:05:40,425 : INFO : EventManager : Event: ======'modes_active_modes_changed'====== Args={}
2022-10-27 22:05:40,427 : INFO : EventManager : Event: ======'mode_attract_stopped'====== Args={}
2022-10-27 22:05:40,427 : INFO : EventManager : Event: ======'clear'====== Args={'key': 'attract'}
2022-10-27 22:05:40,427 : INFO : Mode.game : Started. Priority: 20
2022-10-27 22:05:40,427 : INFO : EventManager : Event: ======'modes_active_modes_changed'====== Args={}
2022-10-27 22:05:40,427 : INFO : EventManager : Event: ======'mode_game_started'====== Args={'buttons': [], 'hold_time': 0.125}
2022-10-27 22:05:40,432 : INFO : EventManager : Event: ======'game_will_start'====== Args={}
2022-10-27 22:05:40,432 : INFO : EventManager : Event: ======'game_starting'====== Args={'game': <Mode.game>}
2022-10-27 22:05:40,433 : INFO : EventManager : Event: ======'player_add_request'====== Args={}
2022-10-27 22:05:40,433 : INFO : EventManager : Event: ======'player_will_add'====== Args={'number': 1}
2022-10-27 22:05:40,433 : INFO : EventManager : Event: ======'player_adding'====== Args={'player': <Player 1>, 'number': 1}
2022-10-27 22:05:40,433 : INFO : EventManager : Event: ======'player_added'====== Args={'player': <Player 1>, 'num': 1}
2022-10-27 22:05:40,433 : INFO : Mode.game : Player added successfully. Total players: 1
2022-10-27 22:05:40,433 : INFO : EventManager : Event: ======'player_index'====== Args={'value': 0, 'prev_value': 0, 'change': 0, 'player_num': 1}
2022-10-27 22:05:40,434 : INFO : EventManager : Event: ======'player_number'====== Args={'value': 1, 'prev_value': 1, 'change': 0, 'player_num': 1}
2022-10-27 22:05:40,434 : INFO : EventManager : Event: ======'player_score'====== Args={'value': 0, 'prev_value': 0, 'change': 0, 'player_num': 1}
2022-10-27 22:05:40,434 : INFO : EventManager : Event: ======'game_started'====== Args={}
2022-10-27 22:05:40,474 : INFO : EventManager : Event: ======'player_turn_will_start'====== Args={'player': <Player 1>, 'number': 1}
2022-10-27 22:05:40,475 : INFO : EventManager : Event: ======'player_turn_starting'====== Args={'player': <Player 1>, 'number': 1}
2022-10-27 22:05:40,475 : INFO : EventManager : Event: ======'player_ball'====== Args={'value': 1, 'prev_value': 0, 'change': 1, 'player_num': 1}
2022-10-27 22:05:40,475 : INFO : EventManager : Event: ======'player_turn_started'====== Args={'player': <Player 1>, 'number': 1}
2022-10-27 22:05:40,476 : INFO : EventManager : Event: ======'ball_will_start'====== Args={'player': 1, 'ball': 1, 'balls_remaining': 2, 'is_extra_ball': False}
2022-10-27 22:05:40,479 : INFO : EventManager : Event: ======'ball_starting'====== Args={'player': 1, 'ball': 1, 'balls_remaining': 2, 'is_extra_ball': False}
2022-10-27 22:05:40,479 : INFO : EventManager : Event: ======'mode_base_will_start'====== Args={'queue': <QueuedEvent>, 'player': 1, 'ball': 1, 'balls_remaining': 2, 'is_extra_ball': False}
2022-10-27 22:05:40,480 : INFO : EventManager : Event: ======'player_shot_left_inlane_enabled'====== Args={'value': True, 'prev_value': 0, 'change': 1, 'player_num': 1}
2022-10-27 22:05:40,480 : INFO : EventManager : Event: ======'player_shot_left_outlane_enabled'====== Args={'value': True, 'prev_value': 0, 'change': 1, 'player_num': 1}
2022-10-27 22:05:40,480 : INFO : EventManager : Event: ======'player_shot_right_inlane_enabled'====== Args={'value': True, 'prev_value': 0, 'change': 1, 'player_num': 1}
2022-10-27 22:05:40,480 : INFO : EventManager : Event: ======'player_shot_right_outlane_enabled'====== Args={'value': True, 'prev_value': 0, 'change': 1, 'player_num': 1}
2022-10-27 22:05:40,480 : INFO : EventManager : Event: ======'player_shot_left_orbit_enabled'====== Args={'value': True, 'prev_value': 0, 'change': 1, 'player_num': 1}
2022-10-27 22:05:40,480 : INFO : EventManager : Event: ======'player_shot_small_cw_orbit_enabled'====== Args={'value': True, 'prev_value': 0, 'change': 1, 'player_num': 1}
2022-10-27 22:05:40,480 : INFO : EventManager : Event: ======'player_shot_small_ccw_orbit_enabled'====== Args={'value': True, 'prev_value': 0, 'change': 1, 'player_num': 1}
2022-10-27 22:05:40,481 : INFO : EventManager : Event: ======'player_shot_left_pop_enabled'====== Args={'value': True, 'prev_value': 0, 'change': 1, 'player_num': 1}
2022-10-27 22:05:40,481 : INFO : EventManager : Event: ======'player_shot_right_pop_enabled'====== Args={'value': True, 'prev_value': 0, 'change': 1, 'player_num': 1}
2022-10-27 22:05:40,481 : INFO : EventManager : Event: ======'player_shot_lower_pop_enabled'====== Args={'value': True, 'prev_value': 0, 'change': 1, 'player_num': 1}
2022-10-27 22:05:40,481 : INFO : EventManager : Event: ======'player_shot_scoop_enabled'====== Args={'value': True, 'prev_value': 0, 'change': 1, 'player_num': 1}
2022-10-27 22:05:40,481 : INFO : EventManager : Event: ======'player_shot_left_return_enabled'====== Args={'value': True, 'prev_value': 0, 'change': 1, 'player_num': 1}
2022-10-27 22:05:40,482 : INFO : EventManager : Event: ======'player_shot_single_drop_shot_enabled'====== Args={'value': True, 'prev_value': 0, 'change': 1, 'player_num': 1}
2022-10-27 22:05:40,483 : INFO : EventManager : Event: ======'mode_base_starting'====== Args={'queue': <QueuedEvent>, 'player': 1, 'ball': 1, 'balls_remaining': 2, 'is_extra_ball': False}
2022-10-27 22:05:40,483 : INFO : EventManager : Event: ======'mode_lane_rotate_will_start'====== Args={'queue': <QueuedEvent>, 'player': 1, 'ball': 1, 'balls_remaining': 2, 'is_extra_ball': False}
2022-10-27 22:05:40,483 : INFO : EventManager : Event: ======'player_shot_r_left_outlane_enabled'====== Args={'value': True, 'prev_value': 0, 'change': 1, 'player_num': 1}
2022-10-27 22:05:40,483 : INFO : EventManager : Event: ======'player_shot_r_left_inlane_enabled'====== Args={'value': True, 'prev_value': 0, 'change': 1, 'player_num': 1}
2022-10-27 22:05:40,483 : INFO : EventManager : Event: ======'player_shot_r_right_inlane_enabled'====== Args={'value': True, 'prev_value': 0, 'change': 1, 'player_num': 1}
2022-10-27 22:05:40,484 : INFO : EventManager : Event: ======'player_shot_r_right_outlane_enabled'====== Args={'value': True, 'prev_value': 0, 'change': 1, 'player_num': 1}
2022-10-27 22:05:40,484 : INFO : EventManager : Event: ======'mode_lane_rotate_starting'====== Args={'queue': <QueuedEvent>, 'player': 1, 'ball': 1, 'balls_remaining': 2, 'is_extra_ball': False}
2022-10-27 22:05:40,485 : INFO : drop_target_bank.single_main : All targets are already up. Will not reset bank.
2022-10-27 22:05:40,485 : INFO : Mode.lane_rotate : Started. Priority: 100
2022-10-27 22:05:40,485 : INFO : EventManager : Event: ======'modes_active_modes_changed'====== Args={}
2022-10-27 22:05:40,485 : INFO : EventManager : Event: ======'mode_lane_rotate_started'====== Args={'queue': <QueuedEvent>, 'player': 1, 'ball': 1, 'balls_remaining': 2, 'is_extra_ball': False}
2022-10-27 22:05:40,485 : INFO : Mode.base : Started. Priority: 100
2022-10-27 22:05:40,485 : INFO : EventManager : Event: ======'modes_active_modes_changed'====== Args={}
2022-10-27 22:05:40,486 : INFO : EventManager : Event: ======'mode_base_started'====== Args={'queue': <QueuedEvent>, 'player': 1, 'ball': 1, 'balls_remaining': 2, 'is_extra_ball': False}
2022-10-27 22:05:40,486 : INFO : EventManager : Event: ======'balls_in_play'====== Args={'balls': 1}
2022-10-27 22:05:40,486 : INFO : EventManager : Event: ======'ball_started'====== Args={'player': 1, 'ball': 1, 'balls_remaining': 2, 'is_extra_ball': False}
2022-10-27 22:05:40,486 : INFO : drop_target_bank.single_upper : 1 targets are down. Will reset those.
2022-10-27 22:05:40,486 : INFO : coil.c_drop_upper : Pulsing Driver for 10ms (1.0 pulse_power)
2022-10-27 22:05:40,486 : INFO : drop_target_bank.mid : All targets are already up. Will not reset bank.
2022-10-27 22:05:40,486 : INFO : drop_target_bank.right : All targets are already up. Will not reset bank.
2022-10-27 22:05:40,506 : INFO : EventManager : Event: ======'single_player_ball_started'====== Args={}
2022-10-27 22:05:40,506 : INFO : EventManager : Event: ======'ball_start_target'====== Args={'target': 'playfield'}
2022-10-27 22:05:40,507 : INFO : ball_device.bd_plunger : Setting up player-controlled eject. Balls: 1, Target: <playfield.playfield>, player_controlled_eject_event: s_launch_active
2022-10-27 22:05:40,507 : INFO : EventManager : Event: ======'balldevice_balls_available'====== Args={}
2022-10-27 22:05:40,508 : INFO : ball_device.bd_trough : State: waiting_for_target_ready
2022-10-27 22:05:40,508 : INFO : EventManager : Event: ======'balldevice_bd_trough_ball_eject_attempt'====== Args={'balls': 1, 'target': <ball_device.bd_plunger>, 'source': <ball_device.bd_trough>, 'mechanical_eject': True, 'num_attempts': 0}
2022-10-27 22:05:40,509 : INFO : ball_device.bd_plunger : State: waiting_for_ball
2022-10-27 22:05:40,509 : INFO : ball_device.bd_top_vuk : State: waiting_for_ball
2022-10-27 22:05:40,509 : INFO : ball_device.bd_trough : State: ejecting
2022-10-27 22:05:40,509 : INFO : ball_device.bd_trough : Ejecting ball to <ball_device.bd_plunger>
2022-10-27 22:05:40,509 : INFO : EventManager : Event: ======'balldevice_bd_trough_ejecting_ball'====== Args={'balls': 1, 'target': <ball_device.bd_plunger>, 'source': <ball_device.bd_trough>, 'mechanical_eject': True, 'num_attempts': 0}
2022-10-27 22:05:40,510 : INFO : ball_device.bd_trough : Wait for ball to leave device
2022-10-27 22:05:40,510 : INFO : coil.c_trough : Pulsing Driver for 25ms (0.8 pulse_power)
2022-10-27 22:05:40,551 : INFO : SwitchController : <<<<<<< 's_sling_left' inactive >>>>>>>
2022-10-27 22:05:40,551 : INFO : SwitchController : <<<<<<< 's_sling_left' active >>>>>>>
2022-10-27 22:05:40,551 : INFO : EventManager : Event: ======'playfield_active'====== Args={}
2022-10-27 22:05:40,551 : INFO : EventManager : Event: ======'unexpected_ball_on_playfield'====== Args={}
2022-10-27 22:05:40,551 : INFO : EventManager : Event: ======'machine_var_audits_switches_s_sling_left'====== Args={'value': 625, 'prev_value': 624, 'change': 1}
2022-10-27 22:05:40,552 : INFO : SwitchController : <<<<<<< 's_sling_left' inactive >>>>>>>
2022-10-27 22:05:40,598 : INFO : SwitchController : <<<<<<< 's_sling_left' active >>>>>>>
2022-10-27 22:05:40,598 : INFO : EventManager : Event: ======'playfield_active'====== Args={}
2022-10-27 22:05:40,598 : INFO : EventManager : Event: ======'unexpected_ball_on_playfield'====== Args={}
2022-10-27 22:05:40,598 : INFO : EventManager : Event: ======'machine_var_audits_switches_s_sling_left'====== Args={'value': 626, 'prev_value': 625, 'change': 1}
2022-10-27 22:05:40,618 : INFO : SwitchController : <<<<<<< 's_sling_left' inactive >>>>>>>
2022-10-27 22:05:40,618 : INFO : SwitchController : <<<<<<< 's_trough_jam' inactive >>>>>>>
2022-10-27 22:05:40,618 : INFO : SwitchController : <<<<<<< 's_trough_1' active >>>>>>>
2022-10-27 22:05:40,619 : INFO : EventManager : Event: ======'machine_var_audits_switches_s_trough_1'====== Args={'value': 21, 'prev_value': 20, 'change': 1}
2022-10-27 22:05:40,619 : INFO : SwitchController : <<<<<<< 's_trough_jam' active >>>>>>>
2022-10-27 22:05:40,619 : INFO : EventManager : Event: ======'machine_var_audits_switches_s_trough_jam'====== Args={'value': 25, 'prev_value': 24, 'change': 1}
2022-10-27 22:05:40,625 : INFO : SwitchController : <<<<<<< 's_trough_1' inactive >>>>>>>
2022-10-27 22:05:40,625 : INFO : ball_device.bd_trough : State: ball_left
2022-10-27 22:05:40,625 : INFO : ball_device.bd_trough : Ball left
2022-10-27 22:05:40,625 : INFO : ball_device.bd_trough : Wait for confirm with timeout 10.0
2022-10-27 22:05:40,646 : INFO : SwitchController : <<<<<<< 's_trough_jam' inactive >>>>>>>
2022-10-27 22:05:40,665 : INFO : SwitchController : <<<<<<< 's_sling_left' active >>>>>>>
2022-10-27 22:05:40,665 : INFO : EventManager : Event: ======'playfield_active'====== Args={}
2022-10-27 22:05:40,665 : INFO : EventManager : Event: ======'unexpected_ball_on_playfield'====== Args={}
2022-10-27 22:05:40,665 : INFO : EventManager : Event: ======'machine_var_audits_switches_s_sling_left'====== Args={'value': 627, 'prev_value': 626, 'change': 1}
2022-10-27 22:05:40,681 : INFO : SwitchController : <<<<<<< 's_sling_left' inactive >>>>>>>
2022-10-27 22:05:40,740 : INFO : SwitchController : <<<<<<< 's_sling_left' active >>>>>>>
2022-10-27 22:05:40,740 : INFO : EventManager : Event: ======'playfield_active'====== Args={}
2022-10-27 22:05:40,740 : INFO : EventManager : Event: ======'unexpected_ball_on_playfield'====== Args={}
2022-10-27 22:05:40,740 : INFO : EventManager : Event: ======'machine_var_audits_switches_s_sling_left'====== Args={'value': 628, 'prev_value': 627, 'change': 1}
2022-10-27 22:05:40,741 : INFO : SwitchController : <<<<<<< 's_sling_left' inactive >>>>>>>
2022-10-27 22:05:40,759 : INFO : SwitchController : <<<<<<< 's_sling_left' active >>>>>>>
2022-10-27 22:05:40,759 : INFO : EventManager : Event: ======'playfield_active'====== Args={}
2022-10-27 22:05:40,759 : INFO : EventManager : Event: ======'unexpected_ball_on_playfield'====== Args={}
2022-10-27 22:05:40,759 : INFO : EventManager : Event: ======'machine_var_audits_switches_s_sling_left'====== Args={'value': 629, 'prev_value': 628, 'change': 1}
2022-10-27 22:05:40,759 : INFO : SwitchController : <<<<<<< 's_sling_left' inactive >>>>>>>
2022-10-27 22:05:40,772 : INFO : SwitchController : <<<<<<< 's_trough_3' inactive >>>>>>>
2022-10-27 22:05:40,791 : INFO : SwitchController : <<<<<<< 's_trough_2' inactive >>>>>>>
2022-10-27 22:05:40,807 : INFO : SwitchController : <<<<<<< 's_sling_left' active >>>>>>>
2022-10-27 22:05:40,807 : INFO : EventManager : Event: ======'playfield_active'====== Args={}
2022-10-27 22:05:40,807 : INFO : EventManager : Event: ======'unexpected_ball_on_playfield'====== Args={}
2022-10-27 22:05:40,808 : INFO : EventManager : Event: ======'machine_var_audits_switches_s_sling_left'====== Args={'value': 630, 'prev_value': 629, 'change': 1}
2022-10-27 22:05:40,824 : INFO : SwitchController : <<<<<<< 's_sling_left' inactive >>>>>>>
2022-10-27 22:05:40,839 : INFO : SwitchController : <<<<<<< 's_trough_jam' active >>>>>>>
2022-10-27 22:05:40,840 : INFO : EventManager : Event: ======'machine_var_audits_switches_s_trough_jam'====== Args={'value': 26, 'prev_value': 25, 'change': 1}
2022-10-27 22:05:40,867 : INFO : SwitchController : <<<<<<< 's_sling_left' active >>>>>>>
2022-10-27 22:05:40,867 : INFO : EventManager : Event: ======'playfield_active'====== Args={}
2022-10-27 22:05:40,867 : INFO : EventManager : Event: ======'unexpected_ball_on_playfield'====== Args={}
2022-10-27 22:05:40,867 : INFO : EventManager : Event: ======'machine_var_audits_switches_s_sling_left'====== Args={'value': 631, 'prev_value': 630, 'change': 1}
2022-10-27 22:05:40,888 : INFO : SwitchController : <<<<<<< 's_sling_left' inactive >>>>>>>
2022-10-27 22:05:40,902 : INFO : SwitchController : <<<<<<< 's_trough_2' active >>>>>>>
2022-10-27 22:05:40,902 : INFO : EventManager : Event: ======'machine_var_audits_switches_s_trough_2'====== Args={'value': 21, 'prev_value': 20, 'change': 1}
2022-10-27 22:05:40,918 : INFO : SwitchController : <<<<<<< 's_autolauncher' active >>>>>>>
2022-10-27 22:05:40,918 : INFO : EventManager : Event: ======'machine_var_audits_switches_s_autolauncher'====== Args={'value': 29, 'prev_value': 28, 'change': 1}
2022-10-27 22:05:40,934 : INFO : SwitchController : <<<<<<< 's_sling_left' active >>>>>>>
2022-10-27 22:05:40,934 : INFO : EventManager : Event: ======'playfield_active'====== Args={}
2022-10-27 22:05:40,934 : INFO : EventManager : Event: ======'unexpected_ball_on_playfield'====== Args={}
2022-10-27 22:05:40,934 : INFO : EventManager : Event: ======'machine_var_audits_switches_s_sling_left'====== Args={'value': 632, 'prev_value': 631, 'change': 1}
2022-10-27 22:05:40,950 : INFO : SwitchController : <<<<<<< 's_sling_left' inactive >>>>>>>
2022-10-27 22:05:40,950 : INFO : SwitchController : <<<<<<< 's_sling_left' active >>>>>>>
2022-10-27 22:05:40,950 : INFO : EventManager : Event: ======'playfield_active'====== Args={}
2022-10-27 22:05:40,950 : INFO : EventManager : Event: ======'unexpected_ball_on_playfield'====== Args={}
2022-10-27 22:05:40,951 : INFO : EventManager : Event: ======'machine_var_audits_switches_s_sling_left'====== Args={'value': 633, 'prev_value': 632, 'change': 1}
2022-10-27 22:05:40,964 : INFO : SwitchController : <<<<<<< 's_sling_left' inactive >>>>>>>
2022-10-27 22:05:41,008 : INFO : SwitchController : <<<<<<< 's_sling_left' active >>>>>>>
2022-10-27 22:05:41,008 : INFO : EventManager : Event: ======'playfield_active'====== Args={}
2022-10-27 22:05:41,008 : INFO : EventManager : Event: ======'unexpected_ball_on_playfield'====== Args={}
2022-10-27 22:05:41,008 : INFO : EventManager : Event: ======'machine_var_audits_switches_s_sling_left'====== Args={'value': 634, 'prev_value': 633, 'change': 1}
2022-10-27 22:05:41,009 : INFO : SwitchController : <<<<<<< 's_sling_left' inactive >>>>>>>
2022-10-27 22:05:41,071 : INFO : SwitchController : <<<<<<< 's_sling_left' active >>>>>>>
2022-10-27 22:05:41,071 : INFO : EventManager : Event: ======'playfield_active'====== Args={}
2022-10-27 22:05:41,071 : INFO : EventManager : Event: ======'unexpected_ball_on_playfield'====== Args={}
2022-10-27 22:05:41,071 : INFO : EventManager : Event: ======'machine_var_audits_switches_s_sling_left'====== Args={'value': 635, 'prev_value': 634, 'change': 1}
2022-10-27 22:05:41,091 : INFO : SwitchController : <<<<<<< 's_sling_left' inactive >>>>>>>
2022-10-27 22:05:41,133 : INFO : SwitchController : <<<<<<< 's_sling_left' active >>>>>>>
2022-10-27 22:05:41,133 : INFO : EventManager : Event: ======'playfield_active'====== Args={}
2022-10-27 22:05:41,133 : INFO : EventManager : Event: ======'unexpected_ball_on_playfield'====== Args={}
2022-10-27 22:05:41,133 : INFO : EventManager : Event: ======'machine_var_audits_switches_s_sling_left'====== Args={'value': 636, 'prev_value': 635, 'change': 1}
2022-10-27 22:05:41,157 : INFO : SwitchController : <<<<<<< 's_sling_left' inactive >>>>>>>
2022-10-27 22:05:41,212 : INFO : SwitchController : <<<<<<< 's_sling_left' active >>>>>>>
2022-10-27 22:05:41,212 : INFO : EventManager : Event: ======'playfield_active'====== Args={}
2022-10-27 22:05:41,212 : INFO : EventManager : Event: ======'unexpected_ball_on_playfield'====== Args={}
2022-10-27 22:05:41,212 : INFO : EventManager : Event: ======'machine_var_audits_switches_s_sling_left'====== Args={'value': 637, 'prev_value': 636, 'change': 1}
2022-10-27 22:05:41,213 : INFO : SwitchController : <<<<<<< 's_sling_left' inactive >>>>>>>
2022-10-27 22:05:41,290 : INFO : SwitchController : <<<<<<< 's_sling_left' active >>>>>>>
2022-10-27 22:05:41,290 : INFO : EventManager : Event: ======'playfield_active'====== Args={}
2022-10-27 22:05:41,290 : INFO : EventManager : Event: ======'unexpected_ball_on_playfield'====== Args={}
2022-10-27 22:05:41,290 : INFO : EventManager : Event: ======'machine_var_audits_switches_s_sling_left'====== Args={'value': 638, 'prev_value': 637, 'change': 1}
2022-10-27 22:05:41,310 : INFO : SwitchController : <<<<<<< 's_sling_left' inactive >>>>>>>
2022-10-27 22:05:41,353 : INFO : SwitchController : <<<<<<< 's_sling_left' active >>>>>>>
2022-10-27 22:05:41,353 : INFO : EventManager : Event: ======'playfield_active'====== Args={}
2022-10-27 22:05:41,353 : INFO : EventManager : Event: ======'unexpected_ball_on_playfield'====== Args={}
2022-10-27 22:05:41,353 : INFO : EventManager : Event: ======'machine_var_audits_switches_s_sling_left'====== Args={'value': 639, 'prev_value': 638, 'change': 1}
2022-10-27 22:05:41,358 : INFO : SwitchController : <<<<<<< 's_sling_left' inactive >>>>>>>
2022-10-27 22:05:41,417 : INFO : SwitchController : <<<<<<< 's_sling_left' active >>>>>>>
2022-10-27 22:05:41,417 : INFO : EventManager : Event: ======'playfield_active'====== Args={}
2022-10-27 22:05:41,417 : INFO : EventManager : Event: ======'unexpected_ball_on_playfield'====== Args={}
2022-10-27 22:05:41,417 : INFO : EventManager : Event: ======'machine_var_audits_switches_s_sling_left'====== Args={'value': 640, 'prev_value': 639, 'change': 1}
2022-10-27 22:05:41,418 : INFO : ball_device.bd_plunger : Received ball from <ball_device.bd_trough>
2022-10-27 22:05:41,418 : INFO : EventManager : Event: ======'balldevice_bd_plunger_ball_enter'====== Args={'new_balls': 1, 'unclaimed_balls': 0, 'new_available_balls': 0, 'device': <ball_device.bd_plunger>}
2022-10-27 22:05:41,423 : INFO : EventManager : Event: ======'balldevice_bd_plunger_ball_entered'====== Args={'new_balls': 0, 'device': <ball_device.bd_plunger>}
2022-10-27 22:05:41,423 : INFO : EventManager : Event: ======'balldevice_bd_plunger_ball_count_changed'====== Args={'balls': 1}
2022-10-27 22:05:41,423 : INFO : ball_device.bd_trough : Got eject confirm
2022-10-27 22:05:41,423 : INFO : ball_device.bd_trough : Eject successful
2022-10-27 22:05:41,423 : INFO : EventManager : Event: ======'balldevice_bd_trough_ball_eject_success'====== Args={'balls': 1, 'target': <ball_device.bd_plunger>}
2022-10-27 22:05:41,424 : INFO : ball_device.bd_plunger : State: waiting_for_target_ready
2022-10-27 22:05:41,424 : INFO : EventManager : Event: ======'balldevice_bd_plunger_ball_eject_attempt'====== Args={'balls': 1, 'target': <ball_device.bd_top_vuk>, 'source': <ball_device.bd_plunger>, 'mechanical_eject': True, 'num_attempts': 0}
2022-10-27 22:05:41,424 : INFO : SwitchController : <<<<<<< 's_sling_left' inactive >>>>>>>
2022-10-27 22:05:41,427 : INFO : ball_device.bd_plunger : State: ejecting
2022-10-27 22:05:41,427 : INFO : ball_device.bd_plunger : Ejecting ball to <ball_device.bd_top_vuk>
2022-10-27 22:05:41,427 : INFO : EventManager : Event: ======'balldevice_bd_plunger_ejecting_ball'====== Args={'balls': 1, 'target': <ball_device.bd_top_vuk>, 'source': <ball_device.bd_plunger>, 'mechanical_eject': True, 'num_attempts': 0}
2022-10-27 22:05:41,427 : INFO : EventManager : Event: ======'balldevice_bd_trough_ball_count_changed'====== Args={'balls': 2}
2022-10-27 22:05:41,428 : INFO : ball_device.bd_trough : State: idle
2022-10-27 22:05:41,428 : INFO : ball_device.bd_plunger : Wait for ball to leave device
2022-10-27 22:05:41,497 : INFO : SwitchController : <<<<<<< 's_sling_left' active >>>>>>>
2022-10-27 22:05:41,497 : INFO : EventManager : Event: ======'playfield_active'====== Args={}
2022-10-27 22:05:41,497 : INFO : EventManager : Event: ======'unexpected_ball_on_playfield'====== Args={}
2022-10-27 22:05:41,497 : INFO : EventManager : Event: ======'machine_var_audits_switches_s_sling_left'====== Args={'value': 641, 'prev_value': 640, 'change': 1}
2022-10-27 22:05:41,517 : INFO : SwitchController : <<<<<<< 's_sling_left' inactive >>>>>>>
2022-10-27 22:05:41,560 : INFO : SwitchController : <<<<<<< 's_sling_left' active >>>>>>>
2022-10-27 22:05:41,560 : INFO : EventManager : Event: ======'playfield_active'====== Args={}
2022-10-27 22:05:41,560 : INFO : EventManager : Event: ======'unexpected_ball_on_playfield'====== Args={}
2022-10-27 22:05:41,560 : INFO : EventManager : Event: ======'machine_var_audits_switches_s_sling_left'====== Args={'value': 642, 'prev_value': 641, 'change': 1}
2022-10-27 22:05:41,580 : INFO : SwitchController : <<<<<<< 's_sling_left' inactive >>>>>>>
2022-10-27 22:05:41,623 : INFO : SwitchController : <<<<<<< 's_sling_left' active >>>>>>>
2022-10-27 22:05:41,623 : INFO : EventManager : Event: ======'playfield_active'====== Args={}
2022-10-27 22:05:41,623 : INFO : EventManager : Event: ======'unexpected_ball_on_playfield'====== Args={}
2022-10-27 22:05:41,623 : INFO : EventManager : Event: ======'machine_var_audits_switches_s_sling_left'====== Args={'value': 643, 'prev_value': 642, 'change': 1}
2022-10-27 22:05:41,643 : INFO : SwitchController : <<<<<<< 's_sling_left' inactive >>>>>>>
2022-10-27 22:05:41,643 : INFO : SwitchController : <<<<<<< 's_sling_left' active >>>>>>>
2022-10-27 22:05:41,643 : INFO : EventManager : Event: ======'playfield_active'====== Args={}
2022-10-27 22:05:41,644 : INFO : EventManager : Event: ======'unexpected_ball_on_playfield'====== Args={}
2022-10-27 22:05:41,644 : INFO : EventManager : Event: ======'machine_var_audits_switches_s_sling_left'====== Args={'value': 644, 'prev_value': 643, 'change': 1}
2022-10-27 22:05:41,644 : INFO : SwitchController : <<<<<<< 's_sling_left' inactive >>>>>>>
2022-10-27 22:05:41,701 : INFO : SwitchController : <<<<<<< 's_sling_left' active >>>>>>>
2022-10-27 22:05:41,701 : INFO : EventManager : Event: ======'playfield_active'====== Args={}
2022-10-27 22:05:41,701 : INFO : EventManager : Event: ======'unexpected_ball_on_playfield'====== Args={}
2022-10-27 22:05:41,701 : INFO : EventManager : Event: ======'machine_var_audits_switches_s_sling_left'====== Args={'value': 645, 'prev_value': 644, 'change': 1}
2022-10-27 22:05:41,702 : INFO : SwitchController : <<<<<<< 's_sling_left' inactive >>>>>>>
2022-10-27 22:05:41,765 : INFO : SwitchController : <<<<<<< 's_sling_left' active >>>>>>>
2022-10-27 22:05:41,765 : INFO : EventManager : Event: ======'playfield_active'====== Args={}
2022-10-27 22:05:41,766 : INFO : EventManager : Event: ======'unexpected_ball_on_playfield'====== Args={}
2022-10-27 22:05:41,766 : INFO : EventManager : Event: ======'machine_var_audits_switches_s_sling_left'====== Args={'value': 646, 'prev_value': 645, 'change': 1}
2022-10-27 22:05:41,789 : INFO : SwitchController : <<<<<<< 's_sling_left' inactive >>>>>>>
2022-10-27 22:05:41,789 : INFO : SwitchController : <<<<<<< 's_sling_left' active >>>>>>>
2022-10-27 22:05:41,789 : INFO : EventManager : Event: ======'playfield_active'====== Args={}
2022-10-27 22:05:41,789 : INFO : EventManager : Event: ======'unexpected_ball_on_playfield'====== Args={}
2022-10-27 22:05:41,790 : INFO : EventManager : Event: ======'machine_var_audits_switches_s_sling_left'====== Args={'value': 647, 'prev_value': 646, 'change': 1}
2022-10-27 22:05:41,790 : INFO : SwitchController : <<<<<<< 's_sling_left' inactive >>>>>>>
2022-10-27 22:05:41,829 : INFO : SwitchController : <<<<<<< 's_sling_left' active >>>>>>>
2022-10-27 22:05:41,830 : INFO : EventManager : Event: ======'playfield_active'====== Args={}
2022-10-27 22:05:41,830 : INFO : EventManager : Event: ======'unexpected_ball_on_playfield'====== Args={}
2022-10-27 22:05:41,830 : INFO : EventManager : Event: ======'machine_var_audits_switches_s_sling_left'====== Args={'value': 648, 'prev_value': 647, 'change': 1}
2022-10-27 22:05:41,856 : INFO : SwitchController : <<<<<<< 's_sling_left' inactive >>>>>>>
2022-10-27 22:05:41,893 : INFO : SwitchController : <<<<<<< 's_sling_left' active >>>>>>>
2022-10-27 22:05:41,893 : INFO : EventManager : Event: ======'playfield_active'====== Args={}
2022-10-27 22:05:41,893 : INFO : EventManager : Event: ======'unexpected_ball_on_playfield'====== Args={}
2022-10-27 22:05:41,893 : INFO : EventManager : Event: ======'machine_var_audits_switches_s_sling_left'====== Args={'value': 649, 'prev_value': 648, 'change': 1}
2022-10-27 22:05:41,915 : INFO : SwitchController : <<<<<<< 's_sling_left' inactive >>>>>>>
2022-10-27 22:05:41,928 : INFO : SwitchController : <<<<<<< 's_sling_left' active >>>>>>>
2022-10-27 22:05:41,928 : INFO : EventManager : Event: ======'playfield_active'====== Args={}
2022-10-27 22:05:41,928 : INFO : EventManager : Event: ======'unexpected_ball_on_playfield'====== Args={}
2022-10-27 22:05:41,928 : INFO : EventManager : Event: ======'machine_var_audits_switches_s_sling_left'====== Args={'value': 650, 'prev_value': 649, 'change': 1}
2022-10-27 22:05:42,320 : INFO : SwitchController : <<<<<<< 's_left_flipper' active >>>>>>>
2022-10-27 22:05:42,320 : INFO : EventManager : Event: ======'machine_var_audits_switches_s_left_flipper'====== Args={'value': 136, 'prev_value': 135, 'change': 1}
2022-10-27 22:05:42,969 : INFO : SwitchController : <<<<<<< 's_left_flipper' inactive >>>>>>>
2022-10-27 22:05:43,285 : INFO : SwitchController : <<<<<<< 's_left_flipper' active >>>>>>>
2022-10-27 22:05:43,285 : INFO : EventManager : Event: ======'machine_var_audits_switches_s_left_flipper'====== Args={'value': 137, 'prev_value': 136, 'change': 1}
2022-10-27 22:05:44,560 : INFO : SwitchController : <<<<<<< 's_left_flipper' inactive >>>>>>>
2022-10-27 22:05:44,749 : INFO : SwitchController : <<<<<<< 's_left_flipper' active >>>>>>>
2022-10-27 22:05:44,749 : INFO : EventManager : Event: ======'machine_var_audits_switches_s_left_flipper'====== Args={'value': 138, 'prev_value': 137, 'change': 1}
2022-10-27 22:05:47,613 : INFO : SwitchController : <<<<<<< 's_left_flipper' inactive >>>>>>>
2022-10-27 22:05:48,272 : INFO : SwitchController : <<<<<<< 's_left_flipper' active >>>>>>>
2022-10-27 22:05:48,272 : INFO : EventManager : Event: ======'machine_var_audits_switches_s_left_flipper'====== Args={'value': 139, 'prev_value': 138, 'change': 1}
2022-10-27 22:05:48,704 : INFO : SwitchController : <<<<<<< 's_left_flipper' inactive >>>>>>>
2022-10-27 22:05:49,057 : INFO : SwitchController : <<<<<<< 's_left_flipper' active >>>>>>>
2022-10-27 22:05:49,057 : INFO : EventManager : Event: ======'machine_var_audits_switches_s_left_flipper'====== Args={'value': 140, 'prev_value': 139, 'change': 1}
2022-10-27 22:05:49,503 : INFO : SwitchController : <<<<<<< 's_left_flipper' inactive >>>>>>>
2022-10-27 22:05:49,903 : INFO : SwitchController : <<<<<<< 's_left_flipper' active >>>>>>>
2022-10-27 22:05:49,903 : INFO : EventManager : Event: ======'machine_var_audits_switches_s_left_flipper'====== Args={'value': 141, 'prev_value': 140, 'change': 1}
2022-10-27 22:05:51,183 : INFO : SwitchController : <<<<<<< 's_left_flipper' inactive >>>>>>>
2022-10-27 22:05:51,727 : INFO : SwitchController : <<<<<<< 's_left_flipper' active >>>>>>>
2022-10-27 22:05:51,727 : INFO : EventManager : Event: ======'machine_var_audits_switches_s_left_flipper'====== Args={'value': 142, 'prev_value': 141, 'change': 1}
2022-10-27 22:05:52,701 : INFO : SwitchController : <<<<<<< 's_left_flipper' inactive >>>>>>>
2022-10-27 22:05:52,989 : INFO : SwitchController : <<<<<<< 's_left_flipper' active >>>>>>>
2022-10-27 22:05:52,989 : INFO : EventManager : Event: ======'machine_var_audits_switches_s_left_flipper'====== Args={'value': 143, 'prev_value': 142, 'change': 1}
2022-10-27 22:05:53,853 : INFO : SwitchController : <<<<<<< 's_left_flipper' inactive >>>>>>>
2022-10-27 22:05:54,108 : INFO : SwitchController : <<<<<<< 's_left_flipper' active >>>>>>>
2022-10-27 22:05:54,108 : INFO : EventManager : Event: ======'machine_var_audits_switches_s_left_flipper'====== Args={'value': 144, 'prev_value': 143, 'change': 1}
2022-10-27 22:05:54,571 : INFO : SwitchController : <<<<<<< 's_left_flipper' inactive >>>>>>>
2022-10-27 22:05:54,591 : INFO : SwitchController : <<<<<<< 's_left_flipper' active >>>>>>>
2022-10-27 22:05:54,591 : INFO : EventManager : Event: ======'machine_var_audits_switches_s_left_flipper'====== Args={'value': 145, 'prev_value': 144, 'change': 1}
2022-10-27 22:05:54,592 : INFO : SwitchController : <<<<<<< 's_left_flipper' inactive >>>>>>>
2022-10-27 22:05:54,651 : INFO : SwitchController : <<<<<<< 's_left_flipper' active >>>>>>>
2022-10-27 22:05:54,651 : INFO : EventManager : Event: ======'machine_var_audits_switches_s_left_flipper'====== Args={'value': 146, 'prev_value': 145, 'change': 1}
2022-10-27 22:05:55,419 : INFO : SwitchController : <<<<<<< 's_left_flipper' inactive >>>>>>>
2022-10-27 22:05:56,521 : INFO : SwitchController : <<<<<<< 's_right_inlane' active >>>>>>>
2022-10-27 22:05:56,521 : INFO : EventManager : Event: ======'playfield_active'====== Args={}
2022-10-27 22:05:56,521 : INFO : EventManager : Event: ======'unexpected_ball_on_playfield'====== Args={}
2022-10-27 22:05:56,521 : INFO : EventManager : Event: ======'playfield_active'====== Args={}
2022-10-27 22:05:56,521 : INFO : EventManager : Event: ======'unexpected_ball_on_playfield'====== Args={}
2022-10-27 22:05:56,521 : INFO : EventManager : Event: ======'s_right_inlane_active'====== Args={}
2022-10-27 22:05:56,521 : INFO : EventManager : Event: ======'sw_playfield_active'====== Args={}
2022-10-27 22:05:56,521 : INFO : EventManager : Event: ======'machine_var_audits_switches_s_right_inlane'====== Args={'value': 20, 'prev_value': 19, 'change': 1}
2022-10-27 22:05:56,528 : INFO : EventManager : Event: ======'player_shot_right_inlane'====== Args={'value': 1, 'prev_value': 0, 'change': 1, 'player_num': 1}
2022-10-27 22:05:56,528 : INFO : EventManager : Event: ======'machine_var_audits_shots_right_inlane'====== Args={'value': 20, 'prev_value': 19, 'change': 1}
2022-10-27 22:05:56,529 : INFO : EventManager : Event: ======'right_inlane_hit'====== Args={'profile': 'default', 'state': 'unlit', 'advancing': True}
2022-10-27 22:05:56,529 : INFO : EventManager : Event: ======'right_inlane_default_hit'====== Args={'profile': 'default', 'state': 'unlit', 'advancing': True}
2022-10-27 22:05:56,529 : INFO : EventManager : Event: ======'right_inlane_default_unlit_hit'====== Args={'profile': 'default', 'state': 'unlit', 'advancing': True}
2022-10-27 22:05:56,529 : INFO : EventManager : Event: ======'right_inlane_unlit_hit'====== Args={'profile': 'default', 'state': 'unlit', 'advancing': True}
2022-10-27 22:05:56,529 : INFO : EventManager : Event: ======'player_shot_r_right_inlane'====== Args={'value': 1, 'prev_value': 0, 'change': 1, 'player_num': 1}
2022-10-27 22:05:56,529 : INFO : EventManager : Event: ======'machine_var_audits_shots_r_right_inlane'====== Args={'value': 20, 'prev_value': 19, 'change': 1}
2022-10-27 22:05:56,530 : INFO : EventManager : Event: ======'r_right_inlane_hit'====== Args={'profile': 'inout_lane_profile', 'state': None, 'advancing': True}
2022-10-27 22:05:56,530 : INFO : EventManager : Event: ======'r_right_inlane_inout_lane_profile_hit'====== Args={'profile': 'inout_lane_profile', 'state': None, 'advancing': True}
2022-10-27 22:05:56,530 : INFO : EventManager : Event: ======'r_right_inlane_inout_lane_profile_None_hit'====== Args={'profile': 'inout_lane_profile', 'state': None, 'advancing': True}
2022-10-27 22:05:56,530 : INFO : EventManager : Event: ======'r_right_inlane_None_hit'====== Args={'profile': 'inout_lane_profile', 'state': None, 'advancing': True}
2022-10-27 22:05:56,530 : INFO : EventManager : Event: ======'player_score'====== Args={'value': 100, 'prev_value': 0, 'change': 100, 'player_num': 1}
2022-10-27 22:05:56,530 : INFO : EventManager : Event: ======'inout_lane_group_hit'====== Args={}
2022-10-27 22:05:56,530 : INFO : EventManager : Event: ======'inout_lane_group_None_hit'====== Args={}
2022-10-27 22:05:56,530 : INFO : EventManager : Event: ======'playfield_active'====== Args={}
2022-10-27 22:05:56,530 : INFO : EventManager : Event: ======'unexpected_ball_on_playfield'====== Args={}
2022-10-27 22:05:56,825 : INFO : SwitchController : <<<<<<< 's_right_inlane' inactive >>>>>>>
2022-10-27 22:05:57,432 : INFO : SwitchController : <<<<<<< 's_right_outlane' active >>>>>>>
2022-10-27 22:05:57,432 : INFO : EventManager : Event: ======'playfield_active'====== Args={}
2022-10-27 22:05:57,432 : INFO : EventManager : Event: ======'unexpected_ball_on_playfield'====== Args={}
2022-10-27 22:05:57,432 : INFO : EventManager : Event: ======'playfield_active'====== Args={}
2022-10-27 22:05:57,432 : INFO : EventManager : Event: ======'unexpected_ball_on_playfield'====== Args={}
2022-10-27 22:05:57,432 : INFO : EventManager : Event: ======'s_right_outlane_active'====== Args={}
2022-10-27 22:05:57,432 : INFO : EventManager : Event: ======'sw_playfield_active'====== Args={}
2022-10-27 22:05:57,433 : INFO : EventManager : Event: ======'machine_var_audits_switches_s_right_outlane'====== Args={'value': 9, 'prev_value': 8, 'change': 1}
2022-10-27 22:05:57,433 : INFO : EventManager : Event: ======'player_shot_right_outlane'====== Args={'value': 1, 'prev_value': 0, 'change': 1, 'player_num': 1}
2022-10-27 22:05:57,433 : INFO : EventManager : Event: ======'machine_var_audits_shots_right_outlane'====== Args={'value': 9, 'prev_value': 8, 'change': 1}
2022-10-27 22:05:57,434 : INFO : EventManager : Event: ======'right_outlane_hit'====== Args={'profile': 'default', 'state': 'unlit', 'advancing': True}
2022-10-27 22:05:57,434 : INFO : EventManager : Event: ======'right_outlane_default_hit'====== Args={'profile': 'default', 'state': 'unlit', 'advancing': True}
2022-10-27 22:05:57,434 : INFO : EventManager : Event: ======'right_outlane_default_unlit_hit'====== Args={'profile': 'default', 'state': 'unlit', 'advancing': True}
2022-10-27 22:05:57,434 : INFO : EventManager : Event: ======'right_outlane_unlit_hit'====== Args={'profile': 'default', 'state': 'unlit', 'advancing': True}
2022-10-27 22:05:57,434 : INFO : EventManager : Event: ======'player_shot_r_right_outlane'====== Args={'value': 1, 'prev_value': 0, 'change': 1, 'player_num': 1}
2022-10-27 22:05:57,434 : INFO : EventManager : Event: ======'machine_var_audits_shots_r_right_outlane'====== Args={'value': 9, 'prev_value': 8, 'change': 1}
2022-10-27 22:05:57,434 : INFO : EventManager : Event: ======'r_right_outlane_hit'====== Args={'profile': 'inout_lane_profile', 'state': None, 'advancing': True}
2022-10-27 22:05:57,435 : INFO : EventManager : Event: ======'r_right_outlane_inout_lane_profile_hit'====== Args={'profile': 'inout_lane_profile', 'state': None, 'advancing': True}
2022-10-27 22:05:57,435 : INFO : EventManager : Event: ======'r_right_outlane_inout_lane_profile_None_hit'====== Args={'profile': 'inout_lane_profile', 'state': None, 'advancing': True}
2022-10-27 22:05:57,435 : INFO : EventManager : Event: ======'r_right_outlane_None_hit'====== Args={'profile': 'inout_lane_profile', 'state': None, 'advancing': True}
2022-10-27 22:05:57,435 : INFO : EventManager : Event: ======'player_score'====== Args={'value': 1100, 'prev_value': 100, 'change': 1000, 'player_num': 1}
2022-10-27 22:05:57,435 : INFO : EventManager : Event: ======'inout_lane_group_hit'====== Args={}
2022-10-27 22:05:57,435 : INFO : EventManager : Event: ======'inout_lane_group_None_hit'====== Args={}
2022-10-27 22:05:57,435 : INFO : EventManager : Event: ======'playfield_active'====== Args={}
2022-10-27 22:05:57,435 : INFO : EventManager : Event: ======'unexpected_ball_on_playfield'====== Args={}
2022-10-27 22:05:57,624 : INFO : SwitchController : <<<<<<< 's_right_outlane' inactive >>>>>>>
2022-10-27 22:05:59,014 : INFO : SwitchController : <<<<<<< 's_left_inlane' active >>>>>>>
2022-10-27 22:05:59,014 : INFO : EventManager : Event: ======'playfield_active'====== Args={}
2022-10-27 22:05:59,014 : INFO : EventManager : Event: ======'unexpected_ball_on_playfield'====== Args={}
2022-10-27 22:05:59,014 : INFO : EventManager : Event: ======'playfield_active'====== Args={}
2022-10-27 22:05:59,014 : INFO : EventManager : Event: ======'unexpected_ball_on_playfield'====== Args={}
2022-10-27 22:05:59,014 : INFO : EventManager : Event: ======'s_left_inlane_active'====== Args={}
2022-10-27 22:05:59,014 : INFO : EventManager : Event: ======'sw_playfield_active'====== Args={}
2022-10-27 22:05:59,015 : INFO : EventManager : Event: ======'machine_var_audits_switches_s_left_inlane'====== Args={'value': 7, 'prev_value': 6, 'change': 1}
2022-10-27 22:05:59,021 : INFO : EventManager : Event: ======'player_shot_left_inlane'====== Args={'value': 1, 'prev_value': 0, 'change': 1, 'player_num': 1}
2022-10-27 22:05:59,021 : INFO : EventManager : Event: ======'machine_var_audits_shots_left_inlane'====== Args={'value': 7, 'prev_value': 6, 'change': 1}
2022-10-27 22:05:59,022 : INFO : EventManager : Event: ======'left_inlane_hit'====== Args={'profile': 'default', 'state': 'unlit', 'advancing': True}
2022-10-27 22:05:59,022 : INFO : EventManager : Event: ======'left_inlane_default_hit'====== Args={'profile': 'default', 'state': 'unlit', 'advancing': True}
2022-10-27 22:05:59,022 : INFO : EventManager : Event: ======'left_inlane_default_unlit_hit'====== Args={'profile': 'default', 'state': 'unlit', 'advancing': True}
2022-10-27 22:05:59,022 : INFO : EventManager : Event: ======'left_inlane_unlit_hit'====== Args={'profile': 'default', 'state': 'unlit', 'advancing': True}
2022-10-27 22:05:59,022 : INFO : EventManager : Event: ======'player_shot_r_left_inlane'====== Args={'value': 1, 'prev_value': 0, 'change': 1, 'player_num': 1}
2022-10-27 22:05:59,022 : INFO : EventManager : Event: ======'machine_var_audits_shots_r_left_inlane'====== Args={'value': 7, 'prev_value': 6, 'change': 1}
2022-10-27 22:05:59,023 : INFO : EventManager : Event: ======'r_left_inlane_hit'====== Args={'profile': 'inout_lane_profile', 'state': None, 'advancing': True}
2022-10-27 22:05:59,023 : INFO : EventManager : Event: ======'r_left_inlane_inout_lane_profile_hit'====== Args={'profile': 'inout_lane_profile', 'state': None, 'advancing': True}
2022-10-27 22:05:59,023 : INFO : EventManager : Event: ======'r_left_inlane_inout_lane_profile_None_hit'====== Args={'profile': 'inout_lane_profile', 'state': None, 'advancing': True}
2022-10-27 22:05:59,023 : INFO : EventManager : Event: ======'r_left_inlane_None_hit'====== Args={'profile': 'inout_lane_profile', 'state': None, 'advancing': True}
2022-10-27 22:05:59,023 : INFO : EventManager : Event: ======'player_score'====== Args={'value': 1200, 'prev_value': 1100, 'change': 100, 'player_num': 1}
2022-10-27 22:05:59,023 : INFO : EventManager : Event: ======'inout_lane_group_hit'====== Args={}
2022-10-27 22:05:59,023 : INFO : EventManager : Event: ======'inout_lane_group_None_hit'====== Args={}
2022-10-27 22:05:59,023 : INFO : EventManager : Event: ======'playfield_active'====== Args={}
2022-10-27 22:05:59,023 : INFO : EventManager : Event: ======'unexpected_ball_on_playfield'====== Args={}
2022-10-27 22:05:59,206 : INFO : SwitchController : <<<<<<< 's_left_inlane' inactive >>>>>>>
2022-10-27 22:05:59,908 : INFO : SwitchController : <<<<<<< 's_left_outlane' active >>>>>>>
2022-10-27 22:05:59,908 : INFO : EventManager : Event: ======'playfield_active'====== Args={}
2022-10-27 22:05:59,908 : INFO : EventManager : Event: ======'unexpected_ball_on_playfield'====== Args={}
2022-10-27 22:05:59,908 : INFO : EventManager : Event: ======'playfield_active'====== Args={}
2022-10-27 22:05:59,908 : INFO : EventManager : Event: ======'unexpected_ball_on_playfield'====== Args={}
2022-10-27 22:05:59,908 : INFO : EventManager : Event: ======'s_left_outlane_active'====== Args={}
2022-10-27 22:05:59,908 : INFO : EventManager : Event: ======'sw_playfield_active'====== Args={}
2022-10-27 22:05:59,908 : INFO : EventManager : Event: ======'machine_var_audits_switches_s_left_outlane'====== Args={'value': 9, 'prev_value': 8, 'change': 1}
2022-10-27 22:05:59,909 : INFO : EventManager : Event: ======'player_shot_left_outlane'====== Args={'value': 1, 'prev_value': 0, 'change': 1, 'player_num': 1}
2022-10-27 22:05:59,909 : INFO : EventManager : Event: ======'machine_var_audits_shots_left_outlane'====== Args={'value': 9, 'prev_value': 8, 'change': 1}
2022-10-27 22:05:59,910 : INFO : EventManager : Event: ======'left_outlane_hit'====== Args={'profile': 'default', 'state': 'unlit', 'advancing': True}
2022-10-27 22:05:59,910 : INFO : EventManager : Event: ======'left_outlane_default_hit'====== Args={'profile': 'default', 'state': 'unlit', 'advancing': True}
2022-10-27 22:05:59,910 : INFO : EventManager : Event: ======'left_outlane_default_unlit_hit'====== Args={'profile': 'default', 'state': 'unlit', 'advancing': True}
2022-10-27 22:05:59,910 : INFO : EventManager : Event: ======'left_outlane_unlit_hit'====== Args={'profile': 'default', 'state': 'unlit', 'advancing': True}
2022-10-27 22:05:59,910 : INFO : EventManager : Event: ======'player_shot_r_left_outlane'====== Args={'value': 1, 'prev_value': 0, 'change': 1, 'player_num': 1}
2022-10-27 22:05:59,910 : INFO : EventManager : Event: ======'machine_var_audits_shots_r_left_outlane'====== Args={'value': 9, 'prev_value': 8, 'change': 1}
2022-10-27 22:05:59,911 : INFO : EventManager : Event: ======'r_left_outlane_hit'====== Args={'profile': 'inout_lane_profile', 'state': None, 'advancing': True}
2022-10-27 22:05:59,911 : INFO : EventManager : Event: ======'r_left_outlane_inout_lane_profile_hit'====== Args={'profile': 'inout_lane_profile', 'state': None, 'advancing': True}
2022-10-27 22:05:59,911 : INFO : EventManager : Event: ======'r_left_outlane_inout_lane_profile_None_hit'====== Args={'profile': 'inout_lane_profile', 'state': None, 'advancing': True}
2022-10-27 22:05:59,911 : INFO : EventManager : Event: ======'r_left_outlane_None_hit'====== Args={'profile': 'inout_lane_profile', 'state': None, 'advancing': True}
2022-10-27 22:05:59,911 : INFO : EventManager : Event: ======'player_score'====== Args={'value': 2200, 'prev_value': 1200, 'change': 1000, 'player_num': 1}
2022-10-27 22:05:59,911 : INFO : EventManager : Event: ======'inout_lane_group_complete'====== Args={'state': 'hit'}
2022-10-27 22:05:59,911 : INFO : EventManager : Event: ======'inout_lane_group_hit_complete'====== Args={}
2022-10-27 22:05:59,911 : INFO : EventManager : Event: ======'inout_lane_group_hit'====== Args={}
2022-10-27 22:05:59,911 : INFO : EventManager : Event: ======'inout_lane_group_None_hit'====== Args={}
2022-10-27 22:05:59,911 : INFO : EventManager : Event: ======'player_shot_r_left_outlane'====== Args={'value': 0, 'prev_value': 1, 'change': -1, 'player_num': 1}
2022-10-27 22:05:59,911 : INFO : EventManager : Event: ======'player_shot_r_left_inlane'====== Args={'value': 0, 'prev_value': 1, 'change': -1, 'player_num': 1}
2022-10-27 22:05:59,912 : INFO : EventManager : Event: ======'player_shot_r_right_inlane'====== Args={'value': 0, 'prev_value': 1, 'change': -1, 'player_num': 1}
2022-10-27 22:05:59,912 : INFO : EventManager : Event: ======'player_shot_r_right_outlane'====== Args={'value': 0, 'prev_value': 1, 'change': -1, 'player_num': 1}
2022-10-27 22:05:59,912 : INFO : coil.c_shaker : Enabling Driver with power 0.145 (pulse_ms 3ms and pulse_power 1.0)
2022-10-27 22:05:59,912 : INFO : EventManager : Event: ======'player_score'====== Args={'value': 7200, 'prev_value': 2200, 'change': 5000, 'player_num': 1}
2022-10-27 22:05:59,912 : INFO : EventManager : Event: ======'playfield_active'====== Args={}
2022-10-27 22:05:59,912 : INFO : EventManager : Event: ======'unexpected_ball_on_playfield'====== Args={}
2022-10-27 22:06:00,083 : INFO : SwitchController : <<<<<<< 's_left_outlane' inactive >>>>>>>
2022-10-27 22:06:00,387 : INFO : coil.c_shaker : Disabling Driver
2022-10-27 22:06:00,898 : INFO : coil.c_shaker : Enabling Driver with power 0.145 (pulse_ms 3ms and pulse_power 1.0)
2022-10-27 22:06:01,394 : INFO : coil.c_shaker : Disabling Driver
2022-10-27 22:06:01,889 : INFO : coil.c_shaker : Enabling Driver with power 0.145 (pulse_ms 3ms and pulse_power 1.0)
2022-10-27 22:06:02,386 : INFO : coil.c_shaker : Disabling Driver
2022-10-27 22:06:02,897 : INFO : coil.c_shaker : Enabling Driver with power 0.145 (pulse_ms 3ms and pulse_power 1.0)
2022-10-27 22:06:03,392 : INFO : coil.c_shaker : Disabling Driver
2022-10-27 22:06:03,897 : INFO : coil.c_shaker : Enabling Driver with power 0.145 (pulse_ms 3ms and pulse_power 1.0)
2022-10-27 22:06:04,400 : INFO : coil.c_shaker : Disabling Driver
2022-10-27 22:06:04,890 : INFO : coil.c_shaker : Enabling Driver with power 0.145 (pulse_ms 3ms and pulse_power 1.0)
2022-10-27 22:06:05,396 : INFO : coil.c_shaker : Disabling Driver
2022-10-27 22:06:05,888 : INFO : coil.c_shaker : Enabling Driver with power 0.145 (pulse_ms 3ms and pulse_power 1.0)
2022-10-27 22:06:06,395 : INFO : coil.c_shaker : Disabling Driver
2022-10-27 22:06:06,888 : INFO : coil.c_shaker : Enabling Driver with power 0.145 (pulse_ms 3ms and pulse_power 1.0)
2022-10-27 22:06:07,393 : INFO : coil.c_shaker : Disabling Driver
2022-10-27 22:06:07,900 : INFO : coil.c_shaker : Enabling Driver with power 0.145 (pulse_ms 3ms and pulse_power 1.0)
2022-10-27 22:06:08,391 : INFO : coil.c_shaker : Disabling Driver
2022-10-27 22:06:08,896 : INFO : coil.c_shaker : Enabling Driver with power 0.145 (pulse_ms 3ms and pulse_power 1.0)
2022-10-27 22:06:09,387 : INFO : coil.c_shaker : Disabling Driver
2022-10-27 22:06:09,897 : INFO : coil.c_shaker : Enabling Driver with power 0.145 (pulse_ms 3ms and pulse_power 1.0)
2022-10-27 22:06:10,386 : INFO : coil.c_shaker : Disabling Driver
2022-10-27 22:06:10,893 : INFO : coil.c_shaker : Enabling Driver with power 0.145 (pulse_ms 3ms and pulse_power 1.0)
2022-10-27 22:06:11,400 : INFO : coil.c_shaker : Disabling Driver
2022-10-27 22:06:11,892 : INFO : coil.c_shaker : Enabling Driver with power 0.145 (pulse_ms 3ms and pulse_power 1.0)
2022-10-27 22:06:12,398 : INFO : coil.c_shaker : Disabling Driver
2022-10-27 22:06:12,886 : INFO : coil.c_shaker : Enabling Driver with power 0.145 (pulse_ms 3ms and pulse_power 1.0)
2022-10-27 22:06:13,396 : INFO : coil.c_shaker : Disabling Driver
2022-10-27 22:06:13,892 : INFO : coil.c_shaker : Enabling Driver with power 0.145 (pulse_ms 3ms and pulse_power 1.0)
2022-10-27 22:06:14,400 : INFO : coil.c_shaker : Disabling Driver
2022-10-27 22:06:14,893 : INFO : coil.c_shaker : Enabling Driver with power 0.145 (pulse_ms 3ms and pulse_power 1.0)
2022-10-27 22:06:15,396 : INFO : coil.c_shaker : Disabling Driver
2022-10-27 22:06:15,776 : INFO : SwitchController : <<<<<<< 's_eos_left_top' inactive >>>>>>>
2022-10-27 22:06:15,808 : ERROR : asyncio : Exception in callback SerialTransport._poll_read()
handle: <TimerHandle when=283565.4375 SerialTransport._poll_read()>
Traceback (most recent call last):
  File "c:\users\tanner\appdata\local\programs\python\python37\lib\asyncio\events.py", line 88, in _run
    self._context.run(self._callback, *self._args)
  File "c:\users\tanner\appdata\local\programs\python\python37\lib\site-packages\serial_asyncio\__init__.py", line 275, in _poll_read
    if self.serial.in_waiting:
  File "c:\users\tanner\appdata\local\programs\python\python37\lib\site-packages\serial\serialwin32.py", line 259, in in_waiting
    raise SerialException("ClearCommError failed ({!r})".format(ctypes.WinError()))
serial.serialutil.SerialException: ClearCommError failed (PermissionError(13, 'Access is denied.', None, 5))
2022-10-27 22:06:15,809 : ERROR : asyncio : Exception in callback SerialTransport._poll_read()
handle: <TimerHandle when=283565.4375 SerialTransport._poll_read()>
Traceback (most recent call last):
  File "c:\users\tanner\appdata\local\programs\python\python37\lib\asyncio\events.py", line 88, in _run
    self._context.run(self._callback, *self._args)
  File "c:\users\tanner\appdata\local\programs\python\python37\lib\site-packages\serial_asyncio\__init__.py", line 275, in _poll_read
    if self.serial.in_waiting:
  File "c:\users\tanner\appdata\local\programs\python\python37\lib\site-packages\serial\serialwin32.py", line 259, in in_waiting
    raise SerialException("ClearCommError failed ({!r})".format(ctypes.WinError()))
serial.serialutil.SerialException: ClearCommError failed (PermissionError(13, 'Access is denied.', None, 5))
2022-10-27 22:06:15,811 : INFO : Machine : Shutting down...
2022-10-27 22:06:15,811 : INFO : EventManager : Event: ======'shutdown'====== Args={}
2022-10-27 22:06:15,814 : ERROR : asyncio : Fatal write error on serial transport
protocol: <asyncio.streams.StreamReaderProtocol object at 0x00000207F1B8C888>
transport: SerialTransport(<_WindowsSelectorEventLoop running=False closed=False debug=False>, <asyncio.streams.StreamReaderProtocol object at 0x00000207F1B8C888>, Serial<id=0x207f1b8c908, open=True>(port='com24', baudrate=921600, bytesize=8, parity='N', stopbits=1, timeout=0, xonxoff=False, rtscts=False, dsrdtr=False))
Traceback (most recent call last):
  File "c:\users\tanner\appdata\local\programs\python\python37\lib\site-packages\serial_asyncio\__init__.py", line 120, in write
    n = self._serial.write(data)
  File "c:\users\tanner\appdata\local\programs\python\python37\lib\site-packages\serial\serialwin32.py", line 336, in write
    raise SerialException("WriteFile failed ({!r})".format(ctypes.WinError()))
serial.serialutil.SerialException: WriteFile failed (PermissionError(13, 'Access is denied.', None, 5))
2022-10-27 22:06:15,816 : ERROR : asyncio : Fatal write error on serial transport
protocol: <asyncio.streams.StreamReaderProtocol object at 0x00000207F1BB3848>
transport: SerialTransport(<_WindowsSelectorEventLoop running=False closed=False debug=False>, <asyncio.streams.StreamReaderProtocol object at 0x00000207F1BB3848>, Serial<id=0x207f1bb38c8, open=True>(port='com25', baudrate=921600, bytesize=8, parity='N', stopbits=1, timeout=0, xonxoff=False, rtscts=False, dsrdtr=False))
Traceback (most recent call last):
  File "c:\users\tanner\appdata\local\programs\python\python37\lib\site-packages\serial_asyncio\__init__.py", line 120, in write
    n = self._serial.write(data)
  File "c:\users\tanner\appdata\local\programs\python\python37\lib\site-packages\serial\serialwin32.py", line 336, in write
    raise SerialException("WriteFile failed ({!r})".format(ctypes.WinError()))
serial.serialutil.SerialException: WriteFile failed (PermissionError(13, 'Access is denied.', None, 5))
2022-10-27 22:06:15,827 : ERROR : asyncio : Exception in callback SerialTransport._call_connection_lost(SerialExcepti...', None, 5))"))
handle: <Handle SerialTransport._call_connection_lost(SerialExcepti...', None, 5))"))>
Traceback (most recent call last):
  File "c:\users\tanner\appdata\local\programs\python\python37\lib\asyncio\events.py", line 88, in _run
    self._context.run(self._callback, *self._args)
  File "c:\users\tanner\appdata\local\programs\python\python37\lib\site-packages\serial_asyncio\__init__.py", line 390, in _call_connection_lost
    self._serial.flush()
  File "c:\users\tanner\appdata\local\programs\python\python37\lib\site-packages\serial\serialwin32.py", line 345, in flush
    while self.out_waiting:
  File "c:\users\tanner\appdata\local\programs\python\python37\lib\site-packages\serial\serialwin32.py", line 447, in out_waiting
    raise SerialException("ClearCommError failed ({!r})".format(ctypes.WinError()))
serial.serialutil.SerialException: ClearCommError failed (PermissionError(13, 'Access is denied.', None, 5))
2022-10-27 22:06:15,838 : ERROR : asyncio : Exception in callback SerialTransport._call_connection_lost(SerialExcepti...', None, 5))"))
handle: <Handle SerialTransport._call_connection_lost(SerialExcepti...', None, 5))"))>
Traceback (most recent call last):
  File "c:\users\tanner\appdata\local\programs\python\python37\lib\asyncio\events.py", line 88, in _run
    self._context.run(self._callback, *self._args)
  File "c:\users\tanner\appdata\local\programs\python\python37\lib\site-packages\serial_asyncio\__init__.py", line 390, in _call_connection_lost
    self._serial.flush()
  File "c:\users\tanner\appdata\local\programs\python\python37\lib\site-packages\serial\serialwin32.py", line 345, in flush
    while self.out_waiting:
  File "c:\users\tanner\appdata\local\programs\python\python37\lib\site-packages\serial\serialwin32.py", line 447, in out_waiting
    raise SerialException("ClearCommError failed ({!r})".format(ctypes.WinError()))
serial.serialutil.SerialException: ClearCommError failed (PermissionError(13, 'Access is denied.', None, 5))
2022-10-27 22:06:15,904 : INFO : coil.c_shaker : Enabling Driver with power 0.145 (pulse_ms 3ms and pulse_power 1.0)
2022-10-27 22:06:15,952 : ERROR : FAST : Stop called on serial connection com24
2022-10-27 22:06:15,952 : ERROR : FAST : Stop called on serial connection com25
2022-10-27 22:06:15,954 : ERROR : Machine : Runtime Exception
Traceback (most recent call last):
  File "c:\users\tanner\appdata\local\programs\python\python37\lib\site-packages\mpf\core\machine.py", line 769, in _run_loop
    raise self._exception['exception']
  File "c:\users\tanner\appdata\local\programs\python\python37\lib\asyncio\events.py", line 88, in _run
    self._context.run(self._callback, *self._args)
  File "c:\users\tanner\appdata\local\programs\python\python37\lib\site-packages\serial_asyncio\__init__.py", line 275, in _poll_read
    if self.serial.in_waiting:
  File "c:\users\tanner\appdata\local\programs\python\python37\lib\site-packages\serial\serialwin32.py", line 259, in in_waiting
    raise SerialException("ClearCommError failed ({!r})".format(ctypes.WinError()))
serial.serialutil.SerialException: ClearCommError failed (PermissionError(13, 'Access is denied.', None, 5))
2022-10-27 22:06:16,023 : ERROR : root : ClearCommError failed (PermissionError(13, 'Access is denied.', None, 5))
2022-10-28 08:44:21,676 : INFO : root : MPF run loop ended.
