2022-10-20 11:38:26,150 : INFO : root : Loading config.
2022-10-20 11:38:26,153 : INFO : YamlMultifileConfigLoader : Machine config file #1: config.yaml
2022-10-20 11:38:26,154 : INFO : ConfigProcessor : Loading config from cache: C:\Users\Tanner\AppData\Local\Temp\a6762098cb994b55cb03a478b26022ee.mpf_cache
2022-10-20 11:38:26,226 : INFO : ConfigProcessor : Loading config from cache: C:\Users\Tanner\AppData\Local\Temp\9cf7ccc27b21f4d6162237fadfc53e5a.mpf_cache
2022-10-20 11:38:26,227 : INFO : ConfigProcessor : Loading config from cache: C:\Users\Tanner\AppData\Local\Temp\c215df352878fee5d54f1a5ec5b16e7c.mpf_cache
2022-10-20 11:38:26,228 : INFO : ConfigProcessor : Loading config from cache: C:\Users\Tanner\AppData\Local\Temp\708062243e0edcfa77dd6b1521bd0d4e.mpf_cache
2022-10-20 11:38:26,228 : INFO : ConfigProcessor : Loading config from cache: C:\Users\Tanner\AppData\Local\Temp\c4174472f67f7b070dd6fb437c6feb0c.mpf_cache
2022-10-20 11:38:26,229 : INFO : ConfigProcessor : Loading config from cache: C:\Users\Tanner\AppData\Local\Temp\9e6b4d5e43fd00e219ba7c739d818ad6.mpf_cache
2022-10-20 11:38:26,230 : INFO : ConfigProcessor : Loading config from cache: C:\Users\Tanner\AppData\Local\Temp\abaa92c43d134e3392cbb2346e6a16be.mpf_cache
2022-10-20 11:38:26,230 : INFO : ConfigProcessor : Loading config from cache: C:\Users\Tanner\AppData\Local\Temp\fc46d53fcb9fe6b8abf783d9c813390a.mpf_cache
2022-10-20 11:38:26,231 : INFO : ConfigProcessor : Loading config from cache: C:\Users\Tanner\AppData\Local\Temp\b46de592c65b9a27a1f4965daee53c91.mpf_cache
2022-10-20 11:38:26,232 : INFO : ConfigProcessor : Loading config from cache: C:\Users\Tanner\AppData\Local\Temp\5b50cb1d58cd4116013cda74c2923169.mpf_cache
2022-10-20 11:38:26,235 : INFO : ConfigProcessor : Loading config from cache: C:\Users\Tanner\AppData\Local\Temp\2734ac1662e5e62f2e4cb2a8d902a8f2.mpf_cache
2022-10-20 11:38:26,237 : INFO : ConfigProcessor : Loading config from cache: C:\Users\Tanner\AppData\Local\Temp\fe169133106b4804e097dca6b78afaf5.mpf_cache
2022-10-20 11:38:26,238 : INFO : ConfigProcessor : Loading config from cache: C:\Users\Tanner\AppData\Local\Temp\d4f531e94c6a484dd08e4121f6e3a74e.mpf_cache
2022-10-20 11:38:26,238 : INFO : ConfigProcessor : Loading config from cache: C:\Users\Tanner\AppData\Local\Temp\e9c431c8aa2f7ab7b37617b37185d68f.mpf_cache
2022-10-20 11:38:26,240 : INFO : ConfigProcessor : Loading config from cache: C:\Users\Tanner\AppData\Local\Temp\07112933e6abcdb1819075df64aee3c0.mpf_cache
2022-10-20 11:38:26,241 : INFO : Machine : Mission Pinball Framework Core Engine v0.55.0
2022-10-20 11:38:26,241 : INFO : Machine : Command line arguments: {'no_load_cache': False, 'create_config_cache': True, 'bcp': False, 'configfile': ['config.yaml'], 'force_assets_load': False, 'jsonlogging': False, 'logfile': 'logs\\2022-10-20-11-38-26-mpf-DESKTOP-7HNFDQ5.log', 'pause': False, 'production': False, 'text_ui': True, 'loglevel': 15, 'consoleloglevel': 20, 'force_platform': None, 'syslog_address': None, 'mc_file_name': None, 'no_sound': False}
2022-10-20 11:38:26,241 : INFO : Machine : MPF path: c:\users\tanner\appdata\local\programs\python\python37\lib\site-packages\mpf
2022-10-20 11:38:26,241 : INFO : Machine : Machine path: c:\trashland_2
2022-10-20 11:38:26,241 : INFO : Machine : Platform: win32
2022-10-20 11:38:26,241 : INFO : Machine : Python executable location: c:\users\tanner\appdata\local\programs\python\python37\python.exe
2022-10-20 11:38:26,242 : INFO : Machine : Python version: 3.7.8 (64-bit)
2022-10-20 11:38:26,243 : INFO : Machine : Initialise MPF.
2022-10-20 11:38:26,649 : INFO : FAST : Connecting to com4 at 921600bps
2022-10-20 11:38:26,682 : INFO : FAST : Connected! Processor: NET, Board Type: FP-CPU-002-2, Firmware: 01.05
2022-10-20 11:38:26,682 : INFO : EventManager : Event: ======'machine_var_fast_net_firmware'====== Args={'value': '01.05', 'prev_value': None, 'change': True}
2022-10-20 11:38:26,682 : INFO : EventManager : Event: ======'machine_var_fast_net_model'====== Args={'value': 'FP-CPU-002-2', 'prev_value': None, 'change': True}
2022-10-20 11:38:29,046 : WARNING : FAST : Got unexpected message from FAST: -N:0A
2022-10-20 11:38:29,046 : WARNING : FAST : Got unexpected message from FAST: -N:0F
2022-10-20 11:38:29,046 : WARNING : FAST : Got unexpected message from FAST: -N:11
2022-10-20 11:38:29,046 : WARNING : FAST : Got unexpected message from FAST: -N:2B
2022-10-20 11:38:29,046 : WARNING : FAST : Got unexpected message from FAST: -N:2C
2022-10-20 11:38:29,046 : WARNING : FAST : Got unexpected message from FAST: -N:2D
2022-10-20 11:38:29,046 : WARNING : FAST : Got unexpected message from FAST: -N:30
2022-10-20 11:38:29,046 : WARNING : FAST : Got unexpected message from FAST: -N:31
2022-10-20 11:38:29,046 : WARNING : FAST : Got unexpected message from FAST: -N:33
2022-10-20 11:38:29,046 : WARNING : FAST : Got unexpected message from FAST: -N:34
2022-10-20 11:38:29,047 : WARNING : FAST : Got unexpected message from FAST: -N:38
2022-10-20 11:38:29,047 : WARNING : FAST : Got unexpected message from FAST: -N:3D
2022-10-20 11:38:29,047 : WARNING : FAST : Got unexpected message from FAST: -N:40
2022-10-20 11:38:29,047 : WARNING : FAST : Got unexpected message from FAST: -N:41
2022-10-20 11:38:29,047 : WARNING : FAST : Got unexpected message from FAST: -N:42
2022-10-20 11:38:29,047 : WARNING : FAST : Got unexpected message from FAST: -N:48
2022-10-20 11:38:29,047 : WARNING : FAST : Got unexpected message from FAST: -N:49
2022-10-20 11:38:29,047 : WARNING : FAST : Got unexpected message from FAST: -N:5D
2022-10-20 11:38:29,156 : INFO : FAST : Connecting to com5 at 921600bps
2022-10-20 11:38:29,187 : INFO : FAST : Connected! Processor: RGB, Board Type: FP-CPU-002-2, Firmware: 00.87
2022-10-20 11:38:29,187 : INFO : EventManager : Event: ======'machine_var_fast_rgb_firmware'====== Args={'value': '00.87', 'prev_value': None, 'change': True}
2022-10-20 11:38:29,187 : INFO : EventManager : Event: ======'machine_var_fast_rgb_model'====== Args={'value': 'FP-CPU-002-2', 'prev_value': None, 'change': True}
2022-10-20 11:38:29,188 : INFO : EventManager : Event: ======'machine_var_credits_string'====== Args={'value': 'FREE PLAY', 'prev_value': None, 'change': True}
2022-10-20 11:38:29,233 : INFO : EventManager : Event: ======'machine_var_master_volume'====== Args={'value': 0.5, 'prev_value': None, 'change': True}
2022-10-20 11:38:29,233 : INFO : EventManager : Event: ======'machine_var_mpf_version'====== Args={'value': 'MPF v0.55.0', 'prev_value': None, 'change': True}
2022-10-20 11:38:29,234 : INFO : EventManager : Event: ======'machine_var_mpf_extended_version'====== Args={'value': 'MPF v0.55.0, Config version:5, Show version: 5, BCP version:1.1', 'prev_value': None, 'change': True}
2022-10-20 11:38:29,234 : INFO : EventManager : Event: ======'machine_var_python_version'====== Args={'value': '3.7.8', 'prev_value': None, 'change': True}
2022-10-20 11:38:29,234 : INFO : EventManager : Event: ======'machine_var_platform'====== Args={'value': 'Windows-10-10.0.19041-SP0', 'prev_value': None, 'change': True}
2022-10-20 11:38:29,234 : INFO : EventManager : Event: ======'machine_var_platform_system'====== Args={'value': 'Windows', 'prev_value': None, 'change': True}
2022-10-20 11:38:29,234 : INFO : EventManager : Event: ======'machine_var_platform_release'====== Args={'value': '10', 'prev_value': None, 'change': True}
2022-10-20 11:38:29,234 : INFO : EventManager : Event: ======'machine_var_platform_version'====== Args={'value': '10.0.19041', 'prev_value': None, 'change': True}
2022-10-20 11:38:29,234 : INFO : EventManager : Event: ======'machine_var_platform_machine'====== Args={'value': 'AMD64', 'prev_value': None, 'change': True}
2022-10-20 11:38:29,234 : INFO : EventManager : Event: ======'init_phase_1'====== Args={}
2022-10-20 11:38:29,278 : INFO : EventManager : Event: ======'drop_target_bank_single_main_up'====== Args={}
2022-10-20 11:38:29,278 : INFO : EventManager : Event: ======'drop_target_bank_mid_up'====== Args={}
2022-10-20 11:38:29,279 : INFO : EventManager : Event: ======'drop_target_bank_right_up'====== Args={}
2022-10-20 11:38:29,293 : INFO : EventManager : Event: ======'init_phase_2'====== Args={}
2022-10-20 11:38:29,294 : INFO : SwitchController : Found active switch: (('0A', 1), <Platform.FAST>) <switch.s_upper_drop>
2022-10-20 11:38:29,294 : INFO : SwitchController : Found active switch: (('11', 1), <Platform.FAST>) <switch.s_left_orbit_prox>
2022-10-20 11:38:29,294 : INFO : SwitchController : Found active switch: (('15', 1), <Platform.FAST>) <switch.s_left_return>
2022-10-20 11:38:29,294 : INFO : SwitchController : Found active switch: (('2D', 1), <Platform.FAST>) <switch.s_drop_mid_right>
2022-10-20 11:38:29,294 : INFO : SwitchController : Found active switch: (('2C', 1), <Platform.FAST>) <switch.s_drop_mid_mid>
2022-10-20 11:38:29,294 : INFO : SwitchController : Found active switch: (('2B', 1), <Platform.FAST>) <switch.s_drop_mid_left>
2022-10-20 11:38:29,294 : INFO : SwitchController : Found active switch: (('30', 1), <Platform.FAST>) <switch.s_drop_right_right>
2022-10-20 11:38:29,294 : INFO : SwitchController : Found active switch: (('31', 1), <Platform.FAST>) <switch.s_drop_right_left>
2022-10-20 11:38:29,294 : INFO : SwitchController : Found active switch: (('43', 1), <Platform.FAST>) <switch.s_trough_3>
2022-10-20 11:38:29,294 : INFO : SwitchController : Found active switch: (('44', 1), <Platform.FAST>) <switch.s_trough_2>
2022-10-20 11:38:29,294 : INFO : SwitchController : Found active switch: (('3B', 1), <Platform.FAST>) <switch.s_eos_left>
2022-10-20 11:38:29,303 : INFO : ball_device.bd_trough : BCH: Initial count: 2
2022-10-20 11:38:29,304 : INFO : ball_device.bd_trough : State: idle
2022-10-20 11:38:29,304 : INFO : ball_device.bd_plunger : BCH: Initial count: 0
2022-10-20 11:38:29,305 : INFO : ball_device.bd_plunger : State: idle
2022-10-20 11:38:29,305 : INFO : ball_device.bd_top_vuk : BCH: Initial count: 0
2022-10-20 11:38:29,306 : INFO : ball_device.bd_top_vuk : State: idle
2022-10-20 11:38:29,306 : INFO : ball_device.bd_right_vuk : BCH: Initial count: 0
2022-10-20 11:38:29,306 : INFO : ball_device.bd_right_vuk : State: idle
2022-10-20 11:38:29,307 : INFO : ball_device.bd_bot_vuk : BCH: Initial count: 0
2022-10-20 11:38:29,307 : INFO : ball_device.bd_bot_vuk : State: idle
2022-10-20 11:38:29,371 : INFO : EventManager : Event: ======'init_phase_3'====== Args={}
2022-10-20 11:38:30,021 : INFO : EventManager : Event: ======'init_phase_4'====== Args={}
2022-10-20 11:38:30,021 : INFO : EventManager : Event: ======'playfield_active'====== Args={}
2022-10-20 11:38:30,021 : INFO : EventManager : Event: ======'unexpected_ball_on_playfield'====== Args={}
2022-10-20 11:38:30,021 : INFO : EventManager : Event: ======'playfield_active'====== Args={}
2022-10-20 11:38:30,021 : INFO : EventManager : Event: ======'unexpected_ball_on_playfield'====== Args={}
2022-10-20 11:38:30,021 : INFO : EventManager : Event: ======'drop_target_mid_right_down'====== Args={'device': <drop_target.mid_right>}
2022-10-20 11:38:30,022 : INFO : EventManager : Event: ======'drop_target_bank_mid_mixed'====== Args={'prev_value': <DropTargetBankState.UP: 'up'>, 'down': 1}
2022-10-20 11:38:30,022 : INFO : EventManager : Event: ======'playfield_active'====== Args={}
2022-10-20 11:38:30,022 : INFO : EventManager : Event: ======'unexpected_ball_on_playfield'====== Args={}
2022-10-20 11:38:30,022 : INFO : EventManager : Event: ======'drop_target_mid_mid_down'====== Args={'device': <drop_target.mid_mid>}
2022-10-20 11:38:30,022 : INFO : EventManager : Event: ======'drop_target_bank_mid_mixed'====== Args={'prev_value': <DropTargetBankState.MIXED: 'mixed'>, 'down': 2}
2022-10-20 11:38:30,022 : INFO : EventManager : Event: ======'playfield_active'====== Args={}
2022-10-20 11:38:30,022 : INFO : EventManager : Event: ======'unexpected_ball_on_playfield'====== Args={}
2022-10-20 11:38:30,022 : INFO : EventManager : Event: ======'drop_target_mid_left_down'====== Args={'device': <drop_target.mid_left>}
2022-10-20 11:38:30,022 : INFO : EventManager : Event: ======'drop_target_bank_mid_down'====== Args={}
2022-10-20 11:38:30,022 : INFO : EventManager : Event: ======'playfield_active'====== Args={}
2022-10-20 11:38:30,022 : INFO : EventManager : Event: ======'unexpected_ball_on_playfield'====== Args={}
2022-10-20 11:38:30,022 : INFO : EventManager : Event: ======'drop_target_right_right_down'====== Args={'device': <drop_target.right_right>}
2022-10-20 11:38:30,022 : INFO : EventManager : Event: ======'drop_target_bank_right_mixed'====== Args={'prev_value': <DropTargetBankState.UP: 'up'>, 'down': 1}
2022-10-20 11:38:30,023 : INFO : EventManager : Event: ======'playfield_active'====== Args={}
2022-10-20 11:38:30,023 : INFO : EventManager : Event: ======'unexpected_ball_on_playfield'====== Args={}
2022-10-20 11:38:30,023 : INFO : EventManager : Event: ======'drop_target_right_left_down'====== Args={'device': <drop_target.right_left>}
2022-10-20 11:38:30,023 : INFO : EventManager : Event: ======'drop_target_bank_right_down'====== Args={}
2022-10-20 11:38:30,023 : INFO : BallController : Initial balls found: 2
2022-10-20 11:38:30,025 : INFO : EventManager : Event: ======'machine_var_audits_events_game_ended'====== Args={'value': 0, 'prev_value': None, 'change': True}
2022-10-20 11:38:30,026 : INFO : EventManager : Event: ======'machine_var_audits_events_game_started'====== Args={'value': 0, 'prev_value': None, 'change': True}
2022-10-20 11:38:30,026 : INFO : EventManager : Event: ======'machine_var_audits_player_score'====== Args={'value': {'average': 0, 'top': [], 'total': 0}, 'prev_value': None, 'change': True}
2022-10-20 11:38:30,026 : INFO : EventManager : Event: ======'machine_var_audits_switches_s_autolauncher'====== Args={'value': 92, 'prev_value': None, 'change': True}
2022-10-20 11:38:30,026 : INFO : EventManager : Event: ======'machine_var_audits_switches_s_back_pop'====== Args={'value': 12, 'prev_value': None, 'change': True}
2022-10-20 11:38:30,026 : INFO : EventManager : Event: ======'machine_var_audits_switches_s_back_rollover'====== Args={'value': 0, 'prev_value': None, 'change': True}
2022-10-20 11:38:30,026 : INFO : EventManager : Event: ======'machine_var_audits_switches_s_back_stationary'====== Args={'value': 3, 'prev_value': None, 'change': True}
2022-10-20 11:38:30,026 : INFO : EventManager : Event: ======'machine_var_audits_switches_s_bot_back'====== Args={'value': 1, 'prev_value': None, 'change': True}
2022-10-20 11:38:30,027 : INFO : EventManager : Event: ======'machine_var_audits_switches_s_bot_big'====== Args={'value': 4, 'prev_value': None, 'change': True}
2022-10-20 11:38:30,027 : INFO : EventManager : Event: ======'machine_var_audits_switches_s_bot_left'====== Args={'value': 0, 'prev_value': None, 'change': True}
2022-10-20 11:38:30,027 : INFO : EventManager : Event: ======'machine_var_audits_switches_s_bot_right'====== Args={'value': 1, 'prev_value': None, 'change': True}
2022-10-20 11:38:30,027 : INFO : EventManager : Event: ======'machine_var_audits_switches_s_bot_rollover'====== Args={'value': 1, 'prev_value': None, 'change': True}
2022-10-20 11:38:30,027 : INFO : EventManager : Event: ======'machine_var_audits_switches_s_bot_vuk'====== Args={'value': 3, 'prev_value': None, 'change': True}
2022-10-20 11:38:30,027 : INFO : EventManager : Event: ======'machine_var_audits_switches_s_drop_mid_left'====== Args={'value': 104, 'prev_value': None, 'change': True}
2022-10-20 11:38:30,027 : INFO : EventManager : Event: ======'machine_var_audits_switches_s_drop_mid_mid'====== Args={'value': 125, 'prev_value': None, 'change': True}
2022-10-20 11:38:30,028 : INFO : EventManager : Event: ======'machine_var_audits_switches_s_drop_mid_right'====== Args={'value': 36, 'prev_value': None, 'change': True}
2022-10-20 11:38:30,028 : INFO : EventManager : Event: ======'machine_var_audits_switches_s_drop_right_left'====== Args={'value': 26, 'prev_value': None, 'change': True}
2022-10-20 11:38:30,028 : INFO : EventManager : Event: ======'machine_var_audits_switches_s_drop_right_right'====== Args={'value': 63, 'prev_value': None, 'change': True}
2022-10-20 11:38:30,028 : INFO : EventManager : Event: ======'machine_var_audits_switches_s_drop_single'====== Args={'value': 41, 'prev_value': None, 'change': True}
2022-10-20 11:38:30,028 : INFO : EventManager : Event: ======'machine_var_audits_switches_s_eos_left'====== Args={'value': 117, 'prev_value': None, 'change': True}
2022-10-20 11:38:30,028 : INFO : EventManager : Event: ======'machine_var_audits_switches_s_eos_left_top'====== Args={'value': 981, 'prev_value': None, 'change': True}
2022-10-20 11:38:30,028 : INFO : EventManager : Event: ======'machine_var_audits_switches_s_eos_right'====== Args={'value': 271, 'prev_value': None, 'change': True}
2022-10-20 11:38:30,029 : INFO : EventManager : Event: ======'machine_var_audits_switches_s_launch'====== Args={'value': 64, 'prev_value': None, 'change': True}
2022-10-20 11:38:30,029 : INFO : EventManager : Event: ======'machine_var_audits_switches_s_left_flipper'====== Args={'value': 1088, 'prev_value': None, 'change': True}
2022-10-20 11:38:30,029 : INFO : EventManager : Event: ======'machine_var_audits_switches_s_left_inlane'====== Args={'value': 34, 'prev_value': None, 'change': True}
2022-10-20 11:38:30,029 : INFO : EventManager : Event: ======'machine_var_audits_switches_s_left_outlane'====== Args={'value': 7, 'prev_value': None, 'change': True}
2022-10-20 11:38:30,029 : INFO : EventManager : Event: ======'machine_var_audits_switches_s_pop_left'====== Args={'value': 192, 'prev_value': None, 'change': True}
2022-10-20 11:38:30,029 : INFO : EventManager : Event: ======'machine_var_audits_switches_s_pop_lower'====== Args={'value': 279, 'prev_value': None, 'change': True}
2022-10-20 11:38:30,030 : INFO : EventManager : Event: ======'machine_var_audits_switches_s_pop_right'====== Args={'value': 348, 'prev_value': None, 'change': True}
2022-10-20 11:38:30,030 : INFO : EventManager : Event: ======'machine_var_audits_switches_s_right_flipper'====== Args={'value': 1226, 'prev_value': None, 'change': True}
2022-10-20 11:38:30,030 : INFO : EventManager : Event: ======'machine_var_audits_switches_s_right_inlane'====== Args={'value': 6, 'prev_value': None, 'change': True}
2022-10-20 11:38:30,030 : INFO : EventManager : Event: ======'machine_var_audits_switches_s_right_outlane'====== Args={'value': 91, 'prev_value': None, 'change': True}
2022-10-20 11:38:30,030 : INFO : EventManager : Event: ======'machine_var_audits_switches_s_rollover_left'====== Args={'value': 72, 'prev_value': None, 'change': True}
2022-10-20 11:38:30,031 : INFO : EventManager : Event: ======'machine_var_audits_switches_s_rollover_right'====== Args={'value': 100, 'prev_value': None, 'change': True}
2022-10-20 11:38:30,031 : INFO : EventManager : Event: ======'machine_var_audits_switches_s_sling_left'====== Args={'value': 44, 'prev_value': None, 'change': True}
2022-10-20 11:38:30,031 : INFO : EventManager : Event: ======'machine_var_audits_switches_s_sling_right'====== Args={'value': 141, 'prev_value': None, 'change': True}
2022-10-20 11:38:30,032 : INFO : EventManager : Event: ======'machine_var_audits_switches_s_start'====== Args={'value': 154, 'prev_value': None, 'change': True}
2022-10-20 11:38:30,032 : INFO : EventManager : Event: ======'machine_var_audits_switches_s_tilt'====== Args={'value': 132, 'prev_value': None, 'change': True}
2022-10-20 11:38:30,032 : INFO : EventManager : Event: ======'machine_var_audits_switches_s_transfer_rollover'====== Args={'value': 3, 'prev_value': None, 'change': True}
2022-10-20 11:38:30,032 : INFO : EventManager : Event: ======'machine_var_audits_switches_s_trough_1'====== Args={'value': 57, 'prev_value': None, 'change': True}
2022-10-20 11:38:30,032 : INFO : EventManager : Event: ======'machine_var_audits_switches_s_trough_2'====== Args={'value': 212, 'prev_value': None, 'change': True}
2022-10-20 11:38:30,033 : INFO : EventManager : Event: ======'machine_var_audits_switches_s_trough_3'====== Args={'value': 103, 'prev_value': None, 'change': True}
2022-10-20 11:38:30,033 : INFO : EventManager : Event: ======'machine_var_audits_switches_s_trough_4'====== Args={'value': 105, 'prev_value': None, 'change': True}
2022-10-20 11:38:30,033 : INFO : EventManager : Event: ======'machine_var_audits_switches_s_trough_5'====== Args={'value': 111, 'prev_value': None, 'change': True}
2022-10-20 11:38:30,033 : INFO : EventManager : Event: ======'machine_var_audits_switches_s_trough_6'====== Args={'value': 187, 'prev_value': None, 'change': True}
2022-10-20 11:38:30,034 : INFO : EventManager : Event: ======'machine_var_audits_switches_s_trough_jam'====== Args={'value': 108, 'prev_value': None, 'change': True}
2022-10-20 11:38:30,034 : INFO : EventManager : Event: ======'machine_var_audits_switches_s_upper_drop'====== Args={'value': 0, 'prev_value': None, 'change': True}
2022-10-20 11:38:30,034 : INFO : EventManager : Event: ======'machine_var_audits_switches_s_upper_rollover'====== Args={'value': 26, 'prev_value': None, 'change': True}
2022-10-20 11:38:30,034 : INFO : EventManager : Event: ======'machine_var_audits_switches_s_upper_stationary'====== Args={'value': 13, 'prev_value': None, 'change': True}
2022-10-20 11:38:30,034 : INFO : EventManager : Event: ======'machine_var_audits_switches_s_vuk_back'====== Args={'value': 1, 'prev_value': None, 'change': True}
2022-10-20 11:38:30,035 : INFO : EventManager : Event: ======'machine_var_audits_switches_s_vuk_right'====== Args={'value': 3, 'prev_value': None, 'change': True}
2022-10-20 11:38:30,035 : INFO : EventManager : Event: ======'machine_var_audits_switches_s_vuk_top'====== Args={'value': 36, 'prev_value': None, 'change': True}
2022-10-20 11:38:30,035 : INFO : EventManager : Event: ======'machine_var_audits_switches_s_left_orbit_prox'====== Args={'value': 0, 'prev_value': None, 'change': True}
2022-10-20 11:38:30,035 : INFO : EventManager : Event: ======'machine_var_audits_switches_s_left_return'====== Args={'value': 0, 'prev_value': None, 'change': True}
2022-10-20 11:38:30,036 : INFO : EventManager : Event: ======'init_phase_5'====== Args={}
2022-10-20 11:38:30,071 : INFO : EventManager : Event: ======'init_done'====== Args={}
2022-10-20 11:38:30,072 : INFO : EventManager : Event: ======'machine_reset_phase_1'====== Args={}
2022-10-20 11:38:30,073 : INFO : EventManager : Event: ======'machine_reset_phase_2'====== Args={}
2022-10-20 11:38:30,074 : INFO : EventManager : Event: ======'machine_reset_phase_3'====== Args={}
2022-10-20 11:38:30,074 : INFO : EventManager : Event: ======'mode_tilt_will_start'====== Args={'queue': <QueuedEvent>}
2022-10-20 11:38:30,074 : INFO : EventManager : Event: ======'mode_tilt_starting'====== Args={'queue': <QueuedEvent>}
2022-10-20 11:38:30,075 : INFO : drop_target_bank.single_main : All targets are already up. Will not reset bank.
2022-10-20 11:38:30,075 : INFO : drop_target_bank.mid : 3 targets are down. Will reset those.
2022-10-20 11:38:30,075 : INFO : coil.c_drop_mid : Pulsing Driver for 50ms (0.7 pulse_power)
2022-10-20 11:38:30,075 : INFO : drop_target_bank.right : 2 targets are down. Will reset those.
2022-10-20 11:38:30,075 : INFO : coil.c_drop_right : Pulsing Driver for 60ms (0.7 pulse_power)
2022-10-20 11:38:30,075 : INFO : coil.c_drop_right : Pulsing Driver for 60ms (0.7 pulse_power)
2022-10-20 11:38:30,076 : INFO : Mode.tilt : Started. Priority: 1000000
2022-10-20 11:38:30,076 : INFO : EventManager : Event: ======'modes_active_modes_changed'====== Args={}
2022-10-20 11:38:30,077 : INFO : EventManager : Event: ======'mode_tilt_started'====== Args={'queue': <QueuedEvent>}
2022-10-20 11:38:30,077 : INFO : EventManager : Event: ======'reset_complete'====== Args={}
2022-10-20 11:38:30,077 : INFO : EventManager : Event: ======'mode_attract_will_start'====== Args={}
2022-10-20 11:38:30,078 : INFO : EventManager : Event: ======'mode_attract_starting'====== Args={}
2022-10-20 11:38:30,078 : INFO : Mode.attract : Started. Priority: 10
2022-10-20 11:38:30,078 : INFO : EventManager : Event: ======'modes_active_modes_changed'====== Args={}
2022-10-20 11:38:30,078 : INFO : EventManager : Event: ======'mode_attract_started'====== Args={}
2022-10-20 11:38:30,078 : INFO : EventManager : Event: ======'collecting_balls_complete'====== Args={}
2022-10-20 11:38:30,113 : INFO : coil.c_drop_right : Pulsing Driver for 60ms (0.7 pulse_power)
2022-10-20 11:38:30,114 : INFO : Machine : Starting the main run loop.
2022-10-20 11:38:30,462 : INFO : SwitchController : <<<<<<< 's_left_flipper' active >>>>>>>
2022-10-20 11:38:30,636 : INFO : SwitchController : <<<<<<< 's_eos_left' inactive >>>>>>>
2022-10-20 11:38:30,747 : INFO : SwitchController : <<<<<<< 's_left_flipper' inactive >>>>>>>
2022-10-20 11:38:30,967 : INFO : SwitchController : <<<<<<< 's_left_flipper' active >>>>>>>
2022-10-20 11:38:30,973 : INFO : SwitchController : <<<<<<< 's_eos_left' active >>>>>>>
2022-10-20 11:38:30,973 : INFO : SwitchController : <<<<<<< 's_eos_left_top' active >>>>>>>
2022-10-20 11:38:30,993 : INFO : SwitchController : <<<<<<< 's_eos_right' active >>>>>>>
2022-10-20 11:38:30,993 : INFO : SwitchController : <<<<<<< 's_eos_right' inactive >>>>>>>
2022-10-20 11:38:31,030 : INFO : drop_target_bank.right : 2 targets are down. Will reset those.
2022-10-20 11:38:31,030 : INFO : coil.c_drop_right : Pulsing Driver for 60ms (0.7 pulse_power)
2022-10-20 11:38:31,030 : INFO : drop_target_bank.mid : 3 targets are down. Will reset those.
2022-10-20 11:38:31,093 : INFO : coil.c_drop_mid : Pulsing Driver for 50ms (0.7 pulse_power)
2022-10-20 11:38:31,093 : INFO : SwitchController : <<<<<<< 's_drop_right_right' inactive >>>>>>>
2022-10-20 11:38:31,093 : INFO : SwitchController : <<<<<<< 's_drop_right_left' inactive >>>>>>>
2022-10-20 11:38:31,157 : INFO : SwitchController : <<<<<<< 's_drop_mid_left' inactive >>>>>>>
2022-10-20 11:38:31,161 : INFO : SwitchController : <<<<<<< 's_drop_mid_mid' inactive >>>>>>>
2022-10-20 11:38:31,162 : INFO : SwitchController : <<<<<<< 's_drop_mid_right' inactive >>>>>>>
2022-10-20 11:38:31,236 : INFO : SwitchController : <<<<<<< 's_left_flipper' inactive >>>>>>>
2022-10-20 11:38:31,331 : INFO : SwitchController : <<<<<<< 's_eos_left_top' inactive >>>>>>>
2022-10-20 11:38:31,352 : INFO : SwitchController : <<<<<<< 's_eos_left' inactive >>>>>>>
2022-10-20 11:38:31,523 : INFO : EventManager : Event: ======'drop_target_mid_mid_up'====== Args={'device': <drop_target.mid_mid>}
2022-10-20 11:38:31,523 : INFO : EventManager : Event: ======'drop_target_bank_mid_mixed'====== Args={'prev_value': <DropTargetBankState.DOWN: 'down'>, 'down': 2}
2022-10-20 11:38:31,523 : INFO : EventManager : Event: ======'drop_target_mid_left_up'====== Args={'device': <drop_target.mid_left>}
2022-10-20 11:38:31,523 : INFO : EventManager : Event: ======'drop_target_bank_mid_mixed'====== Args={'prev_value': <DropTargetBankState.MIXED: 'mixed'>, 'down': 1}
2022-10-20 11:38:31,523 : INFO : EventManager : Event: ======'drop_target_right_right_up'====== Args={'device': <drop_target.right_right>}
2022-10-20 11:38:31,524 : INFO : EventManager : Event: ======'drop_target_bank_right_mixed'====== Args={'prev_value': <DropTargetBankState.DOWN: 'down'>, 'down': 1}
2022-10-20 11:38:31,524 : INFO : EventManager : Event: ======'drop_target_right_left_up'====== Args={'device': <drop_target.right_left>}
2022-10-20 11:38:31,524 : INFO : EventManager : Event: ======'drop_target_bank_right_up'====== Args={}
2022-10-20 11:38:31,524 : INFO : EventManager : Event: ======'drop_target_mid_right_up'====== Args={'device': <drop_target.mid_right>}
2022-10-20 11:38:31,524 : INFO : EventManager : Event: ======'drop_target_bank_mid_up'====== Args={}
2022-10-20 11:38:33,106 : INFO : SwitchController : <<<<<<< 's_left_flipper' active >>>>>>>
2022-10-20 11:38:33,138 : INFO : SwitchController : <<<<<<< 's_eos_left' active >>>>>>>
2022-10-20 11:38:33,138 : INFO : SwitchController : <<<<<<< 's_eos_left_top' active >>>>>>>
2022-10-20 11:38:33,139 : INFO : SwitchController : <<<<<<< 's_eos_right' active >>>>>>>
2022-10-20 11:38:33,164 : INFO : SwitchController : <<<<<<< 's_eos_right' inactive >>>>>>>
2022-10-20 11:38:33,313 : INFO : SwitchController : <<<<<<< 's_left_flipper' inactive >>>>>>>
2022-10-20 11:38:33,425 : INFO : SwitchController : <<<<<<< 's_eos_left_top' inactive >>>>>>>
2022-10-20 11:38:33,457 : INFO : SwitchController : <<<<<<< 's_eos_left' inactive >>>>>>>
2022-10-20 11:38:33,601 : INFO : SwitchController : <<<<<<< 's_left_flipper' active >>>>>>>
2022-10-20 11:38:33,602 : INFO : SwitchController : <<<<<<< 's_left_flipper' inactive >>>>>>>
2022-10-20 11:38:33,633 : INFO : SwitchController : <<<<<<< 's_eos_left' active >>>>>>>
2022-10-20 11:38:33,697 : INFO : SwitchController : <<<<<<< 's_eos_left' inactive >>>>>>>
2022-10-20 11:38:33,698 : INFO : SwitchController : <<<<<<< 's_left_flipper' active >>>>>>>
2022-10-20 11:38:33,719 : INFO : SwitchController : <<<<<<< 's_eos_left_top' active >>>>>>>
2022-10-20 11:38:33,719 : INFO : SwitchController : <<<<<<< 's_eos_left' active >>>>>>>
2022-10-20 11:38:33,725 : INFO : SwitchController : <<<<<<< 's_eos_right' active >>>>>>>
2022-10-20 11:38:33,725 : INFO : SwitchController : <<<<<<< 's_eos_right' inactive >>>>>>>
2022-10-20 11:38:33,809 : INFO : SwitchController : <<<<<<< 's_left_flipper' inactive >>>>>>>
2022-10-20 11:38:33,921 : INFO : SwitchController : <<<<<<< 's_eos_left_top' inactive >>>>>>>
2022-10-20 11:38:33,953 : INFO : SwitchController : <<<<<<< 's_eos_left' inactive >>>>>>>
2022-10-20 11:38:37,141 : INFO : SwitchController : <<<<<<< 's_left_flipper' active >>>>>>>
2022-10-20 11:38:37,146 : INFO : SwitchController : <<<<<<< 's_eos_left_top' active >>>>>>>
2022-10-20 11:38:37,160 : INFO : SwitchController : <<<<<<< 's_eos_left' active >>>>>>>
2022-10-20 11:38:37,161 : INFO : SwitchController : <<<<<<< 's_eos_right' active >>>>>>>
2022-10-20 11:38:37,189 : INFO : SwitchController : <<<<<<< 's_eos_right' inactive >>>>>>>
2022-10-20 11:38:37,269 : INFO : SwitchController : <<<<<<< 's_left_flipper' inactive >>>>>>>
2022-10-20 11:38:37,369 : INFO : SwitchController : <<<<<<< 's_eos_left_top' inactive >>>>>>>
2022-10-20 11:38:37,396 : INFO : SwitchController : <<<<<<< 's_eos_left' inactive >>>>>>>
2022-10-20 11:38:39,034 : INFO : SwitchController : <<<<<<< 's_left_flipper' active >>>>>>>
2022-10-20 11:38:39,051 : INFO : SwitchController : <<<<<<< 's_eos_left' active >>>>>>>
2022-10-20 11:38:39,071 : INFO : SwitchController : <<<<<<< 's_eos_left_top' active >>>>>>>
2022-10-20 11:38:39,072 : INFO : SwitchController : <<<<<<< 's_eos_right' active >>>>>>>
2022-10-20 11:38:39,072 : INFO : SwitchController : <<<<<<< 's_eos_right' inactive >>>>>>>
2022-10-20 11:38:39,635 : INFO : SwitchController : <<<<<<< 's_left_flipper' inactive >>>>>>>
2022-10-20 11:38:39,730 : INFO : SwitchController : <<<<<<< 's_eos_left_top' inactive >>>>>>>
2022-10-20 11:38:39,761 : INFO : SwitchController : <<<<<<< 's_eos_left' inactive >>>>>>>
2022-10-20 11:38:45,565 : INFO : SwitchController : <<<<<<< 's_left_flipper' active >>>>>>>
2022-10-20 11:38:45,580 : INFO : SwitchController : <<<<<<< 's_eos_left' active >>>>>>>
2022-10-20 11:38:45,596 : INFO : SwitchController : <<<<<<< 's_eos_left_top' active >>>>>>>
2022-10-20 11:38:45,596 : INFO : SwitchController : <<<<<<< 's_eos_right' active >>>>>>>
2022-10-20 11:38:45,612 : INFO : SwitchController : <<<<<<< 's_eos_right' inactive >>>>>>>
2022-10-20 11:38:45,692 : INFO : SwitchController : <<<<<<< 's_left_flipper' inactive >>>>>>>
2022-10-20 11:38:45,788 : INFO : SwitchController : <<<<<<< 's_eos_left' inactive >>>>>>>
2022-10-20 11:38:45,788 : INFO : SwitchController : <<<<<<< 's_eos_left_top' inactive >>>>>>>
2022-10-20 11:39:00,459 : INFO : SwitchController : <<<<<<< 's_left_flipper' active >>>>>>>
2022-10-20 11:39:00,491 : INFO : SwitchController : <<<<<<< 's_eos_left_top' active >>>>>>>
2022-10-20 11:39:00,491 : INFO : SwitchController : <<<<<<< 's_eos_left' active >>>>>>>
2022-10-20 11:39:00,492 : INFO : SwitchController : <<<<<<< 's_eos_right' active >>>>>>>
2022-10-20 11:39:00,507 : INFO : SwitchController : <<<<<<< 's_eos_right' inactive >>>>>>>
2022-10-20 11:39:00,651 : INFO : SwitchController : <<<<<<< 's_left_flipper' inactive >>>>>>>
2022-10-20 11:39:00,747 : INFO : SwitchController : <<<<<<< 's_eos_left_top' inactive >>>>>>>
2022-10-20 11:39:00,795 : INFO : SwitchController : <<<<<<< 's_eos_left' inactive >>>>>>>
2022-10-20 11:39:01,434 : INFO : SwitchController : <<<<<<< 's_right_flipper' active >>>>>>>
2022-10-20 11:39:01,455 : INFO : SwitchController : <<<<<<< 's_eos_right' active >>>>>>>
2022-10-20 11:39:01,466 : INFO : SwitchController : <<<<<<< 's_eos_left' active >>>>>>>
2022-10-20 11:39:01,467 : INFO : SwitchController : <<<<<<< 's_eos_left' inactive >>>>>>>
2022-10-20 11:39:01,498 : INFO : SwitchController : <<<<<<< 's_right_flipper' inactive >>>>>>>
2022-10-20 11:39:01,498 : INFO : SwitchController : <<<<<<< 's_right_flipper' active >>>>>>>
2022-10-20 11:39:01,514 : INFO : SwitchController : <<<<<<< 's_right_flipper' inactive >>>>>>>
2022-10-20 11:39:01,642 : INFO : SwitchController : <<<<<<< 's_eos_right' inactive >>>>>>>
2022-10-20 11:39:01,658 : INFO : SwitchController : <<<<<<< 's_right_flipper' active >>>>>>>
2022-10-20 11:39:01,674 : INFO : SwitchController : <<<<<<< 's_eos_right' active >>>>>>>
2022-10-20 11:39:01,705 : INFO : SwitchController : <<<<<<< 's_right_flipper' inactive >>>>>>>
2022-10-20 11:39:01,721 : INFO : SwitchController : <<<<<<< 's_right_flipper' active >>>>>>>
2022-10-20 11:39:01,721 : INFO : SwitchController : <<<<<<< 's_right_flipper' inactive >>>>>>>
2022-10-20 11:39:01,865 : INFO : SwitchController : <<<<<<< 's_eos_right' inactive >>>>>>>
2022-10-20 11:39:02,617 : INFO : SwitchController : <<<<<<< 's_right_flipper' active >>>>>>>
2022-10-20 11:39:02,649 : INFO : SwitchController : <<<<<<< 's_eos_right' active >>>>>>>
2022-10-20 11:39:02,649 : INFO : SwitchController : <<<<<<< 's_right_flipper' inactive >>>>>>>
2022-10-20 11:39:02,650 : INFO : SwitchController : <<<<<<< 's_eos_left' active >>>>>>>
2022-10-20 11:39:02,650 : INFO : SwitchController : <<<<<<< 's_eos_left' inactive >>>>>>>
2022-10-20 11:39:02,777 : INFO : SwitchController : <<<<<<< 's_eos_right' inactive >>>>>>>
2022-10-20 11:39:02,889 : INFO : SwitchController : <<<<<<< 's_right_flipper' active >>>>>>>
2022-10-20 11:39:02,905 : INFO : SwitchController : <<<<<<< 's_eos_right' active >>>>>>>
2022-10-20 11:39:02,905 : INFO : SwitchController : <<<<<<< 's_right_flipper' inactive >>>>>>>
2022-10-20 11:39:02,905 : INFO : SwitchController : <<<<<<< 's_eos_left' active >>>>>>>
2022-10-20 11:39:02,921 : INFO : SwitchController : <<<<<<< 's_right_flipper' active >>>>>>>
2022-10-20 11:39:02,921 : INFO : SwitchController : <<<<<<< 's_eos_left' inactive >>>>>>>
2022-10-20 11:39:02,937 : INFO : SwitchController : <<<<<<< 's_right_flipper' inactive >>>>>>>
2022-10-20 11:39:02,937 : INFO : SwitchController : <<<<<<< 's_right_flipper' active >>>>>>>
2022-10-20 11:39:02,937 : INFO : SwitchController : <<<<<<< 's_right_flipper' inactive >>>>>>>
2022-10-20 11:39:02,952 : INFO : SwitchController : <<<<<<< 's_right_flipper' active >>>>>>>
2022-10-20 11:39:02,952 : INFO : SwitchController : <<<<<<< 's_right_flipper' inactive >>>>>>>
2022-10-20 11:39:03,080 : INFO : SwitchController : <<<<<<< 's_eos_right' inactive >>>>>>>
2022-10-20 11:39:03,816 : INFO : SwitchController : <<<<<<< 's_right_flipper' active >>>>>>>
2022-10-20 11:39:03,837 : INFO : SwitchController : <<<<<<< 's_eos_right' active >>>>>>>
2022-10-20 11:39:03,852 : INFO : SwitchController : <<<<<<< 's_eos_left' active >>>>>>>
2022-10-20 11:39:03,853 : INFO : SwitchController : <<<<<<< 's_eos_left' inactive >>>>>>>
2022-10-20 11:39:04,055 : INFO : SwitchController : <<<<<<< 's_right_flipper' inactive >>>>>>>
2022-10-20 11:39:04,182 : INFO : SwitchController : <<<<<<< 's_eos_right' inactive >>>>>>>
2022-10-20 11:39:07,874 : INFO : SwitchController : <<<<<<< 's_right_flipper' active >>>>>>>
2022-10-20 11:39:07,896 : INFO : SwitchController : <<<<<<< 's_eos_right' active >>>>>>>
2022-10-20 11:39:07,896 : INFO : SwitchController : <<<<<<< 's_eos_left' active >>>>>>>
2022-10-20 11:39:07,896 : INFO : SwitchController : <<<<<<< 's_eos_left' inactive >>>>>>>
2022-10-20 11:39:07,922 : INFO : SwitchController : <<<<<<< 's_right_flipper' inactive >>>>>>>
2022-10-20 11:39:08,050 : INFO : SwitchController : <<<<<<< 's_eos_right' inactive >>>>>>>
2022-10-20 11:39:08,385 : INFO : SwitchController : <<<<<<< 's_right_flipper' active >>>>>>>
2022-10-20 11:39:08,390 : INFO : SwitchController : <<<<<<< 's_eos_right' active >>>>>>>
2022-10-20 11:39:08,391 : INFO : SwitchController : <<<<<<< 's_eos_left' active >>>>>>>
2022-10-20 11:39:08,417 : INFO : SwitchController : <<<<<<< 's_eos_left' inactive >>>>>>>
2022-10-20 11:39:08,497 : INFO : SwitchController : <<<<<<< 's_right_flipper' inactive >>>>>>>
2022-10-20 11:39:08,609 : INFO : SwitchController : <<<<<<< 's_eos_right' inactive >>>>>>>
2022-10-20 11:39:08,849 : INFO : SwitchController : <<<<<<< 's_right_flipper' active >>>>>>>
2022-10-20 11:39:08,850 : INFO : SwitchController : <<<<<<< 's_right_flipper' inactive >>>>>>>
2022-10-20 11:39:08,865 : INFO : SwitchController : <<<<<<< 's_right_flipper' active >>>>>>>
2022-10-20 11:39:08,866 : INFO : SwitchController : <<<<<<< 's_eos_right' active >>>>>>>
2022-10-20 11:39:09,168 : INFO : SwitchController : <<<<<<< 's_right_flipper' inactive >>>>>>>
2022-10-20 11:39:09,280 : INFO : SwitchController : <<<<<<< 's_eos_right' inactive >>>>>>>
2022-10-20 11:39:10,559 : INFO : SwitchController : <<<<<<< 's_right_flipper' active >>>>>>>
2022-10-20 11:39:10,580 : INFO : SwitchController : <<<<<<< 's_right_flipper' inactive >>>>>>>
2022-10-20 11:39:10,586 : INFO : SwitchController : <<<<<<< 's_eos_right' active >>>>>>>
2022-10-20 11:39:10,608 : INFO : SwitchController : <<<<<<< 's_right_flipper' active >>>>>>>
2022-10-20 11:39:10,671 : INFO : SwitchController : <<<<<<< 's_right_flipper' inactive >>>>>>>
2022-10-20 11:39:10,799 : INFO : SwitchController : <<<<<<< 's_eos_right' inactive >>>>>>>
2022-10-20 11:39:10,990 : INFO : SwitchController : <<<<<<< 's_right_flipper' active >>>>>>>
2022-10-20 11:39:10,990 : INFO : SwitchController : <<<<<<< 's_right_flipper' inactive >>>>>>>
2022-10-20 11:39:11,006 : INFO : SwitchController : <<<<<<< 's_right_flipper' active >>>>>>>
2022-10-20 11:39:11,021 : INFO : SwitchController : <<<<<<< 's_eos_right' active >>>>>>>
2022-10-20 11:39:11,022 : INFO : SwitchController : <<<<<<< 's_right_flipper' inactive >>>>>>>
2022-10-20 11:39:11,022 : INFO : SwitchController : <<<<<<< 's_right_flipper' active >>>>>>>
2022-10-20 11:39:11,054 : INFO : SwitchController : <<<<<<< 's_right_flipper' inactive >>>>>>>
2022-10-20 11:39:11,181 : INFO : SwitchController : <<<<<<< 's_eos_right' inactive >>>>>>>
2022-10-20 11:39:11,897 : INFO : SwitchController : <<<<<<< 's_right_flipper' active >>>>>>>
2022-10-20 11:39:11,929 : INFO : SwitchController : <<<<<<< 's_eos_right' active >>>>>>>
2022-10-20 11:39:11,961 : INFO : SwitchController : <<<<<<< 's_right_flipper' inactive >>>>>>>
2022-10-20 11:39:11,977 : INFO : SwitchController : <<<<<<< 's_right_flipper' active >>>>>>>
2022-10-20 11:39:12,297 : INFO : SwitchController : <<<<<<< 's_right_flipper' inactive >>>>>>>
2022-10-20 11:39:12,409 : INFO : SwitchController : <<<<<<< 's_eos_right' inactive >>>>>>>
2022-10-20 11:39:12,936 : INFO : SwitchController : <<<<<<< 's_right_flipper' active >>>>>>>
2022-10-20 11:39:12,936 : INFO : SwitchController : <<<<<<< 's_right_flipper' inactive >>>>>>>
2022-10-20 11:39:12,952 : INFO : SwitchController : <<<<<<< 's_eos_right' active >>>>>>>
2022-10-20 11:39:12,983 : INFO : SwitchController : <<<<<<< 's_right_flipper' active >>>>>>>
2022-10-20 11:39:13,127 : INFO : SwitchController : <<<<<<< 's_right_flipper' inactive >>>>>>>
2022-10-20 11:39:13,238 : INFO : SwitchController : <<<<<<< 's_eos_right' inactive >>>>>>>
2022-10-20 11:39:14,149 : INFO : SwitchController : <<<<<<< 's_left_flipper' active >>>>>>>
2022-10-20 11:39:14,181 : INFO : SwitchController : <<<<<<< 's_left_flipper' inactive >>>>>>>
2022-10-20 11:39:14,181 : INFO : SwitchController : <<<<<<< 's_eos_left_top' active >>>>>>>
2022-10-20 11:39:14,181 : INFO : SwitchController : <<<<<<< 's_eos_left' active >>>>>>>
2022-10-20 11:39:14,181 : INFO : SwitchController : <<<<<<< 's_eos_right' active >>>>>>>
2022-10-20 11:39:14,191 : INFO : SwitchController : <<<<<<< 's_eos_right' inactive >>>>>>>
2022-10-20 11:39:14,213 : INFO : SwitchController : <<<<<<< 's_left_flipper' active >>>>>>>
2022-10-20 11:39:14,324 : INFO : SwitchController : <<<<<<< 's_left_flipper' inactive >>>>>>>
2022-10-20 11:39:14,419 : INFO : SwitchController : <<<<<<< 's_eos_left' inactive >>>>>>>
2022-10-20 11:39:14,499 : INFO : SwitchController : <<<<<<< 's_eos_left_top' inactive >>>>>>>
2022-10-20 11:39:14,499 : INFO : SwitchController : <<<<<<< 's_eos_left_top' active >>>>>>>
2022-10-20 11:39:14,801 : INFO : SwitchController : <<<<<<< 's_left_flipper' active >>>>>>>
2022-10-20 11:39:14,806 : INFO : SwitchController : <<<<<<< 's_eos_left' active >>>>>>>
2022-10-20 11:39:14,806 : INFO : SwitchController : <<<<<<< 's_eos_right' active >>>>>>>
2022-10-20 11:39:14,832 : INFO : SwitchController : <<<<<<< 's_eos_right' inactive >>>>>>>
2022-10-20 11:39:15,006 : INFO : SwitchController : <<<<<<< 's_left_flipper' inactive >>>>>>>
2022-10-20 11:39:15,117 : INFO : SwitchController : <<<<<<< 's_eos_left' inactive >>>>>>>
2022-10-20 11:39:15,117 : INFO : SwitchController : <<<<<<< 's_eos_left_top' inactive >>>>>>>
2022-10-20 11:39:15,139 : INFO : SwitchController : <<<<<<< 's_eos_left' active >>>>>>>
2022-10-20 11:39:15,139 : INFO : SwitchController : <<<<<<< 's_eos_left' inactive >>>>>>>
2022-10-20 11:39:34,409 : INFO : SwitchController : <<<<<<< 's_bot_vuk' active >>>>>>>
2022-10-20 11:39:34,648 : INFO : SwitchController : <<<<<<< 's_bot_vuk' inactive >>>>>>>
2022-10-20 11:39:36,530 : INFO : SwitchController : <<<<<<< 's_bot_vuk' active >>>>>>>
2022-10-20 11:39:37,026 : INFO : EventManager : Event: ======'balldevice_bd_bot_vuk_ball_count_changed'====== Args={'balls': 1}
2022-10-20 11:39:37,027 : INFO : ball_device.bd_bot_vuk : Received unexpected ball
2022-10-20 11:39:37,027 : INFO : EventManager : Event: ======'balldevice_captured_from_playfield'====== Args={'balls': 1}
2022-10-20 11:39:37,027 : INFO : EventManager : Event: ======'sw_playfield_active'====== Args={'balls': 1}
2022-10-20 11:39:37,027 : INFO : EventManager : Event: ======'playfield_active'====== Args={}
2022-10-20 11:39:37,027 : INFO : EventManager : Event: ======'unexpected_ball_on_playfield'====== Args={}
2022-10-20 11:39:37,027 : INFO : EventManager : Event: ======'playfield_ball_count_change'====== Args={'balls': -1, 'change': -1}
2022-10-20 11:39:37,028 : INFO : EventManager : Event: ======'balldevice_playfield_ball_enter'====== Args={'new_balls': 1, 'unclaimed_balls': 1, 'device': <playfield.playfield>}
2022-10-20 11:39:37,028 : INFO : EventManager : Event: ======'playfield_ball_count_change'====== Args={'balls': 0, 'change': 1}
2022-10-20 11:39:37,028 : INFO : BallController : Found a new ball which was captured from playfield. Known balls: 3
2022-10-20 11:39:37,028 : INFO : EventManager : Event: ======'found_new_ball'====== Args={}
2022-10-20 11:39:37,028 : INFO : EventManager : Event: ======'balldevice_bd_bot_vuk_ball_enter'====== Args={'new_balls': 1, 'unclaimed_balls': 1, 'new_available_balls': 1, 'device': <ball_device.bd_bot_vuk>}
2022-10-20 11:39:37,029 : INFO : ball_device.bd_bot_vuk : Ejecting 1 unexpected balls using path deque([<ball_device.bd_bot_vuk>, <playfield.playfield>])
2022-10-20 11:39:37,029 : INFO : EventManager : Event: ======'balldevice_balls_available'====== Args={}
2022-10-20 11:39:37,029 : INFO : EventManager : Event: ======'balldevice_balls_available'====== Args={}
2022-10-20 11:39:37,029 : INFO : EventManager : Event: ======'balldevice_bd_bot_vuk_ball_entered'====== Args={'new_balls': 1, 'device': <ball_device.bd_bot_vuk>}
2022-10-20 11:39:37,030 : INFO : ball_device.bd_bot_vuk : State: waiting_for_target_ready
2022-10-20 11:39:37,030 : INFO : EventManager : Event: ======'balldevice_bd_bot_vuk_ball_eject_attempt'====== Args={'balls': 1, 'target': <playfield.playfield>, 'source': <ball_device.bd_bot_vuk>, 'mechanical_eject': False, 'num_attempts': 0}
2022-10-20 11:39:37,030 : INFO : ball_device.bd_bot_vuk : State: ejecting
2022-10-20 11:39:37,030 : INFO : ball_device.bd_bot_vuk : Ejecting ball to <playfield.playfield>
2022-10-20 11:39:37,030 : INFO : EventManager : Event: ======'balldevice_bd_bot_vuk_ejecting_ball'====== Args={'balls': 1, 'target': <playfield.playfield>, 'source': <ball_device.bd_bot_vuk>, 'mechanical_eject': False, 'num_attempts': 0}
2022-10-20 11:39:37,031 : INFO : ball_device.bd_bot_vuk : Wait for ball to leave device
2022-10-20 11:39:37,031 : INFO : coil.c_bot_vuk : Pulsing Driver for 70ms (1.0 pulse_power)
2022-10-20 11:39:37,368 : INFO : SwitchController : <<<<<<< 's_bot_vuk' inactive >>>>>>>
2022-10-20 11:39:37,372 : INFO : ball_device.bd_bot_vuk : State: ball_left
2022-10-20 11:39:37,372 : INFO : ball_device.bd_bot_vuk : Ball left
2022-10-20 11:39:37,372 : INFO : ball_device.bd_bot_vuk : Wait for confirm with timeout 2.0
2022-10-20 11:39:39,373 : INFO : ball_device.bd_bot_vuk : State: failed_confirm
2022-10-20 11:39:39,374 : INFO : ball_device.bd_bot_vuk : Got timeout (2.0s) before confirm from <playfield.playfield>
2022-10-20 11:39:39,453 : INFO : ball_device.bd_bot_vuk : Confirming eject because target is playfield and ball did not return.
2022-10-20 11:39:39,453 : INFO : ball_device.bd_bot_vuk : Eject successful
2022-10-20 11:39:39,453 : INFO : EventManager : Event: ======'balldevice_bd_bot_vuk_ball_eject_success'====== Args={'balls': 1, 'target': <playfield.playfield>}
2022-10-20 11:39:39,454 : INFO : EventManager : Event: ======'balldevice_playfield_ball_enter'====== Args={'new_balls': 1, 'unclaimed_balls': 1, 'device': <playfield.playfield>}
2022-10-20 11:39:39,454 : INFO : EventManager : Event: ======'playfield_ball_count_change'====== Args={'balls': 1, 'change': 1}
2022-10-20 11:39:39,454 : INFO : EventManager : Event: ======'balldevice_bd_bot_vuk_ball_count_changed'====== Args={'balls': 0}
2022-10-20 11:39:39,454 : INFO : ball_device.bd_bot_vuk : State: idle
2022-10-20 11:39:44,288 : INFO : SwitchController : <<<<<<< 's_trough_2' inactive >>>>>>>
2022-10-20 11:39:44,320 : INFO : SwitchController : <<<<<<< 's_trough_jam' active >>>>>>>
