2022-09-05 08:46:49,603 : INFO : root : Loading config.
2022-09-05 08:46:49,606 : INFO : YamlMultifileConfigLoader : Machine config file #1: config.yaml
2022-09-05 08:46:49,607 : WARNING : ConfigProcessor : Config file in cache changed: c:\trashland_2\config\config.yaml
2022-09-05 08:46:49,607 : INFO : ConfigProcessor : Loading config from file c:\users\tanner\appdata\local\programs\python\python37\lib\site-packages\mpf\mpfconfig.yaml.
2022-09-05 08:46:49,676 : INFO : ConfigProcessor : Loading config: c:\users\tanner\appdata\local\programs\python\python37\lib\site-packages\mpf\mpfconfig.yaml
2022-09-05 08:46:49,677 : INFO : ConfigProcessor : Loading config from file c:\trashland_2\config\config.yaml.
2022-09-05 08:46:49,765 : INFO : ConfigProcessor : Loading config: c:\trashland_2\config\config.yaml
2022-09-05 08:46:49,767 : INFO : ConfigProcessor : Config file cache created: C:\Users\Tanner\AppData\Local\Temp\a6762098cb994b55cb03a478b26022ee.mpf_cache
2022-09-05 08:46:49,832 : INFO : ConfigProcessor : Loading config from cache: C:\Users\Tanner\AppData\Local\Temp\ec172e3d2b0d14c1982139d23248bb88.mpf_cache
2022-09-05 08:46:49,833 : INFO : ConfigProcessor : Loading config from cache: C:\Users\Tanner\AppData\Local\Temp\c215df352878fee5d54f1a5ec5b16e7c.mpf_cache
2022-09-05 08:46:49,833 : INFO : Machine : Mission Pinball Framework Core Engine v0.55.0
2022-09-05 08:46:49,833 : INFO : Machine : Command line arguments: {'no_load_cache': False, 'create_config_cache': True, 'bcp': False, 'configfile': ['config.yaml'], 'force_assets_load': False, 'jsonlogging': False, 'logfile': 'logs\\2022-09-05-08-46-49-mpf-DESKTOP-7HNFDQ5.log', 'pause': False, 'production': False, 'text_ui': True, 'loglevel': 15, 'consoleloglevel': 20, 'force_platform': None, 'syslog_address': None, 'mc_file_name': None, 'no_sound': False}
2022-09-05 08:46:49,834 : INFO : Machine : MPF path: c:\users\tanner\appdata\local\programs\python\python37\lib\site-packages\mpf
2022-09-05 08:46:49,834 : INFO : Machine : Machine path: c:\trashland_2
2022-09-05 08:46:49,834 : INFO : Machine : Platform: win32
2022-09-05 08:46:49,834 : INFO : Machine : Python executable location: c:\users\tanner\appdata\local\programs\python\python37\python.exe
2022-09-05 08:46:49,834 : INFO : Machine : Python version: 3.7.8 (64-bit)
2022-09-05 08:46:49,835 : INFO : Machine : Initialise MPF.
2022-09-05 08:46:50,077 : INFO : FAST : Connecting to com20 at 921600bps
2022-09-05 08:46:50,193 : INFO : FAST : Connected! Processor: NET, Board Type: FP-CPU-002-2, Firmware: 01.00
2022-09-05 08:46:50,193 : INFO : EventManager : Event: ======'machine_var_fast_net_firmware'====== Args={'value': '01.00', 'prev_value': None, 'change': True}
2022-09-05 08:46:50,193 : INFO : EventManager : Event: ======'machine_var_fast_net_model'====== Args={'value': 'FP-CPU-002-2', 'prev_value': None, 'change': True}
2022-09-05 08:46:55,185 : WARNING : FAST : Reset of NET CPU failed. This might be a firmware bug in your version.
2022-09-05 08:46:55,789 : INFO : FAST : Connecting to com21 at 921600bps
2022-09-05 08:46:55,901 : INFO : FAST : Connected! Processor: RGB, Board Type: FP-CPU-002-2, Firmware: 01.00
2022-09-05 08:46:55,901 : INFO : EventManager : Event: ======'machine_var_fast_rgb_firmware'====== Args={'value': '01.00', 'prev_value': None, 'change': True}
2022-09-05 08:46:55,901 : INFO : EventManager : Event: ======'machine_var_fast_rgb_model'====== Args={'value': 'FP-CPU-002-2', 'prev_value': None, 'change': True}
2022-09-05 08:46:55,902 : INFO : EventManager : Event: ======'machine_var_credits_string'====== Args={'value': 'FREE PLAY', 'prev_value': None, 'change': True}
2022-09-05 08:46:55,947 : INFO : EventManager : Event: ======'machine_var_master_volume'====== Args={'value': 0.5, 'prev_value': None, 'change': True}
2022-09-05 08:46:55,947 : INFO : EventManager : Event: ======'machine_var_mpf_version'====== Args={'value': 'MPF v0.55.0', 'prev_value': None, 'change': True}
2022-09-05 08:46:55,947 : INFO : EventManager : Event: ======'machine_var_mpf_extended_version'====== Args={'value': 'MPF v0.55.0, Config version:5, Show version: 5, BCP version:1.1', 'prev_value': None, 'change': True}
2022-09-05 08:46:55,947 : INFO : EventManager : Event: ======'machine_var_python_version'====== Args={'value': '3.7.8', 'prev_value': None, 'change': True}
2022-09-05 08:46:55,947 : INFO : EventManager : Event: ======'machine_var_platform'====== Args={'value': 'Windows-10-10.0.19041-SP0', 'prev_value': None, 'change': True}
2022-09-05 08:46:55,947 : INFO : EventManager : Event: ======'machine_var_platform_system'====== Args={'value': 'Windows', 'prev_value': None, 'change': True}
2022-09-05 08:46:55,947 : INFO : EventManager : Event: ======'machine_var_platform_release'====== Args={'value': '10', 'prev_value': None, 'change': True}
2022-09-05 08:46:55,947 : INFO : EventManager : Event: ======'machine_var_platform_version'====== Args={'value': '10.0.19041', 'prev_value': None, 'change': True}
2022-09-05 08:46:55,947 : INFO : EventManager : Event: ======'machine_var_platform_machine'====== Args={'value': 'AMD64', 'prev_value': None, 'change': True}
2022-09-05 08:46:55,947 : INFO : EventManager : Event: ======'init_phase_1'====== Args={}
2022-09-05 08:46:55,976 : INFO : EventManager : Event: ======'drop_target_bank_mid_up'====== Args={}
2022-09-05 08:46:55,977 : INFO : EventManager : Event: ======'drop_target_bank_right_up'====== Args={}
2022-09-05 08:46:55,997 : INFO : EventManager : Event: ======'init_phase_2'====== Args={}
2022-09-05 08:46:55,998 : INFO : SwitchController : Found active switch: (('2D', 1), <Platform.FAST>) <switch.s_drop_mid_right>
2022-09-05 08:46:55,998 : INFO : SwitchController : Found active switch: (('2C', 1), <Platform.FAST>) <switch.s_drop_mid_mid>
2022-09-05 08:46:55,998 : INFO : SwitchController : Found active switch: (('2B', 1), <Platform.FAST>) <switch.s_drop_mid_left>
2022-09-05 08:46:55,998 : INFO : SwitchController : Found active switch: (('31', 1), <Platform.FAST>) <switch.s_drop_right_left>
2022-09-05 08:46:55,998 : INFO : SwitchController : Found active switch: (('33', 1), <Platform.FAST>) <switch.s_vuk_right>
2022-09-05 08:46:55,998 : INFO : SwitchController : Found active switch: (('32', 1), <Platform.FAST>) <switch.s_drop_single>
2022-09-05 08:46:55,998 : INFO : SwitchController : Found active switch: (('3E', 1), <Platform.FAST>) <switch.s_trough_1>
2022-09-05 08:46:55,999 : INFO : SwitchController : Found active switch: (('3D', 1), <Platform.FAST>) <switch.s_trough_jam>
2022-09-05 08:46:56,003 : INFO : ball_device.bd_trough : BCH: Initial count: 2
2022-09-05 08:46:56,004 : INFO : ball_device.bd_trough : State: idle
2022-09-05 08:46:56,004 : INFO : ball_device.bd_plunger : BCH: Initial count: 0
2022-09-05 08:46:56,006 : INFO : ball_device.bd_plunger : State: idle
2022-09-05 08:46:56,040 : INFO : EventManager : Event: ======'init_phase_3'====== Args={}
2022-09-05 08:46:56,042 : INFO : EventManager : Event: ======'init_phase_4'====== Args={}
2022-09-05 08:46:56,042 : INFO : EventManager : Event: ======'playfield_active'====== Args={}
2022-09-05 08:46:56,042 : INFO : EventManager : Event: ======'unexpected_ball_on_playfield'====== Args={}
2022-09-05 08:46:56,042 : INFO : EventManager : Event: ======'drop_target_d_drop_single_down'====== Args={'device': <drop_target.d_drop_single>}
2022-09-05 08:46:56,042 : INFO : EventManager : Event: ======'playfield_active'====== Args={}
2022-09-05 08:46:56,043 : INFO : EventManager : Event: ======'unexpected_ball_on_playfield'====== Args={}
2022-09-05 08:46:56,043 : INFO : EventManager : Event: ======'drop_target_mid_right_down'====== Args={'device': <drop_target.mid_right>}
2022-09-05 08:46:56,043 : INFO : EventManager : Event: ======'drop_target_bank_mid_mixed'====== Args={'prev_value': <DropTargetBankState.UP: 'up'>, 'down': 1}
2022-09-05 08:46:56,043 : INFO : EventManager : Event: ======'playfield_active'====== Args={}
2022-09-05 08:46:56,043 : INFO : EventManager : Event: ======'unexpected_ball_on_playfield'====== Args={}
2022-09-05 08:46:56,043 : INFO : EventManager : Event: ======'drop_target_mid_mid_down'====== Args={'device': <drop_target.mid_mid>}
2022-09-05 08:46:56,043 : INFO : EventManager : Event: ======'drop_target_bank_mid_mixed'====== Args={'prev_value': <DropTargetBankState.MIXED: 'mixed'>, 'down': 2}
2022-09-05 08:46:56,043 : INFO : EventManager : Event: ======'playfield_active'====== Args={}
2022-09-05 08:46:56,043 : INFO : EventManager : Event: ======'unexpected_ball_on_playfield'====== Args={}
2022-09-05 08:46:56,043 : INFO : EventManager : Event: ======'drop_target_mid_left_down'====== Args={'device': <drop_target.mid_left>}
2022-09-05 08:46:56,043 : INFO : EventManager : Event: ======'drop_target_bank_mid_down'====== Args={}
2022-09-05 08:46:56,043 : INFO : EventManager : Event: ======'playfield_active'====== Args={}
2022-09-05 08:46:56,043 : INFO : EventManager : Event: ======'unexpected_ball_on_playfield'====== Args={}
2022-09-05 08:46:56,044 : INFO : EventManager : Event: ======'playfield_active'====== Args={}
2022-09-05 08:46:56,044 : INFO : EventManager : Event: ======'unexpected_ball_on_playfield'====== Args={}
2022-09-05 08:46:56,044 : INFO : EventManager : Event: ======'drop_target_right_left_down'====== Args={'device': <drop_target.right_left>}
2022-09-05 08:46:56,044 : INFO : EventManager : Event: ======'drop_target_bank_right_mixed'====== Args={'prev_value': <DropTargetBankState.UP: 'up'>, 'down': 1}
2022-09-05 08:46:56,044 : INFO : BallController : Initial balls found: 2
2022-09-05 08:46:56,046 : INFO : EventManager : Event: ======'machine_var_audits_events_game_ended'====== Args={'value': 0, 'prev_value': None, 'change': True}
2022-09-05 08:46:56,047 : INFO : EventManager : Event: ======'machine_var_audits_events_game_started'====== Args={'value': 0, 'prev_value': None, 'change': True}
2022-09-05 08:46:56,047 : INFO : EventManager : Event: ======'machine_var_audits_player_score'====== Args={'value': {'average': 0, 'top': [], 'total': 0}, 'prev_value': None, 'change': True}
2022-09-05 08:46:56,047 : INFO : EventManager : Event: ======'machine_var_audits_switches_s_autolauncher'====== Args={'value': 69, 'prev_value': None, 'change': True}
2022-09-05 08:46:56,047 : INFO : EventManager : Event: ======'machine_var_audits_switches_s_bot_back'====== Args={'value': 0, 'prev_value': None, 'change': True}
2022-09-05 08:46:56,047 : INFO : EventManager : Event: ======'machine_var_audits_switches_s_bot_big'====== Args={'value': 0, 'prev_value': None, 'change': True}
2022-09-05 08:46:56,047 : INFO : EventManager : Event: ======'machine_var_audits_switches_s_bot_left'====== Args={'value': 0, 'prev_value': None, 'change': True}
2022-09-05 08:46:56,047 : INFO : EventManager : Event: ======'machine_var_audits_switches_s_bot_right'====== Args={'value': 0, 'prev_value': None, 'change': True}
2022-09-05 08:46:56,047 : INFO : EventManager : Event: ======'machine_var_audits_switches_s_bot_rollover'====== Args={'value': 0, 'prev_value': None, 'change': True}
2022-09-05 08:46:56,047 : INFO : EventManager : Event: ======'machine_var_audits_switches_s_bot_vuk'====== Args={'value': 0, 'prev_value': None, 'change': True}
2022-09-05 08:46:56,048 : INFO : EventManager : Event: ======'machine_var_audits_switches_s_drop_mid_left'====== Args={'value': 45, 'prev_value': None, 'change': True}
2022-09-05 08:46:56,048 : INFO : EventManager : Event: ======'machine_var_audits_switches_s_drop_mid_mid'====== Args={'value': 46, 'prev_value': None, 'change': True}
2022-09-05 08:46:56,048 : INFO : EventManager : Event: ======'machine_var_audits_switches_s_drop_mid_right'====== Args={'value': 5, 'prev_value': None, 'change': True}
2022-09-05 08:46:56,048 : INFO : EventManager : Event: ======'machine_var_audits_switches_s_drop_right_left'====== Args={'value': 7, 'prev_value': None, 'change': True}
2022-09-05 08:46:56,048 : INFO : EventManager : Event: ======'machine_var_audits_switches_s_drop_right_right'====== Args={'value': 6, 'prev_value': None, 'change': True}
2022-09-05 08:46:56,048 : INFO : EventManager : Event: ======'machine_var_audits_switches_s_drop_single'====== Args={'value': 40, 'prev_value': None, 'change': True}
2022-09-05 08:46:56,048 : INFO : EventManager : Event: ======'machine_var_audits_switches_s_eos_left'====== Args={'value': 26, 'prev_value': None, 'change': True}
2022-09-05 08:46:56,049 : INFO : EventManager : Event: ======'machine_var_audits_switches_s_eos_left_top'====== Args={'value': 24, 'prev_value': None, 'change': True}
2022-09-05 08:46:56,049 : INFO : EventManager : Event: ======'machine_var_audits_switches_s_eos_right'====== Args={'value': 0, 'prev_value': None, 'change': True}
2022-09-05 08:46:56,049 : INFO : EventManager : Event: ======'machine_var_audits_switches_s_launch'====== Args={'value': 0, 'prev_value': None, 'change': True}
2022-09-05 08:46:56,049 : INFO : EventManager : Event: ======'machine_var_audits_switches_s_left_flipper'====== Args={'value': 47, 'prev_value': None, 'change': True}
2022-09-05 08:46:56,049 : INFO : EventManager : Event: ======'machine_var_audits_switches_s_left_inlane'====== Args={'value': 0, 'prev_value': None, 'change': True}
2022-09-05 08:46:56,049 : INFO : EventManager : Event: ======'machine_var_audits_switches_s_left_outlane'====== Args={'value': 0, 'prev_value': None, 'change': True}
2022-09-05 08:46:56,050 : INFO : EventManager : Event: ======'machine_var_audits_switches_s_pop_left'====== Args={'value': 8, 'prev_value': None, 'change': True}
2022-09-05 08:46:56,050 : INFO : EventManager : Event: ======'machine_var_audits_switches_s_pop_lower'====== Args={'value': 20, 'prev_value': None, 'change': True}
2022-09-05 08:46:56,050 : INFO : EventManager : Event: ======'machine_var_audits_switches_s_pop_right'====== Args={'value': 26, 'prev_value': None, 'change': True}
2022-09-05 08:46:56,050 : INFO : EventManager : Event: ======'machine_var_audits_switches_s_right_flipper'====== Args={'value': 44, 'prev_value': None, 'change': True}
2022-09-05 08:46:56,050 : INFO : EventManager : Event: ======'machine_var_audits_switches_s_right_inlane'====== Args={'value': 0, 'prev_value': None, 'change': True}
2022-09-05 08:46:56,050 : INFO : EventManager : Event: ======'machine_var_audits_switches_s_right_outlane'====== Args={'value': 1, 'prev_value': None, 'change': True}
2022-09-05 08:46:56,051 : INFO : EventManager : Event: ======'machine_var_audits_switches_s_rollover_left'====== Args={'value': 3, 'prev_value': None, 'change': True}
2022-09-05 08:46:56,051 : INFO : EventManager : Event: ======'machine_var_audits_switches_s_rollover_right'====== Args={'value': 1, 'prev_value': None, 'change': True}
2022-09-05 08:46:56,051 : INFO : EventManager : Event: ======'machine_var_audits_switches_s_sling_left'====== Args={'value': 3, 'prev_value': None, 'change': True}
2022-09-05 08:46:56,051 : INFO : EventManager : Event: ======'machine_var_audits_switches_s_start'====== Args={'value': 86, 'prev_value': None, 'change': True}
2022-09-05 08:46:56,051 : INFO : EventManager : Event: ======'machine_var_audits_switches_s_trough_1'====== Args={'value': 56, 'prev_value': None, 'change': True}
2022-09-05 08:46:56,051 : INFO : EventManager : Event: ======'machine_var_audits_switches_s_trough_2'====== Args={'value': 46, 'prev_value': None, 'change': True}
2022-09-05 08:46:56,052 : INFO : EventManager : Event: ======'machine_var_audits_switches_s_trough_3'====== Args={'value': 45, 'prev_value': None, 'change': True}
2022-09-05 08:46:56,052 : INFO : EventManager : Event: ======'machine_var_audits_switches_s_trough_4'====== Args={'value': 46, 'prev_value': None, 'change': True}
2022-09-05 08:46:56,052 : INFO : EventManager : Event: ======'machine_var_audits_switches_s_trough_5'====== Args={'value': 49, 'prev_value': None, 'change': True}
2022-09-05 08:46:56,052 : INFO : EventManager : Event: ======'machine_var_audits_switches_s_trough_6'====== Args={'value': 52, 'prev_value': None, 'change': True}
2022-09-05 08:46:56,052 : INFO : EventManager : Event: ======'machine_var_audits_switches_s_trough_jam'====== Args={'value': 107, 'prev_value': None, 'change': True}
2022-09-05 08:46:56,053 : INFO : EventManager : Event: ======'machine_var_audits_switches_s_vuk_back'====== Args={'value': 0, 'prev_value': None, 'change': True}
2022-09-05 08:46:56,053 : INFO : EventManager : Event: ======'machine_var_audits_switches_s_vuk_right'====== Args={'value': 0, 'prev_value': None, 'change': True}
2022-09-05 08:46:56,053 : INFO : EventManager : Event: ======'machine_var_audits_switches_s_upper_rollover'====== Args={'value': 0, 'prev_value': None, 'change': True}
2022-09-05 08:46:56,053 : INFO : EventManager : Event: ======'machine_var_audits_switches_s_upper_drop'====== Args={'value': 0, 'prev_value': None, 'change': True}
2022-09-05 08:46:56,054 : INFO : EventManager : Event: ======'machine_var_audits_switches_s_upper_stationary'====== Args={'value': 0, 'prev_value': None, 'change': True}
2022-09-05 08:46:56,054 : INFO : EventManager : Event: ======'machine_var_audits_switches_s_back_rollover'====== Args={'value': 0, 'prev_value': None, 'change': True}
2022-09-05 08:46:56,054 : INFO : EventManager : Event: ======'machine_var_audits_switches_s_back_pop'====== Args={'value': 0, 'prev_value': None, 'change': True}
2022-09-05 08:46:56,054 : INFO : EventManager : Event: ======'machine_var_audits_switches_s_back_stationary'====== Args={'value': 0, 'prev_value': None, 'change': True}
2022-09-05 08:46:56,054 : INFO : EventManager : Event: ======'machine_var_audits_switches_s_transfer_rollover'====== Args={'value': 0, 'prev_value': None, 'change': True}
2022-09-05 08:46:56,055 : INFO : EventManager : Event: ======'machine_var_audits_switches_s_sling_right'====== Args={'value': 0, 'prev_value': None, 'change': True}
2022-09-05 08:46:56,056 : INFO : EventManager : Event: ======'init_phase_5'====== Args={}
2022-09-05 08:46:56,099 : INFO : EventManager : Event: ======'init_done'====== Args={}
2022-09-05 08:46:56,100 : INFO : EventManager : Event: ======'machine_reset_phase_1'====== Args={}
2022-09-05 08:46:56,100 : INFO : EventManager : Event: ======'machine_reset_phase_2'====== Args={}
2022-09-05 08:46:56,101 : INFO : EventManager : Event: ======'machine_reset_phase_3'====== Args={}
2022-09-05 08:46:56,101 : INFO : drop_target_bank.mid : 3 targets are down. Will reset those.
2022-09-05 08:46:56,102 : INFO : coil.c_drop_mid : Pulsing Driver for 50ms (0.7 pulse_power)
2022-09-05 08:46:56,102 : INFO : drop_target_bank.right : 1 targets are down. Will reset those.
2022-09-05 08:46:56,102 : INFO : coil.c_drop_mid : Pulsing Driver for 50ms (0.7 pulse_power)
2022-09-05 08:46:56,102 : INFO : coil.c_drop_mid : Pulsing Driver for 50ms (0.7 pulse_power)
2022-09-05 08:46:56,102 : INFO : coil.c_drop_mid : Pulsing Driver for 50ms (0.7 pulse_power)
2022-09-05 08:46:56,102 : INFO : coil.c_drop_right : Pulsing Driver for 10ms (1.0 pulse_power)
2022-09-05 08:46:56,103 : INFO : EventManager : Event: ======'reset_complete'====== Args={}
2022-09-05 08:46:56,103 : INFO : EventManager : Event: ======'mode_attract_will_start'====== Args={}
2022-09-05 08:46:56,104 : INFO : EventManager : Event: ======'mode_attract_starting'====== Args={}
2022-09-05 08:46:56,104 : INFO : Mode.attract : Started. Priority: 10
2022-09-05 08:46:56,104 : INFO : EventManager : Event: ======'modes_active_modes_changed'====== Args={}
2022-09-05 08:46:56,104 : INFO : EventManager : Event: ======'mode_attract_started'====== Args={}
2022-09-05 08:46:56,104 : INFO : EventManager : Event: ======'collecting_balls_complete'====== Args={}
2022-09-05 08:46:56,145 : INFO : Machine : Starting the main run loop.
2022-09-05 08:46:56,157 : INFO : coil.c_drop_right : Pulsing Driver for 10ms (1.0 pulse_power)
2022-09-05 08:46:56,189 : INFO : coil.c_drop_single : Pulsing Driver for 10ms (1.0 pulse_power)
2022-09-05 08:46:56,601 : INFO : EventManager : Event: ======'drop_target_bank_right_mixed'====== Args={'prev_value': <DropTargetBankState.MIXED: 'mixed'>, 'down': 1}
2022-09-05 08:46:57,045 : INFO : drop_target_bank.mid : 3 targets are down. Will reset those.
2022-09-05 08:46:57,045 : INFO : coil.c_drop_mid : Pulsing Driver for 50ms (0.7 pulse_power)
2022-09-05 08:46:57,137 : INFO : SwitchController : <<<<<<< 's_left_flipper' active >>>>>>>
2022-09-05 08:46:57,137 : INFO : SwitchController : <<<<<<< 's_drop_mid_left' inactive >>>>>>>
2022-09-05 08:46:57,137 : INFO : SwitchController : <<<<<<< 's_drop_mid_mid' inactive >>>>>>>
2022-09-05 08:46:57,137 : INFO : SwitchController : <<<<<<< 's_drop_mid_right' inactive >>>>>>>
2022-09-05 08:46:57,159 : INFO : SwitchController : <<<<<<< 's_eos_left_top' active >>>>>>>
2022-09-05 08:46:57,160 : INFO : SwitchController : <<<<<<< 's_eos_left' active >>>>>>>
2022-09-05 08:46:57,173 : INFO : SwitchController : <<<<<<< 's_eos_right' active >>>>>>>
2022-09-05 08:46:57,173 : INFO : SwitchController : <<<<<<< 's_eos_right' inactive >>>>>>>
2022-09-05 08:46:57,173 : INFO : SwitchController : <<<<<<< 's_drop_mid_mid' active >>>>>>>
2022-09-05 08:46:57,233 : INFO : SwitchController : <<<<<<< 's_left_flipper' inactive >>>>>>>
2022-09-05 08:46:57,252 : INFO : SwitchController : <<<<<<< 's_drop_mid_right' active >>>>>>>
2022-09-05 08:46:57,268 : INFO : SwitchController : <<<<<<< 's_drop_mid_left' active >>>>>>>
2022-09-05 08:46:57,343 : INFO : SwitchController : <<<<<<< 's_eos_left_top' inactive >>>>>>>
2022-09-05 08:46:57,343 : INFO : SwitchController : <<<<<<< 's_eos_left' inactive >>>>>>>
2022-09-05 08:46:57,969 : INFO : SwitchController : <<<<<<< 's_left_flipper' active >>>>>>>
2022-09-05 08:46:57,984 : INFO : SwitchController : <<<<<<< 's_eos_left' active >>>>>>>
2022-09-05 08:46:57,984 : INFO : SwitchController : <<<<<<< 's_eos_left_top' active >>>>>>>
2022-09-05 08:46:58,001 : INFO : SwitchController : <<<<<<< 's_eos_right' active >>>>>>>
2022-09-05 08:46:58,001 : INFO : SwitchController : <<<<<<< 's_eos_right' inactive >>>>>>>
2022-09-05 08:46:58,029 : INFO : SwitchController : <<<<<<< 's_left_flipper' inactive >>>>>>>
2022-09-05 08:46:58,140 : INFO : SwitchController : <<<<<<< 's_eos_left_top' inactive >>>>>>>
2022-09-05 08:46:58,140 : INFO : SwitchController : <<<<<<< 's_eos_left' inactive >>>>>>>
2022-09-05 08:46:59,060 : INFO : SwitchController : <<<<<<< 's_left_flipper' active >>>>>>>
2022-09-05 08:46:59,079 : INFO : SwitchController : <<<<<<< 's_eos_left' active >>>>>>>
2022-09-05 08:46:59,079 : INFO : SwitchController : <<<<<<< 's_eos_left_top' active >>>>>>>
2022-09-05 08:46:59,094 : INFO : SwitchController : <<<<<<< 's_eos_right' active >>>>>>>
2022-09-05 08:46:59,107 : INFO : SwitchController : <<<<<<< 's_eos_right' inactive >>>>>>>
2022-09-05 08:46:59,139 : INFO : SwitchController : <<<<<<< 's_left_flipper' inactive >>>>>>>
2022-09-05 08:46:59,249 : INFO : SwitchController : <<<<<<< 's_eos_left_top' inactive >>>>>>>
2022-09-05 08:46:59,249 : INFO : SwitchController : <<<<<<< 's_eos_left' inactive >>>>>>>
2022-09-05 08:46:59,611 : INFO : SwitchController : <<<<<<< 's_left_flipper' active >>>>>>>
2022-09-05 08:46:59,629 : INFO : SwitchController : <<<<<<< 's_eos_left' active >>>>>>>
2022-09-05 08:46:59,629 : INFO : SwitchController : <<<<<<< 's_eos_left_top' active >>>>>>>
2022-09-05 08:46:59,629 : INFO : SwitchController : <<<<<<< 's_eos_right' active >>>>>>>
2022-09-05 08:46:59,658 : INFO : SwitchController : <<<<<<< 's_eos_right' inactive >>>>>>>
2022-09-05 08:46:59,815 : INFO : SwitchController : <<<<<<< 's_left_flipper' inactive >>>>>>>
2022-09-05 08:46:59,926 : INFO : SwitchController : <<<<<<< 's_eos_left_top' inactive >>>>>>>
2022-09-05 08:46:59,926 : INFO : SwitchController : <<<<<<< 's_eos_left' inactive >>>>>>>
2022-09-05 08:47:00,306 : INFO : SwitchController : <<<<<<< 's_right_flipper' active >>>>>>>
2022-09-05 08:47:00,326 : INFO : SwitchController : <<<<<<< 's_eos_right' active >>>>>>>
2022-09-05 08:47:00,480 : INFO : SwitchController : <<<<<<< 's_right_flipper' inactive >>>>>>>
2022-09-05 08:47:01,870 : INFO : SwitchController : <<<<<<< 's_eos_right' inactive >>>>>>>
2022-09-05 08:47:02,693 : INFO : SwitchController : <<<<<<< 's_eos_right' active >>>>>>>
2022-09-05 08:47:03,153 : INFO : SwitchController : <<<<<<< 's_eos_right' inactive >>>>>>>
2022-09-05 08:47:03,519 : INFO : SwitchController : <<<<<<< 's_eos_right' active >>>>>>>
2022-09-05 08:47:04,120 : INFO : SwitchController : <<<<<<< 's_eos_right' inactive >>>>>>>
2022-09-05 08:47:05,217 : INFO : SwitchController : <<<<<<< 's_right_flipper' active >>>>>>>
2022-09-05 08:47:05,249 : INFO : SwitchController : <<<<<<< 's_eos_right' active >>>>>>>
2022-09-05 08:47:05,422 : INFO : SwitchController : <<<<<<< 's_right_flipper' inactive >>>>>>>
2022-09-05 08:47:05,993 : INFO : SwitchController : <<<<<<< 's_eos_right' inactive >>>>>>>
2022-09-05 08:47:07,750 : INFO : SwitchController : <<<<<<< 's_right_flipper' active >>>>>>>
2022-09-05 08:47:07,782 : INFO : SwitchController : <<<<<<< 's_eos_right' active >>>>>>>
2022-09-05 08:47:08,497 : INFO : SwitchController : <<<<<<< 's_right_flipper' inactive >>>>>>>
2022-09-05 08:47:08,927 : INFO : SwitchController : <<<<<<< 's_eos_right' inactive >>>>>>>
2022-09-05 08:47:10,677 : INFO : SwitchController : <<<<<<< 's_pop_lower' active >>>>>>>
2022-09-05 08:47:10,725 : INFO : SwitchController : <<<<<<< 's_pop_lower' inactive >>>>>>>
2022-09-05 08:47:15,823 : INFO : SwitchController : <<<<<<< 's_right_flipper' active >>>>>>>
2022-09-05 08:47:15,855 : INFO : SwitchController : <<<<<<< 's_eos_left' active >>>>>>>
2022-09-05 08:47:15,855 : INFO : SwitchController : <<<<<<< 's_eos_right' active >>>>>>>
2022-09-05 08:47:15,855 : INFO : SwitchController : <<<<<<< 's_eos_left' inactive >>>>>>>
2022-09-05 08:47:16,029 : INFO : SwitchController : <<<<<<< 's_right_flipper' inactive >>>>>>>
2022-09-05 08:47:16,710 : INFO : SwitchController : <<<<<<< 's_eos_right' inactive >>>>>>>
2022-09-05 08:47:18,296 : INFO : SwitchController : <<<<<<< 's_right_flipper' active >>>>>>>
2022-09-05 08:47:18,327 : INFO : SwitchController : <<<<<<< 's_eos_right' active >>>>>>>
2022-09-05 08:47:18,849 : INFO : SwitchController : <<<<<<< 's_right_flipper' inactive >>>>>>>
2022-09-05 08:47:21,389 : INFO : SwitchController : <<<<<<< 's_eos_right' inactive >>>>>>>
2022-09-05 08:47:22,848 : INFO : SwitchController : <<<<<<< 's_right_flipper' active >>>>>>>
2022-09-05 08:47:22,896 : INFO : SwitchController : <<<<<<< 's_eos_right' active >>>>>>>
2022-09-05 08:47:23,163 : INFO : SwitchController : <<<<<<< 's_right_flipper' inactive >>>>>>>
2022-09-05 08:47:23,481 : INFO : SwitchController : <<<<<<< 's_eos_right' inactive >>>>>>>
2022-09-05 08:47:28,633 : INFO : SwitchController : <<<<<<< 's_left_flipper' active >>>>>>>
2022-09-05 08:47:28,652 : INFO : SwitchController : <<<<<<< 's_eos_left_top' active >>>>>>>
2022-09-05 08:47:28,652 : INFO : SwitchController : <<<<<<< 's_eos_left' active >>>>>>>
2022-09-05 08:47:28,652 : INFO : SwitchController : <<<<<<< 's_eos_right' active >>>>>>>
2022-09-05 08:47:28,653 : INFO : SwitchController : <<<<<<< 's_eos_right' inactive >>>>>>>
2022-09-05 08:47:30,465 : INFO : SwitchController : <<<<<<< 's_left_flipper' inactive >>>>>>>
2022-09-05 08:47:30,577 : INFO : SwitchController : <<<<<<< 's_eos_left_top' inactive >>>>>>>
2022-09-05 08:47:30,577 : INFO : SwitchController : <<<<<<< 's_eos_left' inactive >>>>>>>
2022-09-05 08:47:31,308 : INFO : SwitchController : <<<<<<< 's_right_flipper' active >>>>>>>
2022-09-05 08:47:31,328 : INFO : SwitchController : <<<<<<< 's_eos_right' active >>>>>>>
2022-09-05 08:47:31,563 : INFO : SwitchController : <<<<<<< 's_right_flipper' inactive >>>>>>>
2022-09-05 08:47:31,786 : INFO : SwitchController : <<<<<<< 's_eos_right' inactive >>>>>>>
2022-09-05 08:47:32,723 : INFO : SwitchController : <<<<<<< 's_left_flipper' active >>>>>>>
2022-09-05 08:47:32,743 : INFO : SwitchController : <<<<<<< 's_eos_left' active >>>>>>>
2022-09-05 08:47:32,758 : INFO : SwitchController : <<<<<<< 's_eos_left_top' active >>>>>>>
2022-09-05 08:47:32,758 : INFO : SwitchController : <<<<<<< 's_eos_right' active >>>>>>>
2022-09-05 08:47:32,775 : INFO : SwitchController : <<<<<<< 's_eos_right' inactive >>>>>>>
2022-09-05 08:47:32,898 : INFO : SwitchController : <<<<<<< 's_left_flipper' inactive >>>>>>>
2022-09-05 08:47:33,009 : INFO : SwitchController : <<<<<<< 's_eos_left_top' inactive >>>>>>>
2022-09-05 08:47:33,009 : INFO : SwitchController : <<<<<<< 's_eos_left' inactive >>>>>>>
2022-09-05 08:47:33,214 : INFO : SwitchController : <<<<<<< 's_left_flipper' active >>>>>>>
2022-09-05 08:47:33,233 : INFO : SwitchController : <<<<<<< 's_eos_left' active >>>>>>>
2022-09-05 08:47:33,233 : INFO : SwitchController : <<<<<<< 's_eos_left_top' active >>>>>>>
2022-09-05 08:47:33,249 : INFO : SwitchController : <<<<<<< 's_eos_right' active >>>>>>>
2022-09-05 08:47:33,265 : INFO : SwitchController : <<<<<<< 's_eos_right' inactive >>>>>>>
2022-09-05 08:47:33,405 : INFO : SwitchController : <<<<<<< 's_left_flipper' inactive >>>>>>>
2022-09-05 08:47:33,516 : INFO : SwitchController : <<<<<<< 's_eos_left' inactive >>>>>>>
2022-09-05 08:47:33,516 : INFO : SwitchController : <<<<<<< 's_eos_left_top' inactive >>>>>>>
2022-09-05 08:47:33,706 : INFO : SwitchController : <<<<<<< 's_left_flipper' active >>>>>>>
2022-09-05 08:47:33,725 : INFO : SwitchController : <<<<<<< 's_eos_left' active >>>>>>>
2022-09-05 08:47:33,741 : INFO : SwitchController : <<<<<<< 's_eos_left_top' active >>>>>>>
2022-09-05 08:47:33,741 : INFO : SwitchController : <<<<<<< 's_eos_right' active >>>>>>>
2022-09-05 08:47:33,757 : INFO : SwitchController : <<<<<<< 's_eos_right' inactive >>>>>>>
2022-09-05 08:47:33,964 : INFO : SwitchController : <<<<<<< 's_left_flipper' inactive >>>>>>>
2022-09-05 08:47:34,072 : INFO : SwitchController : <<<<<<< 's_eos_left_top' inactive >>>>>>>
2022-09-05 08:47:34,072 : INFO : SwitchController : <<<<<<< 's_eos_left' inactive >>>>>>>
2022-09-05 08:47:39,254 : INFO : SwitchController : <<<<<<< 's_left_flipper' active >>>>>>>
2022-09-05 08:47:39,286 : INFO : SwitchController : <<<<<<< 's_eos_left_top' active >>>>>>>
2022-09-05 08:47:39,286 : INFO : SwitchController : <<<<<<< 's_eos_left' active >>>>>>>
2022-09-05 08:47:39,306 : INFO : SwitchController : <<<<<<< 's_eos_right' active >>>>>>>
2022-09-05 08:47:39,306 : INFO : SwitchController : <<<<<<< 's_eos_right' inactive >>>>>>>
2022-09-05 08:47:39,461 : INFO : SwitchController : <<<<<<< 's_left_flipper' inactive >>>>>>>
2022-09-05 08:47:39,572 : INFO : SwitchController : <<<<<<< 's_eos_left' inactive >>>>>>>
2022-09-05 08:47:39,572 : INFO : SwitchController : <<<<<<< 's_eos_left_top' inactive >>>>>>>
2022-09-05 08:47:39,811 : INFO : SwitchController : <<<<<<< 's_left_flipper' active >>>>>>>
2022-09-05 08:47:39,831 : INFO : SwitchController : <<<<<<< 's_eos_left' active >>>>>>>
2022-09-05 08:47:39,846 : INFO : SwitchController : <<<<<<< 's_eos_left_top' active >>>>>>>
2022-09-05 08:47:39,846 : INFO : SwitchController : <<<<<<< 's_eos_right' active >>>>>>>
2022-09-05 08:47:39,863 : INFO : SwitchController : <<<<<<< 's_eos_right' inactive >>>>>>>
2022-09-05 08:47:40,017 : INFO : SwitchController : <<<<<<< 's_left_flipper' inactive >>>>>>>
2022-09-05 08:47:40,127 : INFO : SwitchController : <<<<<<< 's_eos_left_top' inactive >>>>>>>
2022-09-05 08:47:40,127 : INFO : SwitchController : <<<<<<< 's_eos_left' inactive >>>>>>>
2022-09-05 08:47:40,585 : INFO : SwitchController : <<<<<<< 's_left_flipper' active >>>>>>>
2022-09-05 08:47:40,632 : INFO : SwitchController : <<<<<<< 's_eos_left_top' active >>>>>>>
2022-09-05 08:47:40,632 : INFO : SwitchController : <<<<<<< 's_eos_left' active >>>>>>>
2022-09-05 08:47:40,632 : INFO : SwitchController : <<<<<<< 's_eos_right' active >>>>>>>
2022-09-05 08:47:40,653 : INFO : SwitchController : <<<<<<< 's_eos_right' inactive >>>>>>>
2022-09-05 08:47:40,839 : INFO : SwitchController : <<<<<<< 's_left_flipper' inactive >>>>>>>
2022-09-05 08:47:40,951 : INFO : SwitchController : <<<<<<< 's_eos_left_top' inactive >>>>>>>
2022-09-05 08:47:40,951 : INFO : SwitchController : <<<<<<< 's_eos_left' inactive >>>>>>>
2022-09-05 08:47:42,140 : INFO : SwitchController : <<<<<<< 's_left_flipper' active >>>>>>>
2022-09-05 08:47:42,172 : INFO : SwitchController : <<<<<<< 's_eos_left' active >>>>>>>
2022-09-05 08:47:42,172 : INFO : SwitchController : <<<<<<< 's_eos_left_top' active >>>>>>>
2022-09-05 08:47:42,191 : INFO : SwitchController : <<<<<<< 's_eos_right' active >>>>>>>
2022-09-05 08:47:42,191 : INFO : SwitchController : <<<<<<< 's_eos_right' inactive >>>>>>>
2022-09-05 08:47:42,313 : INFO : SwitchController : <<<<<<< 's_left_flipper' inactive >>>>>>>
2022-09-05 08:47:42,438 : INFO : SwitchController : <<<<<<< 's_eos_left_top' inactive >>>>>>>
2022-09-05 08:47:42,439 : INFO : SwitchController : <<<<<<< 's_eos_left' inactive >>>>>>>
2022-09-05 08:47:42,612 : INFO : SwitchController : <<<<<<< 's_left_flipper' active >>>>>>>
2022-09-05 08:47:42,644 : INFO : SwitchController : <<<<<<< 's_eos_left_top' active >>>>>>>
2022-09-05 08:47:42,644 : INFO : SwitchController : <<<<<<< 's_eos_left' active >>>>>>>
2022-09-05 08:47:42,644 : INFO : SwitchController : <<<<<<< 's_eos_right' active >>>>>>>
2022-09-05 08:47:42,664 : INFO : SwitchController : <<<<<<< 's_eos_right' inactive >>>>>>>
2022-09-05 08:47:42,895 : INFO : SwitchController : <<<<<<< 's_left_flipper' inactive >>>>>>>
2022-09-05 08:47:43,006 : INFO : SwitchController : <<<<<<< 's_eos_left_top' inactive >>>>>>>
2022-09-05 08:47:43,006 : INFO : SwitchController : <<<<<<< 's_eos_left' inactive >>>>>>>
2022-09-05 08:47:43,324 : INFO : SwitchController : <<<<<<< 's_right_flipper' active >>>>>>>
2022-09-05 08:47:43,343 : INFO : SwitchController : <<<<<<< 's_eos_right' active >>>>>>>
2022-09-05 08:47:43,419 : INFO : SwitchController : <<<<<<< 's_right_flipper' inactive >>>>>>>
2022-09-05 08:47:43,592 : INFO : SwitchController : <<<<<<< 's_eos_right' inactive >>>>>>>
2022-09-05 08:47:43,767 : INFO : SwitchController : <<<<<<< 's_right_flipper' active >>>>>>>
2022-09-05 08:47:43,786 : INFO : SwitchController : <<<<<<< 's_eos_right' active >>>>>>>
2022-09-05 08:47:43,942 : INFO : SwitchController : <<<<<<< 's_right_flipper' inactive >>>>>>>
2022-09-05 08:47:44,100 : INFO : SwitchController : <<<<<<< 's_eos_right' inactive >>>>>>>
2022-09-05 08:47:57,314 : INFO : Machine : Shutting down...
2022-09-05 08:47:57,314 : INFO : EventManager : Event: ======'shutdown'====== Args={}
2022-09-05 08:47:57,330 : WARNING : FAST : Port NET received more messages than were sent! Resetting!
2022-09-05 08:47:57,346 : WARNING : FAST : Port RGB received more messages than were sent! Resetting!
2022-09-05 08:47:57,346 : WARNING : FAST : Received unknown serial command? BX:P from RGB.
2022-09-05 08:47:57,410 : ERROR : FAST : Stop called on serial connection com20
2022-09-05 08:47:57,410 : ERROR : FAST : Stop called on serial connection com21
2022-09-05 08:47:57,661 : INFO : root : MPF run loop ended.
