2022-10-21 10:57:14,512 : INFO : root : Loading config.
2022-10-21 10:57:14,515 : INFO : YamlMultifileConfigLoader : Machine config file #1: config.yaml
2022-10-21 10:57:14,516 : INFO : ConfigProcessor : Loading config from cache: C:\Users\Tanner\AppData\Local\Temp\a6762098cb994b55cb03a478b26022ee.mpf_cache
2022-10-21 10:57:14,586 : INFO : ConfigProcessor : Loading config from cache: C:\Users\Tanner\AppData\Local\Temp\9cf7ccc27b21f4d6162237fadfc53e5a.mpf_cache
2022-10-21 10:57:14,587 : INFO : ConfigProcessor : Loading config from cache: C:\Users\Tanner\AppData\Local\Temp\c215df352878fee5d54f1a5ec5b16e7c.mpf_cache
2022-10-21 10:57:14,587 : INFO : ConfigProcessor : Loading config from cache: C:\Users\Tanner\AppData\Local\Temp\708062243e0edcfa77dd6b1521bd0d4e.mpf_cache
2022-10-21 10:57:14,588 : INFO : ConfigProcessor : Loading config from cache: C:\Users\Tanner\AppData\Local\Temp\9cf7ccc27b21f4d6162237fadfc53e5a.mpf_cache
2022-10-21 10:57:14,589 : INFO : ConfigProcessor : Loading config from cache: C:\Users\Tanner\AppData\Local\Temp\c4174472f67f7b070dd6fb437c6feb0c.mpf_cache
2022-10-21 10:57:14,589 : INFO : ConfigProcessor : Loading config from cache: C:\Users\Tanner\AppData\Local\Temp\33b306b4bf49d065496332ee9ac2494c.mpf_cache
2022-10-21 10:57:14,591 : INFO : ConfigProcessor : Loading config from cache: C:\Users\Tanner\AppData\Local\Temp\9e6b4d5e43fd00e219ba7c739d818ad6.mpf_cache
2022-10-21 10:57:14,591 : INFO : ConfigProcessor : Loading config from cache: C:\Users\Tanner\AppData\Local\Temp\abaa92c43d134e3392cbb2346e6a16be.mpf_cache
2022-10-21 10:57:14,592 : INFO : ConfigProcessor : Loading config from cache: C:\Users\Tanner\AppData\Local\Temp\fc46d53fcb9fe6b8abf783d9c813390a.mpf_cache
2022-10-21 10:57:14,592 : INFO : ConfigProcessor : Loading config from cache: C:\Users\Tanner\AppData\Local\Temp\b46de592c65b9a27a1f4965daee53c91.mpf_cache
2022-10-21 10:57:14,593 : INFO : ConfigProcessor : Loading config from cache: C:\Users\Tanner\AppData\Local\Temp\5b50cb1d58cd4116013cda74c2923169.mpf_cache
2022-10-21 10:57:14,596 : INFO : ConfigProcessor : Loading config from cache: C:\Users\Tanner\AppData\Local\Temp\2734ac1662e5e62f2e4cb2a8d902a8f2.mpf_cache
2022-10-21 10:57:14,598 : INFO : ConfigProcessor : Loading config from cache: C:\Users\Tanner\AppData\Local\Temp\fe169133106b4804e097dca6b78afaf5.mpf_cache
2022-10-21 10:57:14,599 : INFO : ConfigProcessor : Loading config from cache: C:\Users\Tanner\AppData\Local\Temp\d4f531e94c6a484dd08e4121f6e3a74e.mpf_cache
2022-10-21 10:57:14,599 : INFO : ConfigProcessor : Loading config from cache: C:\Users\Tanner\AppData\Local\Temp\e9c431c8aa2f7ab7b37617b37185d68f.mpf_cache
2022-10-21 10:57:14,601 : INFO : ConfigProcessor : Loading config from cache: C:\Users\Tanner\AppData\Local\Temp\07112933e6abcdb1819075df64aee3c0.mpf_cache
2022-10-21 10:57:14,602 : INFO : Machine : Mission Pinball Framework Core Engine v0.55.0
2022-10-21 10:57:14,602 : INFO : Machine : Command line arguments: {'no_load_cache': False, 'create_config_cache': True, 'bcp': True, 'configfile': ['config.yaml'], 'force_assets_load': False, 'jsonlogging': False, 'logfile': 'logs\\2022-10-21-10-57-14-mpf-DESKTOP-7HNFDQ5.log', 'pause': False, 'production': False, 'text_ui': True, 'loglevel': 15, 'consoleloglevel': 20, 'force_platform': None, 'syslog_address': None, 'mc_file_name': None, 'no_sound': False}
2022-10-21 10:57:14,602 : INFO : Machine : MPF path: c:\users\tanner\appdata\local\programs\python\python37\lib\site-packages\mpf
2022-10-21 10:57:14,602 : INFO : Machine : Machine path: c:\trashland_2
2022-10-21 10:57:14,602 : INFO : Machine : Platform: win32
2022-10-21 10:57:14,602 : INFO : Machine : Python executable location: c:\users\tanner\appdata\local\programs\python\python37\python.exe
2022-10-21 10:57:14,602 : INFO : Machine : Python version: 3.7.8 (64-bit)
2022-10-21 10:57:14,604 : INFO : Machine : Initialise MPF.
2022-10-21 10:57:14,896 : INFO : FAST : Connecting to com14 at 921600bps
2022-10-21 10:57:15,012 : INFO : FAST : Connected! Processor: NET, Board Type: FP-CPU-002-2, Firmware: 01.05
2022-10-21 10:57:15,012 : INFO : EventManager : Event: ======'machine_var_fast_net_firmware'====== Args={'value': '01.05', 'prev_value': None, 'change': True}
2022-10-21 10:57:15,012 : INFO : EventManager : Event: ======'machine_var_fast_net_model'====== Args={'value': 'FP-CPU-002-2', 'prev_value': None, 'change': True}
2022-10-21 10:57:17,372 : WARNING : FAST : Got unexpected message from FAST: -N:0A
2022-10-21 10:57:17,372 : WARNING : FAST : Got unexpected message from FAST: -N:0F
2022-10-21 10:57:17,372 : WARNING : FAST : Got unexpected message from FAST: -N:11
2022-10-21 10:57:17,372 : WARNING : FAST : Got unexpected message from FAST: -N:33
2022-10-21 10:57:17,372 : WARNING : FAST : Got unexpected message from FAST: -N:34
2022-10-21 10:57:17,372 : WARNING : FAST : Got unexpected message from FAST: -N:38
2022-10-21 10:57:17,372 : WARNING : FAST : Got unexpected message from FAST: -N:3D
2022-10-21 10:57:17,372 : WARNING : FAST : Got unexpected message from FAST: -N:40
2022-10-21 10:57:17,372 : WARNING : FAST : Got unexpected message from FAST: -N:41
2022-10-21 10:57:17,372 : WARNING : FAST : Got unexpected message from FAST: -N:42
2022-10-21 10:57:17,372 : WARNING : FAST : Got unexpected message from FAST: -N:43
2022-10-21 10:57:17,372 : WARNING : FAST : Got unexpected message from FAST: -N:48
2022-10-21 10:57:17,372 : WARNING : FAST : Got unexpected message from FAST: -N:5D
2022-10-21 10:57:17,484 : INFO : FAST : Connecting to com15 at 921600bps
2022-10-21 10:57:17,596 : INFO : FAST : Connected! Processor: RGB, Board Type: FP-CPU-002-2, Firmware: 00.87
2022-10-21 10:57:17,596 : INFO : EventManager : Event: ======'machine_var_fast_rgb_firmware'====== Args={'value': '00.87', 'prev_value': None, 'change': True}
2022-10-21 10:57:17,596 : INFO : EventManager : Event: ======'machine_var_fast_rgb_model'====== Args={'value': 'FP-CPU-002-2', 'prev_value': None, 'change': True}
2022-10-21 10:57:17,597 : INFO : EventManager : Event: ======'machine_var_credits_string'====== Args={'value': 'FREE PLAY', 'prev_value': None, 'change': True}
2022-10-21 10:57:17,639 : INFO : EventManager : Event: ======'machine_var_master_volume'====== Args={'value': 0.5, 'prev_value': None, 'change': True}
2022-10-21 10:57:17,639 : INFO : EventManager : Event: ======'machine_var_player1_score'====== Args={'value': 510, 'prev_value': None, 'change': True}
2022-10-21 10:57:17,640 : INFO : EventManager : Event: ======'machine_var_mpf_version'====== Args={'value': 'MPF v0.55.0', 'prev_value': None, 'change': True}
2022-10-21 10:57:17,640 : INFO : EventManager : Event: ======'machine_var_mpf_extended_version'====== Args={'value': 'MPF v0.55.0, Config version:5, Show version: 5, BCP version:1.1', 'prev_value': None, 'change': True}
2022-10-21 10:57:17,640 : INFO : EventManager : Event: ======'machine_var_python_version'====== Args={'value': '3.7.8', 'prev_value': None, 'change': True}
2022-10-21 10:57:17,640 : INFO : EventManager : Event: ======'machine_var_platform'====== Args={'value': 'Windows-10-10.0.19041-SP0', 'prev_value': None, 'change': True}
2022-10-21 10:57:17,640 : INFO : EventManager : Event: ======'machine_var_platform_system'====== Args={'value': 'Windows', 'prev_value': None, 'change': True}
2022-10-21 10:57:17,640 : INFO : EventManager : Event: ======'machine_var_platform_release'====== Args={'value': '10', 'prev_value': None, 'change': True}
2022-10-21 10:57:17,640 : INFO : EventManager : Event: ======'machine_var_platform_version'====== Args={'value': '10.0.19041', 'prev_value': None, 'change': True}
2022-10-21 10:57:17,640 : INFO : EventManager : Event: ======'machine_var_platform_machine'====== Args={'value': 'AMD64', 'prev_value': None, 'change': True}
2022-10-21 10:57:17,640 : INFO : EventManager : Event: ======'init_phase_1'====== Args={}
2022-10-21 10:57:17,680 : INFO : EventManager : Event: ======'drop_target_bank_right_up'====== Args={}
2022-10-21 10:57:17,688 : INFO : EventManager : Event: ======'drop_target_bank_single_main_up'====== Args={}
2022-10-21 10:57:17,688 : INFO : EventManager : Event: ======'drop_target_bank_single_upper_up'====== Args={}
2022-10-21 10:57:17,688 : INFO : EventManager : Event: ======'drop_target_bank_mid_up'====== Args={}
2022-10-21 10:57:17,699 : INFO : EventManager : Event: ======'init_phase_2'====== Args={}
2022-10-21 10:57:17,699 : INFO : SwitchController : Found active switch: (('0A', 1), <Platform.FAST>) <switch.s_drop_upper>
2022-10-21 10:57:17,699 : INFO : SwitchController : Found active switch: (('44', 1), <Platform.FAST>) <switch.s_trough_2>
2022-10-21 10:57:17,699 : INFO : SwitchController : Found active switch: (('49', 1), <Platform.FAST>) <switch.s_trough_jam>
2022-10-21 10:57:17,699 : INFO : SwitchController : Found active switch: (('3B', 1), <Platform.FAST>) <switch.s_eos_left>
2022-10-21 10:57:17,706 : INFO : EventManager : Event: ======'bcp_connection_attempt'====== Args={'name': 'local_display', 'host': 'localhost', 'port': 5050}
2022-10-21 10:57:17,707 : INFO : BCPClientSocket : Connecting BCP to 'local_display' at localhost:5050...
2022-10-21 10:57:18,681 : WARNING : FAST : Port com14 was blocked for more than 1s. Reseting send queue! If this happens frequently report a bug!
2022-10-21 10:57:18,713 : WARNING : FAST : Port com15 was blocked for more than 1s. Reseting send queue! If this happens frequently report a bug!
2022-10-21 10:57:19,671 : WARNING : FAST : Port com14 was blocked for more than 1s. Reseting send queue! If this happens frequently report a bug!
2022-10-21 10:57:19,751 : INFO : BCPClientSocket : Connected BCP to 'local_display' localhost:5050
2022-10-21 10:57:19,752 : INFO : EventManager : Event: ======'bcp_clients_connected'====== Args={}
2022-10-21 10:57:19,759 : INFO : ball_device.bd_trough : BCH: Initial count: 2
2022-10-21 10:57:19,760 : INFO : EventManager : Event: ======'machine_var_mc_version'====== Args={'value': 'MPF-MC v0.55.0', 'prev_value': None, 'change': True}
2022-10-21 10:57:19,760 : INFO : EventManager : Event: ======'machine_var_mc_extended_version'====== Args={'value': 'MPF-MC v0.55.0 (config_version=5, BCP v1.1, Requires MPF v0.55.0-dev.49)', 'prev_value': None, 'change': True}
2022-10-21 10:57:19,762 : INFO : ball_device.bd_trough : State: idle
2022-10-21 10:57:19,783 : INFO : ball_device.bd_plunger : BCH: Initial count: 0
2022-10-21 10:57:19,783 : INFO : ball_device.bd_plunger : State: idle
2022-10-21 10:57:19,784 : INFO : ball_device.bd_top_vuk : BCH: Initial count: 0
2022-10-21 10:57:19,784 : INFO : ball_device.bd_top_vuk : State: idle
2022-10-21 10:57:19,785 : INFO : ball_device.bd_right_vuk : BCH: Initial count: 0
2022-10-21 10:57:19,785 : INFO : ball_device.bd_right_vuk : State: idle
2022-10-21 10:57:19,786 : INFO : ball_device.bd_bot_vuk : BCH: Initial count: 0
2022-10-21 10:57:19,786 : INFO : ball_device.bd_bot_vuk : State: idle
2022-10-21 10:57:19,847 : INFO : EventManager : Event: ======'init_phase_3'====== Args={}
2022-10-21 10:57:20,434 : INFO : EventManager : Event: ======'init_phase_4'====== Args={}
2022-10-21 10:57:20,434 : INFO : EventManager : Event: ======'playfield_active'====== Args={}
2022-10-21 10:57:20,435 : INFO : EventManager : Event: ======'unexpected_ball_on_playfield'====== Args={}
2022-10-21 10:57:20,435 : INFO : EventManager : Event: ======'playfield_active'====== Args={}
2022-10-21 10:57:20,435 : INFO : EventManager : Event: ======'unexpected_ball_on_playfield'====== Args={}
2022-10-21 10:57:20,435 : INFO : EventManager : Event: ======'drop_target_d_drop_upper_down'====== Args={'device': <drop_target.d_drop_upper>}
2022-10-21 10:57:20,435 : INFO : EventManager : Event: ======'drop_target_bank_single_upper_down'====== Args={}
2022-10-21 10:57:20,435 : INFO : EventManager : Event: ======'playfield_active'====== Args={}
2022-10-21 10:57:20,435 : INFO : EventManager : Event: ======'unexpected_ball_on_playfield'====== Args={}
2022-10-21 10:57:20,435 : INFO : EventManager : Event: ======'playfield_active'====== Args={}
2022-10-21 10:57:20,435 : INFO : EventManager : Event: ======'unexpected_ball_on_playfield'====== Args={}
2022-10-21 10:57:20,435 : INFO : EventManager : Event: ======'playfield_active'====== Args={}
2022-10-21 10:57:20,435 : INFO : EventManager : Event: ======'unexpected_ball_on_playfield'====== Args={}
2022-10-21 10:57:20,435 : INFO : EventManager : Event: ======'playfield_active'====== Args={}
2022-10-21 10:57:20,435 : INFO : EventManager : Event: ======'unexpected_ball_on_playfield'====== Args={}
2022-10-21 10:57:20,435 : INFO : EventManager : Event: ======'playfield_active'====== Args={}
2022-10-21 10:57:20,435 : INFO : EventManager : Event: ======'unexpected_ball_on_playfield'====== Args={}
2022-10-21 10:57:20,436 : INFO : BallController : Initial balls found: 2
2022-10-21 10:57:20,437 : INFO : EventManager : Event: ======'machine_var_audits_events_game_ended'====== Args={'value': 0, 'prev_value': None, 'change': True}
2022-10-21 10:57:20,438 : INFO : EventManager : Event: ======'machine_var_audits_events_game_started'====== Args={'value': 0, 'prev_value': None, 'change': True}
2022-10-21 10:57:20,438 : INFO : EventManager : Event: ======'machine_var_audits_player_score'====== Args={'value': {'average': 7876.153846153844, 'top': [25700, 18620, 17680, 14760, 11850, 11660, 10540, 10140, 10000, 9260], 'total': 26}, 'prev_value': None, 'change': True}
2022-10-21 10:57:20,438 : INFO : EventManager : Event: ======'machine_var_audits_shots_left_inlane'====== Args={'value': 21, 'prev_value': None, 'change': True}
2022-10-21 10:57:20,439 : INFO : EventManager : Event: ======'machine_var_audits_shots_left_outlane'====== Args={'value': 5, 'prev_value': None, 'change': True}
2022-10-21 10:57:20,439 : INFO : EventManager : Event: ======'machine_var_audits_shots_left_pop'====== Args={'value': 97, 'prev_value': None, 'change': True}
2022-10-21 10:57:20,439 : INFO : EventManager : Event: ======'machine_var_audits_shots_left_return'====== Args={'value': 10, 'prev_value': None, 'change': True}
2022-10-21 10:57:20,439 : INFO : EventManager : Event: ======'machine_var_audits_shots_lower_pop'====== Args={'value': 120, 'prev_value': None, 'change': True}
2022-10-21 10:57:20,440 : INFO : EventManager : Event: ======'machine_var_audits_shots_r_left_inlane'====== Args={'value': 4, 'prev_value': None, 'change': True}
2022-10-21 10:57:20,440 : INFO : EventManager : Event: ======'machine_var_audits_shots_r_left_outlane'====== Args={'value': 2, 'prev_value': None, 'change': True}
2022-10-21 10:57:20,440 : INFO : EventManager : Event: ======'machine_var_audits_shots_r_right_inlane'====== Args={'value': 32, 'prev_value': None, 'change': True}
2022-10-21 10:57:20,441 : INFO : EventManager : Event: ======'machine_var_audits_shots_r_right_outlane'====== Args={'value': 18, 'prev_value': None, 'change': True}
2022-10-21 10:57:20,441 : INFO : EventManager : Event: ======'machine_var_audits_shots_right_inlane'====== Args={'value': 32, 'prev_value': None, 'change': True}
2022-10-21 10:57:20,441 : INFO : EventManager : Event: ======'machine_var_audits_shots_right_outlane'====== Args={'value': 144, 'prev_value': None, 'change': True}
2022-10-21 10:57:20,441 : INFO : EventManager : Event: ======'machine_var_audits_shots_right_pop'====== Args={'value': 96, 'prev_value': None, 'change': True}
2022-10-21 10:57:20,442 : INFO : EventManager : Event: ======'machine_var_audits_shots_scoop'====== Args={'value': 103, 'prev_value': None, 'change': True}
2022-10-21 10:57:20,442 : INFO : EventManager : Event: ======'machine_var_audits_shots_single_drop_shot'====== Args={'value': 14, 'prev_value': None, 'change': True}
2022-10-21 10:57:20,442 : INFO : EventManager : Event: ======'machine_var_audits_switches_s_autolauncher'====== Args={'value': 226, 'prev_value': None, 'change': True}
2022-10-21 10:57:20,442 : INFO : EventManager : Event: ======'machine_var_audits_switches_s_back_pop'====== Args={'value': 15, 'prev_value': None, 'change': True}
2022-10-21 10:57:20,443 : INFO : EventManager : Event: ======'machine_var_audits_switches_s_back_rollover'====== Args={'value': 0, 'prev_value': None, 'change': True}
2022-10-21 10:57:20,443 : INFO : EventManager : Event: ======'machine_var_audits_switches_s_back_stationary'====== Args={'value': 3, 'prev_value': None, 'change': True}
2022-10-21 10:57:20,443 : INFO : EventManager : Event: ======'machine_var_audits_switches_s_bot_back'====== Args={'value': 1, 'prev_value': None, 'change': True}
2022-10-21 10:57:20,443 : INFO : EventManager : Event: ======'machine_var_audits_switches_s_bot_big'====== Args={'value': 5, 'prev_value': None, 'change': True}
2022-10-21 10:57:20,444 : INFO : EventManager : Event: ======'machine_var_audits_switches_s_bot_left'====== Args={'value': 0, 'prev_value': None, 'change': True}
2022-10-21 10:57:20,444 : INFO : EventManager : Event: ======'machine_var_audits_switches_s_bot_right'====== Args={'value': 1, 'prev_value': None, 'change': True}
2022-10-21 10:57:20,444 : INFO : EventManager : Event: ======'machine_var_audits_switches_s_bot_rollover'====== Args={'value': 1, 'prev_value': None, 'change': True}
2022-10-21 10:57:20,445 : INFO : EventManager : Event: ======'machine_var_audits_switches_s_bot_vuk'====== Args={'value': 34, 'prev_value': None, 'change': True}
2022-10-21 10:57:20,445 : INFO : EventManager : Event: ======'machine_var_audits_switches_s_drop_mid_left'====== Args={'value': 120, 'prev_value': None, 'change': True}
2022-10-21 10:57:20,445 : INFO : EventManager : Event: ======'machine_var_audits_switches_s_drop_mid_mid'====== Args={'value': 138, 'prev_value': None, 'change': True}
2022-10-21 10:57:20,445 : INFO : EventManager : Event: ======'machine_var_audits_switches_s_drop_mid_right'====== Args={'value': 48, 'prev_value': None, 'change': True}
2022-10-21 10:57:20,446 : INFO : EventManager : Event: ======'machine_var_audits_switches_s_drop_right_left'====== Args={'value': 38, 'prev_value': None, 'change': True}
2022-10-21 10:57:20,446 : INFO : EventManager : Event: ======'machine_var_audits_switches_s_drop_right_right'====== Args={'value': 71, 'prev_value': None, 'change': True}
2022-10-21 10:57:20,446 : INFO : EventManager : Event: ======'machine_var_audits_switches_s_drop_single'====== Args={'value': 55, 'prev_value': None, 'change': True}
2022-10-21 10:57:20,447 : INFO : EventManager : Event: ======'machine_var_audits_switches_s_drop_upper'====== Args={'value': 0, 'prev_value': None, 'change': True}
2022-10-21 10:57:20,447 : INFO : EventManager : Event: ======'machine_var_audits_switches_s_eos_left'====== Args={'value': 305, 'prev_value': None, 'change': True}
2022-10-21 10:57:20,447 : INFO : EventManager : Event: ======'machine_var_audits_switches_s_eos_left_top'====== Args={'value': 1535, 'prev_value': None, 'change': True}
2022-10-21 10:57:20,447 : INFO : EventManager : Event: ======'machine_var_audits_switches_s_eos_right'====== Args={'value': 1406, 'prev_value': None, 'change': True}
2022-10-21 10:57:20,448 : INFO : EventManager : Event: ======'machine_var_audits_switches_s_launch'====== Args={'value': 224, 'prev_value': None, 'change': True}
2022-10-21 10:57:20,448 : INFO : EventManager : Event: ======'machine_var_audits_switches_s_left_flipper'====== Args={'value': 1683, 'prev_value': None, 'change': True}
2022-10-21 10:57:20,448 : INFO : EventManager : Event: ======'machine_var_audits_switches_s_left_inlane'====== Args={'value': 55, 'prev_value': None, 'change': True}
2022-10-21 10:57:20,449 : INFO : EventManager : Event: ======'machine_var_audits_switches_s_left_orbit_prox'====== Args={'value': 87, 'prev_value': None, 'change': True}
2022-10-21 10:57:20,449 : INFO : EventManager : Event: ======'machine_var_audits_switches_s_left_outlane'====== Args={'value': 12, 'prev_value': None, 'change': True}
2022-10-21 10:57:20,449 : INFO : EventManager : Event: ======'machine_var_audits_switches_s_left_return'====== Args={'value': 10, 'prev_value': None, 'change': True}
2022-10-21 10:57:20,450 : INFO : EventManager : Event: ======'machine_var_audits_switches_s_pop_left'====== Args={'value': 289, 'prev_value': None, 'change': True}
2022-10-21 10:57:20,450 : INFO : EventManager : Event: ======'machine_var_audits_switches_s_pop_lower'====== Args={'value': 400, 'prev_value': None, 'change': True}
2022-10-21 10:57:20,450 : INFO : EventManager : Event: ======'machine_var_audits_switches_s_pop_right'====== Args={'value': 444, 'prev_value': None, 'change': True}
2022-10-21 10:57:20,451 : INFO : EventManager : Event: ======'machine_var_audits_switches_s_right_flipper'====== Args={'value': 1830, 'prev_value': None, 'change': True}
2022-10-21 10:57:20,451 : INFO : EventManager : Event: ======'machine_var_audits_switches_s_right_inlane'====== Args={'value': 39, 'prev_value': None, 'change': True}
2022-10-21 10:57:20,451 : INFO : EventManager : Event: ======'machine_var_audits_switches_s_right_outlane'====== Args={'value': 238, 'prev_value': None, 'change': True}
2022-10-21 10:57:20,452 : INFO : EventManager : Event: ======'machine_var_audits_switches_s_rollover_left'====== Args={'value': 96, 'prev_value': None, 'change': True}
2022-10-21 10:57:20,452 : INFO : EventManager : Event: ======'machine_var_audits_switches_s_rollover_right'====== Args={'value': 109, 'prev_value': None, 'change': True}
2022-10-21 10:57:20,452 : INFO : EventManager : Event: ======'machine_var_audits_switches_s_sling_left'====== Args={'value': 45, 'prev_value': None, 'change': True}
2022-10-21 10:57:20,453 : INFO : EventManager : Event: ======'machine_var_audits_switches_s_sling_right'====== Args={'value': 184, 'prev_value': None, 'change': True}
2022-10-21 10:57:20,453 : INFO : EventManager : Event: ======'machine_var_audits_switches_s_start'====== Args={'value': 160, 'prev_value': None, 'change': True}
2022-10-21 10:57:20,453 : INFO : EventManager : Event: ======'machine_var_audits_switches_s_tilt'====== Args={'value': 397, 'prev_value': None, 'change': True}
2022-10-21 10:57:20,454 : INFO : EventManager : Event: ======'machine_var_audits_switches_s_transfer_rollover'====== Args={'value': 3, 'prev_value': None, 'change': True}
2022-10-21 10:57:20,454 : INFO : EventManager : Event: ======'machine_var_audits_switches_s_trough_1'====== Args={'value': 229, 'prev_value': None, 'change': True}
2022-10-21 10:57:20,455 : INFO : EventManager : Event: ======'machine_var_audits_switches_s_trough_2'====== Args={'value': 352, 'prev_value': None, 'change': True}
2022-10-21 10:57:20,455 : INFO : EventManager : Event: ======'machine_var_audits_switches_s_trough_3'====== Args={'value': 226, 'prev_value': None, 'change': True}
2022-10-21 10:57:20,455 : INFO : EventManager : Event: ======'machine_var_audits_switches_s_trough_4'====== Args={'value': 210, 'prev_value': None, 'change': True}
2022-10-21 10:57:20,456 : INFO : EventManager : Event: ======'machine_var_audits_switches_s_trough_5'====== Args={'value': 212, 'prev_value': None, 'change': True}
2022-10-21 10:57:20,456 : INFO : EventManager : Event: ======'machine_var_audits_switches_s_trough_6'====== Args={'value': 287, 'prev_value': None, 'change': True}
2022-10-21 10:57:20,456 : INFO : EventManager : Event: ======'machine_var_audits_switches_s_trough_jam'====== Args={'value': 290, 'prev_value': None, 'change': True}
2022-10-21 10:57:20,457 : INFO : EventManager : Event: ======'machine_var_audits_switches_s_upper_drop'====== Args={'value': 0, 'prev_value': None, 'change': True}
2022-10-21 10:57:20,457 : INFO : EventManager : Event: ======'machine_var_audits_switches_s_upper_rollover'====== Args={'value': 27, 'prev_value': None, 'change': True}
2022-10-21 10:57:20,458 : INFO : EventManager : Event: ======'machine_var_audits_switches_s_upper_stationary'====== Args={'value': 14, 'prev_value': None, 'change': True}
2022-10-21 10:57:20,458 : INFO : EventManager : Event: ======'machine_var_audits_switches_s_vuk_back'====== Args={'value': 1, 'prev_value': None, 'change': True}
2022-10-21 10:57:20,458 : INFO : EventManager : Event: ======'machine_var_audits_switches_s_vuk_right'====== Args={'value': 106, 'prev_value': None, 'change': True}
2022-10-21 10:57:20,459 : INFO : EventManager : Event: ======'machine_var_audits_switches_s_vuk_top'====== Args={'value': 492, 'prev_value': None, 'change': True}
2022-10-21 10:57:20,460 : INFO : EventManager : Event: ======'init_phase_5'====== Args={}
2022-10-21 10:57:20,471 : INFO : EventManager : Event: ======'init_done'====== Args={}
2022-10-21 10:57:20,471 : WARNING : FAST : Port RGB received more messages than were sent! Resetting!
2022-10-21 10:57:20,472 : WARNING : FAST : Port RGB received more messages than were sent! Resetting!
2022-10-21 10:57:20,472 : WARNING : FAST : Port RGB received more messages than were sent! Resetting!
2022-10-21 10:57:20,472 : WARNING : FAST : Port RGB received more messages than were sent! Resetting!
2022-10-21 10:57:20,472 : WARNING : FAST : Port NET received more messages than were sent! Resetting!
2022-10-21 10:57:20,472 : WARNING : FAST : Port NET received more messages than were sent! Resetting!
2022-10-21 10:57:20,472 : WARNING : FAST : Port NET received more messages than were sent! Resetting!
2022-10-21 10:57:20,472 : WARNING : FAST : Port NET received more messages than were sent! Resetting!
2022-10-21 10:57:20,472 : WARNING : FAST : Port NET received more messages than were sent! Resetting!
2022-10-21 10:57:20,472 : WARNING : FAST : Port NET received more messages than were sent! Resetting!
2022-10-21 10:57:20,472 : WARNING : FAST : Port NET received more messages than were sent! Resetting!
2022-10-21 10:57:20,472 : WARNING : FAST : Port NET received more messages than were sent! Resetting!
2022-10-21 10:57:20,472 : WARNING : FAST : Port NET received more messages than were sent! Resetting!
2022-10-21 10:57:20,472 : WARNING : FAST : Port NET received more messages than were sent! Resetting!
2022-10-21 10:57:20,472 : WARNING : FAST : Port NET received more messages than were sent! Resetting!
2022-10-21 10:57:20,472 : WARNING : FAST : Port NET received more messages than were sent! Resetting!
2022-10-21 10:57:20,472 : WARNING : FAST : Port NET received more messages than were sent! Resetting!
2022-10-21 10:57:20,472 : WARNING : FAST : Port NET received more messages than were sent! Resetting!
2022-10-21 10:57:20,472 : WARNING : FAST : Port NET received more messages than were sent! Resetting!
2022-10-21 10:57:20,472 : WARNING : FAST : Port NET received more messages than were sent! Resetting!
2022-10-21 10:57:20,472 : WARNING : FAST : Port NET received more messages than were sent! Resetting!
2022-10-21 10:57:20,473 : WARNING : FAST : Port NET received more messages than were sent! Resetting!
2022-10-21 10:57:20,473 : WARNING : FAST : Port NET received more messages than were sent! Resetting!
2022-10-21 10:57:20,473 : WARNING : FAST : Port NET received more messages than were sent! Resetting!
2022-10-21 10:57:20,473 : WARNING : FAST : Port NET received more messages than were sent! Resetting!
2022-10-21 10:57:20,473 : WARNING : FAST : Port NET received more messages than were sent! Resetting!
2022-10-21 10:57:20,473 : INFO : EventManager : Event: ======'machine_reset_phase_1'====== Args={}
2022-10-21 10:57:20,481 : INFO : EventManager : Event: ======'slide_welcome_slide_removed'====== Args={'_from_bcp': True}
2022-10-21 10:57:20,483 : INFO : EventManager : Event: ======'slide_welcome_slide_created'====== Args={'_from_bcp': True}
2022-10-21 10:57:20,484 : INFO : EventManager : Event: ======'machine_reset_phase_2'====== Args={}
2022-10-21 10:57:20,484 : INFO : EventManager : Event: ======'machine_reset_phase_3'====== Args={}
2022-10-21 10:57:20,484 : INFO : EventManager : Event: ======'mode_tilt_will_start'====== Args={'queue': <QueuedEvent>}
2022-10-21 10:57:20,485 : INFO : EventManager : Event: ======'mode_tilt_starting'====== Args={'queue': <QueuedEvent>}
2022-10-21 10:57:20,485 : INFO : Mode.tilt : Started. Priority: 1000000
2022-10-21 10:57:20,485 : INFO : EventManager : Event: ======'modes_active_modes_changed'====== Args={}
2022-10-21 10:57:20,485 : INFO : EventManager : Event: ======'mode_tilt_started'====== Args={'queue': <QueuedEvent>}
2022-10-21 10:57:20,485 : INFO : EventManager : Event: ======'reset_complete'====== Args={}
2022-10-21 10:57:20,486 : INFO : EventManager : Event: ======'mode_attract_will_start'====== Args={}
2022-10-21 10:57:20,486 : INFO : EventManager : Event: ======'mode_attract_starting'====== Args={}
2022-10-21 10:57:20,486 : INFO : Mode.attract : Started. Priority: 10
2022-10-21 10:57:20,486 : INFO : EventManager : Event: ======'modes_active_modes_changed'====== Args={}
2022-10-21 10:57:20,486 : INFO : EventManager : Event: ======'mode_attract_started'====== Args={}
2022-10-21 10:57:20,487 : INFO : EventManager : Event: ======'collecting_balls_complete'====== Args={}
2022-10-21 10:57:20,487 : INFO : EventManager : Event: ======'slide_welcome_slide_active'====== Args={'_from_bcp': True}
2022-10-21 10:57:20,516 : INFO : EventManager : Event: ======'slide_press_start_created'====== Args={'_from_bcp': True}
2022-10-21 10:57:20,516 : INFO : EventManager : Event: ======'slide_press_start_active'====== Args={'_from_bcp': True}
2022-10-21 10:57:20,516 : INFO : Machine : Starting the main run loop.
2022-10-21 10:57:23,484 : INFO : EventManager : Event: ======'slide_mission_pinball_created'====== Args={'_from_bcp': True}
2022-10-21 10:57:23,485 : INFO : EventManager : Event: ======'slide_mission_pinball_active'====== Args={'_from_bcp': True}
2022-10-21 10:57:25,076 : INFO : Machine : Shutting down...
2022-10-21 10:57:25,076 : INFO : EventManager : Event: ======'shutdown'====== Args={}
2022-10-21 10:57:25,108 : WARNING : FAST : Port RGB received more messages than were sent! Resetting!
2022-10-21 10:57:25,108 : WARNING : FAST : Port NET received more messages than were sent! Resetting!
2022-10-21 10:57:25,172 : ERROR : FAST : Stop called on serial connection com14
2022-10-21 10:57:25,172 : ERROR : FAST : Stop called on serial connection com15
2022-10-21 10:57:25,422 : INFO : root : MPF run loop ended.
