2022-10-21 08:20:51,182 : kivy : Factory: 186 symbols loaded
2022-10-21 08:20:51,348 : kivy : ImageLoaderFFPy: Using ffpyplayer 4.3.2
2022-10-21 08:20:51,348 : kivy : Image: Providers: img_tex, img_dds, img_sdl2, img_pil, img_ffpyplayer 
2022-10-21 08:20:51,396 : kivy : VideoGstplayer: Using Gstreamer 1.18.0.0
2022-10-21 08:20:51,397 : kivy : Video: Provider: gstplayer
2022-10-21 08:20:51,652 : kivy : Loading MPF-MC controller
2022-10-21 08:20:51,655 : YamlMultifileConfigLoader : Machine config file #1: config
2022-10-21 08:20:51,656 : ConfigProcessor : Config file in cache changed: c:\trashland_2\config\config
2022-10-21 08:20:51,656 : ConfigProcessor : Loading config from file c:\users\tanner\appdata\local\programs\python\python37\lib\site-packages\mpfmc\mcconfig.yaml.
2022-10-21 08:20:51,702 : ConfigProcessor : Loading config: c:\users\tanner\appdata\local\programs\python\python37\lib\site-packages\mpfmc\mcconfig.yaml
2022-10-21 08:20:51,703 : ConfigProcessor : Loading config from file c:\trashland_2\config\config.
2022-10-21 08:20:51,833 : ConfigProcessor : Loading config: c:\trashland_2\config\config
2022-10-21 08:20:51,836 : ConfigProcessor : Config file cache created: C:\Users\Tanner\AppData\Local\Temp\af2f9975217aa24f0c3c7583f835539f.mpf_cache
2022-10-21 08:20:51,837 : ConfigProcessor : Loading config from cache: C:\Users\Tanner\AppData\Local\Temp\9cf7ccc27b21f4d6162237fadfc53e5a.mpf_cache
2022-10-21 08:20:51,838 : ConfigProcessor : Loading config from cache: C:\Users\Tanner\AppData\Local\Temp\c215df352878fee5d54f1a5ec5b16e7c.mpf_cache
2022-10-21 08:20:51,839 : ConfigProcessor : Loading config from cache: C:\Users\Tanner\AppData\Local\Temp\708062243e0edcfa77dd6b1521bd0d4e.mpf_cache
2022-10-21 08:20:51,839 : ConfigProcessor : Loading config from cache: C:\Users\Tanner\AppData\Local\Temp\c4174472f67f7b070dd6fb437c6feb0c.mpf_cache
2022-10-21 08:20:51,840 : mpfmc : Mission Pinball Framework Media Controller v0.55.0
2022-10-21 08:20:51,840 : mpfmc : Mission Pinball Framework Game Engine v0.55.0
2022-10-21 08:20:51,840 : mpfmc : Machine path: c:\trashland_2
2022-10-21 08:20:51,840 : mpfmc : Starting clock at 60.0Hz
2022-10-21 08:20:51,857 : kivy : Text: Provider: sdl2
2022-10-21 08:20:51,907 : kivy : Window: Provider: sdl2
2022-10-21 08:20:52,672 : kivy : GL: Using the "OpenGL" graphics system
2022-10-21 08:20:52,678 : kivy : GL: GLEW initialization succeeded
2022-10-21 08:20:52,678 : kivy : GL: Backend used <glew>
2022-10-21 08:20:52,679 : kivy : GL: OpenGL version <b'4.6.0 NVIDIA 512.15'>
2022-10-21 08:20:52,679 : kivy : GL: OpenGL vendor <b'NVIDIA Corporation'>
2022-10-21 08:20:52,679 : kivy : GL: OpenGL renderer <b'NVIDIA GeForce GTX 1060 3GB/PCIe/SSE2'>
2022-10-21 08:20:52,679 : kivy : GL: OpenGL parsed version: 4, 6
2022-10-21 08:20:52,679 : kivy : GL: Shading version <b'4.60 NVIDIA'>
2022-10-21 08:20:52,679 : kivy : GL: Texture max size <32768>
2022-10-21 08:20:52,679 : kivy : GL: Texture max units <32>
2022-10-21 08:20:52,737 : kivy : Window: auto add sdl2 input provider
2022-10-21 08:20:52,737 : kivy : Window: virtual keyboard not allowed, single mode, not docked
2022-10-21 08:20:52,748 : SoundSystem : SoundSystem: Using default 'sound_system' settings
2022-10-21 08:20:53,064 : AudioInterface : Initialized
2022-10-21 08:20:53,065 : AudioInterface : Loaded SDL 2.0.12
2022-10-21 08:20:53,065 : AudioInterface : Loaded SDL_Mixer 2.0.4
2022-10-21 08:20:53,065 : AudioInterface : Loaded GStreamer 1.18.0.0
2022-10-21 08:20:53,065 : AudioInterface : Loaded GLib 2.62.6
2022-10-21 08:20:53,065 : AudioInterface : Settings requested - rate: 44100, channels: 1, buffer: 2048 samples
2022-10-21 08:20:53,065 : AudioInterface : Settings in use - rate: 44100, channels: 1, buffer: 2048 samples (4096 bytes @ 2 bytes per sample)
2022-10-21 08:20:53,065 : SoundSystem : No audio tracks are specified in your machine config file. a track named 'default' has been created.
2022-10-21 08:20:53,065 : SoundSystem : Setting master volume to 0.0
2022-10-21 08:20:53,065 : SoundSystem : master_volume in sound_system is deprecated and will be removed in the future.
2022-10-21 08:20:53,066 : AudioInterface : Enabling audio playback
2022-10-21 08:20:53,068 : kivy : Base: Start application main loop
2022-10-21 08:20:53,069 : EventManager : Event: ======'display_window_initialized'====== Args={}
2022-10-21 08:20:53,083 : mpfmc : Display: Setting 'window' as default display
2022-10-21 08:20:53,089 : EventManager : Event: ======'displays_initialized'====== Args={}
2022-10-21 08:20:53,090 : EventManager : Event: ======'slide_window_blank_created'====== Args={}
2022-10-21 08:20:53,090 : EventManager : Event: ======'display_window_ready'====== Args={}
2022-10-21 08:20:53,109 : EventManager : Event: ======'init_phase_1'====== Args={}
2022-10-21 08:20:53,114 : EventManager : Event: ======'mc_ready'====== Args={}
2022-10-21 08:20:53,114 : EventManager : Event: ======'init_phase_2'====== Args={}
2022-10-21 08:20:53,119 : EventManager : Event: ======'init_phase_3'====== Args={}
2022-10-21 08:20:53,121 : EventManager : Event: ======'init_phase_4'====== Args={}
2022-10-21 08:20:53,121 : EventManager : Event: ======'init_phase_5'====== Args={}
2022-10-21 08:20:53,121 : EventManager : Event: ======'init_done'====== Args={}
2022-10-21 08:20:53,122 : MPF-MC BCP Server : Starting up on localhost port 5050
2022-10-21 08:20:53,127 : MPF-MC BCP Server : Waiting for a connection...
2022-10-21 08:20:53,127 : mpfmc : SlidePlayer: Play called with settings={'slides': {welcome_slide-None-None: {'priority': None, 'target': None, 'background_color': [0.0, 0.0, 0.0, 1.0], 'show': True, 'force': False, 'expire': None, 'slide': None, 'tokens': {}, 'action': 'play', 'transition': None, 'transition_out': None}}}
2022-10-21 08:20:53,172 : kivy : GL: NPOT texture support is available
2022-10-21 08:20:53,173 : EventManager : Event: ======'slide_welcome_slide_created'====== Args={}
2022-10-21 08:20:53,175 : EventManager : Event: ======'slide_welcome_slide_active'====== Args={}
2022-10-21 08:20:53,178 : EventManager : Event: ======'client_disconnected'====== Args={'host': '127.0.0.1', 'port': 5050}
2022-10-21 08:22:09,383 : kivy : Base: Leaving application in progress...
