2022-10-06 15:17:40,552 : INFO : root : Loading config.
2022-10-06 15:17:40,556 : INFO : YamlMultifileConfigLoader : Machine config file #1: config.yaml
2022-10-06 15:17:40,557 : INFO : ConfigProcessor : Loading config from cache: C:\Users\Tanner\AppData\Local\Temp\a6762098cb994b55cb03a478b26022ee.mpf_cache
2022-10-06 15:17:40,626 : INFO : ConfigProcessor : Loading config from cache: C:\Users\Tanner\AppData\Local\Temp\9cf7ccc27b21f4d6162237fadfc53e5a.mpf_cache
2022-10-06 15:17:40,627 : INFO : ConfigProcessor : Loading config from cache: C:\Users\Tanner\AppData\Local\Temp\c215df352878fee5d54f1a5ec5b16e7c.mpf_cache
2022-10-06 15:17:40,627 : INFO : ConfigProcessor : Loading config from cache: C:\Users\Tanner\AppData\Local\Temp\708062243e0edcfa77dd6b1521bd0d4e.mpf_cache
2022-10-06 15:17:40,628 : INFO : ConfigProcessor : Loading config from cache: C:\Users\Tanner\AppData\Local\Temp\c4174472f67f7b070dd6fb437c6feb0c.mpf_cache
2022-10-06 15:17:40,629 : INFO : ConfigProcessor : Loading config from cache: C:\Users\Tanner\AppData\Local\Temp\abaa92c43d134e3392cbb2346e6a16be.mpf_cache
2022-10-06 15:17:40,629 : INFO : ConfigProcessor : Loading config from cache: C:\Users\Tanner\AppData\Local\Temp\fc46d53fcb9fe6b8abf783d9c813390a.mpf_cache
2022-10-06 15:17:40,630 : INFO : Machine : Mission Pinball Framework Core Engine v0.55.0
2022-10-06 15:17:40,630 : INFO : Machine : Command line arguments: {'no_load_cache': False, 'create_config_cache': True, 'bcp': False, 'configfile': ['config.yaml'], 'force_assets_load': False, 'jsonlogging': False, 'logfile': 'logs\\2022-10-06-15-17-40-mpf-DESKTOP-7HNFDQ5.log', 'pause': False, 'production': False, 'text_ui': True, 'loglevel': 15, 'consoleloglevel': 20, 'force_platform': None, 'syslog_address': None, 'mc_file_name': None, 'no_sound': False}
2022-10-06 15:17:40,630 : INFO : Machine : MPF path: c:\users\tanner\appdata\local\programs\python\python37\lib\site-packages\mpf
2022-10-06 15:17:40,630 : INFO : Machine : Machine path: c:\trashland_2
2022-10-06 15:17:40,630 : INFO : Machine : Platform: win32
2022-10-06 15:17:40,631 : INFO : Machine : Python executable location: c:\users\tanner\appdata\local\programs\python\python37\python.exe
2022-10-06 15:17:40,631 : INFO : Machine : Python version: 3.7.8 (64-bit)
2022-10-06 15:17:40,632 : INFO : Machine : Initialise MPF.
2022-10-06 15:17:40,898 : INFO : FAST : Connecting to com9 at 921600bps
2022-10-06 15:17:40,936 : INFO : FAST : Connected! Processor: NET, Board Type: FP-CPU-002-2, Firmware: 01.05
2022-10-06 15:17:40,936 : INFO : EventManager : Event: ======'machine_var_fast_net_firmware'====== Args={'value': '01.05', 'prev_value': None, 'change': True}
2022-10-06 15:17:40,936 : INFO : EventManager : Event: ======'machine_var_fast_net_model'====== Args={'value': 'FP-CPU-002-2', 'prev_value': None, 'change': True}
2022-10-06 15:17:43,294 : WARNING : FAST : Got unexpected message from FAST: -N:30
2022-10-06 15:17:43,294 : WARNING : FAST : Got unexpected message from FAST: -N:38
2022-10-06 15:17:43,294 : WARNING : FAST : Got unexpected message from FAST: -N:40
2022-10-06 15:17:43,294 : WARNING : FAST : Got unexpected message from FAST: -N:41
2022-10-06 15:17:43,294 : WARNING : FAST : Got unexpected message from FAST: -N:42
2022-10-06 15:17:43,294 : WARNING : FAST : Got unexpected message from FAST: -N:43
2022-10-06 15:17:43,294 : WARNING : FAST : Got unexpected message from FAST: -N:44
2022-10-06 15:17:43,294 : WARNING : FAST : Got unexpected message from FAST: -N:5D
2022-10-06 15:17:43,405 : INFO : FAST : Connecting to com10 at 921600bps
2022-10-06 15:17:43,437 : INFO : FAST : Connected! Processor: RGB, Board Type: FP-CPU-002-2, Firmware: 00.87
2022-10-06 15:17:43,437 : INFO : EventManager : Event: ======'machine_var_fast_rgb_firmware'====== Args={'value': '00.87', 'prev_value': None, 'change': True}
2022-10-06 15:17:43,437 : INFO : EventManager : Event: ======'machine_var_fast_rgb_model'====== Args={'value': 'FP-CPU-002-2', 'prev_value': None, 'change': True}
2022-10-06 15:17:43,438 : INFO : EventManager : Event: ======'machine_var_credits_string'====== Args={'value': 'FREE PLAY', 'prev_value': None, 'change': True}
2022-10-06 15:17:43,482 : INFO : EventManager : Event: ======'machine_var_master_volume'====== Args={'value': 0.5, 'prev_value': None, 'change': True}
2022-10-06 15:17:43,482 : INFO : EventManager : Event: ======'machine_var_mpf_version'====== Args={'value': 'MPF v0.55.0', 'prev_value': None, 'change': True}
2022-10-06 15:17:43,482 : INFO : EventManager : Event: ======'machine_var_mpf_extended_version'====== Args={'value': 'MPF v0.55.0, Config version:5, Show version: 5, BCP version:1.1', 'prev_value': None, 'change': True}
2022-10-06 15:17:43,483 : INFO : EventManager : Event: ======'machine_var_python_version'====== Args={'value': '3.7.8', 'prev_value': None, 'change': True}
2022-10-06 15:17:43,483 : INFO : EventManager : Event: ======'machine_var_platform'====== Args={'value': 'Windows-10-10.0.19041-SP0', 'prev_value': None, 'change': True}
2022-10-06 15:17:43,483 : INFO : EventManager : Event: ======'machine_var_platform_system'====== Args={'value': 'Windows', 'prev_value': None, 'change': True}
2022-10-06 15:17:43,483 : INFO : EventManager : Event: ======'machine_var_platform_release'====== Args={'value': '10', 'prev_value': None, 'change': True}
2022-10-06 15:17:43,483 : INFO : EventManager : Event: ======'machine_var_platform_version'====== Args={'value': '10.0.19041', 'prev_value': None, 'change': True}
2022-10-06 15:17:43,483 : INFO : EventManager : Event: ======'machine_var_platform_machine'====== Args={'value': 'AMD64', 'prev_value': None, 'change': True}
2022-10-06 15:17:43,483 : INFO : EventManager : Event: ======'init_phase_1'====== Args={}
2022-10-06 15:17:43,527 : INFO : EventManager : Event: ======'drop_target_bank_mid_up'====== Args={}
2022-10-06 15:17:43,528 : INFO : EventManager : Event: ======'drop_target_bank_right_up'====== Args={}
2022-10-06 15:17:43,538 : INFO : EventManager : Event: ======'init_phase_2'====== Args={}
2022-10-06 15:17:43,539 : INFO : SwitchController : Found active switch: (('30', 1), <Platform.FAST>) <switch.s_drop_right_right>
2022-10-06 15:17:43,539 : INFO : SwitchController : Found active switch: (('34', 1), <Platform.FAST>) <switch.s_vuk_top>
2022-10-06 15:17:43,539 : INFO : SwitchController : Found active switch: (('33', 1), <Platform.FAST>) <switch.s_vuk_right>
2022-10-06 15:17:43,539 : INFO : SwitchController : Found active switch: (('48', 1), <Platform.FAST>) <switch.s_trough_1>
2022-10-06 15:17:43,539 : INFO : SwitchController : Found active switch: (('49', 1), <Platform.FAST>) <switch.s_trough_jam>
2022-10-06 15:17:43,539 : INFO : SwitchController : Found active switch: (('3C', 1), <Platform.FAST>) <switch.s_eos_right>
2022-10-06 15:17:43,539 : INFO : SwitchController : Found active switch: (('3B', 1), <Platform.FAST>) <switch.s_eos_left>
2022-10-06 15:17:43,546 : INFO : ball_device.bd_trough : BCH: Initial count: 2
2022-10-06 15:17:43,547 : INFO : ball_device.bd_trough : State: idle
2022-10-06 15:17:43,548 : INFO : ball_device.bd_plunger : BCH: Initial count: 0
2022-10-06 15:17:43,548 : INFO : ball_device.bd_plunger : State: idle
2022-10-06 15:17:43,549 : INFO : ball_device.bd_top_vuk : BCH: Initial count: 1
2022-10-06 15:17:43,549 : INFO : ball_device.bd_top_vuk : State: idle
2022-10-06 15:17:43,550 : INFO : ball_device.bd_right_vuk : BCH: Initial count: 1
2022-10-06 15:17:43,550 : INFO : ball_device.bd_right_vuk : State: idle
2022-10-06 15:17:43,550 : INFO : ball_device.bd_bot_vuk : BCH: Initial count: 0
2022-10-06 15:17:43,551 : INFO : ball_device.bd_bot_vuk : State: idle
2022-10-06 15:17:43,589 : INFO : EventManager : Event: ======'init_phase_3'====== Args={}
2022-10-06 15:17:43,624 : INFO : EventManager : Event: ======'init_phase_4'====== Args={}
2022-10-06 15:17:43,625 : INFO : EventManager : Event: ======'playfield_active'====== Args={}
2022-10-06 15:17:43,625 : INFO : EventManager : Event: ======'unexpected_ball_on_playfield'====== Args={}
2022-10-06 15:17:43,625 : INFO : EventManager : Event: ======'playfield_active'====== Args={}
2022-10-06 15:17:43,625 : INFO : EventManager : Event: ======'unexpected_ball_on_playfield'====== Args={}
2022-10-06 15:17:43,625 : INFO : EventManager : Event: ======'playfield_active'====== Args={}
2022-10-06 15:17:43,625 : INFO : EventManager : Event: ======'unexpected_ball_on_playfield'====== Args={}
2022-10-06 15:17:43,625 : INFO : EventManager : Event: ======'playfield_active'====== Args={}
2022-10-06 15:17:43,625 : INFO : EventManager : Event: ======'unexpected_ball_on_playfield'====== Args={}
2022-10-06 15:17:43,625 : INFO : EventManager : Event: ======'playfield_active'====== Args={}
2022-10-06 15:17:43,625 : INFO : EventManager : Event: ======'unexpected_ball_on_playfield'====== Args={}
2022-10-06 15:17:43,625 : INFO : EventManager : Event: ======'drop_target_right_right_down'====== Args={'device': <drop_target.right_right>}
2022-10-06 15:17:43,625 : INFO : EventManager : Event: ======'drop_target_bank_right_mixed'====== Args={'prev_value': <DropTargetBankState.UP: 'up'>, 'down': 1}
2022-10-06 15:17:43,625 : INFO : EventManager : Event: ======'playfield_active'====== Args={}
2022-10-06 15:17:43,625 : INFO : EventManager : Event: ======'unexpected_ball_on_playfield'====== Args={}
2022-10-06 15:17:43,626 : INFO : BallController : Initial balls found: 4
2022-10-06 15:17:43,628 : INFO : EventManager : Event: ======'machine_var_audits_events_game_ended'====== Args={'value': 0, 'prev_value': None, 'change': True}
2022-10-06 15:17:43,628 : INFO : EventManager : Event: ======'machine_var_audits_events_game_started'====== Args={'value': 0, 'prev_value': None, 'change': True}
2022-10-06 15:17:43,628 : INFO : EventManager : Event: ======'machine_var_audits_player_score'====== Args={'value': {'average': 0, 'top': [], 'total': 0}, 'prev_value': None, 'change': True}
2022-10-06 15:17:43,628 : INFO : EventManager : Event: ======'machine_var_audits_switches_s_autolauncher'====== Args={'value': 82, 'prev_value': None, 'change': True}
2022-10-06 15:17:43,628 : INFO : EventManager : Event: ======'machine_var_audits_switches_s_back_pop'====== Args={'value': 0, 'prev_value': None, 'change': True}
2022-10-06 15:17:43,629 : INFO : EventManager : Event: ======'machine_var_audits_switches_s_back_rollover'====== Args={'value': 0, 'prev_value': None, 'change': True}
2022-10-06 15:17:43,629 : INFO : EventManager : Event: ======'machine_var_audits_switches_s_back_stationary'====== Args={'value': 0, 'prev_value': None, 'change': True}
2022-10-06 15:17:43,629 : INFO : EventManager : Event: ======'machine_var_audits_switches_s_bot_back'====== Args={'value': 0, 'prev_value': None, 'change': True}
2022-10-06 15:17:43,629 : INFO : EventManager : Event: ======'machine_var_audits_switches_s_bot_big'====== Args={'value': 1, 'prev_value': None, 'change': True}
2022-10-06 15:17:43,629 : INFO : EventManager : Event: ======'machine_var_audits_switches_s_bot_left'====== Args={'value': 0, 'prev_value': None, 'change': True}
2022-10-06 15:17:43,629 : INFO : EventManager : Event: ======'machine_var_audits_switches_s_bot_right'====== Args={'value': 0, 'prev_value': None, 'change': True}
2022-10-06 15:17:43,629 : INFO : EventManager : Event: ======'machine_var_audits_switches_s_bot_rollover'====== Args={'value': 0, 'prev_value': None, 'change': True}
2022-10-06 15:17:43,629 : INFO : EventManager : Event: ======'machine_var_audits_switches_s_bot_vuk'====== Args={'value': 0, 'prev_value': None, 'change': True}
2022-10-06 15:17:43,630 : INFO : EventManager : Event: ======'machine_var_audits_switches_s_drop_mid_left'====== Args={'value': 74, 'prev_value': None, 'change': True}
2022-10-06 15:17:43,630 : INFO : EventManager : Event: ======'machine_var_audits_switches_s_drop_mid_mid'====== Args={'value': 83, 'prev_value': None, 'change': True}
2022-10-06 15:17:43,630 : INFO : EventManager : Event: ======'machine_var_audits_switches_s_drop_mid_right'====== Args={'value': 5, 'prev_value': None, 'change': True}
2022-10-06 15:17:43,630 : INFO : EventManager : Event: ======'machine_var_audits_switches_s_drop_right_left'====== Args={'value': 24, 'prev_value': None, 'change': True}
2022-10-06 15:17:43,630 : INFO : EventManager : Event: ======'machine_var_audits_switches_s_drop_right_right'====== Args={'value': 61, 'prev_value': None, 'change': True}
2022-10-06 15:17:43,630 : INFO : EventManager : Event: ======'machine_var_audits_switches_s_drop_single'====== Args={'value': 41, 'prev_value': None, 'change': True}
2022-10-06 15:17:43,631 : INFO : EventManager : Event: ======'machine_var_audits_switches_s_eos_left'====== Args={'value': 71, 'prev_value': None, 'change': True}
2022-10-06 15:17:43,631 : INFO : EventManager : Event: ======'machine_var_audits_switches_s_eos_left_top'====== Args={'value': 847, 'prev_value': None, 'change': True}
2022-10-06 15:17:43,631 : INFO : EventManager : Event: ======'machine_var_audits_switches_s_eos_right'====== Args={'value': 96, 'prev_value': None, 'change': True}
2022-10-06 15:17:43,631 : INFO : EventManager : Event: ======'machine_var_audits_switches_s_launch'====== Args={'value': 57, 'prev_value': None, 'change': True}
2022-10-06 15:17:43,631 : INFO : EventManager : Event: ======'machine_var_audits_switches_s_left_flipper'====== Args={'value': 949, 'prev_value': None, 'change': True}
2022-10-06 15:17:43,631 : INFO : EventManager : Event: ======'machine_var_audits_switches_s_left_inlane'====== Args={'value': 24, 'prev_value': None, 'change': True}
2022-10-06 15:17:43,632 : INFO : EventManager : Event: ======'machine_var_audits_switches_s_left_outlane'====== Args={'value': 5, 'prev_value': None, 'change': True}
2022-10-06 15:17:43,632 : INFO : EventManager : Event: ======'machine_var_audits_switches_s_pop_left'====== Args={'value': 157, 'prev_value': None, 'change': True}
2022-10-06 15:17:43,632 : INFO : EventManager : Event: ======'machine_var_audits_switches_s_pop_lower'====== Args={'value': 256, 'prev_value': None, 'change': True}
2022-10-06 15:17:43,632 : INFO : EventManager : Event: ======'machine_var_audits_switches_s_pop_right'====== Args={'value': 294, 'prev_value': None, 'change': True}
2022-10-06 15:17:43,632 : INFO : EventManager : Event: ======'machine_var_audits_switches_s_right_flipper'====== Args={'value': 975, 'prev_value': None, 'change': True}
2022-10-06 15:17:43,633 : INFO : EventManager : Event: ======'machine_var_audits_switches_s_right_inlane'====== Args={'value': 0, 'prev_value': None, 'change': True}
2022-10-06 15:17:43,633 : INFO : EventManager : Event: ======'machine_var_audits_switches_s_right_outlane'====== Args={'value': 79, 'prev_value': None, 'change': True}
2022-10-06 15:17:43,633 : INFO : EventManager : Event: ======'machine_var_audits_switches_s_rollover_left'====== Args={'value': 64, 'prev_value': None, 'change': True}
2022-10-06 15:17:43,633 : INFO : EventManager : Event: ======'machine_var_audits_switches_s_rollover_right'====== Args={'value': 46, 'prev_value': None, 'change': True}
2022-10-06 15:17:43,633 : INFO : EventManager : Event: ======'machine_var_audits_switches_s_sling_left'====== Args={'value': 41, 'prev_value': None, 'change': True}
2022-10-06 15:17:43,634 : INFO : EventManager : Event: ======'machine_var_audits_switches_s_sling_right'====== Args={'value': 136, 'prev_value': None, 'change': True}
2022-10-06 15:17:43,634 : INFO : EventManager : Event: ======'machine_var_audits_switches_s_start'====== Args={'value': 152, 'prev_value': None, 'change': True}
2022-10-06 15:17:43,634 : INFO : EventManager : Event: ======'machine_var_audits_switches_s_tilt'====== Args={'value': 126, 'prev_value': None, 'change': True}
2022-10-06 15:17:43,634 : INFO : EventManager : Event: ======'machine_var_audits_switches_s_transfer_rollover'====== Args={'value': 0, 'prev_value': None, 'change': True}
2022-10-06 15:17:43,634 : INFO : EventManager : Event: ======'machine_var_audits_switches_s_trough_1'====== Args={'value': 57, 'prev_value': None, 'change': True}
2022-10-06 15:17:43,635 : INFO : EventManager : Event: ======'machine_var_audits_switches_s_trough_2'====== Args={'value': 190, 'prev_value': None, 'change': True}
2022-10-06 15:17:43,635 : INFO : EventManager : Event: ======'machine_var_audits_switches_s_trough_3'====== Args={'value': 102, 'prev_value': None, 'change': True}
2022-10-06 15:17:43,635 : INFO : EventManager : Event: ======'machine_var_audits_switches_s_trough_4'====== Args={'value': 105, 'prev_value': None, 'change': True}
2022-10-06 15:17:43,635 : INFO : EventManager : Event: ======'machine_var_audits_switches_s_trough_5'====== Args={'value': 109, 'prev_value': None, 'change': True}
2022-10-06 15:17:43,636 : INFO : EventManager : Event: ======'machine_var_audits_switches_s_trough_6'====== Args={'value': 186, 'prev_value': None, 'change': True}
2022-10-06 15:17:43,636 : INFO : EventManager : Event: ======'machine_var_audits_switches_s_trough_jam'====== Args={'value': 108, 'prev_value': None, 'change': True}
2022-10-06 15:17:43,636 : INFO : EventManager : Event: ======'machine_var_audits_switches_s_upper_drop'====== Args={'value': 0, 'prev_value': None, 'change': True}
2022-10-06 15:17:43,636 : INFO : EventManager : Event: ======'machine_var_audits_switches_s_upper_rollover'====== Args={'value': 0, 'prev_value': None, 'change': True}
2022-10-06 15:17:43,637 : INFO : EventManager : Event: ======'machine_var_audits_switches_s_upper_stationary'====== Args={'value': 0, 'prev_value': None, 'change': True}
2022-10-06 15:17:43,637 : INFO : EventManager : Event: ======'machine_var_audits_switches_s_vuk_back'====== Args={'value': 1, 'prev_value': None, 'change': True}
2022-10-06 15:17:43,637 : INFO : EventManager : Event: ======'machine_var_audits_switches_s_vuk_right'====== Args={'value': 3, 'prev_value': None, 'change': True}
2022-10-06 15:17:43,637 : INFO : EventManager : Event: ======'machine_var_audits_switches_s_vuk_top'====== Args={'value': 25, 'prev_value': None, 'change': True}
2022-10-06 15:17:43,639 : INFO : EventManager : Event: ======'init_phase_5'====== Args={}
2022-10-06 15:17:43,692 : INFO : EventManager : Event: ======'init_done'====== Args={}
2022-10-06 15:17:43,693 : INFO : EventManager : Event: ======'machine_reset_phase_1'====== Args={}
2022-10-06 15:17:43,694 : INFO : EventManager : Event: ======'machine_reset_phase_2'====== Args={}
2022-10-06 15:17:43,694 : INFO : EventManager : Event: ======'machine_reset_phase_3'====== Args={}
2022-10-06 15:17:43,695 : INFO : EventManager : Event: ======'mode_tilt_will_start'====== Args={'queue': <QueuedEvent>}
2022-10-06 15:17:43,695 : INFO : EventManager : Event: ======'mode_tilt_starting'====== Args={'queue': <QueuedEvent>}
2022-10-06 15:17:43,695 : INFO : drop_target_bank.mid : All targets are already up. Will not reset bank.
2022-10-06 15:17:43,695 : INFO : drop_target_bank.right : 1 targets are down. Will reset those.
2022-10-06 15:17:43,695 : INFO : coil.c_drop_right : Pulsing Driver for 10ms (1.0 pulse_power)
2022-10-06 15:17:43,696 : INFO : Mode.tilt : Started. Priority: 1000000
2022-10-06 15:17:43,696 : INFO : EventManager : Event: ======'modes_active_modes_changed'====== Args={}
2022-10-06 15:17:43,696 : INFO : EventManager : Event: ======'mode_tilt_started'====== Args={'queue': <QueuedEvent>}
2022-10-06 15:17:43,697 : INFO : EventManager : Event: ======'reset_complete'====== Args={}
2022-10-06 15:17:43,697 : INFO : EventManager : Event: ======'mode_attract_will_start'====== Args={}
2022-10-06 15:17:43,697 : INFO : EventManager : Event: ======'mode_attract_starting'====== Args={}
2022-10-06 15:17:43,697 : INFO : Mode.attract : Started. Priority: 10
2022-10-06 15:17:43,697 : INFO : EventManager : Event: ======'modes_active_modes_changed'====== Args={}
2022-10-06 15:17:43,697 : INFO : EventManager : Event: ======'mode_attract_started'====== Args={}
2022-10-06 15:17:43,698 : INFO : EventManager : Event: ======'collecting_balls'====== Args={}
2022-10-06 15:17:43,698 : INFO : ball_device.bd_right_vuk : Adding 1 ball(s) to the eject_queue with target <playfield.playfield>.
2022-10-06 15:17:43,698 : INFO : EventManager : Event: ======'balldevice_balls_available'====== Args={}
2022-10-06 15:17:43,698 : INFO : ball_device.bd_top_vuk : Adding 1 ball(s) to the eject_queue with target <playfield.playfield>.
2022-10-06 15:17:43,698 : INFO : EventManager : Event: ======'balldevice_balls_available'====== Args={}
2022-10-06 15:17:43,743 : INFO : coil.c_drop_right : Pulsing Driver for 10ms (1.0 pulse_power)
2022-10-06 15:17:43,752 : INFO : Machine : Starting the main run loop.
2022-10-06 15:17:43,753 : INFO : ball_device.bd_right_vuk : State: waiting_for_target_ready
2022-10-06 15:17:43,753 : INFO : EventManager : Event: ======'balldevice_bd_right_vuk_ball_eject_attempt'====== Args={'balls': 1, 'target': <playfield.playfield>, 'source': <ball_device.bd_right_vuk>, 'mechanical_eject': False, 'num_attempts': 0}
2022-10-06 15:17:43,753 : INFO : ball_device.bd_top_vuk : State: waiting_for_target_ready
2022-10-06 15:17:43,753 : INFO : EventManager : Event: ======'balldevice_bd_top_vuk_ball_eject_attempt'====== Args={'balls': 1, 'target': <playfield.playfield>, 'source': <ball_device.bd_top_vuk>, 'mechanical_eject': False, 'num_attempts': 0}
2022-10-06 15:17:43,754 : INFO : ball_device.bd_top_vuk : State: ejecting
2022-10-06 15:17:43,754 : INFO : ball_device.bd_top_vuk : Ejecting ball to <playfield.playfield>
2022-10-06 15:17:43,754 : INFO : EventManager : Event: ======'balldevice_bd_top_vuk_ejecting_ball'====== Args={'balls': 1, 'target': <playfield.playfield>, 'source': <ball_device.bd_top_vuk>, 'mechanical_eject': False, 'num_attempts': 0}
2022-10-06 15:17:43,754 : INFO : ball_device.bd_right_vuk : State: ejecting
2022-10-06 15:17:43,754 : INFO : ball_device.bd_right_vuk : Ejecting ball to <playfield.playfield>
2022-10-06 15:17:43,754 : INFO : EventManager : Event: ======'balldevice_bd_right_vuk_ejecting_ball'====== Args={'balls': 1, 'target': <playfield.playfield>, 'source': <ball_device.bd_right_vuk>, 'mechanical_eject': False, 'num_attempts': 0}
2022-10-06 15:17:43,755 : INFO : ball_device.bd_right_vuk : Wait for ball to leave device
2022-10-06 15:17:43,755 : INFO : coil.c_right_vuk : Pulsing Driver for 10ms (1.0 pulse_power)
2022-10-06 15:17:43,755 : INFO : ball_device.bd_top_vuk : Wait for ball to leave device
2022-10-06 15:17:43,770 : INFO : coil.c_top_vuk : Pulsing Driver for 10ms (1.0 pulse_power)
2022-10-06 15:17:44,192 : INFO : EventManager : Event: ======'drop_target_bank_right_mixed'====== Args={'prev_value': <DropTargetBankState.MIXED: 'mixed'>, 'down': 1}
2022-10-06 15:17:44,205 : INFO : BcpServer : New client connected.
2022-10-06 15:17:45,740 : INFO : EventManager : Event: ======'balldevice_bd_right_vuk_ball_eject_failed'====== Args={'target': <playfield.playfield>, 'balls': 1, 'retry': True, 'num_attempts': 1}
2022-10-06 15:17:45,741 : INFO : EventManager : Event: ======'balldevice_bd_top_vuk_ball_eject_failed'====== Args={'target': <playfield.playfield>, 'balls': 1, 'retry': True, 'num_attempts': 1}
2022-10-06 15:17:45,745 : INFO : ball_device.bd_right_vuk : State: waiting_for_target_ready
2022-10-06 15:17:45,745 : INFO : EventManager : Event: ======'balldevice_bd_right_vuk_ball_eject_attempt'====== Args={'balls': 1, 'target': <playfield.playfield>, 'source': <ball_device.bd_right_vuk>, 'mechanical_eject': False, 'num_attempts': 1}
2022-10-06 15:17:45,746 : INFO : ball_device.bd_top_vuk : State: waiting_for_target_ready
2022-10-06 15:17:45,746 : INFO : EventManager : Event: ======'balldevice_bd_top_vuk_ball_eject_attempt'====== Args={'balls': 1, 'target': <playfield.playfield>, 'source': <ball_device.bd_top_vuk>, 'mechanical_eject': False, 'num_attempts': 1}
2022-10-06 15:17:45,746 : INFO : ball_device.bd_top_vuk : State: ejecting
2022-10-06 15:17:45,746 : INFO : ball_device.bd_top_vuk : Ejecting ball to <playfield.playfield>
2022-10-06 15:17:45,747 : INFO : EventManager : Event: ======'balldevice_bd_top_vuk_ejecting_ball'====== Args={'balls': 1, 'target': <playfield.playfield>, 'source': <ball_device.bd_top_vuk>, 'mechanical_eject': False, 'num_attempts': 1}
2022-10-06 15:17:45,747 : INFO : ball_device.bd_right_vuk : State: ejecting
2022-10-06 15:17:45,747 : INFO : ball_device.bd_right_vuk : Ejecting ball to <playfield.playfield>
2022-10-06 15:17:45,747 : INFO : EventManager : Event: ======'balldevice_bd_right_vuk_ejecting_ball'====== Args={'balls': 1, 'target': <playfield.playfield>, 'source': <ball_device.bd_right_vuk>, 'mechanical_eject': False, 'num_attempts': 1}
2022-10-06 15:17:45,748 : INFO : ball_device.bd_right_vuk : Wait for ball to leave device
2022-10-06 15:17:45,748 : INFO : coil.c_right_vuk : Pulsing Driver for 10ms (1.0 pulse_power)
2022-10-06 15:17:45,748 : INFO : ball_device.bd_top_vuk : Wait for ball to leave device
2022-10-06 15:17:45,756 : INFO : coil.c_top_vuk : Pulsing Driver for 10ms (1.0 pulse_power)
2022-10-06 15:17:47,740 : INFO : EventManager : Event: ======'balldevice_bd_right_vuk_ball_eject_failed'====== Args={'target': <playfield.playfield>, 'balls': 1, 'retry': True, 'num_attempts': 2}
2022-10-06 15:17:47,741 : INFO : EventManager : Event: ======'balldevice_bd_top_vuk_ball_eject_failed'====== Args={'target': <playfield.playfield>, 'balls': 1, 'retry': True, 'num_attempts': 2}
2022-10-06 15:17:47,746 : INFO : ball_device.bd_right_vuk : State: waiting_for_target_ready
2022-10-06 15:17:47,746 : INFO : EventManager : Event: ======'balldevice_bd_right_vuk_ball_eject_attempt'====== Args={'balls': 1, 'target': <playfield.playfield>, 'source': <ball_device.bd_right_vuk>, 'mechanical_eject': False, 'num_attempts': 2}
2022-10-06 15:17:47,746 : INFO : ball_device.bd_top_vuk : State: waiting_for_target_ready
2022-10-06 15:17:47,746 : INFO : EventManager : Event: ======'balldevice_bd_top_vuk_ball_eject_attempt'====== Args={'balls': 1, 'target': <playfield.playfield>, 'source': <ball_device.bd_top_vuk>, 'mechanical_eject': False, 'num_attempts': 2}
2022-10-06 15:17:47,747 : INFO : ball_device.bd_top_vuk : State: ejecting
2022-10-06 15:17:47,747 : INFO : ball_device.bd_top_vuk : Ejecting ball to <playfield.playfield>
2022-10-06 15:17:47,747 : INFO : EventManager : Event: ======'balldevice_bd_top_vuk_ejecting_ball'====== Args={'balls': 1, 'target': <playfield.playfield>, 'source': <ball_device.bd_top_vuk>, 'mechanical_eject': False, 'num_attempts': 2}
2022-10-06 15:17:47,747 : INFO : ball_device.bd_right_vuk : State: ejecting
2022-10-06 15:17:47,748 : INFO : ball_device.bd_right_vuk : Ejecting ball to <playfield.playfield>
2022-10-06 15:17:47,748 : INFO : EventManager : Event: ======'balldevice_bd_right_vuk_ejecting_ball'====== Args={'balls': 1, 'target': <playfield.playfield>, 'source': <ball_device.bd_right_vuk>, 'mechanical_eject': False, 'num_attempts': 2}
2022-10-06 15:17:47,749 : INFO : ball_device.bd_right_vuk : Wait for ball to leave device
2022-10-06 15:17:47,749 : INFO : coil.c_right_vuk : Pulsing Driver for 10ms (1.0 pulse_power)
2022-10-06 15:17:47,749 : INFO : ball_device.bd_top_vuk : Wait for ball to leave device
2022-10-06 15:17:47,755 : INFO : coil.c_top_vuk : Pulsing Driver for 10ms (1.0 pulse_power)
2022-10-06 15:17:49,741 : INFO : EventManager : Event: ======'balldevice_bd_right_vuk_ball_eject_failed'====== Args={'target': <playfield.playfield>, 'balls': 1, 'retry': True, 'num_attempts': 3}
2022-10-06 15:17:49,742 : INFO : EventManager : Event: ======'balldevice_bd_top_vuk_ball_eject_failed'====== Args={'target': <playfield.playfield>, 'balls': 1, 'retry': True, 'num_attempts': 3}
2022-10-06 15:17:49,746 : INFO : ball_device.bd_right_vuk : State: waiting_for_target_ready
2022-10-06 15:17:49,747 : INFO : EventManager : Event: ======'balldevice_bd_right_vuk_ball_eject_attempt'====== Args={'balls': 1, 'target': <playfield.playfield>, 'source': <ball_device.bd_right_vuk>, 'mechanical_eject': False, 'num_attempts': 3}
2022-10-06 15:17:49,747 : INFO : ball_device.bd_top_vuk : State: waiting_for_target_ready
2022-10-06 15:17:49,747 : INFO : EventManager : Event: ======'balldevice_bd_top_vuk_ball_eject_attempt'====== Args={'balls': 1, 'target': <playfield.playfield>, 'source': <ball_device.bd_top_vuk>, 'mechanical_eject': False, 'num_attempts': 3}
2022-10-06 15:17:49,748 : INFO : ball_device.bd_top_vuk : State: ejecting
2022-10-06 15:17:49,748 : INFO : ball_device.bd_top_vuk : Ejecting ball to <playfield.playfield>
2022-10-06 15:17:49,748 : INFO : EventManager : Event: ======'balldevice_bd_top_vuk_ejecting_ball'====== Args={'balls': 1, 'target': <playfield.playfield>, 'source': <ball_device.bd_top_vuk>, 'mechanical_eject': False, 'num_attempts': 3}
2022-10-06 15:17:49,748 : INFO : ball_device.bd_right_vuk : State: ejecting
2022-10-06 15:17:49,748 : INFO : ball_device.bd_right_vuk : Ejecting ball to <playfield.playfield>
2022-10-06 15:17:49,748 : INFO : EventManager : Event: ======'balldevice_bd_right_vuk_ejecting_ball'====== Args={'balls': 1, 'target': <playfield.playfield>, 'source': <ball_device.bd_right_vuk>, 'mechanical_eject': False, 'num_attempts': 3}
2022-10-06 15:17:49,749 : INFO : ball_device.bd_right_vuk : Wait for ball to leave device
2022-10-06 15:17:49,749 : INFO : coil.c_right_vuk : Pulsing Driver for 10ms (1.0 pulse_power)
2022-10-06 15:17:49,750 : INFO : ball_device.bd_top_vuk : Wait for ball to leave device
2022-10-06 15:17:49,757 : INFO : coil.c_top_vuk : Pulsing Driver for 10ms (1.0 pulse_power)
2022-10-06 15:17:51,740 : INFO : EventManager : Event: ======'balldevice_bd_top_vuk_ball_eject_failed'====== Args={'target': <playfield.playfield>, 'balls': 1, 'retry': True, 'num_attempts': 4}
2022-10-06 15:17:51,741 : INFO : EventManager : Event: ======'balldevice_bd_right_vuk_ball_eject_failed'====== Args={'target': <playfield.playfield>, 'balls': 1, 'retry': True, 'num_attempts': 4}
2022-10-06 15:17:51,745 : INFO : ball_device.bd_top_vuk : State: waiting_for_target_ready
2022-10-06 15:17:51,745 : INFO : EventManager : Event: ======'balldevice_bd_top_vuk_ball_eject_attempt'====== Args={'balls': 1, 'target': <playfield.playfield>, 'source': <ball_device.bd_top_vuk>, 'mechanical_eject': False, 'num_attempts': 4}
2022-10-06 15:17:51,746 : INFO : ball_device.bd_right_vuk : State: waiting_for_target_ready
2022-10-06 15:17:51,746 : INFO : EventManager : Event: ======'balldevice_bd_right_vuk_ball_eject_attempt'====== Args={'balls': 1, 'target': <playfield.playfield>, 'source': <ball_device.bd_right_vuk>, 'mechanical_eject': False, 'num_attempts': 4}
2022-10-06 15:17:51,746 : INFO : ball_device.bd_right_vuk : State: ejecting
2022-10-06 15:17:51,746 : INFO : ball_device.bd_right_vuk : Ejecting ball to <playfield.playfield>
2022-10-06 15:17:51,746 : INFO : EventManager : Event: ======'balldevice_bd_right_vuk_ejecting_ball'====== Args={'balls': 1, 'target': <playfield.playfield>, 'source': <ball_device.bd_right_vuk>, 'mechanical_eject': False, 'num_attempts': 4}
2022-10-06 15:17:51,747 : INFO : ball_device.bd_top_vuk : State: ejecting
2022-10-06 15:17:51,747 : INFO : ball_device.bd_top_vuk : Ejecting ball to <playfield.playfield>
2022-10-06 15:17:51,747 : INFO : EventManager : Event: ======'balldevice_bd_top_vuk_ejecting_ball'====== Args={'balls': 1, 'target': <playfield.playfield>, 'source': <ball_device.bd_top_vuk>, 'mechanical_eject': False, 'num_attempts': 4}
2022-10-06 15:17:51,748 : INFO : ball_device.bd_top_vuk : Wait for ball to leave device
2022-10-06 15:17:51,748 : INFO : coil.c_top_vuk : Pulsing Driver for 10ms (1.0 pulse_power)
2022-10-06 15:17:51,748 : INFO : ball_device.bd_right_vuk : Wait for ball to leave device
2022-10-06 15:17:51,756 : INFO : coil.c_right_vuk : Pulsing Driver for 10ms (1.0 pulse_power)
2022-10-06 15:17:53,749 : INFO : EventManager : Event: ======'balldevice_bd_right_vuk_ball_eject_failed'====== Args={'target': <playfield.playfield>, 'balls': 1, 'retry': True, 'num_attempts': 5}
2022-10-06 15:17:53,750 : INFO : EventManager : Event: ======'balldevice_bd_top_vuk_ball_eject_failed'====== Args={'target': <playfield.playfield>, 'balls': 1, 'retry': True, 'num_attempts': 5}
2022-10-06 15:17:53,754 : INFO : ball_device.bd_right_vuk : State: waiting_for_target_ready
2022-10-06 15:17:53,754 : INFO : EventManager : Event: ======'balldevice_bd_right_vuk_ball_eject_attempt'====== Args={'balls': 1, 'target': <playfield.playfield>, 'source': <ball_device.bd_right_vuk>, 'mechanical_eject': False, 'num_attempts': 5}
2022-10-06 15:17:53,755 : INFO : ball_device.bd_top_vuk : State: waiting_for_target_ready
2022-10-06 15:17:53,755 : INFO : EventManager : Event: ======'balldevice_bd_top_vuk_ball_eject_attempt'====== Args={'balls': 1, 'target': <playfield.playfield>, 'source': <ball_device.bd_top_vuk>, 'mechanical_eject': False, 'num_attempts': 5}
2022-10-06 15:17:53,755 : INFO : ball_device.bd_top_vuk : State: ejecting
2022-10-06 15:17:53,756 : INFO : ball_device.bd_top_vuk : Ejecting ball to <playfield.playfield>
2022-10-06 15:17:53,756 : INFO : EventManager : Event: ======'balldevice_bd_top_vuk_ejecting_ball'====== Args={'balls': 1, 'target': <playfield.playfield>, 'source': <ball_device.bd_top_vuk>, 'mechanical_eject': False, 'num_attempts': 5}
2022-10-06 15:17:53,756 : INFO : ball_device.bd_right_vuk : State: ejecting
2022-10-06 15:17:53,756 : INFO : ball_device.bd_right_vuk : Ejecting ball to <playfield.playfield>
2022-10-06 15:17:53,756 : INFO : EventManager : Event: ======'balldevice_bd_right_vuk_ejecting_ball'====== Args={'balls': 1, 'target': <playfield.playfield>, 'source': <ball_device.bd_right_vuk>, 'mechanical_eject': False, 'num_attempts': 5}
2022-10-06 15:17:53,757 : INFO : ball_device.bd_right_vuk : Wait for ball to leave device
2022-10-06 15:17:53,757 : INFO : coil.c_right_vuk : Pulsing Driver for 10ms (1.0 pulse_power)
2022-10-06 15:17:53,758 : INFO : ball_device.bd_top_vuk : Wait for ball to leave device
2022-10-06 15:17:53,781 : INFO : coil.c_top_vuk : Pulsing Driver for 10ms (1.0 pulse_power)
2022-10-06 15:17:55,739 : INFO : EventManager : Event: ======'balldevice_bd_top_vuk_ball_eject_failed'====== Args={'target': <playfield.playfield>, 'balls': 1, 'retry': True, 'num_attempts': 6}
2022-10-06 15:17:55,739 : INFO : EventManager : Event: ======'balldevice_bd_right_vuk_ball_eject_failed'====== Args={'target': <playfield.playfield>, 'balls': 1, 'retry': True, 'num_attempts': 6}
2022-10-06 15:17:55,744 : INFO : ball_device.bd_top_vuk : State: waiting_for_target_ready
2022-10-06 15:17:55,744 : INFO : EventManager : Event: ======'balldevice_bd_top_vuk_ball_eject_attempt'====== Args={'balls': 1, 'target': <playfield.playfield>, 'source': <ball_device.bd_top_vuk>, 'mechanical_eject': False, 'num_attempts': 6}
2022-10-06 15:17:55,744 : INFO : ball_device.bd_right_vuk : State: waiting_for_target_ready
2022-10-06 15:17:55,745 : INFO : EventManager : Event: ======'balldevice_bd_right_vuk_ball_eject_attempt'====== Args={'balls': 1, 'target': <playfield.playfield>, 'source': <ball_device.bd_right_vuk>, 'mechanical_eject': False, 'num_attempts': 6}
2022-10-06 15:17:55,745 : INFO : ball_device.bd_right_vuk : State: ejecting
2022-10-06 15:17:55,745 : INFO : ball_device.bd_right_vuk : Ejecting ball to <playfield.playfield>
2022-10-06 15:17:55,745 : INFO : EventManager : Event: ======'balldevice_bd_right_vuk_ejecting_ball'====== Args={'balls': 1, 'target': <playfield.playfield>, 'source': <ball_device.bd_right_vuk>, 'mechanical_eject': False, 'num_attempts': 6}
2022-10-06 15:17:55,746 : INFO : ball_device.bd_top_vuk : State: ejecting
2022-10-06 15:17:55,746 : INFO : ball_device.bd_top_vuk : Ejecting ball to <playfield.playfield>
2022-10-06 15:17:55,746 : INFO : EventManager : Event: ======'balldevice_bd_top_vuk_ejecting_ball'====== Args={'balls': 1, 'target': <playfield.playfield>, 'source': <ball_device.bd_top_vuk>, 'mechanical_eject': False, 'num_attempts': 6}
2022-10-06 15:17:55,747 : INFO : ball_device.bd_top_vuk : Wait for ball to leave device
2022-10-06 15:17:55,747 : INFO : coil.c_top_vuk : Pulsing Driver for 10ms (1.0 pulse_power)
2022-10-06 15:17:55,747 : INFO : ball_device.bd_right_vuk : Wait for ball to leave device
2022-10-06 15:17:55,754 : INFO : coil.c_right_vuk : Pulsing Driver for 10ms (1.0 pulse_power)
2022-10-06 15:17:57,745 : INFO : EventManager : Event: ======'balldevice_bd_top_vuk_ball_eject_failed'====== Args={'target': <playfield.playfield>, 'balls': 1, 'retry': True, 'num_attempts': 7}
2022-10-06 15:17:57,746 : INFO : EventManager : Event: ======'balldevice_bd_right_vuk_ball_eject_failed'====== Args={'target': <playfield.playfield>, 'balls': 1, 'retry': True, 'num_attempts': 7}
2022-10-06 15:17:57,750 : INFO : ball_device.bd_top_vuk : State: waiting_for_target_ready
2022-10-06 15:17:57,750 : INFO : EventManager : Event: ======'balldevice_bd_top_vuk_ball_eject_attempt'====== Args={'balls': 1, 'target': <playfield.playfield>, 'source': <ball_device.bd_top_vuk>, 'mechanical_eject': False, 'num_attempts': 7}
2022-10-06 15:17:57,751 : INFO : ball_device.bd_right_vuk : State: waiting_for_target_ready
2022-10-06 15:17:57,751 : INFO : EventManager : Event: ======'balldevice_bd_right_vuk_ball_eject_attempt'====== Args={'balls': 1, 'target': <playfield.playfield>, 'source': <ball_device.bd_right_vuk>, 'mechanical_eject': False, 'num_attempts': 7}
2022-10-06 15:17:57,752 : INFO : ball_device.bd_right_vuk : State: ejecting
2022-10-06 15:17:57,752 : INFO : ball_device.bd_right_vuk : Ejecting ball to <playfield.playfield>
2022-10-06 15:17:57,752 : INFO : EventManager : Event: ======'balldevice_bd_right_vuk_ejecting_ball'====== Args={'balls': 1, 'target': <playfield.playfield>, 'source': <ball_device.bd_right_vuk>, 'mechanical_eject': False, 'num_attempts': 7}
2022-10-06 15:17:57,752 : INFO : ball_device.bd_top_vuk : State: ejecting
2022-10-06 15:17:57,752 : INFO : ball_device.bd_top_vuk : Ejecting ball to <playfield.playfield>
2022-10-06 15:17:57,752 : INFO : EventManager : Event: ======'balldevice_bd_top_vuk_ejecting_ball'====== Args={'balls': 1, 'target': <playfield.playfield>, 'source': <ball_device.bd_top_vuk>, 'mechanical_eject': False, 'num_attempts': 7}
2022-10-06 15:17:57,753 : INFO : ball_device.bd_top_vuk : Wait for ball to leave device
2022-10-06 15:17:57,754 : INFO : coil.c_top_vuk : Pulsing Driver for 10ms (1.0 pulse_power)
2022-10-06 15:17:57,754 : INFO : ball_device.bd_right_vuk : Wait for ball to leave device
2022-10-06 15:17:57,776 : INFO : coil.c_right_vuk : Pulsing Driver for 10ms (1.0 pulse_power)
2022-10-06 15:17:58,344 : INFO : Machine : Shutting down...
2022-10-06 15:17:58,344 : INFO : EventManager : Event: ======'shutdown'====== Args={}
2022-10-06 15:17:58,360 : WARNING : FAST : Port NET received more messages than were sent! Resetting!
2022-10-06 15:17:58,360 : WARNING : FAST : Port RGB received more messages than were sent! Resetting!
2022-10-06 15:17:58,439 : ERROR : FAST : Stop called on serial connection com9
2022-10-06 15:17:58,439 : ERROR : FAST : Stop called on serial connection com10
2022-10-06 15:17:58,674 : INFO : root : MPF run loop ended.
