2022-10-12 07:39:37,310 : INFO : root : Loading config.
2022-10-12 07:39:37,313 : INFO : YamlMultifileConfigLoader : Machine config file #1: config.yaml
2022-10-12 07:39:37,314 : WARNING : ConfigProcessor : Config file in cache changed: c:\trashland_2\config\config.yaml
2022-10-12 07:39:37,314 : INFO : ConfigProcessor : Loading config from file c:\users\tanner\appdata\local\programs\python\python37\lib\site-packages\mpf\mpfconfig.yaml.
2022-10-12 07:39:37,384 : INFO : ConfigProcessor : Loading config: c:\users\tanner\appdata\local\programs\python\python37\lib\site-packages\mpf\mpfconfig.yaml
2022-10-12 07:39:37,384 : INFO : ConfigProcessor : Loading config from file c:\trashland_2\config\config.yaml.
2022-10-12 07:39:37,489 : INFO : ConfigProcessor : Loading config: c:\trashland_2\config\config.yaml
2022-10-12 07:39:37,492 : INFO : ConfigProcessor : Config file cache created: C:\Users\Tanner\AppData\Local\Temp\a6762098cb994b55cb03a478b26022ee.mpf_cache
2022-10-12 07:39:37,554 : INFO : ConfigProcessor : Loading config from cache: C:\Users\Tanner\AppData\Local\Temp\9cf7ccc27b21f4d6162237fadfc53e5a.mpf_cache
2022-10-12 07:39:37,555 : INFO : ConfigProcessor : Loading config from cache: C:\Users\Tanner\AppData\Local\Temp\c215df352878fee5d54f1a5ec5b16e7c.mpf_cache
2022-10-12 07:39:37,556 : INFO : ConfigProcessor : Loading config from cache: C:\Users\Tanner\AppData\Local\Temp\708062243e0edcfa77dd6b1521bd0d4e.mpf_cache
2022-10-12 07:39:37,557 : INFO : ConfigProcessor : Loading config from cache: C:\Users\Tanner\AppData\Local\Temp\c4174472f67f7b070dd6fb437c6feb0c.mpf_cache
2022-10-12 07:39:37,557 : INFO : ConfigProcessor : Loading config from cache: C:\Users\Tanner\AppData\Local\Temp\abaa92c43d134e3392cbb2346e6a16be.mpf_cache
2022-10-12 07:39:37,558 : INFO : ConfigProcessor : Loading config from cache: C:\Users\Tanner\AppData\Local\Temp\fc46d53fcb9fe6b8abf783d9c813390a.mpf_cache
2022-10-12 07:39:37,559 : INFO : Machine : Mission Pinball Framework Core Engine v0.55.0
2022-10-12 07:39:37,560 : INFO : Machine : Command line arguments: {'no_load_cache': False, 'create_config_cache': True, 'bcp': False, 'configfile': ['config.yaml'], 'force_assets_load': False, 'jsonlogging': False, 'logfile': 'logs\\2022-10-12-07-39-37-mpf-DESKTOP-7HNFDQ5.log', 'pause': False, 'production': False, 'text_ui': True, 'loglevel': 15, 'consoleloglevel': 20, 'force_platform': None, 'syslog_address': None, 'mc_file_name': None, 'no_sound': False}
2022-10-12 07:39:37,560 : INFO : Machine : MPF path: c:\users\tanner\appdata\local\programs\python\python37\lib\site-packages\mpf
2022-10-12 07:39:37,560 : INFO : Machine : Machine path: c:\trashland_2
2022-10-12 07:39:37,560 : INFO : Machine : Platform: win32
2022-10-12 07:39:37,560 : INFO : Machine : Python executable location: c:\users\tanner\appdata\local\programs\python\python37\python.exe
2022-10-12 07:39:37,560 : INFO : Machine : Python version: 3.7.8 (64-bit)
2022-10-12 07:39:37,561 : INFO : Machine : Initialise MPF.
2022-10-12 07:39:37,819 : INFO : FAST : Connecting to com9 at 921600bps
2022-10-12 07:39:37,852 : INFO : FAST : Connected! Processor: NET, Board Type: FP-CPU-002-2, Firmware: 01.05
2022-10-12 07:39:37,852 : INFO : EventManager : Event: ======'machine_var_fast_net_firmware'====== Args={'value': '01.05', 'prev_value': None, 'change': True}
2022-10-12 07:39:37,852 : INFO : EventManager : Event: ======'machine_var_fast_net_model'====== Args={'value': 'FP-CPU-002-2', 'prev_value': None, 'change': True}
2022-10-12 07:39:40,209 : WARNING : FAST : Got unexpected message from FAST: -N:11
2022-10-12 07:39:40,209 : WARNING : FAST : Got unexpected message from FAST: -N:38
2022-10-12 07:39:40,209 : WARNING : FAST : Got unexpected message from FAST: -N:40
2022-10-12 07:39:40,209 : WARNING : FAST : Got unexpected message from FAST: -N:41
2022-10-12 07:39:40,209 : WARNING : FAST : Got unexpected message from FAST: -N:43
2022-10-12 07:39:40,209 : WARNING : FAST : Got unexpected message from FAST: -N:44
2022-10-12 07:39:40,209 : WARNING : FAST : Got unexpected message from FAST: -N:5D
2022-10-12 07:39:40,368 : INFO : FAST : Connecting to com10 at 921600bps
2022-10-12 07:39:40,400 : INFO : FAST : Connected! Processor: RGB, Board Type: FP-CPU-002-2, Firmware: 00.87
2022-10-12 07:39:40,400 : INFO : EventManager : Event: ======'machine_var_fast_rgb_firmware'====== Args={'value': '00.87', 'prev_value': None, 'change': True}
2022-10-12 07:39:40,400 : INFO : EventManager : Event: ======'machine_var_fast_rgb_model'====== Args={'value': 'FP-CPU-002-2', 'prev_value': None, 'change': True}
2022-10-12 07:39:40,401 : INFO : EventManager : Event: ======'machine_var_credits_string'====== Args={'value': 'FREE PLAY', 'prev_value': None, 'change': True}
2022-10-12 07:39:40,444 : INFO : EventManager : Event: ======'machine_var_master_volume'====== Args={'value': 0.5, 'prev_value': None, 'change': True}
2022-10-12 07:39:40,445 : INFO : EventManager : Event: ======'machine_var_mpf_version'====== Args={'value': 'MPF v0.55.0', 'prev_value': None, 'change': True}
2022-10-12 07:39:40,445 : INFO : EventManager : Event: ======'machine_var_mpf_extended_version'====== Args={'value': 'MPF v0.55.0, Config version:5, Show version: 5, BCP version:1.1', 'prev_value': None, 'change': True}
2022-10-12 07:39:40,445 : INFO : EventManager : Event: ======'machine_var_python_version'====== Args={'value': '3.7.8', 'prev_value': None, 'change': True}
2022-10-12 07:39:40,445 : INFO : EventManager : Event: ======'machine_var_platform'====== Args={'value': 'Windows-10-10.0.19041-SP0', 'prev_value': None, 'change': True}
2022-10-12 07:39:40,445 : INFO : EventManager : Event: ======'machine_var_platform_system'====== Args={'value': 'Windows', 'prev_value': None, 'change': True}
2022-10-12 07:39:40,445 : INFO : EventManager : Event: ======'machine_var_platform_release'====== Args={'value': '10', 'prev_value': None, 'change': True}
2022-10-12 07:39:40,445 : INFO : EventManager : Event: ======'machine_var_platform_version'====== Args={'value': '10.0.19041', 'prev_value': None, 'change': True}
2022-10-12 07:39:40,445 : INFO : EventManager : Event: ======'machine_var_platform_machine'====== Args={'value': 'AMD64', 'prev_value': None, 'change': True}
2022-10-12 07:39:40,445 : INFO : EventManager : Event: ======'init_phase_1'====== Args={}
2022-10-12 07:39:40,487 : INFO : EventManager : Event: ======'drop_target_bank_mid_up'====== Args={}
2022-10-12 07:39:40,487 : INFO : EventManager : Event: ======'drop_target_bank_right_up'====== Args={}
2022-10-12 07:39:40,499 : INFO : EventManager : Event: ======'init_phase_2'====== Args={}
2022-10-12 07:39:40,499 : INFO : SwitchController : Found active switch: (('42', 1), <Platform.FAST>) <switch.s_trough_4>
2022-10-12 07:39:40,499 : INFO : SwitchController : Found active switch: (('48', 1), <Platform.FAST>) <switch.s_trough_1>
2022-10-12 07:39:40,499 : INFO : SwitchController : Found active switch: (('49', 1), <Platform.FAST>) <switch.s_trough_jam>
2022-10-12 07:39:40,499 : INFO : SwitchController : Found active switch: (('3C', 1), <Platform.FAST>) <switch.s_eos_right>
2022-10-12 07:39:40,499 : INFO : SwitchController : Found active switch: (('3B', 1), <Platform.FAST>) <switch.s_eos_left>
2022-10-12 07:39:40,507 : INFO : ball_device.bd_trough : BCH: Initial count: 2
2022-10-12 07:39:40,507 : INFO : ball_device.bd_trough : State: idle
2022-10-12 07:39:40,508 : INFO : ball_device.bd_plunger : BCH: Initial count: 0
2022-10-12 07:39:40,508 : INFO : ball_device.bd_plunger : State: idle
2022-10-12 07:39:40,508 : INFO : ball_device.bd_top_vuk : BCH: Initial count: 0
2022-10-12 07:39:40,509 : INFO : ball_device.bd_top_vuk : State: idle
2022-10-12 07:39:40,509 : INFO : ball_device.bd_right_vuk : BCH: Initial count: 0
2022-10-12 07:39:40,509 : INFO : ball_device.bd_right_vuk : State: idle
2022-10-12 07:39:40,510 : INFO : ball_device.bd_bot_vuk : BCH: Initial count: 0
2022-10-12 07:39:40,510 : INFO : ball_device.bd_bot_vuk : State: idle
2022-10-12 07:39:40,547 : INFO : EventManager : Event: ======'init_phase_3'====== Args={}
2022-10-12 07:39:40,600 : INFO : EventManager : Event: ======'init_phase_4'====== Args={}
2022-10-12 07:39:40,600 : INFO : EventManager : Event: ======'playfield_active'====== Args={}
2022-10-12 07:39:40,600 : INFO : EventManager : Event: ======'unexpected_ball_on_playfield'====== Args={}
2022-10-12 07:39:40,600 : INFO : EventManager : Event: ======'playfield_active'====== Args={}
2022-10-12 07:39:40,600 : INFO : EventManager : Event: ======'unexpected_ball_on_playfield'====== Args={}
2022-10-12 07:39:40,600 : INFO : EventManager : Event: ======'playfield_active'====== Args={}
2022-10-12 07:39:40,601 : INFO : EventManager : Event: ======'unexpected_ball_on_playfield'====== Args={}
2022-10-12 07:39:40,601 : INFO : EventManager : Event: ======'playfield_active'====== Args={}
2022-10-12 07:39:40,601 : INFO : EventManager : Event: ======'unexpected_ball_on_playfield'====== Args={}
2022-10-12 07:39:40,601 : INFO : EventManager : Event: ======'playfield_active'====== Args={}
2022-10-12 07:39:40,601 : INFO : EventManager : Event: ======'unexpected_ball_on_playfield'====== Args={}
2022-10-12 07:39:40,601 : INFO : EventManager : Event: ======'playfield_active'====== Args={}
2022-10-12 07:39:40,601 : INFO : EventManager : Event: ======'unexpected_ball_on_playfield'====== Args={}
2022-10-12 07:39:40,601 : INFO : BallController : Initial balls found: 2
2022-10-12 07:39:40,603 : INFO : EventManager : Event: ======'machine_var_audits_events_game_ended'====== Args={'value': 0, 'prev_value': None, 'change': True}
2022-10-12 07:39:40,603 : INFO : EventManager : Event: ======'machine_var_audits_events_game_started'====== Args={'value': 0, 'prev_value': None, 'change': True}
2022-10-12 07:39:40,603 : INFO : EventManager : Event: ======'machine_var_audits_player_score'====== Args={'value': {'average': 0, 'top': [], 'total': 0}, 'prev_value': None, 'change': True}
2022-10-12 07:39:40,603 : INFO : EventManager : Event: ======'machine_var_audits_switches_s_autolauncher'====== Args={'value': 82, 'prev_value': None, 'change': True}
2022-10-12 07:39:40,603 : INFO : EventManager : Event: ======'machine_var_audits_switches_s_back_pop'====== Args={'value': 0, 'prev_value': None, 'change': True}
2022-10-12 07:39:40,603 : INFO : EventManager : Event: ======'machine_var_audits_switches_s_back_rollover'====== Args={'value': 0, 'prev_value': None, 'change': True}
2022-10-12 07:39:40,604 : INFO : EventManager : Event: ======'machine_var_audits_switches_s_back_stationary'====== Args={'value': 0, 'prev_value': None, 'change': True}
2022-10-12 07:39:40,604 : INFO : EventManager : Event: ======'machine_var_audits_switches_s_bot_back'====== Args={'value': 0, 'prev_value': None, 'change': True}
2022-10-12 07:39:40,604 : INFO : EventManager : Event: ======'machine_var_audits_switches_s_bot_big'====== Args={'value': 1, 'prev_value': None, 'change': True}
2022-10-12 07:39:40,604 : INFO : EventManager : Event: ======'machine_var_audits_switches_s_bot_left'====== Args={'value': 0, 'prev_value': None, 'change': True}
2022-10-12 07:39:40,604 : INFO : EventManager : Event: ======'machine_var_audits_switches_s_bot_right'====== Args={'value': 0, 'prev_value': None, 'change': True}
2022-10-12 07:39:40,604 : INFO : EventManager : Event: ======'machine_var_audits_switches_s_bot_rollover'====== Args={'value': 0, 'prev_value': None, 'change': True}
2022-10-12 07:39:40,604 : INFO : EventManager : Event: ======'machine_var_audits_switches_s_bot_vuk'====== Args={'value': 0, 'prev_value': None, 'change': True}
2022-10-12 07:39:40,604 : INFO : EventManager : Event: ======'machine_var_audits_switches_s_drop_mid_left'====== Args={'value': 74, 'prev_value': None, 'change': True}
2022-10-12 07:39:40,605 : INFO : EventManager : Event: ======'machine_var_audits_switches_s_drop_mid_mid'====== Args={'value': 83, 'prev_value': None, 'change': True}
2022-10-12 07:39:40,605 : INFO : EventManager : Event: ======'machine_var_audits_switches_s_drop_mid_right'====== Args={'value': 5, 'prev_value': None, 'change': True}
2022-10-12 07:39:40,605 : INFO : EventManager : Event: ======'machine_var_audits_switches_s_drop_right_left'====== Args={'value': 24, 'prev_value': None, 'change': True}
2022-10-12 07:39:40,605 : INFO : EventManager : Event: ======'machine_var_audits_switches_s_drop_right_right'====== Args={'value': 61, 'prev_value': None, 'change': True}
2022-10-12 07:39:40,605 : INFO : EventManager : Event: ======'machine_var_audits_switches_s_drop_single'====== Args={'value': 41, 'prev_value': None, 'change': True}
2022-10-12 07:39:40,605 : INFO : EventManager : Event: ======'machine_var_audits_switches_s_eos_left'====== Args={'value': 71, 'prev_value': None, 'change': True}
2022-10-12 07:39:40,605 : INFO : EventManager : Event: ======'machine_var_audits_switches_s_eos_left_top'====== Args={'value': 847, 'prev_value': None, 'change': True}
2022-10-12 07:39:40,606 : INFO : EventManager : Event: ======'machine_var_audits_switches_s_eos_right'====== Args={'value': 96, 'prev_value': None, 'change': True}
2022-10-12 07:39:40,606 : INFO : EventManager : Event: ======'machine_var_audits_switches_s_launch'====== Args={'value': 57, 'prev_value': None, 'change': True}
2022-10-12 07:39:40,606 : INFO : EventManager : Event: ======'machine_var_audits_switches_s_left_flipper'====== Args={'value': 949, 'prev_value': None, 'change': True}
2022-10-12 07:39:40,606 : INFO : EventManager : Event: ======'machine_var_audits_switches_s_left_inlane'====== Args={'value': 24, 'prev_value': None, 'change': True}
2022-10-12 07:39:40,606 : INFO : EventManager : Event: ======'machine_var_audits_switches_s_left_outlane'====== Args={'value': 5, 'prev_value': None, 'change': True}
2022-10-12 07:39:40,606 : INFO : EventManager : Event: ======'machine_var_audits_switches_s_pop_left'====== Args={'value': 157, 'prev_value': None, 'change': True}
2022-10-12 07:39:40,607 : INFO : EventManager : Event: ======'machine_var_audits_switches_s_pop_lower'====== Args={'value': 256, 'prev_value': None, 'change': True}
2022-10-12 07:39:40,607 : INFO : EventManager : Event: ======'machine_var_audits_switches_s_pop_right'====== Args={'value': 294, 'prev_value': None, 'change': True}
2022-10-12 07:39:40,607 : INFO : EventManager : Event: ======'machine_var_audits_switches_s_right_flipper'====== Args={'value': 975, 'prev_value': None, 'change': True}
2022-10-12 07:39:40,607 : INFO : EventManager : Event: ======'machine_var_audits_switches_s_right_inlane'====== Args={'value': 0, 'prev_value': None, 'change': True}
2022-10-12 07:39:40,607 : INFO : EventManager : Event: ======'machine_var_audits_switches_s_right_outlane'====== Args={'value': 79, 'prev_value': None, 'change': True}
2022-10-12 07:39:40,608 : INFO : EventManager : Event: ======'machine_var_audits_switches_s_rollover_left'====== Args={'value': 64, 'prev_value': None, 'change': True}
2022-10-12 07:39:40,608 : INFO : EventManager : Event: ======'machine_var_audits_switches_s_rollover_right'====== Args={'value': 46, 'prev_value': None, 'change': True}
2022-10-12 07:39:40,608 : INFO : EventManager : Event: ======'machine_var_audits_switches_s_sling_left'====== Args={'value': 41, 'prev_value': None, 'change': True}
2022-10-12 07:39:40,608 : INFO : EventManager : Event: ======'machine_var_audits_switches_s_sling_right'====== Args={'value': 136, 'prev_value': None, 'change': True}
2022-10-12 07:39:40,609 : INFO : EventManager : Event: ======'machine_var_audits_switches_s_start'====== Args={'value': 152, 'prev_value': None, 'change': True}
2022-10-12 07:39:40,609 : INFO : EventManager : Event: ======'machine_var_audits_switches_s_tilt'====== Args={'value': 126, 'prev_value': None, 'change': True}
2022-10-12 07:39:40,609 : INFO : EventManager : Event: ======'machine_var_audits_switches_s_transfer_rollover'====== Args={'value': 0, 'prev_value': None, 'change': True}
2022-10-12 07:39:40,609 : INFO : EventManager : Event: ======'machine_var_audits_switches_s_trough_1'====== Args={'value': 57, 'prev_value': None, 'change': True}
2022-10-12 07:39:40,609 : INFO : EventManager : Event: ======'machine_var_audits_switches_s_trough_2'====== Args={'value': 190, 'prev_value': None, 'change': True}
2022-10-12 07:39:40,610 : INFO : EventManager : Event: ======'machine_var_audits_switches_s_trough_3'====== Args={'value': 102, 'prev_value': None, 'change': True}
2022-10-12 07:39:40,610 : INFO : EventManager : Event: ======'machine_var_audits_switches_s_trough_4'====== Args={'value': 105, 'prev_value': None, 'change': True}
2022-10-12 07:39:40,610 : INFO : EventManager : Event: ======'machine_var_audits_switches_s_trough_5'====== Args={'value': 109, 'prev_value': None, 'change': True}
2022-10-12 07:39:40,610 : INFO : EventManager : Event: ======'machine_var_audits_switches_s_trough_6'====== Args={'value': 186, 'prev_value': None, 'change': True}
2022-10-12 07:39:40,610 : INFO : EventManager : Event: ======'machine_var_audits_switches_s_trough_jam'====== Args={'value': 108, 'prev_value': None, 'change': True}
2022-10-12 07:39:40,611 : INFO : EventManager : Event: ======'machine_var_audits_switches_s_upper_drop'====== Args={'value': 0, 'prev_value': None, 'change': True}
2022-10-12 07:39:40,611 : INFO : EventManager : Event: ======'machine_var_audits_switches_s_upper_rollover'====== Args={'value': 0, 'prev_value': None, 'change': True}
2022-10-12 07:39:40,611 : INFO : EventManager : Event: ======'machine_var_audits_switches_s_upper_stationary'====== Args={'value': 0, 'prev_value': None, 'change': True}
2022-10-12 07:39:40,611 : INFO : EventManager : Event: ======'machine_var_audits_switches_s_vuk_back'====== Args={'value': 1, 'prev_value': None, 'change': True}
2022-10-12 07:39:40,612 : INFO : EventManager : Event: ======'machine_var_audits_switches_s_vuk_right'====== Args={'value': 3, 'prev_value': None, 'change': True}
2022-10-12 07:39:40,612 : INFO : EventManager : Event: ======'machine_var_audits_switches_s_vuk_top'====== Args={'value': 25, 'prev_value': None, 'change': True}
2022-10-12 07:39:40,613 : INFO : EventManager : Event: ======'init_phase_5'====== Args={}
2022-10-12 07:39:40,665 : INFO : EventManager : Event: ======'init_done'====== Args={}
2022-10-12 07:39:40,666 : INFO : EventManager : Event: ======'machine_reset_phase_1'====== Args={}
2022-10-12 07:39:40,666 : INFO : EventManager : Event: ======'machine_reset_phase_2'====== Args={}
2022-10-12 07:39:40,667 : INFO : EventManager : Event: ======'machine_reset_phase_3'====== Args={}
2022-10-12 07:39:40,667 : INFO : EventManager : Event: ======'mode_tilt_will_start'====== Args={'queue': <QueuedEvent>}
2022-10-12 07:39:40,668 : INFO : EventManager : Event: ======'mode_tilt_starting'====== Args={'queue': <QueuedEvent>}
2022-10-12 07:39:40,668 : INFO : drop_target_bank.mid : All targets are already up. Will not reset bank.
2022-10-12 07:39:40,668 : INFO : drop_target_bank.right : All targets are already up. Will not reset bank.
2022-10-12 07:39:40,669 : INFO : Mode.tilt : Started. Priority: 1000000
2022-10-12 07:39:40,669 : INFO : EventManager : Event: ======'modes_active_modes_changed'====== Args={}
2022-10-12 07:39:40,669 : INFO : EventManager : Event: ======'mode_tilt_started'====== Args={'queue': <QueuedEvent>}
2022-10-12 07:39:40,669 : INFO : EventManager : Event: ======'reset_complete'====== Args={}
2022-10-12 07:39:40,670 : INFO : EventManager : Event: ======'mode_attract_will_start'====== Args={}
2022-10-12 07:39:40,670 : INFO : EventManager : Event: ======'mode_attract_starting'====== Args={}
2022-10-12 07:39:40,670 : INFO : Mode.attract : Started. Priority: 10
2022-10-12 07:39:40,670 : INFO : EventManager : Event: ======'modes_active_modes_changed'====== Args={}
2022-10-12 07:39:40,670 : INFO : EventManager : Event: ======'mode_attract_started'====== Args={}
2022-10-12 07:39:40,671 : INFO : EventManager : Event: ======'collecting_balls_complete'====== Args={}
2022-10-12 07:39:40,702 : INFO : Machine : Starting the main run loop.
2022-10-12 07:39:42,247 : INFO : SwitchController : <<<<<<< 's_left_flipper' active >>>>>>>
2022-10-12 07:39:42,267 : INFO : SwitchController : <<<<<<< 's_eos_left_top' active >>>>>>>
2022-10-12 07:39:42,470 : INFO : SwitchController : <<<<<<< 's_left_flipper' inactive >>>>>>>
2022-10-12 07:39:42,565 : INFO : SwitchController : <<<<<<< 's_eos_left_top' inactive >>>>>>>
2022-10-12 07:39:42,974 : INFO : SwitchController : <<<<<<< 's_left_flipper' active >>>>>>>
2022-10-12 07:39:42,993 : INFO : SwitchController : <<<<<<< 's_eos_left_top' active >>>>>>>
2022-10-12 07:39:43,068 : INFO : SwitchController : <<<<<<< 's_left_flipper' inactive >>>>>>>
2022-10-12 07:39:43,164 : INFO : SwitchController : <<<<<<< 's_eos_left_top' inactive >>>>>>>
2022-10-12 07:39:44,810 : INFO : SwitchController : <<<<<<< 's_right_flipper' active >>>>>>>
2022-10-12 07:39:44,938 : INFO : SwitchController : <<<<<<< 's_right_flipper' inactive >>>>>>>
2022-10-12 07:39:45,254 : INFO : SwitchController : <<<<<<< 's_right_flipper' active >>>>>>>
2022-10-12 07:39:45,424 : INFO : SwitchController : <<<<<<< 's_right_flipper' inactive >>>>>>>
2022-10-12 07:39:46,056 : INFO : SwitchController : <<<<<<< 's_right_flipper' active >>>>>>>
2022-10-12 07:39:46,295 : INFO : SwitchController : <<<<<<< 's_right_flipper' inactive >>>>>>>
2022-10-12 07:39:48,393 : INFO : SwitchController : <<<<<<< 's_right_flipper' active >>>>>>>
2022-10-12 07:39:48,441 : INFO : SwitchController : <<<<<<< 's_right_flipper' inactive >>>>>>>
2022-10-12 07:39:48,803 : INFO : SwitchController : <<<<<<< 's_right_flipper' active >>>>>>>
2022-10-12 07:39:49,041 : INFO : SwitchController : <<<<<<< 's_left_flipper' active >>>>>>>
2022-10-12 07:39:49,041 : INFO : EventManager : Event: ======'flipper_cancel'====== Args={'triggering_group': 1, 'triggering_switch': 's_left_flipper'}
2022-10-12 07:39:49,088 : INFO : SwitchController : <<<<<<< 's_eos_left_top' active >>>>>>>
2022-10-12 07:39:49,167 : INFO : SwitchController : <<<<<<< 's_right_flipper' inactive >>>>>>>
2022-10-12 07:39:49,167 : INFO : EventManager : Event: ======'both_flippers_one'====== Args={'triggering_group': 2, 'triggering_switch': 's_right_flipper'}
2022-10-12 07:39:49,324 : INFO : SwitchController : <<<<<<< 's_left_flipper' inactive >>>>>>>
2022-10-12 07:39:49,324 : INFO : EventManager : Event: ======'both_flippers_inactive'====== Args={'triggering_group': 1, 'triggering_switch': 's_left_flipper'}
2022-10-12 07:39:49,435 : INFO : SwitchController : <<<<<<< 's_eos_left_top' inactive >>>>>>>
2022-10-12 07:39:49,830 : INFO : SwitchController : <<<<<<< 's_left_flipper' active >>>>>>>
2022-10-12 07:39:49,850 : INFO : SwitchController : <<<<<<< 's_eos_left_top' active >>>>>>>
2022-10-12 07:39:50,147 : INFO : SwitchController : <<<<<<< 's_left_flipper' inactive >>>>>>>
2022-10-12 07:39:50,243 : INFO : SwitchController : <<<<<<< 's_eos_left_top' inactive >>>>>>>
2022-10-12 07:39:50,526 : INFO : SwitchController : <<<<<<< 's_left_flipper' active >>>>>>>
2022-10-12 07:39:50,557 : INFO : SwitchController : <<<<<<< 's_eos_left_top' active >>>>>>>
2022-10-12 07:39:50,717 : INFO : SwitchController : <<<<<<< 's_left_flipper' inactive >>>>>>>
2022-10-12 07:39:50,827 : INFO : SwitchController : <<<<<<< 's_eos_left_top' inactive >>>>>>>
2022-10-12 07:39:58,422 : INFO : Machine : Shutting down...
2022-10-12 07:39:58,422 : INFO : EventManager : Event: ======'shutdown'====== Args={}
2022-10-12 07:39:58,438 : WARNING : FAST : Port RGB received more messages than were sent! Resetting!
2022-10-12 07:39:58,438 : WARNING : FAST : Port NET received more messages than were sent! Resetting!
2022-10-12 07:39:58,516 : ERROR : FAST : Stop called on serial connection com9
2022-10-12 07:39:58,516 : ERROR : FAST : Stop called on serial connection com10
2022-10-12 07:39:58,770 : INFO : root : MPF run loop ended.
