2022-10-06 12:51:39,384 : INFO : root : Loading config.
2022-10-06 12:51:39,387 : INFO : YamlMultifileConfigLoader : Machine config file #1: config.yaml
2022-10-06 12:51:39,387 : INFO : ConfigProcessor : Loading config from cache: C:\Users\Tanner\AppData\Local\Temp\a6762098cb994b55cb03a478b26022ee.mpf_cache
2022-10-06 12:51:39,448 : INFO : ConfigProcessor : Loading config from cache: C:\Users\Tanner\AppData\Local\Temp\9cf7ccc27b21f4d6162237fadfc53e5a.mpf_cache
2022-10-06 12:51:39,449 : INFO : ConfigProcessor : Loading config from cache: C:\Users\Tanner\AppData\Local\Temp\c215df352878fee5d54f1a5ec5b16e7c.mpf_cache
2022-10-06 12:51:39,450 : INFO : ConfigProcessor : Loading config from cache: C:\Users\Tanner\AppData\Local\Temp\708062243e0edcfa77dd6b1521bd0d4e.mpf_cache
2022-10-06 12:51:39,450 : INFO : ConfigProcessor : Loading config from cache: C:\Users\Tanner\AppData\Local\Temp\c4174472f67f7b070dd6fb437c6feb0c.mpf_cache
2022-10-06 12:51:39,451 : INFO : ConfigProcessor : Loading config from cache: C:\Users\Tanner\AppData\Local\Temp\abaa92c43d134e3392cbb2346e6a16be.mpf_cache
2022-10-06 12:51:39,452 : INFO : ConfigProcessor : Loading config from cache: C:\Users\Tanner\AppData\Local\Temp\fc46d53fcb9fe6b8abf783d9c813390a.mpf_cache
2022-10-06 12:51:39,453 : INFO : Machine : Mission Pinball Framework Core Engine v0.55.0
2022-10-06 12:51:39,453 : INFO : Machine : Command line arguments: {'no_load_cache': False, 'create_config_cache': True, 'bcp': False, 'configfile': ['config.yaml'], 'force_assets_load': False, 'jsonlogging': False, 'logfile': 'logs\\2022-10-06-12-51-39-mpf-DESKTOP-7HNFDQ5.log', 'pause': False, 'production': False, 'text_ui': True, 'loglevel': 15, 'consoleloglevel': 20, 'force_platform': None, 'syslog_address': None, 'mc_file_name': None, 'no_sound': False}
2022-10-06 12:51:39,453 : INFO : Machine : MPF path: c:\users\tanner\appdata\local\programs\python\python37\lib\site-packages\mpf
2022-10-06 12:51:39,453 : INFO : Machine : Machine path: c:\trashland_2
2022-10-06 12:51:39,453 : INFO : Machine : Platform: win32
2022-10-06 12:51:39,453 : INFO : Machine : Python executable location: c:\users\tanner\appdata\local\programs\python\python37\python.exe
2022-10-06 12:51:39,453 : INFO : Machine : Python version: 3.7.8 (64-bit)
2022-10-06 12:51:39,454 : INFO : Machine : Initialise MPF.
2022-10-06 12:51:39,686 : INFO : FAST : Connecting to com9 at 921600bps
2022-10-06 12:51:39,719 : INFO : FAST : Connected! Processor: NET, Board Type: FP-CPU-002-2, Firmware: 01.05
2022-10-06 12:51:39,719 : INFO : EventManager : Event: ======'machine_var_fast_net_firmware'====== Args={'value': '01.05', 'prev_value': None, 'change': True}
2022-10-06 12:51:39,719 : INFO : EventManager : Event: ======'machine_var_fast_net_model'====== Args={'value': 'FP-CPU-002-2', 'prev_value': None, 'change': True}
2022-10-06 12:51:42,087 : WARNING : FAST : Got unexpected message from FAST: -N:30
2022-10-06 12:51:42,087 : WARNING : FAST : Got unexpected message from FAST: -N:33
2022-10-06 12:51:42,087 : WARNING : FAST : Got unexpected message from FAST: -N:34
2022-10-06 12:51:42,087 : WARNING : FAST : Got unexpected message from FAST: -N:38
2022-10-06 12:51:42,087 : WARNING : FAST : Got unexpected message from FAST: -N:40
2022-10-06 12:51:42,087 : WARNING : FAST : Got unexpected message from FAST: -N:41
2022-10-06 12:51:42,087 : WARNING : FAST : Got unexpected message from FAST: -N:42
2022-10-06 12:51:42,087 : WARNING : FAST : Got unexpected message from FAST: -N:43
2022-10-06 12:51:42,087 : WARNING : FAST : Got unexpected message from FAST: -N:44
2022-10-06 12:51:42,088 : WARNING : FAST : Got unexpected message from FAST: -N:5D
2022-10-06 12:51:42,198 : INFO : FAST : Connecting to com10 at 921600bps
2022-10-06 12:51:42,229 : INFO : FAST : Connected! Processor: RGB, Board Type: FP-CPU-002-2, Firmware: 00.87
2022-10-06 12:51:42,229 : INFO : EventManager : Event: ======'machine_var_fast_rgb_firmware'====== Args={'value': '00.87', 'prev_value': None, 'change': True}
2022-10-06 12:51:42,229 : INFO : EventManager : Event: ======'machine_var_fast_rgb_model'====== Args={'value': 'FP-CPU-002-2', 'prev_value': None, 'change': True}
2022-10-06 12:51:42,230 : INFO : EventManager : Event: ======'machine_var_credits_string'====== Args={'value': 'FREE PLAY', 'prev_value': None, 'change': True}
2022-10-06 12:51:42,271 : INFO : EventManager : Event: ======'machine_var_master_volume'====== Args={'value': 0.5, 'prev_value': None, 'change': True}
2022-10-06 12:51:42,271 : INFO : EventManager : Event: ======'machine_var_mpf_version'====== Args={'value': 'MPF v0.55.0', 'prev_value': None, 'change': True}
2022-10-06 12:51:42,271 : INFO : EventManager : Event: ======'machine_var_mpf_extended_version'====== Args={'value': 'MPF v0.55.0, Config version:5, Show version: 5, BCP version:1.1', 'prev_value': None, 'change': True}
2022-10-06 12:51:42,271 : INFO : EventManager : Event: ======'machine_var_python_version'====== Args={'value': '3.7.8', 'prev_value': None, 'change': True}
2022-10-06 12:51:42,271 : INFO : EventManager : Event: ======'machine_var_platform'====== Args={'value': 'Windows-10-10.0.19041-SP0', 'prev_value': None, 'change': True}
2022-10-06 12:51:42,271 : INFO : EventManager : Event: ======'machine_var_platform_system'====== Args={'value': 'Windows', 'prev_value': None, 'change': True}
2022-10-06 12:51:42,271 : INFO : EventManager : Event: ======'machine_var_platform_release'====== Args={'value': '10', 'prev_value': None, 'change': True}
2022-10-06 12:51:42,271 : INFO : EventManager : Event: ======'machine_var_platform_version'====== Args={'value': '10.0.19041', 'prev_value': None, 'change': True}
2022-10-06 12:51:42,272 : INFO : EventManager : Event: ======'machine_var_platform_machine'====== Args={'value': 'AMD64', 'prev_value': None, 'change': True}
2022-10-06 12:51:42,272 : INFO : EventManager : Event: ======'init_phase_1'====== Args={}
2022-10-06 12:51:42,313 : INFO : EventManager : Event: ======'drop_target_bank_mid_up'====== Args={}
2022-10-06 12:51:42,313 : INFO : EventManager : Event: ======'drop_target_bank_right_up'====== Args={}
2022-10-06 12:51:42,323 : INFO : EventManager : Event: ======'init_phase_2'====== Args={}
2022-10-06 12:51:42,324 : INFO : SwitchController : Found active switch: (('30', 1), <Platform.FAST>) <switch.s_drop_right_right>
2022-10-06 12:51:42,324 : INFO : SwitchController : Found active switch: (('3E', 1), <Platform.FAST>) <switch.s_trough_1>
2022-10-06 12:51:42,324 : INFO : SwitchController : Found active switch: (('3D', 1), <Platform.FAST>) <switch.s_trough_jam>
2022-10-06 12:51:42,324 : INFO : SwitchController : Found active switch: (('3C', 1), <Platform.FAST>) <switch.s_eos_right>
2022-10-06 12:51:42,324 : INFO : SwitchController : Found active switch: (('3B', 1), <Platform.FAST>) <switch.s_eos_left>
2022-10-06 12:51:42,331 : INFO : ball_device.bd_trough : BCH: Initial count: 2
2022-10-06 12:51:42,331 : INFO : ball_device.bd_trough : State: idle
2022-10-06 12:51:42,332 : INFO : ball_device.bd_plunger : BCH: Initial count: 0
2022-10-06 12:51:42,332 : INFO : ball_device.bd_plunger : State: idle
2022-10-06 12:51:42,333 : INFO : ball_device.bd_top_vuk : BCH: Initial count: 0
2022-10-06 12:51:42,333 : INFO : ball_device.bd_top_vuk : State: idle
2022-10-06 12:51:42,333 : INFO : ball_device.bd_right_vuk : BCH: Initial count: 0
2022-10-06 12:51:42,334 : INFO : ball_device.bd_right_vuk : State: idle
2022-10-06 12:51:42,334 : INFO : ball_device.bd_bot_vuk : BCH: Initial count: 0
2022-10-06 12:51:42,334 : INFO : ball_device.bd_bot_vuk : State: idle
2022-10-06 12:51:42,371 : INFO : EventManager : Event: ======'init_phase_3'====== Args={}
2022-10-06 12:51:42,404 : INFO : EventManager : Event: ======'init_phase_4'====== Args={}
2022-10-06 12:51:42,405 : INFO : EventManager : Event: ======'playfield_active'====== Args={}
2022-10-06 12:51:42,405 : INFO : EventManager : Event: ======'unexpected_ball_on_playfield'====== Args={}
2022-10-06 12:51:42,405 : INFO : EventManager : Event: ======'playfield_active'====== Args={}
2022-10-06 12:51:42,405 : INFO : EventManager : Event: ======'unexpected_ball_on_playfield'====== Args={}
2022-10-06 12:51:42,405 : INFO : EventManager : Event: ======'playfield_active'====== Args={}
2022-10-06 12:51:42,405 : INFO : EventManager : Event: ======'unexpected_ball_on_playfield'====== Args={}
2022-10-06 12:51:42,405 : INFO : EventManager : Event: ======'playfield_active'====== Args={}
2022-10-06 12:51:42,405 : INFO : EventManager : Event: ======'unexpected_ball_on_playfield'====== Args={}
2022-10-06 12:51:42,405 : INFO : EventManager : Event: ======'playfield_active'====== Args={}
2022-10-06 12:51:42,405 : INFO : EventManager : Event: ======'unexpected_ball_on_playfield'====== Args={}
2022-10-06 12:51:42,405 : INFO : EventManager : Event: ======'drop_target_right_right_down'====== Args={'device': <drop_target.right_right>}
2022-10-06 12:51:42,405 : INFO : EventManager : Event: ======'drop_target_bank_right_mixed'====== Args={'prev_value': <DropTargetBankState.UP: 'up'>, 'down': 1}
2022-10-06 12:51:42,405 : INFO : EventManager : Event: ======'playfield_active'====== Args={}
2022-10-06 12:51:42,405 : INFO : EventManager : Event: ======'unexpected_ball_on_playfield'====== Args={}
2022-10-06 12:51:42,406 : INFO : BallController : Initial balls found: 2
2022-10-06 12:51:42,407 : INFO : EventManager : Event: ======'machine_var_audits_events_game_ended'====== Args={'value': 0, 'prev_value': None, 'change': True}
2022-10-06 12:51:42,407 : INFO : EventManager : Event: ======'machine_var_audits_events_game_started'====== Args={'value': 0, 'prev_value': None, 'change': True}
2022-10-06 12:51:42,408 : INFO : EventManager : Event: ======'machine_var_audits_player_score'====== Args={'value': {'average': 0, 'top': [], 'total': 0}, 'prev_value': None, 'change': True}
2022-10-06 12:51:42,408 : INFO : EventManager : Event: ======'machine_var_audits_switches_s_autolauncher'====== Args={'value': 76, 'prev_value': None, 'change': True}
2022-10-06 12:51:42,408 : INFO : EventManager : Event: ======'machine_var_audits_switches_s_back_pop'====== Args={'value': 0, 'prev_value': None, 'change': True}
2022-10-06 12:51:42,408 : INFO : EventManager : Event: ======'machine_var_audits_switches_s_back_rollover'====== Args={'value': 0, 'prev_value': None, 'change': True}
2022-10-06 12:51:42,408 : INFO : EventManager : Event: ======'machine_var_audits_switches_s_back_stationary'====== Args={'value': 0, 'prev_value': None, 'change': True}
2022-10-06 12:51:42,408 : INFO : EventManager : Event: ======'machine_var_audits_switches_s_bot_back'====== Args={'value': 0, 'prev_value': None, 'change': True}
2022-10-06 12:51:42,408 : INFO : EventManager : Event: ======'machine_var_audits_switches_s_bot_big'====== Args={'value': 1, 'prev_value': None, 'change': True}
2022-10-06 12:51:42,408 : INFO : EventManager : Event: ======'machine_var_audits_switches_s_bot_left'====== Args={'value': 0, 'prev_value': None, 'change': True}
2022-10-06 12:51:42,409 : INFO : EventManager : Event: ======'machine_var_audits_switches_s_bot_right'====== Args={'value': 0, 'prev_value': None, 'change': True}
2022-10-06 12:51:42,409 : INFO : EventManager : Event: ======'machine_var_audits_switches_s_bot_rollover'====== Args={'value': 0, 'prev_value': None, 'change': True}
2022-10-06 12:51:42,409 : INFO : EventManager : Event: ======'machine_var_audits_switches_s_bot_vuk'====== Args={'value': 0, 'prev_value': None, 'change': True}
2022-10-06 12:51:42,409 : INFO : EventManager : Event: ======'machine_var_audits_switches_s_drop_mid_left'====== Args={'value': 74, 'prev_value': None, 'change': True}
2022-10-06 12:51:42,409 : INFO : EventManager : Event: ======'machine_var_audits_switches_s_drop_mid_mid'====== Args={'value': 83, 'prev_value': None, 'change': True}
2022-10-06 12:51:42,409 : INFO : EventManager : Event: ======'machine_var_audits_switches_s_drop_mid_right'====== Args={'value': 5, 'prev_value': None, 'change': True}
2022-10-06 12:51:42,409 : INFO : EventManager : Event: ======'machine_var_audits_switches_s_drop_right_left'====== Args={'value': 24, 'prev_value': None, 'change': True}
2022-10-06 12:51:42,410 : INFO : EventManager : Event: ======'machine_var_audits_switches_s_drop_right_right'====== Args={'value': 60, 'prev_value': None, 'change': True}
2022-10-06 12:51:42,410 : INFO : EventManager : Event: ======'machine_var_audits_switches_s_drop_single'====== Args={'value': 41, 'prev_value': None, 'change': True}
2022-10-06 12:51:42,410 : INFO : EventManager : Event: ======'machine_var_audits_switches_s_eos_left'====== Args={'value': 71, 'prev_value': None, 'change': True}
2022-10-06 12:51:42,410 : INFO : EventManager : Event: ======'machine_var_audits_switches_s_eos_left_top'====== Args={'value': 846, 'prev_value': None, 'change': True}
2022-10-06 12:51:42,410 : INFO : EventManager : Event: ======'machine_var_audits_switches_s_eos_right'====== Args={'value': 96, 'prev_value': None, 'change': True}
2022-10-06 12:51:42,410 : INFO : EventManager : Event: ======'machine_var_audits_switches_s_launch'====== Args={'value': 52, 'prev_value': None, 'change': True}
2022-10-06 12:51:42,411 : INFO : EventManager : Event: ======'machine_var_audits_switches_s_left_flipper'====== Args={'value': 948, 'prev_value': None, 'change': True}
2022-10-06 12:51:42,411 : INFO : EventManager : Event: ======'machine_var_audits_switches_s_left_inlane'====== Args={'value': 24, 'prev_value': None, 'change': True}
2022-10-06 12:51:42,411 : INFO : EventManager : Event: ======'machine_var_audits_switches_s_left_outlane'====== Args={'value': 5, 'prev_value': None, 'change': True}
2022-10-06 12:51:42,411 : INFO : EventManager : Event: ======'machine_var_audits_switches_s_pop_left'====== Args={'value': 157, 'prev_value': None, 'change': True}
2022-10-06 12:51:42,411 : INFO : EventManager : Event: ======'machine_var_audits_switches_s_pop_lower'====== Args={'value': 256, 'prev_value': None, 'change': True}
2022-10-06 12:51:42,411 : INFO : EventManager : Event: ======'machine_var_audits_switches_s_pop_right'====== Args={'value': 294, 'prev_value': None, 'change': True}
2022-10-06 12:51:42,412 : INFO : EventManager : Event: ======'machine_var_audits_switches_s_right_flipper'====== Args={'value': 973, 'prev_value': None, 'change': True}
2022-10-06 12:51:42,412 : INFO : EventManager : Event: ======'machine_var_audits_switches_s_right_inlane'====== Args={'value': 0, 'prev_value': None, 'change': True}
2022-10-06 12:51:42,412 : INFO : EventManager : Event: ======'machine_var_audits_switches_s_right_outlane'====== Args={'value': 79, 'prev_value': None, 'change': True}
2022-10-06 12:51:42,412 : INFO : EventManager : Event: ======'machine_var_audits_switches_s_rollover_left'====== Args={'value': 64, 'prev_value': None, 'change': True}
2022-10-06 12:51:42,412 : INFO : EventManager : Event: ======'machine_var_audits_switches_s_rollover_right'====== Args={'value': 46, 'prev_value': None, 'change': True}
2022-10-06 12:51:42,413 : INFO : EventManager : Event: ======'machine_var_audits_switches_s_sling_left'====== Args={'value': 39, 'prev_value': None, 'change': True}
2022-10-06 12:51:42,413 : INFO : EventManager : Event: ======'machine_var_audits_switches_s_sling_right'====== Args={'value': 110, 'prev_value': None, 'change': True}
2022-10-06 12:51:42,413 : INFO : EventManager : Event: ======'machine_var_audits_switches_s_start'====== Args={'value': 152, 'prev_value': None, 'change': True}
2022-10-06 12:51:42,413 : INFO : EventManager : Event: ======'machine_var_audits_switches_s_tilt'====== Args={'value': 126, 'prev_value': None, 'change': True}
2022-10-06 12:51:42,413 : INFO : EventManager : Event: ======'machine_var_audits_switches_s_transfer_rollover'====== Args={'value': 0, 'prev_value': None, 'change': True}
2022-10-06 12:51:42,414 : INFO : EventManager : Event: ======'machine_var_audits_switches_s_trough_1'====== Args={'value': 57, 'prev_value': None, 'change': True}
2022-10-06 12:51:42,414 : INFO : EventManager : Event: ======'machine_var_audits_switches_s_trough_2'====== Args={'value': 190, 'prev_value': None, 'change': True}
2022-10-06 12:51:42,414 : INFO : EventManager : Event: ======'machine_var_audits_switches_s_trough_3'====== Args={'value': 102, 'prev_value': None, 'change': True}
2022-10-06 12:51:42,414 : INFO : EventManager : Event: ======'machine_var_audits_switches_s_trough_4'====== Args={'value': 105, 'prev_value': None, 'change': True}
2022-10-06 12:51:42,414 : INFO : EventManager : Event: ======'machine_var_audits_switches_s_trough_5'====== Args={'value': 109, 'prev_value': None, 'change': True}
2022-10-06 12:51:42,415 : INFO : EventManager : Event: ======'machine_var_audits_switches_s_trough_6'====== Args={'value': 186, 'prev_value': None, 'change': True}
2022-10-06 12:51:42,415 : INFO : EventManager : Event: ======'machine_var_audits_switches_s_trough_jam'====== Args={'value': 108, 'prev_value': None, 'change': True}
2022-10-06 12:51:42,415 : INFO : EventManager : Event: ======'machine_var_audits_switches_s_upper_drop'====== Args={'value': 0, 'prev_value': None, 'change': True}
2022-10-06 12:51:42,415 : INFO : EventManager : Event: ======'machine_var_audits_switches_s_upper_rollover'====== Args={'value': 0, 'prev_value': None, 'change': True}
2022-10-06 12:51:42,416 : INFO : EventManager : Event: ======'machine_var_audits_switches_s_upper_stationary'====== Args={'value': 0, 'prev_value': None, 'change': True}
2022-10-06 12:51:42,416 : INFO : EventManager : Event: ======'machine_var_audits_switches_s_vuk_back'====== Args={'value': 1, 'prev_value': None, 'change': True}
2022-10-06 12:51:42,416 : INFO : EventManager : Event: ======'machine_var_audits_switches_s_vuk_right'====== Args={'value': 3, 'prev_value': None, 'change': True}
2022-10-06 12:51:42,416 : INFO : EventManager : Event: ======'machine_var_audits_switches_s_vuk_top'====== Args={'value': 23, 'prev_value': None, 'change': True}
2022-10-06 12:51:42,417 : INFO : EventManager : Event: ======'init_phase_5'====== Args={}
2022-10-06 12:51:42,458 : INFO : EventManager : Event: ======'init_done'====== Args={}
2022-10-06 12:51:42,459 : INFO : EventManager : Event: ======'machine_reset_phase_1'====== Args={}
2022-10-06 12:51:42,459 : INFO : EventManager : Event: ======'machine_reset_phase_2'====== Args={}
2022-10-06 12:51:42,460 : INFO : EventManager : Event: ======'machine_reset_phase_3'====== Args={}
2022-10-06 12:51:42,460 : INFO : EventManager : Event: ======'mode_tilt_will_start'====== Args={'queue': <QueuedEvent>}
2022-10-06 12:51:42,461 : INFO : EventManager : Event: ======'mode_tilt_starting'====== Args={'queue': <QueuedEvent>}
2022-10-06 12:51:42,461 : INFO : drop_target_bank.mid : All targets are already up. Will not reset bank.
2022-10-06 12:51:42,461 : INFO : drop_target_bank.right : 1 targets are down. Will reset those.
2022-10-06 12:51:42,461 : INFO : coil.c_drop_right : Pulsing Driver for 10ms (1.0 pulse_power)
2022-10-06 12:51:42,462 : INFO : Mode.tilt : Started. Priority: 1000000
2022-10-06 12:51:42,462 : INFO : EventManager : Event: ======'modes_active_modes_changed'====== Args={}
2022-10-06 12:51:42,462 : INFO : EventManager : Event: ======'mode_tilt_started'====== Args={'queue': <QueuedEvent>}
2022-10-06 12:51:42,462 : INFO : EventManager : Event: ======'reset_complete'====== Args={}
2022-10-06 12:51:42,463 : INFO : EventManager : Event: ======'mode_attract_will_start'====== Args={}
2022-10-06 12:51:42,463 : INFO : EventManager : Event: ======'mode_attract_starting'====== Args={}
2022-10-06 12:51:42,463 : INFO : Mode.attract : Started. Priority: 10
2022-10-06 12:51:42,463 : INFO : EventManager : Event: ======'modes_active_modes_changed'====== Args={}
2022-10-06 12:51:42,463 : INFO : EventManager : Event: ======'mode_attract_started'====== Args={}
2022-10-06 12:51:42,463 : INFO : EventManager : Event: ======'collecting_balls_complete'====== Args={}
2022-10-06 12:51:42,502 : INFO : coil.c_drop_right : Pulsing Driver for 10ms (1.0 pulse_power)
2022-10-06 12:51:42,503 : INFO : Machine : Starting the main run loop.
2022-10-06 12:51:42,965 : INFO : EventManager : Event: ======'drop_target_bank_right_mixed'====== Args={'prev_value': <DropTargetBankState.MIXED: 'mixed'>, 'down': 1}
2022-10-06 12:51:43,128 : INFO : BcpServer : New client connected.
2022-10-06 12:51:50,172 : INFO : SwitchController : <<<<<<< 's_autolauncher' active >>>>>>>
2022-10-06 12:51:50,657 : INFO : EventManager : Event: ======'balldevice_bd_plunger_ball_count_changed'====== Args={'balls': 1}
2022-10-06 12:51:50,658 : INFO : ball_device.bd_plunger : Received unexpected ball
2022-10-06 12:51:50,658 : INFO : EventManager : Event: ======'balldevice_captured_from_playfield'====== Args={'balls': 1}
2022-10-06 12:51:50,658 : INFO : EventManager : Event: ======'sw_playfield_active'====== Args={'balls': 1}
2022-10-06 12:51:50,659 : INFO : EventManager : Event: ======'playfield_active'====== Args={}
2022-10-06 12:51:50,659 : INFO : EventManager : Event: ======'unexpected_ball_on_playfield'====== Args={}
2022-10-06 12:51:50,659 : INFO : EventManager : Event: ======'playfield_ball_count_change'====== Args={'balls': -1, 'change': -1}
2022-10-06 12:51:50,659 : INFO : EventManager : Event: ======'balldevice_playfield_ball_enter'====== Args={'new_balls': 1, 'unclaimed_balls': 1, 'device': <playfield.playfield>}
2022-10-06 12:51:50,660 : INFO : EventManager : Event: ======'playfield_ball_count_change'====== Args={'balls': 0, 'change': 1}
2022-10-06 12:51:50,660 : INFO : BallController : Found a new ball which was captured from playfield. Known balls: 3
2022-10-06 12:51:50,660 : INFO : EventManager : Event: ======'found_new_ball'====== Args={}
2022-10-06 12:51:50,660 : INFO : EventManager : Event: ======'balldevice_bd_plunger_ball_enter'====== Args={'new_balls': 1, 'unclaimed_balls': 1, 'new_available_balls': 1, 'device': <ball_device.bd_plunger>}
2022-10-06 12:51:50,661 : INFO : ball_device.bd_plunger : Ejecting 1 unexpected balls using path deque([<ball_device.bd_plunger>, <ball_device.bd_top_vuk>, <playfield.playfield>])
2022-10-06 12:51:50,661 : INFO : EventManager : Event: ======'balldevice_balls_available'====== Args={}
2022-10-06 12:51:50,661 : INFO : EventManager : Event: ======'balldevice_balls_available'====== Args={}
2022-10-06 12:51:50,661 : INFO : EventManager : Event: ======'balldevice_bd_plunger_ball_entered'====== Args={'new_balls': 1, 'device': <ball_device.bd_plunger>}
2022-10-06 12:51:50,662 : INFO : ball_device.bd_plunger : State: waiting_for_target_ready
2022-10-06 12:51:50,662 : INFO : EventManager : Event: ======'balldevice_bd_plunger_ball_eject_attempt'====== Args={'balls': 1, 'target': <ball_device.bd_top_vuk>, 'source': <ball_device.bd_plunger>, 'mechanical_eject': False, 'num_attempts': 0}
2022-10-06 12:51:50,663 : INFO : ball_device.bd_top_vuk : State: waiting_for_ball
2022-10-06 12:51:50,663 : INFO : ball_device.bd_plunger : State: ejecting
2022-10-06 12:51:50,663 : INFO : ball_device.bd_plunger : Ejecting ball to <ball_device.bd_top_vuk>
2022-10-06 12:51:50,663 : INFO : EventManager : Event: ======'balldevice_bd_plunger_ejecting_ball'====== Args={'balls': 1, 'target': <ball_device.bd_top_vuk>, 'source': <ball_device.bd_plunger>, 'mechanical_eject': False, 'num_attempts': 0}
2022-10-06 12:51:50,664 : INFO : ball_device.bd_plunger : Wait for ball to leave device
2022-10-06 12:51:50,664 : INFO : coil.c_autolauncher : Pulsing Driver for 20ms (0.9 pulse_power)
2022-10-06 12:51:50,703 : INFO : SwitchController : <<<<<<< 's_autolauncher' inactive >>>>>>>
2022-10-06 12:51:50,707 : INFO : ball_device.bd_plunger : State: ball_left
2022-10-06 12:51:50,707 : INFO : ball_device.bd_plunger : Ball left
2022-10-06 12:51:50,708 : INFO : ball_device.bd_plunger : Wait for confirm with timeout 2.0
2022-10-06 12:51:50,719 : INFO : SwitchController : <<<<<<< 's_autolauncher' active >>>>>>>
2022-10-06 12:51:50,797 : INFO : SwitchController : <<<<<<< 's_autolauncher' inactive >>>>>>>
2022-10-06 12:51:51,298 : INFO : SwitchController : <<<<<<< 's_autolauncher' active >>>>>>>
2022-10-06 12:51:51,484 : INFO : SwitchController : <<<<<<< 's_autolauncher' inactive >>>>>>>
2022-10-06 12:51:51,890 : INFO : SwitchController : <<<<<<< 's_autolauncher' active >>>>>>>
2022-10-06 12:51:52,719 : INFO : ball_device.bd_plunger : State: failed_confirm
2022-10-06 12:51:52,719 : INFO : ball_device.bd_plunger : Got timeout (2.0s) before confirm from <ball_device.bd_top_vuk>
2022-10-06 12:51:52,720 : INFO : ball_device.bd_plunger : Got unknown balls. Assuming a ball returned.
2022-10-06 12:51:52,720 : INFO : EventManager : Event: ======'balldevice_bd_plunger_ball_eject_failed'====== Args={'target': <ball_device.bd_top_vuk>, 'balls': 1, 'retry': True, 'num_attempts': 1}
2022-10-06 12:51:52,721 : INFO : ball_device.bd_plunger : State: waiting_for_target_ready
2022-10-06 12:51:52,721 : INFO : EventManager : Event: ======'balldevice_bd_plunger_ball_eject_attempt'====== Args={'balls': 1, 'target': <ball_device.bd_top_vuk>, 'source': <ball_device.bd_plunger>, 'mechanical_eject': False, 'num_attempts': 1}
2022-10-06 12:51:52,721 : INFO : ball_device.bd_plunger : State: ejecting
2022-10-06 12:51:52,722 : INFO : ball_device.bd_plunger : Ejecting ball to <ball_device.bd_top_vuk>
2022-10-06 12:51:52,722 : INFO : EventManager : Event: ======'balldevice_bd_plunger_ejecting_ball'====== Args={'balls': 1, 'target': <ball_device.bd_top_vuk>, 'source': <ball_device.bd_plunger>, 'mechanical_eject': False, 'num_attempts': 1}
2022-10-06 12:51:52,722 : INFO : ball_device.bd_plunger : Wait for ball to leave device
2022-10-06 12:51:52,722 : INFO : coil.c_autolauncher : Pulsing Driver for 20ms (0.9 pulse_power)
2022-10-06 12:51:52,767 : INFO : SwitchController : <<<<<<< 's_autolauncher' inactive >>>>>>>
2022-10-06 12:51:52,772 : INFO : ball_device.bd_plunger : State: ball_left
2022-10-06 12:51:52,772 : INFO : ball_device.bd_plunger : Ball left
2022-10-06 12:51:52,773 : INFO : ball_device.bd_plunger : Wait for confirm with timeout 2.0
2022-10-06 12:51:52,786 : INFO : SwitchController : <<<<<<< 's_autolauncher' active >>>>>>>
2022-10-06 12:51:52,845 : INFO : SwitchController : <<<<<<< 's_autolauncher' inactive >>>>>>>
2022-10-06 12:51:54,768 : INFO : ball_device.bd_plunger : State: failed_confirm
2022-10-06 12:51:54,768 : INFO : ball_device.bd_plunger : Got timeout (2.0s) before confirm from <ball_device.bd_top_vuk>
2022-10-06 12:52:14,771 : INFO : EventManager : Event: ======'balldevice_bd_plunger_ball_eject_failed'====== Args={'target': <ball_device.bd_top_vuk>, 'balls': 1, 'retry': True, 'num_attempts': 1}
2022-10-06 12:52:14,772 : WARNING : ball_device.bd_plunger : Path to <ball_device.bd_top_vuk> canceled. Assuming the ball jumped to <playfield.playfield>.
2022-10-06 12:52:14,772 : INFO : EventManager : Event: ======'balldevice_playfield_ball_enter'====== Args={'new_balls': 1, 'unclaimed_balls': 1, 'device': <playfield.playfield>}
2022-10-06 12:52:14,772 : INFO : EventManager : Event: ======'playfield_ball_count_change'====== Args={'balls': 1, 'change': 1}
2022-10-06 12:52:14,772 : INFO : ball_device.bd_plunger : 1 ball(s) missing from device. Mechanical eject? False
2022-10-06 12:52:14,772 : INFO : EventManager : Event: ======'balldevice_bd_plunger_ball_missing'====== Args={'balls': 1}
2022-10-06 12:52:14,773 : INFO : ball_device.bd_top_vuk : State: idle
2022-10-06 12:52:14,773 : INFO : EventManager : Event: ======'balldevice_ball_missing'====== Args={'balls': 1, 'name': 'bd_plunger'}
2022-10-06 12:52:14,773 : INFO : EventManager : Event: ======'balldevice_bd_plunger_ball_count_changed'====== Args={'balls': 0}
2022-10-06 12:52:14,774 : INFO : ball_device.bd_plunger : State: idle
2022-10-06 12:54:46,743 : INFO : SwitchController : <<<<<<< 's_right_flipper' active >>>>>>>
2022-10-06 12:54:47,070 : INFO : SwitchController : <<<<<<< 's_right_flipper' inactive >>>>>>>
2022-10-06 12:54:47,133 : INFO : SwitchController : <<<<<<< 's_right_flipper' active >>>>>>>
2022-10-06 12:54:47,180 : INFO : SwitchController : <<<<<<< 's_right_flipper' inactive >>>>>>>
2022-10-06 12:55:55,836 : INFO : SwitchController : <<<<<<< 's_launch' active >>>>>>>
2022-10-06 12:56:00,416 : INFO : SwitchController : <<<<<<< 's_launch' inactive >>>>>>>
2022-10-06 12:56:08,899 : INFO : SwitchController : <<<<<<< 's_trough_6' active >>>>>>>
2022-10-06 12:56:09,025 : INFO : SwitchController : <<<<<<< 's_trough_6' inactive >>>>>>>
2022-10-06 12:56:09,746 : INFO : SwitchController : <<<<<<< 's_trough_6' active >>>>>>>
2022-10-06 12:56:09,967 : INFO : SwitchController : <<<<<<< 's_trough_6' inactive >>>>>>>
2022-10-06 12:56:12,666 : INFO : SwitchController : <<<<<<< 's_trough_6' active >>>>>>>
2022-10-06 12:56:13,356 : INFO : SwitchController : <<<<<<< 's_trough_6' inactive >>>>>>>
2022-10-06 12:56:16,949 : INFO : SwitchController : <<<<<<< 's_launch' active >>>>>>>
2022-10-06 12:56:21,680 : INFO : SwitchController : <<<<<<< 's_launch' inactive >>>>>>>
2022-10-06 12:56:22,216 : INFO : SwitchController : <<<<<<< 's_trough_6' active >>>>>>>
2022-10-06 12:56:22,888 : INFO : SwitchController : <<<<<<< 's_trough_6' inactive >>>>>>>
2022-10-06 13:02:46,676 : INFO : SwitchController : <<<<<<< 's_trough_6' active >>>>>>>
2022-10-06 13:02:46,988 : INFO : SwitchController : <<<<<<< 's_trough_6' inactive >>>>>>>
2022-10-06 13:02:47,408 : INFO : SwitchController : <<<<<<< 's_trough_6' active >>>>>>>
2022-10-06 13:02:50,275 : INFO : SwitchController : <<<<<<< 's_trough_6' inactive >>>>>>>
2022-10-06 13:03:05,921 : INFO : SwitchController : <<<<<<< 's_trough_6' active >>>>>>>
2022-10-06 13:03:07,369 : INFO : SwitchController : <<<<<<< 's_trough_6' inactive >>>>>>>
2022-10-06 13:03:07,388 : INFO : SwitchController : <<<<<<< 's_trough_6' active >>>>>>>
2022-10-06 13:03:33,733 : INFO : SwitchController : <<<<<<< 's_launch' active >>>>>>>
2022-10-06 13:03:46,653 : INFO : SwitchController : <<<<<<< 's_launch' inactive >>>>>>>
2022-10-06 13:06:13,650 : INFO : Machine : Shutting down...
2022-10-06 13:06:13,650 : INFO : EventManager : Event: ======'shutdown'====== Args={}
2022-10-06 13:06:13,665 : WARNING : FAST : Port NET received more messages than were sent! Resetting!
2022-10-06 13:06:13,665 : WARNING : FAST : Port RGB received more messages than were sent! Resetting!
2022-10-06 13:06:13,758 : ERROR : FAST : Stop called on serial connection com9
2022-10-06 13:06:13,758 : ERROR : FAST : Stop called on serial connection com10
2022-10-06 13:06:13,991 : INFO : root : MPF run loop ended.
