2022-10-06 12:45:35,083 : INFO : root : Loading config.
2022-10-06 12:45:35,086 : INFO : YamlMultifileConfigLoader : Machine config file #1: config.yaml
2022-10-06 12:45:35,087 : INFO : ConfigProcessor : Loading config from cache: C:\Users\Tanner\AppData\Local\Temp\a6762098cb994b55cb03a478b26022ee.mpf_cache
2022-10-06 12:45:35,148 : INFO : ConfigProcessor : Loading config from cache: C:\Users\Tanner\AppData\Local\Temp\9cf7ccc27b21f4d6162237fadfc53e5a.mpf_cache
2022-10-06 12:45:35,149 : INFO : ConfigProcessor : Loading config from cache: C:\Users\Tanner\AppData\Local\Temp\c215df352878fee5d54f1a5ec5b16e7c.mpf_cache
2022-10-06 12:45:35,150 : INFO : ConfigProcessor : Loading config from cache: C:\Users\Tanner\AppData\Local\Temp\708062243e0edcfa77dd6b1521bd0d4e.mpf_cache
2022-10-06 12:45:35,151 : INFO : ConfigProcessor : Loading config from cache: C:\Users\Tanner\AppData\Local\Temp\c4174472f67f7b070dd6fb437c6feb0c.mpf_cache
2022-10-06 12:45:35,151 : INFO : ConfigProcessor : Loading config from cache: C:\Users\Tanner\AppData\Local\Temp\abaa92c43d134e3392cbb2346e6a16be.mpf_cache
2022-10-06 12:45:35,152 : INFO : ConfigProcessor : Loading config from cache: C:\Users\Tanner\AppData\Local\Temp\fc46d53fcb9fe6b8abf783d9c813390a.mpf_cache
2022-10-06 12:45:35,153 : INFO : Machine : Mission Pinball Framework Core Engine v0.55.0
2022-10-06 12:45:35,153 : INFO : Machine : Command line arguments: {'no_load_cache': False, 'create_config_cache': True, 'bcp': False, 'configfile': ['config.yaml'], 'force_assets_load': False, 'jsonlogging': False, 'logfile': 'logs\\2022-10-06-12-45-35-mpf-DESKTOP-7HNFDQ5.log', 'pause': False, 'production': False, 'text_ui': True, 'loglevel': 15, 'consoleloglevel': 20, 'force_platform': None, 'syslog_address': None, 'mc_file_name': None, 'no_sound': False}
2022-10-06 12:45:35,153 : INFO : Machine : MPF path: c:\users\tanner\appdata\local\programs\python\python37\lib\site-packages\mpf
2022-10-06 12:45:35,153 : INFO : Machine : Machine path: c:\trashland_2
2022-10-06 12:45:35,153 : INFO : Machine : Platform: win32
2022-10-06 12:45:35,153 : INFO : Machine : Python executable location: c:\users\tanner\appdata\local\programs\python\python37\python.exe
2022-10-06 12:45:35,153 : INFO : Machine : Python version: 3.7.8 (64-bit)
2022-10-06 12:45:35,154 : INFO : Machine : Initialise MPF.
2022-10-06 12:45:35,386 : INFO : FAST : Connecting to com9 at 921600bps
2022-10-06 12:45:35,429 : INFO : FAST : Connected! Processor: NET, Board Type: FP-CPU-002-2, Firmware: 01.05
2022-10-06 12:45:35,429 : INFO : EventManager : Event: ======'machine_var_fast_net_firmware'====== Args={'value': '01.05', 'prev_value': None, 'change': True}
2022-10-06 12:45:35,429 : INFO : EventManager : Event: ======'machine_var_fast_net_model'====== Args={'value': 'FP-CPU-002-2', 'prev_value': None, 'change': True}
2022-10-06 12:45:37,785 : WARNING : FAST : Got unexpected message from FAST: -N:30
2022-10-06 12:45:37,785 : WARNING : FAST : Got unexpected message from FAST: -N:33
2022-10-06 12:45:37,785 : WARNING : FAST : Got unexpected message from FAST: -N:34
2022-10-06 12:45:37,785 : WARNING : FAST : Got unexpected message from FAST: -N:38
2022-10-06 12:45:37,785 : WARNING : FAST : Got unexpected message from FAST: -N:40
2022-10-06 12:45:37,785 : WARNING : FAST : Got unexpected message from FAST: -N:41
2022-10-06 12:45:37,785 : WARNING : FAST : Got unexpected message from FAST: -N:42
2022-10-06 12:45:37,785 : WARNING : FAST : Got unexpected message from FAST: -N:43
2022-10-06 12:45:37,785 : WARNING : FAST : Got unexpected message from FAST: -N:44
2022-10-06 12:45:37,785 : WARNING : FAST : Got unexpected message from FAST: -N:5D
2022-10-06 12:45:37,896 : INFO : FAST : Connecting to com10 at 921600bps
2022-10-06 12:45:37,926 : INFO : FAST : Connected! Processor: RGB, Board Type: FP-CPU-002-2, Firmware: 00.87
2022-10-06 12:45:37,926 : INFO : EventManager : Event: ======'machine_var_fast_rgb_firmware'====== Args={'value': '00.87', 'prev_value': None, 'change': True}
2022-10-06 12:45:37,926 : INFO : EventManager : Event: ======'machine_var_fast_rgb_model'====== Args={'value': 'FP-CPU-002-2', 'prev_value': None, 'change': True}
2022-10-06 12:45:37,927 : INFO : EventManager : Event: ======'machine_var_credits_string'====== Args={'value': 'FREE PLAY', 'prev_value': None, 'change': True}
2022-10-06 12:45:37,968 : INFO : EventManager : Event: ======'machine_var_master_volume'====== Args={'value': 0.5, 'prev_value': None, 'change': True}
2022-10-06 12:45:37,968 : INFO : EventManager : Event: ======'machine_var_mpf_version'====== Args={'value': 'MPF v0.55.0', 'prev_value': None, 'change': True}
2022-10-06 12:45:37,968 : INFO : EventManager : Event: ======'machine_var_mpf_extended_version'====== Args={'value': 'MPF v0.55.0, Config version:5, Show version: 5, BCP version:1.1', 'prev_value': None, 'change': True}
2022-10-06 12:45:37,969 : INFO : EventManager : Event: ======'machine_var_python_version'====== Args={'value': '3.7.8', 'prev_value': None, 'change': True}
2022-10-06 12:45:37,969 : INFO : EventManager : Event: ======'machine_var_platform'====== Args={'value': 'Windows-10-10.0.19041-SP0', 'prev_value': None, 'change': True}
2022-10-06 12:45:37,969 : INFO : EventManager : Event: ======'machine_var_platform_system'====== Args={'value': 'Windows', 'prev_value': None, 'change': True}
2022-10-06 12:45:37,969 : INFO : EventManager : Event: ======'machine_var_platform_release'====== Args={'value': '10', 'prev_value': None, 'change': True}
2022-10-06 12:45:37,969 : INFO : EventManager : Event: ======'machine_var_platform_version'====== Args={'value': '10.0.19041', 'prev_value': None, 'change': True}
2022-10-06 12:45:37,969 : INFO : EventManager : Event: ======'machine_var_platform_machine'====== Args={'value': 'AMD64', 'prev_value': None, 'change': True}
2022-10-06 12:45:37,969 : INFO : EventManager : Event: ======'init_phase_1'====== Args={}
2022-10-06 12:45:38,006 : INFO : EventManager : Event: ======'drop_target_bank_mid_up'====== Args={}
2022-10-06 12:45:38,006 : INFO : EventManager : Event: ======'drop_target_bank_right_up'====== Args={}
2022-10-06 12:45:38,017 : INFO : EventManager : Event: ======'init_phase_2'====== Args={}
2022-10-06 12:45:38,018 : INFO : SwitchController : Found active switch: (('30', 1), <Platform.FAST>) <switch.s_drop_right_right>
2022-10-06 12:45:38,018 : INFO : SwitchController : Found active switch: (('3E', 1), <Platform.FAST>) <switch.s_trough_1>
2022-10-06 12:45:38,018 : INFO : SwitchController : Found active switch: (('3D', 1), <Platform.FAST>) <switch.s_trough_jam>
2022-10-06 12:45:38,018 : INFO : SwitchController : Found active switch: (('3C', 1), <Platform.FAST>) <switch.s_eos_right>
2022-10-06 12:45:38,018 : INFO : SwitchController : Found active switch: (('3B', 1), <Platform.FAST>) <switch.s_eos_left>
2022-10-06 12:45:38,025 : INFO : ball_device.bd_trough : BCH: Initial count: 2
2022-10-06 12:45:38,025 : INFO : ball_device.bd_trough : State: idle
2022-10-06 12:45:38,026 : INFO : ball_device.bd_plunger : BCH: Initial count: 0
2022-10-06 12:45:38,026 : INFO : ball_device.bd_plunger : State: idle
2022-10-06 12:45:38,027 : INFO : ball_device.bd_top_vuk : BCH: Initial count: 0
2022-10-06 12:45:38,027 : INFO : ball_device.bd_top_vuk : State: idle
2022-10-06 12:45:38,027 : INFO : ball_device.bd_right_vuk : BCH: Initial count: 0
2022-10-06 12:45:38,028 : INFO : ball_device.bd_right_vuk : State: idle
2022-10-06 12:45:38,028 : INFO : ball_device.bd_bot_vuk : BCH: Initial count: 0
2022-10-06 12:45:38,028 : INFO : ball_device.bd_bot_vuk : State: idle
2022-10-06 12:45:38,064 : INFO : EventManager : Event: ======'init_phase_3'====== Args={}
2022-10-06 12:45:38,098 : INFO : EventManager : Event: ======'init_phase_4'====== Args={}
2022-10-06 12:45:38,098 : INFO : EventManager : Event: ======'playfield_active'====== Args={}
2022-10-06 12:45:38,098 : INFO : EventManager : Event: ======'unexpected_ball_on_playfield'====== Args={}
2022-10-06 12:45:38,098 : INFO : EventManager : Event: ======'playfield_active'====== Args={}
2022-10-06 12:45:38,098 : INFO : EventManager : Event: ======'unexpected_ball_on_playfield'====== Args={}
2022-10-06 12:45:38,098 : INFO : EventManager : Event: ======'playfield_active'====== Args={}
2022-10-06 12:45:38,098 : INFO : EventManager : Event: ======'unexpected_ball_on_playfield'====== Args={}
2022-10-06 12:45:38,098 : INFO : EventManager : Event: ======'playfield_active'====== Args={}
2022-10-06 12:45:38,098 : INFO : EventManager : Event: ======'unexpected_ball_on_playfield'====== Args={}
2022-10-06 12:45:38,098 : INFO : EventManager : Event: ======'playfield_active'====== Args={}
2022-10-06 12:45:38,098 : INFO : EventManager : Event: ======'unexpected_ball_on_playfield'====== Args={}
2022-10-06 12:45:38,099 : INFO : EventManager : Event: ======'drop_target_right_right_down'====== Args={'device': <drop_target.right_right>}
2022-10-06 12:45:38,099 : INFO : EventManager : Event: ======'drop_target_bank_right_mixed'====== Args={'prev_value': <DropTargetBankState.UP: 'up'>, 'down': 1}
2022-10-06 12:45:38,099 : INFO : EventManager : Event: ======'playfield_active'====== Args={}
2022-10-06 12:45:38,099 : INFO : EventManager : Event: ======'unexpected_ball_on_playfield'====== Args={}
2022-10-06 12:45:38,099 : INFO : BallController : Initial balls found: 2
2022-10-06 12:45:38,101 : INFO : EventManager : Event: ======'machine_var_audits_events_game_ended'====== Args={'value': 0, 'prev_value': None, 'change': True}
2022-10-06 12:45:38,101 : INFO : EventManager : Event: ======'machine_var_audits_events_game_started'====== Args={'value': 0, 'prev_value': None, 'change': True}
2022-10-06 12:45:38,101 : INFO : EventManager : Event: ======'machine_var_audits_player_score'====== Args={'value': {'average': 0, 'top': [], 'total': 0}, 'prev_value': None, 'change': True}
2022-10-06 12:45:38,101 : INFO : EventManager : Event: ======'machine_var_audits_switches_s_autolauncher'====== Args={'value': 76, 'prev_value': None, 'change': True}
2022-10-06 12:45:38,101 : INFO : EventManager : Event: ======'machine_var_audits_switches_s_back_pop'====== Args={'value': 0, 'prev_value': None, 'change': True}
2022-10-06 12:45:38,102 : INFO : EventManager : Event: ======'machine_var_audits_switches_s_back_rollover'====== Args={'value': 0, 'prev_value': None, 'change': True}
2022-10-06 12:45:38,102 : INFO : EventManager : Event: ======'machine_var_audits_switches_s_back_stationary'====== Args={'value': 0, 'prev_value': None, 'change': True}
2022-10-06 12:45:38,102 : INFO : EventManager : Event: ======'machine_var_audits_switches_s_bot_back'====== Args={'value': 0, 'prev_value': None, 'change': True}
2022-10-06 12:45:38,102 : INFO : EventManager : Event: ======'machine_var_audits_switches_s_bot_big'====== Args={'value': 1, 'prev_value': None, 'change': True}
2022-10-06 12:45:38,102 : INFO : EventManager : Event: ======'machine_var_audits_switches_s_bot_left'====== Args={'value': 0, 'prev_value': None, 'change': True}
2022-10-06 12:45:38,102 : INFO : EventManager : Event: ======'machine_var_audits_switches_s_bot_right'====== Args={'value': 0, 'prev_value': None, 'change': True}
2022-10-06 12:45:38,102 : INFO : EventManager : Event: ======'machine_var_audits_switches_s_bot_rollover'====== Args={'value': 0, 'prev_value': None, 'change': True}
2022-10-06 12:45:38,102 : INFO : EventManager : Event: ======'machine_var_audits_switches_s_bot_vuk'====== Args={'value': 0, 'prev_value': None, 'change': True}
2022-10-06 12:45:38,103 : INFO : EventManager : Event: ======'machine_var_audits_switches_s_drop_mid_left'====== Args={'value': 74, 'prev_value': None, 'change': True}
2022-10-06 12:45:38,103 : INFO : EventManager : Event: ======'machine_var_audits_switches_s_drop_mid_mid'====== Args={'value': 83, 'prev_value': None, 'change': True}
2022-10-06 12:45:38,103 : INFO : EventManager : Event: ======'machine_var_audits_switches_s_drop_mid_right'====== Args={'value': 5, 'prev_value': None, 'change': True}
2022-10-06 12:45:38,103 : INFO : EventManager : Event: ======'machine_var_audits_switches_s_drop_right_left'====== Args={'value': 24, 'prev_value': None, 'change': True}
2022-10-06 12:45:38,103 : INFO : EventManager : Event: ======'machine_var_audits_switches_s_drop_right_right'====== Args={'value': 60, 'prev_value': None, 'change': True}
2022-10-06 12:45:38,103 : INFO : EventManager : Event: ======'machine_var_audits_switches_s_drop_single'====== Args={'value': 41, 'prev_value': None, 'change': True}
2022-10-06 12:45:38,104 : INFO : EventManager : Event: ======'machine_var_audits_switches_s_eos_left'====== Args={'value': 71, 'prev_value': None, 'change': True}
2022-10-06 12:45:38,104 : INFO : EventManager : Event: ======'machine_var_audits_switches_s_eos_left_top'====== Args={'value': 846, 'prev_value': None, 'change': True}
2022-10-06 12:45:38,104 : INFO : EventManager : Event: ======'machine_var_audits_switches_s_eos_right'====== Args={'value': 96, 'prev_value': None, 'change': True}
2022-10-06 12:45:38,104 : INFO : EventManager : Event: ======'machine_var_audits_switches_s_launch'====== Args={'value': 52, 'prev_value': None, 'change': True}
2022-10-06 12:45:38,104 : INFO : EventManager : Event: ======'machine_var_audits_switches_s_left_flipper'====== Args={'value': 948, 'prev_value': None, 'change': True}
2022-10-06 12:45:38,104 : INFO : EventManager : Event: ======'machine_var_audits_switches_s_left_inlane'====== Args={'value': 24, 'prev_value': None, 'change': True}
2022-10-06 12:45:38,105 : INFO : EventManager : Event: ======'machine_var_audits_switches_s_left_outlane'====== Args={'value': 5, 'prev_value': None, 'change': True}
2022-10-06 12:45:38,105 : INFO : EventManager : Event: ======'machine_var_audits_switches_s_pop_left'====== Args={'value': 157, 'prev_value': None, 'change': True}
2022-10-06 12:45:38,105 : INFO : EventManager : Event: ======'machine_var_audits_switches_s_pop_lower'====== Args={'value': 256, 'prev_value': None, 'change': True}
2022-10-06 12:45:38,105 : INFO : EventManager : Event: ======'machine_var_audits_switches_s_pop_right'====== Args={'value': 294, 'prev_value': None, 'change': True}
2022-10-06 12:45:38,105 : INFO : EventManager : Event: ======'machine_var_audits_switches_s_right_flipper'====== Args={'value': 973, 'prev_value': None, 'change': True}
2022-10-06 12:45:38,105 : INFO : EventManager : Event: ======'machine_var_audits_switches_s_right_inlane'====== Args={'value': 0, 'prev_value': None, 'change': True}
2022-10-06 12:45:38,106 : INFO : EventManager : Event: ======'machine_var_audits_switches_s_right_outlane'====== Args={'value': 79, 'prev_value': None, 'change': True}
2022-10-06 12:45:38,106 : INFO : EventManager : Event: ======'machine_var_audits_switches_s_rollover_left'====== Args={'value': 64, 'prev_value': None, 'change': True}
2022-10-06 12:45:38,106 : INFO : EventManager : Event: ======'machine_var_audits_switches_s_rollover_right'====== Args={'value': 46, 'prev_value': None, 'change': True}
2022-10-06 12:45:38,106 : INFO : EventManager : Event: ======'machine_var_audits_switches_s_sling_left'====== Args={'value': 39, 'prev_value': None, 'change': True}
2022-10-06 12:45:38,106 : INFO : EventManager : Event: ======'machine_var_audits_switches_s_sling_right'====== Args={'value': 110, 'prev_value': None, 'change': True}
2022-10-06 12:45:38,107 : INFO : EventManager : Event: ======'machine_var_audits_switches_s_start'====== Args={'value': 152, 'prev_value': None, 'change': True}
2022-10-06 12:45:38,107 : INFO : EventManager : Event: ======'machine_var_audits_switches_s_tilt'====== Args={'value': 126, 'prev_value': None, 'change': True}
2022-10-06 12:45:38,107 : INFO : EventManager : Event: ======'machine_var_audits_switches_s_transfer_rollover'====== Args={'value': 0, 'prev_value': None, 'change': True}
2022-10-06 12:45:38,107 : INFO : EventManager : Event: ======'machine_var_audits_switches_s_trough_1'====== Args={'value': 57, 'prev_value': None, 'change': True}
2022-10-06 12:45:38,108 : INFO : EventManager : Event: ======'machine_var_audits_switches_s_trough_2'====== Args={'value': 190, 'prev_value': None, 'change': True}
2022-10-06 12:45:38,108 : INFO : EventManager : Event: ======'machine_var_audits_switches_s_trough_3'====== Args={'value': 102, 'prev_value': None, 'change': True}
2022-10-06 12:45:38,108 : INFO : EventManager : Event: ======'machine_var_audits_switches_s_trough_4'====== Args={'value': 105, 'prev_value': None, 'change': True}
2022-10-06 12:45:38,108 : INFO : EventManager : Event: ======'machine_var_audits_switches_s_trough_5'====== Args={'value': 109, 'prev_value': None, 'change': True}
2022-10-06 12:45:38,108 : INFO : EventManager : Event: ======'machine_var_audits_switches_s_trough_6'====== Args={'value': 186, 'prev_value': None, 'change': True}
2022-10-06 12:45:38,109 : INFO : EventManager : Event: ======'machine_var_audits_switches_s_trough_jam'====== Args={'value': 108, 'prev_value': None, 'change': True}
2022-10-06 12:45:38,109 : INFO : EventManager : Event: ======'machine_var_audits_switches_s_upper_drop'====== Args={'value': 0, 'prev_value': None, 'change': True}
2022-10-06 12:45:38,109 : INFO : EventManager : Event: ======'machine_var_audits_switches_s_upper_rollover'====== Args={'value': 0, 'prev_value': None, 'change': True}
2022-10-06 12:45:38,109 : INFO : EventManager : Event: ======'machine_var_audits_switches_s_upper_stationary'====== Args={'value': 0, 'prev_value': None, 'change': True}
2022-10-06 12:45:38,110 : INFO : EventManager : Event: ======'machine_var_audits_switches_s_vuk_back'====== Args={'value': 1, 'prev_value': None, 'change': True}
2022-10-06 12:45:38,110 : INFO : EventManager : Event: ======'machine_var_audits_switches_s_vuk_right'====== Args={'value': 3, 'prev_value': None, 'change': True}
2022-10-06 12:45:38,110 : INFO : EventManager : Event: ======'machine_var_audits_switches_s_vuk_top'====== Args={'value': 23, 'prev_value': None, 'change': True}
2022-10-06 12:45:38,111 : INFO : EventManager : Event: ======'init_phase_5'====== Args={}
2022-10-06 12:45:38,153 : INFO : EventManager : Event: ======'init_done'====== Args={}
2022-10-06 12:45:38,154 : INFO : EventManager : Event: ======'machine_reset_phase_1'====== Args={}
2022-10-06 12:45:38,155 : INFO : BcpServer : New client connected.
2022-10-06 12:45:38,164 : INFO : EventManager : Event: ======'machine_reset_phase_2'====== Args={}
2022-10-06 12:45:38,165 : INFO : EventManager : Event: ======'machine_reset_phase_3'====== Args={}
2022-10-06 12:45:38,165 : INFO : EventManager : Event: ======'mode_tilt_will_start'====== Args={'queue': <QueuedEvent>}
2022-10-06 12:45:38,166 : INFO : EventManager : Event: ======'mode_tilt_starting'====== Args={'queue': <QueuedEvent>}
2022-10-06 12:45:38,166 : INFO : drop_target_bank.mid : All targets are already up. Will not reset bank.
2022-10-06 12:45:38,166 : INFO : drop_target_bank.right : 1 targets are down. Will reset those.
2022-10-06 12:45:38,166 : INFO : coil.c_drop_right : Pulsing Driver for 10ms (1.0 pulse_power)
2022-10-06 12:45:38,168 : INFO : Mode.tilt : Started. Priority: 1000000
2022-10-06 12:45:38,168 : INFO : EventManager : Event: ======'modes_active_modes_changed'====== Args={}
2022-10-06 12:45:38,168 : INFO : EventManager : Event: ======'mode_tilt_started'====== Args={'queue': <QueuedEvent>}
2022-10-06 12:45:38,168 : INFO : EventManager : Event: ======'reset_complete'====== Args={}
2022-10-06 12:45:38,169 : INFO : EventManager : Event: ======'mode_attract_will_start'====== Args={}
2022-10-06 12:45:38,169 : INFO : EventManager : Event: ======'mode_attract_starting'====== Args={}
2022-10-06 12:45:38,169 : INFO : Mode.attract : Started. Priority: 10
2022-10-06 12:45:38,169 : INFO : EventManager : Event: ======'modes_active_modes_changed'====== Args={}
2022-10-06 12:45:38,170 : INFO : EventManager : Event: ======'mode_attract_started'====== Args={}
2022-10-06 12:45:38,170 : INFO : EventManager : Event: ======'collecting_balls_complete'====== Args={}
2022-10-06 12:45:38,208 : INFO : coil.c_drop_right : Pulsing Driver for 10ms (1.0 pulse_power)
2022-10-06 12:45:38,209 : INFO : Machine : Starting the main run loop.
2022-10-06 12:45:38,670 : INFO : EventManager : Event: ======'drop_target_bank_right_mixed'====== Args={'prev_value': <DropTargetBankState.MIXED: 'mixed'>, 'down': 1}
2022-10-06 12:46:09,606 : INFO : SwitchController : <<<<<<< 's_left_flipper' active >>>>>>>
2022-10-06 12:46:09,625 : INFO : SwitchController : <<<<<<< 's_eos_left_top' active >>>>>>>
2022-10-06 12:46:09,811 : INFO : SwitchController : <<<<<<< 's_left_flipper' inactive >>>>>>>
2022-10-06 12:46:09,921 : INFO : SwitchController : <<<<<<< 's_eos_left_top' inactive >>>>>>>
2022-10-06 12:46:09,984 : INFO : SwitchController : <<<<<<< 's_left_flipper' active >>>>>>>
2022-10-06 12:46:10,014 : INFO : SwitchController : <<<<<<< 's_eos_left_top' active >>>>>>>
2022-10-06 12:46:10,389 : INFO : SwitchController : <<<<<<< 's_left_flipper' inactive >>>>>>>
2022-10-06 12:46:10,482 : INFO : SwitchController : <<<<<<< 's_eos_left_top' inactive >>>>>>>
2022-10-06 12:46:14,461 : INFO : SwitchController : <<<<<<< 's_bot_vuk' active >>>>>>>
2022-10-06 12:46:14,618 : INFO : SwitchController : <<<<<<< 's_bot_vuk' inactive >>>>>>>
2022-10-06 12:46:15,133 : INFO : SwitchController : <<<<<<< 's_bot_vuk' active >>>>>>>
2022-10-06 12:46:15,632 : INFO : EventManager : Event: ======'balldevice_bd_bot_vuk_ball_count_changed'====== Args={'balls': 1}
2022-10-06 12:46:15,632 : INFO : ball_device.bd_bot_vuk : Received unexpected ball
2022-10-06 12:46:15,633 : INFO : EventManager : Event: ======'balldevice_captured_from_playfield'====== Args={'balls': 1}
2022-10-06 12:46:15,633 : INFO : EventManager : Event: ======'sw_playfield_active'====== Args={'balls': 1}
2022-10-06 12:46:15,633 : INFO : EventManager : Event: ======'playfield_active'====== Args={}
2022-10-06 12:46:15,633 : INFO : EventManager : Event: ======'unexpected_ball_on_playfield'====== Args={}
2022-10-06 12:46:15,634 : INFO : EventManager : Event: ======'playfield_ball_count_change'====== Args={'balls': -1, 'change': -1}
2022-10-06 12:46:15,634 : INFO : EventManager : Event: ======'balldevice_playfield_ball_enter'====== Args={'new_balls': 1, 'unclaimed_balls': 1, 'device': <playfield.playfield>}
2022-10-06 12:46:15,634 : INFO : EventManager : Event: ======'playfield_ball_count_change'====== Args={'balls': 0, 'change': 1}
2022-10-06 12:46:15,635 : INFO : BallController : Found a new ball which was captured from playfield. Known balls: 3
2022-10-06 12:46:15,635 : INFO : EventManager : Event: ======'found_new_ball'====== Args={}
2022-10-06 12:46:15,635 : INFO : EventManager : Event: ======'balldevice_bd_bot_vuk_ball_enter'====== Args={'new_balls': 1, 'unclaimed_balls': 1, 'new_available_balls': 1, 'device': <ball_device.bd_bot_vuk>}
2022-10-06 12:46:15,635 : INFO : ball_device.bd_bot_vuk : Ejecting 1 unexpected balls using path deque([<ball_device.bd_bot_vuk>, <playfield.playfield>])
2022-10-06 12:46:15,636 : INFO : EventManager : Event: ======'balldevice_balls_available'====== Args={}
2022-10-06 12:46:15,636 : INFO : EventManager : Event: ======'balldevice_balls_available'====== Args={}
2022-10-06 12:46:15,636 : INFO : EventManager : Event: ======'balldevice_bd_bot_vuk_ball_entered'====== Args={'new_balls': 1, 'device': <ball_device.bd_bot_vuk>}
2022-10-06 12:46:15,637 : INFO : ball_device.bd_bot_vuk : State: waiting_for_target_ready
2022-10-06 12:46:15,637 : INFO : EventManager : Event: ======'balldevice_bd_bot_vuk_ball_eject_attempt'====== Args={'balls': 1, 'target': <playfield.playfield>, 'source': <ball_device.bd_bot_vuk>, 'mechanical_eject': False, 'num_attempts': 0}
2022-10-06 12:46:15,637 : INFO : ball_device.bd_bot_vuk : State: ejecting
2022-10-06 12:46:15,637 : INFO : ball_device.bd_bot_vuk : Ejecting ball to <playfield.playfield>
2022-10-06 12:46:15,638 : INFO : EventManager : Event: ======'balldevice_bd_bot_vuk_ejecting_ball'====== Args={'balls': 1, 'target': <playfield.playfield>, 'source': <ball_device.bd_bot_vuk>, 'mechanical_eject': False, 'num_attempts': 0}
2022-10-06 12:46:15,638 : INFO : ball_device.bd_bot_vuk : Wait for ball to leave device
2022-10-06 12:46:15,638 : INFO : coil.c_bot_vuk : Pulsing Driver for 10ms (1.0 pulse_power)
2022-10-06 12:46:15,775 : INFO : SwitchController : <<<<<<< 's_bot_vuk' inactive >>>>>>>
2022-10-06 12:46:15,780 : INFO : ball_device.bd_bot_vuk : State: ball_left
2022-10-06 12:46:15,780 : INFO : ball_device.bd_bot_vuk : Ball left
2022-10-06 12:46:15,780 : INFO : ball_device.bd_bot_vuk : Wait for confirm with timeout 2.0
2022-10-06 12:46:17,780 : INFO : ball_device.bd_bot_vuk : State: failed_confirm
2022-10-06 12:46:17,780 : INFO : ball_device.bd_bot_vuk : Got timeout (2.0s) before confirm from <playfield.playfield>
2022-10-06 12:46:17,875 : INFO : ball_device.bd_bot_vuk : Confirming eject because target is playfield and ball did not return.
2022-10-06 12:46:17,875 : INFO : ball_device.bd_bot_vuk : Eject successful
2022-10-06 12:46:17,875 : INFO : EventManager : Event: ======'balldevice_bd_bot_vuk_ball_eject_success'====== Args={'balls': 1, 'target': <playfield.playfield>}
2022-10-06 12:46:17,875 : INFO : EventManager : Event: ======'balldevice_playfield_ball_enter'====== Args={'new_balls': 1, 'unclaimed_balls': 1, 'device': <playfield.playfield>}
2022-10-06 12:46:17,876 : INFO : EventManager : Event: ======'playfield_ball_count_change'====== Args={'balls': 1, 'change': 1}
2022-10-06 12:46:17,876 : INFO : EventManager : Event: ======'balldevice_bd_bot_vuk_ball_count_changed'====== Args={'balls': 0}
2022-10-06 12:46:17,876 : INFO : ball_device.bd_bot_vuk : State: idle
2022-10-06 12:46:36,210 : INFO : SwitchController : <<<<<<< 's_left_flipper' active >>>>>>>
2022-10-06 12:46:36,230 : INFO : SwitchController : <<<<<<< 's_left_flipper' inactive >>>>>>>
2022-10-06 12:46:36,230 : INFO : SwitchController : <<<<<<< 's_left_flipper' active >>>>>>>
2022-10-06 12:46:36,244 : INFO : SwitchController : <<<<<<< 's_eos_left_top' active >>>>>>>
2022-10-06 12:46:36,447 : INFO : SwitchController : <<<<<<< 's_left_flipper' inactive >>>>>>>
2022-10-06 12:46:36,465 : INFO : SwitchController : <<<<<<< 's_left_flipper' active >>>>>>>
2022-10-06 12:46:36,466 : INFO : SwitchController : <<<<<<< 's_left_flipper' inactive >>>>>>>
2022-10-06 12:46:36,572 : INFO : SwitchController : <<<<<<< 's_eos_left_top' inactive >>>>>>>
2022-10-06 12:46:44,116 : INFO : SwitchController : <<<<<<< 's_left_flipper' active >>>>>>>
2022-10-06 12:46:44,135 : INFO : SwitchController : <<<<<<< 's_eos_left_top' active >>>>>>>
2022-10-06 12:46:44,963 : INFO : SwitchController : <<<<<<< 's_left_flipper' inactive >>>>>>>
2022-10-06 12:46:44,981 : INFO : SwitchController : <<<<<<< 's_left_flipper' active >>>>>>>
2022-10-06 12:46:44,982 : INFO : SwitchController : <<<<<<< 's_left_flipper' inactive >>>>>>>
2022-10-06 12:46:45,088 : INFO : SwitchController : <<<<<<< 's_eos_left_top' inactive >>>>>>>
2022-10-06 12:46:51,950 : INFO : SwitchController : <<<<<<< 's_pop_left' active >>>>>>>
2022-10-06 12:46:51,951 : INFO : SwitchController : <<<<<<< 's_pop_left' inactive >>>>>>>
2022-10-06 12:46:51,969 : INFO : SwitchController : <<<<<<< 's_pop_left' active >>>>>>>
2022-10-06 12:46:51,985 : INFO : SwitchController : <<<<<<< 's_pop_left' inactive >>>>>>>
2022-10-06 12:46:52,013 : INFO : SwitchController : <<<<<<< 's_pop_left' active >>>>>>>
2022-10-06 12:46:52,032 : INFO : SwitchController : <<<<<<< 's_pop_left' inactive >>>>>>>
2022-10-06 12:46:52,032 : INFO : SwitchController : <<<<<<< 's_pop_left' active >>>>>>>
2022-10-06 12:46:52,046 : INFO : SwitchController : <<<<<<< 's_pop_left' inactive >>>>>>>
2022-10-06 12:47:07,512 : INFO : SwitchController : <<<<<<< 's_launch' active >>>>>>>
2022-10-06 12:47:11,862 : INFO : SwitchController : <<<<<<< 's_autolauncher' active >>>>>>>
2022-10-06 12:47:12,003 : INFO : SwitchController : <<<<<<< 's_autolauncher' inactive >>>>>>>
2022-10-06 12:47:12,004 : INFO : SwitchController : <<<<<<< 's_autolauncher' active >>>>>>>
2022-10-06 12:47:12,020 : INFO : SwitchController : <<<<<<< 's_autolauncher' inactive >>>>>>>
2022-10-06 12:47:12,983 : INFO : SwitchController : <<<<<<< 's_autolauncher' active >>>>>>>
2022-10-06 12:47:13,156 : INFO : SwitchController : <<<<<<< 's_autolauncher' inactive >>>>>>>
2022-10-06 12:47:13,297 : INFO : SwitchController : <<<<<<< 's_autolauncher' active >>>>>>>
2022-10-06 12:47:13,345 : INFO : SwitchController : <<<<<<< 's_autolauncher' inactive >>>>>>>
2022-10-06 12:47:13,392 : INFO : SwitchController : <<<<<<< 's_autolauncher' active >>>>>>>
2022-10-06 12:47:13,422 : INFO : SwitchController : <<<<<<< 's_autolauncher' inactive >>>>>>>
2022-10-06 12:47:13,562 : INFO : SwitchController : <<<<<<< 's_autolauncher' active >>>>>>>
2022-10-06 12:47:13,674 : INFO : SwitchController : <<<<<<< 's_autolauncher' inactive >>>>>>>
2022-10-06 12:47:13,783 : INFO : SwitchController : <<<<<<< 's_autolauncher' active >>>>>>>
2022-10-06 12:47:14,286 : INFO : EventManager : Event: ======'balldevice_bd_plunger_ball_count_changed'====== Args={'balls': 1}
2022-10-06 12:47:14,286 : INFO : ball_device.bd_plunger : Received unexpected ball
2022-10-06 12:47:14,286 : INFO : EventManager : Event: ======'balldevice_captured_from_playfield'====== Args={'balls': 1}
2022-10-06 12:47:14,287 : INFO : EventManager : Event: ======'sw_playfield_active'====== Args={'balls': 1}
2022-10-06 12:47:14,287 : INFO : EventManager : Event: ======'playfield_ball_count_change'====== Args={'balls': 0, 'change': -1}
2022-10-06 12:47:14,288 : INFO : EventManager : Event: ======'balldevice_bd_plunger_ball_enter'====== Args={'new_balls': 1, 'unclaimed_balls': 1, 'new_available_balls': 1, 'device': <ball_device.bd_plunger>}
2022-10-06 12:47:14,288 : INFO : ball_device.bd_plunger : Ejecting 1 unexpected balls using path deque([<ball_device.bd_plunger>, <ball_device.bd_top_vuk>, <playfield.playfield>])
2022-10-06 12:47:14,288 : INFO : EventManager : Event: ======'balldevice_balls_available'====== Args={}
2022-10-06 12:47:14,288 : INFO : EventManager : Event: ======'balldevice_balls_available'====== Args={}
2022-10-06 12:47:14,289 : INFO : EventManager : Event: ======'balldevice_bd_plunger_ball_entered'====== Args={'new_balls': 1, 'device': <ball_device.bd_plunger>}
2022-10-06 12:47:14,289 : INFO : ball_device.bd_plunger : State: waiting_for_target_ready
2022-10-06 12:47:14,290 : INFO : EventManager : Event: ======'balldevice_bd_plunger_ball_eject_attempt'====== Args={'balls': 1, 'target': <ball_device.bd_top_vuk>, 'source': <ball_device.bd_plunger>, 'mechanical_eject': False, 'num_attempts': 0}
2022-10-06 12:47:14,290 : INFO : ball_device.bd_top_vuk : State: waiting_for_ball
2022-10-06 12:47:14,290 : INFO : ball_device.bd_plunger : State: ejecting
2022-10-06 12:47:14,290 : INFO : ball_device.bd_plunger : Ejecting ball to <ball_device.bd_top_vuk>
2022-10-06 12:47:14,291 : INFO : EventManager : Event: ======'balldevice_bd_plunger_ejecting_ball'====== Args={'balls': 1, 'target': <ball_device.bd_top_vuk>, 'source': <ball_device.bd_plunger>, 'mechanical_eject': False, 'num_attempts': 0}
2022-10-06 12:47:14,291 : INFO : ball_device.bd_plunger : Wait for ball to leave device
2022-10-06 12:47:14,291 : INFO : coil.c_autolauncher : Pulsing Driver for 20ms (0.9 pulse_power)
2022-10-06 12:47:14,330 : INFO : SwitchController : <<<<<<< 's_autolauncher' inactive >>>>>>>
2022-10-06 12:47:14,335 : INFO : ball_device.bd_plunger : State: ball_left
2022-10-06 12:47:14,335 : INFO : ball_device.bd_plunger : Ball left
2022-10-06 12:47:14,335 : INFO : ball_device.bd_plunger : Wait for confirm with timeout 2.0
2022-10-06 12:47:14,360 : INFO : SwitchController : <<<<<<< 's_autolauncher' active >>>>>>>
2022-10-06 12:47:14,360 : INFO : SwitchController : <<<<<<< 's_autolauncher' inactive >>>>>>>
2022-10-06 12:47:16,336 : INFO : ball_device.bd_plunger : State: failed_confirm
2022-10-06 12:47:16,336 : INFO : ball_device.bd_plunger : Got timeout (2.0s) before confirm from <ball_device.bd_top_vuk>
2022-10-06 12:47:16,680 : INFO : SwitchController : <<<<<<< 's_autolauncher' active >>>>>>>
2022-10-06 12:47:17,056 : INFO : SwitchController : <<<<<<< 's_autolauncher' inactive >>>>>>>
2022-10-06 12:47:17,074 : INFO : SwitchController : <<<<<<< 's_autolauncher' active >>>>>>>
2022-10-06 12:47:17,103 : INFO : SwitchController : <<<<<<< 's_autolauncher' inactive >>>>>>>
2022-10-06 12:47:17,150 : INFO : SwitchController : <<<<<<< 's_autolauncher' active >>>>>>>
2022-10-06 12:47:17,649 : INFO : SwitchController : <<<<<<< 's_autolauncher' inactive >>>>>>>
2022-10-06 12:47:17,650 : INFO : SwitchController : <<<<<<< 's_autolauncher' active >>>>>>>
2022-10-06 12:47:17,652 : INFO : ball_device.bd_plunger : Got unknown balls. Assuming a ball returned.
2022-10-06 12:47:17,652 : INFO : EventManager : Event: ======'balldevice_bd_plunger_ball_eject_failed'====== Args={'target': <ball_device.bd_top_vuk>, 'balls': 1, 'retry': True, 'num_attempts': 1}
2022-10-06 12:47:18,148 : INFO : ball_device.bd_plunger : State: waiting_for_target_ready
2022-10-06 12:47:18,148 : INFO : EventManager : Event: ======'balldevice_bd_plunger_ball_eject_attempt'====== Args={'balls': 1, 'target': <ball_device.bd_top_vuk>, 'source': <ball_device.bd_plunger>, 'mechanical_eject': False, 'num_attempts': 1}
2022-10-06 12:47:18,149 : INFO : ball_device.bd_plunger : State: ejecting
2022-10-06 12:47:18,149 : INFO : ball_device.bd_plunger : Ejecting ball to <ball_device.bd_top_vuk>
2022-10-06 12:47:18,149 : INFO : EventManager : Event: ======'balldevice_bd_plunger_ejecting_ball'====== Args={'balls': 1, 'target': <ball_device.bd_top_vuk>, 'source': <ball_device.bd_plunger>, 'mechanical_eject': False, 'num_attempts': 1}
2022-10-06 12:47:18,150 : INFO : ball_device.bd_plunger : Wait for ball to leave device
2022-10-06 12:47:18,150 : INFO : coil.c_autolauncher : Pulsing Driver for 20ms (0.9 pulse_power)
2022-10-06 12:47:18,195 : INFO : SwitchController : <<<<<<< 's_autolauncher' inactive >>>>>>>
2022-10-06 12:47:18,200 : INFO : ball_device.bd_plunger : State: ball_left
2022-10-06 12:47:18,200 : INFO : ball_device.bd_plunger : Ball left
2022-10-06 12:47:18,201 : INFO : ball_device.bd_plunger : Wait for confirm with timeout 2.0
2022-10-06 12:47:18,258 : INFO : SwitchController : <<<<<<< 's_autolauncher' active >>>>>>>
2022-10-06 12:47:18,280 : INFO : SwitchController : <<<<<<< 's_autolauncher' inactive >>>>>>>
2022-10-06 12:47:19,463 : INFO : SwitchController : <<<<<<< 's_launch' inactive >>>>>>>
2022-10-06 12:47:20,198 : INFO : ball_device.bd_plunger : State: failed_confirm
2022-10-06 12:47:20,198 : INFO : ball_device.bd_plunger : Got timeout (2.0s) before confirm from <ball_device.bd_top_vuk>
2022-10-06 12:47:23,597 : INFO : SwitchController : <<<<<<< 's_autolauncher' active >>>>>>>
2022-10-06 12:47:23,616 : INFO : SwitchController : <<<<<<< 's_autolauncher' inactive >>>>>>>
2022-10-06 12:47:23,675 : INFO : SwitchController : <<<<<<< 's_autolauncher' active >>>>>>>
2022-10-06 12:47:23,706 : INFO : SwitchController : <<<<<<< 's_autolauncher' inactive >>>>>>>
2022-10-06 12:47:23,726 : INFO : SwitchController : <<<<<<< 's_autolauncher' active >>>>>>>
2022-10-06 12:47:23,741 : INFO : SwitchController : <<<<<<< 's_autolauncher' inactive >>>>>>>
2022-10-06 12:47:23,757 : INFO : SwitchController : <<<<<<< 's_autolauncher' active >>>>>>>
2022-10-06 12:47:23,773 : INFO : SwitchController : <<<<<<< 's_autolauncher' inactive >>>>>>>
2022-10-06 12:47:23,802 : INFO : SwitchController : <<<<<<< 's_autolauncher' active >>>>>>>
2022-10-06 12:47:24,177 : INFO : SwitchController : <<<<<<< 's_autolauncher' inactive >>>>>>>
2022-10-06 12:47:24,177 : INFO : SwitchController : <<<<<<< 's_autolauncher' active >>>>>>>
2022-10-06 12:47:24,553 : INFO : SwitchController : <<<<<<< 's_autolauncher' inactive >>>>>>>
2022-10-06 12:47:24,574 : INFO : SwitchController : <<<<<<< 's_autolauncher' active >>>>>>>
2022-10-06 12:47:24,588 : INFO : SwitchController : <<<<<<< 's_autolauncher' inactive >>>>>>>
2022-10-06 12:47:24,604 : INFO : SwitchController : <<<<<<< 's_autolauncher' active >>>>>>>
2022-10-06 12:47:25,102 : INFO : ball_device.bd_plunger : Got unknown balls. Assuming a ball returned.
2022-10-06 12:47:25,102 : INFO : EventManager : Event: ======'balldevice_bd_plunger_ball_eject_failed'====== Args={'target': <ball_device.bd_top_vuk>, 'balls': 1, 'retry': True, 'num_attempts': 2}
2022-10-06 12:47:25,103 : INFO : ball_device.bd_plunger : State: waiting_for_target_ready
2022-10-06 12:47:25,103 : INFO : EventManager : Event: ======'balldevice_bd_plunger_ball_eject_attempt'====== Args={'balls': 1, 'target': <ball_device.bd_top_vuk>, 'source': <ball_device.bd_plunger>, 'mechanical_eject': False, 'num_attempts': 2}
2022-10-06 12:47:25,104 : INFO : ball_device.bd_plunger : State: ejecting
2022-10-06 12:47:25,104 : INFO : ball_device.bd_plunger : Ejecting ball to <ball_device.bd_top_vuk>
2022-10-06 12:47:25,104 : INFO : EventManager : Event: ======'balldevice_bd_plunger_ejecting_ball'====== Args={'balls': 1, 'target': <ball_device.bd_top_vuk>, 'source': <ball_device.bd_plunger>, 'mechanical_eject': False, 'num_attempts': 2}
2022-10-06 12:47:25,105 : INFO : ball_device.bd_plunger : Wait for ball to leave device
2022-10-06 12:47:25,105 : INFO : coil.c_autolauncher : Pulsing Driver for 20ms (0.9 pulse_power)
2022-10-06 12:47:25,279 : INFO : SwitchController : <<<<<<< 's_autolauncher' inactive >>>>>>>
2022-10-06 12:47:25,283 : INFO : ball_device.bd_plunger : State: ball_left
2022-10-06 12:47:25,284 : INFO : ball_device.bd_plunger : Ball left
2022-10-06 12:47:25,284 : INFO : ball_device.bd_plunger : Wait for confirm with timeout 2.0
2022-10-06 12:47:25,385 : INFO : SwitchController : <<<<<<< 's_autolauncher' active >>>>>>>
2022-10-06 12:47:25,510 : INFO : SwitchController : <<<<<<< 's_autolauncher' inactive >>>>>>>
2022-10-06 12:47:25,557 : INFO : SwitchController : <<<<<<< 's_autolauncher' active >>>>>>>
2022-10-06 12:47:25,576 : INFO : SwitchController : <<<<<<< 's_autolauncher' inactive >>>>>>>
2022-10-06 12:47:25,592 : INFO : SwitchController : <<<<<<< 's_autolauncher' active >>>>>>>
2022-10-06 12:47:25,607 : INFO : SwitchController : <<<<<<< 's_autolauncher' inactive >>>>>>>
2022-10-06 12:47:25,608 : INFO : SwitchController : <<<<<<< 's_autolauncher' active >>>>>>>
2022-10-06 12:47:25,622 : INFO : SwitchController : <<<<<<< 's_autolauncher' inactive >>>>>>>
2022-10-06 12:47:25,745 : INFO : SwitchController : <<<<<<< 's_autolauncher' active >>>>>>>
2022-10-06 12:47:26,201 : INFO : SwitchController : <<<<<<< 's_autolauncher' inactive >>>>>>>
2022-10-06 12:47:26,201 : INFO : SwitchController : <<<<<<< 's_autolauncher' active >>>>>>>
2022-10-06 12:47:26,341 : INFO : SwitchController : <<<<<<< 's_autolauncher' inactive >>>>>>>
2022-10-06 12:47:26,388 : INFO : SwitchController : <<<<<<< 's_autolauncher' active >>>>>>>
2022-10-06 12:47:26,389 : INFO : SwitchController : <<<<<<< 's_autolauncher' inactive >>>>>>>
2022-10-06 12:47:27,186 : INFO : SwitchController : <<<<<<< 's_autolauncher' active >>>>>>>
2022-10-06 12:47:27,286 : INFO : ball_device.bd_plunger : State: failed_confirm
2022-10-06 12:47:27,286 : INFO : ball_device.bd_plunger : Got timeout (2.0s) before confirm from <ball_device.bd_top_vuk>
2022-10-06 12:47:27,673 : INFO : ball_device.bd_plunger : Got unknown balls. Assuming a ball returned.
2022-10-06 12:47:27,673 : INFO : EventManager : Event: ======'balldevice_bd_plunger_ball_eject_failed'====== Args={'target': <ball_device.bd_top_vuk>, 'balls': 1, 'retry': True, 'num_attempts': 3}
2022-10-06 12:47:27,674 : INFO : ball_device.bd_plunger : State: waiting_for_target_ready
2022-10-06 12:47:27,674 : INFO : EventManager : Event: ======'balldevice_bd_plunger_ball_eject_attempt'====== Args={'balls': 1, 'target': <ball_device.bd_top_vuk>, 'source': <ball_device.bd_plunger>, 'mechanical_eject': False, 'num_attempts': 3}
2022-10-06 12:47:27,675 : INFO : ball_device.bd_plunger : State: ejecting
2022-10-06 12:47:27,675 : INFO : ball_device.bd_plunger : Ejecting ball to <ball_device.bd_top_vuk>
2022-10-06 12:47:27,675 : INFO : EventManager : Event: ======'balldevice_bd_plunger_ejecting_ball'====== Args={'balls': 1, 'target': <ball_device.bd_top_vuk>, 'source': <ball_device.bd_plunger>, 'mechanical_eject': False, 'num_attempts': 3}
2022-10-06 12:47:27,676 : INFO : ball_device.bd_plunger : Wait for ball to leave device
2022-10-06 12:47:27,676 : INFO : coil.c_autolauncher : Pulsing Driver for 20ms (0.9 pulse_power)
2022-10-06 12:47:29,124 : INFO : SwitchController : <<<<<<< 's_autolauncher' inactive >>>>>>>
2022-10-06 12:47:29,129 : INFO : ball_device.bd_plunger : State: ball_left
2022-10-06 12:47:29,129 : INFO : ball_device.bd_plunger : Ball left
2022-10-06 12:47:29,129 : INFO : ball_device.bd_plunger : Wait for confirm with timeout 2.0
2022-10-06 12:47:29,156 : INFO : SwitchController : <<<<<<< 's_autolauncher' active >>>>>>>
2022-10-06 12:47:29,161 : INFO : SwitchController : <<<<<<< 's_autolauncher' inactive >>>>>>>
2022-10-06 12:47:29,217 : INFO : SwitchController : <<<<<<< 's_autolauncher' active >>>>>>>
2022-10-06 12:47:29,263 : INFO : SwitchController : <<<<<<< 's_autolauncher' inactive >>>>>>>
2022-10-06 12:47:29,326 : INFO : SwitchController : <<<<<<< 's_autolauncher' active >>>>>>>
2022-10-06 12:47:29,327 : INFO : SwitchController : <<<<<<< 's_autolauncher' inactive >>>>>>>
2022-10-06 12:47:29,372 : INFO : SwitchController : <<<<<<< 's_autolauncher' active >>>>>>>
2022-10-06 12:47:29,392 : INFO : SwitchController : <<<<<<< 's_autolauncher' inactive >>>>>>>
2022-10-06 12:47:29,406 : INFO : SwitchController : <<<<<<< 's_autolauncher' active >>>>>>>
2022-10-06 12:47:29,560 : INFO : SwitchController : <<<<<<< 's_autolauncher' inactive >>>>>>>
2022-10-06 12:47:29,578 : INFO : SwitchController : <<<<<<< 's_autolauncher' active >>>>>>>
2022-10-06 12:47:29,622 : INFO : SwitchController : <<<<<<< 's_autolauncher' inactive >>>>>>>
2022-10-06 12:47:29,641 : INFO : SwitchController : <<<<<<< 's_autolauncher' active >>>>>>>
2022-10-06 12:47:29,654 : INFO : SwitchController : <<<<<<< 's_autolauncher' inactive >>>>>>>
2022-10-06 12:47:29,675 : INFO : SwitchController : <<<<<<< 's_autolauncher' active >>>>>>>
2022-10-06 12:47:29,675 : INFO : SwitchController : <<<<<<< 's_autolauncher' inactive >>>>>>>
2022-10-06 12:47:31,118 : INFO : ball_device.bd_plunger : State: failed_confirm
2022-10-06 12:47:31,118 : INFO : ball_device.bd_plunger : Got timeout (2.0s) before confirm from <ball_device.bd_top_vuk>
2022-10-06 12:47:39,154 : ERROR : asyncio : Exception in callback SerialTransport._poll_read()
handle: <TimerHandle when=21637.796499999997 SerialTransport._poll_read()>
Traceback (most recent call last):
  File "c:\users\tanner\appdata\local\programs\python\python37\lib\asyncio\events.py", line 88, in _run
    self._context.run(self._callback, *self._args)
  File "c:\users\tanner\appdata\local\programs\python\python37\lib\site-packages\serial_asyncio\__init__.py", line 275, in _poll_read
    if self.serial.in_waiting:
  File "c:\users\tanner\appdata\local\programs\python\python37\lib\site-packages\serial\serialwin32.py", line 259, in in_waiting
    raise SerialException("ClearCommError failed ({!r})".format(ctypes.WinError()))
serial.serialutil.SerialException: ClearCommError failed (PermissionError(13, 'Access is denied.', None, 5))
2022-10-06 12:47:39,155 : ERROR : asyncio : Exception in callback SerialTransport._poll_read()
handle: <TimerHandle when=21637.796499999997 SerialTransport._poll_read()>
Traceback (most recent call last):
  File "c:\users\tanner\appdata\local\programs\python\python37\lib\asyncio\events.py", line 88, in _run
    self._context.run(self._callback, *self._args)
  File "c:\users\tanner\appdata\local\programs\python\python37\lib\site-packages\serial_asyncio\__init__.py", line 275, in _poll_read
    if self.serial.in_waiting:
  File "c:\users\tanner\appdata\local\programs\python\python37\lib\site-packages\serial\serialwin32.py", line 259, in in_waiting
    raise SerialException("ClearCommError failed ({!r})".format(ctypes.WinError()))
serial.serialutil.SerialException: ClearCommError failed (PermissionError(13, 'Access is denied.', None, 5))
2022-10-06 12:47:39,159 : INFO : Machine : Shutting down...
2022-10-06 12:47:39,163 : INFO : EventManager : Event: ======'shutdown'====== Args={}
2022-10-06 12:47:39,165 : ERROR : asyncio : Fatal write error on serial transport
protocol: <asyncio.streams.StreamReaderProtocol object at 0x0000017A99236608>
transport: SerialTransport(<_WindowsSelectorEventLoop running=True closed=False debug=False>, <asyncio.streams.StreamReaderProtocol object at 0x0000017A99236608>, Serial<id=0x17a99236688, open=True>(port='com9', baudrate=921600, bytesize=8, parity='N', stopbits=1, timeout=0, xonxoff=False, rtscts=False, dsrdtr=False))
Traceback (most recent call last):
  File "c:\users\tanner\appdata\local\programs\python\python37\lib\site-packages\serial_asyncio\__init__.py", line 120, in write
    n = self._serial.write(data)
  File "c:\users\tanner\appdata\local\programs\python\python37\lib\site-packages\serial\serialwin32.py", line 336, in write
    raise SerialException("WriteFile failed ({!r})".format(ctypes.WinError()))
serial.serialutil.SerialException: WriteFile failed (PermissionError(13, 'Access is denied.', None, 5))
2022-10-06 12:47:39,166 : ERROR : asyncio : Exception in callback SerialTransport._call_connection_lost(SerialExcepti...', None, 5))"))
handle: <Handle SerialTransport._call_connection_lost(SerialExcepti...', None, 5))"))>
Traceback (most recent call last):
  File "c:\users\tanner\appdata\local\programs\python\python37\lib\asyncio\events.py", line 88, in _run
    self._context.run(self._callback, *self._args)
  File "c:\users\tanner\appdata\local\programs\python\python37\lib\site-packages\serial_asyncio\__init__.py", line 390, in _call_connection_lost
    self._serial.flush()
  File "c:\users\tanner\appdata\local\programs\python\python37\lib\site-packages\serial\serialwin32.py", line 345, in flush
    while self.out_waiting:
  File "c:\users\tanner\appdata\local\programs\python\python37\lib\site-packages\serial\serialwin32.py", line 447, in out_waiting
    raise SerialException("ClearCommError failed ({!r})".format(ctypes.WinError()))
serial.serialutil.SerialException: ClearCommError failed (PermissionError(13, 'Access is denied.', None, 5))
2022-10-06 12:47:39,167 : ERROR : asyncio : Fatal write error on serial transport
protocol: <asyncio.streams.StreamReaderProtocol object at 0x0000017A99257948>
transport: SerialTransport(<_WindowsSelectorEventLoop running=True closed=False debug=False>, <asyncio.streams.StreamReaderProtocol object at 0x0000017A99257948>, Serial<id=0x17a99257808, open=True>(port='com10', baudrate=921600, bytesize=8, parity='N', stopbits=1, timeout=0, xonxoff=False, rtscts=False, dsrdtr=False))
Traceback (most recent call last):
  File "c:\users\tanner\appdata\local\programs\python\python37\lib\site-packages\serial_asyncio\__init__.py", line 120, in write
    n = self._serial.write(data)
  File "c:\users\tanner\appdata\local\programs\python\python37\lib\site-packages\serial\serialwin32.py", line 336, in write
    raise SerialException("WriteFile failed ({!r})".format(ctypes.WinError()))
serial.serialutil.SerialException: WriteFile failed (PermissionError(13, 'Access is denied.', None, 5))
2022-10-06 12:47:39,167 : ERROR : asyncio : Exception in callback SerialTransport._call_connection_lost(SerialExcepti...', None, 5))"))
handle: <Handle SerialTransport._call_connection_lost(SerialExcepti...', None, 5))"))>
Traceback (most recent call last):
  File "c:\users\tanner\appdata\local\programs\python\python37\lib\asyncio\events.py", line 88, in _run
    self._context.run(self._callback, *self._args)
  File "c:\users\tanner\appdata\local\programs\python\python37\lib\site-packages\serial_asyncio\__init__.py", line 390, in _call_connection_lost
    self._serial.flush()
  File "c:\users\tanner\appdata\local\programs\python\python37\lib\site-packages\serial\serialwin32.py", line 345, in flush
    while self.out_waiting:
  File "c:\users\tanner\appdata\local\programs\python\python37\lib\site-packages\serial\serialwin32.py", line 447, in out_waiting
    raise SerialException("ClearCommError failed ({!r})".format(ctypes.WinError()))
serial.serialutil.SerialException: ClearCommError failed (PermissionError(13, 'Access is denied.', None, 5))
2022-10-06 12:47:39,264 : ERROR : FAST : Stop called on serial connection com9
2022-10-06 12:47:39,264 : ERROR : FAST : Stop called on serial connection com10
2022-10-06 12:47:39,266 : ERROR : Machine : Runtime Exception
Traceback (most recent call last):
  File "c:\users\tanner\appdata\local\programs\python\python37\lib\site-packages\mpf\core\machine.py", line 769, in _run_loop
    raise self._exception['exception']
  File "c:\users\tanner\appdata\local\programs\python\python37\lib\asyncio\events.py", line 88, in _run
    self._context.run(self._callback, *self._args)
  File "c:\users\tanner\appdata\local\programs\python\python37\lib\site-packages\serial_asyncio\__init__.py", line 275, in _poll_read
    if self.serial.in_waiting:
  File "c:\users\tanner\appdata\local\programs\python\python37\lib\site-packages\serial\serialwin32.py", line 259, in in_waiting
    raise SerialException("ClearCommError failed ({!r})".format(ctypes.WinError()))
serial.serialutil.SerialException: ClearCommError failed (PermissionError(13, 'Access is denied.', None, 5))
2022-10-06 12:47:39,331 : ERROR : root : ClearCommError failed (PermissionError(13, 'Access is denied.', None, 5))
2022-10-06 12:51:29,861 : INFO : root : MPF run loop ended.
