2022-10-21 10:32:11,487 : INFO : root : Loading config.
2022-10-21 10:32:11,490 : INFO : YamlMultifileConfigLoader : Machine config file #1: config.yaml
2022-10-21 10:32:11,490 : WARNING : ConfigProcessor : Config file in cache changed: c:\trashland_2\config\config.yaml
2022-10-21 10:32:11,491 : INFO : ConfigProcessor : Loading config from file c:\users\tanner\appdata\local\programs\python\python37\lib\site-packages\mpf\mpfconfig.yaml.
2022-10-21 10:32:11,559 : INFO : ConfigProcessor : Loading config: c:\users\tanner\appdata\local\programs\python\python37\lib\site-packages\mpf\mpfconfig.yaml
2022-10-21 10:32:11,560 : INFO : ConfigProcessor : Loading config from file c:\trashland_2\config\config.yaml.
2022-10-21 10:32:11,666 : INFO : ConfigProcessor : Loading config: c:\trashland_2\config\config.yaml
2022-10-21 10:32:11,669 : INFO : ConfigProcessor : Config file cache created: C:\Users\Tanner\AppData\Local\Temp\a6762098cb994b55cb03a478b26022ee.mpf_cache
2022-10-21 10:32:11,733 : INFO : ConfigProcessor : Loading config from cache: C:\Users\Tanner\AppData\Local\Temp\9cf7ccc27b21f4d6162237fadfc53e5a.mpf_cache
2022-10-21 10:32:11,734 : INFO : ConfigProcessor : Loading config from cache: C:\Users\Tanner\AppData\Local\Temp\c215df352878fee5d54f1a5ec5b16e7c.mpf_cache
2022-10-21 10:32:11,735 : INFO : ConfigProcessor : Loading config from cache: C:\Users\Tanner\AppData\Local\Temp\708062243e0edcfa77dd6b1521bd0d4e.mpf_cache
2022-10-21 10:32:11,735 : INFO : ConfigProcessor : Loading config from cache: C:\Users\Tanner\AppData\Local\Temp\9cf7ccc27b21f4d6162237fadfc53e5a.mpf_cache
2022-10-21 10:32:11,736 : INFO : ConfigProcessor : Loading config from cache: C:\Users\Tanner\AppData\Local\Temp\c4174472f67f7b070dd6fb437c6feb0c.mpf_cache
2022-10-21 10:32:11,737 : INFO : ConfigProcessor : Loading config from cache: C:\Users\Tanner\AppData\Local\Temp\33b306b4bf49d065496332ee9ac2494c.mpf_cache
2022-10-21 10:32:11,738 : INFO : ConfigProcessor : Loading config from cache: C:\Users\Tanner\AppData\Local\Temp\9e6b4d5e43fd00e219ba7c739d818ad6.mpf_cache
2022-10-21 10:32:11,738 : INFO : ConfigProcessor : Loading config from cache: C:\Users\Tanner\AppData\Local\Temp\abaa92c43d134e3392cbb2346e6a16be.mpf_cache
2022-10-21 10:32:11,739 : INFO : ConfigProcessor : Loading config from cache: C:\Users\Tanner\AppData\Local\Temp\fc46d53fcb9fe6b8abf783d9c813390a.mpf_cache
2022-10-21 10:32:11,740 : INFO : ConfigProcessor : Loading config from cache: C:\Users\Tanner\AppData\Local\Temp\b46de592c65b9a27a1f4965daee53c91.mpf_cache
2022-10-21 10:32:11,740 : INFO : ConfigProcessor : Loading config from cache: C:\Users\Tanner\AppData\Local\Temp\5b50cb1d58cd4116013cda74c2923169.mpf_cache
2022-10-21 10:32:11,743 : INFO : ConfigProcessor : Loading config from cache: C:\Users\Tanner\AppData\Local\Temp\2734ac1662e5e62f2e4cb2a8d902a8f2.mpf_cache
2022-10-21 10:32:11,745 : INFO : ConfigProcessor : Loading config from cache: C:\Users\Tanner\AppData\Local\Temp\fe169133106b4804e097dca6b78afaf5.mpf_cache
2022-10-21 10:32:11,746 : INFO : ConfigProcessor : Loading config from cache: C:\Users\Tanner\AppData\Local\Temp\d4f531e94c6a484dd08e4121f6e3a74e.mpf_cache
2022-10-21 10:32:11,746 : INFO : ConfigProcessor : Loading config from cache: C:\Users\Tanner\AppData\Local\Temp\e9c431c8aa2f7ab7b37617b37185d68f.mpf_cache
2022-10-21 10:32:11,748 : INFO : ConfigProcessor : Loading config from cache: C:\Users\Tanner\AppData\Local\Temp\07112933e6abcdb1819075df64aee3c0.mpf_cache
2022-10-21 10:32:11,749 : INFO : Machine : Mission Pinball Framework Core Engine v0.55.0
2022-10-21 10:32:11,749 : INFO : Machine : Command line arguments: {'no_load_cache': False, 'create_config_cache': True, 'bcp': False, 'configfile': ['config.yaml'], 'force_assets_load': False, 'jsonlogging': False, 'logfile': 'logs\\2022-10-21-10-32-11-mpf-DESKTOP-7HNFDQ5.log', 'pause': False, 'production': False, 'text_ui': True, 'loglevel': 15, 'consoleloglevel': 20, 'force_platform': None, 'syslog_address': None, 'mc_file_name': None, 'no_sound': False}
2022-10-21 10:32:11,749 : INFO : Machine : MPF path: c:\users\tanner\appdata\local\programs\python\python37\lib\site-packages\mpf
2022-10-21 10:32:11,749 : INFO : Machine : Machine path: c:\trashland_2
2022-10-21 10:32:11,749 : INFO : Machine : Platform: win32
2022-10-21 10:32:11,749 : INFO : Machine : Python executable location: c:\users\tanner\appdata\local\programs\python\python37\python.exe
2022-10-21 10:32:11,749 : INFO : Machine : Python version: 3.7.8 (64-bit)
2022-10-21 10:32:11,751 : INFO : Machine : Initialise MPF.
2022-10-21 10:32:12,039 : INFO : FAST : Connecting to com14 at 921600bps
2022-10-21 10:32:12,151 : INFO : FAST : Connected! Processor: NET, Board Type: FP-CPU-002-2, Firmware: 01.05
2022-10-21 10:32:12,151 : INFO : EventManager : Event: ======'machine_var_fast_net_firmware'====== Args={'value': '01.05', 'prev_value': None, 'change': True}
2022-10-21 10:32:12,151 : INFO : EventManager : Event: ======'machine_var_fast_net_model'====== Args={'value': 'FP-CPU-002-2', 'prev_value': None, 'change': True}
2022-10-21 10:32:14,508 : WARNING : FAST : Got unexpected message from FAST: -N:0A
2022-10-21 10:32:14,508 : WARNING : FAST : Got unexpected message from FAST: -N:0F
2022-10-21 10:32:14,508 : WARNING : FAST : Got unexpected message from FAST: -N:11
2022-10-21 10:32:14,508 : WARNING : FAST : Got unexpected message from FAST: -N:2B
2022-10-21 10:32:14,508 : WARNING : FAST : Got unexpected message from FAST: -N:2C
2022-10-21 10:32:14,508 : WARNING : FAST : Got unexpected message from FAST: -N:2D
2022-10-21 10:32:14,508 : WARNING : FAST : Got unexpected message from FAST: -N:33
2022-10-21 10:32:14,508 : WARNING : FAST : Got unexpected message from FAST: -N:34
2022-10-21 10:32:14,508 : WARNING : FAST : Got unexpected message from FAST: -N:38
2022-10-21 10:32:14,508 : WARNING : FAST : Got unexpected message from FAST: -N:3D
2022-10-21 10:32:14,509 : WARNING : FAST : Got unexpected message from FAST: -N:40
2022-10-21 10:32:14,509 : WARNING : FAST : Got unexpected message from FAST: -N:41
2022-10-21 10:32:14,509 : WARNING : FAST : Got unexpected message from FAST: -N:42
2022-10-21 10:32:14,509 : WARNING : FAST : Got unexpected message from FAST: -N:48
2022-10-21 10:32:14,509 : WARNING : FAST : Got unexpected message from FAST: -N:5D
2022-10-21 10:32:14,618 : INFO : FAST : Connecting to com15 at 921600bps
2022-10-21 10:32:14,745 : INFO : FAST : Connected! Processor: RGB, Board Type: FP-CPU-002-2, Firmware: 00.87
2022-10-21 10:32:14,745 : INFO : EventManager : Event: ======'machine_var_fast_rgb_firmware'====== Args={'value': '00.87', 'prev_value': None, 'change': True}
2022-10-21 10:32:14,746 : INFO : EventManager : Event: ======'machine_var_fast_rgb_model'====== Args={'value': 'FP-CPU-002-2', 'prev_value': None, 'change': True}
2022-10-21 10:32:14,746 : INFO : EventManager : Event: ======'machine_var_credits_string'====== Args={'value': 'FREE PLAY', 'prev_value': None, 'change': True}
2022-10-21 10:32:14,792 : INFO : EventManager : Event: ======'machine_var_master_volume'====== Args={'value': 0.5, 'prev_value': None, 'change': True}
2022-10-21 10:32:14,792 : INFO : EventManager : Event: ======'machine_var_player1_score'====== Args={'value': 400, 'prev_value': None, 'change': True}
2022-10-21 10:32:14,792 : INFO : EventManager : Event: ======'machine_var_mpf_version'====== Args={'value': 'MPF v0.55.0', 'prev_value': None, 'change': True}
2022-10-21 10:32:14,792 : INFO : EventManager : Event: ======'machine_var_mpf_extended_version'====== Args={'value': 'MPF v0.55.0, Config version:5, Show version: 5, BCP version:1.1', 'prev_value': None, 'change': True}
2022-10-21 10:32:14,792 : INFO : EventManager : Event: ======'machine_var_python_version'====== Args={'value': '3.7.8', 'prev_value': None, 'change': True}
2022-10-21 10:32:14,792 : INFO : EventManager : Event: ======'machine_var_platform'====== Args={'value': 'Windows-10-10.0.19041-SP0', 'prev_value': None, 'change': True}
2022-10-21 10:32:14,792 : INFO : EventManager : Event: ======'machine_var_platform_system'====== Args={'value': 'Windows', 'prev_value': None, 'change': True}
2022-10-21 10:32:14,793 : INFO : EventManager : Event: ======'machine_var_platform_release'====== Args={'value': '10', 'prev_value': None, 'change': True}
2022-10-21 10:32:14,793 : INFO : EventManager : Event: ======'machine_var_platform_version'====== Args={'value': '10.0.19041', 'prev_value': None, 'change': True}
2022-10-21 10:32:14,793 : INFO : EventManager : Event: ======'machine_var_platform_machine'====== Args={'value': 'AMD64', 'prev_value': None, 'change': True}
2022-10-21 10:32:14,793 : INFO : EventManager : Event: ======'init_phase_1'====== Args={}
2022-10-21 10:32:14,829 : INFO : EventManager : Event: ======'drop_target_bank_single_main_up'====== Args={}
2022-10-21 10:32:14,830 : INFO : EventManager : Event: ======'drop_target_bank_single_upper_up'====== Args={}
2022-10-21 10:32:14,830 : INFO : EventManager : Event: ======'drop_target_bank_mid_up'====== Args={}
2022-10-21 10:32:14,830 : INFO : EventManager : Event: ======'drop_target_bank_right_up'====== Args={}
2022-10-21 10:32:14,848 : INFO : EventManager : Event: ======'init_phase_2'====== Args={}
2022-10-21 10:32:14,849 : INFO : SwitchController : Found active switch: (('0A', 1), <Platform.FAST>) <switch.s_drop_upper>
2022-10-21 10:32:14,849 : INFO : SwitchController : Found active switch: (('2D', 1), <Platform.FAST>) <switch.s_drop_mid_right>
2022-10-21 10:32:14,849 : INFO : SwitchController : Found active switch: (('2C', 1), <Platform.FAST>) <switch.s_drop_mid_mid>
2022-10-21 10:32:14,849 : INFO : SwitchController : Found active switch: (('2B', 1), <Platform.FAST>) <switch.s_drop_mid_left>
2022-10-21 10:32:14,849 : INFO : SwitchController : Found active switch: (('43', 1), <Platform.FAST>) <switch.s_trough_3>
2022-10-21 10:32:14,849 : INFO : SwitchController : Found active switch: (('44', 1), <Platform.FAST>) <switch.s_trough_2>
2022-10-21 10:32:14,849 : INFO : SwitchController : Found active switch: (('49', 1), <Platform.FAST>) <switch.s_trough_jam>
2022-10-21 10:32:14,849 : INFO : SwitchController : Found active switch: (('3B', 1), <Platform.FAST>) <switch.s_eos_left>
2022-10-21 10:32:14,857 : INFO : ball_device.bd_trough : BCH: Initial count: 3
2022-10-21 10:32:14,858 : INFO : ball_device.bd_trough : State: idle
2022-10-21 10:32:14,858 : INFO : ball_device.bd_plunger : BCH: Initial count: 0
2022-10-21 10:32:14,859 : INFO : ball_device.bd_plunger : State: idle
2022-10-21 10:32:14,859 : INFO : ball_device.bd_top_vuk : BCH: Initial count: 0
2022-10-21 10:32:14,859 : INFO : ball_device.bd_top_vuk : State: idle
2022-10-21 10:32:14,860 : INFO : ball_device.bd_right_vuk : BCH: Initial count: 0
2022-10-21 10:32:14,861 : INFO : ball_device.bd_right_vuk : State: idle
2022-10-21 10:32:14,861 : INFO : ball_device.bd_bot_vuk : BCH: Initial count: 0
2022-10-21 10:32:14,861 : INFO : ball_device.bd_bot_vuk : State: idle
2022-10-21 10:32:14,918 : INFO : EventManager : Event: ======'init_phase_3'====== Args={}
2022-10-21 10:32:15,539 : INFO : EventManager : Event: ======'init_phase_4'====== Args={}
2022-10-21 10:32:15,539 : INFO : EventManager : Event: ======'playfield_active'====== Args={}
2022-10-21 10:32:15,539 : INFO : EventManager : Event: ======'unexpected_ball_on_playfield'====== Args={}
2022-10-21 10:32:15,540 : INFO : EventManager : Event: ======'playfield_active'====== Args={}
2022-10-21 10:32:15,540 : INFO : EventManager : Event: ======'unexpected_ball_on_playfield'====== Args={}
2022-10-21 10:32:15,540 : INFO : EventManager : Event: ======'playfield_active'====== Args={}
2022-10-21 10:32:15,540 : INFO : EventManager : Event: ======'unexpected_ball_on_playfield'====== Args={}
2022-10-21 10:32:15,540 : INFO : EventManager : Event: ======'playfield_active'====== Args={}
2022-10-21 10:32:15,540 : INFO : EventManager : Event: ======'unexpected_ball_on_playfield'====== Args={}
2022-10-21 10:32:15,540 : INFO : EventManager : Event: ======'drop_target_d_drop_upper_down'====== Args={'device': <drop_target.d_drop_upper>}
2022-10-21 10:32:15,540 : INFO : EventManager : Event: ======'drop_target_bank_single_upper_down'====== Args={}
2022-10-21 10:32:15,540 : INFO : EventManager : Event: ======'playfield_active'====== Args={}
2022-10-21 10:32:15,540 : INFO : EventManager : Event: ======'unexpected_ball_on_playfield'====== Args={}
2022-10-21 10:32:15,540 : INFO : EventManager : Event: ======'drop_target_mid_right_down'====== Args={'device': <drop_target.mid_right>}
2022-10-21 10:32:15,540 : INFO : EventManager : Event: ======'drop_target_bank_mid_mixed'====== Args={'prev_value': <DropTargetBankState.UP: 'up'>, 'down': 1}
2022-10-21 10:32:15,540 : INFO : EventManager : Event: ======'playfield_active'====== Args={}
2022-10-21 10:32:15,540 : INFO : EventManager : Event: ======'unexpected_ball_on_playfield'====== Args={}
2022-10-21 10:32:15,541 : INFO : EventManager : Event: ======'drop_target_mid_mid_down'====== Args={'device': <drop_target.mid_mid>}
2022-10-21 10:32:15,541 : INFO : EventManager : Event: ======'drop_target_bank_mid_mixed'====== Args={'prev_value': <DropTargetBankState.MIXED: 'mixed'>, 'down': 2}
2022-10-21 10:32:15,541 : INFO : EventManager : Event: ======'playfield_active'====== Args={}
2022-10-21 10:32:15,541 : INFO : EventManager : Event: ======'unexpected_ball_on_playfield'====== Args={}
2022-10-21 10:32:15,541 : INFO : EventManager : Event: ======'drop_target_mid_left_down'====== Args={'device': <drop_target.mid_left>}
2022-10-21 10:32:15,541 : INFO : EventManager : Event: ======'drop_target_bank_mid_down'====== Args={}
2022-10-21 10:32:15,541 : INFO : BallController : Initial balls found: 3
2022-10-21 10:32:15,544 : INFO : EventManager : Event: ======'machine_var_audits_events_game_ended'====== Args={'value': 0, 'prev_value': None, 'change': True}
2022-10-21 10:32:15,544 : INFO : EventManager : Event: ======'machine_var_audits_events_game_started'====== Args={'value': 0, 'prev_value': None, 'change': True}
2022-10-21 10:32:15,544 : INFO : EventManager : Event: ======'machine_var_audits_player_score'====== Args={'value': {'average': 8732.173913043476, 'top': [25700, 18620, 17680, 14760, 11850, 11660, 10540, 10140, 10000, 9260], 'total': 23}, 'prev_value': None, 'change': True}
2022-10-21 10:32:15,544 : INFO : EventManager : Event: ======'machine_var_audits_shots_left_inlane'====== Args={'value': 20, 'prev_value': None, 'change': True}
2022-10-21 10:32:15,544 : INFO : EventManager : Event: ======'machine_var_audits_shots_left_outlane'====== Args={'value': 5, 'prev_value': None, 'change': True}
2022-10-21 10:32:15,544 : INFO : EventManager : Event: ======'machine_var_audits_shots_left_pop'====== Args={'value': 87, 'prev_value': None, 'change': True}
2022-10-21 10:32:15,544 : INFO : EventManager : Event: ======'machine_var_audits_shots_left_return'====== Args={'value': 10, 'prev_value': None, 'change': True}
2022-10-21 10:32:15,545 : INFO : EventManager : Event: ======'machine_var_audits_shots_lower_pop'====== Args={'value': 111, 'prev_value': None, 'change': True}
2022-10-21 10:32:15,545 : INFO : EventManager : Event: ======'machine_var_audits_shots_r_left_inlane'====== Args={'value': 3, 'prev_value': None, 'change': True}
2022-10-21 10:32:15,545 : INFO : EventManager : Event: ======'machine_var_audits_shots_r_left_outlane'====== Args={'value': 2, 'prev_value': None, 'change': True}
2022-10-21 10:32:15,545 : INFO : EventManager : Event: ======'machine_var_audits_shots_r_right_inlane'====== Args={'value': 12, 'prev_value': None, 'change': True}
2022-10-21 10:32:15,545 : INFO : EventManager : Event: ======'machine_var_audits_shots_r_right_outlane'====== Args={'value': 18, 'prev_value': None, 'change': True}
2022-10-21 10:32:15,545 : INFO : EventManager : Event: ======'machine_var_audits_shots_right_inlane'====== Args={'value': 12, 'prev_value': None, 'change': True}
2022-10-21 10:32:15,545 : INFO : EventManager : Event: ======'machine_var_audits_shots_right_outlane'====== Args={'value': 144, 'prev_value': None, 'change': True}
2022-10-21 10:32:15,545 : INFO : EventManager : Event: ======'machine_var_audits_shots_right_pop'====== Args={'value': 90, 'prev_value': None, 'change': True}
2022-10-21 10:32:15,546 : INFO : EventManager : Event: ======'machine_var_audits_shots_scoop'====== Args={'value': 103, 'prev_value': None, 'change': True}
2022-10-21 10:32:15,546 : INFO : EventManager : Event: ======'machine_var_audits_shots_single_drop_shot'====== Args={'value': 9, 'prev_value': None, 'change': True}
2022-10-21 10:32:15,546 : INFO : EventManager : Event: ======'machine_var_audits_switches_s_autolauncher'====== Args={'value': 210, 'prev_value': None, 'change': True}
2022-10-21 10:32:15,546 : INFO : EventManager : Event: ======'machine_var_audits_switches_s_back_pop'====== Args={'value': 15, 'prev_value': None, 'change': True}
2022-10-21 10:32:15,546 : INFO : EventManager : Event: ======'machine_var_audits_switches_s_back_rollover'====== Args={'value': 0, 'prev_value': None, 'change': True}
2022-10-21 10:32:15,546 : INFO : EventManager : Event: ======'machine_var_audits_switches_s_back_stationary'====== Args={'value': 3, 'prev_value': None, 'change': True}
2022-10-21 10:32:15,547 : INFO : EventManager : Event: ======'machine_var_audits_switches_s_bot_back'====== Args={'value': 1, 'prev_value': None, 'change': True}
2022-10-21 10:32:15,547 : INFO : EventManager : Event: ======'machine_var_audits_switches_s_bot_big'====== Args={'value': 4, 'prev_value': None, 'change': True}
2022-10-21 10:32:15,547 : INFO : EventManager : Event: ======'machine_var_audits_switches_s_bot_left'====== Args={'value': 0, 'prev_value': None, 'change': True}
2022-10-21 10:32:15,547 : INFO : EventManager : Event: ======'machine_var_audits_switches_s_bot_right'====== Args={'value': 1, 'prev_value': None, 'change': True}
2022-10-21 10:32:15,547 : INFO : EventManager : Event: ======'machine_var_audits_switches_s_bot_rollover'====== Args={'value': 1, 'prev_value': None, 'change': True}
2022-10-21 10:32:15,547 : INFO : EventManager : Event: ======'machine_var_audits_switches_s_bot_vuk'====== Args={'value': 34, 'prev_value': None, 'change': True}
2022-10-21 10:32:15,548 : INFO : EventManager : Event: ======'machine_var_audits_switches_s_drop_mid_left'====== Args={'value': 118, 'prev_value': None, 'change': True}
2022-10-21 10:32:15,548 : INFO : EventManager : Event: ======'machine_var_audits_switches_s_drop_mid_mid'====== Args={'value': 135, 'prev_value': None, 'change': True}
2022-10-21 10:32:15,548 : INFO : EventManager : Event: ======'machine_var_audits_switches_s_drop_mid_right'====== Args={'value': 47, 'prev_value': None, 'change': True}
2022-10-21 10:32:15,548 : INFO : EventManager : Event: ======'machine_var_audits_switches_s_drop_right_left'====== Args={'value': 38, 'prev_value': None, 'change': True}
2022-10-21 10:32:15,548 : INFO : EventManager : Event: ======'machine_var_audits_switches_s_drop_right_right'====== Args={'value': 71, 'prev_value': None, 'change': True}
2022-10-21 10:32:15,549 : INFO : EventManager : Event: ======'machine_var_audits_switches_s_drop_single'====== Args={'value': 50, 'prev_value': None, 'change': True}
2022-10-21 10:32:15,549 : INFO : EventManager : Event: ======'machine_var_audits_switches_s_drop_upper'====== Args={'value': 0, 'prev_value': None, 'change': True}
2022-10-21 10:32:15,549 : INFO : EventManager : Event: ======'machine_var_audits_switches_s_eos_left'====== Args={'value': 305, 'prev_value': None, 'change': True}
2022-10-21 10:32:15,549 : INFO : EventManager : Event: ======'machine_var_audits_switches_s_eos_left_top'====== Args={'value': 1509, 'prev_value': None, 'change': True}
2022-10-21 10:32:15,549 : INFO : EventManager : Event: ======'machine_var_audits_switches_s_eos_right'====== Args={'value': 1334, 'prev_value': None, 'change': True}
2022-10-21 10:32:15,550 : INFO : EventManager : Event: ======'machine_var_audits_switches_s_launch'====== Args={'value': 200, 'prev_value': None, 'change': True}
2022-10-21 10:32:15,550 : INFO : EventManager : Event: ======'machine_var_audits_switches_s_left_flipper'====== Args={'value': 1656, 'prev_value': None, 'change': True}
2022-10-21 10:32:15,550 : INFO : EventManager : Event: ======'machine_var_audits_switches_s_left_inlane'====== Args={'value': 54, 'prev_value': None, 'change': True}
2022-10-21 10:32:15,550 : INFO : EventManager : Event: ======'machine_var_audits_switches_s_left_orbit_prox'====== Args={'value': 87, 'prev_value': None, 'change': True}
2022-10-21 10:32:15,550 : INFO : EventManager : Event: ======'machine_var_audits_switches_s_left_outlane'====== Args={'value': 12, 'prev_value': None, 'change': True}
2022-10-21 10:32:15,551 : INFO : EventManager : Event: ======'machine_var_audits_switches_s_left_return'====== Args={'value': 10, 'prev_value': None, 'change': True}
2022-10-21 10:32:15,551 : INFO : EventManager : Event: ======'machine_var_audits_switches_s_pop_left'====== Args={'value': 279, 'prev_value': None, 'change': True}
2022-10-21 10:32:15,551 : INFO : EventManager : Event: ======'machine_var_audits_switches_s_pop_lower'====== Args={'value': 391, 'prev_value': None, 'change': True}
2022-10-21 10:32:15,551 : INFO : EventManager : Event: ======'machine_var_audits_switches_s_pop_right'====== Args={'value': 438, 'prev_value': None, 'change': True}
2022-10-21 10:32:15,552 : INFO : EventManager : Event: ======'machine_var_audits_switches_s_right_flipper'====== Args={'value': 1791, 'prev_value': None, 'change': True}
2022-10-21 10:32:15,552 : INFO : EventManager : Event: ======'machine_var_audits_switches_s_right_inlane'====== Args={'value': 19, 'prev_value': None, 'change': True}
2022-10-21 10:32:15,552 : INFO : EventManager : Event: ======'machine_var_audits_switches_s_right_outlane'====== Args={'value': 238, 'prev_value': None, 'change': True}
2022-10-21 10:32:15,552 : INFO : EventManager : Event: ======'machine_var_audits_switches_s_rollover_left'====== Args={'value': 93, 'prev_value': None, 'change': True}
2022-10-21 10:32:15,552 : INFO : EventManager : Event: ======'machine_var_audits_switches_s_rollover_right'====== Args={'value': 109, 'prev_value': None, 'change': True}
2022-10-21 10:32:15,553 : INFO : EventManager : Event: ======'machine_var_audits_switches_s_sling_left'====== Args={'value': 45, 'prev_value': None, 'change': True}
2022-10-21 10:32:15,553 : INFO : EventManager : Event: ======'machine_var_audits_switches_s_sling_right'====== Args={'value': 183, 'prev_value': None, 'change': True}
2022-10-21 10:32:15,553 : INFO : EventManager : Event: ======'machine_var_audits_switches_s_start'====== Args={'value': 160, 'prev_value': None, 'change': True}
2022-10-21 10:32:15,553 : INFO : EventManager : Event: ======'machine_var_audits_switches_s_tilt'====== Args={'value': 397, 'prev_value': None, 'change': True}
2022-10-21 10:32:15,554 : INFO : EventManager : Event: ======'machine_var_audits_switches_s_transfer_rollover'====== Args={'value': 3, 'prev_value': None, 'change': True}
2022-10-21 10:32:15,554 : INFO : EventManager : Event: ======'machine_var_audits_switches_s_trough_1'====== Args={'value': 210, 'prev_value': None, 'change': True}
2022-10-21 10:32:15,554 : INFO : EventManager : Event: ======'machine_var_audits_switches_s_trough_2'====== Args={'value': 339, 'prev_value': None, 'change': True}
2022-10-21 10:32:15,555 : INFO : EventManager : Event: ======'machine_var_audits_switches_s_trough_3'====== Args={'value': 213, 'prev_value': None, 'change': True}
2022-10-21 10:32:15,555 : INFO : EventManager : Event: ======'machine_var_audits_switches_s_trough_4'====== Args={'value': 200, 'prev_value': None, 'change': True}
2022-10-21 10:32:15,555 : INFO : EventManager : Event: ======'machine_var_audits_switches_s_trough_5'====== Args={'value': 202, 'prev_value': None, 'change': True}
2022-10-21 10:32:15,555 : INFO : EventManager : Event: ======'machine_var_audits_switches_s_trough_6'====== Args={'value': 277, 'prev_value': None, 'change': True}
2022-10-21 10:32:15,556 : INFO : EventManager : Event: ======'machine_var_audits_switches_s_trough_jam'====== Args={'value': 263, 'prev_value': None, 'change': True}
2022-10-21 10:32:15,556 : INFO : EventManager : Event: ======'machine_var_audits_switches_s_upper_drop'====== Args={'value': 0, 'prev_value': None, 'change': True}
2022-10-21 10:32:15,556 : INFO : EventManager : Event: ======'machine_var_audits_switches_s_upper_rollover'====== Args={'value': 27, 'prev_value': None, 'change': True}
2022-10-21 10:32:15,556 : INFO : EventManager : Event: ======'machine_var_audits_switches_s_upper_stationary'====== Args={'value': 14, 'prev_value': None, 'change': True}
2022-10-21 10:32:15,557 : INFO : EventManager : Event: ======'machine_var_audits_switches_s_vuk_back'====== Args={'value': 1, 'prev_value': None, 'change': True}
2022-10-21 10:32:15,557 : INFO : EventManager : Event: ======'machine_var_audits_switches_s_vuk_right'====== Args={'value': 106, 'prev_value': None, 'change': True}
2022-10-21 10:32:15,557 : INFO : EventManager : Event: ======'machine_var_audits_switches_s_vuk_top'====== Args={'value': 463, 'prev_value': None, 'change': True}
2022-10-21 10:32:15,558 : INFO : EventManager : Event: ======'init_phase_5'====== Args={}
2022-10-21 10:32:15,588 : INFO : EventManager : Event: ======'init_done'====== Args={}
2022-10-21 10:32:15,589 : INFO : EventManager : Event: ======'machine_reset_phase_1'====== Args={}
2022-10-21 10:32:15,589 : INFO : EventManager : Event: ======'machine_reset_phase_2'====== Args={}
2022-10-21 10:32:15,590 : INFO : EventManager : Event: ======'machine_reset_phase_3'====== Args={}
2022-10-21 10:32:15,590 : INFO : EventManager : Event: ======'mode_tilt_will_start'====== Args={'queue': <QueuedEvent>}
2022-10-21 10:32:15,591 : INFO : EventManager : Event: ======'mode_tilt_starting'====== Args={'queue': <QueuedEvent>}
2022-10-21 10:32:15,591 : INFO : Mode.tilt : Started. Priority: 1000000
2022-10-21 10:32:15,591 : INFO : EventManager : Event: ======'modes_active_modes_changed'====== Args={}
2022-10-21 10:32:15,591 : INFO : EventManager : Event: ======'mode_tilt_started'====== Args={'queue': <QueuedEvent>}
2022-10-21 10:32:15,591 : INFO : EventManager : Event: ======'reset_complete'====== Args={}
2022-10-21 10:32:15,592 : INFO : EventManager : Event: ======'mode_attract_will_start'====== Args={}
2022-10-21 10:32:15,592 : INFO : EventManager : Event: ======'mode_attract_starting'====== Args={}
2022-10-21 10:32:15,592 : INFO : Mode.attract : Started. Priority: 10
2022-10-21 10:32:15,592 : INFO : EventManager : Event: ======'modes_active_modes_changed'====== Args={}
2022-10-21 10:32:15,592 : INFO : EventManager : Event: ======'mode_attract_started'====== Args={}
2022-10-21 10:32:15,593 : INFO : EventManager : Event: ======'collecting_balls_complete'====== Args={}
2022-10-21 10:32:15,621 : INFO : Machine : Starting the main run loop.
2022-10-21 10:32:16,740 : INFO : SwitchController : <<<<<<< 's_start' active >>>>>>>
2022-10-21 10:32:16,958 : INFO : SwitchController : <<<<<<< 's_start' inactive >>>>>>>
2022-10-21 10:32:16,958 : INFO : EventManager : Event: ======'request_to_start_game'====== Args={}
2022-10-21 10:32:16,959 : INFO : EventManager : Event: ======'game_start'====== Args={'buttons': [], 'hold_time': 0.21899999999732245}
2022-10-21 10:32:16,959 : INFO : EventManager : Event: ======'mode_game_will_start'====== Args={'buttons': [], 'hold_time': 0.21899999999732245}
2022-10-21 10:32:16,959 : INFO : EventManager : Event: ======'mode_game_starting'====== Args={'buttons': [], 'hold_time': 0.21899999999732245}
2022-10-21 10:32:16,959 : INFO : EventManager : Event: ======'mode_attract_will_stop'====== Args={}
2022-10-21 10:32:16,959 : INFO : EventManager : Event: ======'mode_attract_stopping'====== Args={}
2022-10-21 10:32:16,959 : INFO : Mode.attract : Stopped.
2022-10-21 10:32:16,959 : INFO : EventManager : Event: ======'modes_active_modes_changed'====== Args={}
2022-10-21 10:32:16,960 : INFO : EventManager : Event: ======'mode_attract_stopped'====== Args={}
2022-10-21 10:32:16,960 : INFO : EventManager : Event: ======'clear'====== Args={'key': 'attract'}
2022-10-21 10:32:16,960 : INFO : Mode.game : Started. Priority: 20
2022-10-21 10:32:16,960 : INFO : EventManager : Event: ======'modes_active_modes_changed'====== Args={}
2022-10-21 10:32:16,960 : INFO : EventManager : Event: ======'mode_game_started'====== Args={'buttons': [], 'hold_time': 0.21899999999732245}
2022-10-21 10:32:16,966 : INFO : EventManager : Event: ======'game_will_start'====== Args={}
2022-10-21 10:32:16,967 : INFO : EventManager : Event: ======'game_starting'====== Args={'game': <Mode.game>}
2022-10-21 10:32:16,968 : INFO : EventManager : Event: ======'player_add_request'====== Args={}
2022-10-21 10:32:16,968 : INFO : EventManager : Event: ======'player_will_add'====== Args={'number': 1}
2022-10-21 10:32:16,968 : INFO : EventManager : Event: ======'player_adding'====== Args={'player': <Player 1>, 'number': 1}
2022-10-21 10:32:16,968 : INFO : EventManager : Event: ======'player_added'====== Args={'player': <Player 1>, 'num': 1}
2022-10-21 10:32:16,968 : INFO : Mode.game : Player added successfully. Total players: 1
2022-10-21 10:32:16,968 : INFO : EventManager : Event: ======'player_index'====== Args={'value': 0, 'prev_value': 0, 'change': 0, 'player_num': 1}
2022-10-21 10:32:16,968 : INFO : EventManager : Event: ======'player_number'====== Args={'value': 1, 'prev_value': 1, 'change': 0, 'player_num': 1}
2022-10-21 10:32:16,968 : INFO : EventManager : Event: ======'player_score'====== Args={'value': 0, 'prev_value': 0, 'change': 0, 'player_num': 1}
2022-10-21 10:32:16,969 : INFO : EventManager : Event: ======'game_started'====== Args={}
2022-10-21 10:32:16,983 : INFO : EventManager : Event: ======'player_turn_will_start'====== Args={'player': <Player 1>, 'number': 1}
2022-10-21 10:32:16,984 : INFO : EventManager : Event: ======'player_turn_starting'====== Args={'player': <Player 1>, 'number': 1}
2022-10-21 10:32:16,984 : INFO : EventManager : Event: ======'player_ball'====== Args={'value': 1, 'prev_value': 0, 'change': 1, 'player_num': 1}
2022-10-21 10:32:16,984 : INFO : EventManager : Event: ======'player_turn_started'====== Args={'player': <Player 1>, 'number': 1}
2022-10-21 10:32:16,985 : INFO : EventManager : Event: ======'ball_will_start'====== Args={'player': 1, 'ball': 1, 'balls_remaining': 2, 'is_extra_ball': False}
2022-10-21 10:32:16,988 : INFO : EventManager : Event: ======'ball_starting'====== Args={'player': 1, 'ball': 1, 'balls_remaining': 2, 'is_extra_ball': False}
2022-10-21 10:32:16,988 : INFO : EventManager : Event: ======'mode_base_will_start'====== Args={'queue': <QueuedEvent>, 'player': 1, 'ball': 1, 'balls_remaining': 2, 'is_extra_ball': False}
2022-10-21 10:32:16,988 : INFO : EventManager : Event: ======'player_shot_left_inlane_enabled'====== Args={'value': True, 'prev_value': 0, 'change': 1, 'player_num': 1}
2022-10-21 10:32:16,989 : INFO : EventManager : Event: ======'player_shot_left_outlane_enabled'====== Args={'value': True, 'prev_value': 0, 'change': 1, 'player_num': 1}
2022-10-21 10:32:16,989 : INFO : EventManager : Event: ======'player_shot_right_inlane_enabled'====== Args={'value': True, 'prev_value': 0, 'change': 1, 'player_num': 1}
2022-10-21 10:32:16,989 : INFO : EventManager : Event: ======'player_shot_right_outlane_enabled'====== Args={'value': True, 'prev_value': 0, 'change': 1, 'player_num': 1}
2022-10-21 10:32:16,989 : INFO : EventManager : Event: ======'player_shot_left_orbit_enabled'====== Args={'value': True, 'prev_value': 0, 'change': 1, 'player_num': 1}
2022-10-21 10:32:16,989 : INFO : EventManager : Event: ======'player_shot_small_cw_orbit_enabled'====== Args={'value': True, 'prev_value': 0, 'change': 1, 'player_num': 1}
2022-10-21 10:32:16,989 : INFO : EventManager : Event: ======'player_shot_small_ccw_orbit_enabled'====== Args={'value': True, 'prev_value': 0, 'change': 1, 'player_num': 1}
2022-10-21 10:32:16,989 : INFO : EventManager : Event: ======'player_shot_left_pop_enabled'====== Args={'value': True, 'prev_value': 0, 'change': 1, 'player_num': 1}
2022-10-21 10:32:16,990 : INFO : EventManager : Event: ======'player_shot_right_pop_enabled'====== Args={'value': True, 'prev_value': 0, 'change': 1, 'player_num': 1}
2022-10-21 10:32:16,990 : INFO : EventManager : Event: ======'player_shot_lower_pop_enabled'====== Args={'value': True, 'prev_value': 0, 'change': 1, 'player_num': 1}
2022-10-21 10:32:16,990 : INFO : EventManager : Event: ======'player_shot_scoop_enabled'====== Args={'value': True, 'prev_value': 0, 'change': 1, 'player_num': 1}
2022-10-21 10:32:16,990 : INFO : EventManager : Event: ======'player_shot_left_return_enabled'====== Args={'value': True, 'prev_value': 0, 'change': 1, 'player_num': 1}
2022-10-21 10:32:16,990 : INFO : EventManager : Event: ======'player_shot_single_drop_shot_enabled'====== Args={'value': True, 'prev_value': 0, 'change': 1, 'player_num': 1}
2022-10-21 10:32:16,991 : INFO : EventManager : Event: ======'mode_base_starting'====== Args={'queue': <QueuedEvent>, 'player': 1, 'ball': 1, 'balls_remaining': 2, 'is_extra_ball': False}
2022-10-21 10:32:16,991 : INFO : EventManager : Event: ======'mode_lane_rotate_will_start'====== Args={'queue': <QueuedEvent>, 'player': 1, 'ball': 1, 'balls_remaining': 2, 'is_extra_ball': False}
2022-10-21 10:32:16,992 : INFO : EventManager : Event: ======'player_shot_r_left_outlane_enabled'====== Args={'value': True, 'prev_value': 0, 'change': 1, 'player_num': 1}
2022-10-21 10:32:16,992 : INFO : EventManager : Event: ======'player_shot_r_left_inlane_enabled'====== Args={'value': True, 'prev_value': 0, 'change': 1, 'player_num': 1}
2022-10-21 10:32:16,992 : INFO : EventManager : Event: ======'player_shot_r_right_inlane_enabled'====== Args={'value': True, 'prev_value': 0, 'change': 1, 'player_num': 1}
2022-10-21 10:32:16,992 : INFO : EventManager : Event: ======'player_shot_r_right_outlane_enabled'====== Args={'value': True, 'prev_value': 0, 'change': 1, 'player_num': 1}
2022-10-21 10:32:16,993 : INFO : EventManager : Event: ======'mode_lane_rotate_starting'====== Args={'queue': <QueuedEvent>, 'player': 1, 'ball': 1, 'balls_remaining': 2, 'is_extra_ball': False}
2022-10-21 10:32:16,993 : INFO : Mode.lane_rotate : Started. Priority: 100
2022-10-21 10:32:16,993 : INFO : EventManager : Event: ======'modes_active_modes_changed'====== Args={}
2022-10-21 10:32:16,994 : INFO : EventManager : Event: ======'mode_lane_rotate_started'====== Args={'queue': <QueuedEvent>, 'player': 1, 'ball': 1, 'balls_remaining': 2, 'is_extra_ball': False}
2022-10-21 10:32:16,994 : INFO : Mode.base : Started. Priority: 100
2022-10-21 10:32:16,994 : INFO : EventManager : Event: ======'modes_active_modes_changed'====== Args={}
2022-10-21 10:32:16,994 : INFO : EventManager : Event: ======'mode_base_started'====== Args={'queue': <QueuedEvent>, 'player': 1, 'ball': 1, 'balls_remaining': 2, 'is_extra_ball': False}
2022-10-21 10:32:16,994 : INFO : EventManager : Event: ======'balls_in_play'====== Args={'balls': 1}
2022-10-21 10:32:16,994 : INFO : EventManager : Event: ======'ball_started'====== Args={'player': 1, 'ball': 1, 'balls_remaining': 2, 'is_extra_ball': False}
2022-10-21 10:32:16,994 : INFO : drop_target_bank.single_main : All targets are already up. Will not reset bank.
2022-10-21 10:32:16,994 : INFO : drop_target_bank.single_upper : 1 targets are down. Will reset those.
2022-10-21 10:32:16,994 : INFO : coil.c_drop_upper : Pulsing Driver for 10ms (1.0 pulse_power)
2022-10-21 10:32:16,995 : INFO : drop_target_bank.mid : 3 targets are down. Will reset those.
2022-10-21 10:32:16,995 : INFO : drop_target_bank.right : All targets are already up. Will not reset bank.
2022-10-21 10:32:17,018 : INFO : EventManager : Event: ======'single_player_ball_started'====== Args={}
2022-10-21 10:32:17,018 : INFO : coil.c_drop_mid : Pulsing Driver for 50ms (0.7 pulse_power)
2022-10-21 10:32:17,019 : INFO : EventManager : Event: ======'ball_start_target'====== Args={'target': 'playfield'}
2022-10-21 10:32:17,019 : INFO : ball_device.bd_plunger : Setting up player-controlled eject. Balls: 1, Target: <playfield.playfield>, player_controlled_eject_event: s_launch_active
2022-10-21 10:32:17,019 : INFO : EventManager : Event: ======'balldevice_balls_available'====== Args={}
2022-10-21 10:32:17,021 : INFO : ball_device.bd_trough : State: waiting_for_target_ready
2022-10-21 10:32:17,021 : INFO : EventManager : Event: ======'balldevice_bd_trough_ball_eject_attempt'====== Args={'balls': 1, 'target': <ball_device.bd_plunger>, 'source': <ball_device.bd_trough>, 'mechanical_eject': True, 'num_attempts': 0}
2022-10-21 10:32:17,021 : INFO : ball_device.bd_plunger : State: waiting_for_ball
2022-10-21 10:32:17,021 : INFO : ball_device.bd_top_vuk : State: waiting_for_ball
2022-10-21 10:32:17,022 : INFO : ball_device.bd_trough : State: ejecting
2022-10-21 10:32:17,022 : INFO : ball_device.bd_trough : Ejecting ball to <ball_device.bd_plunger>
2022-10-21 10:32:17,022 : INFO : EventManager : Event: ======'balldevice_bd_trough_ejecting_ball'====== Args={'balls': 1, 'target': <ball_device.bd_plunger>, 'source': <ball_device.bd_trough>, 'mechanical_eject': True, 'num_attempts': 0}
2022-10-21 10:32:17,023 : INFO : ball_device.bd_trough : Wait for ball to leave device
2022-10-21 10:32:17,069 : INFO : coil.c_trough : Pulsing Driver for 25ms (0.7 pulse_power)
2022-10-21 10:32:17,115 : INFO : SwitchController : <<<<<<< 's_drop_mid_left' inactive >>>>>>>
2022-10-21 10:32:17,115 : INFO : SwitchController : <<<<<<< 's_drop_mid_right' inactive >>>>>>>
2022-10-21 10:32:17,115 : INFO : SwitchController : <<<<<<< 's_trough_1' active >>>>>>>
2022-10-21 10:32:17,115 : INFO : EventManager : Event: ======'machine_var_audits_switches_s_trough_1'====== Args={'value': 211, 'prev_value': 210, 'change': 1}
2022-10-21 10:32:17,115 : INFO : SwitchController : <<<<<<< 's_trough_jam' inactive >>>>>>>
2022-10-21 10:32:17,124 : INFO : SwitchController : <<<<<<< 's_drop_mid_mid' inactive >>>>>>>
2022-10-21 10:32:17,124 : INFO : SwitchController : <<<<<<< 's_trough_jam' active >>>>>>>
2022-10-21 10:32:17,124 : INFO : EventManager : Event: ======'machine_var_audits_switches_s_trough_jam'====== Args={'value': 264, 'prev_value': 263, 'change': 1}
2022-10-21 10:32:17,125 : INFO : SwitchController : <<<<<<< 's_eos_right' active >>>>>>>
2022-10-21 10:32:17,125 : INFO : EventManager : Event: ======'machine_var_audits_switches_s_eos_right'====== Args={'value': 1335, 'prev_value': 1334, 'change': 1}
2022-10-21 10:32:17,125 : INFO : ball_device.bd_trough : State: ball_left
2022-10-21 10:32:17,125 : INFO : ball_device.bd_trough : Ball left
2022-10-21 10:32:17,125 : INFO : ball_device.bd_trough : Wait for confirm with timeout 10.0
2022-10-21 10:32:17,146 : INFO : SwitchController : <<<<<<< 's_eos_right' inactive >>>>>>>
2022-10-21 10:32:17,146 : INFO : SwitchController : <<<<<<< 's_trough_1' inactive >>>>>>>
2022-10-21 10:32:17,166 : INFO : SwitchController : <<<<<<< 's_trough_jam' inactive >>>>>>>
2022-10-21 10:32:17,304 : INFO : SwitchController : <<<<<<< 's_trough_3' inactive >>>>>>>
2022-10-21 10:32:17,323 : INFO : SwitchController : <<<<<<< 's_trough_2' inactive >>>>>>>
2022-10-21 10:32:17,382 : INFO : SwitchController : <<<<<<< 's_trough_jam' active >>>>>>>
2022-10-21 10:32:17,382 : INFO : EventManager : Event: ======'machine_var_audits_switches_s_trough_jam'====== Args={'value': 265, 'prev_value': 264, 'change': 1}
2022-10-21 10:32:17,443 : INFO : SwitchController : <<<<<<< 's_trough_2' active >>>>>>>
2022-10-21 10:32:17,443 : INFO : EventManager : Event: ======'machine_var_audits_switches_s_trough_2'====== Args={'value': 340, 'prev_value': 339, 'change': 1}
2022-10-21 10:32:17,507 : INFO : EventManager : Event: ======'drop_target_mid_right_up'====== Args={'device': <drop_target.mid_right>}
2022-10-21 10:32:17,507 : INFO : EventManager : Event: ======'drop_target_mid_left_up'====== Args={'device': <drop_target.mid_left>}
2022-10-21 10:32:17,507 : INFO : EventManager : Event: ======'drop_target_bank_mid_mixed'====== Args={'prev_value': <DropTargetBankState.DOWN: 'down'>, 'down': 1}
2022-10-21 10:32:17,507 : INFO : EventManager : Event: ======'drop_target_mid_mid_up'====== Args={'device': <drop_target.mid_mid>}
2022-10-21 10:32:17,507 : INFO : EventManager : Event: ======'drop_target_bank_mid_up'====== Args={}
2022-10-21 10:32:17,837 : INFO : SwitchController : <<<<<<< 's_autolauncher' active >>>>>>>
2022-10-21 10:32:17,837 : INFO : EventManager : Event: ======'machine_var_audits_switches_s_autolauncher'====== Args={'value': 211, 'prev_value': 210, 'change': 1}
2022-10-21 10:32:18,335 : INFO : ball_device.bd_plunger : Received ball from <ball_device.bd_trough>
2022-10-21 10:32:18,335 : INFO : EventManager : Event: ======'balldevice_bd_plunger_ball_enter'====== Args={'new_balls': 1, 'unclaimed_balls': 0, 'new_available_balls': 0, 'device': <ball_device.bd_plunger>}
2022-10-21 10:32:18,336 : INFO : EventManager : Event: ======'balldevice_bd_plunger_ball_entered'====== Args={'new_balls': 0, 'device': <ball_device.bd_plunger>}
2022-10-21 10:32:18,336 : INFO : EventManager : Event: ======'balldevice_bd_plunger_ball_count_changed'====== Args={'balls': 1}
2022-10-21 10:32:18,336 : INFO : ball_device.bd_trough : Got eject confirm
2022-10-21 10:32:18,336 : INFO : ball_device.bd_trough : Eject successful
2022-10-21 10:32:18,336 : INFO : EventManager : Event: ======'balldevice_bd_trough_ball_eject_success'====== Args={'balls': 1, 'target': <ball_device.bd_plunger>}
2022-10-21 10:32:18,337 : INFO : ball_device.bd_plunger : State: waiting_for_target_ready
2022-10-21 10:32:18,337 : INFO : EventManager : Event: ======'balldevice_bd_plunger_ball_eject_attempt'====== Args={'balls': 1, 'target': <ball_device.bd_top_vuk>, 'source': <ball_device.bd_plunger>, 'mechanical_eject': True, 'num_attempts': 0}
2022-10-21 10:32:18,337 : INFO : EventManager : Event: ======'balldevice_bd_trough_ball_count_changed'====== Args={'balls': 2}
2022-10-21 10:32:18,337 : INFO : ball_device.bd_trough : State: idle
2022-10-21 10:32:18,337 : INFO : ball_device.bd_plunger : State: ejecting
2022-10-21 10:32:18,337 : INFO : ball_device.bd_plunger : Ejecting ball to <ball_device.bd_top_vuk>
2022-10-21 10:32:18,338 : INFO : EventManager : Event: ======'balldevice_bd_plunger_ejecting_ball'====== Args={'balls': 1, 'target': <ball_device.bd_top_vuk>, 'source': <ball_device.bd_plunger>, 'mechanical_eject': True, 'num_attempts': 0}
2022-10-21 10:32:18,338 : INFO : ball_device.bd_plunger : Wait for ball to leave device
2022-10-21 10:32:19,991 : INFO : SwitchController : <<<<<<< 's_launch' active >>>>>>>
2022-10-21 10:32:19,991 : INFO : EventManager : Event: ======'s_launch_active'====== Args={}
2022-10-21 10:32:19,991 : INFO : EventManager : Event: ======'machine_var_audits_switches_s_launch'====== Args={'value': 201, 'prev_value': 200, 'change': 1}
2022-10-21 10:32:20,003 : INFO : coil.c_autolauncher : Pulsing Driver for 11ms (1.0 pulse_power)
2022-10-21 10:32:20,038 : INFO : SwitchController : <<<<<<< 's_autolauncher' inactive >>>>>>>
2022-10-21 10:32:20,042 : INFO : ball_device.bd_plunger : State: ball_left
2022-10-21 10:32:20,042 : INFO : ball_device.bd_plunger : Ball left
2022-10-21 10:32:20,042 : INFO : ball_device.bd_plunger : Wait for confirm with timeout 2.0
2022-10-21 10:32:20,166 : INFO : SwitchController : <<<<<<< 's_launch' inactive >>>>>>>
2022-10-21 10:32:20,967 : INFO : SwitchController : <<<<<<< 's_vuk_top' active >>>>>>>
2022-10-21 10:32:20,967 : INFO : EventManager : Event: ======'machine_var_audits_switches_s_vuk_top'====== Args={'value': 464, 'prev_value': 463, 'change': 1}
2022-10-21 10:32:21,467 : INFO : ball_device.bd_top_vuk : Received ball from <ball_device.bd_plunger>
2022-10-21 10:32:21,467 : INFO : EventManager : Event: ======'balldevice_bd_top_vuk_ball_enter'====== Args={'new_balls': 1, 'unclaimed_balls': 0, 'new_available_balls': 0, 'device': <ball_device.bd_top_vuk>}
2022-10-21 10:32:21,468 : INFO : EventManager : Event: ======'balldevice_bd_top_vuk_ball_entered'====== Args={'new_balls': 0, 'device': <ball_device.bd_top_vuk>}
2022-10-21 10:32:21,468 : INFO : EventManager : Event: ======'balldevice_bd_top_vuk_ball_count_changed'====== Args={'balls': 1}
2022-10-21 10:32:21,468 : INFO : ball_device.bd_plunger : Got eject confirm
2022-10-21 10:32:21,468 : INFO : ball_device.bd_plunger : Eject successful
2022-10-21 10:32:21,468 : INFO : EventManager : Event: ======'balldevice_bd_plunger_ball_eject_success'====== Args={'balls': 1, 'target': <ball_device.bd_top_vuk>}
2022-10-21 10:32:21,469 : INFO : ball_device.bd_top_vuk : State: waiting_for_target_ready
2022-10-21 10:32:21,469 : INFO : EventManager : Event: ======'balldevice_bd_top_vuk_ball_eject_attempt'====== Args={'balls': 1, 'target': <playfield.playfield>, 'source': <ball_device.bd_top_vuk>, 'mechanical_eject': True, 'num_attempts': 0}
2022-10-21 10:32:21,469 : INFO : EventManager : Event: ======'balldevice_bd_plunger_ball_count_changed'====== Args={'balls': 0}
2022-10-21 10:32:21,469 : INFO : ball_device.bd_plunger : State: idle
2022-10-21 10:32:21,470 : INFO : ball_device.bd_top_vuk : State: ejecting
2022-10-21 10:32:21,470 : INFO : ball_device.bd_top_vuk : Ejecting ball to <playfield.playfield>
2022-10-21 10:32:21,470 : INFO : EventManager : Event: ======'balldevice_bd_top_vuk_ejecting_ball'====== Args={'balls': 1, 'target': <playfield.playfield>, 'source': <ball_device.bd_top_vuk>, 'mechanical_eject': True, 'num_attempts': 0}
2022-10-21 10:32:21,471 : INFO : ball_device.bd_top_vuk : Wait for ball to leave device
2022-10-21 10:32:21,471 : INFO : coil.c_top_vuk : Pulsing Driver for 200ms (1.0 pulse_power)
2022-10-21 10:32:21,719 : INFO : SwitchController : <<<<<<< 's_vuk_top' inactive >>>>>>>
2022-10-21 10:32:21,723 : INFO : ball_device.bd_top_vuk : State: ball_left
2022-10-21 10:32:21,723 : INFO : ball_device.bd_top_vuk : Ball left
2022-10-21 10:32:21,723 : INFO : ball_device.bd_top_vuk : Wait for confirm with timeout 2.0
2022-10-21 10:32:21,954 : INFO : SwitchController : <<<<<<< 's_vuk_top' active >>>>>>>
2022-10-21 10:32:21,954 : INFO : EventManager : Event: ======'machine_var_audits_switches_s_vuk_top'====== Args={'value': 465, 'prev_value': 464, 'change': 1}
2022-10-21 10:32:21,973 : INFO : SwitchController : <<<<<<< 's_vuk_top' inactive >>>>>>>
2022-10-21 10:32:22,109 : INFO : SwitchController : <<<<<<< 's_vuk_top' active >>>>>>>
2022-10-21 10:32:22,109 : INFO : EventManager : Event: ======'machine_var_audits_switches_s_vuk_top'====== Args={'value': 466, 'prev_value': 465, 'change': 1}
2022-10-21 10:32:23,719 : INFO : ball_device.bd_top_vuk : State: failed_confirm
2022-10-21 10:32:23,719 : INFO : ball_device.bd_top_vuk : Got timeout (2.0s) before confirm from <playfield.playfield>
2022-10-21 10:32:23,812 : INFO : ball_device.bd_top_vuk : Got unknown balls. Assuming a ball returned.
2022-10-21 10:32:23,812 : INFO : EventManager : Event: ======'balldevice_bd_top_vuk_ball_eject_failed'====== Args={'target': <playfield.playfield>, 'balls': 1, 'retry': True, 'num_attempts': 1}
2022-10-21 10:32:23,813 : INFO : ball_device.bd_top_vuk : State: waiting_for_target_ready
2022-10-21 10:32:23,813 : INFO : EventManager : Event: ======'balldevice_bd_top_vuk_ball_eject_attempt'====== Args={'balls': 1, 'target': <playfield.playfield>, 'source': <ball_device.bd_top_vuk>, 'mechanical_eject': True, 'num_attempts': 1}
2022-10-21 10:32:23,813 : INFO : ball_device.bd_top_vuk : State: ejecting
2022-10-21 10:32:23,813 : INFO : ball_device.bd_top_vuk : Ejecting ball to <playfield.playfield>
2022-10-21 10:32:23,813 : INFO : EventManager : Event: ======'balldevice_bd_top_vuk_ejecting_ball'====== Args={'balls': 1, 'target': <playfield.playfield>, 'source': <ball_device.bd_top_vuk>, 'mechanical_eject': True, 'num_attempts': 1}
2022-10-21 10:32:23,813 : INFO : ball_device.bd_top_vuk : Wait for ball to leave device
2022-10-21 10:32:23,814 : INFO : coil.c_top_vuk : Pulsing Driver for 200ms (1.0 pulse_power)
2022-10-21 10:32:24,064 : INFO : SwitchController : <<<<<<< 's_vuk_top' inactive >>>>>>>
2022-10-21 10:32:24,068 : INFO : ball_device.bd_top_vuk : State: ball_left
2022-10-21 10:32:24,068 : INFO : ball_device.bd_top_vuk : Ball left
2022-10-21 10:32:24,068 : INFO : ball_device.bd_top_vuk : Wait for confirm with timeout 2.0
2022-10-21 10:32:24,294 : INFO : SwitchController : <<<<<<< 's_vuk_top' active >>>>>>>
2022-10-21 10:32:24,294 : INFO : EventManager : Event: ======'machine_var_audits_switches_s_vuk_top'====== Args={'value': 467, 'prev_value': 466, 'change': 1}
2022-10-21 10:32:26,049 : INFO : ball_device.bd_top_vuk : State: failed_confirm
2022-10-21 10:32:26,049 : INFO : ball_device.bd_top_vuk : Got timeout (2.0s) before confirm from <playfield.playfield>
2022-10-21 10:32:26,143 : INFO : ball_device.bd_top_vuk : Got unknown balls. Assuming a ball returned.
2022-10-21 10:32:26,143 : INFO : EventManager : Event: ======'balldevice_bd_top_vuk_ball_eject_failed'====== Args={'target': <playfield.playfield>, 'balls': 1, 'retry': True, 'num_attempts': 2}
2022-10-21 10:32:26,144 : INFO : ball_device.bd_top_vuk : State: waiting_for_target_ready
2022-10-21 10:32:26,144 : INFO : EventManager : Event: ======'balldevice_bd_top_vuk_ball_eject_attempt'====== Args={'balls': 1, 'target': <playfield.playfield>, 'source': <ball_device.bd_top_vuk>, 'mechanical_eject': True, 'num_attempts': 2}
2022-10-21 10:32:26,144 : INFO : ball_device.bd_top_vuk : State: ejecting
2022-10-21 10:32:26,144 : INFO : ball_device.bd_top_vuk : Ejecting ball to <playfield.playfield>
2022-10-21 10:32:26,144 : INFO : EventManager : Event: ======'balldevice_bd_top_vuk_ejecting_ball'====== Args={'balls': 1, 'target': <playfield.playfield>, 'source': <ball_device.bd_top_vuk>, 'mechanical_eject': True, 'num_attempts': 2}
2022-10-21 10:32:26,145 : INFO : ball_device.bd_top_vuk : Wait for ball to leave device
2022-10-21 10:32:26,145 : INFO : coil.c_top_vuk : Pulsing Driver for 200ms (1.0 pulse_power)
2022-10-21 10:32:26,395 : INFO : SwitchController : <<<<<<< 's_vuk_top' inactive >>>>>>>
2022-10-21 10:32:26,399 : INFO : ball_device.bd_top_vuk : State: ball_left
2022-10-21 10:32:26,399 : INFO : ball_device.bd_top_vuk : Ball left
2022-10-21 10:32:26,399 : INFO : ball_device.bd_top_vuk : Wait for confirm with timeout 2.0
2022-10-21 10:32:26,614 : INFO : SwitchController : <<<<<<< 's_vuk_top' active >>>>>>>
2022-10-21 10:32:26,614 : INFO : EventManager : Event: ======'machine_var_audits_switches_s_vuk_top'====== Args={'value': 468, 'prev_value': 467, 'change': 1}
2022-10-21 10:32:27,049 : INFO : SwitchController : <<<<<<< 's_right_flipper' active >>>>>>>
2022-10-21 10:32:27,049 : INFO : EventManager : Event: ======'machine_var_audits_switches_s_right_flipper'====== Args={'value': 1792, 'prev_value': 1791, 'change': 1}
2022-10-21 10:32:27,080 : INFO : SwitchController : <<<<<<< 's_eos_right' active >>>>>>>
2022-10-21 10:32:27,080 : INFO : EventManager : Event: ======'machine_var_audits_switches_s_eos_right'====== Args={'value': 1336, 'prev_value': 1335, 'change': 1}
2022-10-21 10:32:28,230 : INFO : SwitchController : <<<<<<< 's_right_flipper' inactive >>>>>>>
2022-10-21 10:32:28,322 : INFO : SwitchController : <<<<<<< 's_eos_right' inactive >>>>>>>
2022-10-21 10:32:28,385 : INFO : ball_device.bd_top_vuk : State: failed_confirm
2022-10-21 10:32:28,385 : INFO : ball_device.bd_top_vuk : Got timeout (2.0s) before confirm from <playfield.playfield>
2022-10-21 10:32:28,494 : INFO : ball_device.bd_top_vuk : Got unknown balls. Assuming a ball returned.
2022-10-21 10:32:28,494 : INFO : EventManager : Event: ======'balldevice_bd_top_vuk_ball_eject_failed'====== Args={'target': <playfield.playfield>, 'balls': 1, 'retry': True, 'num_attempts': 3}
2022-10-21 10:32:28,495 : INFO : ball_device.bd_top_vuk : State: waiting_for_target_ready
2022-10-21 10:32:28,495 : INFO : EventManager : Event: ======'balldevice_bd_top_vuk_ball_eject_attempt'====== Args={'balls': 1, 'target': <playfield.playfield>, 'source': <ball_device.bd_top_vuk>, 'mechanical_eject': True, 'num_attempts': 3}
2022-10-21 10:32:28,495 : INFO : ball_device.bd_top_vuk : State: ejecting
2022-10-21 10:32:28,495 : INFO : ball_device.bd_top_vuk : Ejecting ball to <playfield.playfield>
2022-10-21 10:32:28,495 : INFO : EventManager : Event: ======'balldevice_bd_top_vuk_ejecting_ball'====== Args={'balls': 1, 'target': <playfield.playfield>, 'source': <ball_device.bd_top_vuk>, 'mechanical_eject': True, 'num_attempts': 3}
2022-10-21 10:32:28,495 : INFO : ball_device.bd_top_vuk : Wait for ball to leave device
2022-10-21 10:32:28,496 : INFO : coil.c_top_vuk : Pulsing Driver for 200ms (1.0 pulse_power)
2022-10-21 10:32:28,744 : INFO : SwitchController : <<<<<<< 's_vuk_top' inactive >>>>>>>
2022-10-21 10:32:28,748 : INFO : ball_device.bd_top_vuk : State: ball_left
2022-10-21 10:32:28,748 : INFO : ball_device.bd_top_vuk : Ball left
2022-10-21 10:32:28,748 : INFO : ball_device.bd_top_vuk : Wait for confirm with timeout 2.0
2022-10-21 10:32:28,808 : INFO : SwitchController : <<<<<<< 's_right_flipper' active >>>>>>>
2022-10-21 10:32:28,808 : INFO : EventManager : Event: ======'machine_var_audits_switches_s_right_flipper'====== Args={'value': 1793, 'prev_value': 1792, 'change': 1}
2022-10-21 10:32:28,828 : INFO : SwitchController : <<<<<<< 's_eos_right' active >>>>>>>
2022-10-21 10:32:28,828 : INFO : EventManager : Event: ======'machine_var_audits_switches_s_eos_right'====== Args={'value': 1337, 'prev_value': 1336, 'change': 1}
2022-10-21 10:32:28,916 : INFO : SwitchController : <<<<<<< 's_vuk_top' active >>>>>>>
2022-10-21 10:32:28,916 : INFO : EventManager : Event: ======'machine_var_audits_switches_s_vuk_top'====== Args={'value': 469, 'prev_value': 468, 'change': 1}
2022-10-21 10:32:29,334 : INFO : SwitchController : <<<<<<< 's_right_flipper' inactive >>>>>>>
2022-10-21 10:32:29,459 : INFO : SwitchController : <<<<<<< 's_eos_right' inactive >>>>>>>
2022-10-21 10:32:30,751 : INFO : ball_device.bd_top_vuk : State: failed_confirm
2022-10-21 10:32:30,751 : INFO : ball_device.bd_top_vuk : Got timeout (2.0s) before confirm from <playfield.playfield>
2022-10-21 10:32:30,842 : INFO : ball_device.bd_top_vuk : Got unknown balls. Assuming a ball returned.
2022-10-21 10:32:30,842 : INFO : EventManager : Event: ======'balldevice_bd_top_vuk_ball_eject_failed'====== Args={'target': <playfield.playfield>, 'balls': 1, 'retry': True, 'num_attempts': 4}
2022-10-21 10:32:30,843 : INFO : ball_device.bd_top_vuk : State: waiting_for_target_ready
2022-10-21 10:32:30,843 : INFO : EventManager : Event: ======'balldevice_bd_top_vuk_ball_eject_attempt'====== Args={'balls': 1, 'target': <playfield.playfield>, 'source': <ball_device.bd_top_vuk>, 'mechanical_eject': True, 'num_attempts': 4}
2022-10-21 10:32:30,843 : INFO : ball_device.bd_top_vuk : State: ejecting
2022-10-21 10:32:30,843 : INFO : ball_device.bd_top_vuk : Ejecting ball to <playfield.playfield>
2022-10-21 10:32:30,843 : INFO : EventManager : Event: ======'balldevice_bd_top_vuk_ejecting_ball'====== Args={'balls': 1, 'target': <playfield.playfield>, 'source': <ball_device.bd_top_vuk>, 'mechanical_eject': True, 'num_attempts': 4}
2022-10-21 10:32:30,844 : INFO : ball_device.bd_top_vuk : Wait for ball to leave device
2022-10-21 10:32:30,844 : INFO : coil.c_top_vuk : Pulsing Driver for 200ms (1.0 pulse_power)
2022-10-21 10:32:31,094 : INFO : SwitchController : <<<<<<< 's_vuk_top' inactive >>>>>>>
2022-10-21 10:32:31,098 : INFO : ball_device.bd_top_vuk : State: ball_left
2022-10-21 10:32:31,098 : INFO : ball_device.bd_top_vuk : Ball left
2022-10-21 10:32:31,099 : INFO : ball_device.bd_top_vuk : Wait for confirm with timeout 2.0
2022-10-21 10:32:31,344 : INFO : SwitchController : <<<<<<< 's_vuk_top' active >>>>>>>
2022-10-21 10:32:31,344 : INFO : EventManager : Event: ======'machine_var_audits_switches_s_vuk_top'====== Args={'value': 470, 'prev_value': 469, 'change': 1}
2022-10-21 10:32:33,092 : INFO : ball_device.bd_top_vuk : State: failed_confirm
2022-10-21 10:32:33,092 : INFO : ball_device.bd_top_vuk : Got timeout (2.0s) before confirm from <playfield.playfield>
2022-10-21 10:32:33,189 : INFO : ball_device.bd_top_vuk : Got unknown balls. Assuming a ball returned.
2022-10-21 10:32:33,189 : INFO : EventManager : Event: ======'balldevice_bd_top_vuk_ball_eject_failed'====== Args={'target': <playfield.playfield>, 'balls': 1, 'retry': True, 'num_attempts': 5}
2022-10-21 10:32:33,190 : INFO : ball_device.bd_top_vuk : State: waiting_for_target_ready
2022-10-21 10:32:33,190 : INFO : EventManager : Event: ======'balldevice_bd_top_vuk_ball_eject_attempt'====== Args={'balls': 1, 'target': <playfield.playfield>, 'source': <ball_device.bd_top_vuk>, 'mechanical_eject': True, 'num_attempts': 5}
2022-10-21 10:32:33,190 : INFO : ball_device.bd_top_vuk : State: ejecting
2022-10-21 10:32:33,190 : INFO : ball_device.bd_top_vuk : Ejecting ball to <playfield.playfield>
2022-10-21 10:32:33,190 : INFO : EventManager : Event: ======'balldevice_bd_top_vuk_ejecting_ball'====== Args={'balls': 1, 'target': <playfield.playfield>, 'source': <ball_device.bd_top_vuk>, 'mechanical_eject': True, 'num_attempts': 5}
2022-10-21 10:32:33,191 : INFO : ball_device.bd_top_vuk : Wait for ball to leave device
2022-10-21 10:32:33,191 : INFO : coil.c_top_vuk : Pulsing Driver for 200ms (1.0 pulse_power)
2022-10-21 10:32:33,437 : INFO : SwitchController : <<<<<<< 's_vuk_top' inactive >>>>>>>
2022-10-21 10:32:33,442 : INFO : ball_device.bd_top_vuk : State: ball_left
2022-10-21 10:32:33,442 : INFO : ball_device.bd_top_vuk : Ball left
2022-10-21 10:32:33,442 : INFO : ball_device.bd_top_vuk : Wait for confirm with timeout 2.0
2022-10-21 10:32:33,653 : INFO : SwitchController : <<<<<<< 's_vuk_top' active >>>>>>>
2022-10-21 10:32:33,653 : INFO : EventManager : Event: ======'machine_var_audits_switches_s_vuk_top'====== Args={'value': 471, 'prev_value': 470, 'change': 1}
2022-10-21 10:32:34,433 : INFO : Machine : Shutting down...
2022-10-21 10:32:34,433 : INFO : EventManager : Event: ======'shutdown'====== Args={}
2022-10-21 10:32:34,449 : WARNING : FAST : Port RGB received more messages than were sent! Resetting!
2022-10-21 10:32:34,449 : WARNING : FAST : Port NET received more messages than were sent! Resetting!
2022-10-21 10:32:34,527 : ERROR : FAST : Stop called on serial connection com14
2022-10-21 10:32:34,527 : ERROR : FAST : Stop called on serial connection com15
2022-10-21 10:32:34,765 : INFO : root : MPF run loop ended.
