2022-10-06 07:36:45,229 : INFO : root : Loading config.
2022-10-06 07:36:45,232 : INFO : YamlMultifileConfigLoader : Machine config file #1: config.yaml
2022-10-06 07:36:45,232 : INFO : ConfigProcessor : Loading config from cache: C:\Users\Tanner\AppData\Local\Temp\a6762098cb994b55cb03a478b26022ee.mpf_cache
2022-10-06 07:36:45,291 : INFO : ConfigProcessor : Loading config from cache: C:\Users\Tanner\AppData\Local\Temp\9cf7ccc27b21f4d6162237fadfc53e5a.mpf_cache
2022-10-06 07:36:45,292 : INFO : ConfigProcessor : Loading config from cache: C:\Users\Tanner\AppData\Local\Temp\c215df352878fee5d54f1a5ec5b16e7c.mpf_cache
2022-10-06 07:36:45,293 : INFO : ConfigProcessor : Loading config from cache: C:\Users\Tanner\AppData\Local\Temp\708062243e0edcfa77dd6b1521bd0d4e.mpf_cache
2022-10-06 07:36:45,293 : INFO : ConfigProcessor : Loading config from cache: C:\Users\Tanner\AppData\Local\Temp\c4174472f67f7b070dd6fb437c6feb0c.mpf_cache
2022-10-06 07:36:45,294 : INFO : ConfigProcessor : Loading config from cache: C:\Users\Tanner\AppData\Local\Temp\abaa92c43d134e3392cbb2346e6a16be.mpf_cache
2022-10-06 07:36:45,295 : INFO : ConfigProcessor : Loading config from cache: C:\Users\Tanner\AppData\Local\Temp\fc46d53fcb9fe6b8abf783d9c813390a.mpf_cache
2022-10-06 07:36:45,295 : INFO : Machine : Mission Pinball Framework Core Engine v0.55.0
2022-10-06 07:36:45,296 : INFO : Machine : Command line arguments: {'no_load_cache': False, 'create_config_cache': True, 'bcp': False, 'configfile': ['config.yaml'], 'force_assets_load': False, 'jsonlogging': False, 'logfile': 'logs\\2022-10-06-07-36-45-mpf-DESKTOP-7HNFDQ5.log', 'pause': False, 'production': False, 'text_ui': True, 'loglevel': 15, 'consoleloglevel': 20, 'force_platform': None, 'syslog_address': None, 'mc_file_name': None, 'no_sound': False}
2022-10-06 07:36:45,296 : INFO : Machine : MPF path: c:\users\tanner\appdata\local\programs\python\python37\lib\site-packages\mpf
2022-10-06 07:36:45,296 : INFO : Machine : Machine path: c:\trashland_2
2022-10-06 07:36:45,296 : INFO : Machine : Platform: win32
2022-10-06 07:36:45,296 : INFO : Machine : Python executable location: c:\users\tanner\appdata\local\programs\python\python37\python.exe
2022-10-06 07:36:45,296 : INFO : Machine : Python version: 3.7.8 (64-bit)
2022-10-06 07:36:45,297 : INFO : Machine : Initialise MPF.
2022-10-06 07:36:45,522 : INFO : FAST : Connecting to com9 at 921600bps
2022-10-06 07:36:45,561 : INFO : FAST : Connected! Processor: NET, Board Type: FP-CPU-002-2, Firmware: 01.05
2022-10-06 07:36:45,561 : INFO : EventManager : Event: ======'machine_var_fast_net_firmware'====== Args={'value': '01.05', 'prev_value': None, 'change': True}
2022-10-06 07:36:45,561 : INFO : EventManager : Event: ======'machine_var_fast_net_model'====== Args={'value': 'FP-CPU-002-2', 'prev_value': None, 'change': True}
2022-10-06 07:36:47,916 : WARNING : FAST : Got unexpected message from FAST: -N:2B
2022-10-06 07:36:47,916 : WARNING : FAST : Got unexpected message from FAST: -N:2C
2022-10-06 07:36:47,916 : WARNING : FAST : Got unexpected message from FAST: -N:30
2022-10-06 07:36:47,916 : WARNING : FAST : Got unexpected message from FAST: -N:33
2022-10-06 07:36:47,916 : WARNING : FAST : Got unexpected message from FAST: -N:34
2022-10-06 07:36:47,916 : WARNING : FAST : Got unexpected message from FAST: -N:38
2022-10-06 07:36:47,916 : WARNING : FAST : Got unexpected message from FAST: -N:40
2022-10-06 07:36:47,916 : WARNING : FAST : Got unexpected message from FAST: -N:41
2022-10-06 07:36:47,916 : WARNING : FAST : Got unexpected message from FAST: -N:42
2022-10-06 07:36:47,916 : WARNING : FAST : Got unexpected message from FAST: -N:43
2022-10-06 07:36:47,916 : WARNING : FAST : Got unexpected message from FAST: -N:44
2022-10-06 07:36:48,025 : INFO : FAST : Connecting to com10 at 921600bps
2022-10-06 07:36:48,057 : INFO : FAST : Connected! Processor: RGB, Board Type: FP-CPU-002-2, Firmware: 00.87
2022-10-06 07:36:48,057 : INFO : EventManager : Event: ======'machine_var_fast_rgb_firmware'====== Args={'value': '00.87', 'prev_value': None, 'change': True}
2022-10-06 07:36:48,057 : INFO : EventManager : Event: ======'machine_var_fast_rgb_model'====== Args={'value': 'FP-CPU-002-2', 'prev_value': None, 'change': True}
2022-10-06 07:36:48,058 : INFO : EventManager : Event: ======'machine_var_credits_string'====== Args={'value': 'FREE PLAY', 'prev_value': None, 'change': True}
2022-10-06 07:36:48,097 : INFO : EventManager : Event: ======'machine_var_master_volume'====== Args={'value': 0.5, 'prev_value': None, 'change': True}
2022-10-06 07:36:48,097 : INFO : EventManager : Event: ======'machine_var_mpf_version'====== Args={'value': 'MPF v0.55.0', 'prev_value': None, 'change': True}
2022-10-06 07:36:48,097 : INFO : EventManager : Event: ======'machine_var_mpf_extended_version'====== Args={'value': 'MPF v0.55.0, Config version:5, Show version: 5, BCP version:1.1', 'prev_value': None, 'change': True}
2022-10-06 07:36:48,097 : INFO : EventManager : Event: ======'machine_var_python_version'====== Args={'value': '3.7.8', 'prev_value': None, 'change': True}
2022-10-06 07:36:48,097 : INFO : EventManager : Event: ======'machine_var_platform'====== Args={'value': 'Windows-10-10.0.19041-SP0', 'prev_value': None, 'change': True}
2022-10-06 07:36:48,097 : INFO : EventManager : Event: ======'machine_var_platform_system'====== Args={'value': 'Windows', 'prev_value': None, 'change': True}
2022-10-06 07:36:48,097 : INFO : EventManager : Event: ======'machine_var_platform_release'====== Args={'value': '10', 'prev_value': None, 'change': True}
2022-10-06 07:36:48,098 : INFO : EventManager : Event: ======'machine_var_platform_version'====== Args={'value': '10.0.19041', 'prev_value': None, 'change': True}
2022-10-06 07:36:48,098 : INFO : EventManager : Event: ======'machine_var_platform_machine'====== Args={'value': 'AMD64', 'prev_value': None, 'change': True}
2022-10-06 07:36:48,098 : INFO : EventManager : Event: ======'init_phase_1'====== Args={}
2022-10-06 07:36:48,137 : INFO : EventManager : Event: ======'drop_target_bank_mid_up'====== Args={}
2022-10-06 07:36:48,137 : INFO : EventManager : Event: ======'drop_target_bank_right_up'====== Args={}
2022-10-06 07:36:48,147 : INFO : EventManager : Event: ======'init_phase_2'====== Args={}
2022-10-06 07:36:48,147 : INFO : SwitchController : Found active switch: (('2C', 1), <Platform.FAST>) <switch.s_drop_mid_mid>
2022-10-06 07:36:48,147 : INFO : SwitchController : Found active switch: (('2B', 1), <Platform.FAST>) <switch.s_drop_mid_left>
2022-10-06 07:36:48,147 : INFO : SwitchController : Found active switch: (('30', 1), <Platform.FAST>) <switch.s_drop_right_right>
2022-10-06 07:36:48,147 : INFO : SwitchController : Found active switch: (('3E', 1), <Platform.FAST>) <switch.s_trough_1>
2022-10-06 07:36:48,147 : INFO : SwitchController : Found active switch: (('3D', 1), <Platform.FAST>) <switch.s_trough_jam>
2022-10-06 07:36:48,147 : INFO : SwitchController : Found active switch: (('3C', 1), <Platform.FAST>) <switch.s_eos_right>
2022-10-06 07:36:48,147 : INFO : SwitchController : Found active switch: (('3B', 1), <Platform.FAST>) <switch.s_eos_left>
2022-10-06 07:36:48,148 : INFO : SwitchController : Found active switch: (('5D', 1), <Platform.FAST>) <switch.s_bot_vuk>
2022-10-06 07:36:48,154 : INFO : ball_device.bd_trough : BCH: Initial count: 2
2022-10-06 07:36:48,154 : INFO : ball_device.bd_trough : State: idle
2022-10-06 07:36:48,154 : INFO : ball_device.bd_plunger : BCH: Initial count: 0
2022-10-06 07:36:48,154 : INFO : ball_device.bd_plunger : State: idle
2022-10-06 07:36:48,155 : INFO : ball_device.bd_top_vuk : BCH: Initial count: 0
2022-10-06 07:36:48,155 : INFO : ball_device.bd_top_vuk : State: idle
2022-10-06 07:36:48,156 : INFO : ball_device.bd_right_vuk : BCH: Initial count: 0
2022-10-06 07:36:48,156 : INFO : ball_device.bd_right_vuk : State: idle
2022-10-06 07:36:48,193 : INFO : EventManager : Event: ======'init_phase_3'====== Args={}
2022-10-06 07:36:48,227 : INFO : EventManager : Event: ======'init_phase_4'====== Args={}
2022-10-06 07:36:48,227 : INFO : EventManager : Event: ======'playfield_active'====== Args={}
2022-10-06 07:36:48,227 : INFO : EventManager : Event: ======'unexpected_ball_on_playfield'====== Args={}
2022-10-06 07:36:48,227 : INFO : EventManager : Event: ======'playfield_active'====== Args={}
2022-10-06 07:36:48,227 : INFO : EventManager : Event: ======'unexpected_ball_on_playfield'====== Args={}
2022-10-06 07:36:48,227 : INFO : EventManager : Event: ======'playfield_active'====== Args={}
2022-10-06 07:36:48,227 : INFO : EventManager : Event: ======'unexpected_ball_on_playfield'====== Args={}
2022-10-06 07:36:48,227 : INFO : EventManager : Event: ======'drop_target_mid_mid_down'====== Args={'device': <drop_target.mid_mid>}
2022-10-06 07:36:48,227 : INFO : EventManager : Event: ======'drop_target_bank_mid_mixed'====== Args={'prev_value': <DropTargetBankState.UP: 'up'>, 'down': 1}
2022-10-06 07:36:48,227 : INFO : EventManager : Event: ======'playfield_active'====== Args={}
2022-10-06 07:36:48,228 : INFO : EventManager : Event: ======'unexpected_ball_on_playfield'====== Args={}
2022-10-06 07:36:48,228 : INFO : EventManager : Event: ======'drop_target_mid_left_down'====== Args={'device': <drop_target.mid_left>}
2022-10-06 07:36:48,228 : INFO : EventManager : Event: ======'drop_target_bank_mid_mixed'====== Args={'prev_value': <DropTargetBankState.MIXED: 'mixed'>, 'down': 2}
2022-10-06 07:36:48,228 : INFO : EventManager : Event: ======'playfield_active'====== Args={}
2022-10-06 07:36:48,228 : INFO : EventManager : Event: ======'unexpected_ball_on_playfield'====== Args={}
2022-10-06 07:36:48,228 : INFO : EventManager : Event: ======'drop_target_right_right_down'====== Args={'device': <drop_target.right_right>}
2022-10-06 07:36:48,228 : INFO : EventManager : Event: ======'drop_target_bank_right_mixed'====== Args={'prev_value': <DropTargetBankState.UP: 'up'>, 'down': 1}
2022-10-06 07:36:48,228 : INFO : EventManager : Event: ======'playfield_active'====== Args={}
2022-10-06 07:36:48,228 : INFO : EventManager : Event: ======'unexpected_ball_on_playfield'====== Args={}
2022-10-06 07:36:48,229 : INFO : BallController : Initial balls found: 2
2022-10-06 07:36:48,230 : INFO : EventManager : Event: ======'machine_var_audits_events_game_ended'====== Args={'value': 0, 'prev_value': None, 'change': True}
2022-10-06 07:36:48,230 : INFO : EventManager : Event: ======'machine_var_audits_events_game_started'====== Args={'value': 0, 'prev_value': None, 'change': True}
2022-10-06 07:36:48,231 : INFO : EventManager : Event: ======'machine_var_audits_player_score'====== Args={'value': {'average': 0, 'top': [], 'total': 0}, 'prev_value': None, 'change': True}
2022-10-06 07:36:48,231 : INFO : EventManager : Event: ======'machine_var_audits_switches_s_autolauncher'====== Args={'value': 75, 'prev_value': None, 'change': True}
2022-10-06 07:36:48,231 : INFO : EventManager : Event: ======'machine_var_audits_switches_s_back_pop'====== Args={'value': 0, 'prev_value': None, 'change': True}
2022-10-06 07:36:48,231 : INFO : EventManager : Event: ======'machine_var_audits_switches_s_back_rollover'====== Args={'value': 0, 'prev_value': None, 'change': True}
2022-10-06 07:36:48,231 : INFO : EventManager : Event: ======'machine_var_audits_switches_s_back_stationary'====== Args={'value': 0, 'prev_value': None, 'change': True}
2022-10-06 07:36:48,231 : INFO : EventManager : Event: ======'machine_var_audits_switches_s_bot_back'====== Args={'value': 0, 'prev_value': None, 'change': True}
2022-10-06 07:36:48,231 : INFO : EventManager : Event: ======'machine_var_audits_switches_s_bot_big'====== Args={'value': 0, 'prev_value': None, 'change': True}
2022-10-06 07:36:48,231 : INFO : EventManager : Event: ======'machine_var_audits_switches_s_bot_left'====== Args={'value': 0, 'prev_value': None, 'change': True}
2022-10-06 07:36:48,232 : INFO : EventManager : Event: ======'machine_var_audits_switches_s_bot_right'====== Args={'value': 0, 'prev_value': None, 'change': True}
2022-10-06 07:36:48,232 : INFO : EventManager : Event: ======'machine_var_audits_switches_s_bot_rollover'====== Args={'value': 0, 'prev_value': None, 'change': True}
2022-10-06 07:36:48,232 : INFO : EventManager : Event: ======'machine_var_audits_switches_s_bot_vuk'====== Args={'value': 0, 'prev_value': None, 'change': True}
2022-10-06 07:36:48,232 : INFO : EventManager : Event: ======'machine_var_audits_switches_s_drop_mid_left'====== Args={'value': 56, 'prev_value': None, 'change': True}
2022-10-06 07:36:48,232 : INFO : EventManager : Event: ======'machine_var_audits_switches_s_drop_mid_mid'====== Args={'value': 61, 'prev_value': None, 'change': True}
2022-10-06 07:36:48,232 : INFO : EventManager : Event: ======'machine_var_audits_switches_s_drop_mid_right'====== Args={'value': 5, 'prev_value': None, 'change': True}
2022-10-06 07:36:48,232 : INFO : EventManager : Event: ======'machine_var_audits_switches_s_drop_right_left'====== Args={'value': 15, 'prev_value': None, 'change': True}
2022-10-06 07:36:48,233 : INFO : EventManager : Event: ======'machine_var_audits_switches_s_drop_right_right'====== Args={'value': 27, 'prev_value': None, 'change': True}
2022-10-06 07:36:48,233 : INFO : EventManager : Event: ======'machine_var_audits_switches_s_drop_single'====== Args={'value': 40, 'prev_value': None, 'change': True}
2022-10-06 07:36:48,233 : INFO : EventManager : Event: ======'machine_var_audits_switches_s_eos_left'====== Args={'value': 71, 'prev_value': None, 'change': True}
2022-10-06 07:36:48,233 : INFO : EventManager : Event: ======'machine_var_audits_switches_s_eos_left_top'====== Args={'value': 288, 'prev_value': None, 'change': True}
2022-10-06 07:36:48,233 : INFO : EventManager : Event: ======'machine_var_audits_switches_s_eos_right'====== Args={'value': 96, 'prev_value': None, 'change': True}
2022-10-06 07:36:48,233 : INFO : EventManager : Event: ======'machine_var_audits_switches_s_launch'====== Args={'value': 34, 'prev_value': None, 'change': True}
2022-10-06 07:36:48,234 : INFO : EventManager : Event: ======'machine_var_audits_switches_s_left_flipper'====== Args={'value': 365, 'prev_value': None, 'change': True}
2022-10-06 07:36:48,234 : INFO : EventManager : Event: ======'machine_var_audits_switches_s_left_inlane'====== Args={'value': 9, 'prev_value': None, 'change': True}
2022-10-06 07:36:48,234 : INFO : EventManager : Event: ======'machine_var_audits_switches_s_left_outlane'====== Args={'value': 1, 'prev_value': None, 'change': True}
2022-10-06 07:36:48,234 : INFO : EventManager : Event: ======'machine_var_audits_switches_s_pop_left'====== Args={'value': 66, 'prev_value': None, 'change': True}
2022-10-06 07:36:48,234 : INFO : EventManager : Event: ======'machine_var_audits_switches_s_pop_lower'====== Args={'value': 85, 'prev_value': None, 'change': True}
2022-10-06 07:36:48,234 : INFO : EventManager : Event: ======'machine_var_audits_switches_s_pop_right'====== Args={'value': 97, 'prev_value': None, 'change': True}
2022-10-06 07:36:48,235 : INFO : EventManager : Event: ======'machine_var_audits_switches_s_right_flipper'====== Args={'value': 429, 'prev_value': None, 'change': True}
2022-10-06 07:36:48,235 : INFO : EventManager : Event: ======'machine_var_audits_switches_s_right_inlane'====== Args={'value': 0, 'prev_value': None, 'change': True}
2022-10-06 07:36:48,235 : INFO : EventManager : Event: ======'machine_var_audits_switches_s_right_outlane'====== Args={'value': 19, 'prev_value': None, 'change': True}
2022-10-06 07:36:48,235 : INFO : EventManager : Event: ======'machine_var_audits_switches_s_rollover_left'====== Args={'value': 10, 'prev_value': None, 'change': True}
2022-10-06 07:36:48,235 : INFO : EventManager : Event: ======'machine_var_audits_switches_s_rollover_right'====== Args={'value': 15, 'prev_value': None, 'change': True}
2022-10-06 07:36:48,236 : INFO : EventManager : Event: ======'machine_var_audits_switches_s_sling_left'====== Args={'value': 24, 'prev_value': None, 'change': True}
2022-10-06 07:36:48,236 : INFO : EventManager : Event: ======'machine_var_audits_switches_s_sling_right'====== Args={'value': 24, 'prev_value': None, 'change': True}
2022-10-06 07:36:48,236 : INFO : EventManager : Event: ======'machine_var_audits_switches_s_start'====== Args={'value': 117, 'prev_value': None, 'change': True}
2022-10-06 07:36:48,236 : INFO : EventManager : Event: ======'machine_var_audits_switches_s_tilt'====== Args={'value': 63, 'prev_value': None, 'change': True}
2022-10-06 07:36:48,236 : INFO : EventManager : Event: ======'machine_var_audits_switches_s_transfer_rollover'====== Args={'value': 0, 'prev_value': None, 'change': True}
2022-10-06 07:36:48,237 : INFO : EventManager : Event: ======'machine_var_audits_switches_s_trough_1'====== Args={'value': 57, 'prev_value': None, 'change': True}
2022-10-06 07:36:48,237 : INFO : EventManager : Event: ======'machine_var_audits_switches_s_trough_2'====== Args={'value': 81, 'prev_value': None, 'change': True}
2022-10-06 07:36:48,237 : INFO : EventManager : Event: ======'machine_var_audits_switches_s_trough_3'====== Args={'value': 65, 'prev_value': None, 'change': True}
2022-10-06 07:36:48,237 : INFO : EventManager : Event: ======'machine_var_audits_switches_s_trough_4'====== Args={'value': 65, 'prev_value': None, 'change': True}
2022-10-06 07:36:48,237 : INFO : EventManager : Event: ======'machine_var_audits_switches_s_trough_5'====== Args={'value': 68, 'prev_value': None, 'change': True}
2022-10-06 07:36:48,238 : INFO : EventManager : Event: ======'machine_var_audits_switches_s_trough_6'====== Args={'value': 91, 'prev_value': None, 'change': True}
2022-10-06 07:36:48,238 : INFO : EventManager : Event: ======'machine_var_audits_switches_s_trough_jam'====== Args={'value': 108, 'prev_value': None, 'change': True}
2022-10-06 07:36:48,238 : INFO : EventManager : Event: ======'machine_var_audits_switches_s_upper_drop'====== Args={'value': 0, 'prev_value': None, 'change': True}
2022-10-06 07:36:48,238 : INFO : EventManager : Event: ======'machine_var_audits_switches_s_upper_rollover'====== Args={'value': 0, 'prev_value': None, 'change': True}
2022-10-06 07:36:48,239 : INFO : EventManager : Event: ======'machine_var_audits_switches_s_upper_stationary'====== Args={'value': 0, 'prev_value': None, 'change': True}
2022-10-06 07:36:48,239 : INFO : EventManager : Event: ======'machine_var_audits_switches_s_vuk_back'====== Args={'value': 1, 'prev_value': None, 'change': True}
2022-10-06 07:36:48,239 : INFO : EventManager : Event: ======'machine_var_audits_switches_s_vuk_right'====== Args={'value': 2, 'prev_value': None, 'change': True}
2022-10-06 07:36:48,239 : INFO : EventManager : Event: ======'machine_var_audits_switches_s_vuk_top'====== Args={'value': 0, 'prev_value': None, 'change': True}
2022-10-06 07:36:48,241 : INFO : EventManager : Event: ======'init_phase_5'====== Args={}
2022-10-06 07:36:48,284 : INFO : EventManager : Event: ======'init_done'====== Args={}
2022-10-06 07:36:48,284 : INFO : EventManager : Event: ======'machine_reset_phase_1'====== Args={}
2022-10-06 07:36:48,285 : INFO : EventManager : Event: ======'machine_reset_phase_2'====== Args={}
2022-10-06 07:36:48,286 : INFO : EventManager : Event: ======'machine_reset_phase_3'====== Args={}
2022-10-06 07:36:48,286 : INFO : EventManager : Event: ======'mode_tilt_will_start'====== Args={'queue': <QueuedEvent>}
2022-10-06 07:36:48,286 : INFO : EventManager : Event: ======'mode_tilt_starting'====== Args={'queue': <QueuedEvent>}
2022-10-06 07:36:48,287 : INFO : drop_target_bank.mid : 2 targets are down. Will reset those.
2022-10-06 07:36:48,287 : INFO : coil.c_drop_mid : Pulsing Driver for 50ms (0.7 pulse_power)
2022-10-06 07:36:48,287 : INFO : drop_target_bank.right : 1 targets are down. Will reset those.
2022-10-06 07:36:48,288 : INFO : Mode.tilt : Started. Priority: 1000000
2022-10-06 07:36:48,288 : INFO : EventManager : Event: ======'modes_active_modes_changed'====== Args={}
2022-10-06 07:36:48,288 : INFO : EventManager : Event: ======'mode_tilt_started'====== Args={'queue': <QueuedEvent>}
2022-10-06 07:36:48,288 : INFO : EventManager : Event: ======'reset_complete'====== Args={}
2022-10-06 07:36:48,288 : INFO : EventManager : Event: ======'mode_attract_will_start'====== Args={}
2022-10-06 07:36:48,288 : INFO : EventManager : Event: ======'mode_attract_starting'====== Args={}
2022-10-06 07:36:48,289 : INFO : Mode.attract : Started. Priority: 10
2022-10-06 07:36:48,289 : INFO : EventManager : Event: ======'modes_active_modes_changed'====== Args={}
2022-10-06 07:36:48,289 : INFO : EventManager : Event: ======'mode_attract_started'====== Args={}
2022-10-06 07:36:48,289 : INFO : EventManager : Event: ======'collecting_balls_complete'====== Args={}
2022-10-06 07:36:48,309 : INFO : Machine : Starting the main run loop.
2022-10-06 07:36:48,341 : INFO : coil.c_drop_right : Pulsing Driver for 10ms (1.0 pulse_power)
2022-10-06 07:36:48,373 : INFO : coil.c_drop_right : Pulsing Driver for 10ms (1.0 pulse_power)
2022-10-06 07:36:48,783 : INFO : EventManager : Event: ======'drop_target_bank_right_mixed'====== Args={'prev_value': <DropTargetBankState.MIXED: 'mixed'>, 'down': 1}
2022-10-06 07:36:48,783 : INFO : EventManager : Event: ======'drop_target_bank_mid_mixed'====== Args={'prev_value': <DropTargetBankState.MIXED: 'mixed'>, 'down': 2}
2022-10-06 07:36:48,908 : INFO : SwitchController : <<<<<<< 's_trough_2' active >>>>>>>
2022-10-06 07:36:48,908 : INFO : SwitchController : <<<<<<< 's_trough_2' inactive >>>>>>>
2022-10-06 07:36:50,310 : INFO : SwitchController : <<<<<<< 's_start' active >>>>>>>
2022-10-06 07:36:50,448 : INFO : SwitchController : <<<<<<< 's_start' inactive >>>>>>>
2022-10-06 07:36:50,448 : INFO : EventManager : Event: ======'request_to_start_game'====== Args={}
2022-10-06 07:36:50,448 : INFO : EventManager : Event: ======'game_start'====== Args={'buttons': [], 'hold_time': 0.1410000000000764}
2022-10-06 07:36:50,449 : INFO : EventManager : Event: ======'mode_game_will_start'====== Args={'buttons': [], 'hold_time': 0.1410000000000764}
2022-10-06 07:36:50,449 : INFO : EventManager : Event: ======'mode_game_starting'====== Args={'buttons': [], 'hold_time': 0.1410000000000764}
2022-10-06 07:36:50,449 : INFO : EventManager : Event: ======'mode_attract_will_stop'====== Args={}
2022-10-06 07:36:50,449 : INFO : EventManager : Event: ======'mode_attract_stopping'====== Args={}
2022-10-06 07:36:50,449 : INFO : Mode.attract : Stopped.
2022-10-06 07:36:50,449 : INFO : EventManager : Event: ======'modes_active_modes_changed'====== Args={}
2022-10-06 07:36:50,449 : INFO : EventManager : Event: ======'mode_attract_stopped'====== Args={}
2022-10-06 07:36:50,449 : INFO : EventManager : Event: ======'clear'====== Args={'key': 'attract'}
2022-10-06 07:36:50,449 : INFO : Mode.game : Started. Priority: 20
2022-10-06 07:36:50,449 : INFO : EventManager : Event: ======'modes_active_modes_changed'====== Args={}
2022-10-06 07:36:50,449 : INFO : EventManager : Event: ======'mode_game_started'====== Args={'buttons': [], 'hold_time': 0.1410000000000764}
2022-10-06 07:36:50,454 : INFO : EventManager : Event: ======'game_will_start'====== Args={}
2022-10-06 07:36:50,454 : INFO : EventManager : Event: ======'game_starting'====== Args={'game': <Mode.game>}
2022-10-06 07:36:50,455 : INFO : EventManager : Event: ======'player_add_request'====== Args={}
2022-10-06 07:36:50,455 : INFO : EventManager : Event: ======'player_will_add'====== Args={'number': 1}
2022-10-06 07:36:50,455 : INFO : EventManager : Event: ======'player_adding'====== Args={'player': <Player 1>, 'number': 1}
2022-10-06 07:36:50,455 : INFO : EventManager : Event: ======'player_added'====== Args={'player': <Player 1>, 'num': 1}
2022-10-06 07:36:50,455 : INFO : Mode.game : Player added successfully. Total players: 1
2022-10-06 07:36:50,455 : INFO : EventManager : Event: ======'player_index'====== Args={'value': 0, 'prev_value': 0, 'change': 0, 'player_num': 1}
2022-10-06 07:36:50,455 : INFO : EventManager : Event: ======'player_number'====== Args={'value': 1, 'prev_value': 1, 'change': 0, 'player_num': 1}
2022-10-06 07:36:50,455 : INFO : EventManager : Event: ======'player_score'====== Args={'value': 0, 'prev_value': 0, 'change': 0, 'player_num': 1}
2022-10-06 07:36:50,456 : INFO : EventManager : Event: ======'game_started'====== Args={}
2022-10-06 07:36:50,468 : INFO : EventManager : Event: ======'player_turn_will_start'====== Args={'player': <Player 1>, 'number': 1}
2022-10-06 07:36:50,469 : INFO : EventManager : Event: ======'player_turn_starting'====== Args={'player': <Player 1>, 'number': 1}
2022-10-06 07:36:50,469 : INFO : EventManager : Event: ======'player_ball'====== Args={'value': 1, 'prev_value': 0, 'change': 1, 'player_num': 1}
2022-10-06 07:36:50,469 : INFO : EventManager : Event: ======'player_turn_started'====== Args={'player': <Player 1>, 'number': 1}
2022-10-06 07:36:50,470 : INFO : EventManager : Event: ======'ball_will_start'====== Args={'player': 1, 'ball': 1, 'balls_remaining': 2, 'is_extra_ball': False}
2022-10-06 07:36:50,472 : INFO : EventManager : Event: ======'ball_starting'====== Args={'player': 1, 'ball': 1, 'balls_remaining': 2, 'is_extra_ball': False}
2022-10-06 07:36:50,473 : INFO : EventManager : Event: ======'mode_base_will_start'====== Args={'queue': <QueuedEvent>, 'player': 1, 'ball': 1, 'balls_remaining': 2, 'is_extra_ball': False}
2022-10-06 07:36:50,473 : INFO : EventManager : Event: ======'mode_base_starting'====== Args={'queue': <QueuedEvent>, 'player': 1, 'ball': 1, 'balls_remaining': 2, 'is_extra_ball': False}
2022-10-06 07:36:50,473 : INFO : drop_target_bank.mid : 2 targets are down. Will reset those.
2022-10-06 07:36:50,473 : INFO : coil.c_drop_mid : Pulsing Driver for 50ms (0.7 pulse_power)
2022-10-06 07:36:50,473 : INFO : drop_target_bank.right : 1 targets are down. Will reset those.
2022-10-06 07:36:50,474 : INFO : Mode.base : Started. Priority: 100
2022-10-06 07:36:50,474 : INFO : EventManager : Event: ======'modes_active_modes_changed'====== Args={}
2022-10-06 07:36:50,474 : INFO : EventManager : Event: ======'mode_base_started'====== Args={'queue': <QueuedEvent>, 'player': 1, 'ball': 1, 'balls_remaining': 2, 'is_extra_ball': False}
2022-10-06 07:36:50,474 : INFO : EventManager : Event: ======'balls_in_play'====== Args={'balls': 1}
2022-10-06 07:36:50,474 : INFO : EventManager : Event: ======'ball_started'====== Args={'player': 1, 'ball': 1, 'balls_remaining': 2, 'is_extra_ball': False}
2022-10-06 07:36:50,490 : INFO : EventManager : Event: ======'single_player_ball_started'====== Args={}
2022-10-06 07:36:50,491 : INFO : EventManager : Event: ======'ball_start_target'====== Args={'target': 'playfield'}
2022-10-06 07:36:50,491 : INFO : ball_device.bd_plunger : Setting up player-controlled eject. Balls: 1, Target: <playfield.playfield>, player_controlled_eject_event: s_launch_active
2022-10-06 07:36:50,491 : INFO : EventManager : Event: ======'balldevice_balls_available'====== Args={}
2022-10-06 07:36:50,492 : INFO : ball_device.bd_trough : State: waiting_for_target_ready
2022-10-06 07:36:50,492 : INFO : EventManager : Event: ======'balldevice_bd_trough_ball_eject_attempt'====== Args={'balls': 1, 'target': <ball_device.bd_plunger>, 'source': <ball_device.bd_trough>, 'mechanical_eject': True, 'num_attempts': 0}
2022-10-06 07:36:50,492 : INFO : ball_device.bd_plunger : State: waiting_for_ball
2022-10-06 07:36:50,492 : INFO : ball_device.bd_top_vuk : State: waiting_for_ball
2022-10-06 07:36:50,493 : INFO : ball_device.bd_trough : State: ejecting
2022-10-06 07:36:50,493 : INFO : ball_device.bd_trough : Ejecting ball to <ball_device.bd_plunger>
2022-10-06 07:36:50,493 : INFO : EventManager : Event: ======'balldevice_bd_trough_ejecting_ball'====== Args={'balls': 1, 'target': <ball_device.bd_plunger>, 'source': <ball_device.bd_trough>, 'mechanical_eject': True, 'num_attempts': 0}
2022-10-06 07:36:50,494 : INFO : ball_device.bd_trough : Wait for ball to leave device
2022-10-06 07:36:50,527 : INFO : coil.c_drop_right : Pulsing Driver for 10ms (1.0 pulse_power)
2022-10-06 07:36:50,558 : INFO : coil.c_drop_right : Pulsing Driver for 10ms (1.0 pulse_power)
2022-10-06 07:36:50,558 : INFO : SwitchController : <<<<<<< 's_drop_mid_left' inactive >>>>>>>
2022-10-06 07:36:50,562 : INFO : SwitchController : <<<<<<< 's_drop_mid_mid' inactive >>>>>>>
2022-10-06 07:36:50,562 : INFO : SwitchController : <<<<<<< 's_drop_right_right' inactive >>>>>>>
2022-10-06 07:36:50,577 : INFO : coil.c_trough : Pulsing Driver for 25ms (0.8 pulse_power)
2022-10-06 07:36:50,955 : INFO : EventManager : Event: ======'drop_target_mid_mid_up'====== Args={'device': <drop_target.mid_mid>}
2022-10-06 07:36:50,955 : INFO : EventManager : Event: ======'drop_target_bank_mid_mixed'====== Args={'prev_value': <DropTargetBankState.MIXED: 'mixed'>, 'down': 1}
2022-10-06 07:36:50,955 : INFO : EventManager : Event: ======'drop_target_mid_left_up'====== Args={'device': <drop_target.mid_left>}
2022-10-06 07:36:50,955 : INFO : EventManager : Event: ======'drop_target_bank_mid_up'====== Args={}
2022-10-06 07:36:50,955 : INFO : EventManager : Event: ======'drop_target_right_right_up'====== Args={'device': <drop_target.right_right>}
2022-10-06 07:36:50,956 : INFO : EventManager : Event: ======'drop_target_bank_right_up'====== Args={}
2022-10-06 07:36:53,189 : INFO : SwitchController : <<<<<<< 's_left_flipper' active >>>>>>>
2022-10-06 07:36:53,189 : INFO : EventManager : Event: ======'machine_var_audits_switches_s_left_flipper'====== Args={'value': 366, 'prev_value': 365, 'change': 1}
2022-10-06 07:36:53,221 : INFO : SwitchController : <<<<<<< 's_eos_left_top' active >>>>>>>
2022-10-06 07:36:53,221 : INFO : EventManager : Event: ======'machine_var_audits_switches_s_eos_left_top'====== Args={'value': 289, 'prev_value': 288, 'change': 1}
2022-10-06 07:36:53,501 : INFO : SwitchController : <<<<<<< 's_left_flipper' inactive >>>>>>>
2022-10-06 07:36:53,598 : INFO : SwitchController : <<<<<<< 's_eos_left_top' inactive >>>>>>>
2022-10-06 07:37:00,496 : INFO : EventManager : Event: ======'balldevice_bd_trough_ball_eject_failed'====== Args={'target': <ball_device.bd_plunger>, 'balls': 1, 'retry': True, 'num_attempts': 1}
2022-10-06 07:37:00,497 : INFO : ball_device.bd_trough : State: waiting_for_target_ready
2022-10-06 07:37:00,497 : INFO : EventManager : Event: ======'balldevice_bd_trough_ball_eject_attempt'====== Args={'balls': 1, 'target': <ball_device.bd_plunger>, 'source': <ball_device.bd_trough>, 'mechanical_eject': True, 'num_attempts': 1}
2022-10-06 07:37:00,497 : INFO : ball_device.bd_trough : State: ejecting
2022-10-06 07:37:00,497 : INFO : ball_device.bd_trough : Ejecting ball to <ball_device.bd_plunger>
2022-10-06 07:37:00,497 : INFO : EventManager : Event: ======'balldevice_bd_trough_ejecting_ball'====== Args={'balls': 1, 'target': <ball_device.bd_plunger>, 'source': <ball_device.bd_trough>, 'mechanical_eject': True, 'num_attempts': 1}
2022-10-06 07:37:00,498 : INFO : ball_device.bd_trough : Wait for ball to leave device
2022-10-06 07:37:00,498 : INFO : coil.c_trough : Pulsing Driver for 25ms (0.8 pulse_power)
2022-10-06 07:37:01,755 : INFO : SwitchController : <<<<<<< 's_right_outlane' active >>>>>>>
2022-10-06 07:37:01,755 : INFO : EventManager : Event: ======'sw_playfield_active'====== Args={}
2022-10-06 07:37:01,755 : INFO : EventManager : Event: ======'machine_var_audits_switches_s_right_outlane'====== Args={'value': 20, 'prev_value': 19, 'change': 1}
2022-10-06 07:37:01,756 : INFO : SwitchController : <<<<<<< 's_right_outlane' inactive >>>>>>>
2022-10-06 07:37:01,761 : INFO : EventManager : Event: ======'playfield_active'====== Args={}
2022-10-06 07:37:01,761 : INFO : EventManager : Event: ======'unexpected_ball_on_playfield'====== Args={}
2022-10-06 07:37:01,833 : INFO : SwitchController : <<<<<<< 's_right_outlane' active >>>>>>>
2022-10-06 07:37:01,833 : INFO : EventManager : Event: ======'sw_playfield_active'====== Args={}
2022-10-06 07:37:01,833 : INFO : EventManager : Event: ======'machine_var_audits_switches_s_right_outlane'====== Args={'value': 21, 'prev_value': 20, 'change': 1}
2022-10-06 07:37:01,833 : INFO : EventManager : Event: ======'playfield_active'====== Args={}
2022-10-06 07:37:01,834 : INFO : EventManager : Event: ======'unexpected_ball_on_playfield'====== Args={}
2022-10-06 07:37:01,863 : INFO : SwitchController : <<<<<<< 's_right_outlane' inactive >>>>>>>
2022-10-06 07:37:02,365 : INFO : SwitchController : <<<<<<< 's_right_flipper' active >>>>>>>
2022-10-06 07:37:02,365 : INFO : EventManager : Event: ======'machine_var_audits_switches_s_right_flipper'====== Args={'value': 430, 'prev_value': 429, 'change': 1}
2022-10-06 07:37:02,550 : INFO : SwitchController : <<<<<<< 's_right_flipper' inactive >>>>>>>
2022-10-06 07:37:02,570 : INFO : SwitchController : <<<<<<< 's_drop_mid_mid' active >>>>>>>
2022-10-06 07:37:02,570 : INFO : EventManager : Event: ======'playfield_active'====== Args={}
2022-10-06 07:37:02,570 : INFO : EventManager : Event: ======'unexpected_ball_on_playfield'====== Args={}
2022-10-06 07:37:02,570 : INFO : EventManager : Event: ======'drop_target_mid_mid_down'====== Args={'device': <drop_target.mid_mid>}
2022-10-06 07:37:02,570 : INFO : EventManager : Event: ======'drop_target_bank_mid_mixed'====== Args={'prev_value': <DropTargetBankState.UP: 'up'>, 'down': 1}
2022-10-06 07:37:02,570 : INFO : EventManager : Event: ======'machine_var_audits_switches_s_drop_mid_mid'====== Args={'value': 62, 'prev_value': 61, 'change': 1}
2022-10-06 07:37:02,585 : INFO : SwitchController : <<<<<<< 's_drop_mid_left' active >>>>>>>
2022-10-06 07:37:02,585 : INFO : EventManager : Event: ======'playfield_active'====== Args={}
2022-10-06 07:37:02,585 : INFO : EventManager : Event: ======'unexpected_ball_on_playfield'====== Args={}
2022-10-06 07:37:02,585 : INFO : EventManager : Event: ======'drop_target_mid_left_down'====== Args={'device': <drop_target.mid_left>}
2022-10-06 07:37:02,585 : INFO : EventManager : Event: ======'drop_target_bank_mid_mixed'====== Args={'prev_value': <DropTargetBankState.MIXED: 'mixed'>, 'down': 2}
2022-10-06 07:37:02,586 : INFO : EventManager : Event: ======'machine_var_audits_switches_s_drop_mid_left'====== Args={'value': 57, 'prev_value': 56, 'change': 1}
2022-10-06 07:37:02,800 : INFO : SwitchController : <<<<<<< 's_left_flipper' active >>>>>>>
2022-10-06 07:37:02,800 : INFO : EventManager : Event: ======'machine_var_audits_switches_s_left_flipper'====== Args={'value': 367, 'prev_value': 366, 'change': 1}
2022-10-06 07:37:02,805 : INFO : SwitchController : <<<<<<< 's_eos_left_top' active >>>>>>>
2022-10-06 07:37:02,805 : INFO : EventManager : Event: ======'machine_var_audits_switches_s_eos_left_top'====== Args={'value': 290, 'prev_value': 289, 'change': 1}
2022-10-06 07:37:02,972 : INFO : SwitchController : <<<<<<< 's_left_flipper' inactive >>>>>>>
2022-10-06 07:37:03,065 : INFO : SwitchController : <<<<<<< 's_eos_left_top' inactive >>>>>>>
2022-10-06 07:37:03,716 : INFO : SwitchController : <<<<<<< 's_right_flipper' active >>>>>>>
2022-10-06 07:37:03,716 : INFO : EventManager : Event: ======'machine_var_audits_switches_s_right_flipper'====== Args={'value': 431, 'prev_value': 430, 'change': 1}
2022-10-06 07:37:03,794 : INFO : SwitchController : <<<<<<< 's_right_flipper' inactive >>>>>>>
2022-10-06 07:37:04,728 : INFO : SwitchController : <<<<<<< 's_right_flipper' active >>>>>>>
2022-10-06 07:37:04,728 : INFO : EventManager : Event: ======'machine_var_audits_switches_s_right_flipper'====== Args={'value': 432, 'prev_value': 431, 'change': 1}
2022-10-06 07:37:05,119 : INFO : SwitchController : <<<<<<< 's_pop_left' active >>>>>>>
2022-10-06 07:37:05,119 : INFO : EventManager : Event: ======'playfield_active'====== Args={}
2022-10-06 07:37:05,119 : INFO : EventManager : Event: ======'unexpected_ball_on_playfield'====== Args={}
2022-10-06 07:37:05,119 : INFO : EventManager : Event: ======'machine_var_audits_switches_s_pop_left'====== Args={'value': 67, 'prev_value': 66, 'change': 1}
2022-10-06 07:37:05,139 : INFO : SwitchController : <<<<<<< 's_pop_left' inactive >>>>>>>
2022-10-06 07:37:05,274 : INFO : SwitchController : <<<<<<< 's_right_flipper' inactive >>>>>>>
2022-10-06 07:37:05,294 : INFO : SwitchController : <<<<<<< 's_right_flipper' active >>>>>>>
2022-10-06 07:37:05,294 : INFO : EventManager : Event: ======'machine_var_audits_switches_s_right_flipper'====== Args={'value': 433, 'prev_value': 432, 'change': 1}
2022-10-06 07:37:05,294 : INFO : SwitchController : <<<<<<< 's_right_flipper' inactive >>>>>>>
2022-10-06 07:37:07,719 : INFO : SwitchController : <<<<<<< 's_right_flipper' active >>>>>>>
2022-10-06 07:37:07,719 : INFO : EventManager : Event: ======'machine_var_audits_switches_s_right_flipper'====== Args={'value': 434, 'prev_value': 433, 'change': 1}
2022-10-06 07:37:07,888 : INFO : SwitchController : <<<<<<< 's_right_flipper' inactive >>>>>>>
2022-10-06 07:37:08,184 : INFO : SwitchController : <<<<<<< 's_pop_lower' active >>>>>>>
2022-10-06 07:37:08,184 : INFO : EventManager : Event: ======'playfield_active'====== Args={}
2022-10-06 07:37:08,184 : INFO : EventManager : Event: ======'unexpected_ball_on_playfield'====== Args={}
2022-10-06 07:37:08,184 : INFO : EventManager : Event: ======'machine_var_audits_switches_s_pop_lower'====== Args={'value': 86, 'prev_value': 85, 'change': 1}
2022-10-06 07:37:08,204 : INFO : SwitchController : <<<<<<< 's_pop_lower' inactive >>>>>>>
2022-10-06 07:37:08,204 : INFO : SwitchController : <<<<<<< 's_pop_lower' active >>>>>>>
2022-10-06 07:37:08,204 : INFO : EventManager : Event: ======'playfield_active'====== Args={}
2022-10-06 07:37:08,204 : INFO : EventManager : Event: ======'unexpected_ball_on_playfield'====== Args={}
2022-10-06 07:37:08,204 : INFO : EventManager : Event: ======'machine_var_audits_switches_s_pop_lower'====== Args={'value': 87, 'prev_value': 86, 'change': 1}
2022-10-06 07:37:08,216 : INFO : SwitchController : <<<<<<< 's_pop_lower' inactive >>>>>>>
2022-10-06 07:37:08,447 : INFO : SwitchController : <<<<<<< 's_sling_right' active >>>>>>>
2022-10-06 07:37:08,447 : INFO : EventManager : Event: ======'playfield_active'====== Args={}
2022-10-06 07:37:08,447 : INFO : EventManager : Event: ======'unexpected_ball_on_playfield'====== Args={}
2022-10-06 07:37:08,447 : INFO : EventManager : Event: ======'machine_var_audits_switches_s_sling_right'====== Args={'value': 25, 'prev_value': 24, 'change': 1}
2022-10-06 07:37:08,467 : INFO : SwitchController : <<<<<<< 's_sling_right' inactive >>>>>>>
2022-10-06 07:37:08,931 : INFO : SwitchController : <<<<<<< 's_left_flipper' active >>>>>>>
2022-10-06 07:37:08,931 : INFO : EventManager : Event: ======'machine_var_audits_switches_s_left_flipper'====== Args={'value': 368, 'prev_value': 367, 'change': 1}
2022-10-06 07:37:08,962 : INFO : SwitchController : <<<<<<< 's_eos_left_top' active >>>>>>>
2022-10-06 07:37:08,962 : INFO : EventManager : Event: ======'machine_var_audits_switches_s_eos_left_top'====== Args={'value': 291, 'prev_value': 290, 'change': 1}
2022-10-06 07:37:09,118 : INFO : SwitchController : <<<<<<< 's_left_flipper' inactive >>>>>>>
2022-10-06 07:37:09,212 : INFO : SwitchController : <<<<<<< 's_eos_left_top' inactive >>>>>>>
2022-10-06 07:37:09,927 : INFO : SwitchController : <<<<<<< 's_left_flipper' active >>>>>>>
2022-10-06 07:37:09,927 : INFO : EventManager : Event: ======'machine_var_audits_switches_s_left_flipper'====== Args={'value': 369, 'prev_value': 368, 'change': 1}
2022-10-06 07:37:09,959 : INFO : SwitchController : <<<<<<< 's_eos_left_top' active >>>>>>>
2022-10-06 07:37:09,959 : INFO : EventManager : Event: ======'machine_var_audits_switches_s_eos_left_top'====== Args={'value': 292, 'prev_value': 291, 'change': 1}
2022-10-06 07:37:10,085 : INFO : SwitchController : <<<<<<< 's_left_flipper' inactive >>>>>>>
2022-10-06 07:37:10,178 : INFO : SwitchController : <<<<<<< 's_eos_left_top' inactive >>>>>>>
2022-10-06 07:37:10,257 : INFO : SwitchController : <<<<<<< 's_rollover_right' active >>>>>>>
2022-10-06 07:37:10,257 : INFO : EventManager : Event: ======'sw_playfield_active'====== Args={}
2022-10-06 07:37:10,257 : INFO : EventManager : Event: ======'machine_var_audits_switches_s_rollover_right'====== Args={'value': 16, 'prev_value': 15, 'change': 1}
2022-10-06 07:37:10,258 : INFO : EventManager : Event: ======'playfield_active'====== Args={}
2022-10-06 07:37:10,258 : INFO : EventManager : Event: ======'unexpected_ball_on_playfield'====== Args={}
2022-10-06 07:37:10,287 : INFO : SwitchController : <<<<<<< 's_rollover_right' inactive >>>>>>>
2022-10-06 07:37:10,487 : INFO : EventManager : Event: ======'balldevice_bd_trough_ball_eject_failed'====== Args={'target': <ball_device.bd_plunger>, 'balls': 1, 'retry': True, 'num_attempts': 2}
2022-10-06 07:37:10,487 : INFO : ball_device.bd_trough : State: waiting_for_target_ready
2022-10-06 07:37:10,488 : INFO : EventManager : Event: ======'balldevice_bd_trough_ball_eject_attempt'====== Args={'balls': 1, 'target': <ball_device.bd_plunger>, 'source': <ball_device.bd_trough>, 'mechanical_eject': True, 'num_attempts': 2}
2022-10-06 07:37:10,488 : INFO : ball_device.bd_trough : State: ejecting
2022-10-06 07:37:10,488 : INFO : ball_device.bd_trough : Ejecting ball to <ball_device.bd_plunger>
2022-10-06 07:37:10,488 : INFO : EventManager : Event: ======'balldevice_bd_trough_ejecting_ball'====== Args={'balls': 1, 'target': <ball_device.bd_plunger>, 'source': <ball_device.bd_trough>, 'mechanical_eject': True, 'num_attempts': 2}
2022-10-06 07:37:10,489 : INFO : ball_device.bd_trough : Wait for ball to leave device
2022-10-06 07:37:10,489 : INFO : coil.c_trough : Pulsing Driver for 25ms (0.8 pulse_power)
2022-10-06 07:37:10,580 : INFO : SwitchController : <<<<<<< 's_right_flipper' active >>>>>>>
2022-10-06 07:37:10,580 : INFO : EventManager : Event: ======'machine_var_audits_switches_s_right_flipper'====== Args={'value': 435, 'prev_value': 434, 'change': 1}
2022-10-06 07:37:10,735 : INFO : SwitchController : <<<<<<< 's_right_flipper' inactive >>>>>>>
2022-10-06 07:37:11,562 : INFO : SwitchController : <<<<<<< 's_left_flipper' active >>>>>>>
2022-10-06 07:37:11,562 : INFO : EventManager : Event: ======'machine_var_audits_switches_s_left_flipper'====== Args={'value': 370, 'prev_value': 369, 'change': 1}
2022-10-06 07:37:11,592 : INFO : SwitchController : <<<<<<< 's_eos_left_top' active >>>>>>>
2022-10-06 07:37:11,592 : INFO : EventManager : Event: ======'machine_var_audits_switches_s_eos_left_top'====== Args={'value': 293, 'prev_value': 292, 'change': 1}
2022-10-06 07:37:11,719 : INFO : SwitchController : <<<<<<< 's_left_flipper' inactive >>>>>>>
2022-10-06 07:37:11,815 : INFO : SwitchController : <<<<<<< 's_eos_left_top' inactive >>>>>>>
2022-10-06 07:37:12,217 : INFO : SwitchController : <<<<<<< 's_left_flipper' active >>>>>>>
2022-10-06 07:37:12,217 : INFO : EventManager : Event: ======'machine_var_audits_switches_s_left_flipper'====== Args={'value': 371, 'prev_value': 370, 'change': 1}
2022-10-06 07:37:12,237 : INFO : SwitchController : <<<<<<< 's_eos_left_top' active >>>>>>>
2022-10-06 07:37:12,237 : INFO : EventManager : Event: ======'machine_var_audits_switches_s_eos_left_top'====== Args={'value': 294, 'prev_value': 293, 'change': 1}
2022-10-06 07:37:12,263 : INFO : SwitchController : <<<<<<< 's_drop_right_right' active >>>>>>>
2022-10-06 07:37:12,263 : INFO : EventManager : Event: ======'playfield_active'====== Args={}
2022-10-06 07:37:12,263 : INFO : EventManager : Event: ======'unexpected_ball_on_playfield'====== Args={}
2022-10-06 07:37:12,263 : INFO : EventManager : Event: ======'drop_target_right_right_down'====== Args={'device': <drop_target.right_right>}
2022-10-06 07:37:12,263 : INFO : EventManager : Event: ======'drop_target_bank_right_mixed'====== Args={'prev_value': <DropTargetBankState.UP: 'up'>, 'down': 1}
2022-10-06 07:37:12,263 : INFO : EventManager : Event: ======'machine_var_audits_switches_s_drop_right_right'====== Args={'value': 28, 'prev_value': 27, 'change': 1}
2022-10-06 07:37:12,370 : INFO : SwitchController : <<<<<<< 's_left_flipper' inactive >>>>>>>
2022-10-06 07:37:12,479 : INFO : SwitchController : <<<<<<< 's_eos_left_top' inactive >>>>>>>
2022-10-06 07:37:12,807 : INFO : SwitchController : <<<<<<< 's_right_flipper' active >>>>>>>
2022-10-06 07:37:12,807 : INFO : EventManager : Event: ======'machine_var_audits_switches_s_right_flipper'====== Args={'value': 436, 'prev_value': 435, 'change': 1}
2022-10-06 07:37:13,025 : INFO : SwitchController : <<<<<<< 's_right_flipper' inactive >>>>>>>
2022-10-06 07:37:14,213 : INFO : SwitchController : <<<<<<< 's_left_flipper' active >>>>>>>
2022-10-06 07:37:14,213 : INFO : EventManager : Event: ======'machine_var_audits_switches_s_left_flipper'====== Args={'value': 372, 'prev_value': 371, 'change': 1}
2022-10-06 07:37:14,243 : INFO : SwitchController : <<<<<<< 's_eos_left_top' active >>>>>>>
2022-10-06 07:37:14,243 : INFO : EventManager : Event: ======'machine_var_audits_switches_s_eos_left_top'====== Args={'value': 295, 'prev_value': 294, 'change': 1}
2022-10-06 07:37:14,385 : INFO : SwitchController : <<<<<<< 's_pop_lower' active >>>>>>>
2022-10-06 07:37:14,385 : INFO : EventManager : Event: ======'playfield_active'====== Args={}
2022-10-06 07:37:14,385 : INFO : EventManager : Event: ======'unexpected_ball_on_playfield'====== Args={}
2022-10-06 07:37:14,385 : INFO : EventManager : Event: ======'machine_var_audits_switches_s_pop_lower'====== Args={'value': 88, 'prev_value': 87, 'change': 1}
2022-10-06 07:37:14,418 : INFO : SwitchController : <<<<<<< 's_pop_lower' inactive >>>>>>>
2022-10-06 07:37:14,557 : INFO : SwitchController : <<<<<<< 's_left_flipper' inactive >>>>>>>
2022-10-06 07:37:14,649 : INFO : SwitchController : <<<<<<< 's_eos_left_top' inactive >>>>>>>
2022-10-06 07:37:15,193 : INFO : SwitchController : <<<<<<< 's_pop_lower' active >>>>>>>
2022-10-06 07:37:15,193 : INFO : EventManager : Event: ======'playfield_active'====== Args={}
2022-10-06 07:37:15,193 : INFO : EventManager : Event: ======'unexpected_ball_on_playfield'====== Args={}
2022-10-06 07:37:15,193 : INFO : EventManager : Event: ======'machine_var_audits_switches_s_pop_lower'====== Args={'value': 89, 'prev_value': 88, 'change': 1}
2022-10-06 07:37:15,210 : INFO : SwitchController : <<<<<<< 's_pop_lower' inactive >>>>>>>
2022-10-06 07:37:16,425 : INFO : SwitchController : <<<<<<< 's_right_flipper' active >>>>>>>
2022-10-06 07:37:16,425 : INFO : EventManager : Event: ======'machine_var_audits_switches_s_right_flipper'====== Args={'value': 437, 'prev_value': 436, 'change': 1}
2022-10-06 07:37:16,547 : INFO : SwitchController : <<<<<<< 's_pop_lower' active >>>>>>>
2022-10-06 07:37:16,547 : INFO : EventManager : Event: ======'playfield_active'====== Args={}
2022-10-06 07:37:16,547 : INFO : EventManager : Event: ======'unexpected_ball_on_playfield'====== Args={}
2022-10-06 07:37:16,547 : INFO : EventManager : Event: ======'machine_var_audits_switches_s_pop_lower'====== Args={'value': 90, 'prev_value': 89, 'change': 1}
2022-10-06 07:37:16,562 : INFO : SwitchController : <<<<<<< 's_pop_lower' inactive >>>>>>>
2022-10-06 07:37:16,562 : INFO : SwitchController : <<<<<<< 's_right_flipper' inactive >>>>>>>
2022-10-06 07:37:18,334 : INFO : SwitchController : <<<<<<< 's_right_flipper' active >>>>>>>
2022-10-06 07:37:18,334 : INFO : EventManager : Event: ======'machine_var_audits_switches_s_right_flipper'====== Args={'value': 438, 'prev_value': 437, 'change': 1}
2022-10-06 07:37:18,522 : INFO : SwitchController : <<<<<<< 's_right_flipper' inactive >>>>>>>
2022-10-06 07:37:19,612 : INFO : SwitchController : <<<<<<< 's_pop_left' active >>>>>>>
2022-10-06 07:37:19,612 : INFO : EventManager : Event: ======'playfield_active'====== Args={}
2022-10-06 07:37:19,612 : INFO : EventManager : Event: ======'unexpected_ball_on_playfield'====== Args={}
2022-10-06 07:37:19,612 : INFO : EventManager : Event: ======'machine_var_audits_switches_s_pop_left'====== Args={'value': 68, 'prev_value': 67, 'change': 1}
2022-10-06 07:37:19,622 : INFO : SwitchController : <<<<<<< 's_pop_left' inactive >>>>>>>
2022-10-06 07:37:20,053 : INFO : SwitchController : <<<<<<< 's_pop_left' active >>>>>>>
2022-10-06 07:37:20,053 : INFO : EventManager : Event: ======'playfield_active'====== Args={}
2022-10-06 07:37:20,053 : INFO : EventManager : Event: ======'unexpected_ball_on_playfield'====== Args={}
2022-10-06 07:37:20,053 : INFO : EventManager : Event: ======'machine_var_audits_switches_s_pop_left'====== Args={'value': 69, 'prev_value': 68, 'change': 1}
2022-10-06 07:37:20,072 : INFO : SwitchController : <<<<<<< 's_pop_left' inactive >>>>>>>
2022-10-06 07:37:20,491 : INFO : EventManager : Event: ======'balldevice_bd_trough_ball_eject_failed'====== Args={'target': <ball_device.bd_plunger>, 'balls': 1, 'retry': True, 'num_attempts': 3}
2022-10-06 07:37:20,492 : INFO : ball_device.bd_trough : State: waiting_for_target_ready
2022-10-06 07:37:20,492 : INFO : EventManager : Event: ======'balldevice_bd_trough_ball_eject_attempt'====== Args={'balls': 1, 'target': <ball_device.bd_plunger>, 'source': <ball_device.bd_trough>, 'mechanical_eject': True, 'num_attempts': 3}
2022-10-06 07:37:20,492 : INFO : ball_device.bd_trough : State: ejecting
2022-10-06 07:37:20,492 : INFO : ball_device.bd_trough : Ejecting ball to <ball_device.bd_plunger>
2022-10-06 07:37:20,492 : INFO : EventManager : Event: ======'balldevice_bd_trough_ejecting_ball'====== Args={'balls': 1, 'target': <ball_device.bd_plunger>, 'source': <ball_device.bd_trough>, 'mechanical_eject': True, 'num_attempts': 3}
2022-10-06 07:37:20,493 : INFO : ball_device.bd_trough : Wait for ball to leave device
2022-10-06 07:37:20,493 : INFO : coil.c_trough : Pulsing Driver for 20ms (0.8 pulse_power)
2022-10-06 07:37:21,018 : INFO : SwitchController : <<<<<<< 's_left_flipper' active >>>>>>>
2022-10-06 07:37:21,018 : INFO : EventManager : Event: ======'machine_var_audits_switches_s_left_flipper'====== Args={'value': 373, 'prev_value': 372, 'change': 1}
2022-10-06 07:37:21,050 : INFO : SwitchController : <<<<<<< 's_eos_left_top' active >>>>>>>
2022-10-06 07:37:21,050 : INFO : EventManager : Event: ======'machine_var_audits_switches_s_eos_left_top'====== Args={'value': 296, 'prev_value': 295, 'change': 1}
2022-10-06 07:37:21,377 : INFO : SwitchController : <<<<<<< 's_left_flipper' inactive >>>>>>>
2022-10-06 07:37:21,472 : INFO : SwitchController : <<<<<<< 's_eos_left_top' inactive >>>>>>>
2022-10-06 07:37:21,797 : INFO : SwitchController : <<<<<<< 's_sling_right' active >>>>>>>
2022-10-06 07:37:21,797 : INFO : EventManager : Event: ======'playfield_active'====== Args={}
2022-10-06 07:37:21,797 : INFO : EventManager : Event: ======'unexpected_ball_on_playfield'====== Args={}
2022-10-06 07:37:21,797 : INFO : EventManager : Event: ======'machine_var_audits_switches_s_sling_right'====== Args={'value': 26, 'prev_value': 25, 'change': 1}
2022-10-06 07:37:21,817 : INFO : SwitchController : <<<<<<< 's_sling_right' inactive >>>>>>>
2022-10-06 07:37:22,310 : INFO : SwitchController : <<<<<<< 's_pop_lower' active >>>>>>>
2022-10-06 07:37:22,310 : INFO : EventManager : Event: ======'playfield_active'====== Args={}
2022-10-06 07:37:22,310 : INFO : EventManager : Event: ======'unexpected_ball_on_playfield'====== Args={}
2022-10-06 07:37:22,310 : INFO : EventManager : Event: ======'machine_var_audits_switches_s_pop_lower'====== Args={'value': 91, 'prev_value': 90, 'change': 1}
2022-10-06 07:37:22,330 : INFO : SwitchController : <<<<<<< 's_pop_lower' inactive >>>>>>>
2022-10-06 07:37:22,700 : INFO : SwitchController : <<<<<<< 's_sling_right' active >>>>>>>
2022-10-06 07:37:22,700 : INFO : EventManager : Event: ======'playfield_active'====== Args={}
2022-10-06 07:37:22,700 : INFO : EventManager : Event: ======'unexpected_ball_on_playfield'====== Args={}
2022-10-06 07:37:22,700 : INFO : EventManager : Event: ======'machine_var_audits_switches_s_sling_right'====== Args={'value': 27, 'prev_value': 26, 'change': 1}
2022-10-06 07:37:22,721 : INFO : SwitchController : <<<<<<< 's_sling_right' inactive >>>>>>>
2022-10-06 07:37:23,243 : INFO : SwitchController : <<<<<<< 's_pop_lower' active >>>>>>>
2022-10-06 07:37:23,243 : INFO : EventManager : Event: ======'playfield_active'====== Args={}
2022-10-06 07:37:23,243 : INFO : EventManager : Event: ======'unexpected_ball_on_playfield'====== Args={}
2022-10-06 07:37:23,243 : INFO : EventManager : Event: ======'machine_var_audits_switches_s_pop_lower'====== Args={'value': 92, 'prev_value': 91, 'change': 1}
2022-10-06 07:37:23,265 : INFO : SwitchController : <<<<<<< 's_pop_lower' inactive >>>>>>>
2022-10-06 07:37:23,898 : INFO : SwitchController : <<<<<<< 's_right_flipper' active >>>>>>>
2022-10-06 07:37:23,898 : INFO : EventManager : Event: ======'machine_var_audits_switches_s_right_flipper'====== Args={'value': 439, 'prev_value': 438, 'change': 1}
2022-10-06 07:37:24,117 : INFO : SwitchController : <<<<<<< 's_right_flipper' inactive >>>>>>>
2022-10-06 07:37:25,103 : INFO : SwitchController : <<<<<<< 's_pop_lower' active >>>>>>>
2022-10-06 07:37:25,103 : INFO : EventManager : Event: ======'playfield_active'====== Args={}
2022-10-06 07:37:25,103 : INFO : EventManager : Event: ======'unexpected_ball_on_playfield'====== Args={}
2022-10-06 07:37:25,103 : INFO : EventManager : Event: ======'machine_var_audits_switches_s_pop_lower'====== Args={'value': 93, 'prev_value': 92, 'change': 1}
2022-10-06 07:37:25,108 : INFO : SwitchController : <<<<<<< 's_pop_lower' inactive >>>>>>>
2022-10-06 07:37:25,369 : INFO : SwitchController : <<<<<<< 's_sling_right' active >>>>>>>
2022-10-06 07:37:25,369 : INFO : EventManager : Event: ======'playfield_active'====== Args={}
2022-10-06 07:37:25,369 : INFO : EventManager : Event: ======'unexpected_ball_on_playfield'====== Args={}
2022-10-06 07:37:25,369 : INFO : EventManager : Event: ======'machine_var_audits_switches_s_sling_right'====== Args={'value': 28, 'prev_value': 27, 'change': 1}
2022-10-06 07:37:25,370 : INFO : SwitchController : <<<<<<< 's_sling_right' inactive >>>>>>>
2022-10-06 07:37:26,381 : INFO : SwitchController : <<<<<<< 's_left_flipper' active >>>>>>>
2022-10-06 07:37:26,381 : INFO : EventManager : Event: ======'machine_var_audits_switches_s_left_flipper'====== Args={'value': 374, 'prev_value': 373, 'change': 1}
2022-10-06 07:37:26,416 : INFO : SwitchController : <<<<<<< 's_eos_left_top' active >>>>>>>
2022-10-06 07:37:26,416 : INFO : EventManager : Event: ======'machine_var_audits_switches_s_eos_left_top'====== Args={'value': 297, 'prev_value': 296, 'change': 1}
2022-10-06 07:37:26,506 : INFO : SwitchController : <<<<<<< 's_left_flipper' inactive >>>>>>>
2022-10-06 07:37:26,602 : INFO : SwitchController : <<<<<<< 's_eos_left_top' inactive >>>>>>>
2022-10-06 07:37:27,396 : INFO : SwitchController : <<<<<<< 's_right_flipper' active >>>>>>>
2022-10-06 07:37:27,396 : INFO : EventManager : Event: ======'machine_var_audits_switches_s_right_flipper'====== Args={'value': 440, 'prev_value': 439, 'change': 1}
2022-10-06 07:37:27,753 : INFO : SwitchController : <<<<<<< 's_right_flipper' inactive >>>>>>>
2022-10-06 07:37:27,753 : INFO : SwitchController : <<<<<<< 's_right_flipper' active >>>>>>>
2022-10-06 07:37:27,753 : INFO : EventManager : Event: ======'machine_var_audits_switches_s_right_flipper'====== Args={'value': 441, 'prev_value': 440, 'change': 1}
2022-10-06 07:37:27,772 : INFO : SwitchController : <<<<<<< 's_right_flipper' inactive >>>>>>>
2022-10-06 07:37:28,719 : INFO : SwitchController : <<<<<<< 's_left_flipper' active >>>>>>>
2022-10-06 07:37:28,719 : INFO : EventManager : Event: ======'machine_var_audits_switches_s_left_flipper'====== Args={'value': 375, 'prev_value': 374, 'change': 1}
2022-10-06 07:37:28,739 : INFO : SwitchController : <<<<<<< 's_eos_left_top' active >>>>>>>
2022-10-06 07:37:28,740 : INFO : EventManager : Event: ======'machine_var_audits_switches_s_eos_left_top'====== Args={'value': 298, 'prev_value': 297, 'change': 1}
2022-10-06 07:37:28,967 : INFO : SwitchController : <<<<<<< 's_pop_right' active >>>>>>>
2022-10-06 07:37:28,967 : INFO : EventManager : Event: ======'playfield_active'====== Args={}
2022-10-06 07:37:28,967 : INFO : EventManager : Event: ======'unexpected_ball_on_playfield'====== Args={}
2022-10-06 07:37:28,967 : INFO : EventManager : Event: ======'machine_var_audits_switches_s_pop_right'====== Args={'value': 98, 'prev_value': 97, 'change': 1}
2022-10-06 07:37:28,968 : INFO : SwitchController : <<<<<<< 's_pop_right' inactive >>>>>>>
2022-10-06 07:37:29,109 : INFO : SwitchController : <<<<<<< 's_rollover_left' active >>>>>>>
2022-10-06 07:37:29,109 : INFO : EventManager : Event: ======'sw_playfield_active'====== Args={}
2022-10-06 07:37:29,109 : INFO : EventManager : Event: ======'machine_var_audits_switches_s_rollover_left'====== Args={'value': 11, 'prev_value': 10, 'change': 1}
2022-10-06 07:37:29,109 : INFO : SwitchController : <<<<<<< 's_left_flipper' inactive >>>>>>>
2022-10-06 07:37:29,110 : INFO : EventManager : Event: ======'playfield_active'====== Args={}
2022-10-06 07:37:29,110 : INFO : EventManager : Event: ======'unexpected_ball_on_playfield'====== Args={}
2022-10-06 07:37:29,124 : INFO : SwitchController : <<<<<<< 's_rollover_left' inactive >>>>>>>
2022-10-06 07:37:29,202 : INFO : SwitchController : <<<<<<< 's_eos_left_top' inactive >>>>>>>
2022-10-06 07:37:29,698 : INFO : SwitchController : <<<<<<< 's_left_flipper' active >>>>>>>
2022-10-06 07:37:29,698 : INFO : EventManager : Event: ======'machine_var_audits_switches_s_left_flipper'====== Args={'value': 376, 'prev_value': 375, 'change': 1}
2022-10-06 07:37:29,729 : INFO : SwitchController : <<<<<<< 's_eos_left_top' active >>>>>>>
2022-10-06 07:37:29,729 : INFO : EventManager : Event: ======'machine_var_audits_switches_s_eos_left_top'====== Args={'value': 299, 'prev_value': 298, 'change': 1}
2022-10-06 07:37:30,132 : INFO : SwitchController : <<<<<<< 's_left_flipper' inactive >>>>>>>
2022-10-06 07:37:30,226 : INFO : SwitchController : <<<<<<< 's_eos_left_top' inactive >>>>>>>
2022-10-06 07:37:30,491 : INFO : EventManager : Event: ======'balldevice_bd_trough_ball_eject_failed'====== Args={'target': <ball_device.bd_plunger>, 'balls': 1, 'retry': True, 'num_attempts': 4}
2022-10-06 07:37:30,491 : INFO : ball_device.bd_trough : State: waiting_for_target_ready
2022-10-06 07:37:30,492 : INFO : EventManager : Event: ======'balldevice_bd_trough_ball_eject_attempt'====== Args={'balls': 1, 'target': <ball_device.bd_plunger>, 'source': <ball_device.bd_trough>, 'mechanical_eject': True, 'num_attempts': 4}
2022-10-06 07:37:30,492 : INFO : ball_device.bd_trough : State: ejecting
2022-10-06 07:37:30,492 : INFO : ball_device.bd_trough : Ejecting ball to <ball_device.bd_plunger>
2022-10-06 07:37:30,492 : INFO : EventManager : Event: ======'balldevice_bd_trough_ejecting_ball'====== Args={'balls': 1, 'target': <ball_device.bd_plunger>, 'source': <ball_device.bd_trough>, 'mechanical_eject': True, 'num_attempts': 4}
2022-10-06 07:37:30,493 : INFO : ball_device.bd_trough : Wait for ball to leave device
2022-10-06 07:37:30,493 : INFO : coil.c_trough : Pulsing Driver for 20ms (0.8 pulse_power)
2022-10-06 07:37:30,970 : INFO : SwitchController : <<<<<<< 's_left_flipper' active >>>>>>>
2022-10-06 07:37:30,970 : INFO : EventManager : Event: ======'machine_var_audits_switches_s_left_flipper'====== Args={'value': 377, 'prev_value': 376, 'change': 1}
2022-10-06 07:37:31,003 : INFO : SwitchController : <<<<<<< 's_eos_left_top' active >>>>>>>
2022-10-06 07:37:31,003 : INFO : EventManager : Event: ======'machine_var_audits_switches_s_eos_left_top'====== Args={'value': 300, 'prev_value': 299, 'change': 1}
2022-10-06 07:37:31,159 : INFO : SwitchController : <<<<<<< 's_left_flipper' inactive >>>>>>>
2022-10-06 07:37:31,221 : INFO : SwitchController : <<<<<<< 's_rollover_left' active >>>>>>>
2022-10-06 07:37:31,221 : INFO : EventManager : Event: ======'sw_playfield_active'====== Args={}
2022-10-06 07:37:31,221 : INFO : EventManager : Event: ======'machine_var_audits_switches_s_rollover_left'====== Args={'value': 12, 'prev_value': 11, 'change': 1}
2022-10-06 07:37:31,222 : INFO : EventManager : Event: ======'playfield_active'====== Args={}
2022-10-06 07:37:31,222 : INFO : EventManager : Event: ======'unexpected_ball_on_playfield'====== Args={}
2022-10-06 07:37:31,236 : INFO : SwitchController : <<<<<<< 's_rollover_left' inactive >>>>>>>
2022-10-06 07:37:31,255 : INFO : SwitchController : <<<<<<< 's_eos_left_top' inactive >>>>>>>
2022-10-06 07:37:31,313 : INFO : SwitchController : <<<<<<< 's_rollover_right' active >>>>>>>
2022-10-06 07:37:31,313 : INFO : EventManager : Event: ======'sw_playfield_active'====== Args={}
2022-10-06 07:37:31,313 : INFO : EventManager : Event: ======'machine_var_audits_switches_s_rollover_right'====== Args={'value': 17, 'prev_value': 16, 'change': 1}
2022-10-06 07:37:31,313 : INFO : SwitchController : <<<<<<< 's_rollover_right' inactive >>>>>>>
2022-10-06 07:37:31,314 : INFO : EventManager : Event: ======'playfield_active'====== Args={}
2022-10-06 07:37:31,314 : INFO : EventManager : Event: ======'unexpected_ball_on_playfield'====== Args={}
2022-10-06 07:37:31,610 : INFO : SwitchController : <<<<<<< 's_right_flipper' active >>>>>>>
2022-10-06 07:37:31,610 : INFO : EventManager : Event: ======'machine_var_audits_switches_s_right_flipper'====== Args={'value': 442, 'prev_value': 441, 'change': 1}
2022-10-06 07:37:31,766 : INFO : SwitchController : <<<<<<< 's_right_flipper' inactive >>>>>>>
2022-10-06 07:37:32,653 : INFO : SwitchController : <<<<<<< 's_left_flipper' active >>>>>>>
2022-10-06 07:37:32,653 : INFO : EventManager : Event: ======'machine_var_audits_switches_s_left_flipper'====== Args={'value': 378, 'prev_value': 377, 'change': 1}
2022-10-06 07:37:32,673 : INFO : SwitchController : <<<<<<< 's_eos_left_top' active >>>>>>>
2022-10-06 07:37:32,673 : INFO : EventManager : Event: ======'machine_var_audits_switches_s_eos_left_top'====== Args={'value': 301, 'prev_value': 300, 'change': 1}
2022-10-06 07:37:32,809 : INFO : SwitchController : <<<<<<< 's_left_flipper' inactive >>>>>>>
2022-10-06 07:37:32,906 : INFO : SwitchController : <<<<<<< 's_eos_left_top' inactive >>>>>>>
2022-10-06 07:37:34,900 : INFO : SwitchController : <<<<<<< 's_left_flipper' active >>>>>>>
2022-10-06 07:37:34,900 : INFO : EventManager : Event: ======'machine_var_audits_switches_s_left_flipper'====== Args={'value': 379, 'prev_value': 378, 'change': 1}
2022-10-06 07:37:34,931 : INFO : SwitchController : <<<<<<< 's_eos_left_top' active >>>>>>>
2022-10-06 07:37:34,931 : INFO : EventManager : Event: ======'machine_var_audits_switches_s_eos_left_top'====== Args={'value': 302, 'prev_value': 301, 'change': 1}
2022-10-06 07:37:34,978 : INFO : SwitchController : <<<<<<< 's_left_flipper' inactive >>>>>>>
2022-10-06 07:37:35,071 : INFO : SwitchController : <<<<<<< 's_eos_left_top' inactive >>>>>>>
2022-10-06 07:37:35,591 : INFO : SwitchController : <<<<<<< 's_left_flipper' active >>>>>>>
2022-10-06 07:37:35,591 : INFO : EventManager : Event: ======'machine_var_audits_switches_s_left_flipper'====== Args={'value': 380, 'prev_value': 379, 'change': 1}
2022-10-06 07:37:35,611 : INFO : SwitchController : <<<<<<< 's_eos_left_top' active >>>>>>>
2022-10-06 07:37:35,611 : INFO : EventManager : Event: ======'machine_var_audits_switches_s_eos_left_top'====== Args={'value': 303, 'prev_value': 302, 'change': 1}
2022-10-06 07:37:35,671 : INFO : SwitchController : <<<<<<< 's_left_flipper' inactive >>>>>>>
2022-10-06 07:37:35,764 : INFO : SwitchController : <<<<<<< 's_eos_left_top' inactive >>>>>>>
2022-10-06 07:37:35,968 : INFO : SwitchController : <<<<<<< 's_rollover_left' active >>>>>>>
2022-10-06 07:37:35,968 : INFO : EventManager : Event: ======'sw_playfield_active'====== Args={}
2022-10-06 07:37:35,968 : INFO : EventManager : Event: ======'machine_var_audits_switches_s_rollover_left'====== Args={'value': 13, 'prev_value': 12, 'change': 1}
2022-10-06 07:37:35,969 : INFO : EventManager : Event: ======'playfield_active'====== Args={}
2022-10-06 07:37:35,969 : INFO : EventManager : Event: ======'unexpected_ball_on_playfield'====== Args={}
2022-10-06 07:37:35,984 : INFO : SwitchController : <<<<<<< 's_rollover_left' inactive >>>>>>>
2022-10-06 07:37:37,710 : INFO : SwitchController : <<<<<<< 's_left_flipper' active >>>>>>>
2022-10-06 07:37:37,710 : INFO : EventManager : Event: ======'machine_var_audits_switches_s_left_flipper'====== Args={'value': 381, 'prev_value': 380, 'change': 1}
2022-10-06 07:37:37,715 : INFO : SwitchController : <<<<<<< 's_eos_left_top' active >>>>>>>
2022-10-06 07:37:37,715 : INFO : EventManager : Event: ======'machine_var_audits_switches_s_eos_left_top'====== Args={'value': 304, 'prev_value': 303, 'change': 1}
2022-10-06 07:37:37,834 : INFO : SwitchController : <<<<<<< 's_left_flipper' inactive >>>>>>>
2022-10-06 07:37:37,928 : INFO : SwitchController : <<<<<<< 's_eos_left_top' inactive >>>>>>>
2022-10-06 07:37:37,964 : INFO : SwitchController : <<<<<<< 's_left_flipper' active >>>>>>>
2022-10-06 07:37:37,964 : INFO : EventManager : Event: ======'machine_var_audits_switches_s_left_flipper'====== Args={'value': 382, 'prev_value': 381, 'change': 1}
2022-10-06 07:37:37,991 : INFO : SwitchController : <<<<<<< 's_eos_left_top' active >>>>>>>
2022-10-06 07:37:37,991 : INFO : EventManager : Event: ======'machine_var_audits_switches_s_eos_left_top'====== Args={'value': 305, 'prev_value': 304, 'change': 1}
2022-10-06 07:37:38,861 : INFO : SwitchController : <<<<<<< 's_left_flipper' inactive >>>>>>>
2022-10-06 07:37:38,907 : INFO : SwitchController : <<<<<<< 's_right_flipper' active >>>>>>>
2022-10-06 07:37:38,907 : INFO : EventManager : Event: ======'machine_var_audits_switches_s_right_flipper'====== Args={'value': 443, 'prev_value': 442, 'change': 1}
2022-10-06 07:37:38,955 : INFO : SwitchController : <<<<<<< 's_eos_left_top' inactive >>>>>>>
2022-10-06 07:37:38,979 : INFO : SwitchController : <<<<<<< 's_right_flipper' inactive >>>>>>>
2022-10-06 07:37:38,979 : INFO : SwitchController : <<<<<<< 's_right_flipper' active >>>>>>>
2022-10-06 07:37:38,979 : INFO : EventManager : Event: ======'machine_var_audits_switches_s_right_flipper'====== Args={'value': 444, 'prev_value': 443, 'change': 1}
2022-10-06 07:37:38,979 : INFO : SwitchController : <<<<<<< 's_right_flipper' inactive >>>>>>>
2022-10-06 07:37:39,442 : INFO : SwitchController : <<<<<<< 's_trough_6' active >>>>>>>
2022-10-06 07:37:39,442 : INFO : EventManager : Event: ======'machine_var_audits_switches_s_trough_6'====== Args={'value': 92, 'prev_value': 91, 'change': 1}
2022-10-06 07:37:39,591 : INFO : SwitchController : <<<<<<< 's_trough_6' inactive >>>>>>>
2022-10-06 07:37:39,683 : INFO : SwitchController : <<<<<<< 's_trough_5' active >>>>>>>
2022-10-06 07:37:39,683 : INFO : EventManager : Event: ======'machine_var_audits_switches_s_trough_5'====== Args={'value': 69, 'prev_value': 68, 'change': 1}
2022-10-06 07:37:39,792 : INFO : SwitchController : <<<<<<< 's_trough_5' inactive >>>>>>>
2022-10-06 07:37:39,870 : INFO : SwitchController : <<<<<<< 's_trough_4' active >>>>>>>
2022-10-06 07:37:39,870 : INFO : EventManager : Event: ======'machine_var_audits_switches_s_trough_4'====== Args={'value': 66, 'prev_value': 65, 'change': 1}
2022-10-06 07:37:39,948 : INFO : SwitchController : <<<<<<< 's_trough_4' inactive >>>>>>>
2022-10-06 07:37:40,010 : INFO : SwitchController : <<<<<<< 's_trough_3' active >>>>>>>
2022-10-06 07:37:40,010 : INFO : EventManager : Event: ======'machine_var_audits_switches_s_trough_3'====== Args={'value': 66, 'prev_value': 65, 'change': 1}
2022-10-06 07:37:40,073 : INFO : SwitchController : <<<<<<< 's_trough_3' inactive >>>>>>>
2022-10-06 07:37:40,121 : INFO : SwitchController : <<<<<<< 's_trough_2' active >>>>>>>
2022-10-06 07:37:40,121 : INFO : EventManager : Event: ======'machine_var_audits_switches_s_trough_2'====== Args={'value': 82, 'prev_value': 81, 'change': 1}
2022-10-06 07:37:40,184 : INFO : SwitchController : <<<<<<< 's_trough_2' inactive >>>>>>>
2022-10-06 07:37:40,498 : INFO : EventManager : Event: ======'balldevice_bd_trough_ball_eject_failed'====== Args={'target': <ball_device.bd_plunger>, 'balls': 1, 'retry': True, 'num_attempts': 5}
2022-10-06 07:37:40,681 : INFO : ball_device.bd_trough : State: waiting_for_target_ready
2022-10-06 07:37:40,681 : INFO : EventManager : Event: ======'balldevice_bd_trough_ball_eject_attempt'====== Args={'balls': 1, 'target': <ball_device.bd_plunger>, 'source': <ball_device.bd_trough>, 'mechanical_eject': True, 'num_attempts': 5}
2022-10-06 07:37:40,682 : INFO : ball_device.bd_trough : State: ejecting
2022-10-06 07:37:40,682 : INFO : ball_device.bd_trough : Ejecting ball to <ball_device.bd_plunger>
2022-10-06 07:37:40,682 : INFO : EventManager : Event: ======'balldevice_bd_trough_ejecting_ball'====== Args={'balls': 1, 'target': <ball_device.bd_plunger>, 'source': <ball_device.bd_trough>, 'mechanical_eject': True, 'num_attempts': 5}
2022-10-06 07:37:40,682 : INFO : ball_device.bd_trough : Wait for ball to leave device
2022-10-06 07:37:40,683 : INFO : coil.c_trough : Pulsing Driver for 20ms (0.8 pulse_power)
2022-10-06 07:37:44,539 : INFO : Machine : Shutting down...
2022-10-06 07:37:44,539 : INFO : EventManager : Event: ======'shutdown'====== Args={}
2022-10-06 07:37:44,572 : WARNING : FAST : Port RGB received more messages than were sent! Resetting!
2022-10-06 07:37:44,572 : WARNING : FAST : Port NET received more messages than were sent! Resetting!
2022-10-06 07:37:44,635 : ERROR : FAST : Stop called on serial connection com9
2022-10-06 07:37:44,635 : ERROR : FAST : Stop called on serial connection com10
2022-10-06 07:37:44,866 : INFO : root : MPF run loop ended.
