2022-10-03 09:49:05,236 : INFO : root : Loading config.
2022-10-03 09:49:05,244 : INFO : YamlMultifileConfigLoader : Machine config file #1: config.yaml
2022-10-03 09:49:05,245 : WARNING : ConfigProcessor : Config file in cache changed: c:\trashland_2\config\config.yaml
2022-10-03 09:49:05,245 : INFO : ConfigProcessor : Loading config from file c:\users\tanner\appdata\local\programs\python\python37\lib\site-packages\mpf\mpfconfig.yaml.
2022-10-03 09:49:05,322 : INFO : ConfigProcessor : Loading config: c:\users\tanner\appdata\local\programs\python\python37\lib\site-packages\mpf\mpfconfig.yaml
2022-10-03 09:49:05,323 : INFO : ConfigProcessor : Loading config from file c:\trashland_2\config\config.yaml.
2022-10-03 09:49:05,428 : INFO : ConfigProcessor : Loading config: c:\trashland_2\config\config.yaml
2022-10-03 09:49:05,432 : INFO : ConfigProcessor : Config file cache created: C:\Users\Tanner\AppData\Local\Temp\a6762098cb994b55cb03a478b26022ee.mpf_cache
2022-10-03 09:49:05,512 : INFO : ConfigProcessor : Loading config from cache: C:\Users\Tanner\AppData\Local\Temp\9cf7ccc27b21f4d6162237fadfc53e5a.mpf_cache
2022-10-03 09:49:05,517 : INFO : ConfigProcessor : Loading config from cache: C:\Users\Tanner\AppData\Local\Temp\c215df352878fee5d54f1a5ec5b16e7c.mpf_cache
2022-10-03 09:49:05,522 : INFO : ConfigProcessor : Loading config from cache: C:\Users\Tanner\AppData\Local\Temp\708062243e0edcfa77dd6b1521bd0d4e.mpf_cache
2022-10-03 09:49:05,527 : INFO : ConfigProcessor : Loading config from cache: C:\Users\Tanner\AppData\Local\Temp\c4174472f67f7b070dd6fb437c6feb0c.mpf_cache
2022-10-03 09:49:05,532 : INFO : ConfigProcessor : Loading config from cache: C:\Users\Tanner\AppData\Local\Temp\abaa92c43d134e3392cbb2346e6a16be.mpf_cache
2022-10-03 09:49:05,538 : INFO : ConfigProcessor : Loading config from cache: C:\Users\Tanner\AppData\Local\Temp\fc46d53fcb9fe6b8abf783d9c813390a.mpf_cache
2022-10-03 09:49:05,544 : INFO : Machine : Mission Pinball Framework Core Engine v0.55.0
2022-10-03 09:49:05,544 : INFO : Machine : Command line arguments: {'no_load_cache': False, 'create_config_cache': True, 'bcp': False, 'configfile': ['config.yaml'], 'force_assets_load': False, 'jsonlogging': False, 'logfile': 'logs\\2022-10-03-09-49-05-mpf-DESKTOP-7HNFDQ5.log', 'pause': False, 'production': False, 'text_ui': True, 'loglevel': 15, 'consoleloglevel': 20, 'force_platform': None, 'syslog_address': None, 'mc_file_name': None, 'no_sound': False}
2022-10-03 09:49:05,544 : INFO : Machine : MPF path: c:\users\tanner\appdata\local\programs\python\python37\lib\site-packages\mpf
2022-10-03 09:49:05,544 : INFO : Machine : Machine path: c:\trashland_2
2022-10-03 09:49:05,544 : INFO : Machine : Platform: win32
2022-10-03 09:49:05,544 : INFO : Machine : Python executable location: c:\users\tanner\appdata\local\programs\python\python37\python.exe
2022-10-03 09:49:05,544 : INFO : Machine : Python version: 3.7.8 (64-bit)
2022-10-03 09:49:05,546 : INFO : Machine : Initialise MPF.
2022-10-03 09:49:05,891 : INFO : FAST : Connecting to com9 at 921600bps
2022-10-03 09:49:05,936 : INFO : FAST : Connected! Processor: NET, Board Type: FP-CPU-002-2, Firmware: 01.05
2022-10-03 09:49:05,936 : INFO : EventManager : Event: ======'machine_var_fast_net_firmware'====== Args={'value': '01.05', 'prev_value': None, 'change': True}
2022-10-03 09:49:05,936 : INFO : EventManager : Event: ======'machine_var_fast_net_model'====== Args={'value': 'FP-CPU-002-2', 'prev_value': None, 'change': True}
2022-10-03 09:49:08,332 : WARNING : FAST : Got unexpected message from FAST: -N:04
2022-10-03 09:49:08,332 : WARNING : FAST : Got unexpected message from FAST: -N:38
2022-10-03 09:49:08,332 : WARNING : FAST : Got unexpected message from FAST: -N:3C
2022-10-03 09:49:08,332 : WARNING : FAST : Got unexpected message from FAST: -N:40
2022-10-03 09:49:08,332 : WARNING : FAST : Got unexpected message from FAST: -N:41
2022-10-03 09:49:08,332 : WARNING : FAST : Got unexpected message from FAST: -N:42
2022-10-03 09:49:08,332 : WARNING : FAST : Got unexpected message from FAST: -N:43
2022-10-03 09:49:08,332 : WARNING : FAST : Got unexpected message from FAST: -N:44
2022-10-03 09:49:08,443 : INFO : FAST : Connecting to com10 at 921600bps
2022-10-03 09:49:08,476 : INFO : FAST : Connected! Processor: RGB, Board Type: FP-CPU-002-2, Firmware: 00.87
2022-10-03 09:49:08,476 : INFO : EventManager : Event: ======'machine_var_fast_rgb_firmware'====== Args={'value': '00.87', 'prev_value': None, 'change': True}
2022-10-03 09:49:08,476 : INFO : EventManager : Event: ======'machine_var_fast_rgb_model'====== Args={'value': 'FP-CPU-002-2', 'prev_value': None, 'change': True}
2022-10-03 09:49:08,477 : INFO : EventManager : Event: ======'machine_var_credits_string'====== Args={'value': 'FREE PLAY', 'prev_value': None, 'change': True}
2022-10-03 09:49:08,537 : INFO : EventManager : Event: ======'machine_var_master_volume'====== Args={'value': 0.5, 'prev_value': None, 'change': True}
2022-10-03 09:49:08,537 : INFO : EventManager : Event: ======'machine_var_mpf_version'====== Args={'value': 'MPF v0.55.0', 'prev_value': None, 'change': True}
2022-10-03 09:49:08,537 : INFO : EventManager : Event: ======'machine_var_mpf_extended_version'====== Args={'value': 'MPF v0.55.0, Config version:5, Show version: 5, BCP version:1.1', 'prev_value': None, 'change': True}
2022-10-03 09:49:08,537 : INFO : EventManager : Event: ======'machine_var_python_version'====== Args={'value': '3.7.8', 'prev_value': None, 'change': True}
2022-10-03 09:49:08,538 : INFO : EventManager : Event: ======'machine_var_platform'====== Args={'value': 'Windows-10-10.0.19041-SP0', 'prev_value': None, 'change': True}
2022-10-03 09:49:08,538 : INFO : EventManager : Event: ======'machine_var_platform_system'====== Args={'value': 'Windows', 'prev_value': None, 'change': True}
2022-10-03 09:49:08,538 : INFO : EventManager : Event: ======'machine_var_platform_release'====== Args={'value': '10', 'prev_value': None, 'change': True}
2022-10-03 09:49:08,538 : INFO : EventManager : Event: ======'machine_var_platform_version'====== Args={'value': '10.0.19041', 'prev_value': None, 'change': True}
2022-10-03 09:49:08,538 : INFO : EventManager : Event: ======'machine_var_platform_machine'====== Args={'value': 'AMD64', 'prev_value': None, 'change': True}
2022-10-03 09:49:08,538 : INFO : EventManager : Event: ======'init_phase_1'====== Args={}
2022-10-03 09:49:08,582 : INFO : EventManager : Event: ======'drop_target_bank_mid_up'====== Args={}
2022-10-03 09:49:08,583 : INFO : EventManager : Event: ======'drop_target_bank_right_up'====== Args={}
2022-10-03 09:49:08,594 : INFO : EventManager : Event: ======'init_phase_2'====== Args={}
2022-10-03 09:49:08,595 : INFO : SwitchController : Found active switch: (('04', 1), <Platform.FAST>) <switch.s_left_flipper>
2022-10-03 09:49:08,595 : INFO : SwitchController : Found active switch: (('34', 1), <Platform.FAST>) <switch.s_vuk_top>
2022-10-03 09:49:08,595 : INFO : SwitchController : Found active switch: (('33', 1), <Platform.FAST>) <switch.s_vuk_right>
2022-10-03 09:49:08,595 : INFO : SwitchController : Found active switch: (('3E', 1), <Platform.FAST>) <switch.s_trough_1>
2022-10-03 09:49:08,595 : INFO : SwitchController : Found active switch: (('3D', 1), <Platform.FAST>) <switch.s_trough_jam>
2022-10-03 09:49:08,595 : INFO : SwitchController : Found active switch: (('3B', 1), <Platform.FAST>) <switch.s_eos_left>
2022-10-03 09:49:08,595 : INFO : SwitchController : Found active switch: (('5D', 1), <Platform.FAST>) <switch.s_bot_vuk>
2022-10-03 09:49:08,603 : INFO : ball_device.bd_trough : BCH: Initial count: 2
2022-10-03 09:49:08,604 : INFO : ball_device.bd_trough : State: idle
2022-10-03 09:49:08,604 : INFO : ball_device.bd_plunger : BCH: Initial count: 0
2022-10-03 09:49:08,604 : INFO : ball_device.bd_plunger : State: idle
2022-10-03 09:49:08,605 : INFO : ball_device.bd_top_vuk : BCH: Initial count: 1
2022-10-03 09:49:08,605 : INFO : ball_device.bd_top_vuk : State: idle
2022-10-03 09:49:08,606 : INFO : ball_device.bd_right_vuk : BCH: Initial count: 1
2022-10-03 09:49:08,606 : INFO : ball_device.bd_right_vuk : State: idle
2022-10-03 09:49:08,606 : INFO : ball_device.bd_bot_vuk : BCH: Initial count: 1
2022-10-03 09:49:08,607 : INFO : ball_device.bd_bot_vuk : State: idle
2022-10-03 09:49:08,671 : INFO : EventManager : Event: ======'init_phase_3'====== Args={}
2022-10-03 09:49:08,727 : INFO : EventManager : Event: ======'init_phase_4'====== Args={}
2022-10-03 09:49:08,728 : INFO : EventManager : Event: ======'playfield_active'====== Args={}
2022-10-03 09:49:08,728 : INFO : EventManager : Event: ======'unexpected_ball_on_playfield'====== Args={}
2022-10-03 09:49:08,728 : INFO : EventManager : Event: ======'playfield_active'====== Args={}
2022-10-03 09:49:08,728 : INFO : EventManager : Event: ======'unexpected_ball_on_playfield'====== Args={}
2022-10-03 09:49:08,728 : INFO : EventManager : Event: ======'playfield_active'====== Args={}
2022-10-03 09:49:08,728 : INFO : EventManager : Event: ======'unexpected_ball_on_playfield'====== Args={}
2022-10-03 09:49:08,728 : INFO : EventManager : Event: ======'playfield_active'====== Args={}
2022-10-03 09:49:08,728 : INFO : EventManager : Event: ======'unexpected_ball_on_playfield'====== Args={}
2022-10-03 09:49:08,728 : INFO : EventManager : Event: ======'playfield_active'====== Args={}
2022-10-03 09:49:08,728 : INFO : EventManager : Event: ======'unexpected_ball_on_playfield'====== Args={}
2022-10-03 09:49:08,728 : INFO : EventManager : Event: ======'playfield_active'====== Args={}
2022-10-03 09:49:08,728 : INFO : EventManager : Event: ======'unexpected_ball_on_playfield'====== Args={}
2022-10-03 09:49:08,729 : INFO : BallController : Initial balls found: 5
2022-10-03 09:49:08,731 : INFO : EventManager : Event: ======'machine_var_audits_events_game_ended'====== Args={'value': 0, 'prev_value': None, 'change': True}
2022-10-03 09:49:08,731 : INFO : EventManager : Event: ======'machine_var_audits_events_game_started'====== Args={'value': 0, 'prev_value': None, 'change': True}
2022-10-03 09:49:08,731 : INFO : EventManager : Event: ======'machine_var_audits_player_score'====== Args={'value': {'average': 0, 'top': [], 'total': 0}, 'prev_value': None, 'change': True}
2022-10-03 09:49:08,732 : INFO : EventManager : Event: ======'machine_var_audits_switches_s_autolauncher'====== Args={'value': 75, 'prev_value': None, 'change': True}
2022-10-03 09:49:08,732 : INFO : EventManager : Event: ======'machine_var_audits_switches_s_back_pop'====== Args={'value': 0, 'prev_value': None, 'change': True}
2022-10-03 09:49:08,732 : INFO : EventManager : Event: ======'machine_var_audits_switches_s_back_rollover'====== Args={'value': 0, 'prev_value': None, 'change': True}
2022-10-03 09:49:08,732 : INFO : EventManager : Event: ======'machine_var_audits_switches_s_back_stationary'====== Args={'value': 0, 'prev_value': None, 'change': True}
2022-10-03 09:49:08,732 : INFO : EventManager : Event: ======'machine_var_audits_switches_s_bot_back'====== Args={'value': 0, 'prev_value': None, 'change': True}
2022-10-03 09:49:08,732 : INFO : EventManager : Event: ======'machine_var_audits_switches_s_bot_big'====== Args={'value': 0, 'prev_value': None, 'change': True}
2022-10-03 09:49:08,732 : INFO : EventManager : Event: ======'machine_var_audits_switches_s_bot_left'====== Args={'value': 0, 'prev_value': None, 'change': True}
2022-10-03 09:49:08,732 : INFO : EventManager : Event: ======'machine_var_audits_switches_s_bot_right'====== Args={'value': 0, 'prev_value': None, 'change': True}
2022-10-03 09:49:08,733 : INFO : EventManager : Event: ======'machine_var_audits_switches_s_bot_rollover'====== Args={'value': 0, 'prev_value': None, 'change': True}
2022-10-03 09:49:08,733 : INFO : EventManager : Event: ======'machine_var_audits_switches_s_bot_vuk'====== Args={'value': 0, 'prev_value': None, 'change': True}
2022-10-03 09:49:08,733 : INFO : EventManager : Event: ======'machine_var_audits_switches_s_drop_mid_left'====== Args={'value': 45, 'prev_value': None, 'change': True}
2022-10-03 09:49:08,733 : INFO : EventManager : Event: ======'machine_var_audits_switches_s_drop_mid_mid'====== Args={'value': 46, 'prev_value': None, 'change': True}
2022-10-03 09:49:08,733 : INFO : EventManager : Event: ======'machine_var_audits_switches_s_drop_mid_right'====== Args={'value': 5, 'prev_value': None, 'change': True}
2022-10-03 09:49:08,733 : INFO : EventManager : Event: ======'machine_var_audits_switches_s_drop_right_left'====== Args={'value': 10, 'prev_value': None, 'change': True}
2022-10-03 09:49:08,733 : INFO : EventManager : Event: ======'machine_var_audits_switches_s_drop_right_right'====== Args={'value': 9, 'prev_value': None, 'change': True}
2022-10-03 09:49:08,734 : INFO : EventManager : Event: ======'machine_var_audits_switches_s_drop_single'====== Args={'value': 40, 'prev_value': None, 'change': True}
2022-10-03 09:49:08,734 : INFO : EventManager : Event: ======'machine_var_audits_switches_s_eos_left'====== Args={'value': 71, 'prev_value': None, 'change': True}
2022-10-03 09:49:08,734 : INFO : EventManager : Event: ======'machine_var_audits_switches_s_eos_left_top'====== Args={'value': 63, 'prev_value': None, 'change': True}
2022-10-03 09:49:08,734 : INFO : EventManager : Event: ======'machine_var_audits_switches_s_eos_right'====== Args={'value': 96, 'prev_value': None, 'change': True}
2022-10-03 09:49:08,734 : INFO : EventManager : Event: ======'machine_var_audits_switches_s_launch'====== Args={'value': 11, 'prev_value': None, 'change': True}
2022-10-03 09:49:08,734 : INFO : EventManager : Event: ======'machine_var_audits_switches_s_left_flipper'====== Args={'value': 86, 'prev_value': None, 'change': True}
2022-10-03 09:49:08,735 : INFO : EventManager : Event: ======'machine_var_audits_switches_s_left_inlane'====== Args={'value': 0, 'prev_value': None, 'change': True}
2022-10-03 09:49:08,735 : INFO : EventManager : Event: ======'machine_var_audits_switches_s_left_outlane'====== Args={'value': 0, 'prev_value': None, 'change': True}
2022-10-03 09:49:08,735 : INFO : EventManager : Event: ======'machine_var_audits_switches_s_pop_left'====== Args={'value': 21, 'prev_value': None, 'change': True}
2022-10-03 09:49:08,735 : INFO : EventManager : Event: ======'machine_var_audits_switches_s_pop_lower'====== Args={'value': 29, 'prev_value': None, 'change': True}
2022-10-03 09:49:08,735 : INFO : EventManager : Event: ======'machine_var_audits_switches_s_pop_right'====== Args={'value': 27, 'prev_value': None, 'change': True}
2022-10-03 09:49:08,736 : INFO : EventManager : Event: ======'machine_var_audits_switches_s_right_flipper'====== Args={'value': 103, 'prev_value': None, 'change': True}
2022-10-03 09:49:08,736 : INFO : EventManager : Event: ======'machine_var_audits_switches_s_right_inlane'====== Args={'value': 0, 'prev_value': None, 'change': True}
2022-10-03 09:49:08,736 : INFO : EventManager : Event: ======'machine_var_audits_switches_s_right_outlane'====== Args={'value': 1, 'prev_value': None, 'change': True}
2022-10-03 09:49:08,736 : INFO : EventManager : Event: ======'machine_var_audits_switches_s_rollover_left'====== Args={'value': 3, 'prev_value': None, 'change': True}
2022-10-03 09:49:08,736 : INFO : EventManager : Event: ======'machine_var_audits_switches_s_rollover_right'====== Args={'value': 1, 'prev_value': None, 'change': True}
2022-10-03 09:49:08,737 : INFO : EventManager : Event: ======'machine_var_audits_switches_s_sling_left'====== Args={'value': 14, 'prev_value': None, 'change': True}
2022-10-03 09:49:08,737 : INFO : EventManager : Event: ======'machine_var_audits_switches_s_sling_right'====== Args={'value': 0, 'prev_value': None, 'change': True}
2022-10-03 09:49:08,737 : INFO : EventManager : Event: ======'machine_var_audits_switches_s_start'====== Args={'value': 86, 'prev_value': None, 'change': True}
2022-10-03 09:49:08,737 : INFO : EventManager : Event: ======'machine_var_audits_switches_s_tilt'====== Args={'value': 9, 'prev_value': None, 'change': True}
2022-10-03 09:49:08,737 : INFO : EventManager : Event: ======'machine_var_audits_switches_s_transfer_rollover'====== Args={'value': 0, 'prev_value': None, 'change': True}
2022-10-03 09:49:08,738 : INFO : EventManager : Event: ======'machine_var_audits_switches_s_trough_1'====== Args={'value': 57, 'prev_value': None, 'change': True}
2022-10-03 09:49:08,738 : INFO : EventManager : Event: ======'machine_var_audits_switches_s_trough_2'====== Args={'value': 53, 'prev_value': None, 'change': True}
2022-10-03 09:49:08,738 : INFO : EventManager : Event: ======'machine_var_audits_switches_s_trough_3'====== Args={'value': 46, 'prev_value': None, 'change': True}
2022-10-03 09:49:08,738 : INFO : EventManager : Event: ======'machine_var_audits_switches_s_trough_4'====== Args={'value': 47, 'prev_value': None, 'change': True}
2022-10-03 09:49:08,739 : INFO : EventManager : Event: ======'machine_var_audits_switches_s_trough_5'====== Args={'value': 50, 'prev_value': None, 'change': True}
2022-10-03 09:49:08,739 : INFO : EventManager : Event: ======'machine_var_audits_switches_s_trough_6'====== Args={'value': 55, 'prev_value': None, 'change': True}
2022-10-03 09:49:08,739 : INFO : EventManager : Event: ======'machine_var_audits_switches_s_trough_jam'====== Args={'value': 108, 'prev_value': None, 'change': True}
2022-10-03 09:49:08,739 : INFO : EventManager : Event: ======'machine_var_audits_switches_s_upper_drop'====== Args={'value': 0, 'prev_value': None, 'change': True}
2022-10-03 09:49:08,739 : INFO : EventManager : Event: ======'machine_var_audits_switches_s_upper_rollover'====== Args={'value': 0, 'prev_value': None, 'change': True}
2022-10-03 09:49:08,740 : INFO : EventManager : Event: ======'machine_var_audits_switches_s_upper_stationary'====== Args={'value': 0, 'prev_value': None, 'change': True}
2022-10-03 09:49:08,740 : INFO : EventManager : Event: ======'machine_var_audits_switches_s_vuk_back'====== Args={'value': 1, 'prev_value': None, 'change': True}
2022-10-03 09:49:08,740 : INFO : EventManager : Event: ======'machine_var_audits_switches_s_vuk_right'====== Args={'value': 2, 'prev_value': None, 'change': True}
2022-10-03 09:49:08,740 : INFO : EventManager : Event: ======'machine_var_audits_switches_s_vuk_top'====== Args={'value': 0, 'prev_value': None, 'change': True}
2022-10-03 09:49:08,741 : INFO : EventManager : Event: ======'init_phase_5'====== Args={}
2022-10-03 09:49:08,796 : INFO : EventManager : Event: ======'init_done'====== Args={}
2022-10-03 09:49:08,805 : INFO : EventManager : Event: ======'machine_reset_phase_1'====== Args={}
2022-10-03 09:49:08,806 : INFO : EventManager : Event: ======'machine_reset_phase_2'====== Args={}
2022-10-03 09:49:08,806 : INFO : EventManager : Event: ======'machine_reset_phase_3'====== Args={}
2022-10-03 09:49:08,807 : INFO : EventManager : Event: ======'mode_tilt_will_start'====== Args={'queue': <QueuedEvent>}
2022-10-03 09:49:08,807 : INFO : EventManager : Event: ======'mode_tilt_starting'====== Args={'queue': <QueuedEvent>}
2022-10-03 09:49:08,807 : INFO : drop_target_bank.mid : All targets are already up. Will not reset bank.
2022-10-03 09:49:08,808 : INFO : drop_target_bank.right : All targets are already up. Will not reset bank.
2022-10-03 09:49:08,808 : INFO : Mode.tilt : Started. Priority: 1000000
2022-10-03 09:49:08,809 : INFO : EventManager : Event: ======'modes_active_modes_changed'====== Args={}
2022-10-03 09:49:08,809 : INFO : EventManager : Event: ======'mode_tilt_started'====== Args={'queue': <QueuedEvent>}
2022-10-03 09:49:08,809 : INFO : EventManager : Event: ======'reset_complete'====== Args={}
2022-10-03 09:49:08,809 : INFO : EventManager : Event: ======'mode_attract_will_start'====== Args={}
2022-10-03 09:49:08,810 : INFO : EventManager : Event: ======'mode_attract_starting'====== Args={}
2022-10-03 09:49:08,810 : INFO : Mode.attract : Started. Priority: 10
2022-10-03 09:49:08,810 : INFO : EventManager : Event: ======'modes_active_modes_changed'====== Args={}
2022-10-03 09:49:08,810 : INFO : EventManager : Event: ======'mode_attract_started'====== Args={}
2022-10-03 09:49:08,810 : INFO : EventManager : Event: ======'collecting_balls'====== Args={}
2022-10-03 09:49:08,810 : INFO : ball_device.bd_bot_vuk : Adding 1 ball(s) to the eject_queue with target <playfield.playfield>.
2022-10-03 09:49:08,810 : INFO : EventManager : Event: ======'balldevice_balls_available'====== Args={}
2022-10-03 09:49:08,811 : INFO : ball_device.bd_right_vuk : Adding 1 ball(s) to the eject_queue with target <playfield.playfield>.
2022-10-03 09:49:08,811 : INFO : EventManager : Event: ======'balldevice_balls_available'====== Args={}
2022-10-03 09:49:08,811 : INFO : ball_device.bd_top_vuk : Adding 1 ball(s) to the eject_queue with target <playfield.playfield>.
2022-10-03 09:49:08,811 : INFO : EventManager : Event: ======'balldevice_balls_available'====== Args={}
2022-10-03 09:49:08,836 : INFO : Machine : Starting the main run loop.
2022-10-03 09:49:08,838 : INFO : ball_device.bd_bot_vuk : State: waiting_for_target_ready
2022-10-03 09:49:08,839 : INFO : EventManager : Event: ======'balldevice_bd_bot_vuk_ball_eject_attempt'====== Args={'balls': 1, 'target': <playfield.playfield>, 'source': <ball_device.bd_bot_vuk>, 'mechanical_eject': False, 'num_attempts': 0}
2022-10-03 09:49:08,839 : INFO : ball_device.bd_right_vuk : State: waiting_for_target_ready
2022-10-03 09:49:08,839 : INFO : EventManager : Event: ======'balldevice_bd_right_vuk_ball_eject_attempt'====== Args={'balls': 1, 'target': <playfield.playfield>, 'source': <ball_device.bd_right_vuk>, 'mechanical_eject': False, 'num_attempts': 0}
2022-10-03 09:49:08,839 : INFO : ball_device.bd_top_vuk : State: waiting_for_target_ready
2022-10-03 09:49:08,839 : INFO : EventManager : Event: ======'balldevice_bd_top_vuk_ball_eject_attempt'====== Args={'balls': 1, 'target': <playfield.playfield>, 'source': <ball_device.bd_top_vuk>, 'mechanical_eject': False, 'num_attempts': 0}
2022-10-03 09:49:08,840 : INFO : ball_device.bd_top_vuk : State: ejecting
2022-10-03 09:49:08,840 : INFO : ball_device.bd_top_vuk : Ejecting ball to <playfield.playfield>
2022-10-03 09:49:08,841 : INFO : EventManager : Event: ======'balldevice_bd_top_vuk_ejecting_ball'====== Args={'balls': 1, 'target': <playfield.playfield>, 'source': <ball_device.bd_top_vuk>, 'mechanical_eject': False, 'num_attempts': 0}
2022-10-03 09:49:08,841 : INFO : ball_device.bd_right_vuk : State: ejecting
2022-10-03 09:49:08,841 : INFO : ball_device.bd_right_vuk : Ejecting ball to <playfield.playfield>
2022-10-03 09:49:08,841 : INFO : EventManager : Event: ======'balldevice_bd_right_vuk_ejecting_ball'====== Args={'balls': 1, 'target': <playfield.playfield>, 'source': <ball_device.bd_right_vuk>, 'mechanical_eject': False, 'num_attempts': 0}
2022-10-03 09:49:08,841 : INFO : ball_device.bd_bot_vuk : State: ejecting
2022-10-03 09:49:08,841 : INFO : ball_device.bd_bot_vuk : Ejecting ball to <playfield.playfield>
2022-10-03 09:49:08,841 : INFO : EventManager : Event: ======'balldevice_bd_bot_vuk_ejecting_ball'====== Args={'balls': 1, 'target': <playfield.playfield>, 'source': <ball_device.bd_bot_vuk>, 'mechanical_eject': False, 'num_attempts': 0}
2022-10-03 09:49:08,843 : INFO : ball_device.bd_bot_vuk : Wait for ball to leave device
2022-10-03 09:49:08,843 : INFO : coil.c_bot_vuk : Pulsing Driver for 40ms (0.6 pulse_power)
2022-10-03 09:49:08,844 : INFO : ball_device.bd_right_vuk : Wait for ball to leave device
2022-10-03 09:49:08,844 : INFO : ball_device.bd_top_vuk : Wait for ball to leave device
2022-10-03 09:49:08,883 : INFO : coil.c_right_vuk : Pulsing Driver for 10ms (1.0 pulse_power)
2022-10-03 09:49:08,899 : INFO : coil.c_top_vuk : Pulsing Driver for 10ms (1.0 pulse_power)
2022-10-03 09:49:08,996 : INFO : BcpServer : New client connected.
2022-10-03 09:49:10,846 : INFO : EventManager : Event: ======'balldevice_bd_top_vuk_ball_eject_failed'====== Args={'target': <playfield.playfield>, 'balls': 1, 'retry': True, 'num_attempts': 1}
2022-10-03 09:49:10,846 : INFO : EventManager : Event: ======'balldevice_bd_bot_vuk_ball_eject_failed'====== Args={'target': <playfield.playfield>, 'balls': 1, 'retry': True, 'num_attempts': 1}
2022-10-03 09:49:10,847 : INFO : EventManager : Event: ======'balldevice_bd_right_vuk_ball_eject_failed'====== Args={'target': <playfield.playfield>, 'balls': 1, 'retry': True, 'num_attempts': 1}
2022-10-03 09:49:10,848 : INFO : ball_device.bd_bot_vuk : State: waiting_for_target_ready
2022-10-03 09:49:10,848 : INFO : EventManager : Event: ======'balldevice_bd_bot_vuk_ball_eject_attempt'====== Args={'balls': 1, 'target': <playfield.playfield>, 'source': <ball_device.bd_bot_vuk>, 'mechanical_eject': False, 'num_attempts': 1}
2022-10-03 09:49:10,849 : INFO : ball_device.bd_right_vuk : State: waiting_for_target_ready
2022-10-03 09:49:10,849 : INFO : EventManager : Event: ======'balldevice_bd_right_vuk_ball_eject_attempt'====== Args={'balls': 1, 'target': <playfield.playfield>, 'source': <ball_device.bd_right_vuk>, 'mechanical_eject': False, 'num_attempts': 1}
2022-10-03 09:49:10,849 : INFO : ball_device.bd_top_vuk : State: waiting_for_target_ready
2022-10-03 09:49:10,849 : INFO : EventManager : Event: ======'balldevice_bd_top_vuk_ball_eject_attempt'====== Args={'balls': 1, 'target': <playfield.playfield>, 'source': <ball_device.bd_top_vuk>, 'mechanical_eject': False, 'num_attempts': 1}
2022-10-03 09:49:10,850 : INFO : ball_device.bd_top_vuk : State: ejecting
2022-10-03 09:49:10,850 : INFO : ball_device.bd_top_vuk : Ejecting ball to <playfield.playfield>
2022-10-03 09:49:10,850 : INFO : EventManager : Event: ======'balldevice_bd_top_vuk_ejecting_ball'====== Args={'balls': 1, 'target': <playfield.playfield>, 'source': <ball_device.bd_top_vuk>, 'mechanical_eject': False, 'num_attempts': 1}
2022-10-03 09:49:10,850 : INFO : ball_device.bd_right_vuk : State: ejecting
2022-10-03 09:49:10,850 : INFO : ball_device.bd_right_vuk : Ejecting ball to <playfield.playfield>
2022-10-03 09:49:10,850 : INFO : EventManager : Event: ======'balldevice_bd_right_vuk_ejecting_ball'====== Args={'balls': 1, 'target': <playfield.playfield>, 'source': <ball_device.bd_right_vuk>, 'mechanical_eject': False, 'num_attempts': 1}
2022-10-03 09:49:10,851 : INFO : ball_device.bd_bot_vuk : State: ejecting
2022-10-03 09:49:10,851 : INFO : ball_device.bd_bot_vuk : Ejecting ball to <playfield.playfield>
2022-10-03 09:49:10,851 : INFO : EventManager : Event: ======'balldevice_bd_bot_vuk_ejecting_ball'====== Args={'balls': 1, 'target': <playfield.playfield>, 'source': <ball_device.bd_bot_vuk>, 'mechanical_eject': False, 'num_attempts': 1}
2022-10-03 09:49:10,852 : INFO : ball_device.bd_bot_vuk : Wait for ball to leave device
2022-10-03 09:49:10,852 : INFO : coil.c_bot_vuk : Pulsing Driver for 40ms (0.6 pulse_power)
2022-10-03 09:49:10,852 : INFO : ball_device.bd_right_vuk : Wait for ball to leave device
2022-10-03 09:49:10,852 : INFO : ball_device.bd_top_vuk : Wait for ball to leave device
2022-10-03 09:49:10,909 : INFO : coil.c_right_vuk : Pulsing Driver for 10ms (1.0 pulse_power)
2022-10-03 09:49:10,925 : INFO : coil.c_top_vuk : Pulsing Driver for 10ms (1.0 pulse_power)
2022-10-03 09:49:12,836 : INFO : EventManager : Event: ======'balldevice_bd_top_vuk_ball_eject_failed'====== Args={'target': <playfield.playfield>, 'balls': 1, 'retry': True, 'num_attempts': 2}
2022-10-03 09:49:12,836 : INFO : EventManager : Event: ======'balldevice_bd_bot_vuk_ball_eject_failed'====== Args={'target': <playfield.playfield>, 'balls': 1, 'retry': True, 'num_attempts': 2}
2022-10-03 09:49:12,837 : INFO : EventManager : Event: ======'balldevice_bd_right_vuk_ball_eject_failed'====== Args={'target': <playfield.playfield>, 'balls': 1, 'retry': True, 'num_attempts': 2}
2022-10-03 09:49:12,838 : INFO : ball_device.bd_bot_vuk : State: waiting_for_target_ready
2022-10-03 09:49:12,838 : INFO : EventManager : Event: ======'balldevice_bd_bot_vuk_ball_eject_attempt'====== Args={'balls': 1, 'target': <playfield.playfield>, 'source': <ball_device.bd_bot_vuk>, 'mechanical_eject': False, 'num_attempts': 2}
2022-10-03 09:49:12,838 : INFO : ball_device.bd_right_vuk : State: waiting_for_target_ready
2022-10-03 09:49:12,839 : INFO : EventManager : Event: ======'balldevice_bd_right_vuk_ball_eject_attempt'====== Args={'balls': 1, 'target': <playfield.playfield>, 'source': <ball_device.bd_right_vuk>, 'mechanical_eject': False, 'num_attempts': 2}
2022-10-03 09:49:12,839 : INFO : ball_device.bd_top_vuk : State: waiting_for_target_ready
2022-10-03 09:49:12,839 : INFO : EventManager : Event: ======'balldevice_bd_top_vuk_ball_eject_attempt'====== Args={'balls': 1, 'target': <playfield.playfield>, 'source': <ball_device.bd_top_vuk>, 'mechanical_eject': False, 'num_attempts': 2}
2022-10-03 09:49:12,840 : INFO : ball_device.bd_top_vuk : State: ejecting
2022-10-03 09:49:12,840 : INFO : ball_device.bd_top_vuk : Ejecting ball to <playfield.playfield>
2022-10-03 09:49:12,840 : INFO : EventManager : Event: ======'balldevice_bd_top_vuk_ejecting_ball'====== Args={'balls': 1, 'target': <playfield.playfield>, 'source': <ball_device.bd_top_vuk>, 'mechanical_eject': False, 'num_attempts': 2}
2022-10-03 09:49:12,840 : INFO : ball_device.bd_right_vuk : State: ejecting
2022-10-03 09:49:12,840 : INFO : ball_device.bd_right_vuk : Ejecting ball to <playfield.playfield>
2022-10-03 09:49:12,841 : INFO : EventManager : Event: ======'balldevice_bd_right_vuk_ejecting_ball'====== Args={'balls': 1, 'target': <playfield.playfield>, 'source': <ball_device.bd_right_vuk>, 'mechanical_eject': False, 'num_attempts': 2}
2022-10-03 09:49:12,841 : INFO : ball_device.bd_bot_vuk : State: ejecting
2022-10-03 09:49:12,841 : INFO : ball_device.bd_bot_vuk : Ejecting ball to <playfield.playfield>
2022-10-03 09:49:12,841 : INFO : EventManager : Event: ======'balldevice_bd_bot_vuk_ejecting_ball'====== Args={'balls': 1, 'target': <playfield.playfield>, 'source': <ball_device.bd_bot_vuk>, 'mechanical_eject': False, 'num_attempts': 2}
2022-10-03 09:49:12,842 : INFO : ball_device.bd_bot_vuk : Wait for ball to leave device
2022-10-03 09:49:12,842 : INFO : coil.c_bot_vuk : Pulsing Driver for 40ms (0.6 pulse_power)
2022-10-03 09:49:12,842 : INFO : ball_device.bd_right_vuk : Wait for ball to leave device
2022-10-03 09:49:12,843 : INFO : ball_device.bd_top_vuk : Wait for ball to leave device
2022-10-03 09:49:12,884 : INFO : coil.c_right_vuk : Pulsing Driver for 10ms (1.0 pulse_power)
2022-10-03 09:49:12,900 : INFO : coil.c_top_vuk : Pulsing Driver for 10ms (1.0 pulse_power)
2022-10-03 09:49:14,847 : INFO : EventManager : Event: ======'balldevice_bd_right_vuk_ball_eject_failed'====== Args={'target': <playfield.playfield>, 'balls': 1, 'retry': True, 'num_attempts': 3}
2022-10-03 09:49:14,848 : INFO : EventManager : Event: ======'balldevice_bd_top_vuk_ball_eject_failed'====== Args={'target': <playfield.playfield>, 'balls': 1, 'retry': True, 'num_attempts': 3}
2022-10-03 09:49:14,848 : INFO : EventManager : Event: ======'balldevice_bd_bot_vuk_ball_eject_failed'====== Args={'target': <playfield.playfield>, 'balls': 1, 'retry': True, 'num_attempts': 3}
2022-10-03 09:49:14,850 : INFO : ball_device.bd_top_vuk : State: waiting_for_target_ready
2022-10-03 09:49:14,850 : INFO : EventManager : Event: ======'balldevice_bd_top_vuk_ball_eject_attempt'====== Args={'balls': 1, 'target': <playfield.playfield>, 'source': <ball_device.bd_top_vuk>, 'mechanical_eject': False, 'num_attempts': 3}
2022-10-03 09:49:14,851 : INFO : ball_device.bd_bot_vuk : State: waiting_for_target_ready
2022-10-03 09:49:14,851 : INFO : EventManager : Event: ======'balldevice_bd_bot_vuk_ball_eject_attempt'====== Args={'balls': 1, 'target': <playfield.playfield>, 'source': <ball_device.bd_bot_vuk>, 'mechanical_eject': False, 'num_attempts': 3}
2022-10-03 09:49:14,851 : INFO : ball_device.bd_right_vuk : State: waiting_for_target_ready
2022-10-03 09:49:14,851 : INFO : EventManager : Event: ======'balldevice_bd_right_vuk_ball_eject_attempt'====== Args={'balls': 1, 'target': <playfield.playfield>, 'source': <ball_device.bd_right_vuk>, 'mechanical_eject': False, 'num_attempts': 3}
2022-10-03 09:49:14,852 : INFO : ball_device.bd_right_vuk : State: ejecting
2022-10-03 09:49:14,852 : INFO : ball_device.bd_right_vuk : Ejecting ball to <playfield.playfield>
2022-10-03 09:49:14,852 : INFO : EventManager : Event: ======'balldevice_bd_right_vuk_ejecting_ball'====== Args={'balls': 1, 'target': <playfield.playfield>, 'source': <ball_device.bd_right_vuk>, 'mechanical_eject': False, 'num_attempts': 3}
2022-10-03 09:49:14,852 : INFO : ball_device.bd_bot_vuk : State: ejecting
2022-10-03 09:49:14,852 : INFO : ball_device.bd_bot_vuk : Ejecting ball to <playfield.playfield>
2022-10-03 09:49:14,852 : INFO : EventManager : Event: ======'balldevice_bd_bot_vuk_ejecting_ball'====== Args={'balls': 1, 'target': <playfield.playfield>, 'source': <ball_device.bd_bot_vuk>, 'mechanical_eject': False, 'num_attempts': 3}
2022-10-03 09:49:14,853 : INFO : ball_device.bd_top_vuk : State: ejecting
2022-10-03 09:49:14,853 : INFO : ball_device.bd_top_vuk : Ejecting ball to <playfield.playfield>
2022-10-03 09:49:14,853 : INFO : EventManager : Event: ======'balldevice_bd_top_vuk_ejecting_ball'====== Args={'balls': 1, 'target': <playfield.playfield>, 'source': <ball_device.bd_top_vuk>, 'mechanical_eject': False, 'num_attempts': 3}
2022-10-03 09:49:14,854 : INFO : ball_device.bd_top_vuk : Wait for ball to leave device
2022-10-03 09:49:14,854 : INFO : coil.c_top_vuk : Pulsing Driver for 10ms (1.0 pulse_power)
2022-10-03 09:49:14,854 : INFO : ball_device.bd_bot_vuk : Wait for ball to leave device
2022-10-03 09:49:14,855 : INFO : ball_device.bd_right_vuk : Wait for ball to leave device
2022-10-03 09:49:14,879 : INFO : coil.c_bot_vuk : Pulsing Driver for 40ms (0.6 pulse_power)
2022-10-03 09:49:14,927 : INFO : coil.c_right_vuk : Pulsing Driver for 10ms (1.0 pulse_power)
2022-10-03 09:49:16,030 : INFO : Machine : Shutting down...
2022-10-03 09:49:16,030 : INFO : EventManager : Event: ======'shutdown'====== Args={}
2022-10-03 09:49:16,062 : WARNING : FAST : Port RGB received more messages than were sent! Resetting!
2022-10-03 09:49:16,062 : WARNING : FAST : Port NET received more messages than were sent! Resetting!
2022-10-03 09:49:16,126 : ERROR : FAST : Stop called on serial connection com9
2022-10-03 09:49:16,126 : ERROR : FAST : Stop called on serial connection com10
2022-10-03 09:49:16,349 : INFO : root : MPF run loop ended.
