2022-10-12 07:33:50,689 : INFO : root : Loading config.
2022-10-12 07:33:50,692 : INFO : YamlMultifileConfigLoader : Machine config file #1: config.yaml
2022-10-12 07:33:50,692 : WARNING : ConfigProcessor : Config file in cache changed: c:\trashland_2\config\config.yaml
2022-10-12 07:33:50,692 : INFO : ConfigProcessor : Loading config from file c:\users\tanner\appdata\local\programs\python\python37\lib\site-packages\mpf\mpfconfig.yaml.
2022-10-12 07:33:50,762 : INFO : ConfigProcessor : Loading config: c:\users\tanner\appdata\local\programs\python\python37\lib\site-packages\mpf\mpfconfig.yaml
2022-10-12 07:33:50,763 : INFO : ConfigProcessor : Loading config from file c:\trashland_2\config\config.yaml.
2022-10-12 07:33:50,862 : INFO : ConfigProcessor : Loading config: c:\trashland_2\config\config.yaml
2022-10-12 07:33:50,865 : INFO : ConfigProcessor : Config file cache created: C:\Users\Tanner\AppData\Local\Temp\a6762098cb994b55cb03a478b26022ee.mpf_cache
2022-10-12 07:33:50,928 : INFO : ConfigProcessor : Loading config from cache: C:\Users\Tanner\AppData\Local\Temp\9cf7ccc27b21f4d6162237fadfc53e5a.mpf_cache
2022-10-12 07:33:50,929 : INFO : ConfigProcessor : Loading config from cache: C:\Users\Tanner\AppData\Local\Temp\c215df352878fee5d54f1a5ec5b16e7c.mpf_cache
2022-10-12 07:33:50,929 : INFO : ConfigProcessor : Loading config from cache: C:\Users\Tanner\AppData\Local\Temp\708062243e0edcfa77dd6b1521bd0d4e.mpf_cache
2022-10-12 07:33:50,930 : INFO : ConfigProcessor : Loading config from cache: C:\Users\Tanner\AppData\Local\Temp\c4174472f67f7b070dd6fb437c6feb0c.mpf_cache
2022-10-12 07:33:50,931 : INFO : ConfigProcessor : Loading config from cache: C:\Users\Tanner\AppData\Local\Temp\abaa92c43d134e3392cbb2346e6a16be.mpf_cache
2022-10-12 07:33:50,932 : INFO : ConfigProcessor : Loading config from cache: C:\Users\Tanner\AppData\Local\Temp\fc46d53fcb9fe6b8abf783d9c813390a.mpf_cache
2022-10-12 07:33:50,933 : INFO : Machine : Mission Pinball Framework Core Engine v0.55.0
2022-10-12 07:33:50,933 : INFO : Machine : Command line arguments: {'no_load_cache': False, 'create_config_cache': True, 'bcp': False, 'configfile': ['config.yaml'], 'force_assets_load': False, 'jsonlogging': False, 'logfile': 'logs\\2022-10-12-07-33-50-mpf-DESKTOP-7HNFDQ5.log', 'pause': False, 'production': False, 'text_ui': True, 'loglevel': 15, 'consoleloglevel': 20, 'force_platform': None, 'syslog_address': None, 'mc_file_name': None, 'no_sound': False}
2022-10-12 07:33:50,933 : INFO : Machine : MPF path: c:\users\tanner\appdata\local\programs\python\python37\lib\site-packages\mpf
2022-10-12 07:33:50,933 : INFO : Machine : Machine path: c:\trashland_2
2022-10-12 07:33:50,933 : INFO : Machine : Platform: win32
2022-10-12 07:33:50,933 : INFO : Machine : Python executable location: c:\users\tanner\appdata\local\programs\python\python37\python.exe
2022-10-12 07:33:50,933 : INFO : Machine : Python version: 3.7.8 (64-bit)
2022-10-12 07:33:50,935 : INFO : Machine : Initialise MPF.
2022-10-12 07:33:51,194 : INFO : FAST : Connecting to com9 at 921600bps
2022-10-12 07:33:51,249 : INFO : FAST : Connected! Processor: NET, Board Type: FP-CPU-002-2, Firmware: 01.05
2022-10-12 07:33:51,249 : INFO : EventManager : Event: ======'machine_var_fast_net_firmware'====== Args={'value': '01.05', 'prev_value': None, 'change': True}
2022-10-12 07:33:51,249 : INFO : EventManager : Event: ======'machine_var_fast_net_model'====== Args={'value': 'FP-CPU-002-2', 'prev_value': None, 'change': True}
2022-10-12 07:33:53,629 : WARNING : FAST : Got unexpected message from FAST: -N:11
2022-10-12 07:33:53,629 : WARNING : FAST : Got unexpected message from FAST: -N:38
2022-10-12 07:33:53,629 : WARNING : FAST : Got unexpected message from FAST: -N:40
2022-10-12 07:33:53,629 : WARNING : FAST : Got unexpected message from FAST: -N:41
2022-10-12 07:33:53,629 : WARNING : FAST : Got unexpected message from FAST: -N:43
2022-10-12 07:33:53,629 : WARNING : FAST : Got unexpected message from FAST: -N:44
2022-10-12 07:33:53,629 : WARNING : FAST : Got unexpected message from FAST: -N:5D
2022-10-12 07:33:53,739 : INFO : FAST : Connecting to com10 at 921600bps
2022-10-12 07:33:53,771 : INFO : FAST : Connected! Processor: RGB, Board Type: FP-CPU-002-2, Firmware: 00.87
2022-10-12 07:33:53,771 : INFO : EventManager : Event: ======'machine_var_fast_rgb_firmware'====== Args={'value': '00.87', 'prev_value': None, 'change': True}
2022-10-12 07:33:53,771 : INFO : EventManager : Event: ======'machine_var_fast_rgb_model'====== Args={'value': 'FP-CPU-002-2', 'prev_value': None, 'change': True}
2022-10-12 07:33:53,772 : INFO : EventManager : Event: ======'machine_var_credits_string'====== Args={'value': 'FREE PLAY', 'prev_value': None, 'change': True}
2022-10-12 07:33:53,820 : INFO : EventManager : Event: ======'machine_var_master_volume'====== Args={'value': 0.5, 'prev_value': None, 'change': True}
2022-10-12 07:33:53,820 : INFO : EventManager : Event: ======'machine_var_mpf_version'====== Args={'value': 'MPF v0.55.0', 'prev_value': None, 'change': True}
2022-10-12 07:33:53,820 : INFO : EventManager : Event: ======'machine_var_mpf_extended_version'====== Args={'value': 'MPF v0.55.0, Config version:5, Show version: 5, BCP version:1.1', 'prev_value': None, 'change': True}
2022-10-12 07:33:53,820 : INFO : EventManager : Event: ======'machine_var_python_version'====== Args={'value': '3.7.8', 'prev_value': None, 'change': True}
2022-10-12 07:33:53,820 : INFO : EventManager : Event: ======'machine_var_platform'====== Args={'value': 'Windows-10-10.0.19041-SP0', 'prev_value': None, 'change': True}
2022-10-12 07:33:53,820 : INFO : EventManager : Event: ======'machine_var_platform_system'====== Args={'value': 'Windows', 'prev_value': None, 'change': True}
2022-10-12 07:33:53,820 : INFO : EventManager : Event: ======'machine_var_platform_release'====== Args={'value': '10', 'prev_value': None, 'change': True}
2022-10-12 07:33:53,820 : INFO : EventManager : Event: ======'machine_var_platform_version'====== Args={'value': '10.0.19041', 'prev_value': None, 'change': True}
2022-10-12 07:33:53,820 : INFO : EventManager : Event: ======'machine_var_platform_machine'====== Args={'value': 'AMD64', 'prev_value': None, 'change': True}
2022-10-12 07:33:53,820 : INFO : EventManager : Event: ======'init_phase_1'====== Args={}
2022-10-12 07:33:53,854 : INFO : EventManager : Event: ======'drop_target_bank_mid_up'====== Args={}
2022-10-12 07:33:53,855 : INFO : EventManager : Event: ======'drop_target_bank_right_up'====== Args={}
2022-10-12 07:33:53,877 : INFO : EventManager : Event: ======'init_phase_2'====== Args={}
2022-10-12 07:33:53,878 : INFO : SwitchController : Found active switch: (('33', 1), <Platform.FAST>) <switch.s_vuk_right>
2022-10-12 07:33:53,878 : INFO : SwitchController : Found active switch: (('42', 1), <Platform.FAST>) <switch.s_trough_4>
2022-10-12 07:33:53,878 : INFO : SwitchController : Found active switch: (('48', 1), <Platform.FAST>) <switch.s_trough_1>
2022-10-12 07:33:53,878 : INFO : SwitchController : Found active switch: (('49', 1), <Platform.FAST>) <switch.s_trough_jam>
2022-10-12 07:33:53,878 : INFO : SwitchController : Found active switch: (('3C', 1), <Platform.FAST>) <switch.s_eos_right>
2022-10-12 07:33:53,878 : INFO : SwitchController : Found active switch: (('3B', 1), <Platform.FAST>) <switch.s_eos_left>
2022-10-12 07:33:53,885 : INFO : ball_device.bd_trough : BCH: Initial count: 2
2022-10-12 07:33:53,886 : INFO : ball_device.bd_trough : State: idle
2022-10-12 07:33:53,887 : INFO : ball_device.bd_plunger : BCH: Initial count: 0
2022-10-12 07:33:53,887 : INFO : ball_device.bd_plunger : State: idle
2022-10-12 07:33:53,888 : INFO : ball_device.bd_top_vuk : BCH: Initial count: 0
2022-10-12 07:33:53,888 : INFO : ball_device.bd_top_vuk : State: idle
2022-10-12 07:33:53,889 : INFO : ball_device.bd_right_vuk : BCH: Initial count: 1
2022-10-12 07:33:53,889 : INFO : ball_device.bd_right_vuk : State: idle
2022-10-12 07:33:53,889 : INFO : ball_device.bd_bot_vuk : BCH: Initial count: 0
2022-10-12 07:33:53,890 : INFO : ball_device.bd_bot_vuk : State: idle
2022-10-12 07:33:53,928 : INFO : EventManager : Event: ======'init_phase_3'====== Args={}
2022-10-12 07:33:53,983 : INFO : EventManager : Event: ======'init_phase_4'====== Args={}
2022-10-12 07:33:53,983 : INFO : EventManager : Event: ======'playfield_active'====== Args={}
2022-10-12 07:33:53,984 : INFO : EventManager : Event: ======'unexpected_ball_on_playfield'====== Args={}
2022-10-12 07:33:53,984 : INFO : EventManager : Event: ======'playfield_active'====== Args={}
2022-10-12 07:33:53,984 : INFO : EventManager : Event: ======'unexpected_ball_on_playfield'====== Args={}
2022-10-12 07:33:53,984 : INFO : EventManager : Event: ======'playfield_active'====== Args={}
2022-10-12 07:33:53,984 : INFO : EventManager : Event: ======'unexpected_ball_on_playfield'====== Args={}
2022-10-12 07:33:53,984 : INFO : EventManager : Event: ======'playfield_active'====== Args={}
2022-10-12 07:33:53,984 : INFO : EventManager : Event: ======'unexpected_ball_on_playfield'====== Args={}
2022-10-12 07:33:53,984 : INFO : EventManager : Event: ======'playfield_active'====== Args={}
2022-10-12 07:33:53,984 : INFO : EventManager : Event: ======'unexpected_ball_on_playfield'====== Args={}
2022-10-12 07:33:53,984 : INFO : EventManager : Event: ======'playfield_active'====== Args={}
2022-10-12 07:33:53,984 : INFO : EventManager : Event: ======'unexpected_ball_on_playfield'====== Args={}
2022-10-12 07:33:53,985 : INFO : BallController : Initial balls found: 3
2022-10-12 07:33:53,986 : INFO : EventManager : Event: ======'machine_var_audits_events_game_ended'====== Args={'value': 0, 'prev_value': None, 'change': True}
2022-10-12 07:33:53,986 : INFO : EventManager : Event: ======'machine_var_audits_events_game_started'====== Args={'value': 0, 'prev_value': None, 'change': True}
2022-10-12 07:33:53,986 : INFO : EventManager : Event: ======'machine_var_audits_player_score'====== Args={'value': {'average': 0, 'top': [], 'total': 0}, 'prev_value': None, 'change': True}
2022-10-12 07:33:53,986 : INFO : EventManager : Event: ======'machine_var_audits_switches_s_autolauncher'====== Args={'value': 82, 'prev_value': None, 'change': True}
2022-10-12 07:33:53,987 : INFO : EventManager : Event: ======'machine_var_audits_switches_s_back_pop'====== Args={'value': 0, 'prev_value': None, 'change': True}
2022-10-12 07:33:53,987 : INFO : EventManager : Event: ======'machine_var_audits_switches_s_back_rollover'====== Args={'value': 0, 'prev_value': None, 'change': True}
2022-10-12 07:33:53,987 : INFO : EventManager : Event: ======'machine_var_audits_switches_s_back_stationary'====== Args={'value': 0, 'prev_value': None, 'change': True}
2022-10-12 07:33:53,987 : INFO : EventManager : Event: ======'machine_var_audits_switches_s_bot_back'====== Args={'value': 0, 'prev_value': None, 'change': True}
2022-10-12 07:33:53,987 : INFO : EventManager : Event: ======'machine_var_audits_switches_s_bot_big'====== Args={'value': 1, 'prev_value': None, 'change': True}
2022-10-12 07:33:53,987 : INFO : EventManager : Event: ======'machine_var_audits_switches_s_bot_left'====== Args={'value': 0, 'prev_value': None, 'change': True}
2022-10-12 07:33:53,987 : INFO : EventManager : Event: ======'machine_var_audits_switches_s_bot_right'====== Args={'value': 0, 'prev_value': None, 'change': True}
2022-10-12 07:33:53,987 : INFO : EventManager : Event: ======'machine_var_audits_switches_s_bot_rollover'====== Args={'value': 0, 'prev_value': None, 'change': True}
2022-10-12 07:33:53,988 : INFO : EventManager : Event: ======'machine_var_audits_switches_s_bot_vuk'====== Args={'value': 0, 'prev_value': None, 'change': True}
2022-10-12 07:33:53,988 : INFO : EventManager : Event: ======'machine_var_audits_switches_s_drop_mid_left'====== Args={'value': 74, 'prev_value': None, 'change': True}
2022-10-12 07:33:53,988 : INFO : EventManager : Event: ======'machine_var_audits_switches_s_drop_mid_mid'====== Args={'value': 83, 'prev_value': None, 'change': True}
2022-10-12 07:33:53,988 : INFO : EventManager : Event: ======'machine_var_audits_switches_s_drop_mid_right'====== Args={'value': 5, 'prev_value': None, 'change': True}
2022-10-12 07:33:53,988 : INFO : EventManager : Event: ======'machine_var_audits_switches_s_drop_right_left'====== Args={'value': 24, 'prev_value': None, 'change': True}
2022-10-12 07:33:53,988 : INFO : EventManager : Event: ======'machine_var_audits_switches_s_drop_right_right'====== Args={'value': 61, 'prev_value': None, 'change': True}
2022-10-12 07:33:53,988 : INFO : EventManager : Event: ======'machine_var_audits_switches_s_drop_single'====== Args={'value': 41, 'prev_value': None, 'change': True}
2022-10-12 07:33:53,989 : INFO : EventManager : Event: ======'machine_var_audits_switches_s_eos_left'====== Args={'value': 71, 'prev_value': None, 'change': True}
2022-10-12 07:33:53,989 : INFO : EventManager : Event: ======'machine_var_audits_switches_s_eos_left_top'====== Args={'value': 847, 'prev_value': None, 'change': True}
2022-10-12 07:33:53,989 : INFO : EventManager : Event: ======'machine_var_audits_switches_s_eos_right'====== Args={'value': 96, 'prev_value': None, 'change': True}
2022-10-12 07:33:53,989 : INFO : EventManager : Event: ======'machine_var_audits_switches_s_launch'====== Args={'value': 57, 'prev_value': None, 'change': True}
2022-10-12 07:33:53,989 : INFO : EventManager : Event: ======'machine_var_audits_switches_s_left_flipper'====== Args={'value': 949, 'prev_value': None, 'change': True}
2022-10-12 07:33:53,989 : INFO : EventManager : Event: ======'machine_var_audits_switches_s_left_inlane'====== Args={'value': 24, 'prev_value': None, 'change': True}
2022-10-12 07:33:53,990 : INFO : EventManager : Event: ======'machine_var_audits_switches_s_left_outlane'====== Args={'value': 5, 'prev_value': None, 'change': True}
2022-10-12 07:33:53,990 : INFO : EventManager : Event: ======'machine_var_audits_switches_s_pop_left'====== Args={'value': 157, 'prev_value': None, 'change': True}
2022-10-12 07:33:53,990 : INFO : EventManager : Event: ======'machine_var_audits_switches_s_pop_lower'====== Args={'value': 256, 'prev_value': None, 'change': True}
2022-10-12 07:33:53,990 : INFO : EventManager : Event: ======'machine_var_audits_switches_s_pop_right'====== Args={'value': 294, 'prev_value': None, 'change': True}
2022-10-12 07:33:53,990 : INFO : EventManager : Event: ======'machine_var_audits_switches_s_right_flipper'====== Args={'value': 975, 'prev_value': None, 'change': True}
2022-10-12 07:33:53,991 : INFO : EventManager : Event: ======'machine_var_audits_switches_s_right_inlane'====== Args={'value': 0, 'prev_value': None, 'change': True}
2022-10-12 07:33:53,991 : INFO : EventManager : Event: ======'machine_var_audits_switches_s_right_outlane'====== Args={'value': 79, 'prev_value': None, 'change': True}
2022-10-12 07:33:53,991 : INFO : EventManager : Event: ======'machine_var_audits_switches_s_rollover_left'====== Args={'value': 64, 'prev_value': None, 'change': True}
2022-10-12 07:33:53,991 : INFO : EventManager : Event: ======'machine_var_audits_switches_s_rollover_right'====== Args={'value': 46, 'prev_value': None, 'change': True}
2022-10-12 07:33:53,991 : INFO : EventManager : Event: ======'machine_var_audits_switches_s_sling_left'====== Args={'value': 41, 'prev_value': None, 'change': True}
2022-10-12 07:33:53,992 : INFO : EventManager : Event: ======'machine_var_audits_switches_s_sling_right'====== Args={'value': 136, 'prev_value': None, 'change': True}
2022-10-12 07:33:53,992 : INFO : EventManager : Event: ======'machine_var_audits_switches_s_start'====== Args={'value': 152, 'prev_value': None, 'change': True}
2022-10-12 07:33:53,992 : INFO : EventManager : Event: ======'machine_var_audits_switches_s_tilt'====== Args={'value': 126, 'prev_value': None, 'change': True}
2022-10-12 07:33:53,992 : INFO : EventManager : Event: ======'machine_var_audits_switches_s_transfer_rollover'====== Args={'value': 0, 'prev_value': None, 'change': True}
2022-10-12 07:33:53,992 : INFO : EventManager : Event: ======'machine_var_audits_switches_s_trough_1'====== Args={'value': 57, 'prev_value': None, 'change': True}
2022-10-12 07:33:53,993 : INFO : EventManager : Event: ======'machine_var_audits_switches_s_trough_2'====== Args={'value': 190, 'prev_value': None, 'change': True}
2022-10-12 07:33:53,993 : INFO : EventManager : Event: ======'machine_var_audits_switches_s_trough_3'====== Args={'value': 102, 'prev_value': None, 'change': True}
2022-10-12 07:33:53,993 : INFO : EventManager : Event: ======'machine_var_audits_switches_s_trough_4'====== Args={'value': 105, 'prev_value': None, 'change': True}
2022-10-12 07:33:53,993 : INFO : EventManager : Event: ======'machine_var_audits_switches_s_trough_5'====== Args={'value': 109, 'prev_value': None, 'change': True}
2022-10-12 07:33:53,993 : INFO : EventManager : Event: ======'machine_var_audits_switches_s_trough_6'====== Args={'value': 186, 'prev_value': None, 'change': True}
2022-10-12 07:33:53,994 : INFO : EventManager : Event: ======'machine_var_audits_switches_s_trough_jam'====== Args={'value': 108, 'prev_value': None, 'change': True}
2022-10-12 07:33:53,994 : INFO : EventManager : Event: ======'machine_var_audits_switches_s_upper_drop'====== Args={'value': 0, 'prev_value': None, 'change': True}
2022-10-12 07:33:53,994 : INFO : EventManager : Event: ======'machine_var_audits_switches_s_upper_rollover'====== Args={'value': 0, 'prev_value': None, 'change': True}
2022-10-12 07:33:53,994 : INFO : EventManager : Event: ======'machine_var_audits_switches_s_upper_stationary'====== Args={'value': 0, 'prev_value': None, 'change': True}
2022-10-12 07:33:53,995 : INFO : EventManager : Event: ======'machine_var_audits_switches_s_vuk_back'====== Args={'value': 1, 'prev_value': None, 'change': True}
2022-10-12 07:33:53,995 : INFO : EventManager : Event: ======'machine_var_audits_switches_s_vuk_right'====== Args={'value': 3, 'prev_value': None, 'change': True}
2022-10-12 07:33:53,996 : INFO : EventManager : Event: ======'machine_var_audits_switches_s_vuk_top'====== Args={'value': 25, 'prev_value': None, 'change': True}
2022-10-12 07:33:53,996 : INFO : EventManager : Event: ======'init_phase_5'====== Args={}
2022-10-12 07:33:54,049 : INFO : EventManager : Event: ======'init_done'====== Args={}
2022-10-12 07:33:54,049 : INFO : EventManager : Event: ======'machine_reset_phase_1'====== Args={}
2022-10-12 07:33:54,050 : INFO : EventManager : Event: ======'machine_reset_phase_2'====== Args={}
2022-10-12 07:33:54,050 : INFO : EventManager : Event: ======'machine_reset_phase_3'====== Args={}
2022-10-12 07:33:54,051 : INFO : EventManager : Event: ======'mode_tilt_will_start'====== Args={'queue': <QueuedEvent>}
2022-10-12 07:33:54,051 : INFO : EventManager : Event: ======'mode_tilt_starting'====== Args={'queue': <QueuedEvent>}
2022-10-12 07:33:54,051 : INFO : drop_target_bank.mid : All targets are already up. Will not reset bank.
2022-10-12 07:33:54,051 : INFO : drop_target_bank.right : All targets are already up. Will not reset bank.
2022-10-12 07:33:54,052 : INFO : Mode.tilt : Started. Priority: 1000000
2022-10-12 07:33:54,052 : INFO : EventManager : Event: ======'modes_active_modes_changed'====== Args={}
2022-10-12 07:33:54,053 : INFO : EventManager : Event: ======'mode_tilt_started'====== Args={'queue': <QueuedEvent>}
2022-10-12 07:33:54,053 : INFO : EventManager : Event: ======'reset_complete'====== Args={}
2022-10-12 07:33:54,053 : INFO : EventManager : Event: ======'mode_attract_will_start'====== Args={}
2022-10-12 07:33:54,053 : INFO : EventManager : Event: ======'mode_attract_starting'====== Args={}
2022-10-12 07:33:54,053 : INFO : Mode.attract : Started. Priority: 10
2022-10-12 07:33:54,053 : INFO : EventManager : Event: ======'modes_active_modes_changed'====== Args={}
2022-10-12 07:33:54,054 : INFO : EventManager : Event: ======'mode_attract_started'====== Args={}
2022-10-12 07:33:54,054 : INFO : EventManager : Event: ======'collecting_balls'====== Args={}
2022-10-12 07:33:54,054 : INFO : ball_device.bd_right_vuk : Adding 1 ball(s) to the eject_queue with target <playfield.playfield>.
2022-10-12 07:33:54,054 : INFO : EventManager : Event: ======'balldevice_balls_available'====== Args={}
2022-10-12 07:33:54,087 : INFO : Machine : Starting the main run loop.
2022-10-12 07:33:54,088 : INFO : ball_device.bd_right_vuk : State: waiting_for_target_ready
2022-10-12 07:33:54,089 : INFO : EventManager : Event: ======'balldevice_bd_right_vuk_ball_eject_attempt'====== Args={'balls': 1, 'target': <playfield.playfield>, 'source': <ball_device.bd_right_vuk>, 'mechanical_eject': False, 'num_attempts': 0}
2022-10-12 07:33:54,089 : INFO : ball_device.bd_right_vuk : State: ejecting
2022-10-12 07:33:54,089 : INFO : ball_device.bd_right_vuk : Ejecting ball to <playfield.playfield>
2022-10-12 07:33:54,089 : INFO : EventManager : Event: ======'balldevice_bd_right_vuk_ejecting_ball'====== Args={'balls': 1, 'target': <playfield.playfield>, 'source': <ball_device.bd_right_vuk>, 'mechanical_eject': False, 'num_attempts': 0}
2022-10-12 07:33:54,090 : INFO : ball_device.bd_right_vuk : Wait for ball to leave device
2022-10-12 07:33:54,090 : INFO : coil.c_right_vuk : Pulsing Driver for 10ms (1.0 pulse_power)
2022-10-12 07:33:56,083 : INFO : EventManager : Event: ======'balldevice_bd_right_vuk_ball_eject_failed'====== Args={'target': <playfield.playfield>, 'balls': 1, 'retry': True, 'num_attempts': 1}
2022-10-12 07:33:56,084 : INFO : ball_device.bd_right_vuk : State: waiting_for_target_ready
2022-10-12 07:33:56,084 : INFO : EventManager : Event: ======'balldevice_bd_right_vuk_ball_eject_attempt'====== Args={'balls': 1, 'target': <playfield.playfield>, 'source': <ball_device.bd_right_vuk>, 'mechanical_eject': False, 'num_attempts': 1}
2022-10-12 07:33:56,084 : INFO : ball_device.bd_right_vuk : State: ejecting
2022-10-12 07:33:56,084 : INFO : ball_device.bd_right_vuk : Ejecting ball to <playfield.playfield>
2022-10-12 07:33:56,084 : INFO : EventManager : Event: ======'balldevice_bd_right_vuk_ejecting_ball'====== Args={'balls': 1, 'target': <playfield.playfield>, 'source': <ball_device.bd_right_vuk>, 'mechanical_eject': False, 'num_attempts': 1}
2022-10-12 07:33:56,085 : INFO : ball_device.bd_right_vuk : Wait for ball to leave device
2022-10-12 07:33:56,085 : INFO : coil.c_right_vuk : Pulsing Driver for 10ms (1.0 pulse_power)
2022-10-12 07:33:58,090 : INFO : EventManager : Event: ======'balldevice_bd_right_vuk_ball_eject_failed'====== Args={'target': <playfield.playfield>, 'balls': 1, 'retry': True, 'num_attempts': 2}
2022-10-12 07:33:58,091 : INFO : ball_device.bd_right_vuk : State: waiting_for_target_ready
2022-10-12 07:33:58,091 : INFO : EventManager : Event: ======'balldevice_bd_right_vuk_ball_eject_attempt'====== Args={'balls': 1, 'target': <playfield.playfield>, 'source': <ball_device.bd_right_vuk>, 'mechanical_eject': False, 'num_attempts': 2}
2022-10-12 07:33:58,091 : INFO : ball_device.bd_right_vuk : State: ejecting
2022-10-12 07:33:58,091 : INFO : ball_device.bd_right_vuk : Ejecting ball to <playfield.playfield>
2022-10-12 07:33:58,091 : INFO : EventManager : Event: ======'balldevice_bd_right_vuk_ejecting_ball'====== Args={'balls': 1, 'target': <playfield.playfield>, 'source': <ball_device.bd_right_vuk>, 'mechanical_eject': False, 'num_attempts': 2}
2022-10-12 07:33:58,092 : INFO : ball_device.bd_right_vuk : Wait for ball to leave device
2022-10-12 07:33:58,092 : INFO : coil.c_right_vuk : Pulsing Driver for 10ms (1.0 pulse_power)
2022-10-12 07:34:00,080 : INFO : EventManager : Event: ======'balldevice_bd_right_vuk_ball_eject_failed'====== Args={'target': <playfield.playfield>, 'balls': 1, 'retry': True, 'num_attempts': 3}
2022-10-12 07:34:00,081 : INFO : ball_device.bd_right_vuk : State: waiting_for_target_ready
2022-10-12 07:34:00,081 : INFO : EventManager : Event: ======'balldevice_bd_right_vuk_ball_eject_attempt'====== Args={'balls': 1, 'target': <playfield.playfield>, 'source': <ball_device.bd_right_vuk>, 'mechanical_eject': False, 'num_attempts': 3}
2022-10-12 07:34:00,081 : INFO : ball_device.bd_right_vuk : State: ejecting
2022-10-12 07:34:00,081 : INFO : ball_device.bd_right_vuk : Ejecting ball to <playfield.playfield>
2022-10-12 07:34:00,081 : INFO : EventManager : Event: ======'balldevice_bd_right_vuk_ejecting_ball'====== Args={'balls': 1, 'target': <playfield.playfield>, 'source': <ball_device.bd_right_vuk>, 'mechanical_eject': False, 'num_attempts': 3}
2022-10-12 07:34:00,082 : INFO : ball_device.bd_right_vuk : Wait for ball to leave device
2022-10-12 07:34:00,082 : INFO : coil.c_right_vuk : Pulsing Driver for 10ms (1.0 pulse_power)
2022-10-12 07:34:02,078 : INFO : EventManager : Event: ======'balldevice_bd_right_vuk_ball_eject_failed'====== Args={'target': <playfield.playfield>, 'balls': 1, 'retry': True, 'num_attempts': 4}
2022-10-12 07:34:02,079 : INFO : ball_device.bd_right_vuk : State: waiting_for_target_ready
2022-10-12 07:34:02,079 : INFO : EventManager : Event: ======'balldevice_bd_right_vuk_ball_eject_attempt'====== Args={'balls': 1, 'target': <playfield.playfield>, 'source': <ball_device.bd_right_vuk>, 'mechanical_eject': False, 'num_attempts': 4}
2022-10-12 07:34:02,079 : INFO : ball_device.bd_right_vuk : State: ejecting
2022-10-12 07:34:02,079 : INFO : ball_device.bd_right_vuk : Ejecting ball to <playfield.playfield>
2022-10-12 07:34:02,079 : INFO : EventManager : Event: ======'balldevice_bd_right_vuk_ejecting_ball'====== Args={'balls': 1, 'target': <playfield.playfield>, 'source': <ball_device.bd_right_vuk>, 'mechanical_eject': False, 'num_attempts': 4}
2022-10-12 07:34:02,080 : INFO : ball_device.bd_right_vuk : Wait for ball to leave device
2022-10-12 07:34:02,080 : INFO : coil.c_right_vuk : Pulsing Driver for 10ms (1.0 pulse_power)
2022-10-12 07:34:04,084 : INFO : EventManager : Event: ======'balldevice_bd_right_vuk_ball_eject_failed'====== Args={'target': <playfield.playfield>, 'balls': 1, 'retry': True, 'num_attempts': 5}
2022-10-12 07:34:04,085 : INFO : ball_device.bd_right_vuk : State: waiting_for_target_ready
2022-10-12 07:34:04,085 : INFO : EventManager : Event: ======'balldevice_bd_right_vuk_ball_eject_attempt'====== Args={'balls': 1, 'target': <playfield.playfield>, 'source': <ball_device.bd_right_vuk>, 'mechanical_eject': False, 'num_attempts': 5}
2022-10-12 07:34:04,085 : INFO : ball_device.bd_right_vuk : State: ejecting
2022-10-12 07:34:04,085 : INFO : ball_device.bd_right_vuk : Ejecting ball to <playfield.playfield>
2022-10-12 07:34:04,085 : INFO : EventManager : Event: ======'balldevice_bd_right_vuk_ejecting_ball'====== Args={'balls': 1, 'target': <playfield.playfield>, 'source': <ball_device.bd_right_vuk>, 'mechanical_eject': False, 'num_attempts': 5}
2022-10-12 07:34:04,086 : INFO : ball_device.bd_right_vuk : Wait for ball to leave device
2022-10-12 07:34:04,086 : INFO : coil.c_right_vuk : Pulsing Driver for 10ms (1.0 pulse_power)
2022-10-12 07:34:06,077 : INFO : EventManager : Event: ======'balldevice_bd_right_vuk_ball_eject_failed'====== Args={'target': <playfield.playfield>, 'balls': 1, 'retry': True, 'num_attempts': 6}
2022-10-12 07:34:06,078 : INFO : ball_device.bd_right_vuk : State: waiting_for_target_ready
2022-10-12 07:34:06,078 : INFO : EventManager : Event: ======'balldevice_bd_right_vuk_ball_eject_attempt'====== Args={'balls': 1, 'target': <playfield.playfield>, 'source': <ball_device.bd_right_vuk>, 'mechanical_eject': False, 'num_attempts': 6}
2022-10-12 07:34:06,078 : INFO : ball_device.bd_right_vuk : State: ejecting
2022-10-12 07:34:06,078 : INFO : ball_device.bd_right_vuk : Ejecting ball to <playfield.playfield>
2022-10-12 07:34:06,078 : INFO : EventManager : Event: ======'balldevice_bd_right_vuk_ejecting_ball'====== Args={'balls': 1, 'target': <playfield.playfield>, 'source': <ball_device.bd_right_vuk>, 'mechanical_eject': False, 'num_attempts': 6}
2022-10-12 07:34:06,079 : INFO : ball_device.bd_right_vuk : Wait for ball to leave device
2022-10-12 07:34:06,079 : INFO : coil.c_right_vuk : Pulsing Driver for 10ms (1.0 pulse_power)
2022-10-12 07:34:08,073 : INFO : EventManager : Event: ======'balldevice_bd_right_vuk_ball_eject_failed'====== Args={'target': <playfield.playfield>, 'balls': 1, 'retry': True, 'num_attempts': 7}
2022-10-12 07:34:08,074 : INFO : ball_device.bd_right_vuk : State: waiting_for_target_ready
2022-10-12 07:34:08,074 : INFO : EventManager : Event: ======'balldevice_bd_right_vuk_ball_eject_attempt'====== Args={'balls': 1, 'target': <playfield.playfield>, 'source': <ball_device.bd_right_vuk>, 'mechanical_eject': False, 'num_attempts': 7}
2022-10-12 07:34:08,075 : INFO : ball_device.bd_right_vuk : State: ejecting
2022-10-12 07:34:08,075 : INFO : ball_device.bd_right_vuk : Ejecting ball to <playfield.playfield>
2022-10-12 07:34:08,075 : INFO : EventManager : Event: ======'balldevice_bd_right_vuk_ejecting_ball'====== Args={'balls': 1, 'target': <playfield.playfield>, 'source': <ball_device.bd_right_vuk>, 'mechanical_eject': False, 'num_attempts': 7}
2022-10-12 07:34:08,075 : INFO : ball_device.bd_right_vuk : Wait for ball to leave device
2022-10-12 07:34:08,076 : INFO : coil.c_right_vuk : Pulsing Driver for 10ms (1.0 pulse_power)
2022-10-12 07:34:10,080 : INFO : EventManager : Event: ======'balldevice_bd_right_vuk_ball_eject_failed'====== Args={'target': <playfield.playfield>, 'balls': 1, 'retry': True, 'num_attempts': 8}
2022-10-12 07:34:10,081 : INFO : ball_device.bd_right_vuk : State: waiting_for_target_ready
2022-10-12 07:34:10,081 : INFO : EventManager : Event: ======'balldevice_bd_right_vuk_ball_eject_attempt'====== Args={'balls': 1, 'target': <playfield.playfield>, 'source': <ball_device.bd_right_vuk>, 'mechanical_eject': False, 'num_attempts': 8}
2022-10-12 07:34:10,081 : INFO : ball_device.bd_right_vuk : State: ejecting
2022-10-12 07:34:10,081 : INFO : ball_device.bd_right_vuk : Ejecting ball to <playfield.playfield>
2022-10-12 07:34:10,081 : INFO : EventManager : Event: ======'balldevice_bd_right_vuk_ejecting_ball'====== Args={'balls': 1, 'target': <playfield.playfield>, 'source': <ball_device.bd_right_vuk>, 'mechanical_eject': False, 'num_attempts': 8}
2022-10-12 07:34:10,082 : INFO : ball_device.bd_right_vuk : Wait for ball to leave device
2022-10-12 07:34:10,082 : INFO : coil.c_right_vuk : Pulsing Driver for 10ms (1.0 pulse_power)
2022-10-12 07:34:12,074 : INFO : EventManager : Event: ======'balldevice_bd_right_vuk_ball_eject_failed'====== Args={'target': <playfield.playfield>, 'balls': 1, 'retry': True, 'num_attempts': 9}
2022-10-12 07:34:12,074 : INFO : ball_device.bd_right_vuk : State: waiting_for_target_ready
2022-10-12 07:34:12,074 : INFO : EventManager : Event: ======'balldevice_bd_right_vuk_ball_eject_attempt'====== Args={'balls': 1, 'target': <playfield.playfield>, 'source': <ball_device.bd_right_vuk>, 'mechanical_eject': False, 'num_attempts': 9}
2022-10-12 07:34:12,075 : INFO : ball_device.bd_right_vuk : State: ejecting
2022-10-12 07:34:12,075 : INFO : ball_device.bd_right_vuk : Ejecting ball to <playfield.playfield>
2022-10-12 07:34:12,075 : INFO : EventManager : Event: ======'balldevice_bd_right_vuk_ejecting_ball'====== Args={'balls': 1, 'target': <playfield.playfield>, 'source': <ball_device.bd_right_vuk>, 'mechanical_eject': False, 'num_attempts': 9}
2022-10-12 07:34:12,075 : INFO : ball_device.bd_right_vuk : Wait for ball to leave device
2022-10-12 07:34:12,075 : INFO : coil.c_right_vuk : Pulsing Driver for 10ms (1.0 pulse_power)
2022-10-12 07:34:12,116 : INFO : Machine : Shutting down...
2022-10-12 07:34:12,116 : INFO : EventManager : Event: ======'shutdown'====== Args={}
2022-10-12 07:34:12,147 : WARNING : FAST : Port RGB received more messages than were sent! Resetting!
2022-10-12 07:34:12,147 : WARNING : FAST : Port NET received more messages than were sent! Resetting!
2022-10-12 07:34:12,226 : ERROR : FAST : Stop called on serial connection com9
2022-10-12 07:34:12,226 : ERROR : FAST : Stop called on serial connection com10
2022-10-12 07:34:12,447 : INFO : root : MPF run loop ended.
