2022-09-12 08:31:17,031 : INFO : root : Loading config.
2022-09-12 08:31:17,035 : INFO : YamlMultifileConfigLoader : Machine config file #1: config.yaml
2022-09-12 08:31:17,035 : WARNING : ConfigProcessor : Config file in cache changed: c:\trashland_2\config\config.yaml
2022-09-12 08:31:17,036 : INFO : ConfigProcessor : Loading config from file c:\users\tanner\appdata\local\programs\python\python37\lib\site-packages\mpf\mpfconfig.yaml.
2022-09-12 08:31:17,113 : INFO : ConfigProcessor : Loading config: c:\users\tanner\appdata\local\programs\python\python37\lib\site-packages\mpf\mpfconfig.yaml
2022-09-12 08:31:17,114 : INFO : ConfigProcessor : Loading config from file c:\trashland_2\config\config.yaml.
2022-09-12 08:31:17,217 : INFO : ConfigProcessor : Loading config: c:\trashland_2\config\config.yaml
2022-09-12 08:31:17,220 : INFO : ConfigProcessor : Config file cache created: C:\Users\Tanner\AppData\Local\Temp\a6762098cb994b55cb03a478b26022ee.mpf_cache
2022-09-12 08:31:17,295 : INFO : ConfigProcessor : Loading config from cache: C:\Users\Tanner\AppData\Local\Temp\9cf7ccc27b21f4d6162237fadfc53e5a.mpf_cache
2022-09-12 08:31:17,295 : INFO : ConfigProcessor : Loading config from cache: C:\Users\Tanner\AppData\Local\Temp\c215df352878fee5d54f1a5ec5b16e7c.mpf_cache
2022-09-12 08:31:17,296 : INFO : ConfigProcessor : Loading config from cache: C:\Users\Tanner\AppData\Local\Temp\abaa92c43d134e3392cbb2346e6a16be.mpf_cache
2022-09-12 08:31:17,298 : INFO : ConfigProcessor : Loading config from cache: C:\Users\Tanner\AppData\Local\Temp\fc46d53fcb9fe6b8abf783d9c813390a.mpf_cache
2022-09-12 08:31:17,298 : INFO : Machine : Mission Pinball Framework Core Engine v0.55.0
2022-09-12 08:31:17,298 : INFO : Machine : Command line arguments: {'no_load_cache': False, 'create_config_cache': True, 'bcp': True, 'configfile': ['config.yaml'], 'force_assets_load': False, 'jsonlogging': False, 'logfile': 'logs\\2022-09-12-08-31-17-mpf-DESKTOP-7HNFDQ5.log', 'pause': False, 'production': False, 'text_ui': True, 'loglevel': 15, 'consoleloglevel': 20, 'force_platform': 'virtual', 'syslog_address': None, 'mc_file_name': None, 'no_sound': False}
2022-09-12 08:31:17,298 : INFO : Machine : MPF path: c:\users\tanner\appdata\local\programs\python\python37\lib\site-packages\mpf
2022-09-12 08:31:17,299 : INFO : Machine : Machine path: c:\trashland_2
2022-09-12 08:31:17,299 : INFO : Machine : Platform: win32
2022-09-12 08:31:17,299 : INFO : Machine : Python executable location: c:\users\tanner\appdata\local\programs\python\python37\python.exe
2022-09-12 08:31:17,299 : INFO : Machine : Python version: 3.7.8 (64-bit)
2022-09-12 08:31:17,300 : INFO : Machine : Initialise MPF.
2022-09-12 08:31:17,489 : INFO : EventManager : Event: ======'machine_var_credits_string'====== Args={'value': 'FREE PLAY', 'prev_value': None, 'change': True}
2022-09-12 08:31:17,541 : INFO : EventManager : Event: ======'machine_var_master_volume'====== Args={'value': 0.5, 'prev_value': None, 'change': True}
2022-09-12 08:31:17,541 : INFO : EventManager : Event: ======'machine_var_mpf_version'====== Args={'value': 'MPF v0.55.0', 'prev_value': None, 'change': True}
2022-09-12 08:31:17,541 : INFO : EventManager : Event: ======'machine_var_mpf_extended_version'====== Args={'value': 'MPF v0.55.0, Config version:5, Show version: 5, BCP version:1.1', 'prev_value': None, 'change': True}
2022-09-12 08:31:17,541 : INFO : EventManager : Event: ======'machine_var_python_version'====== Args={'value': '3.7.8', 'prev_value': None, 'change': True}
2022-09-12 08:31:17,541 : INFO : EventManager : Event: ======'machine_var_platform'====== Args={'value': 'Windows-10-10.0.19041-SP0', 'prev_value': None, 'change': True}
2022-09-12 08:31:17,541 : INFO : EventManager : Event: ======'machine_var_platform_system'====== Args={'value': 'Windows', 'prev_value': None, 'change': True}
2022-09-12 08:31:17,541 : INFO : EventManager : Event: ======'machine_var_platform_release'====== Args={'value': '10', 'prev_value': None, 'change': True}
2022-09-12 08:31:17,541 : INFO : EventManager : Event: ======'machine_var_platform_version'====== Args={'value': '10.0.19041', 'prev_value': None, 'change': True}
2022-09-12 08:31:17,541 : INFO : EventManager : Event: ======'machine_var_platform_machine'====== Args={'value': 'AMD64', 'prev_value': None, 'change': True}
2022-09-12 08:31:17,541 : INFO : EventManager : Event: ======'init_phase_1'====== Args={}
2022-09-12 08:31:17,579 : INFO : EventManager : Event: ======'drop_target_bank_mid_up'====== Args={}
2022-09-12 08:31:17,579 : INFO : EventManager : Event: ======'drop_target_bank_right_up'====== Args={}
2022-09-12 08:31:17,588 : INFO : EventManager : Event: ======'init_phase_2'====== Args={}
2022-09-12 08:31:17,593 : INFO : EventManager : Event: ======'bcp_connection_attempt'====== Args={'name': 'local_display', 'host': 'localhost', 'port': 5050}
2022-09-12 08:31:17,595 : INFO : BCPClientSocket : Connecting BCP to 'local_display' at localhost:5050...
2022-09-12 08:32:02,361 : INFO : Machine : Starting the main run loop.
2022-09-12 08:32:02,361 : INFO : Machine : Shutting down...
2022-09-12 08:32:02,361 : INFO : EventManager : Event: ======'shutdown'====== Args={}
2022-09-12 08:32:02,363 : INFO : root : MPF run loop ended.
