2022-10-12 07:48:00,641 : INFO : root : Loading config.
2022-10-12 07:48:00,644 : INFO : YamlMultifileConfigLoader : Machine config file #1: config.yaml
2022-10-12 07:48:00,644 : INFO : ConfigProcessor : Loading config from cache: C:\Users\Tanner\AppData\Local\Temp\a6762098cb994b55cb03a478b26022ee.mpf_cache
2022-10-12 07:48:00,716 : INFO : ConfigProcessor : Loading config from cache: C:\Users\Tanner\AppData\Local\Temp\9cf7ccc27b21f4d6162237fadfc53e5a.mpf_cache
2022-10-12 07:48:00,716 : INFO : ConfigProcessor : Loading config from cache: C:\Users\Tanner\AppData\Local\Temp\c215df352878fee5d54f1a5ec5b16e7c.mpf_cache
2022-10-12 07:48:00,717 : INFO : ConfigProcessor : Loading config from cache: C:\Users\Tanner\AppData\Local\Temp\708062243e0edcfa77dd6b1521bd0d4e.mpf_cache
2022-10-12 07:48:00,718 : INFO : ConfigProcessor : Loading config from cache: C:\Users\Tanner\AppData\Local\Temp\c4174472f67f7b070dd6fb437c6feb0c.mpf_cache
2022-10-12 07:48:00,719 : INFO : ConfigProcessor : Loading config from cache: C:\Users\Tanner\AppData\Local\Temp\abaa92c43d134e3392cbb2346e6a16be.mpf_cache
2022-10-12 07:48:00,719 : INFO : ConfigProcessor : Loading config from cache: C:\Users\Tanner\AppData\Local\Temp\fc46d53fcb9fe6b8abf783d9c813390a.mpf_cache
2022-10-12 07:48:00,720 : INFO : Machine : Mission Pinball Framework Core Engine v0.55.0
2022-10-12 07:48:00,720 : INFO : Machine : Command line arguments: {'no_load_cache': False, 'create_config_cache': True, 'bcp': False, 'configfile': ['config.yaml'], 'force_assets_load': False, 'jsonlogging': False, 'logfile': 'logs\\2022-10-12-07-48-00-mpf-DESKTOP-7HNFDQ5.log', 'pause': False, 'production': False, 'text_ui': True, 'loglevel': 15, 'consoleloglevel': 20, 'force_platform': None, 'syslog_address': None, 'mc_file_name': None, 'no_sound': False}
2022-10-12 07:48:00,720 : INFO : Machine : MPF path: c:\users\tanner\appdata\local\programs\python\python37\lib\site-packages\mpf
2022-10-12 07:48:00,720 : INFO : Machine : Machine path: c:\trashland_2
2022-10-12 07:48:00,720 : INFO : Machine : Platform: win32
2022-10-12 07:48:00,720 : INFO : Machine : Python executable location: c:\users\tanner\appdata\local\programs\python\python37\python.exe
2022-10-12 07:48:00,720 : INFO : Machine : Python version: 3.7.8 (64-bit)
2022-10-12 07:48:00,722 : INFO : Machine : Initialise MPF.
2022-10-12 07:48:00,968 : INFO : FAST : Connecting to com9 at 921600bps
2022-10-12 07:48:01,004 : INFO : FAST : Connected! Processor: NET, Board Type: FP-CPU-002-2, Firmware: 01.05
2022-10-12 07:48:01,004 : INFO : EventManager : Event: ======'machine_var_fast_net_firmware'====== Args={'value': '01.05', 'prev_value': None, 'change': True}
2022-10-12 07:48:01,004 : INFO : EventManager : Event: ======'machine_var_fast_net_model'====== Args={'value': 'FP-CPU-002-2', 'prev_value': None, 'change': True}
2022-10-12 07:48:03,374 : WARNING : FAST : Got unexpected message from FAST: -N:11
2022-10-12 07:48:03,374 : WARNING : FAST : Got unexpected message from FAST: -N:38
2022-10-12 07:48:03,374 : WARNING : FAST : Got unexpected message from FAST: -N:40
2022-10-12 07:48:03,374 : WARNING : FAST : Got unexpected message from FAST: -N:41
2022-10-12 07:48:03,374 : WARNING : FAST : Got unexpected message from FAST: -N:43
2022-10-12 07:48:03,374 : WARNING : FAST : Got unexpected message from FAST: -N:44
2022-10-12 07:48:03,374 : WARNING : FAST : Got unexpected message from FAST: -N:5D
2022-10-12 07:48:03,485 : INFO : FAST : Connecting to com10 at 921600bps
2022-10-12 07:48:03,517 : INFO : FAST : Connected! Processor: RGB, Board Type: FP-CPU-002-2, Firmware: 00.87
2022-10-12 07:48:03,517 : INFO : EventManager : Event: ======'machine_var_fast_rgb_firmware'====== Args={'value': '00.87', 'prev_value': None, 'change': True}
2022-10-12 07:48:03,517 : INFO : EventManager : Event: ======'machine_var_fast_rgb_model'====== Args={'value': 'FP-CPU-002-2', 'prev_value': None, 'change': True}
2022-10-12 07:48:03,518 : INFO : EventManager : Event: ======'machine_var_credits_string'====== Args={'value': 'FREE PLAY', 'prev_value': None, 'change': True}
2022-10-12 07:48:03,560 : INFO : EventManager : Event: ======'machine_var_master_volume'====== Args={'value': 0.5, 'prev_value': None, 'change': True}
2022-10-12 07:48:03,560 : INFO : EventManager : Event: ======'machine_var_mpf_version'====== Args={'value': 'MPF v0.55.0', 'prev_value': None, 'change': True}
2022-10-12 07:48:03,560 : INFO : EventManager : Event: ======'machine_var_mpf_extended_version'====== Args={'value': 'MPF v0.55.0, Config version:5, Show version: 5, BCP version:1.1', 'prev_value': None, 'change': True}
2022-10-12 07:48:03,560 : INFO : EventManager : Event: ======'machine_var_python_version'====== Args={'value': '3.7.8', 'prev_value': None, 'change': True}
2022-10-12 07:48:03,561 : INFO : EventManager : Event: ======'machine_var_platform'====== Args={'value': 'Windows-10-10.0.19041-SP0', 'prev_value': None, 'change': True}
2022-10-12 07:48:03,561 : INFO : EventManager : Event: ======'machine_var_platform_system'====== Args={'value': 'Windows', 'prev_value': None, 'change': True}
2022-10-12 07:48:03,561 : INFO : EventManager : Event: ======'machine_var_platform_release'====== Args={'value': '10', 'prev_value': None, 'change': True}
2022-10-12 07:48:03,561 : INFO : EventManager : Event: ======'machine_var_platform_version'====== Args={'value': '10.0.19041', 'prev_value': None, 'change': True}
2022-10-12 07:48:03,561 : INFO : EventManager : Event: ======'machine_var_platform_machine'====== Args={'value': 'AMD64', 'prev_value': None, 'change': True}
2022-10-12 07:48:03,561 : INFO : EventManager : Event: ======'init_phase_1'====== Args={}
2022-10-12 07:48:03,595 : INFO : EventManager : Event: ======'drop_target_bank_mid_up'====== Args={}
2022-10-12 07:48:03,595 : INFO : EventManager : Event: ======'drop_target_bank_right_up'====== Args={}
2022-10-12 07:48:03,613 : INFO : EventManager : Event: ======'init_phase_2'====== Args={}
2022-10-12 07:48:03,613 : INFO : SwitchController : Found active switch: (('42', 1), <Platform.FAST>) <switch.s_trough_4>
2022-10-12 07:48:03,614 : INFO : SwitchController : Found active switch: (('48', 1), <Platform.FAST>) <switch.s_trough_1>
2022-10-12 07:48:03,614 : INFO : SwitchController : Found active switch: (('49', 1), <Platform.FAST>) <switch.s_trough_jam>
2022-10-12 07:48:03,614 : INFO : SwitchController : Found active switch: (('3C', 1), <Platform.FAST>) <switch.s_eos_right>
2022-10-12 07:48:03,614 : INFO : SwitchController : Found active switch: (('3B', 1), <Platform.FAST>) <switch.s_eos_left>
2022-10-12 07:48:03,621 : INFO : ball_device.bd_trough : BCH: Initial count: 2
2022-10-12 07:48:03,622 : INFO : ball_device.bd_trough : State: idle
2022-10-12 07:48:03,622 : INFO : ball_device.bd_plunger : BCH: Initial count: 0
2022-10-12 07:48:03,622 : INFO : ball_device.bd_plunger : State: idle
2022-10-12 07:48:03,623 : INFO : ball_device.bd_top_vuk : BCH: Initial count: 0
2022-10-12 07:48:03,623 : INFO : ball_device.bd_top_vuk : State: idle
2022-10-12 07:48:03,624 : INFO : ball_device.bd_right_vuk : BCH: Initial count: 0
2022-10-12 07:48:03,624 : INFO : ball_device.bd_right_vuk : State: idle
2022-10-12 07:48:03,624 : INFO : ball_device.bd_bot_vuk : BCH: Initial count: 0
2022-10-12 07:48:03,625 : INFO : ball_device.bd_bot_vuk : State: idle
2022-10-12 07:48:03,665 : INFO : EventManager : Event: ======'init_phase_3'====== Args={}
2022-10-12 07:48:03,699 : INFO : EventManager : Event: ======'init_phase_4'====== Args={}
2022-10-12 07:48:03,699 : INFO : EventManager : Event: ======'playfield_active'====== Args={}
2022-10-12 07:48:03,699 : INFO : EventManager : Event: ======'unexpected_ball_on_playfield'====== Args={}
2022-10-12 07:48:03,699 : INFO : EventManager : Event: ======'playfield_active'====== Args={}
2022-10-12 07:48:03,699 : INFO : EventManager : Event: ======'unexpected_ball_on_playfield'====== Args={}
2022-10-12 07:48:03,699 : INFO : EventManager : Event: ======'playfield_active'====== Args={}
2022-10-12 07:48:03,699 : INFO : EventManager : Event: ======'unexpected_ball_on_playfield'====== Args={}
2022-10-12 07:48:03,699 : INFO : EventManager : Event: ======'playfield_active'====== Args={}
2022-10-12 07:48:03,699 : INFO : EventManager : Event: ======'unexpected_ball_on_playfield'====== Args={}
2022-10-12 07:48:03,700 : INFO : EventManager : Event: ======'playfield_active'====== Args={}
2022-10-12 07:48:03,700 : INFO : EventManager : Event: ======'unexpected_ball_on_playfield'====== Args={}
2022-10-12 07:48:03,700 : INFO : EventManager : Event: ======'playfield_active'====== Args={}
2022-10-12 07:48:03,700 : INFO : EventManager : Event: ======'unexpected_ball_on_playfield'====== Args={}
2022-10-12 07:48:03,700 : INFO : BallController : Initial balls found: 2
2022-10-12 07:48:03,702 : INFO : EventManager : Event: ======'machine_var_audits_events_game_ended'====== Args={'value': 0, 'prev_value': None, 'change': True}
2022-10-12 07:48:03,702 : INFO : EventManager : Event: ======'machine_var_audits_events_game_started'====== Args={'value': 0, 'prev_value': None, 'change': True}
2022-10-12 07:48:03,702 : INFO : EventManager : Event: ======'machine_var_audits_player_score'====== Args={'value': {'average': 0, 'top': [], 'total': 0}, 'prev_value': None, 'change': True}
2022-10-12 07:48:03,702 : INFO : EventManager : Event: ======'machine_var_audits_switches_s_autolauncher'====== Args={'value': 86, 'prev_value': None, 'change': True}
2022-10-12 07:48:03,702 : INFO : EventManager : Event: ======'machine_var_audits_switches_s_back_pop'====== Args={'value': 5, 'prev_value': None, 'change': True}
2022-10-12 07:48:03,702 : INFO : EventManager : Event: ======'machine_var_audits_switches_s_back_rollover'====== Args={'value': 0, 'prev_value': None, 'change': True}
2022-10-12 07:48:03,702 : INFO : EventManager : Event: ======'machine_var_audits_switches_s_back_stationary'====== Args={'value': 0, 'prev_value': None, 'change': True}
2022-10-12 07:48:03,702 : INFO : EventManager : Event: ======'machine_var_audits_switches_s_bot_back'====== Args={'value': 0, 'prev_value': None, 'change': True}
2022-10-12 07:48:03,703 : INFO : EventManager : Event: ======'machine_var_audits_switches_s_bot_big'====== Args={'value': 2, 'prev_value': None, 'change': True}
2022-10-12 07:48:03,703 : INFO : EventManager : Event: ======'machine_var_audits_switches_s_bot_left'====== Args={'value': 0, 'prev_value': None, 'change': True}
2022-10-12 07:48:03,703 : INFO : EventManager : Event: ======'machine_var_audits_switches_s_bot_right'====== Args={'value': 1, 'prev_value': None, 'change': True}
2022-10-12 07:48:03,703 : INFO : EventManager : Event: ======'machine_var_audits_switches_s_bot_rollover'====== Args={'value': 0, 'prev_value': None, 'change': True}
2022-10-12 07:48:03,703 : INFO : EventManager : Event: ======'machine_var_audits_switches_s_bot_vuk'====== Args={'value': 2, 'prev_value': None, 'change': True}
2022-10-12 07:48:03,703 : INFO : EventManager : Event: ======'machine_var_audits_switches_s_drop_mid_left'====== Args={'value': 76, 'prev_value': None, 'change': True}
2022-10-12 07:48:03,703 : INFO : EventManager : Event: ======'machine_var_audits_switches_s_drop_mid_mid'====== Args={'value': 85, 'prev_value': None, 'change': True}
2022-10-12 07:48:03,704 : INFO : EventManager : Event: ======'machine_var_audits_switches_s_drop_mid_right'====== Args={'value': 7, 'prev_value': None, 'change': True}
2022-10-12 07:48:03,704 : INFO : EventManager : Event: ======'machine_var_audits_switches_s_drop_right_left'====== Args={'value': 24, 'prev_value': None, 'change': True}
2022-10-12 07:48:03,704 : INFO : EventManager : Event: ======'machine_var_audits_switches_s_drop_right_right'====== Args={'value': 61, 'prev_value': None, 'change': True}
2022-10-12 07:48:03,704 : INFO : EventManager : Event: ======'machine_var_audits_switches_s_drop_single'====== Args={'value': 41, 'prev_value': None, 'change': True}
2022-10-12 07:48:03,704 : INFO : EventManager : Event: ======'machine_var_audits_switches_s_eos_left'====== Args={'value': 71, 'prev_value': None, 'change': True}
2022-10-12 07:48:03,704 : INFO : EventManager : Event: ======'machine_var_audits_switches_s_eos_left_top'====== Args={'value': 945, 'prev_value': None, 'change': True}
2022-10-12 07:48:03,705 : INFO : EventManager : Event: ======'machine_var_audits_switches_s_eos_right'====== Args={'value': 96, 'prev_value': None, 'change': True}
2022-10-12 07:48:03,705 : INFO : EventManager : Event: ======'machine_var_audits_switches_s_launch'====== Args={'value': 59, 'prev_value': None, 'change': True}
2022-10-12 07:48:03,705 : INFO : EventManager : Event: ======'machine_var_audits_switches_s_left_flipper'====== Args={'value': 1048, 'prev_value': None, 'change': True}
2022-10-12 07:48:03,705 : INFO : EventManager : Event: ======'machine_var_audits_switches_s_left_inlane'====== Args={'value': 25, 'prev_value': None, 'change': True}
2022-10-12 07:48:03,705 : INFO : EventManager : Event: ======'machine_var_audits_switches_s_left_outlane'====== Args={'value': 5, 'prev_value': None, 'change': True}
2022-10-12 07:48:03,705 : INFO : EventManager : Event: ======'machine_var_audits_switches_s_pop_left'====== Args={'value': 165, 'prev_value': None, 'change': True}
2022-10-12 07:48:03,706 : INFO : EventManager : Event: ======'machine_var_audits_switches_s_pop_lower'====== Args={'value': 256, 'prev_value': None, 'change': True}
2022-10-12 07:48:03,706 : INFO : EventManager : Event: ======'machine_var_audits_switches_s_pop_right'====== Args={'value': 341, 'prev_value': None, 'change': True}
2022-10-12 07:48:03,706 : INFO : EventManager : Event: ======'machine_var_audits_switches_s_right_flipper'====== Args={'value': 1014, 'prev_value': None, 'change': True}
2022-10-12 07:48:03,706 : INFO : EventManager : Event: ======'machine_var_audits_switches_s_right_inlane'====== Args={'value': 0, 'prev_value': None, 'change': True}
2022-10-12 07:48:03,706 : INFO : EventManager : Event: ======'machine_var_audits_switches_s_right_outlane'====== Args={'value': 79, 'prev_value': None, 'change': True}
2022-10-12 07:48:03,707 : INFO : EventManager : Event: ======'machine_var_audits_switches_s_rollover_left'====== Args={'value': 71, 'prev_value': None, 'change': True}
2022-10-12 07:48:03,707 : INFO : EventManager : Event: ======'machine_var_audits_switches_s_rollover_right'====== Args={'value': 46, 'prev_value': None, 'change': True}
2022-10-12 07:48:03,707 : INFO : EventManager : Event: ======'machine_var_audits_switches_s_sling_left'====== Args={'value': 42, 'prev_value': None, 'change': True}
2022-10-12 07:48:03,707 : INFO : EventManager : Event: ======'machine_var_audits_switches_s_sling_right'====== Args={'value': 136, 'prev_value': None, 'change': True}
2022-10-12 07:48:03,707 : INFO : EventManager : Event: ======'machine_var_audits_switches_s_start'====== Args={'value': 153, 'prev_value': None, 'change': True}
2022-10-12 07:48:03,708 : INFO : EventManager : Event: ======'machine_var_audits_switches_s_tilt'====== Args={'value': 126, 'prev_value': None, 'change': True}
2022-10-12 07:48:03,708 : INFO : EventManager : Event: ======'machine_var_audits_switches_s_transfer_rollover'====== Args={'value': 3, 'prev_value': None, 'change': True}
2022-10-12 07:48:03,708 : INFO : EventManager : Event: ======'machine_var_audits_switches_s_trough_1'====== Args={'value': 57, 'prev_value': None, 'change': True}
2022-10-12 07:48:03,709 : INFO : EventManager : Event: ======'machine_var_audits_switches_s_trough_2'====== Args={'value': 201, 'prev_value': None, 'change': True}
2022-10-12 07:48:03,709 : INFO : EventManager : Event: ======'machine_var_audits_switches_s_trough_3'====== Args={'value': 103, 'prev_value': None, 'change': True}
2022-10-12 07:48:03,709 : INFO : EventManager : Event: ======'machine_var_audits_switches_s_trough_4'====== Args={'value': 105, 'prev_value': None, 'change': True}
2022-10-12 07:48:03,709 : INFO : EventManager : Event: ======'machine_var_audits_switches_s_trough_5'====== Args={'value': 110, 'prev_value': None, 'change': True}
2022-10-12 07:48:03,709 : INFO : EventManager : Event: ======'machine_var_audits_switches_s_trough_6'====== Args={'value': 187, 'prev_value': None, 'change': True}
2022-10-12 07:48:03,710 : INFO : EventManager : Event: ======'machine_var_audits_switches_s_trough_jam'====== Args={'value': 108, 'prev_value': None, 'change': True}
2022-10-12 07:48:03,710 : INFO : EventManager : Event: ======'machine_var_audits_switches_s_upper_drop'====== Args={'value': 0, 'prev_value': None, 'change': True}
2022-10-12 07:48:03,710 : INFO : EventManager : Event: ======'machine_var_audits_switches_s_upper_rollover'====== Args={'value': 10, 'prev_value': None, 'change': True}
2022-10-12 07:48:03,710 : INFO : EventManager : Event: ======'machine_var_audits_switches_s_upper_stationary'====== Args={'value': 12, 'prev_value': None, 'change': True}
2022-10-12 07:48:03,711 : INFO : EventManager : Event: ======'machine_var_audits_switches_s_vuk_back'====== Args={'value': 1, 'prev_value': None, 'change': True}
2022-10-12 07:48:03,711 : INFO : EventManager : Event: ======'machine_var_audits_switches_s_vuk_right'====== Args={'value': 3, 'prev_value': None, 'change': True}
2022-10-12 07:48:03,711 : INFO : EventManager : Event: ======'machine_var_audits_switches_s_vuk_top'====== Args={'value': 29, 'prev_value': None, 'change': True}
2022-10-12 07:48:03,712 : INFO : EventManager : Event: ======'init_phase_5'====== Args={}
2022-10-12 07:48:03,757 : INFO : EventManager : Event: ======'init_done'====== Args={}
2022-10-12 07:48:03,758 : INFO : EventManager : Event: ======'machine_reset_phase_1'====== Args={}
2022-10-12 07:48:03,758 : INFO : EventManager : Event: ======'machine_reset_phase_2'====== Args={}
2022-10-12 07:48:03,759 : INFO : EventManager : Event: ======'machine_reset_phase_3'====== Args={}
2022-10-12 07:48:03,759 : INFO : EventManager : Event: ======'mode_tilt_will_start'====== Args={'queue': <QueuedEvent>}
2022-10-12 07:48:03,760 : INFO : EventManager : Event: ======'mode_tilt_starting'====== Args={'queue': <QueuedEvent>}
2022-10-12 07:48:03,760 : INFO : drop_target_bank.mid : All targets are already up. Will not reset bank.
2022-10-12 07:48:03,760 : INFO : drop_target_bank.right : All targets are already up. Will not reset bank.
2022-10-12 07:48:03,761 : INFO : Mode.tilt : Started. Priority: 1000000
2022-10-12 07:48:03,761 : INFO : EventManager : Event: ======'modes_active_modes_changed'====== Args={}
2022-10-12 07:48:03,761 : INFO : EventManager : Event: ======'mode_tilt_started'====== Args={'queue': <QueuedEvent>}
2022-10-12 07:48:03,761 : INFO : EventManager : Event: ======'reset_complete'====== Args={}
2022-10-12 07:48:03,762 : INFO : EventManager : Event: ======'mode_attract_will_start'====== Args={}
2022-10-12 07:48:03,762 : INFO : EventManager : Event: ======'mode_attract_starting'====== Args={}
2022-10-12 07:48:03,762 : INFO : Mode.attract : Started. Priority: 10
2022-10-12 07:48:03,762 : INFO : EventManager : Event: ======'modes_active_modes_changed'====== Args={}
2022-10-12 07:48:03,762 : INFO : EventManager : Event: ======'mode_attract_started'====== Args={}
2022-10-12 07:48:03,762 : INFO : EventManager : Event: ======'collecting_balls_complete'====== Args={}
2022-10-12 07:48:03,803 : INFO : Machine : Starting the main run loop.
2022-10-12 07:48:03,856 : INFO : BcpServer : New client connected.
2022-10-12 07:48:03,900 : INFO : SwitchController : <<<<<<< 's_left_flipper' active >>>>>>>
2022-10-12 07:48:04,137 : INFO : SwitchController : <<<<<<< 's_left_flipper' inactive >>>>>>>
2022-10-12 07:48:09,230 : INFO : SwitchController : <<<<<<< 's_left_flipper' active >>>>>>>
2022-10-12 07:48:09,262 : INFO : SwitchController : <<<<<<< 's_eos_left_top' active >>>>>>>
2022-10-12 07:48:09,860 : INFO : SwitchController : <<<<<<< 's_left_flipper' inactive >>>>>>>
2022-10-12 07:48:09,971 : INFO : SwitchController : <<<<<<< 's_eos_left_top' inactive >>>>>>>
2022-10-12 07:48:10,621 : INFO : SwitchController : <<<<<<< 's_right_flipper' active >>>>>>>
2022-10-12 07:48:10,831 : INFO : SwitchController : <<<<<<< 's_right_flipper' inactive >>>>>>>
2022-10-12 07:48:10,890 : INFO : SwitchController : <<<<<<< 's_left_flipper' active >>>>>>>
2022-10-12 07:48:10,911 : INFO : SwitchController : <<<<<<< 's_eos_left_top' active >>>>>>>
2022-10-12 07:48:11,142 : INFO : SwitchController : <<<<<<< 's_right_flipper' active >>>>>>>
2022-10-12 07:48:11,142 : INFO : EventManager : Event: ======'flipper_cancel'====== Args={'triggering_group': 2, 'triggering_switch': 's_right_flipper'}
2022-10-12 07:48:11,412 : INFO : SwitchController : <<<<<<< 's_right_flipper' inactive >>>>>>>
2022-10-12 07:48:11,412 : INFO : EventManager : Event: ======'both_flippers_one'====== Args={'triggering_group': 2, 'triggering_switch': 's_right_flipper'}
2022-10-12 07:48:11,505 : INFO : SwitchController : <<<<<<< 's_left_flipper' inactive >>>>>>>
2022-10-12 07:48:11,505 : INFO : EventManager : Event: ======'both_flippers_inactive'====== Args={'triggering_group': 1, 'triggering_switch': 's_left_flipper'}
2022-10-12 07:48:11,585 : INFO : SwitchController : <<<<<<< 's_eos_left_top' inactive >>>>>>>
2022-10-12 07:48:11,792 : INFO : SwitchController : <<<<<<< 's_left_flipper' active >>>>>>>
2022-10-12 07:48:11,811 : INFO : SwitchController : <<<<<<< 's_eos_left_top' active >>>>>>>
2022-10-12 07:48:12,045 : INFO : SwitchController : <<<<<<< 's_left_flipper' inactive >>>>>>>
2022-10-12 07:48:12,107 : INFO : SwitchController : <<<<<<< 's_right_flipper' active >>>>>>>
2022-10-12 07:48:12,139 : INFO : SwitchController : <<<<<<< 's_eos_left_top' inactive >>>>>>>
2022-10-12 07:48:12,328 : INFO : SwitchController : <<<<<<< 's_right_flipper' inactive >>>>>>>
2022-10-12 07:48:12,550 : INFO : SwitchController : <<<<<<< 's_right_flipper' active >>>>>>>
2022-10-12 07:48:12,740 : INFO : SwitchController : <<<<<<< 's_right_flipper' inactive >>>>>>>
2022-10-12 07:48:12,945 : INFO : SwitchController : <<<<<<< 's_right_flipper' active >>>>>>>
2022-10-12 07:48:13,244 : INFO : SwitchController : <<<<<<< 's_right_flipper' inactive >>>>>>>
2022-10-12 07:48:44,034 : INFO : SwitchController : <<<<<<< 's_left_flipper' active >>>>>>>
2022-10-12 07:48:44,065 : INFO : SwitchController : <<<<<<< 's_eos_left_top' active >>>>>>>
2022-10-12 07:48:44,476 : INFO : SwitchController : <<<<<<< 's_left_flipper' inactive >>>>>>>
2022-10-12 07:48:44,570 : INFO : SwitchController : <<<<<<< 's_eos_left_top' inactive >>>>>>>
2022-10-12 07:48:45,548 : INFO : SwitchController : <<<<<<< 's_right_flipper' active >>>>>>>
2022-10-12 07:48:45,850 : INFO : SwitchController : <<<<<<< 's_right_flipper' inactive >>>>>>>
2022-10-12 07:48:45,911 : INFO : SwitchController : <<<<<<< 's_left_flipper' active >>>>>>>
2022-10-12 07:48:45,943 : INFO : SwitchController : <<<<<<< 's_eos_left_top' active >>>>>>>
2022-10-12 07:48:46,227 : INFO : SwitchController : <<<<<<< 's_right_flipper' active >>>>>>>
2022-10-12 07:48:46,228 : INFO : EventManager : Event: ======'flipper_cancel'====== Args={'triggering_group': 2, 'triggering_switch': 's_right_flipper'}
2022-10-12 07:48:46,260 : INFO : SwitchController : <<<<<<< 's_left_flipper' inactive >>>>>>>
2022-10-12 07:48:46,260 : INFO : EventManager : Event: ======'both_flippers_one'====== Args={'triggering_group': 1, 'triggering_switch': 's_left_flipper'}
2022-10-12 07:48:46,354 : INFO : SwitchController : <<<<<<< 's_eos_left_top' inactive >>>>>>>
2022-10-12 07:48:46,465 : INFO : SwitchController : <<<<<<< 's_right_flipper' inactive >>>>>>>
2022-10-12 07:48:46,465 : INFO : EventManager : Event: ======'both_flippers_inactive'====== Args={'triggering_group': 2, 'triggering_switch': 's_right_flipper'}
2022-10-12 07:48:46,639 : INFO : SwitchController : <<<<<<< 's_left_flipper' active >>>>>>>
2022-10-12 07:48:46,658 : INFO : SwitchController : <<<<<<< 's_right_flipper' active >>>>>>>
2022-10-12 07:48:46,658 : INFO : EventManager : Event: ======'flipper_cancel'====== Args={'triggering_group': 2, 'triggering_switch': 's_right_flipper'}
2022-10-12 07:48:46,671 : INFO : SwitchController : <<<<<<< 's_eos_left_top' active >>>>>>>
2022-10-12 07:48:46,813 : INFO : SwitchController : <<<<<<< 's_right_flipper' inactive >>>>>>>
2022-10-12 07:48:46,813 : INFO : EventManager : Event: ======'both_flippers_one'====== Args={'triggering_group': 2, 'triggering_switch': 's_right_flipper'}
2022-10-12 07:48:46,909 : INFO : SwitchController : <<<<<<< 's_left_flipper' inactive >>>>>>>
2022-10-12 07:48:46,909 : INFO : EventManager : Event: ======'both_flippers_inactive'====== Args={'triggering_group': 1, 'triggering_switch': 's_left_flipper'}
2022-10-12 07:48:47,004 : INFO : SwitchController : <<<<<<< 's_eos_left_top' inactive >>>>>>>
2022-10-12 07:48:48,252 : INFO : SwitchController : <<<<<<< 's_left_flipper' active >>>>>>>
2022-10-12 07:48:48,267 : INFO : SwitchController : <<<<<<< 's_eos_left_top' active >>>>>>>
2022-10-12 07:48:48,283 : INFO : SwitchController : <<<<<<< 's_right_flipper' active >>>>>>>
2022-10-12 07:48:48,284 : INFO : EventManager : Event: ======'flipper_cancel'====== Args={'triggering_group': 2, 'triggering_switch': 's_right_flipper'}
2022-10-12 07:48:48,284 : INFO : SwitchController : <<<<<<< 's_left_flipper' inactive >>>>>>>
2022-10-12 07:48:48,284 : INFO : EventManager : Event: ======'both_flippers_one'====== Args={'triggering_group': 1, 'triggering_switch': 's_left_flipper'}
2022-10-12 07:48:48,395 : INFO : SwitchController : <<<<<<< 's_eos_left_top' inactive >>>>>>>
2022-10-12 07:48:48,414 : INFO : SwitchController : <<<<<<< 's_right_flipper' inactive >>>>>>>
2022-10-12 07:48:48,414 : INFO : EventManager : Event: ======'both_flippers_inactive'====== Args={'triggering_group': 2, 'triggering_switch': 's_right_flipper'}
2022-10-12 07:48:48,602 : INFO : SwitchController : <<<<<<< 's_right_flipper' active >>>>>>>
2022-10-12 07:48:48,742 : INFO : SwitchController : <<<<<<< 's_right_flipper' inactive >>>>>>>
2022-10-12 07:48:49,010 : INFO : SwitchController : <<<<<<< 's_right_flipper' active >>>>>>>
2022-10-12 07:48:49,325 : INFO : SwitchController : <<<<<<< 's_right_flipper' inactive >>>>>>>
2022-10-12 07:48:49,928 : INFO : SwitchController : <<<<<<< 's_right_flipper' active >>>>>>>
2022-10-12 07:48:50,067 : INFO : SwitchController : <<<<<<< 's_right_flipper' inactive >>>>>>>
2022-10-12 07:48:52,532 : INFO : SwitchController : <<<<<<< 's_right_flipper' active >>>>>>>
2022-10-12 07:48:52,674 : INFO : SwitchController : <<<<<<< 's_right_flipper' inactive >>>>>>>
2022-10-12 07:48:53,807 : INFO : SwitchController : <<<<<<< 's_right_flipper' active >>>>>>>
2022-10-12 07:48:53,901 : INFO : SwitchController : <<<<<<< 's_right_flipper' inactive >>>>>>>
2022-10-12 07:48:55,117 : INFO : SwitchController : <<<<<<< 's_right_flipper' active >>>>>>>
2022-10-12 07:48:55,321 : INFO : SwitchController : <<<<<<< 's_right_flipper' inactive >>>>>>>
2022-10-12 07:48:55,340 : INFO : SwitchController : <<<<<<< 's_right_flipper' active >>>>>>>
2022-10-12 07:48:55,341 : INFO : SwitchController : <<<<<<< 's_right_flipper' inactive >>>>>>>
2022-10-12 07:48:55,341 : INFO : SwitchController : <<<<<<< 's_drop_mid_right' active >>>>>>>
2022-10-12 07:48:55,341 : INFO : EventManager : Event: ======'playfield_active'====== Args={}
2022-10-12 07:48:55,341 : INFO : EventManager : Event: ======'unexpected_ball_on_playfield'====== Args={}
2022-10-12 07:48:55,341 : INFO : EventManager : Event: ======'drop_target_mid_right_down'====== Args={'device': <drop_target.mid_right>}
2022-10-12 07:48:55,342 : INFO : EventManager : Event: ======'drop_target_bank_mid_mixed'====== Args={'prev_value': <DropTargetBankState.UP: 'up'>, 'down': 1}
2022-10-12 07:48:56,060 : INFO : SwitchController : <<<<<<< 's_left_inlane' active >>>>>>>
2022-10-12 07:48:56,060 : INFO : EventManager : Event: ======'sw_playfield_active'====== Args={}
2022-10-12 07:48:56,061 : INFO : EventManager : Event: ======'playfield_active'====== Args={}
2022-10-12 07:48:56,061 : INFO : EventManager : Event: ======'unexpected_ball_on_playfield'====== Args={}
2022-10-12 07:48:56,094 : INFO : SwitchController : <<<<<<< 's_left_inlane' inactive >>>>>>>
2022-10-12 07:48:57,642 : INFO : SwitchController : <<<<<<< 's_left_flipper' active >>>>>>>
2022-10-12 07:48:57,661 : INFO : SwitchController : <<<<<<< 's_eos_left_top' active >>>>>>>
2022-10-12 07:48:57,785 : INFO : SwitchController : <<<<<<< 's_left_flipper' inactive >>>>>>>
2022-10-12 07:48:57,879 : INFO : SwitchController : <<<<<<< 's_eos_left_top' inactive >>>>>>>
2022-10-12 07:48:58,871 : INFO : SwitchController : <<<<<<< 's_left_flipper' active >>>>>>>
2022-10-12 07:48:58,888 : INFO : SwitchController : <<<<<<< 's_eos_left_top' active >>>>>>>
2022-10-12 07:48:58,979 : INFO : SwitchController : <<<<<<< 's_left_flipper' inactive >>>>>>>
2022-10-12 07:48:59,075 : INFO : SwitchController : <<<<<<< 's_eos_left_top' inactive >>>>>>>
2022-10-12 07:48:59,201 : INFO : SwitchController : <<<<<<< 's_pop_right' active >>>>>>>
2022-10-12 07:48:59,232 : INFO : SwitchController : <<<<<<< 's_pop_right' inactive >>>>>>>
2022-10-12 07:49:00,108 : INFO : SwitchController : <<<<<<< 's_right_flipper' active >>>>>>>
2022-10-12 07:49:00,520 : INFO : SwitchController : <<<<<<< 's_right_flipper' inactive >>>>>>>
2022-10-12 07:49:00,944 : INFO : SwitchController : <<<<<<< 's_left_flipper' active >>>>>>>
2022-10-12 07:49:00,975 : INFO : SwitchController : <<<<<<< 's_eos_left_top' active >>>>>>>
2022-10-12 07:49:01,119 : INFO : SwitchController : <<<<<<< 's_left_flipper' inactive >>>>>>>
2022-10-12 07:49:01,213 : INFO : SwitchController : <<<<<<< 's_eos_left_top' inactive >>>>>>>
2022-10-12 07:49:01,672 : INFO : SwitchController : <<<<<<< 's_left_flipper' active >>>>>>>
2022-10-12 07:49:01,704 : INFO : SwitchController : <<<<<<< 's_eos_left_top' active >>>>>>>
2022-10-12 07:49:01,862 : INFO : SwitchController : <<<<<<< 's_left_flipper' inactive >>>>>>>
2022-10-12 07:49:01,894 : INFO : SwitchController : <<<<<<< 's_pop_right' active >>>>>>>
2022-10-12 07:49:01,913 : INFO : SwitchController : <<<<<<< 's_pop_right' inactive >>>>>>>
2022-10-12 07:49:01,957 : INFO : SwitchController : <<<<<<< 's_eos_left_top' inactive >>>>>>>
2022-10-12 07:49:02,445 : INFO : SwitchController : <<<<<<< 's_left_flipper' active >>>>>>>
2022-10-12 07:49:02,477 : INFO : SwitchController : <<<<<<< 's_eos_left_top' active >>>>>>>
2022-10-12 07:49:02,605 : INFO : SwitchController : <<<<<<< 's_left_flipper' inactive >>>>>>>
2022-10-12 07:49:02,697 : INFO : SwitchController : <<<<<<< 's_eos_left_top' inactive >>>>>>>
2022-10-12 07:49:04,505 : INFO : SwitchController : <<<<<<< 's_right_outlane' active >>>>>>>
2022-10-12 07:49:04,506 : INFO : EventManager : Event: ======'sw_playfield_active'====== Args={}
2022-10-12 07:49:04,506 : INFO : EventManager : Event: ======'playfield_active'====== Args={}
2022-10-12 07:49:04,506 : INFO : EventManager : Event: ======'unexpected_ball_on_playfield'====== Args={}
2022-10-12 07:49:04,584 : INFO : SwitchController : <<<<<<< 's_right_outlane' inactive >>>>>>>
2022-10-12 07:49:05,022 : INFO : SwitchController : <<<<<<< 's_right_flipper' active >>>>>>>
2022-10-12 07:49:05,212 : INFO : SwitchController : <<<<<<< 's_drop_mid_left' active >>>>>>>
2022-10-12 07:49:05,212 : INFO : EventManager : Event: ======'playfield_active'====== Args={}
2022-10-12 07:49:05,213 : INFO : EventManager : Event: ======'unexpected_ball_on_playfield'====== Args={}
2022-10-12 07:49:05,213 : INFO : EventManager : Event: ======'drop_target_mid_left_down'====== Args={'device': <drop_target.mid_left>}
2022-10-12 07:49:05,214 : INFO : EventManager : Event: ======'drop_target_bank_mid_mixed'====== Args={'prev_value': <DropTargetBankState.MIXED: 'mixed'>, 'down': 2}
2022-10-12 07:49:05,214 : INFO : SwitchController : <<<<<<< 's_drop_mid_mid' active >>>>>>>
2022-10-12 07:49:05,214 : INFO : EventManager : Event: ======'playfield_active'====== Args={}
2022-10-12 07:49:05,215 : INFO : EventManager : Event: ======'unexpected_ball_on_playfield'====== Args={}
2022-10-12 07:49:05,215 : INFO : EventManager : Event: ======'drop_target_mid_mid_down'====== Args={'device': <drop_target.mid_mid>}
2022-10-12 07:49:05,216 : INFO : EventManager : Event: ======'drop_target_bank_mid_down'====== Args={}
2022-10-12 07:49:05,260 : INFO : SwitchController : <<<<<<< 's_right_flipper' inactive >>>>>>>
2022-10-12 07:49:05,276 : INFO : SwitchController : <<<<<<< 's_drop_mid_mid' inactive >>>>>>>
2022-10-12 07:49:05,276 : INFO : EventManager : Event: ======'playfield_active'====== Args={}
2022-10-12 07:49:05,277 : INFO : EventManager : Event: ======'unexpected_ball_on_playfield'====== Args={}
2022-10-12 07:49:05,277 : INFO : EventManager : Event: ======'drop_target_mid_mid_up'====== Args={'device': <drop_target.mid_mid>}
2022-10-12 07:49:05,278 : INFO : EventManager : Event: ======'drop_target_bank_mid_mixed'====== Args={'prev_value': <DropTargetBankState.DOWN: 'down'>, 'down': 2}
2022-10-12 07:49:05,278 : INFO : SwitchController : <<<<<<< 's_drop_mid_mid' active >>>>>>>
2022-10-12 07:49:05,278 : INFO : EventManager : Event: ======'playfield_active'====== Args={}
2022-10-12 07:49:05,278 : INFO : EventManager : Event: ======'unexpected_ball_on_playfield'====== Args={}
2022-10-12 07:49:05,278 : INFO : EventManager : Event: ======'drop_target_mid_mid_down'====== Args={'device': <drop_target.mid_mid>}
2022-10-12 07:49:05,279 : INFO : EventManager : Event: ======'drop_target_bank_mid_down'====== Args={}
2022-10-12 07:49:06,211 : INFO : drop_target_bank.mid : 3 targets are down. Will reset those.
2022-10-12 07:49:06,211 : INFO : coil.c_drop_mid : Pulsing Driver for 50ms (0.7 pulse_power)
2022-10-12 07:49:06,272 : INFO : SwitchController : <<<<<<< 's_drop_mid_left' inactive >>>>>>>
2022-10-12 07:49:06,273 : INFO : SwitchController : <<<<<<< 's_drop_mid_right' inactive >>>>>>>
2022-10-12 07:49:06,277 : INFO : drop_target_bank.mid : 3 targets are down. Will reset those.
2022-10-12 07:49:06,278 : INFO : coil.c_drop_mid : Pulsing Driver for 50ms (0.7 pulse_power)
2022-10-12 07:49:06,279 : INFO : SwitchController : <<<<<<< 's_drop_mid_mid' inactive >>>>>>>
2022-10-12 07:49:06,669 : INFO : SwitchController : <<<<<<< 's_bot_big' active >>>>>>>
2022-10-12 07:49:06,701 : INFO : EventManager : Event: ======'drop_target_mid_right_up'====== Args={'device': <drop_target.mid_right>}
2022-10-12 07:49:06,701 : INFO : EventManager : Event: ======'drop_target_mid_left_up'====== Args={'device': <drop_target.mid_left>}
2022-10-12 07:49:06,780 : INFO : EventManager : Event: ======'drop_target_mid_mid_up'====== Args={'device': <drop_target.mid_mid>}
2022-10-12 07:49:06,781 : INFO : EventManager : Event: ======'drop_target_bank_mid_up'====== Args={}
2022-10-12 07:49:06,832 : INFO : SwitchController : <<<<<<< 's_bot_big' inactive >>>>>>>
2022-10-12 07:49:10,313 : INFO : SwitchController : <<<<<<< 's_right_flipper' active >>>>>>>
2022-10-12 07:49:10,440 : INFO : SwitchController : <<<<<<< 's_right_flipper' inactive >>>>>>>
2022-10-12 07:49:10,835 : INFO : SwitchController : <<<<<<< 's_right_flipper' active >>>>>>>
2022-10-12 07:49:10,942 : INFO : SwitchController : <<<<<<< 's_right_flipper' inactive >>>>>>>
2022-10-12 07:49:11,085 : INFO : SwitchController : <<<<<<< 's_drop_mid_right' active >>>>>>>
2022-10-12 07:49:11,085 : INFO : EventManager : Event: ======'playfield_active'====== Args={}
2022-10-12 07:49:11,086 : INFO : EventManager : Event: ======'unexpected_ball_on_playfield'====== Args={}
2022-10-12 07:49:11,086 : INFO : EventManager : Event: ======'drop_target_mid_right_down'====== Args={'device': <drop_target.mid_right>}
2022-10-12 07:49:11,087 : INFO : EventManager : Event: ======'drop_target_bank_mid_mixed'====== Args={'prev_value': <DropTargetBankState.UP: 'up'>, 'down': 1}
2022-10-12 07:49:11,953 : INFO : SwitchController : <<<<<<< 's_right_flipper' active >>>>>>>
2022-10-12 07:49:11,972 : INFO : SwitchController : <<<<<<< 's_right_flipper' inactive >>>>>>>
2022-10-12 07:49:12,160 : INFO : SwitchController : <<<<<<< 's_drop_mid_mid' active >>>>>>>
2022-10-12 07:49:12,160 : INFO : EventManager : Event: ======'playfield_active'====== Args={}
2022-10-12 07:49:12,161 : INFO : EventManager : Event: ======'unexpected_ball_on_playfield'====== Args={}
2022-10-12 07:49:12,161 : INFO : EventManager : Event: ======'drop_target_mid_mid_down'====== Args={'device': <drop_target.mid_mid>}
2022-10-12 07:49:12,161 : INFO : EventManager : Event: ======'drop_target_bank_mid_mixed'====== Args={'prev_value': <DropTargetBankState.MIXED: 'mixed'>, 'down': 2}
2022-10-12 07:49:12,162 : INFO : SwitchController : <<<<<<< 's_drop_mid_left' active >>>>>>>
2022-10-12 07:49:12,162 : INFO : EventManager : Event: ======'playfield_active'====== Args={}
2022-10-12 07:49:12,162 : INFO : EventManager : Event: ======'unexpected_ball_on_playfield'====== Args={}
2022-10-12 07:49:12,162 : INFO : EventManager : Event: ======'drop_target_mid_left_down'====== Args={'device': <drop_target.mid_left>}
2022-10-12 07:49:12,163 : INFO : EventManager : Event: ======'drop_target_bank_mid_down'====== Args={}
2022-10-12 07:49:13,151 : INFO : drop_target_bank.mid : 3 targets are down. Will reset those.
2022-10-12 07:49:13,151 : INFO : coil.c_drop_mid : Pulsing Driver for 50ms (0.7 pulse_power)
2022-10-12 07:49:13,215 : INFO : SwitchController : <<<<<<< 's_drop_mid_left' inactive >>>>>>>
2022-10-12 07:49:13,216 : INFO : SwitchController : <<<<<<< 's_drop_mid_right' inactive >>>>>>>
2022-10-12 07:49:13,216 : INFO : SwitchController : <<<<<<< 's_drop_mid_mid' inactive >>>>>>>
2022-10-12 07:49:13,531 : INFO : SwitchController : <<<<<<< 's_left_flipper' active >>>>>>>
2022-10-12 07:49:13,550 : INFO : SwitchController : <<<<<<< 's_eos_left_top' active >>>>>>>
2022-10-12 07:49:13,657 : INFO : EventManager : Event: ======'drop_target_mid_mid_up'====== Args={'device': <drop_target.mid_mid>}
2022-10-12 07:49:13,657 : INFO : EventManager : Event: ======'drop_target_mid_left_up'====== Args={'device': <drop_target.mid_left>}
2022-10-12 07:49:13,658 : INFO : EventManager : Event: ======'drop_target_bank_mid_mixed'====== Args={'prev_value': <DropTargetBankState.DOWN: 'down'>, 'down': 1}
2022-10-12 07:49:13,658 : INFO : EventManager : Event: ======'drop_target_mid_right_up'====== Args={'device': <drop_target.mid_right>}
2022-10-12 07:49:13,659 : INFO : EventManager : Event: ======'drop_target_bank_mid_up'====== Args={}
2022-10-12 07:49:13,944 : INFO : SwitchController : <<<<<<< 's_left_flipper' inactive >>>>>>>
2022-10-12 07:49:14,038 : INFO : SwitchController : <<<<<<< 's_eos_left_top' inactive >>>>>>>
2022-10-12 07:49:14,209 : INFO : SwitchController : <<<<<<< 's_left_flipper' active >>>>>>>
2022-10-12 07:49:14,228 : INFO : SwitchController : <<<<<<< 's_eos_left_top' active >>>>>>>
2022-10-12 07:49:14,541 : INFO : SwitchController : <<<<<<< 's_left_flipper' inactive >>>>>>>
2022-10-12 07:49:14,637 : INFO : SwitchController : <<<<<<< 's_eos_left_top' inactive >>>>>>>
2022-10-12 07:49:14,685 : INFO : SwitchController : <<<<<<< 's_left_flipper' active >>>>>>>
2022-10-12 07:49:14,704 : INFO : SwitchController : <<<<<<< 's_eos_left_top' active >>>>>>>
2022-10-12 07:49:14,952 : INFO : SwitchController : <<<<<<< 's_left_flipper' inactive >>>>>>>
2022-10-12 07:49:15,015 : INFO : SwitchController : <<<<<<< 's_left_flipper' active >>>>>>>
2022-10-12 07:49:15,455 : INFO : SwitchController : <<<<<<< 's_left_flipper' inactive >>>>>>>
2022-10-12 07:49:15,551 : INFO : SwitchController : <<<<<<< 's_eos_left_top' inactive >>>>>>>
2022-10-12 07:49:15,863 : INFO : SwitchController : <<<<<<< 's_left_flipper' active >>>>>>>
2022-10-12 07:49:15,882 : INFO : SwitchController : <<<<<<< 's_eos_left_top' active >>>>>>>
2022-10-12 07:49:16,337 : INFO : SwitchController : <<<<<<< 's_left_flipper' inactive >>>>>>>
2022-10-12 07:49:16,431 : INFO : SwitchController : <<<<<<< 's_eos_left_top' inactive >>>>>>>
2022-10-12 07:49:17,346 : INFO : SwitchController : <<<<<<< 's_right_flipper' active >>>>>>>
2022-10-12 07:49:17,502 : INFO : SwitchController : <<<<<<< 's_right_flipper' inactive >>>>>>>
2022-10-12 07:49:18,210 : INFO : SwitchController : <<<<<<< 's_trough_6' active >>>>>>>
2022-10-12 07:49:18,319 : INFO : SwitchController : <<<<<<< 's_trough_6' inactive >>>>>>>
2022-10-12 07:49:18,399 : INFO : SwitchController : <<<<<<< 's_trough_5' active >>>>>>>
2022-10-12 07:49:18,494 : INFO : SwitchController : <<<<<<< 's_trough_5' inactive >>>>>>>
2022-10-12 07:49:18,684 : INFO : SwitchController : <<<<<<< 's_trough_3' active >>>>>>>
2022-10-12 07:49:18,730 : INFO : SwitchController : <<<<<<< 's_trough_3' inactive >>>>>>>
2022-10-12 07:49:18,794 : INFO : SwitchController : <<<<<<< 's_trough_2' active >>>>>>>
2022-10-12 07:49:18,842 : INFO : SwitchController : <<<<<<< 's_trough_2' inactive >>>>>>>
2022-10-12 07:49:20,055 : INFO : SwitchController : <<<<<<< 's_left_flipper' active >>>>>>>
2022-10-12 07:49:20,086 : INFO : SwitchController : <<<<<<< 's_eos_left_top' active >>>>>>>
2022-10-12 07:49:20,181 : INFO : SwitchController : <<<<<<< 's_left_flipper' inactive >>>>>>>
2022-10-12 07:49:20,276 : INFO : SwitchController : <<<<<<< 's_eos_left_top' inactive >>>>>>>
2022-10-12 07:49:20,416 : INFO : SwitchController : <<<<<<< 's_left_flipper' active >>>>>>>
2022-10-12 07:49:20,448 : INFO : SwitchController : <<<<<<< 's_eos_left_top' active >>>>>>>
2022-10-12 07:49:20,543 : INFO : SwitchController : <<<<<<< 's_left_flipper' inactive >>>>>>>
2022-10-12 07:49:20,653 : INFO : SwitchController : <<<<<<< 's_eos_left_top' inactive >>>>>>>
2022-10-12 07:49:20,765 : INFO : SwitchController : <<<<<<< 's_left_flipper' active >>>>>>>
2022-10-12 07:49:20,796 : INFO : SwitchController : <<<<<<< 's_eos_left_top' active >>>>>>>
2022-10-12 07:49:20,831 : INFO : SwitchController : <<<<<<< 's_right_flipper' active >>>>>>>
2022-10-12 07:49:20,832 : INFO : EventManager : Event: ======'flipper_cancel'====== Args={'triggering_group': 2, 'triggering_switch': 's_right_flipper'}
2022-10-12 07:49:20,844 : INFO : SwitchController : <<<<<<< 's_right_flipper' inactive >>>>>>>
2022-10-12 07:49:20,844 : INFO : EventManager : Event: ======'both_flippers_one'====== Args={'triggering_group': 2, 'triggering_switch': 's_right_flipper'}
2022-10-12 07:49:20,845 : INFO : SwitchController : <<<<<<< 's_right_flipper' active >>>>>>>
2022-10-12 07:49:20,845 : INFO : EventManager : Event: ======'flipper_cancel'====== Args={'triggering_group': 2, 'triggering_switch': 's_right_flipper'}
2022-10-12 07:49:20,845 : INFO : SwitchController : <<<<<<< 's_right_flipper' inactive >>>>>>>
2022-10-12 07:49:20,845 : INFO : EventManager : Event: ======'both_flippers_one'====== Args={'triggering_group': 2, 'triggering_switch': 's_right_flipper'}
2022-10-12 07:49:20,860 : INFO : SwitchController : <<<<<<< 's_right_flipper' active >>>>>>>
2022-10-12 07:49:20,860 : INFO : EventManager : Event: ======'flipper_cancel'====== Args={'triggering_group': 2, 'triggering_switch': 's_right_flipper'}
2022-10-12 07:49:21,099 : INFO : SwitchController : <<<<<<< 's_left_flipper' inactive >>>>>>>
2022-10-12 07:49:21,099 : INFO : EventManager : Event: ======'both_flippers_one'====== Args={'triggering_group': 1, 'triggering_switch': 's_left_flipper'}
2022-10-12 07:49:21,191 : INFO : SwitchController : <<<<<<< 's_eos_left_top' inactive >>>>>>>
2022-10-12 07:49:21,211 : INFO : SwitchController : <<<<<<< 's_right_flipper' inactive >>>>>>>
2022-10-12 07:49:21,211 : INFO : EventManager : Event: ======'both_flippers_inactive'====== Args={'triggering_group': 2, 'triggering_switch': 's_right_flipper'}
2022-10-12 07:49:21,586 : INFO : SwitchController : <<<<<<< 's_right_flipper' active >>>>>>>
2022-10-12 07:49:21,606 : INFO : SwitchController : <<<<<<< 's_right_flipper' inactive >>>>>>>
2022-10-12 07:49:21,607 : INFO : SwitchController : <<<<<<< 's_left_flipper' active >>>>>>>
2022-10-12 07:49:21,607 : INFO : SwitchController : <<<<<<< 's_right_flipper' active >>>>>>>
2022-10-12 07:49:21,607 : INFO : EventManager : Event: ======'flipper_cancel'====== Args={'triggering_group': 2, 'triggering_switch': 's_right_flipper'}
2022-10-12 07:49:21,632 : INFO : SwitchController : <<<<<<< 's_eos_left_top' active >>>>>>>
2022-10-12 07:49:21,651 : INFO : SwitchController : <<<<<<< 's_right_flipper' inactive >>>>>>>
2022-10-12 07:49:21,651 : INFO : EventManager : Event: ======'both_flippers_one'====== Args={'triggering_group': 2, 'triggering_switch': 's_right_flipper'}
2022-10-12 07:49:21,655 : INFO : SwitchController : <<<<<<< 's_right_flipper' active >>>>>>>
2022-10-12 07:49:21,655 : INFO : EventManager : Event: ======'flipper_cancel'====== Args={'triggering_group': 2, 'triggering_switch': 's_right_flipper'}
2022-10-12 07:49:21,774 : INFO : SwitchController : <<<<<<< 's_left_flipper' inactive >>>>>>>
2022-10-12 07:49:21,774 : INFO : EventManager : Event: ======'both_flippers_one'====== Args={'triggering_group': 1, 'triggering_switch': 's_left_flipper'}
2022-10-12 07:49:21,870 : INFO : SwitchController : <<<<<<< 's_eos_left_top' inactive >>>>>>>
2022-10-12 07:49:22,043 : INFO : SwitchController : <<<<<<< 's_left_flipper' active >>>>>>>
2022-10-12 07:49:22,043 : INFO : EventManager : Event: ======'flipper_cancel'====== Args={'triggering_group': 1, 'triggering_switch': 's_left_flipper'}
2022-10-12 07:49:22,074 : INFO : SwitchController : <<<<<<< 's_eos_left_top' active >>>>>>>
2022-10-12 07:49:22,094 : INFO : SwitchController : <<<<<<< 's_right_flipper' inactive >>>>>>>
2022-10-12 07:49:22,094 : INFO : EventManager : Event: ======'both_flippers_one'====== Args={'triggering_group': 2, 'triggering_switch': 's_right_flipper'}
2022-10-12 07:49:22,094 : INFO : SwitchController : <<<<<<< 's_right_flipper' active >>>>>>>
2022-10-12 07:49:22,094 : INFO : EventManager : Event: ======'flipper_cancel'====== Args={'triggering_group': 2, 'triggering_switch': 's_right_flipper'}
2022-10-12 07:49:22,095 : INFO : SwitchController : <<<<<<< 's_right_flipper' inactive >>>>>>>
2022-10-12 07:49:22,095 : INFO : EventManager : Event: ======'both_flippers_one'====== Args={'triggering_group': 2, 'triggering_switch': 's_right_flipper'}
2022-10-12 07:49:22,106 : INFO : SwitchController : <<<<<<< 's_right_flipper' active >>>>>>>
2022-10-12 07:49:22,107 : INFO : EventManager : Event: ======'flipper_cancel'====== Args={'triggering_group': 2, 'triggering_switch': 's_right_flipper'}
2022-10-12 07:49:22,107 : INFO : SwitchController : <<<<<<< 's_right_flipper' inactive >>>>>>>
2022-10-12 07:49:22,107 : INFO : EventManager : Event: ======'both_flippers_one'====== Args={'triggering_group': 2, 'triggering_switch': 's_right_flipper'}
2022-10-12 07:49:22,201 : INFO : SwitchController : <<<<<<< 's_left_flipper' inactive >>>>>>>
2022-10-12 07:49:22,201 : INFO : EventManager : Event: ======'both_flippers_inactive'====== Args={'triggering_group': 1, 'triggering_switch': 's_left_flipper'}
2022-10-12 07:49:22,297 : INFO : SwitchController : <<<<<<< 's_eos_left_top' inactive >>>>>>>
2022-10-12 07:49:22,470 : INFO : SwitchController : <<<<<<< 's_left_flipper' active >>>>>>>
2022-10-12 07:49:22,488 : INFO : SwitchController : <<<<<<< 's_eos_left_top' active >>>>>>>
2022-10-12 07:49:22,517 : INFO : SwitchController : <<<<<<< 's_right_flipper' active >>>>>>>
2022-10-12 07:49:22,517 : INFO : EventManager : Event: ======'flipper_cancel'====== Args={'triggering_group': 2, 'triggering_switch': 's_right_flipper'}
2022-10-12 07:49:22,518 : INFO : SwitchController : <<<<<<< 's_right_flipper' inactive >>>>>>>
2022-10-12 07:49:22,518 : INFO : EventManager : Event: ======'both_flippers_one'====== Args={'triggering_group': 2, 'triggering_switch': 's_right_flipper'}
2022-10-12 07:49:22,533 : INFO : SwitchController : <<<<<<< 's_right_flipper' active >>>>>>>
2022-10-12 07:49:22,534 : INFO : EventManager : Event: ======'flipper_cancel'====== Args={'triggering_group': 2, 'triggering_switch': 's_right_flipper'}
2022-10-12 07:49:22,534 : INFO : SwitchController : <<<<<<< 's_right_flipper' inactive >>>>>>>
2022-10-12 07:49:22,534 : INFO : EventManager : Event: ======'both_flippers_one'====== Args={'triggering_group': 2, 'triggering_switch': 's_right_flipper'}
2022-10-12 07:49:22,565 : INFO : SwitchController : <<<<<<< 's_right_flipper' active >>>>>>>
2022-10-12 07:49:22,565 : INFO : EventManager : Event: ======'flipper_cancel'====== Args={'triggering_group': 2, 'triggering_switch': 's_right_flipper'}
2022-10-12 07:49:22,581 : INFO : SwitchController : <<<<<<< 's_right_flipper' inactive >>>>>>>
2022-10-12 07:49:22,581 : INFO : EventManager : Event: ======'both_flippers_one'====== Args={'triggering_group': 2, 'triggering_switch': 's_right_flipper'}
2022-10-12 07:49:22,582 : INFO : SwitchController : <<<<<<< 's_right_flipper' active >>>>>>>
2022-10-12 07:49:22,582 : INFO : EventManager : Event: ======'flipper_cancel'====== Args={'triggering_group': 2, 'triggering_switch': 's_right_flipper'}
2022-10-12 07:49:22,582 : INFO : SwitchController : <<<<<<< 's_right_flipper' inactive >>>>>>>
2022-10-12 07:49:22,583 : INFO : EventManager : Event: ======'both_flippers_one'====== Args={'triggering_group': 2, 'triggering_switch': 's_right_flipper'}
2022-10-12 07:49:23,006 : INFO : SwitchController : <<<<<<< 's_left_flipper' inactive >>>>>>>
2022-10-12 07:49:23,006 : INFO : EventManager : Event: ======'both_flippers_inactive'====== Args={'triggering_group': 1, 'triggering_switch': 's_left_flipper'}
2022-10-12 07:49:23,101 : INFO : SwitchController : <<<<<<< 's_eos_left_top' inactive >>>>>>>
2022-10-12 07:49:23,212 : INFO : SwitchController : <<<<<<< 's_left_flipper' active >>>>>>>
2022-10-12 07:49:23,227 : INFO : SwitchController : <<<<<<< 's_eos_left_top' active >>>>>>>
2022-10-12 07:49:23,259 : INFO : SwitchController : <<<<<<< 's_right_flipper' active >>>>>>>
2022-10-12 07:49:23,259 : INFO : EventManager : Event: ======'flipper_cancel'====== Args={'triggering_group': 2, 'triggering_switch': 's_right_flipper'}
2022-10-12 07:49:23,275 : INFO : SwitchController : <<<<<<< 's_right_flipper' inactive >>>>>>>
2022-10-12 07:49:23,275 : INFO : EventManager : Event: ======'both_flippers_one'====== Args={'triggering_group': 2, 'triggering_switch': 's_right_flipper'}
2022-10-12 07:49:23,291 : INFO : SwitchController : <<<<<<< 's_right_flipper' active >>>>>>>
2022-10-12 07:49:23,291 : INFO : EventManager : Event: ======'flipper_cancel'====== Args={'triggering_group': 2, 'triggering_switch': 's_right_flipper'}
2022-10-12 07:49:23,307 : INFO : SwitchController : <<<<<<< 's_right_flipper' inactive >>>>>>>
2022-10-12 07:49:23,307 : INFO : EventManager : Event: ======'both_flippers_one'====== Args={'triggering_group': 2, 'triggering_switch': 's_right_flipper'}
2022-10-12 07:49:23,608 : INFO : SwitchController : <<<<<<< 's_left_flipper' inactive >>>>>>>
2022-10-12 07:49:23,608 : INFO : EventManager : Event: ======'both_flippers_inactive'====== Args={'triggering_group': 1, 'triggering_switch': 's_left_flipper'}
2022-10-12 07:49:23,704 : INFO : SwitchController : <<<<<<< 's_eos_left_top' inactive >>>>>>>
2022-10-12 07:49:23,878 : INFO : SwitchController : <<<<<<< 's_left_flipper' active >>>>>>>
2022-10-12 07:49:23,909 : INFO : SwitchController : <<<<<<< 's_eos_left_top' active >>>>>>>
2022-10-12 07:49:23,910 : INFO : SwitchController : <<<<<<< 's_right_flipper' active >>>>>>>
2022-10-12 07:49:23,910 : INFO : EventManager : Event: ======'flipper_cancel'====== Args={'triggering_group': 2, 'triggering_switch': 's_right_flipper'}
2022-10-12 07:49:23,910 : INFO : SwitchController : <<<<<<< 's_right_flipper' inactive >>>>>>>
2022-10-12 07:49:23,910 : INFO : EventManager : Event: ======'both_flippers_one'====== Args={'triggering_group': 2, 'triggering_switch': 's_right_flipper'}
2022-10-12 07:49:23,941 : INFO : SwitchController : <<<<<<< 's_right_flipper' active >>>>>>>
2022-10-12 07:49:23,941 : INFO : EventManager : Event: ======'flipper_cancel'====== Args={'triggering_group': 2, 'triggering_switch': 's_right_flipper'}
2022-10-12 07:49:23,957 : INFO : SwitchController : <<<<<<< 's_right_flipper' inactive >>>>>>>
2022-10-12 07:49:23,957 : INFO : EventManager : Event: ======'both_flippers_one'====== Args={'triggering_group': 2, 'triggering_switch': 's_right_flipper'}
2022-10-12 07:49:23,958 : INFO : SwitchController : <<<<<<< 's_right_flipper' active >>>>>>>
2022-10-12 07:49:23,958 : INFO : EventManager : Event: ======'flipper_cancel'====== Args={'triggering_group': 2, 'triggering_switch': 's_right_flipper'}
2022-10-12 07:49:23,958 : INFO : SwitchController : <<<<<<< 's_right_flipper' inactive >>>>>>>
2022-10-12 07:49:23,958 : INFO : EventManager : Event: ======'both_flippers_one'====== Args={'triggering_group': 2, 'triggering_switch': 's_right_flipper'}
2022-10-12 07:49:23,973 : INFO : SwitchController : <<<<<<< 's_right_flipper' active >>>>>>>
2022-10-12 07:49:23,973 : INFO : EventManager : Event: ======'flipper_cancel'====== Args={'triggering_group': 2, 'triggering_switch': 's_right_flipper'}
2022-10-12 07:49:23,989 : INFO : SwitchController : <<<<<<< 's_right_flipper' inactive >>>>>>>
2022-10-12 07:49:23,989 : INFO : EventManager : Event: ======'both_flippers_one'====== Args={'triggering_group': 2, 'triggering_switch': 's_right_flipper'}
2022-10-12 07:49:23,990 : INFO : SwitchController : <<<<<<< 's_right_flipper' active >>>>>>>
2022-10-12 07:49:23,990 : INFO : EventManager : Event: ======'flipper_cancel'====== Args={'triggering_group': 2, 'triggering_switch': 's_right_flipper'}
2022-10-12 07:49:23,990 : INFO : SwitchController : <<<<<<< 's_right_flipper' inactive >>>>>>>
2022-10-12 07:49:23,990 : INFO : EventManager : Event: ======'both_flippers_one'====== Args={'triggering_group': 2, 'triggering_switch': 's_right_flipper'}
2022-10-12 07:49:23,991 : INFO : SwitchController : <<<<<<< 's_right_flipper' active >>>>>>>
2022-10-12 07:49:23,991 : INFO : EventManager : Event: ======'flipper_cancel'====== Args={'triggering_group': 2, 'triggering_switch': 's_right_flipper'}
2022-10-12 07:49:24,607 : INFO : SwitchController : <<<<<<< 's_right_flipper' inactive >>>>>>>
2022-10-12 07:49:24,607 : INFO : EventManager : Event: ======'both_flippers_one'====== Args={'triggering_group': 2, 'triggering_switch': 's_right_flipper'}
2022-10-12 07:49:25,455 : INFO : SwitchController : <<<<<<< 's_right_flipper' active >>>>>>>
2022-10-12 07:49:25,455 : INFO : EventManager : Event: ======'flipper_cancel'====== Args={'triggering_group': 2, 'triggering_switch': 's_right_flipper'}
2022-10-12 07:49:25,471 : INFO : SwitchController : <<<<<<< 's_right_flipper' inactive >>>>>>>
2022-10-12 07:49:25,471 : INFO : EventManager : Event: ======'both_flippers_one'====== Args={'triggering_group': 2, 'triggering_switch': 's_right_flipper'}
2022-10-12 07:49:25,472 : INFO : SwitchController : <<<<<<< 's_right_flipper' active >>>>>>>
2022-10-12 07:49:25,472 : INFO : EventManager : Event: ======'flipper_cancel'====== Args={'triggering_group': 2, 'triggering_switch': 's_right_flipper'}
2022-10-12 07:49:26,639 : INFO : SwitchController : <<<<<<< 's_left_flipper' inactive >>>>>>>
2022-10-12 07:49:26,639 : INFO : EventManager : Event: ======'both_flippers_one'====== Args={'triggering_group': 1, 'triggering_switch': 's_left_flipper'}
2022-10-12 07:49:26,735 : INFO : SwitchController : <<<<<<< 's_eos_left_top' inactive >>>>>>>
2022-10-12 07:49:27,463 : INFO : SwitchController : <<<<<<< 's_left_flipper' active >>>>>>>
2022-10-12 07:49:27,464 : INFO : EventManager : Event: ======'flipper_cancel'====== Args={'triggering_group': 1, 'triggering_switch': 's_left_flipper'}
2022-10-12 07:49:27,479 : INFO : SwitchController : <<<<<<< 's_eos_left_top' active >>>>>>>
2022-10-12 07:49:27,499 : INFO : SwitchController : <<<<<<< 's_right_flipper' inactive >>>>>>>
2022-10-12 07:49:27,499 : INFO : EventManager : Event: ======'both_flippers_one'====== Args={'triggering_group': 2, 'triggering_switch': 's_right_flipper'}
2022-10-12 07:49:28,360 : INFO : SwitchController : <<<<<<< 's_left_flipper' inactive >>>>>>>
2022-10-12 07:49:28,360 : INFO : EventManager : Event: ======'both_flippers_inactive'====== Args={'triggering_group': 1, 'triggering_switch': 's_left_flipper'}
2022-10-12 07:49:28,455 : INFO : SwitchController : <<<<<<< 's_eos_left_top' inactive >>>>>>>
2022-10-12 07:49:29,401 : INFO : SwitchController : <<<<<<< 's_left_flipper' active >>>>>>>
2022-10-12 07:49:29,432 : INFO : SwitchController : <<<<<<< 's_eos_left_top' active >>>>>>>
2022-10-12 07:49:29,463 : INFO : SwitchController : <<<<<<< 's_right_flipper' active >>>>>>>
2022-10-12 07:49:29,463 : INFO : EventManager : Event: ======'flipper_cancel'====== Args={'triggering_group': 2, 'triggering_switch': 's_right_flipper'}
2022-10-12 07:49:29,479 : INFO : SwitchController : <<<<<<< 's_right_flipper' inactive >>>>>>>
2022-10-12 07:49:29,479 : INFO : EventManager : Event: ======'both_flippers_one'====== Args={'triggering_group': 2, 'triggering_switch': 's_right_flipper'}
2022-10-12 07:49:31,024 : INFO : SwitchController : <<<<<<< 's_right_flipper' active >>>>>>>
2022-10-12 07:49:31,024 : INFO : EventManager : Event: ======'flipper_cancel'====== Args={'triggering_group': 2, 'triggering_switch': 's_right_flipper'}
2022-10-12 07:49:31,403 : INFO : SwitchController : <<<<<<< 's_right_flipper' inactive >>>>>>>
2022-10-12 07:49:31,403 : INFO : EventManager : Event: ======'both_flippers_one'====== Args={'triggering_group': 2, 'triggering_switch': 's_right_flipper'}
2022-10-12 07:49:31,421 : INFO : SwitchController : <<<<<<< 's_right_flipper' active >>>>>>>
2022-10-12 07:49:31,421 : INFO : EventManager : Event: ======'flipper_cancel'====== Args={'triggering_group': 2, 'triggering_switch': 's_right_flipper'}
2022-10-12 07:49:31,451 : INFO : SwitchController : <<<<<<< 's_right_flipper' inactive >>>>>>>
2022-10-12 07:49:31,451 : INFO : EventManager : Event: ======'both_flippers_one'====== Args={'triggering_group': 2, 'triggering_switch': 's_right_flipper'}
2022-10-12 07:49:31,452 : INFO : SwitchController : <<<<<<< 's_right_flipper' active >>>>>>>
2022-10-12 07:49:31,452 : INFO : EventManager : Event: ======'flipper_cancel'====== Args={'triggering_group': 2, 'triggering_switch': 's_right_flipper'}
2022-10-12 07:49:31,596 : INFO : SwitchController : <<<<<<< 's_left_flipper' inactive >>>>>>>
2022-10-12 07:49:31,596 : INFO : EventManager : Event: ======'both_flippers_one'====== Args={'triggering_group': 1, 'triggering_switch': 's_left_flipper'}
2022-10-12 07:49:31,690 : INFO : SwitchController : <<<<<<< 's_eos_left_top' inactive >>>>>>>
2022-10-12 07:49:31,975 : INFO : SwitchController : <<<<<<< 's_left_flipper' active >>>>>>>
2022-10-12 07:49:31,975 : INFO : EventManager : Event: ======'flipper_cancel'====== Args={'triggering_group': 1, 'triggering_switch': 's_left_flipper'}
2022-10-12 07:49:32,007 : INFO : SwitchController : <<<<<<< 's_eos_left_top' active >>>>>>>
2022-10-12 07:49:32,008 : INFO : SwitchController : <<<<<<< 's_right_flipper' inactive >>>>>>>
2022-10-12 07:49:32,008 : INFO : EventManager : Event: ======'both_flippers_one'====== Args={'triggering_group': 2, 'triggering_switch': 's_right_flipper'}
2022-10-12 07:49:32,023 : INFO : SwitchController : <<<<<<< 's_right_flipper' active >>>>>>>
2022-10-12 07:49:32,023 : INFO : EventManager : Event: ======'flipper_cancel'====== Args={'triggering_group': 2, 'triggering_switch': 's_right_flipper'}
2022-10-12 07:49:32,024 : INFO : SwitchController : <<<<<<< 's_right_flipper' inactive >>>>>>>
2022-10-12 07:49:32,024 : INFO : EventManager : Event: ======'both_flippers_one'====== Args={'triggering_group': 2, 'triggering_switch': 's_right_flipper'}
2022-10-12 07:49:32,024 : INFO : SwitchController : <<<<<<< 's_right_flipper' active >>>>>>>
2022-10-12 07:49:32,024 : INFO : EventManager : Event: ======'flipper_cancel'====== Args={'triggering_group': 2, 'triggering_switch': 's_right_flipper'}
2022-10-12 07:49:32,039 : INFO : SwitchController : <<<<<<< 's_right_flipper' inactive >>>>>>>
2022-10-12 07:49:32,039 : INFO : EventManager : Event: ======'both_flippers_one'====== Args={'triggering_group': 2, 'triggering_switch': 's_right_flipper'}
2022-10-12 07:49:32,040 : INFO : SwitchController : <<<<<<< 's_right_flipper' active >>>>>>>
2022-10-12 07:49:32,040 : INFO : EventManager : Event: ======'flipper_cancel'====== Args={'triggering_group': 2, 'triggering_switch': 's_right_flipper'}
2022-10-12 07:49:32,055 : INFO : SwitchController : <<<<<<< 's_right_flipper' inactive >>>>>>>
2022-10-12 07:49:32,055 : INFO : EventManager : Event: ======'both_flippers_one'====== Args={'triggering_group': 2, 'triggering_switch': 's_right_flipper'}
2022-10-12 07:49:32,056 : INFO : SwitchController : <<<<<<< 's_right_flipper' active >>>>>>>
2022-10-12 07:49:32,056 : INFO : EventManager : Event: ======'flipper_cancel'====== Args={'triggering_group': 2, 'triggering_switch': 's_right_flipper'}
2022-10-12 07:49:32,071 : INFO : SwitchController : <<<<<<< 's_right_flipper' inactive >>>>>>>
2022-10-12 07:49:32,071 : INFO : EventManager : Event: ======'both_flippers_one'====== Args={'triggering_group': 2, 'triggering_switch': 's_right_flipper'}
2022-10-12 07:49:32,595 : INFO : SwitchController : <<<<<<< 's_left_flipper' inactive >>>>>>>
2022-10-12 07:49:32,596 : INFO : EventManager : Event: ======'both_flippers_inactive'====== Args={'triggering_group': 1, 'triggering_switch': 's_left_flipper'}
2022-10-12 07:49:32,687 : INFO : SwitchController : <<<<<<< 's_eos_left_top' inactive >>>>>>>
2022-10-12 07:49:34,327 : INFO : SwitchController : <<<<<<< 's_left_flipper' active >>>>>>>
2022-10-12 07:49:34,359 : INFO : SwitchController : <<<<<<< 's_eos_left_top' active >>>>>>>
2022-10-12 07:49:35,164 : INFO : SwitchController : <<<<<<< 's_left_flipper' inactive >>>>>>>
2022-10-12 07:49:35,257 : INFO : SwitchController : <<<<<<< 's_eos_left_top' inactive >>>>>>>
2022-10-12 07:49:35,478 : INFO : SwitchController : <<<<<<< 's_left_flipper' active >>>>>>>
2022-10-12 07:49:35,496 : INFO : SwitchController : <<<<<<< 's_eos_left_top' active >>>>>>>
2022-10-12 07:49:35,683 : INFO : SwitchController : <<<<<<< 's_left_flipper' inactive >>>>>>>
2022-10-12 07:49:35,793 : INFO : SwitchController : <<<<<<< 's_eos_left_top' inactive >>>>>>>
2022-10-12 07:49:35,857 : INFO : SwitchController : <<<<<<< 's_left_flipper' active >>>>>>>
2022-10-12 07:49:35,875 : INFO : SwitchController : <<<<<<< 's_eos_left_top' active >>>>>>>
2022-10-12 07:49:35,967 : INFO : SwitchController : <<<<<<< 's_left_flipper' inactive >>>>>>>
2022-10-12 07:49:36,060 : INFO : SwitchController : <<<<<<< 's_eos_left_top' inactive >>>>>>>
2022-10-12 07:49:36,185 : INFO : SwitchController : <<<<<<< 's_left_flipper' active >>>>>>>
2022-10-12 07:49:36,217 : INFO : SwitchController : <<<<<<< 's_eos_left_top' active >>>>>>>
2022-10-12 07:49:36,344 : INFO : SwitchController : <<<<<<< 's_left_flipper' inactive >>>>>>>
2022-10-12 07:49:36,437 : INFO : SwitchController : <<<<<<< 's_eos_left_top' inactive >>>>>>>
2022-10-12 07:49:36,611 : INFO : SwitchController : <<<<<<< 's_left_flipper' active >>>>>>>
2022-10-12 07:49:36,628 : INFO : SwitchController : <<<<<<< 's_eos_left_top' active >>>>>>>
2022-10-12 07:49:37,306 : INFO : SwitchController : <<<<<<< 's_right_flipper' active >>>>>>>
2022-10-12 07:49:37,306 : INFO : EventManager : Event: ======'flipper_cancel'====== Args={'triggering_group': 2, 'triggering_switch': 's_right_flipper'}
2022-10-12 07:49:37,574 : INFO : SwitchController : <<<<<<< 's_right_flipper' inactive >>>>>>>
2022-10-12 07:49:37,574 : INFO : EventManager : Event: ======'both_flippers_one'====== Args={'triggering_group': 2, 'triggering_switch': 's_right_flipper'}
2022-10-12 07:49:37,575 : INFO : SwitchController : <<<<<<< 's_right_flipper' active >>>>>>>
2022-10-12 07:49:37,575 : INFO : EventManager : Event: ======'flipper_cancel'====== Args={'triggering_group': 2, 'triggering_switch': 's_right_flipper'}
2022-10-12 07:49:37,701 : INFO : SwitchController : <<<<<<< 's_right_flipper' inactive >>>>>>>
2022-10-12 07:49:37,701 : INFO : EventManager : Event: ======'both_flippers_one'====== Args={'triggering_group': 2, 'triggering_switch': 's_right_flipper'}
2022-10-12 07:49:37,718 : INFO : SwitchController : <<<<<<< 's_left_flipper' inactive >>>>>>>
2022-10-12 07:49:37,718 : INFO : EventManager : Event: ======'both_flippers_inactive'====== Args={'triggering_group': 1, 'triggering_switch': 's_left_flipper'}
2022-10-12 07:49:37,813 : INFO : SwitchController : <<<<<<< 's_eos_left_top' inactive >>>>>>>
2022-10-12 07:49:37,940 : INFO : SwitchController : <<<<<<< 's_left_flipper' active >>>>>>>
2022-10-12 07:49:37,972 : INFO : SwitchController : <<<<<<< 's_eos_left_top' active >>>>>>>
2022-10-12 07:49:38,335 : INFO : SwitchController : <<<<<<< 's_left_flipper' inactive >>>>>>>
2022-10-12 07:49:38,447 : INFO : SwitchController : <<<<<<< 's_eos_left_top' inactive >>>>>>>
2022-10-12 07:49:38,447 : INFO : SwitchController : <<<<<<< 's_left_flipper' active >>>>>>>
2022-10-12 07:49:38,452 : INFO : SwitchController : <<<<<<< 's_eos_left_top' active >>>>>>>
2022-10-12 07:49:38,636 : INFO : SwitchController : <<<<<<< 's_left_flipper' inactive >>>>>>>
2022-10-12 07:49:38,715 : INFO : SwitchController : <<<<<<< 's_left_flipper' active >>>>>>>
2022-10-12 07:49:38,840 : INFO : SwitchController : <<<<<<< 's_left_flipper' inactive >>>>>>>
2022-10-12 07:49:38,936 : INFO : SwitchController : <<<<<<< 's_left_flipper' active >>>>>>>
2022-10-12 07:49:38,937 : INFO : SwitchController : <<<<<<< 's_eos_left_top' inactive >>>>>>>
2022-10-12 07:49:38,956 : INFO : SwitchController : <<<<<<< 's_eos_left_top' active >>>>>>>
2022-10-12 07:49:38,971 : INFO : SwitchController : <<<<<<< 's_right_flipper' active >>>>>>>
2022-10-12 07:49:38,971 : INFO : EventManager : Event: ======'flipper_cancel'====== Args={'triggering_group': 2, 'triggering_switch': 's_right_flipper'}
2022-10-12 07:49:38,983 : INFO : SwitchController : <<<<<<< 's_right_flipper' inactive >>>>>>>
2022-10-12 07:49:38,983 : INFO : EventManager : Event: ======'both_flippers_one'====== Args={'triggering_group': 2, 'triggering_switch': 's_right_flipper'}
2022-10-12 07:49:39,015 : INFO : SwitchController : <<<<<<< 's_right_flipper' active >>>>>>>
2022-10-12 07:49:39,015 : INFO : EventManager : Event: ======'flipper_cancel'====== Args={'triggering_group': 2, 'triggering_switch': 's_right_flipper'}
2022-10-12 07:49:39,016 : INFO : SwitchController : <<<<<<< 's_right_flipper' inactive >>>>>>>
2022-10-12 07:49:39,016 : INFO : EventManager : Event: ======'both_flippers_one'====== Args={'triggering_group': 2, 'triggering_switch': 's_right_flipper'}
2022-10-12 07:49:39,047 : INFO : SwitchController : <<<<<<< 's_left_flipper' inactive >>>>>>>
2022-10-12 07:49:39,047 : INFO : EventManager : Event: ======'both_flippers_inactive'====== Args={'triggering_group': 1, 'triggering_switch': 's_left_flipper'}
2022-10-12 07:49:39,143 : INFO : SwitchController : <<<<<<< 's_eos_left_top' inactive >>>>>>>
2022-10-12 07:49:39,162 : INFO : SwitchController : <<<<<<< 's_left_flipper' active >>>>>>>
2022-10-12 07:49:39,178 : INFO : SwitchController : <<<<<<< 's_eos_left_top' active >>>>>>>
2022-10-12 07:49:39,195 : INFO : SwitchController : <<<<<<< 's_right_flipper' active >>>>>>>
2022-10-12 07:49:39,195 : INFO : EventManager : Event: ======'flipper_cancel'====== Args={'triggering_group': 2, 'triggering_switch': 's_right_flipper'}
2022-10-12 07:49:39,207 : INFO : SwitchController : <<<<<<< 's_right_flipper' inactive >>>>>>>
2022-10-12 07:49:39,208 : INFO : EventManager : Event: ======'both_flippers_one'====== Args={'triggering_group': 2, 'triggering_switch': 's_right_flipper'}
2022-10-12 07:49:39,208 : INFO : SwitchController : <<<<<<< 's_right_flipper' active >>>>>>>
2022-10-12 07:49:39,208 : INFO : EventManager : Event: ======'flipper_cancel'====== Args={'triggering_group': 2, 'triggering_switch': 's_right_flipper'}
2022-10-12 07:49:39,223 : INFO : SwitchController : <<<<<<< 's_right_flipper' inactive >>>>>>>
2022-10-12 07:49:39,224 : INFO : EventManager : Event: ======'both_flippers_one'====== Args={'triggering_group': 2, 'triggering_switch': 's_right_flipper'}
2022-10-12 07:49:39,270 : INFO : SwitchController : <<<<<<< 's_left_flipper' inactive >>>>>>>
2022-10-12 07:49:39,271 : INFO : EventManager : Event: ======'both_flippers_inactive'====== Args={'triggering_group': 1, 'triggering_switch': 's_left_flipper'}
2022-10-12 07:49:39,365 : INFO : SwitchController : <<<<<<< 's_left_flipper' active >>>>>>>
2022-10-12 07:49:39,366 : INFO : SwitchController : <<<<<<< 's_eos_left_top' inactive >>>>>>>
2022-10-12 07:49:39,385 : INFO : SwitchController : <<<<<<< 's_eos_left_top' active >>>>>>>
2022-10-12 07:49:39,413 : INFO : SwitchController : <<<<<<< 's_right_flipper' active >>>>>>>
2022-10-12 07:49:39,413 : INFO : EventManager : Event: ======'flipper_cancel'====== Args={'triggering_group': 2, 'triggering_switch': 's_right_flipper'}
2022-10-12 07:49:39,414 : INFO : SwitchController : <<<<<<< 's_right_flipper' inactive >>>>>>>
2022-10-12 07:49:39,414 : INFO : EventManager : Event: ======'both_flippers_one'====== Args={'triggering_group': 2, 'triggering_switch': 's_right_flipper'}
2022-10-12 07:49:39,431 : INFO : SwitchController : <<<<<<< 's_right_flipper' active >>>>>>>
2022-10-12 07:49:39,431 : INFO : EventManager : Event: ======'flipper_cancel'====== Args={'triggering_group': 2, 'triggering_switch': 's_right_flipper'}
2022-10-12 07:49:39,431 : INFO : SwitchController : <<<<<<< 's_right_flipper' inactive >>>>>>>
2022-10-12 07:49:39,431 : INFO : EventManager : Event: ======'both_flippers_one'====== Args={'triggering_group': 2, 'triggering_switch': 's_right_flipper'}
2022-10-12 07:49:39,868 : INFO : SwitchController : <<<<<<< 's_left_flipper' inactive >>>>>>>
2022-10-12 07:49:39,868 : INFO : EventManager : Event: ======'both_flippers_inactive'====== Args={'triggering_group': 1, 'triggering_switch': 's_left_flipper'}
2022-10-12 07:49:39,964 : INFO : SwitchController : <<<<<<< 's_eos_left_top' inactive >>>>>>>
2022-10-12 07:49:40,152 : INFO : SwitchController : <<<<<<< 's_left_flipper' active >>>>>>>
2022-10-12 07:49:40,183 : INFO : SwitchController : <<<<<<< 's_eos_left_top' active >>>>>>>
2022-10-12 07:49:40,531 : INFO : SwitchController : <<<<<<< 's_left_flipper' inactive >>>>>>>
2022-10-12 07:49:40,627 : INFO : SwitchController : <<<<<<< 's_eos_left_top' inactive >>>>>>>
2022-10-12 07:49:40,720 : INFO : SwitchController : <<<<<<< 's_left_flipper' active >>>>>>>
2022-10-12 07:49:40,739 : INFO : SwitchController : <<<<<<< 's_eos_left_top' active >>>>>>>
2022-10-12 07:49:40,879 : INFO : SwitchController : <<<<<<< 's_right_flipper' active >>>>>>>
2022-10-12 07:49:40,879 : INFO : EventManager : Event: ======'flipper_cancel'====== Args={'triggering_group': 2, 'triggering_switch': 's_right_flipper'}
2022-10-12 07:49:40,911 : INFO : SwitchController : <<<<<<< 's_left_flipper' inactive >>>>>>>
2022-10-12 07:49:40,911 : INFO : EventManager : Event: ======'both_flippers_one'====== Args={'triggering_group': 1, 'triggering_switch': 's_left_flipper'}
2022-10-12 07:49:41,006 : INFO : SwitchController : <<<<<<< 's_eos_left_top' inactive >>>>>>>
2022-10-12 07:49:41,038 : INFO : SwitchController : <<<<<<< 's_left_flipper' active >>>>>>>
2022-10-12 07:49:41,038 : INFO : EventManager : Event: ======'flipper_cancel'====== Args={'triggering_group': 1, 'triggering_switch': 's_left_flipper'}
2022-10-12 07:49:41,054 : INFO : SwitchController : <<<<<<< 's_eos_left_top' active >>>>>>>
2022-10-12 07:49:41,103 : INFO : SwitchController : <<<<<<< 's_right_flipper' inactive >>>>>>>
2022-10-12 07:49:41,103 : INFO : EventManager : Event: ======'both_flippers_one'====== Args={'triggering_group': 2, 'triggering_switch': 's_right_flipper'}
2022-10-12 07:49:41,247 : INFO : SwitchController : <<<<<<< 's_right_flipper' active >>>>>>>
2022-10-12 07:49:41,247 : INFO : EventManager : Event: ======'flipper_cancel'====== Args={'triggering_group': 2, 'triggering_switch': 's_right_flipper'}
2022-10-12 07:49:41,278 : INFO : SwitchController : <<<<<<< 's_left_flipper' inactive >>>>>>>
2022-10-12 07:49:41,278 : INFO : EventManager : Event: ======'both_flippers_one'====== Args={'triggering_group': 1, 'triggering_switch': 's_left_flipper'}
2022-10-12 07:49:41,371 : INFO : SwitchController : <<<<<<< 's_left_flipper' active >>>>>>>
2022-10-12 07:49:41,371 : INFO : EventManager : Event: ======'flipper_cancel'====== Args={'triggering_group': 1, 'triggering_switch': 's_left_flipper'}
2022-10-12 07:49:41,372 : INFO : SwitchController : <<<<<<< 's_eos_left_top' inactive >>>>>>>
2022-10-12 07:49:41,387 : INFO : SwitchController : <<<<<<< 's_eos_left_top' active >>>>>>>
2022-10-12 07:49:41,435 : INFO : SwitchController : <<<<<<< 's_right_flipper' inactive >>>>>>>
2022-10-12 07:49:41,435 : INFO : EventManager : Event: ======'both_flippers_one'====== Args={'triggering_group': 2, 'triggering_switch': 's_right_flipper'}
2022-10-12 07:49:41,783 : INFO : SwitchController : <<<<<<< 's_left_flipper' inactive >>>>>>>
2022-10-12 07:49:41,783 : INFO : EventManager : Event: ======'both_flippers_inactive'====== Args={'triggering_group': 1, 'triggering_switch': 's_left_flipper'}
2022-10-12 07:49:41,877 : INFO : SwitchController : <<<<<<< 's_eos_left_top' inactive >>>>>>>
2022-10-12 07:49:41,956 : INFO : SwitchController : <<<<<<< 's_left_flipper' active >>>>>>>
2022-10-12 07:49:41,988 : INFO : SwitchController : <<<<<<< 's_eos_left_top' active >>>>>>>
2022-10-12 07:49:42,335 : INFO : SwitchController : <<<<<<< 's_right_flipper' active >>>>>>>
2022-10-12 07:49:42,335 : INFO : EventManager : Event: ======'flipper_cancel'====== Args={'triggering_group': 2, 'triggering_switch': 's_right_flipper'}
2022-10-12 07:49:42,683 : INFO : SwitchController : <<<<<<< 's_left_flipper' inactive >>>>>>>
2022-10-12 07:49:42,683 : INFO : EventManager : Event: ======'both_flippers_one'====== Args={'triggering_group': 1, 'triggering_switch': 's_left_flipper'}
2022-10-12 07:49:42,778 : INFO : SwitchController : <<<<<<< 's_eos_left_top' inactive >>>>>>>
2022-10-12 07:49:42,934 : INFO : SwitchController : <<<<<<< 's_left_flipper' active >>>>>>>
2022-10-12 07:49:42,934 : INFO : EventManager : Event: ======'flipper_cancel'====== Args={'triggering_group': 1, 'triggering_switch': 's_left_flipper'}
2022-10-12 07:49:42,966 : INFO : SwitchController : <<<<<<< 's_eos_left_top' active >>>>>>>
2022-10-12 07:49:42,998 : INFO : SwitchController : <<<<<<< 's_right_flipper' inactive >>>>>>>
2022-10-12 07:49:42,998 : INFO : EventManager : Event: ======'both_flippers_one'====== Args={'triggering_group': 2, 'triggering_switch': 's_right_flipper'}
2022-10-12 07:49:43,313 : INFO : SwitchController : <<<<<<< 's_left_flipper' inactive >>>>>>>
2022-10-12 07:49:43,313 : INFO : EventManager : Event: ======'both_flippers_inactive'====== Args={'triggering_group': 1, 'triggering_switch': 's_left_flipper'}
2022-10-12 07:49:43,408 : INFO : SwitchController : <<<<<<< 's_eos_left_top' inactive >>>>>>>
2022-10-12 07:49:43,517 : INFO : SwitchController : <<<<<<< 's_left_flipper' active >>>>>>>
2022-10-12 07:49:43,549 : INFO : SwitchController : <<<<<<< 's_eos_left_top' active >>>>>>>
2022-10-12 07:49:43,817 : INFO : SwitchController : <<<<<<< 's_left_flipper' inactive >>>>>>>
2022-10-12 07:49:43,911 : INFO : SwitchController : <<<<<<< 's_eos_left_top' inactive >>>>>>>
2022-10-12 07:49:44,195 : INFO : SwitchController : <<<<<<< 's_left_flipper' active >>>>>>>
2022-10-12 07:49:44,241 : INFO : SwitchController : <<<<<<< 's_eos_left_top' active >>>>>>>
2022-10-12 07:49:44,526 : INFO : SwitchController : <<<<<<< 's_right_flipper' active >>>>>>>
2022-10-12 07:49:44,526 : INFO : EventManager : Event: ======'flipper_cancel'====== Args={'triggering_group': 2, 'triggering_switch': 's_right_flipper'}
2022-10-12 07:49:46,898 : INFO : SwitchController : <<<<<<< 's_left_flipper' inactive >>>>>>>
2022-10-12 07:49:46,898 : INFO : EventManager : Event: ======'both_flippers_one'====== Args={'triggering_group': 1, 'triggering_switch': 's_left_flipper'}
2022-10-12 07:49:47,009 : INFO : SwitchController : <<<<<<< 's_eos_left_top' inactive >>>>>>>
2022-10-12 07:49:47,105 : INFO : SwitchController : <<<<<<< 's_left_flipper' active >>>>>>>
2022-10-12 07:49:47,105 : INFO : EventManager : Event: ======'flipper_cancel'====== Args={'triggering_group': 1, 'triggering_switch': 's_left_flipper'}
2022-10-12 07:49:47,109 : INFO : SwitchController : <<<<<<< 's_eos_left_top' active >>>>>>>
2022-10-12 07:49:47,531 : INFO : EventManager : Event: ======'flipper_cradle'====== Args={}
2022-10-12 07:49:47,563 : INFO : SwitchController : <<<<<<< 's_left_flipper' inactive >>>>>>>
2022-10-12 07:49:47,564 : INFO : EventManager : Event: ======'both_flippers_one'====== Args={'triggering_group': 1, 'triggering_switch': 's_left_flipper'}
2022-10-12 07:49:47,658 : INFO : SwitchController : <<<<<<< 's_eos_left_top' inactive >>>>>>>
2022-10-12 07:49:47,721 : INFO : SwitchController : <<<<<<< 's_right_flipper' inactive >>>>>>>
2022-10-12 07:49:47,721 : INFO : EventManager : Event: ======'both_flippers_inactive'====== Args={'triggering_group': 2, 'triggering_switch': 's_right_flipper'}
2022-10-12 07:49:47,722 : INFO : EventManager : Event: ======'flipper_cradle_release'====== Args={}
2022-10-12 07:49:47,737 : INFO : SwitchController : <<<<<<< 's_right_flipper' active >>>>>>>
2022-10-12 07:49:47,738 : INFO : SwitchController : <<<<<<< 's_right_flipper' inactive >>>>>>>
2022-10-12 07:49:48,100 : INFO : SwitchController : <<<<<<< 's_left_flipper' active >>>>>>>
2022-10-12 07:49:48,118 : INFO : SwitchController : <<<<<<< 's_eos_left_top' active >>>>>>>
2022-10-12 07:49:48,525 : INFO : SwitchController : <<<<<<< 's_right_flipper' active >>>>>>>
2022-10-12 07:49:48,525 : INFO : EventManager : Event: ======'flipper_cancel'====== Args={'triggering_group': 2, 'triggering_switch': 's_right_flipper'}
2022-10-12 07:49:49,144 : INFO : SwitchController : <<<<<<< 's_right_flipper' inactive >>>>>>>
2022-10-12 07:49:49,144 : INFO : EventManager : Event: ======'both_flippers_one'====== Args={'triggering_group': 2, 'triggering_switch': 's_right_flipper'}
2022-10-12 07:49:49,176 : INFO : SwitchController : <<<<<<< 's_left_flipper' inactive >>>>>>>
2022-10-12 07:49:49,176 : INFO : EventManager : Event: ======'both_flippers_inactive'====== Args={'triggering_group': 1, 'triggering_switch': 's_left_flipper'}
2022-10-12 07:49:49,272 : INFO : SwitchController : <<<<<<< 's_eos_left_top' inactive >>>>>>>
2022-10-12 07:50:16,607 : INFO : Machine : Shutting down...
2022-10-12 07:50:16,607 : INFO : EventManager : Event: ======'shutdown'====== Args={}
2022-10-12 07:50:16,639 : WARNING : FAST : Port RGB received more messages than were sent! Resetting!
2022-10-12 07:50:16,639 : WARNING : FAST : Port NET received more messages than were sent! Resetting!
2022-10-12 07:50:16,703 : ERROR : FAST : Stop called on serial connection com9
2022-10-12 07:50:16,703 : ERROR : FAST : Stop called on serial connection com10
2022-10-12 07:50:16,923 : INFO : root : MPF run loop ended.
