2022-10-12 08:20:08,392 : INFO : root : Loading config.
2022-10-12 08:20:08,395 : INFO : YamlMultifileConfigLoader : Machine config file #1: config.yaml
2022-10-12 08:20:08,396 : INFO : ConfigProcessor : Loading config from cache: C:\Users\Tanner\AppData\Local\Temp\a6762098cb994b55cb03a478b26022ee.mpf_cache
2022-10-12 08:20:08,463 : INFO : ConfigProcessor : Loading config from cache: C:\Users\Tanner\AppData\Local\Temp\9cf7ccc27b21f4d6162237fadfc53e5a.mpf_cache
2022-10-12 08:20:08,463 : INFO : ConfigProcessor : Loading config from cache: C:\Users\Tanner\AppData\Local\Temp\c215df352878fee5d54f1a5ec5b16e7c.mpf_cache
2022-10-12 08:20:08,464 : INFO : ConfigProcessor : Loading config from cache: C:\Users\Tanner\AppData\Local\Temp\708062243e0edcfa77dd6b1521bd0d4e.mpf_cache
2022-10-12 08:20:08,465 : INFO : ConfigProcessor : Loading config from cache: C:\Users\Tanner\AppData\Local\Temp\c4174472f67f7b070dd6fb437c6feb0c.mpf_cache
2022-10-12 08:20:08,466 : INFO : ConfigProcessor : Loading config from cache: C:\Users\Tanner\AppData\Local\Temp\abaa92c43d134e3392cbb2346e6a16be.mpf_cache
2022-10-12 08:20:08,466 : INFO : ConfigProcessor : Loading config from cache: C:\Users\Tanner\AppData\Local\Temp\fc46d53fcb9fe6b8abf783d9c813390a.mpf_cache
2022-10-12 08:20:08,467 : INFO : Machine : Mission Pinball Framework Core Engine v0.55.0
2022-10-12 08:20:08,467 : INFO : Machine : Command line arguments: {'no_load_cache': False, 'create_config_cache': True, 'bcp': False, 'configfile': ['config.yaml'], 'force_assets_load': False, 'jsonlogging': False, 'logfile': 'logs\\2022-10-12-08-20-08-mpf-DESKTOP-7HNFDQ5.log', 'pause': False, 'production': False, 'text_ui': True, 'loglevel': 15, 'consoleloglevel': 20, 'force_platform': None, 'syslog_address': None, 'mc_file_name': None, 'no_sound': False}
2022-10-12 08:20:08,467 : INFO : Machine : MPF path: c:\users\tanner\appdata\local\programs\python\python37\lib\site-packages\mpf
2022-10-12 08:20:08,467 : INFO : Machine : Machine path: c:\trashland_2
2022-10-12 08:20:08,467 : INFO : Machine : Platform: win32
2022-10-12 08:20:08,467 : INFO : Machine : Python executable location: c:\users\tanner\appdata\local\programs\python\python37\python.exe
2022-10-12 08:20:08,467 : INFO : Machine : Python version: 3.7.8 (64-bit)
2022-10-12 08:20:08,469 : INFO : Machine : Initialise MPF.
2022-10-12 08:20:08,714 : INFO : FAST : Connecting to com9 at 921600bps
2022-10-12 08:20:09,751 : INFO : FAST : Connected! Processor: NET, Board Type: FP-CPU-002-2, Firmware: 01.05
2022-10-12 08:20:09,751 : INFO : EventManager : Event: ======'machine_var_fast_net_firmware'====== Args={'value': '01.05', 'prev_value': None, 'change': True}
2022-10-12 08:20:09,751 : INFO : EventManager : Event: ======'machine_var_fast_net_model'====== Args={'value': 'FP-CPU-002-2', 'prev_value': None, 'change': True}
2022-10-12 08:20:12,124 : WARNING : FAST : Got unexpected message from FAST: -N:08
2022-10-12 08:20:12,124 : WARNING : FAST : Got unexpected message from FAST: -N:11
2022-10-12 08:20:12,124 : WARNING : FAST : Got unexpected message from FAST: -N:38
2022-10-12 08:20:12,124 : WARNING : FAST : Got unexpected message from FAST: -N:40
2022-10-12 08:20:12,124 : WARNING : FAST : Got unexpected message from FAST: -N:41
2022-10-12 08:20:12,124 : WARNING : FAST : Got unexpected message from FAST: -N:43
2022-10-12 08:20:12,124 : WARNING : FAST : Got unexpected message from FAST: -N:44
2022-10-12 08:20:12,124 : WARNING : FAST : Got unexpected message from FAST: -N:5D
2022-10-12 08:20:12,265 : INFO : FAST : Connecting to com10 at 921600bps
2022-10-12 08:20:12,313 : INFO : FAST : Connected! Processor: RGB, Board Type: FP-CPU-002-2, Firmware: 00.87
2022-10-12 08:20:12,313 : INFO : EventManager : Event: ======'machine_var_fast_rgb_firmware'====== Args={'value': '00.87', 'prev_value': None, 'change': True}
2022-10-12 08:20:12,313 : INFO : EventManager : Event: ======'machine_var_fast_rgb_model'====== Args={'value': 'FP-CPU-002-2', 'prev_value': None, 'change': True}
2022-10-12 08:20:12,314 : INFO : EventManager : Event: ======'machine_var_credits_string'====== Args={'value': 'FREE PLAY', 'prev_value': None, 'change': True}
2022-10-12 08:20:12,357 : INFO : EventManager : Event: ======'machine_var_master_volume'====== Args={'value': 0.5, 'prev_value': None, 'change': True}
2022-10-12 08:20:12,357 : INFO : EventManager : Event: ======'machine_var_mpf_version'====== Args={'value': 'MPF v0.55.0', 'prev_value': None, 'change': True}
2022-10-12 08:20:12,357 : INFO : EventManager : Event: ======'machine_var_mpf_extended_version'====== Args={'value': 'MPF v0.55.0, Config version:5, Show version: 5, BCP version:1.1', 'prev_value': None, 'change': True}
2022-10-12 08:20:12,357 : INFO : EventManager : Event: ======'machine_var_python_version'====== Args={'value': '3.7.8', 'prev_value': None, 'change': True}
2022-10-12 08:20:12,358 : INFO : EventManager : Event: ======'machine_var_platform'====== Args={'value': 'Windows-10-10.0.19041-SP0', 'prev_value': None, 'change': True}
2022-10-12 08:20:12,358 : INFO : EventManager : Event: ======'machine_var_platform_system'====== Args={'value': 'Windows', 'prev_value': None, 'change': True}
2022-10-12 08:20:12,358 : INFO : EventManager : Event: ======'machine_var_platform_release'====== Args={'value': '10', 'prev_value': None, 'change': True}
2022-10-12 08:20:12,358 : INFO : EventManager : Event: ======'machine_var_platform_version'====== Args={'value': '10.0.19041', 'prev_value': None, 'change': True}
2022-10-12 08:20:12,358 : INFO : EventManager : Event: ======'machine_var_platform_machine'====== Args={'value': 'AMD64', 'prev_value': None, 'change': True}
2022-10-12 08:20:12,358 : INFO : EventManager : Event: ======'init_phase_1'====== Args={}
2022-10-12 08:20:12,394 : INFO : EventManager : Event: ======'drop_target_bank_mid_up'====== Args={}
2022-10-12 08:20:12,394 : INFO : EventManager : Event: ======'drop_target_bank_right_up'====== Args={}
2022-10-12 08:20:12,411 : INFO : EventManager : Event: ======'init_phase_2'====== Args={}
2022-10-12 08:20:12,412 : INFO : SwitchController : Found active switch: (('08', 1), <Platform.FAST>) <switch.s_upper_rollover>
2022-10-12 08:20:12,412 : INFO : SwitchController : Found active switch: (('42', 1), <Platform.FAST>) <switch.s_trough_4>
2022-10-12 08:20:12,412 : INFO : SwitchController : Found active switch: (('48', 1), <Platform.FAST>) <switch.s_trough_1>
2022-10-12 08:20:12,412 : INFO : SwitchController : Found active switch: (('49', 1), <Platform.FAST>) <switch.s_trough_jam>
2022-10-12 08:20:12,412 : INFO : SwitchController : Found active switch: (('3C', 1), <Platform.FAST>) <switch.s_eos_right>
2022-10-12 08:20:12,412 : INFO : SwitchController : Found active switch: (('3B', 1), <Platform.FAST>) <switch.s_eos_left>
2022-10-12 08:20:12,420 : INFO : ball_device.bd_trough : BCH: Initial count: 2
2022-10-12 08:20:12,420 : INFO : ball_device.bd_trough : State: idle
2022-10-12 08:20:12,421 : INFO : ball_device.bd_plunger : BCH: Initial count: 0
2022-10-12 08:20:12,422 : INFO : ball_device.bd_plunger : State: idle
2022-10-12 08:20:12,422 : INFO : ball_device.bd_top_vuk : BCH: Initial count: 0
2022-10-12 08:20:12,423 : INFO : ball_device.bd_top_vuk : State: idle
2022-10-12 08:20:12,423 : INFO : ball_device.bd_right_vuk : BCH: Initial count: 0
2022-10-12 08:20:12,423 : INFO : ball_device.bd_right_vuk : State: idle
2022-10-12 08:20:12,424 : INFO : ball_device.bd_bot_vuk : BCH: Initial count: 0
2022-10-12 08:20:12,424 : INFO : ball_device.bd_bot_vuk : State: idle
2022-10-12 08:20:12,469 : INFO : EventManager : Event: ======'init_phase_3'====== Args={}
2022-10-12 08:20:12,503 : INFO : EventManager : Event: ======'init_phase_4'====== Args={}
2022-10-12 08:20:12,504 : INFO : EventManager : Event: ======'playfield_active'====== Args={}
2022-10-12 08:20:12,504 : INFO : EventManager : Event: ======'unexpected_ball_on_playfield'====== Args={}
2022-10-12 08:20:12,504 : INFO : EventManager : Event: ======'playfield_active'====== Args={}
2022-10-12 08:20:12,504 : INFO : EventManager : Event: ======'unexpected_ball_on_playfield'====== Args={}
2022-10-12 08:20:12,504 : INFO : EventManager : Event: ======'playfield_active'====== Args={}
2022-10-12 08:20:12,504 : INFO : EventManager : Event: ======'unexpected_ball_on_playfield'====== Args={}
2022-10-12 08:20:12,504 : INFO : EventManager : Event: ======'playfield_active'====== Args={}
2022-10-12 08:20:12,504 : INFO : EventManager : Event: ======'unexpected_ball_on_playfield'====== Args={}
2022-10-12 08:20:12,504 : INFO : EventManager : Event: ======'playfield_active'====== Args={}
2022-10-12 08:20:12,504 : INFO : EventManager : Event: ======'unexpected_ball_on_playfield'====== Args={}
2022-10-12 08:20:12,504 : INFO : EventManager : Event: ======'playfield_active'====== Args={}
2022-10-12 08:20:12,504 : INFO : EventManager : Event: ======'unexpected_ball_on_playfield'====== Args={}
2022-10-12 08:20:12,505 : INFO : BallController : Initial balls found: 2
2022-10-12 08:20:12,506 : INFO : EventManager : Event: ======'machine_var_audits_events_game_ended'====== Args={'value': 0, 'prev_value': None, 'change': True}
2022-10-12 08:20:12,506 : INFO : EventManager : Event: ======'machine_var_audits_events_game_started'====== Args={'value': 0, 'prev_value': None, 'change': True}
2022-10-12 08:20:12,506 : INFO : EventManager : Event: ======'machine_var_audits_player_score'====== Args={'value': {'average': 0, 'top': [], 'total': 0}, 'prev_value': None, 'change': True}
2022-10-12 08:20:12,507 : INFO : EventManager : Event: ======'machine_var_audits_switches_s_autolauncher'====== Args={'value': 88, 'prev_value': None, 'change': True}
2022-10-12 08:20:12,507 : INFO : EventManager : Event: ======'machine_var_audits_switches_s_back_pop'====== Args={'value': 10, 'prev_value': None, 'change': True}
2022-10-12 08:20:12,507 : INFO : EventManager : Event: ======'machine_var_audits_switches_s_back_rollover'====== Args={'value': 0, 'prev_value': None, 'change': True}
2022-10-12 08:20:12,507 : INFO : EventManager : Event: ======'machine_var_audits_switches_s_back_stationary'====== Args={'value': 3, 'prev_value': None, 'change': True}
2022-10-12 08:20:12,507 : INFO : EventManager : Event: ======'machine_var_audits_switches_s_bot_back'====== Args={'value': 0, 'prev_value': None, 'change': True}
2022-10-12 08:20:12,507 : INFO : EventManager : Event: ======'machine_var_audits_switches_s_bot_big'====== Args={'value': 2, 'prev_value': None, 'change': True}
2022-10-12 08:20:12,507 : INFO : EventManager : Event: ======'machine_var_audits_switches_s_bot_left'====== Args={'value': 0, 'prev_value': None, 'change': True}
2022-10-12 08:20:12,507 : INFO : EventManager : Event: ======'machine_var_audits_switches_s_bot_right'====== Args={'value': 1, 'prev_value': None, 'change': True}
2022-10-12 08:20:12,508 : INFO : EventManager : Event: ======'machine_var_audits_switches_s_bot_rollover'====== Args={'value': 0, 'prev_value': None, 'change': True}
2022-10-12 08:20:12,508 : INFO : EventManager : Event: ======'machine_var_audits_switches_s_bot_vuk'====== Args={'value': 2, 'prev_value': None, 'change': True}
2022-10-12 08:20:12,508 : INFO : EventManager : Event: ======'machine_var_audits_switches_s_drop_mid_left'====== Args={'value': 76, 'prev_value': None, 'change': True}
2022-10-12 08:20:12,508 : INFO : EventManager : Event: ======'machine_var_audits_switches_s_drop_mid_mid'====== Args={'value': 85, 'prev_value': None, 'change': True}
2022-10-12 08:20:12,508 : INFO : EventManager : Event: ======'machine_var_audits_switches_s_drop_mid_right'====== Args={'value': 7, 'prev_value': None, 'change': True}
2022-10-12 08:20:12,508 : INFO : EventManager : Event: ======'machine_var_audits_switches_s_drop_right_left'====== Args={'value': 24, 'prev_value': None, 'change': True}
2022-10-12 08:20:12,509 : INFO : EventManager : Event: ======'machine_var_audits_switches_s_drop_right_right'====== Args={'value': 61, 'prev_value': None, 'change': True}
2022-10-12 08:20:12,509 : INFO : EventManager : Event: ======'machine_var_audits_switches_s_drop_single'====== Args={'value': 41, 'prev_value': None, 'change': True}
2022-10-12 08:20:12,509 : INFO : EventManager : Event: ======'machine_var_audits_switches_s_eos_left'====== Args={'value': 71, 'prev_value': None, 'change': True}
2022-10-12 08:20:12,509 : INFO : EventManager : Event: ======'machine_var_audits_switches_s_eos_left_top'====== Args={'value': 961, 'prev_value': None, 'change': True}
2022-10-12 08:20:12,509 : INFO : EventManager : Event: ======'machine_var_audits_switches_s_eos_right'====== Args={'value': 96, 'prev_value': None, 'change': True}
2022-10-12 08:20:12,509 : INFO : EventManager : Event: ======'machine_var_audits_switches_s_launch'====== Args={'value': 59, 'prev_value': None, 'change': True}
2022-10-12 08:20:12,510 : INFO : EventManager : Event: ======'machine_var_audits_switches_s_left_flipper'====== Args={'value': 1067, 'prev_value': None, 'change': True}
2022-10-12 08:20:12,510 : INFO : EventManager : Event: ======'machine_var_audits_switches_s_left_inlane'====== Args={'value': 26, 'prev_value': None, 'change': True}
2022-10-12 08:20:12,510 : INFO : EventManager : Event: ======'machine_var_audits_switches_s_left_outlane'====== Args={'value': 5, 'prev_value': None, 'change': True}
2022-10-12 08:20:12,510 : INFO : EventManager : Event: ======'machine_var_audits_switches_s_pop_left'====== Args={'value': 174, 'prev_value': None, 'change': True}
2022-10-12 08:20:12,510 : INFO : EventManager : Event: ======'machine_var_audits_switches_s_pop_lower'====== Args={'value': 256, 'prev_value': None, 'change': True}
2022-10-12 08:20:12,510 : INFO : EventManager : Event: ======'machine_var_audits_switches_s_pop_right'====== Args={'value': 341, 'prev_value': None, 'change': True}
2022-10-12 08:20:12,511 : INFO : EventManager : Event: ======'machine_var_audits_switches_s_right_flipper'====== Args={'value': 1049, 'prev_value': None, 'change': True}
2022-10-12 08:20:12,511 : INFO : EventManager : Event: ======'machine_var_audits_switches_s_right_inlane'====== Args={'value': 0, 'prev_value': None, 'change': True}
2022-10-12 08:20:12,511 : INFO : EventManager : Event: ======'machine_var_audits_switches_s_right_outlane'====== Args={'value': 79, 'prev_value': None, 'change': True}
2022-10-12 08:20:12,511 : INFO : EventManager : Event: ======'machine_var_audits_switches_s_rollover_left'====== Args={'value': 71, 'prev_value': None, 'change': True}
2022-10-12 08:20:12,511 : INFO : EventManager : Event: ======'machine_var_audits_switches_s_rollover_right'====== Args={'value': 46, 'prev_value': None, 'change': True}
2022-10-12 08:20:12,512 : INFO : EventManager : Event: ======'machine_var_audits_switches_s_sling_left'====== Args={'value': 43, 'prev_value': None, 'change': True}
2022-10-12 08:20:12,512 : INFO : EventManager : Event: ======'machine_var_audits_switches_s_sling_right'====== Args={'value': 136, 'prev_value': None, 'change': True}
2022-10-12 08:20:12,512 : INFO : EventManager : Event: ======'machine_var_audits_switches_s_start'====== Args={'value': 154, 'prev_value': None, 'change': True}
2022-10-12 08:20:12,512 : INFO : EventManager : Event: ======'machine_var_audits_switches_s_tilt'====== Args={'value': 129, 'prev_value': None, 'change': True}
2022-10-12 08:20:12,512 : INFO : EventManager : Event: ======'machine_var_audits_switches_s_transfer_rollover'====== Args={'value': 3, 'prev_value': None, 'change': True}
2022-10-12 08:20:12,513 : INFO : EventManager : Event: ======'machine_var_audits_switches_s_trough_1'====== Args={'value': 57, 'prev_value': None, 'change': True}
2022-10-12 08:20:12,513 : INFO : EventManager : Event: ======'machine_var_audits_switches_s_trough_2'====== Args={'value': 211, 'prev_value': None, 'change': True}
2022-10-12 08:20:12,513 : INFO : EventManager : Event: ======'machine_var_audits_switches_s_trough_3'====== Args={'value': 103, 'prev_value': None, 'change': True}
2022-10-12 08:20:12,513 : INFO : EventManager : Event: ======'machine_var_audits_switches_s_trough_4'====== Args={'value': 105, 'prev_value': None, 'change': True}
2022-10-12 08:20:12,513 : INFO : EventManager : Event: ======'machine_var_audits_switches_s_trough_5'====== Args={'value': 111, 'prev_value': None, 'change': True}
2022-10-12 08:20:12,514 : INFO : EventManager : Event: ======'machine_var_audits_switches_s_trough_6'====== Args={'value': 187, 'prev_value': None, 'change': True}
2022-10-12 08:20:12,514 : INFO : EventManager : Event: ======'machine_var_audits_switches_s_trough_jam'====== Args={'value': 108, 'prev_value': None, 'change': True}
2022-10-12 08:20:12,514 : INFO : EventManager : Event: ======'machine_var_audits_switches_s_upper_drop'====== Args={'value': 0, 'prev_value': None, 'change': True}
2022-10-12 08:20:12,514 : INFO : EventManager : Event: ======'machine_var_audits_switches_s_upper_rollover'====== Args={'value': 24, 'prev_value': None, 'change': True}
2022-10-12 08:20:12,515 : INFO : EventManager : Event: ======'machine_var_audits_switches_s_upper_stationary'====== Args={'value': 13, 'prev_value': None, 'change': True}
2022-10-12 08:20:12,515 : INFO : EventManager : Event: ======'machine_var_audits_switches_s_vuk_back'====== Args={'value': 1, 'prev_value': None, 'change': True}
2022-10-12 08:20:12,515 : INFO : EventManager : Event: ======'machine_var_audits_switches_s_vuk_right'====== Args={'value': 3, 'prev_value': None, 'change': True}
2022-10-12 08:20:12,515 : INFO : EventManager : Event: ======'machine_var_audits_switches_s_vuk_top'====== Args={'value': 29, 'prev_value': None, 'change': True}
2022-10-12 08:20:12,517 : INFO : EventManager : Event: ======'init_phase_5'====== Args={}
2022-10-12 08:20:12,564 : INFO : EventManager : Event: ======'init_done'====== Args={}
2022-10-12 08:20:12,565 : INFO : EventManager : Event: ======'machine_reset_phase_1'====== Args={}
2022-10-12 08:20:12,565 : INFO : EventManager : Event: ======'machine_reset_phase_2'====== Args={}
2022-10-12 08:20:12,566 : INFO : EventManager : Event: ======'machine_reset_phase_3'====== Args={}
2022-10-12 08:20:12,566 : INFO : EventManager : Event: ======'mode_tilt_will_start'====== Args={'queue': <QueuedEvent>}
2022-10-12 08:20:12,567 : INFO : EventManager : Event: ======'mode_tilt_starting'====== Args={'queue': <QueuedEvent>}
2022-10-12 08:20:12,567 : INFO : drop_target_bank.mid : All targets are already up. Will not reset bank.
2022-10-12 08:20:12,567 : INFO : drop_target_bank.right : All targets are already up. Will not reset bank.
2022-10-12 08:20:12,568 : INFO : Mode.tilt : Started. Priority: 1000000
2022-10-12 08:20:12,568 : INFO : EventManager : Event: ======'modes_active_modes_changed'====== Args={}
2022-10-12 08:20:12,568 : INFO : EventManager : Event: ======'mode_tilt_started'====== Args={'queue': <QueuedEvent>}
2022-10-12 08:20:12,568 : INFO : EventManager : Event: ======'reset_complete'====== Args={}
2022-10-12 08:20:12,569 : INFO : EventManager : Event: ======'mode_attract_will_start'====== Args={}
2022-10-12 08:20:12,569 : INFO : EventManager : Event: ======'mode_attract_starting'====== Args={}
2022-10-12 08:20:12,569 : INFO : Mode.attract : Started. Priority: 10
2022-10-12 08:20:12,569 : INFO : EventManager : Event: ======'modes_active_modes_changed'====== Args={}
2022-10-12 08:20:12,569 : INFO : EventManager : Event: ======'mode_attract_started'====== Args={}
2022-10-12 08:20:12,569 : INFO : EventManager : Event: ======'collecting_balls_complete'====== Args={}
2022-10-12 08:20:12,621 : INFO : Machine : Starting the main run loop.
2022-10-12 08:20:12,855 : INFO : BcpServer : New client connected.
2022-10-12 08:21:01,398 : INFO : Machine : Shutting down...
2022-10-12 08:21:01,398 : INFO : EventManager : Event: ======'shutdown'====== Args={}
2022-10-12 08:21:01,428 : WARNING : FAST : Port RGB received more messages than were sent! Resetting!
2022-10-12 08:21:01,428 : WARNING : FAST : Port NET received more messages than were sent! Resetting!
2022-10-12 08:21:01,507 : ERROR : FAST : Stop called on serial connection com9
2022-10-12 08:21:01,507 : ERROR : FAST : Stop called on serial connection com10
2022-10-12 08:21:01,729 : INFO : root : MPF run loop ended.
