2022-09-07 16:05:50,381 : INFO : root : Loading config.
2022-09-07 16:05:50,384 : INFO : YamlMultifileConfigLoader : Machine config file #1: config.yaml
2022-09-07 16:05:50,385 : INFO : ConfigProcessor : Loading config from cache: C:\Users\Tanner\AppData\Local\Temp\a6762098cb994b55cb03a478b26022ee.mpf_cache
2022-09-07 16:05:50,451 : INFO : ConfigProcessor : Loading config from file c:\users\tanner\appdata\local\programs\python\python37\lib\site-packages\mpf\modes\attract\config\attract.yaml.
2022-09-07 16:05:50,453 : INFO : ConfigProcessor : Loading config: c:\users\tanner\appdata\local\programs\python\python37\lib\site-packages\mpf\modes\attract\config\attract.yaml
2022-09-07 16:05:50,453 : INFO : ConfigProcessor : Loading config from file c:\trashland_2\modes\attract\config\attract.yaml.
2022-09-07 16:05:50,454 : INFO : ConfigProcessor : Loading config: c:\trashland_2\modes\attract\config\attract.yaml
2022-09-07 16:05:50,455 : INFO : ConfigProcessor : Config file cache created: C:\Users\Tanner\AppData\Local\Temp\9cf7ccc27b21f4d6162237fadfc53e5a.mpf_cache
2022-09-07 16:05:50,455 : INFO : ConfigProcessor : Loading config from cache: C:\Users\Tanner\AppData\Local\Temp\c215df352878fee5d54f1a5ec5b16e7c.mpf_cache
2022-09-07 16:05:50,457 : INFO : ConfigProcessor : Loading config from file c:\trashland_2\modes\attract\shows\.\green_sweep_top_to_bot.yaml.
2022-09-07 16:05:50,546 : INFO : ConfigProcessor : Loading config: c:\trashland_2\modes\attract\shows\.\green_sweep_top_to_bot.yaml
2022-09-07 16:05:50,547 : INFO : ConfigProcessor : Config file cache created: C:\Users\Tanner\AppData\Local\Temp\abaa92c43d134e3392cbb2346e6a16be.mpf_cache
2022-09-07 16:05:50,547 : INFO : Machine : Mission Pinball Framework Core Engine v0.55.0
2022-09-07 16:05:50,548 : INFO : Machine : Command line arguments: {'no_load_cache': False, 'create_config_cache': True, 'bcp': False, 'configfile': ['config.yaml'], 'force_assets_load': False, 'jsonlogging': False, 'logfile': 'logs\\2022-09-07-16-05-50-mpf-DESKTOP-7HNFDQ5.log', 'pause': False, 'production': False, 'text_ui': True, 'loglevel': 15, 'consoleloglevel': 20, 'force_platform': None, 'syslog_address': None, 'mc_file_name': None, 'no_sound': False}
2022-09-07 16:05:50,548 : INFO : Machine : MPF path: c:\users\tanner\appdata\local\programs\python\python37\lib\site-packages\mpf
2022-09-07 16:05:50,548 : INFO : Machine : Machine path: c:\trashland_2
2022-09-07 16:05:50,548 : INFO : Machine : Platform: win32
2022-09-07 16:05:50,548 : INFO : Machine : Python executable location: c:\users\tanner\appdata\local\programs\python\python37\python.exe
2022-09-07 16:05:50,548 : INFO : Machine : Python version: 3.7.8 (64-bit)
2022-09-07 16:05:50,549 : INFO : Machine : Initialise MPF.
2022-09-07 16:05:50,815 : INFO : FAST : Connecting to com20 at 921600bps
2022-09-07 16:05:50,929 : INFO : FAST : Connected! Processor: NET, Board Type: FP-CPU-002-2, Firmware: 01.00
2022-09-07 16:05:50,929 : INFO : EventManager : Event: ======'machine_var_fast_net_firmware'====== Args={'value': '01.00', 'prev_value': None, 'change': True}
2022-09-07 16:05:50,929 : INFO : EventManager : Event: ======'machine_var_fast_net_model'====== Args={'value': 'FP-CPU-002-2', 'prev_value': None, 'change': True}
2022-09-07 16:05:55,933 : WARNING : FAST : Reset of NET CPU failed. This might be a firmware bug in your version.
2022-09-07 16:05:56,534 : INFO : FAST : Connecting to com21 at 921600bps
2022-09-07 16:05:56,645 : INFO : FAST : Connected! Processor: RGB, Board Type: FP-CPU-002-2, Firmware: 01.00
2022-09-07 16:05:56,645 : INFO : EventManager : Event: ======'machine_var_fast_rgb_firmware'====== Args={'value': '01.00', 'prev_value': None, 'change': True}
2022-09-07 16:05:56,645 : INFO : EventManager : Event: ======'machine_var_fast_rgb_model'====== Args={'value': 'FP-CPU-002-2', 'prev_value': None, 'change': True}
2022-09-07 16:05:56,646 : INFO : EventManager : Event: ======'machine_var_credits_string'====== Args={'value': 'FREE PLAY', 'prev_value': None, 'change': True}
2022-09-07 16:05:56,693 : INFO : EventManager : Event: ======'machine_var_master_volume'====== Args={'value': 0.5, 'prev_value': None, 'change': True}
2022-09-07 16:05:56,693 : INFO : EventManager : Event: ======'machine_var_mpf_version'====== Args={'value': 'MPF v0.55.0', 'prev_value': None, 'change': True}
2022-09-07 16:05:56,693 : INFO : EventManager : Event: ======'machine_var_mpf_extended_version'====== Args={'value': 'MPF v0.55.0, Config version:5, Show version: 5, BCP version:1.1', 'prev_value': None, 'change': True}
2022-09-07 16:05:56,694 : INFO : EventManager : Event: ======'machine_var_python_version'====== Args={'value': '3.7.8', 'prev_value': None, 'change': True}
2022-09-07 16:05:56,694 : INFO : EventManager : Event: ======'machine_var_platform'====== Args={'value': 'Windows-10-10.0.19041-SP0', 'prev_value': None, 'change': True}
2022-09-07 16:05:56,694 : INFO : EventManager : Event: ======'machine_var_platform_system'====== Args={'value': 'Windows', 'prev_value': None, 'change': True}
2022-09-07 16:05:56,694 : INFO : EventManager : Event: ======'machine_var_platform_release'====== Args={'value': '10', 'prev_value': None, 'change': True}
2022-09-07 16:05:56,694 : INFO : EventManager : Event: ======'machine_var_platform_version'====== Args={'value': '10.0.19041', 'prev_value': None, 'change': True}
2022-09-07 16:05:56,694 : INFO : EventManager : Event: ======'machine_var_platform_machine'====== Args={'value': 'AMD64', 'prev_value': None, 'change': True}
2022-09-07 16:05:56,694 : INFO : EventManager : Event: ======'init_phase_1'====== Args={}
2022-09-07 16:05:56,736 : INFO : EventManager : Event: ======'drop_target_bank_mid_up'====== Args={}
2022-09-07 16:05:56,736 : INFO : EventManager : Event: ======'drop_target_bank_right_up'====== Args={}
2022-09-07 16:05:56,747 : INFO : EventManager : Event: ======'init_phase_2'====== Args={}
2022-09-07 16:05:56,748 : INFO : SwitchController : Found active switch: (('2D', 1), <Platform.FAST>) <switch.s_drop_mid_right>
2022-09-07 16:05:56,748 : INFO : SwitchController : Found active switch: (('2C', 1), <Platform.FAST>) <switch.s_drop_mid_mid>
2022-09-07 16:05:56,748 : INFO : SwitchController : Found active switch: (('2B', 1), <Platform.FAST>) <switch.s_drop_mid_left>
2022-09-07 16:05:56,748 : INFO : SwitchController : Found active switch: (('30', 1), <Platform.FAST>) <switch.s_drop_right_right>
2022-09-07 16:05:56,748 : INFO : SwitchController : Found active switch: (('31', 1), <Platform.FAST>) <switch.s_drop_right_left>
2022-09-07 16:05:56,748 : INFO : SwitchController : Found active switch: (('32', 1), <Platform.FAST>) <switch.s_drop_single>
2022-09-07 16:05:56,748 : INFO : SwitchController : Found active switch: (('44', 1), <Platform.FAST>) <switch.s_trough_2>
2022-09-07 16:05:56,748 : INFO : SwitchController : Found active switch: (('3E', 1), <Platform.FAST>) <switch.s_trough_1>
2022-09-07 16:05:56,748 : INFO : SwitchController : Found active switch: (('3D', 1), <Platform.FAST>) <switch.s_trough_jam>
2022-09-07 16:05:56,755 : INFO : ball_device.bd_trough : BCH: Initial count: 3
2022-09-07 16:05:56,755 : INFO : ball_device.bd_trough : State: idle
2022-09-07 16:05:56,756 : INFO : ball_device.bd_plunger : BCH: Initial count: 0
2022-09-07 16:05:56,756 : INFO : ball_device.bd_plunger : State: idle
2022-09-07 16:05:56,798 : INFO : EventManager : Event: ======'init_phase_3'====== Args={}
2022-09-07 16:05:56,819 : INFO : EventManager : Event: ======'init_phase_4'====== Args={}
2022-09-07 16:05:56,819 : INFO : EventManager : Event: ======'playfield_active'====== Args={}
2022-09-07 16:05:56,819 : INFO : EventManager : Event: ======'unexpected_ball_on_playfield'====== Args={}
2022-09-07 16:05:56,819 : INFO : EventManager : Event: ======'drop_target_d_drop_single_down'====== Args={'device': <drop_target.d_drop_single>}
2022-09-07 16:05:56,819 : INFO : EventManager : Event: ======'playfield_active'====== Args={}
2022-09-07 16:05:56,819 : INFO : EventManager : Event: ======'unexpected_ball_on_playfield'====== Args={}
2022-09-07 16:05:56,819 : INFO : EventManager : Event: ======'drop_target_mid_right_down'====== Args={'device': <drop_target.mid_right>}
2022-09-07 16:05:56,819 : INFO : EventManager : Event: ======'drop_target_bank_mid_mixed'====== Args={'prev_value': <DropTargetBankState.UP: 'up'>, 'down': 1}
2022-09-07 16:05:56,820 : INFO : EventManager : Event: ======'playfield_active'====== Args={}
2022-09-07 16:05:56,820 : INFO : EventManager : Event: ======'unexpected_ball_on_playfield'====== Args={}
2022-09-07 16:05:56,820 : INFO : EventManager : Event: ======'drop_target_mid_mid_down'====== Args={'device': <drop_target.mid_mid>}
2022-09-07 16:05:56,820 : INFO : EventManager : Event: ======'drop_target_bank_mid_mixed'====== Args={'prev_value': <DropTargetBankState.MIXED: 'mixed'>, 'down': 2}
2022-09-07 16:05:56,820 : INFO : EventManager : Event: ======'playfield_active'====== Args={}
2022-09-07 16:05:56,820 : INFO : EventManager : Event: ======'unexpected_ball_on_playfield'====== Args={}
2022-09-07 16:05:56,820 : INFO : EventManager : Event: ======'drop_target_mid_left_down'====== Args={'device': <drop_target.mid_left>}
2022-09-07 16:05:56,820 : INFO : EventManager : Event: ======'drop_target_bank_mid_down'====== Args={}
2022-09-07 16:05:56,820 : INFO : EventManager : Event: ======'playfield_active'====== Args={}
2022-09-07 16:05:56,820 : INFO : EventManager : Event: ======'unexpected_ball_on_playfield'====== Args={}
2022-09-07 16:05:56,820 : INFO : EventManager : Event: ======'drop_target_right_right_down'====== Args={'device': <drop_target.right_right>}
2022-09-07 16:05:56,820 : INFO : EventManager : Event: ======'drop_target_bank_right_mixed'====== Args={'prev_value': <DropTargetBankState.UP: 'up'>, 'down': 1}
2022-09-07 16:05:56,820 : INFO : EventManager : Event: ======'playfield_active'====== Args={}
2022-09-07 16:05:56,820 : INFO : EventManager : Event: ======'unexpected_ball_on_playfield'====== Args={}
2022-09-07 16:05:56,821 : INFO : EventManager : Event: ======'drop_target_right_left_down'====== Args={'device': <drop_target.right_left>}
2022-09-07 16:05:56,821 : INFO : EventManager : Event: ======'drop_target_bank_right_down'====== Args={}
2022-09-07 16:05:56,822 : INFO : BallController : Initial balls found: 3
2022-09-07 16:05:56,824 : INFO : EventManager : Event: ======'machine_var_audits_events_game_ended'====== Args={'value': 0, 'prev_value': None, 'change': True}
2022-09-07 16:05:56,824 : INFO : EventManager : Event: ======'machine_var_audits_events_game_started'====== Args={'value': 0, 'prev_value': None, 'change': True}
2022-09-07 16:05:56,824 : INFO : EventManager : Event: ======'machine_var_audits_player_score'====== Args={'value': {'average': 0, 'top': [], 'total': 0}, 'prev_value': None, 'change': True}
2022-09-07 16:05:56,824 : INFO : EventManager : Event: ======'machine_var_audits_switches_s_autolauncher'====== Args={'value': 69, 'prev_value': None, 'change': True}
2022-09-07 16:05:56,824 : INFO : EventManager : Event: ======'machine_var_audits_switches_s_bot_back'====== Args={'value': 0, 'prev_value': None, 'change': True}
2022-09-07 16:05:56,824 : INFO : EventManager : Event: ======'machine_var_audits_switches_s_bot_big'====== Args={'value': 0, 'prev_value': None, 'change': True}
2022-09-07 16:05:56,825 : INFO : EventManager : Event: ======'machine_var_audits_switches_s_bot_left'====== Args={'value': 0, 'prev_value': None, 'change': True}
2022-09-07 16:05:56,825 : INFO : EventManager : Event: ======'machine_var_audits_switches_s_bot_right'====== Args={'value': 0, 'prev_value': None, 'change': True}
2022-09-07 16:05:56,825 : INFO : EventManager : Event: ======'machine_var_audits_switches_s_bot_rollover'====== Args={'value': 0, 'prev_value': None, 'change': True}
2022-09-07 16:05:56,825 : INFO : EventManager : Event: ======'machine_var_audits_switches_s_bot_vuk'====== Args={'value': 0, 'prev_value': None, 'change': True}
2022-09-07 16:05:56,825 : INFO : EventManager : Event: ======'machine_var_audits_switches_s_drop_mid_left'====== Args={'value': 45, 'prev_value': None, 'change': True}
2022-09-07 16:05:56,825 : INFO : EventManager : Event: ======'machine_var_audits_switches_s_drop_mid_mid'====== Args={'value': 46, 'prev_value': None, 'change': True}
2022-09-07 16:05:56,825 : INFO : EventManager : Event: ======'machine_var_audits_switches_s_drop_mid_right'====== Args={'value': 5, 'prev_value': None, 'change': True}
2022-09-07 16:05:56,826 : INFO : EventManager : Event: ======'machine_var_audits_switches_s_drop_right_left'====== Args={'value': 7, 'prev_value': None, 'change': True}
2022-09-07 16:05:56,826 : INFO : EventManager : Event: ======'machine_var_audits_switches_s_drop_right_right'====== Args={'value': 6, 'prev_value': None, 'change': True}
2022-09-07 16:05:56,826 : INFO : EventManager : Event: ======'machine_var_audits_switches_s_drop_single'====== Args={'value': 40, 'prev_value': None, 'change': True}
2022-09-07 16:05:56,826 : INFO : EventManager : Event: ======'machine_var_audits_switches_s_eos_left'====== Args={'value': 26, 'prev_value': None, 'change': True}
2022-09-07 16:05:56,826 : INFO : EventManager : Event: ======'machine_var_audits_switches_s_eos_left_top'====== Args={'value': 24, 'prev_value': None, 'change': True}
2022-09-07 16:05:56,826 : INFO : EventManager : Event: ======'machine_var_audits_switches_s_eos_right'====== Args={'value': 0, 'prev_value': None, 'change': True}
2022-09-07 16:05:56,826 : INFO : EventManager : Event: ======'machine_var_audits_switches_s_launch'====== Args={'value': 0, 'prev_value': None, 'change': True}
2022-09-07 16:05:56,827 : INFO : EventManager : Event: ======'machine_var_audits_switches_s_left_flipper'====== Args={'value': 47, 'prev_value': None, 'change': True}
2022-09-07 16:05:56,827 : INFO : EventManager : Event: ======'machine_var_audits_switches_s_left_inlane'====== Args={'value': 0, 'prev_value': None, 'change': True}
2022-09-07 16:05:56,827 : INFO : EventManager : Event: ======'machine_var_audits_switches_s_left_outlane'====== Args={'value': 0, 'prev_value': None, 'change': True}
2022-09-07 16:05:56,827 : INFO : EventManager : Event: ======'machine_var_audits_switches_s_pop_left'====== Args={'value': 8, 'prev_value': None, 'change': True}
2022-09-07 16:05:56,827 : INFO : EventManager : Event: ======'machine_var_audits_switches_s_pop_lower'====== Args={'value': 20, 'prev_value': None, 'change': True}
2022-09-07 16:05:56,827 : INFO : EventManager : Event: ======'machine_var_audits_switches_s_pop_right'====== Args={'value': 26, 'prev_value': None, 'change': True}
2022-09-07 16:05:56,828 : INFO : EventManager : Event: ======'machine_var_audits_switches_s_right_flipper'====== Args={'value': 44, 'prev_value': None, 'change': True}
2022-09-07 16:05:56,828 : INFO : EventManager : Event: ======'machine_var_audits_switches_s_right_inlane'====== Args={'value': 0, 'prev_value': None, 'change': True}
2022-09-07 16:05:56,828 : INFO : EventManager : Event: ======'machine_var_audits_switches_s_right_outlane'====== Args={'value': 1, 'prev_value': None, 'change': True}
2022-09-07 16:05:56,828 : INFO : EventManager : Event: ======'machine_var_audits_switches_s_rollover_left'====== Args={'value': 3, 'prev_value': None, 'change': True}
2022-09-07 16:05:56,828 : INFO : EventManager : Event: ======'machine_var_audits_switches_s_rollover_right'====== Args={'value': 1, 'prev_value': None, 'change': True}
2022-09-07 16:05:56,829 : INFO : EventManager : Event: ======'machine_var_audits_switches_s_sling_left'====== Args={'value': 3, 'prev_value': None, 'change': True}
2022-09-07 16:05:56,829 : INFO : EventManager : Event: ======'machine_var_audits_switches_s_start'====== Args={'value': 86, 'prev_value': None, 'change': True}
2022-09-07 16:05:56,829 : INFO : EventManager : Event: ======'machine_var_audits_switches_s_trough_1'====== Args={'value': 56, 'prev_value': None, 'change': True}
2022-09-07 16:05:56,829 : INFO : EventManager : Event: ======'machine_var_audits_switches_s_trough_2'====== Args={'value': 46, 'prev_value': None, 'change': True}
2022-09-07 16:05:56,829 : INFO : EventManager : Event: ======'machine_var_audits_switches_s_trough_3'====== Args={'value': 45, 'prev_value': None, 'change': True}
2022-09-07 16:05:56,830 : INFO : EventManager : Event: ======'machine_var_audits_switches_s_trough_4'====== Args={'value': 46, 'prev_value': None, 'change': True}
2022-09-07 16:05:56,830 : INFO : EventManager : Event: ======'machine_var_audits_switches_s_trough_5'====== Args={'value': 49, 'prev_value': None, 'change': True}
2022-09-07 16:05:56,830 : INFO : EventManager : Event: ======'machine_var_audits_switches_s_trough_6'====== Args={'value': 52, 'prev_value': None, 'change': True}
2022-09-07 16:05:56,830 : INFO : EventManager : Event: ======'machine_var_audits_switches_s_trough_jam'====== Args={'value': 107, 'prev_value': None, 'change': True}
2022-09-07 16:05:56,830 : INFO : EventManager : Event: ======'machine_var_audits_switches_s_vuk_back'====== Args={'value': 0, 'prev_value': None, 'change': True}
2022-09-07 16:05:56,831 : INFO : EventManager : Event: ======'machine_var_audits_switches_s_vuk_right'====== Args={'value': 0, 'prev_value': None, 'change': True}
2022-09-07 16:05:56,831 : INFO : EventManager : Event: ======'machine_var_audits_switches_s_upper_rollover'====== Args={'value': 0, 'prev_value': None, 'change': True}
2022-09-07 16:05:56,831 : INFO : EventManager : Event: ======'machine_var_audits_switches_s_upper_drop'====== Args={'value': 0, 'prev_value': None, 'change': True}
2022-09-07 16:05:56,831 : INFO : EventManager : Event: ======'machine_var_audits_switches_s_upper_stationary'====== Args={'value': 0, 'prev_value': None, 'change': True}
2022-09-07 16:05:56,832 : INFO : EventManager : Event: ======'machine_var_audits_switches_s_back_rollover'====== Args={'value': 0, 'prev_value': None, 'change': True}
2022-09-07 16:05:56,832 : INFO : EventManager : Event: ======'machine_var_audits_switches_s_back_pop'====== Args={'value': 0, 'prev_value': None, 'change': True}
2022-09-07 16:05:56,832 : INFO : EventManager : Event: ======'machine_var_audits_switches_s_back_stationary'====== Args={'value': 0, 'prev_value': None, 'change': True}
2022-09-07 16:05:56,832 : INFO : EventManager : Event: ======'machine_var_audits_switches_s_transfer_rollover'====== Args={'value': 0, 'prev_value': None, 'change': True}
2022-09-07 16:05:56,833 : INFO : EventManager : Event: ======'machine_var_audits_switches_s_sling_right'====== Args={'value': 0, 'prev_value': None, 'change': True}
2022-09-07 16:05:56,834 : INFO : EventManager : Event: ======'init_phase_5'====== Args={}
2022-09-07 16:05:56,883 : INFO : EventManager : Event: ======'init_done'====== Args={}
2022-09-07 16:05:56,884 : INFO : EventManager : Event: ======'machine_reset_phase_1'====== Args={}
2022-09-07 16:05:56,885 : INFO : BcpServer : New client connected.
2022-09-07 16:05:56,895 : INFO : EventManager : Event: ======'machine_reset_phase_2'====== Args={}
2022-09-07 16:05:56,895 : INFO : EventManager : Event: ======'machine_reset_phase_3'====== Args={}
2022-09-07 16:05:56,896 : INFO : drop_target_bank.mid : 3 targets are down. Will reset those.
2022-09-07 16:05:56,896 : INFO : coil.c_drop_mid : Pulsing Driver for 50ms (0.7 pulse_power)
2022-09-07 16:05:56,896 : INFO : drop_target_bank.right : 2 targets are down. Will reset those.
2022-09-07 16:05:56,896 : INFO : coil.c_drop_mid : Pulsing Driver for 50ms (0.7 pulse_power)
2022-09-07 16:05:56,896 : INFO : coil.c_drop_mid : Pulsing Driver for 50ms (0.7 pulse_power)
2022-09-07 16:05:56,896 : INFO : coil.c_drop_mid : Pulsing Driver for 50ms (0.7 pulse_power)
2022-09-07 16:05:56,897 : INFO : coil.c_drop_right : Pulsing Driver for 10ms (1.0 pulse_power)
2022-09-07 16:05:56,897 : INFO : coil.c_drop_right : Pulsing Driver for 10ms (1.0 pulse_power)
2022-09-07 16:05:56,898 : INFO : EventManager : Event: ======'reset_complete'====== Args={}
2022-09-07 16:05:56,899 : INFO : EventManager : Event: ======'mode_attract_will_start'====== Args={}
2022-09-07 16:05:56,899 : INFO : EventManager : Event: ======'mode_attract_starting'====== Args={}
2022-09-07 16:05:56,900 : INFO : Mode.attract : Started. Priority: 10
2022-09-07 16:05:56,900 : INFO : EventManager : Event: ======'modes_active_modes_changed'====== Args={}
2022-09-07 16:05:56,900 : INFO : EventManager : Event: ======'mode_attract_started'====== Args={}
2022-09-07 16:05:56,900 : INFO : EventManager : Event: ======'collecting_balls_complete'====== Args={}
2022-09-07 16:05:56,941 : INFO : coil.c_drop_right : Pulsing Driver for 10ms (1.0 pulse_power)
2022-09-07 16:05:56,942 : INFO : Machine : Starting the main run loop.
2022-09-07 16:05:56,966 : INFO : coil.c_drop_single : Pulsing Driver for 10ms (1.0 pulse_power)
2022-09-07 16:05:57,075 : INFO : SwitchController : <<<<<<< 's_drop_right_left' inactive >>>>>>>
2022-09-07 16:05:57,095 : INFO : SwitchController : <<<<<<< 's_drop_mid_left' inactive >>>>>>>
2022-09-07 16:05:57,095 : INFO : SwitchController : <<<<<<< 's_drop_mid_right' inactive >>>>>>>
2022-09-07 16:05:57,096 : INFO : SwitchController : <<<<<<< 's_drop_right_right' inactive >>>>>>>
2022-09-07 16:05:57,096 : INFO : SwitchController : <<<<<<< 's_drop_mid_mid' inactive >>>>>>>
2022-09-07 16:05:57,139 : INFO : SwitchController : <<<<<<< 's_drop_mid_mid' active >>>>>>>
2022-09-07 16:05:57,234 : INFO : SwitchController : <<<<<<< 's_drop_mid_left' active >>>>>>>
2022-09-07 16:05:57,392 : INFO : EventManager : Event: ======'drop_target_right_left_up'====== Args={'device': <drop_target.right_left>}
2022-09-07 16:05:57,393 : INFO : EventManager : Event: ======'drop_target_bank_right_mixed'====== Args={'prev_value': <DropTargetBankState.DOWN: 'down'>, 'down': 1}
2022-09-07 16:05:57,394 : INFO : EventManager : Event: ======'drop_target_mid_right_up'====== Args={'device': <drop_target.mid_right>}
2022-09-07 16:05:57,394 : INFO : EventManager : Event: ======'drop_target_bank_mid_mixed'====== Args={'prev_value': <DropTargetBankState.DOWN: 'down'>, 'down': 2}
2022-09-07 16:05:57,395 : INFO : EventManager : Event: ======'drop_target_right_right_up'====== Args={'device': <drop_target.right_right>}
2022-09-07 16:05:57,395 : INFO : EventManager : Event: ======'drop_target_bank_right_up'====== Args={}
2022-09-07 16:05:57,807 : INFO : drop_target_bank.right : All targets are already up. Will not reset bank.
2022-09-07 16:05:57,807 : INFO : drop_target_bank.mid : 2 targets are down. Will reset those.
2022-09-07 16:05:57,807 : INFO : coil.c_drop_mid : Pulsing Driver for 50ms (0.7 pulse_power)
2022-09-07 16:05:57,854 : INFO : SwitchController : <<<<<<< 's_drop_mid_left' inactive >>>>>>>
2022-09-07 16:05:57,855 : INFO : SwitchController : <<<<<<< 's_drop_mid_mid' inactive >>>>>>>
2022-09-07 16:05:57,886 : INFO : SwitchController : <<<<<<< 's_drop_mid_mid' active >>>>>>>
2022-09-07 16:05:57,998 : INFO : SwitchController : <<<<<<< 's_drop_mid_left' active >>>>>>>
2022-09-07 16:05:58,300 : INFO : EventManager : Event: ======'drop_target_bank_mid_mixed'====== Args={'prev_value': <DropTargetBankState.MIXED: 'mixed'>, 'down': 2}
2022-09-07 16:06:05,393 : INFO : SwitchController : <<<<<<< 's_left_flipper' active >>>>>>>
2022-09-07 16:06:05,425 : INFO : SwitchController : <<<<<<< 's_eos_left' active >>>>>>>
2022-09-07 16:06:05,426 : INFO : SwitchController : <<<<<<< 's_eos_left_top' active >>>>>>>
2022-09-07 16:06:05,445 : INFO : SwitchController : <<<<<<< 's_eos_right' active >>>>>>>
2022-09-07 16:06:05,460 : INFO : SwitchController : <<<<<<< 's_eos_right' inactive >>>>>>>
2022-09-07 16:06:05,552 : INFO : SwitchController : <<<<<<< 's_left_flipper' inactive >>>>>>>
2022-09-07 16:06:05,647 : INFO : SwitchController : <<<<<<< 's_eos_left_top' inactive >>>>>>>
2022-09-07 16:06:05,665 : INFO : SwitchController : <<<<<<< 's_eos_left' inactive >>>>>>>
2022-09-07 16:06:05,914 : INFO : SwitchController : <<<<<<< 's_left_flipper' active >>>>>>>
2022-09-07 16:06:05,934 : INFO : SwitchController : <<<<<<< 's_eos_left' active >>>>>>>
2022-09-07 16:06:05,946 : INFO : SwitchController : <<<<<<< 's_eos_left_top' active >>>>>>>
2022-09-07 16:06:05,946 : INFO : SwitchController : <<<<<<< 's_eos_right' active >>>>>>>
2022-09-07 16:06:05,967 : INFO : SwitchController : <<<<<<< 's_eos_right' inactive >>>>>>>
2022-09-07 16:06:05,995 : INFO : SwitchController : <<<<<<< 's_left_flipper' inactive >>>>>>>
2022-09-07 16:06:06,121 : INFO : SwitchController : <<<<<<< 's_eos_left_top' inactive >>>>>>>
2022-09-07 16:06:06,122 : INFO : SwitchController : <<<<<<< 's_eos_left' inactive >>>>>>>
2022-09-07 16:06:39,546 : INFO : Machine : Shutting down...
2022-09-07 16:06:39,546 : INFO : EventManager : Event: ======'shutdown'====== Args={}
2022-09-07 16:06:39,562 : WARNING : FAST : Port NET received more messages than were sent! Resetting!
2022-09-07 16:06:39,578 : WARNING : FAST : Port RGB received more messages than were sent! Resetting!
2022-09-07 16:06:39,578 : WARNING : FAST : Received unknown serial command? BX:P from RGB.
2022-09-07 16:06:39,642 : ERROR : FAST : Stop called on serial connection com20
2022-09-07 16:06:39,642 : ERROR : FAST : Stop called on serial connection com21
2022-09-07 16:06:39,880 : INFO : root : MPF run loop ended.
