2022-10-06 08:53:34,637 : INFO : root : Loading config.
2022-10-06 08:53:34,640 : INFO : YamlMultifileConfigLoader : Machine config file #1: config.yaml
2022-10-06 08:53:34,640 : INFO : ConfigProcessor : Loading config from cache: C:\Users\Tanner\AppData\Local\Temp\a6762098cb994b55cb03a478b26022ee.mpf_cache
2022-10-06 08:53:34,700 : INFO : ConfigProcessor : Loading config from cache: C:\Users\Tanner\AppData\Local\Temp\9cf7ccc27b21f4d6162237fadfc53e5a.mpf_cache
2022-10-06 08:53:34,700 : INFO : ConfigProcessor : Loading config from cache: C:\Users\Tanner\AppData\Local\Temp\c215df352878fee5d54f1a5ec5b16e7c.mpf_cache
2022-10-06 08:53:34,701 : INFO : ConfigProcessor : Loading config from cache: C:\Users\Tanner\AppData\Local\Temp\708062243e0edcfa77dd6b1521bd0d4e.mpf_cache
2022-10-06 08:53:34,702 : INFO : ConfigProcessor : Loading config from cache: C:\Users\Tanner\AppData\Local\Temp\c4174472f67f7b070dd6fb437c6feb0c.mpf_cache
2022-10-06 08:53:34,703 : INFO : ConfigProcessor : Loading config from cache: C:\Users\Tanner\AppData\Local\Temp\abaa92c43d134e3392cbb2346e6a16be.mpf_cache
2022-10-06 08:53:34,703 : INFO : ConfigProcessor : Loading config from cache: C:\Users\Tanner\AppData\Local\Temp\fc46d53fcb9fe6b8abf783d9c813390a.mpf_cache
2022-10-06 08:53:34,704 : INFO : Machine : Mission Pinball Framework Core Engine v0.55.0
2022-10-06 08:53:34,704 : INFO : Machine : Command line arguments: {'no_load_cache': False, 'create_config_cache': True, 'bcp': False, 'configfile': ['config.yaml'], 'force_assets_load': False, 'jsonlogging': False, 'logfile': 'logs\\2022-10-06-08-53-34-mpf-DESKTOP-7HNFDQ5.log', 'pause': False, 'production': False, 'text_ui': True, 'loglevel': 15, 'consoleloglevel': 20, 'force_platform': None, 'syslog_address': None, 'mc_file_name': None, 'no_sound': False}
2022-10-06 08:53:34,704 : INFO : Machine : MPF path: c:\users\tanner\appdata\local\programs\python\python37\lib\site-packages\mpf
2022-10-06 08:53:34,704 : INFO : Machine : Machine path: c:\trashland_2
2022-10-06 08:53:34,704 : INFO : Machine : Platform: win32
2022-10-06 08:53:34,704 : INFO : Machine : Python executable location: c:\users\tanner\appdata\local\programs\python\python37\python.exe
2022-10-06 08:53:34,704 : INFO : Machine : Python version: 3.7.8 (64-bit)
2022-10-06 08:53:34,706 : INFO : Machine : Initialise MPF.
2022-10-06 08:53:34,936 : INFO : FAST : Connecting to com9 at 921600bps
2022-10-06 08:53:34,970 : INFO : FAST : Connected! Processor: NET, Board Type: FP-CPU-002-2, Firmware: 01.05
2022-10-06 08:53:34,970 : INFO : EventManager : Event: ======'machine_var_fast_net_firmware'====== Args={'value': '01.05', 'prev_value': None, 'change': True}
2022-10-06 08:53:34,970 : INFO : EventManager : Event: ======'machine_var_fast_net_model'====== Args={'value': 'FP-CPU-002-2', 'prev_value': None, 'change': True}
2022-10-06 08:53:37,329 : WARNING : FAST : Got unexpected message from FAST: -N:2C
2022-10-06 08:53:37,329 : WARNING : FAST : Got unexpected message from FAST: -N:30
2022-10-06 08:53:37,329 : WARNING : FAST : Got unexpected message from FAST: -N:33
2022-10-06 08:53:37,329 : WARNING : FAST : Got unexpected message from FAST: -N:34
2022-10-06 08:53:37,329 : WARNING : FAST : Got unexpected message from FAST: -N:38
2022-10-06 08:53:37,329 : WARNING : FAST : Got unexpected message from FAST: -N:40
2022-10-06 08:53:37,329 : WARNING : FAST : Got unexpected message from FAST: -N:41
2022-10-06 08:53:37,329 : WARNING : FAST : Got unexpected message from FAST: -N:42
2022-10-06 08:53:37,329 : WARNING : FAST : Got unexpected message from FAST: -N:43
2022-10-06 08:53:37,329 : WARNING : FAST : Got unexpected message from FAST: -N:44
2022-10-06 08:53:37,438 : INFO : FAST : Connecting to com10 at 921600bps
2022-10-06 08:53:37,468 : INFO : FAST : Connected! Processor: RGB, Board Type: FP-CPU-002-2, Firmware: 00.87
2022-10-06 08:53:37,468 : INFO : EventManager : Event: ======'machine_var_fast_rgb_firmware'====== Args={'value': '00.87', 'prev_value': None, 'change': True}
2022-10-06 08:53:37,468 : INFO : EventManager : Event: ======'machine_var_fast_rgb_model'====== Args={'value': 'FP-CPU-002-2', 'prev_value': None, 'change': True}
2022-10-06 08:53:37,469 : INFO : EventManager : Event: ======'machine_var_credits_string'====== Args={'value': 'FREE PLAY', 'prev_value': None, 'change': True}
2022-10-06 08:53:37,509 : INFO : EventManager : Event: ======'machine_var_master_volume'====== Args={'value': 0.5, 'prev_value': None, 'change': True}
2022-10-06 08:53:37,509 : INFO : EventManager : Event: ======'machine_var_mpf_version'====== Args={'value': 'MPF v0.55.0', 'prev_value': None, 'change': True}
2022-10-06 08:53:37,509 : INFO : EventManager : Event: ======'machine_var_mpf_extended_version'====== Args={'value': 'MPF v0.55.0, Config version:5, Show version: 5, BCP version:1.1', 'prev_value': None, 'change': True}
2022-10-06 08:53:37,509 : INFO : EventManager : Event: ======'machine_var_python_version'====== Args={'value': '3.7.8', 'prev_value': None, 'change': True}
2022-10-06 08:53:37,509 : INFO : EventManager : Event: ======'machine_var_platform'====== Args={'value': 'Windows-10-10.0.19041-SP0', 'prev_value': None, 'change': True}
2022-10-06 08:53:37,509 : INFO : EventManager : Event: ======'machine_var_platform_system'====== Args={'value': 'Windows', 'prev_value': None, 'change': True}
2022-10-06 08:53:37,509 : INFO : EventManager : Event: ======'machine_var_platform_release'====== Args={'value': '10', 'prev_value': None, 'change': True}
2022-10-06 08:53:37,510 : INFO : EventManager : Event: ======'machine_var_platform_version'====== Args={'value': '10.0.19041', 'prev_value': None, 'change': True}
2022-10-06 08:53:37,510 : INFO : EventManager : Event: ======'machine_var_platform_machine'====== Args={'value': 'AMD64', 'prev_value': None, 'change': True}
2022-10-06 08:53:37,510 : INFO : EventManager : Event: ======'init_phase_1'====== Args={}
2022-10-06 08:53:37,544 : INFO : EventManager : Event: ======'drop_target_bank_mid_up'====== Args={}
2022-10-06 08:53:37,544 : INFO : EventManager : Event: ======'drop_target_bank_right_up'====== Args={}
2022-10-06 08:53:37,556 : INFO : EventManager : Event: ======'init_phase_2'====== Args={}
2022-10-06 08:53:37,556 : INFO : SwitchController : Found active switch: (('2C', 1), <Platform.FAST>) <switch.s_drop_mid_mid>
2022-10-06 08:53:37,556 : INFO : SwitchController : Found active switch: (('30', 1), <Platform.FAST>) <switch.s_drop_right_right>
2022-10-06 08:53:37,556 : INFO : SwitchController : Found active switch: (('3E', 1), <Platform.FAST>) <switch.s_trough_1>
2022-10-06 08:53:37,556 : INFO : SwitchController : Found active switch: (('3D', 1), <Platform.FAST>) <switch.s_trough_jam>
2022-10-06 08:53:37,556 : INFO : SwitchController : Found active switch: (('3C', 1), <Platform.FAST>) <switch.s_eos_right>
2022-10-06 08:53:37,556 : INFO : SwitchController : Found active switch: (('3B', 1), <Platform.FAST>) <switch.s_eos_left>
2022-10-06 08:53:37,556 : INFO : SwitchController : Found active switch: (('5D', 1), <Platform.FAST>) <switch.s_bot_vuk>
2022-10-06 08:53:37,563 : INFO : ball_device.bd_trough : BCH: Initial count: 2
2022-10-06 08:53:37,563 : INFO : ball_device.bd_trough : State: idle
2022-10-06 08:53:37,564 : INFO : ball_device.bd_plunger : BCH: Initial count: 0
2022-10-06 08:53:37,564 : INFO : ball_device.bd_plunger : State: idle
2022-10-06 08:53:37,564 : INFO : ball_device.bd_top_vuk : BCH: Initial count: 0
2022-10-06 08:53:37,565 : INFO : ball_device.bd_top_vuk : State: idle
2022-10-06 08:53:37,565 : INFO : ball_device.bd_right_vuk : BCH: Initial count: 0
2022-10-06 08:53:37,565 : INFO : ball_device.bd_right_vuk : State: idle
2022-10-06 08:53:37,604 : INFO : EventManager : Event: ======'init_phase_3'====== Args={}
2022-10-06 08:53:37,637 : INFO : EventManager : Event: ======'init_phase_4'====== Args={}
2022-10-06 08:53:37,638 : INFO : EventManager : Event: ======'playfield_active'====== Args={}
2022-10-06 08:53:37,638 : INFO : EventManager : Event: ======'unexpected_ball_on_playfield'====== Args={}
2022-10-06 08:53:37,638 : INFO : EventManager : Event: ======'playfield_active'====== Args={}
2022-10-06 08:53:37,638 : INFO : EventManager : Event: ======'unexpected_ball_on_playfield'====== Args={}
2022-10-06 08:53:37,638 : INFO : EventManager : Event: ======'playfield_active'====== Args={}
2022-10-06 08:53:37,638 : INFO : EventManager : Event: ======'unexpected_ball_on_playfield'====== Args={}
2022-10-06 08:53:37,638 : INFO : EventManager : Event: ======'drop_target_mid_mid_down'====== Args={'device': <drop_target.mid_mid>}
2022-10-06 08:53:37,638 : INFO : EventManager : Event: ======'drop_target_bank_mid_mixed'====== Args={'prev_value': <DropTargetBankState.UP: 'up'>, 'down': 1}
2022-10-06 08:53:37,638 : INFO : EventManager : Event: ======'playfield_active'====== Args={}
2022-10-06 08:53:37,638 : INFO : EventManager : Event: ======'unexpected_ball_on_playfield'====== Args={}
2022-10-06 08:53:37,638 : INFO : EventManager : Event: ======'playfield_active'====== Args={}
2022-10-06 08:53:37,638 : INFO : EventManager : Event: ======'unexpected_ball_on_playfield'====== Args={}
2022-10-06 08:53:37,638 : INFO : EventManager : Event: ======'drop_target_right_right_down'====== Args={'device': <drop_target.right_right>}
2022-10-06 08:53:37,639 : INFO : EventManager : Event: ======'drop_target_bank_right_mixed'====== Args={'prev_value': <DropTargetBankState.UP: 'up'>, 'down': 1}
2022-10-06 08:53:37,639 : INFO : EventManager : Event: ======'playfield_active'====== Args={}
2022-10-06 08:53:37,639 : INFO : EventManager : Event: ======'unexpected_ball_on_playfield'====== Args={}
2022-10-06 08:53:37,639 : INFO : BallController : Initial balls found: 2
2022-10-06 08:53:37,641 : INFO : EventManager : Event: ======'machine_var_audits_events_game_ended'====== Args={'value': 0, 'prev_value': None, 'change': True}
2022-10-06 08:53:37,641 : INFO : EventManager : Event: ======'machine_var_audits_events_game_started'====== Args={'value': 0, 'prev_value': None, 'change': True}
2022-10-06 08:53:37,641 : INFO : EventManager : Event: ======'machine_var_audits_player_score'====== Args={'value': {'average': 0, 'top': [], 'total': 0}, 'prev_value': None, 'change': True}
2022-10-06 08:53:37,641 : INFO : EventManager : Event: ======'machine_var_audits_switches_s_autolauncher'====== Args={'value': 75, 'prev_value': None, 'change': True}
2022-10-06 08:53:37,641 : INFO : EventManager : Event: ======'machine_var_audits_switches_s_back_pop'====== Args={'value': 0, 'prev_value': None, 'change': True}
2022-10-06 08:53:37,641 : INFO : EventManager : Event: ======'machine_var_audits_switches_s_back_rollover'====== Args={'value': 0, 'prev_value': None, 'change': True}
2022-10-06 08:53:37,642 : INFO : EventManager : Event: ======'machine_var_audits_switches_s_back_stationary'====== Args={'value': 0, 'prev_value': None, 'change': True}
2022-10-06 08:53:37,642 : INFO : EventManager : Event: ======'machine_var_audits_switches_s_bot_back'====== Args={'value': 0, 'prev_value': None, 'change': True}
2022-10-06 08:53:37,642 : INFO : EventManager : Event: ======'machine_var_audits_switches_s_bot_big'====== Args={'value': 1, 'prev_value': None, 'change': True}
2022-10-06 08:53:37,642 : INFO : EventManager : Event: ======'machine_var_audits_switches_s_bot_left'====== Args={'value': 0, 'prev_value': None, 'change': True}
2022-10-06 08:53:37,642 : INFO : EventManager : Event: ======'machine_var_audits_switches_s_bot_right'====== Args={'value': 0, 'prev_value': None, 'change': True}
2022-10-06 08:53:37,642 : INFO : EventManager : Event: ======'machine_var_audits_switches_s_bot_rollover'====== Args={'value': 0, 'prev_value': None, 'change': True}
2022-10-06 08:53:37,642 : INFO : EventManager : Event: ======'machine_var_audits_switches_s_bot_vuk'====== Args={'value': 0, 'prev_value': None, 'change': True}
2022-10-06 08:53:37,642 : INFO : EventManager : Event: ======'machine_var_audits_switches_s_drop_mid_left'====== Args={'value': 67, 'prev_value': None, 'change': True}
2022-10-06 08:53:37,643 : INFO : EventManager : Event: ======'machine_var_audits_switches_s_drop_mid_mid'====== Args={'value': 75, 'prev_value': None, 'change': True}
2022-10-06 08:53:37,643 : INFO : EventManager : Event: ======'machine_var_audits_switches_s_drop_mid_right'====== Args={'value': 5, 'prev_value': None, 'change': True}
2022-10-06 08:53:37,643 : INFO : EventManager : Event: ======'machine_var_audits_switches_s_drop_right_left'====== Args={'value': 21, 'prev_value': None, 'change': True}
2022-10-06 08:53:37,643 : INFO : EventManager : Event: ======'machine_var_audits_switches_s_drop_right_right'====== Args={'value': 48, 'prev_value': None, 'change': True}
2022-10-06 08:53:37,643 : INFO : EventManager : Event: ======'machine_var_audits_switches_s_drop_single'====== Args={'value': 40, 'prev_value': None, 'change': True}
2022-10-06 08:53:37,643 : INFO : EventManager : Event: ======'machine_var_audits_switches_s_eos_left'====== Args={'value': 71, 'prev_value': None, 'change': True}
2022-10-06 08:53:37,644 : INFO : EventManager : Event: ======'machine_var_audits_switches_s_eos_left_top'====== Args={'value': 658, 'prev_value': None, 'change': True}
2022-10-06 08:53:37,644 : INFO : EventManager : Event: ======'machine_var_audits_switches_s_eos_right'====== Args={'value': 96, 'prev_value': None, 'change': True}
2022-10-06 08:53:37,644 : INFO : EventManager : Event: ======'machine_var_audits_switches_s_launch'====== Args={'value': 45, 'prev_value': None, 'change': True}
2022-10-06 08:53:37,644 : INFO : EventManager : Event: ======'machine_var_audits_switches_s_left_flipper'====== Args={'value': 751, 'prev_value': None, 'change': True}
2022-10-06 08:53:37,644 : INFO : EventManager : Event: ======'machine_var_audits_switches_s_left_inlane'====== Args={'value': 16, 'prev_value': None, 'change': True}
2022-10-06 08:53:37,644 : INFO : EventManager : Event: ======'machine_var_audits_switches_s_left_outlane'====== Args={'value': 4, 'prev_value': None, 'change': True}
2022-10-06 08:53:37,645 : INFO : EventManager : Event: ======'machine_var_audits_switches_s_pop_left'====== Args={'value': 129, 'prev_value': None, 'change': True}
2022-10-06 08:53:37,645 : INFO : EventManager : Event: ======'machine_var_audits_switches_s_pop_lower'====== Args={'value': 175, 'prev_value': None, 'change': True}
2022-10-06 08:53:37,645 : INFO : EventManager : Event: ======'machine_var_audits_switches_s_pop_right'====== Args={'value': 214, 'prev_value': None, 'change': True}
2022-10-06 08:53:37,645 : INFO : EventManager : Event: ======'machine_var_audits_switches_s_right_flipper'====== Args={'value': 788, 'prev_value': None, 'change': True}
2022-10-06 08:53:37,645 : INFO : EventManager : Event: ======'machine_var_audits_switches_s_right_inlane'====== Args={'value': 0, 'prev_value': None, 'change': True}
2022-10-06 08:53:37,645 : INFO : EventManager : Event: ======'machine_var_audits_switches_s_right_outlane'====== Args={'value': 53, 'prev_value': None, 'change': True}
2022-10-06 08:53:37,646 : INFO : EventManager : Event: ======'machine_var_audits_switches_s_rollover_left'====== Args={'value': 43, 'prev_value': None, 'change': True}
2022-10-06 08:53:37,646 : INFO : EventManager : Event: ======'machine_var_audits_switches_s_rollover_right'====== Args={'value': 37, 'prev_value': None, 'change': True}
2022-10-06 08:53:37,646 : INFO : EventManager : Event: ======'machine_var_audits_switches_s_sling_left'====== Args={'value': 32, 'prev_value': None, 'change': True}
2022-10-06 08:53:37,646 : INFO : EventManager : Event: ======'machine_var_audits_switches_s_sling_right'====== Args={'value': 83, 'prev_value': None, 'change': True}
2022-10-06 08:53:37,646 : INFO : EventManager : Event: ======'machine_var_audits_switches_s_start'====== Args={'value': 150, 'prev_value': None, 'change': True}
2022-10-06 08:53:37,647 : INFO : EventManager : Event: ======'machine_var_audits_switches_s_tilt'====== Args={'value': 106, 'prev_value': None, 'change': True}
2022-10-06 08:53:37,647 : INFO : EventManager : Event: ======'machine_var_audits_switches_s_transfer_rollover'====== Args={'value': 0, 'prev_value': None, 'change': True}
2022-10-06 08:53:37,647 : INFO : EventManager : Event: ======'machine_var_audits_switches_s_trough_1'====== Args={'value': 57, 'prev_value': None, 'change': True}
2022-10-06 08:53:37,647 : INFO : EventManager : Event: ======'machine_var_audits_switches_s_trough_2'====== Args={'value': 142, 'prev_value': None, 'change': True}
2022-10-06 08:53:37,647 : INFO : EventManager : Event: ======'machine_var_audits_switches_s_trough_3'====== Args={'value': 83, 'prev_value': None, 'change': True}
2022-10-06 08:53:37,648 : INFO : EventManager : Event: ======'machine_var_audits_switches_s_trough_4'====== Args={'value': 83, 'prev_value': None, 'change': True}
2022-10-06 08:53:37,648 : INFO : EventManager : Event: ======'machine_var_audits_switches_s_trough_5'====== Args={'value': 89, 'prev_value': None, 'change': True}
2022-10-06 08:53:37,648 : INFO : EventManager : Event: ======'machine_var_audits_switches_s_trough_6'====== Args={'value': 153, 'prev_value': None, 'change': True}
2022-10-06 08:53:37,648 : INFO : EventManager : Event: ======'machine_var_audits_switches_s_trough_jam'====== Args={'value': 108, 'prev_value': None, 'change': True}
2022-10-06 08:53:37,649 : INFO : EventManager : Event: ======'machine_var_audits_switches_s_upper_drop'====== Args={'value': 0, 'prev_value': None, 'change': True}
2022-10-06 08:53:37,649 : INFO : EventManager : Event: ======'machine_var_audits_switches_s_upper_rollover'====== Args={'value': 0, 'prev_value': None, 'change': True}
2022-10-06 08:53:37,649 : INFO : EventManager : Event: ======'machine_var_audits_switches_s_upper_stationary'====== Args={'value': 0, 'prev_value': None, 'change': True}
2022-10-06 08:53:37,649 : INFO : EventManager : Event: ======'machine_var_audits_switches_s_vuk_back'====== Args={'value': 1, 'prev_value': None, 'change': True}
2022-10-06 08:53:37,650 : INFO : EventManager : Event: ======'machine_var_audits_switches_s_vuk_right'====== Args={'value': 3, 'prev_value': None, 'change': True}
2022-10-06 08:53:37,650 : INFO : EventManager : Event: ======'machine_var_audits_switches_s_vuk_top'====== Args={'value': 21, 'prev_value': None, 'change': True}
2022-10-06 08:53:37,651 : INFO : EventManager : Event: ======'init_phase_5'====== Args={}
2022-10-06 08:53:37,696 : INFO : EventManager : Event: ======'init_done'====== Args={}
2022-10-06 08:53:37,697 : INFO : EventManager : Event: ======'machine_reset_phase_1'====== Args={}
2022-10-06 08:53:37,698 : INFO : EventManager : Event: ======'machine_reset_phase_2'====== Args={}
2022-10-06 08:53:37,698 : INFO : EventManager : Event: ======'machine_reset_phase_3'====== Args={}
2022-10-06 08:53:37,699 : INFO : EventManager : Event: ======'mode_tilt_will_start'====== Args={'queue': <QueuedEvent>}
2022-10-06 08:53:37,699 : INFO : EventManager : Event: ======'mode_tilt_starting'====== Args={'queue': <QueuedEvent>}
2022-10-06 08:53:37,699 : INFO : drop_target_bank.mid : 1 targets are down. Will reset those.
2022-10-06 08:53:37,699 : INFO : coil.c_drop_mid : Pulsing Driver for 50ms (0.7 pulse_power)
2022-10-06 08:53:37,699 : INFO : drop_target_bank.right : 1 targets are down. Will reset those.
2022-10-06 08:53:37,700 : INFO : Mode.tilt : Started. Priority: 1000000
2022-10-06 08:53:37,700 : INFO : EventManager : Event: ======'modes_active_modes_changed'====== Args={}
2022-10-06 08:53:37,700 : INFO : EventManager : Event: ======'mode_tilt_started'====== Args={'queue': <QueuedEvent>}
2022-10-06 08:53:37,701 : INFO : EventManager : Event: ======'reset_complete'====== Args={}
2022-10-06 08:53:37,701 : INFO : EventManager : Event: ======'mode_attract_will_start'====== Args={}
2022-10-06 08:53:37,701 : INFO : EventManager : Event: ======'mode_attract_starting'====== Args={}
2022-10-06 08:53:37,701 : INFO : Mode.attract : Started. Priority: 10
2022-10-06 08:53:37,701 : INFO : EventManager : Event: ======'modes_active_modes_changed'====== Args={}
2022-10-06 08:53:37,701 : INFO : EventManager : Event: ======'mode_attract_started'====== Args={}
2022-10-06 08:53:37,702 : INFO : EventManager : Event: ======'collecting_balls_complete'====== Args={}
2022-10-06 08:53:37,724 : INFO : Machine : Starting the main run loop.
2022-10-06 08:53:37,737 : INFO : coil.c_drop_right : Pulsing Driver for 10ms (1.0 pulse_power)
2022-10-06 08:53:37,769 : INFO : coil.c_drop_right : Pulsing Driver for 10ms (1.0 pulse_power)
2022-10-06 08:53:38,198 : INFO : EventManager : Event: ======'drop_target_bank_mid_mixed'====== Args={'prev_value': <DropTargetBankState.MIXED: 'mixed'>, 'down': 1}
2022-10-06 08:53:38,198 : INFO : EventManager : Event: ======'drop_target_bank_right_mixed'====== Args={'prev_value': <DropTargetBankState.MIXED: 'mixed'>, 'down': 1}
2022-10-06 08:53:58,093 : INFO : SwitchController : <<<<<<< 's_start' active >>>>>>>
2022-10-06 08:53:58,278 : INFO : SwitchController : <<<<<<< 's_start' inactive >>>>>>>
2022-10-06 08:53:58,278 : INFO : EventManager : Event: ======'request_to_start_game'====== Args={}
2022-10-06 08:53:58,278 : INFO : EventManager : Event: ======'game_start'====== Args={'buttons': [], 'hold_time': 0.18699999999989814}
2022-10-06 08:53:58,280 : INFO : EventManager : Event: ======'mode_game_will_start'====== Args={'buttons': [], 'hold_time': 0.18699999999989814}
2022-10-06 08:53:58,280 : INFO : EventManager : Event: ======'mode_game_starting'====== Args={'buttons': [], 'hold_time': 0.18699999999989814}
2022-10-06 08:53:58,280 : INFO : EventManager : Event: ======'mode_attract_will_stop'====== Args={}
2022-10-06 08:53:58,280 : INFO : EventManager : Event: ======'mode_attract_stopping'====== Args={}
2022-10-06 08:53:58,280 : INFO : Mode.attract : Stopped.
2022-10-06 08:53:58,280 : INFO : EventManager : Event: ======'modes_active_modes_changed'====== Args={}
2022-10-06 08:53:58,281 : INFO : EventManager : Event: ======'mode_attract_stopped'====== Args={}
2022-10-06 08:53:58,281 : INFO : EventManager : Event: ======'clear'====== Args={'key': 'attract'}
2022-10-06 08:53:58,281 : INFO : Mode.game : Started. Priority: 20
2022-10-06 08:53:58,281 : INFO : EventManager : Event: ======'modes_active_modes_changed'====== Args={}
2022-10-06 08:53:58,281 : INFO : EventManager : Event: ======'mode_game_started'====== Args={'buttons': [], 'hold_time': 0.18699999999989814}
2022-10-06 08:53:58,285 : INFO : EventManager : Event: ======'game_will_start'====== Args={}
2022-10-06 08:53:58,286 : INFO : EventManager : Event: ======'game_starting'====== Args={'game': <Mode.game>}
2022-10-06 08:53:58,286 : INFO : EventManager : Event: ======'player_add_request'====== Args={}
2022-10-06 08:53:58,286 : INFO : EventManager : Event: ======'player_will_add'====== Args={'number': 1}
2022-10-06 08:53:58,287 : INFO : EventManager : Event: ======'player_adding'====== Args={'player': <Player 1>, 'number': 1}
2022-10-06 08:53:58,287 : INFO : EventManager : Event: ======'player_added'====== Args={'player': <Player 1>, 'num': 1}
2022-10-06 08:53:58,287 : INFO : Mode.game : Player added successfully. Total players: 1
2022-10-06 08:53:58,287 : INFO : EventManager : Event: ======'player_index'====== Args={'value': 0, 'prev_value': 0, 'change': 0, 'player_num': 1}
2022-10-06 08:53:58,287 : INFO : EventManager : Event: ======'player_number'====== Args={'value': 1, 'prev_value': 1, 'change': 0, 'player_num': 1}
2022-10-06 08:53:58,287 : INFO : EventManager : Event: ======'player_score'====== Args={'value': 0, 'prev_value': 0, 'change': 0, 'player_num': 1}
2022-10-06 08:53:58,287 : INFO : EventManager : Event: ======'game_started'====== Args={}
2022-10-06 08:53:58,299 : INFO : EventManager : Event: ======'player_turn_will_start'====== Args={'player': <Player 1>, 'number': 1}
2022-10-06 08:53:58,300 : INFO : EventManager : Event: ======'player_turn_starting'====== Args={'player': <Player 1>, 'number': 1}
2022-10-06 08:53:58,300 : INFO : EventManager : Event: ======'player_ball'====== Args={'value': 1, 'prev_value': 0, 'change': 1, 'player_num': 1}
2022-10-06 08:53:58,300 : INFO : EventManager : Event: ======'player_turn_started'====== Args={'player': <Player 1>, 'number': 1}
2022-10-06 08:53:58,300 : INFO : EventManager : Event: ======'ball_will_start'====== Args={'player': 1, 'ball': 1, 'balls_remaining': 2, 'is_extra_ball': False}
2022-10-06 08:53:58,304 : INFO : EventManager : Event: ======'ball_starting'====== Args={'player': 1, 'ball': 1, 'balls_remaining': 2, 'is_extra_ball': False}
2022-10-06 08:53:58,304 : INFO : EventManager : Event: ======'mode_base_will_start'====== Args={'queue': <QueuedEvent>, 'player': 1, 'ball': 1, 'balls_remaining': 2, 'is_extra_ball': False}
2022-10-06 08:53:58,305 : INFO : EventManager : Event: ======'mode_base_starting'====== Args={'queue': <QueuedEvent>, 'player': 1, 'ball': 1, 'balls_remaining': 2, 'is_extra_ball': False}
2022-10-06 08:53:58,305 : INFO : drop_target_bank.mid : 1 targets are down. Will reset those.
2022-10-06 08:53:58,305 : INFO : coil.c_drop_mid : Pulsing Driver for 50ms (0.7 pulse_power)
2022-10-06 08:53:58,305 : INFO : drop_target_bank.right : 1 targets are down. Will reset those.
2022-10-06 08:53:58,305 : INFO : Mode.base : Started. Priority: 100
2022-10-06 08:53:58,305 : INFO : EventManager : Event: ======'modes_active_modes_changed'====== Args={}
2022-10-06 08:53:58,305 : INFO : EventManager : Event: ======'mode_base_started'====== Args={'queue': <QueuedEvent>, 'player': 1, 'ball': 1, 'balls_remaining': 2, 'is_extra_ball': False}
2022-10-06 08:53:58,306 : INFO : EventManager : Event: ======'balls_in_play'====== Args={'balls': 1}
2022-10-06 08:53:58,306 : INFO : EventManager : Event: ======'ball_started'====== Args={'player': 1, 'ball': 1, 'balls_remaining': 2, 'is_extra_ball': False}
2022-10-06 08:53:58,321 : INFO : EventManager : Event: ======'single_player_ball_started'====== Args={}
2022-10-06 08:53:58,321 : INFO : EventManager : Event: ======'ball_start_target'====== Args={'target': 'playfield'}
2022-10-06 08:53:58,322 : INFO : ball_device.bd_plunger : Setting up player-controlled eject. Balls: 1, Target: <playfield.playfield>, player_controlled_eject_event: s_launch_active
2022-10-06 08:53:58,322 : INFO : EventManager : Event: ======'balldevice_balls_available'====== Args={}
2022-10-06 08:53:58,323 : INFO : ball_device.bd_trough : State: waiting_for_target_ready
2022-10-06 08:53:58,323 : INFO : EventManager : Event: ======'balldevice_bd_trough_ball_eject_attempt'====== Args={'balls': 1, 'target': <ball_device.bd_plunger>, 'source': <ball_device.bd_trough>, 'mechanical_eject': True, 'num_attempts': 0}
2022-10-06 08:53:58,323 : INFO : ball_device.bd_plunger : State: waiting_for_ball
2022-10-06 08:53:58,323 : INFO : ball_device.bd_top_vuk : State: waiting_for_ball
2022-10-06 08:53:58,324 : INFO : ball_device.bd_trough : State: ejecting
2022-10-06 08:53:58,324 : INFO : ball_device.bd_trough : Ejecting ball to <ball_device.bd_plunger>
2022-10-06 08:53:58,324 : INFO : EventManager : Event: ======'balldevice_bd_trough_ejecting_ball'====== Args={'balls': 1, 'target': <ball_device.bd_plunger>, 'source': <ball_device.bd_trough>, 'mechanical_eject': True, 'num_attempts': 0}
2022-10-06 08:53:58,324 : INFO : ball_device.bd_trough : Wait for ball to leave device
2022-10-06 08:53:58,358 : INFO : coil.c_drop_right : Pulsing Driver for 10ms (1.0 pulse_power)
2022-10-06 08:53:58,373 : INFO : SwitchController : <<<<<<< 's_drop_mid_mid' inactive >>>>>>>
2022-10-06 08:53:58,391 : INFO : coil.c_drop_right : Pulsing Driver for 10ms (1.0 pulse_power)
2022-10-06 08:53:58,391 : INFO : coil.c_trough : Pulsing Driver for 30ms (0.9 pulse_power)
2022-10-06 08:53:58,391 : INFO : SwitchController : <<<<<<< 's_drop_right_right' inactive >>>>>>>
2022-10-06 08:53:58,783 : INFO : EventManager : Event: ======'drop_target_mid_mid_up'====== Args={'device': <drop_target.mid_mid>}
2022-10-06 08:53:58,783 : INFO : EventManager : Event: ======'drop_target_bank_right_mixed'====== Args={'prev_value': <DropTargetBankState.MIXED: 'mixed'>, 'down': 1}
2022-10-06 08:53:58,783 : INFO : EventManager : Event: ======'drop_target_bank_mid_up'====== Args={}
2022-10-06 08:53:58,783 : INFO : EventManager : Event: ======'drop_target_right_right_up'====== Args={'device': <drop_target.right_right>}
2022-10-06 08:53:58,783 : INFO : EventManager : Event: ======'drop_target_bank_right_up'====== Args={}
2022-10-06 08:54:02,845 : INFO : SwitchController : <<<<<<< 's_right_flipper' active >>>>>>>
2022-10-06 08:54:02,845 : INFO : EventManager : Event: ======'machine_var_audits_switches_s_right_flipper'====== Args={'value': 789, 'prev_value': 788, 'change': 1}
2022-10-06 08:54:03,124 : INFO : SwitchController : <<<<<<< 's_pop_left' active >>>>>>>
2022-10-06 08:54:03,124 : INFO : EventManager : Event: ======'playfield_active'====== Args={}
2022-10-06 08:54:03,124 : INFO : EventManager : Event: ======'unexpected_ball_on_playfield'====== Args={}
2022-10-06 08:54:03,124 : INFO : EventManager : Event: ======'machine_var_audits_switches_s_pop_left'====== Args={'value': 130, 'prev_value': 129, 'change': 1}
2022-10-06 08:54:03,124 : INFO : SwitchController : <<<<<<< 's_right_flipper' inactive >>>>>>>
2022-10-06 08:54:03,144 : INFO : SwitchController : <<<<<<< 's_pop_left' inactive >>>>>>>
2022-10-06 08:54:03,144 : INFO : SwitchController : <<<<<<< 's_pop_left' active >>>>>>>
2022-10-06 08:54:03,144 : INFO : EventManager : Event: ======'playfield_active'====== Args={}
2022-10-06 08:54:03,144 : INFO : EventManager : Event: ======'unexpected_ball_on_playfield'====== Args={}
2022-10-06 08:54:03,144 : INFO : EventManager : Event: ======'machine_var_audits_switches_s_pop_left'====== Args={'value': 131, 'prev_value': 130, 'change': 1}
2022-10-06 08:54:03,144 : INFO : SwitchController : <<<<<<< 's_pop_left' inactive >>>>>>>
2022-10-06 08:54:03,340 : INFO : SwitchController : <<<<<<< 's_pop_left' active >>>>>>>
2022-10-06 08:54:03,340 : INFO : EventManager : Event: ======'playfield_active'====== Args={}
2022-10-06 08:54:03,340 : INFO : EventManager : Event: ======'unexpected_ball_on_playfield'====== Args={}
2022-10-06 08:54:03,340 : INFO : EventManager : Event: ======'machine_var_audits_switches_s_pop_left'====== Args={'value': 132, 'prev_value': 131, 'change': 1}
2022-10-06 08:54:03,359 : INFO : SwitchController : <<<<<<< 's_pop_left' inactive >>>>>>>
2022-10-06 08:54:03,711 : INFO : SwitchController : <<<<<<< 's_sling_right' active >>>>>>>
2022-10-06 08:54:03,711 : INFO : EventManager : Event: ======'playfield_active'====== Args={}
2022-10-06 08:54:03,711 : INFO : EventManager : Event: ======'unexpected_ball_on_playfield'====== Args={}
2022-10-06 08:54:03,711 : INFO : EventManager : Event: ======'machine_var_audits_switches_s_sling_right'====== Args={'value': 84, 'prev_value': 83, 'change': 1}
2022-10-06 08:54:03,730 : INFO : SwitchController : <<<<<<< 's_sling_right' inactive >>>>>>>
2022-10-06 08:54:03,882 : INFO : SwitchController : <<<<<<< 's_pop_lower' active >>>>>>>
2022-10-06 08:54:03,882 : INFO : EventManager : Event: ======'playfield_active'====== Args={}
2022-10-06 08:54:03,882 : INFO : EventManager : Event: ======'unexpected_ball_on_playfield'====== Args={}
2022-10-06 08:54:03,882 : INFO : EventManager : Event: ======'machine_var_audits_switches_s_pop_lower'====== Args={'value': 176, 'prev_value': 175, 'change': 1}
2022-10-06 08:54:03,901 : INFO : SwitchController : <<<<<<< 's_pop_lower' inactive >>>>>>>
2022-10-06 08:54:08,317 : INFO : EventManager : Event: ======'balldevice_bd_trough_ball_eject_failed'====== Args={'target': <ball_device.bd_plunger>, 'balls': 1, 'retry': True, 'num_attempts': 1}
2022-10-06 08:54:08,318 : INFO : ball_device.bd_trough : State: waiting_for_target_ready
2022-10-06 08:54:08,318 : INFO : EventManager : Event: ======'balldevice_bd_trough_ball_eject_attempt'====== Args={'balls': 1, 'target': <ball_device.bd_plunger>, 'source': <ball_device.bd_trough>, 'mechanical_eject': True, 'num_attempts': 1}
2022-10-06 08:54:08,318 : INFO : ball_device.bd_trough : State: ejecting
2022-10-06 08:54:08,318 : INFO : ball_device.bd_trough : Ejecting ball to <ball_device.bd_plunger>
2022-10-06 08:54:08,318 : INFO : EventManager : Event: ======'balldevice_bd_trough_ejecting_ball'====== Args={'balls': 1, 'target': <ball_device.bd_plunger>, 'source': <ball_device.bd_trough>, 'mechanical_eject': True, 'num_attempts': 1}
2022-10-06 08:54:08,319 : INFO : ball_device.bd_trough : Wait for ball to leave device
2022-10-06 08:54:08,319 : INFO : coil.c_trough : Pulsing Driver for 30ms (0.9 pulse_power)
2022-10-06 08:54:18,317 : INFO : EventManager : Event: ======'balldevice_bd_trough_ball_eject_failed'====== Args={'target': <ball_device.bd_plunger>, 'balls': 1, 'retry': True, 'num_attempts': 2}
2022-10-06 08:54:18,317 : INFO : ball_device.bd_trough : State: waiting_for_target_ready
2022-10-06 08:54:18,318 : INFO : EventManager : Event: ======'balldevice_bd_trough_ball_eject_attempt'====== Args={'balls': 1, 'target': <ball_device.bd_plunger>, 'source': <ball_device.bd_trough>, 'mechanical_eject': True, 'num_attempts': 2}
2022-10-06 08:54:18,318 : INFO : ball_device.bd_trough : State: ejecting
2022-10-06 08:54:18,318 : INFO : ball_device.bd_trough : Ejecting ball to <ball_device.bd_plunger>
2022-10-06 08:54:18,318 : INFO : EventManager : Event: ======'balldevice_bd_trough_ejecting_ball'====== Args={'balls': 1, 'target': <ball_device.bd_plunger>, 'source': <ball_device.bd_trough>, 'mechanical_eject': True, 'num_attempts': 2}
2022-10-06 08:54:18,319 : INFO : ball_device.bd_trough : Wait for ball to leave device
2022-10-06 08:54:18,319 : INFO : coil.c_trough : Pulsing Driver for 30ms (0.9 pulse_power)
2022-10-06 08:54:28,325 : INFO : EventManager : Event: ======'balldevice_bd_trough_ball_eject_failed'====== Args={'target': <ball_device.bd_plunger>, 'balls': 1, 'retry': True, 'num_attempts': 3}
2022-10-06 08:54:28,326 : INFO : ball_device.bd_trough : State: waiting_for_target_ready
2022-10-06 08:54:28,326 : INFO : EventManager : Event: ======'balldevice_bd_trough_ball_eject_attempt'====== Args={'balls': 1, 'target': <ball_device.bd_plunger>, 'source': <ball_device.bd_trough>, 'mechanical_eject': True, 'num_attempts': 3}
2022-10-06 08:54:28,326 : INFO : ball_device.bd_trough : State: ejecting
2022-10-06 08:54:28,326 : INFO : ball_device.bd_trough : Ejecting ball to <ball_device.bd_plunger>
2022-10-06 08:54:28,326 : INFO : EventManager : Event: ======'balldevice_bd_trough_ejecting_ball'====== Args={'balls': 1, 'target': <ball_device.bd_plunger>, 'source': <ball_device.bd_trough>, 'mechanical_eject': True, 'num_attempts': 3}
2022-10-06 08:54:28,327 : INFO : ball_device.bd_trough : Wait for ball to leave device
2022-10-06 08:54:28,327 : INFO : coil.c_trough : Pulsing Driver for 30ms (0.9 pulse_power)
2022-10-06 08:54:30,529 : INFO : Machine : Shutting down...
2022-10-06 08:54:30,529 : INFO : EventManager : Event: ======'shutdown'====== Args={}
2022-10-06 08:54:30,560 : WARNING : FAST : Port NET received more messages than were sent! Resetting!
2022-10-06 08:54:30,560 : WARNING : FAST : Port RGB received more messages than were sent! Resetting!
2022-10-06 08:54:30,637 : ERROR : FAST : Stop called on serial connection com9
2022-10-06 08:54:30,637 : ERROR : FAST : Stop called on serial connection com10
2022-10-06 08:54:30,855 : INFO : root : MPF run loop ended.
