2022-10-21 09:30:23,949 : INFO : root : Loading config.
2022-10-21 09:30:23,951 : INFO : YamlMultifileConfigLoader : Machine config file #1: config.yaml
2022-10-21 09:30:23,952 : INFO : ConfigProcessor : Loading config from cache: C:\Users\Tanner\AppData\Local\Temp\a6762098cb994b55cb03a478b26022ee.mpf_cache
2022-10-21 09:30:24,011 : INFO : ConfigProcessor : Loading config from cache: C:\Users\Tanner\AppData\Local\Temp\9cf7ccc27b21f4d6162237fadfc53e5a.mpf_cache
2022-10-21 09:30:24,012 : INFO : ConfigProcessor : Loading config from cache: C:\Users\Tanner\AppData\Local\Temp\c215df352878fee5d54f1a5ec5b16e7c.mpf_cache
2022-10-21 09:30:24,012 : INFO : ConfigProcessor : Loading config from cache: C:\Users\Tanner\AppData\Local\Temp\708062243e0edcfa77dd6b1521bd0d4e.mpf_cache
2022-10-21 09:30:24,013 : INFO : ConfigProcessor : Loading config from cache: C:\Users\Tanner\AppData\Local\Temp\c4174472f67f7b070dd6fb437c6feb0c.mpf_cache
2022-10-21 09:30:24,014 : INFO : ConfigProcessor : Loading config from cache: C:\Users\Tanner\AppData\Local\Temp\9e6b4d5e43fd00e219ba7c739d818ad6.mpf_cache
2022-10-21 09:30:24,014 : INFO : ConfigProcessor : Loading config from cache: C:\Users\Tanner\AppData\Local\Temp\abaa92c43d134e3392cbb2346e6a16be.mpf_cache
2022-10-21 09:30:24,015 : INFO : ConfigProcessor : Loading config from cache: C:\Users\Tanner\AppData\Local\Temp\fc46d53fcb9fe6b8abf783d9c813390a.mpf_cache
2022-10-21 09:30:24,016 : INFO : ConfigProcessor : Loading config from cache: C:\Users\Tanner\AppData\Local\Temp\b46de592c65b9a27a1f4965daee53c91.mpf_cache
2022-10-21 09:30:24,016 : INFO : ConfigProcessor : Loading config from cache: C:\Users\Tanner\AppData\Local\Temp\5b50cb1d58cd4116013cda74c2923169.mpf_cache
2022-10-21 09:30:24,019 : INFO : ConfigProcessor : Loading config from cache: C:\Users\Tanner\AppData\Local\Temp\2734ac1662e5e62f2e4cb2a8d902a8f2.mpf_cache
2022-10-21 09:30:24,021 : INFO : ConfigProcessor : Loading config from cache: C:\Users\Tanner\AppData\Local\Temp\fe169133106b4804e097dca6b78afaf5.mpf_cache
2022-10-21 09:30:24,021 : INFO : ConfigProcessor : Loading config from cache: C:\Users\Tanner\AppData\Local\Temp\d4f531e94c6a484dd08e4121f6e3a74e.mpf_cache
2022-10-21 09:30:24,022 : INFO : ConfigProcessor : Loading config from cache: C:\Users\Tanner\AppData\Local\Temp\e9c431c8aa2f7ab7b37617b37185d68f.mpf_cache
2022-10-21 09:30:24,024 : INFO : ConfigProcessor : Loading config from cache: C:\Users\Tanner\AppData\Local\Temp\07112933e6abcdb1819075df64aee3c0.mpf_cache
2022-10-21 09:30:24,025 : INFO : Machine : Mission Pinball Framework Core Engine v0.55.0
2022-10-21 09:30:24,025 : INFO : Machine : Command line arguments: {'no_load_cache': False, 'create_config_cache': True, 'bcp': False, 'configfile': ['config.yaml'], 'force_assets_load': False, 'jsonlogging': False, 'logfile': 'logs\\2022-10-21-09-30-23-mpf-DESKTOP-7HNFDQ5.log', 'pause': False, 'production': False, 'text_ui': True, 'loglevel': 15, 'consoleloglevel': 20, 'force_platform': None, 'syslog_address': None, 'mc_file_name': None, 'no_sound': False}
2022-10-21 09:30:24,025 : INFO : Machine : MPF path: c:\users\tanner\appdata\local\programs\python\python37\lib\site-packages\mpf
2022-10-21 09:30:24,025 : INFO : Machine : Machine path: c:\trashland_2
2022-10-21 09:30:24,025 : INFO : Machine : Platform: win32
2022-10-21 09:30:24,025 : INFO : Machine : Python executable location: c:\users\tanner\appdata\local\programs\python\python37\python.exe
2022-10-21 09:30:24,025 : INFO : Machine : Python version: 3.7.8 (64-bit)
2022-10-21 09:30:24,026 : INFO : Machine : Initialise MPF.
2022-10-21 09:30:24,306 : INFO : FAST : Connecting to com14 at 921600bps
2022-10-21 09:30:24,419 : INFO : FAST : Connected! Processor: NET, Board Type: FP-CPU-002-2, Firmware: 01.05
2022-10-21 09:30:24,419 : INFO : EventManager : Event: ======'machine_var_fast_net_firmware'====== Args={'value': '01.05', 'prev_value': None, 'change': True}
2022-10-21 09:30:24,419 : INFO : EventManager : Event: ======'machine_var_fast_net_model'====== Args={'value': 'FP-CPU-002-2', 'prev_value': None, 'change': True}
2022-10-21 09:30:26,805 : WARNING : FAST : Got unexpected message from FAST: -N:0A
2022-10-21 09:30:26,805 : WARNING : FAST : Got unexpected message from FAST: -N:0F
2022-10-21 09:30:26,805 : WARNING : FAST : Got unexpected message from FAST: -N:11
2022-10-21 09:30:26,805 : WARNING : FAST : Got unexpected message from FAST: -N:2B
2022-10-21 09:30:26,805 : WARNING : FAST : Got unexpected message from FAST: -N:2C
2022-10-21 09:30:26,805 : WARNING : FAST : Got unexpected message from FAST: -N:2D
2022-10-21 09:30:26,805 : WARNING : FAST : Got unexpected message from FAST: -N:33
2022-10-21 09:30:26,805 : WARNING : FAST : Got unexpected message from FAST: -N:34
2022-10-21 09:30:26,805 : WARNING : FAST : Got unexpected message from FAST: -N:38
2022-10-21 09:30:26,805 : WARNING : FAST : Got unexpected message from FAST: -N:3D
2022-10-21 09:30:26,805 : WARNING : FAST : Got unexpected message from FAST: -N:40
2022-10-21 09:30:26,806 : WARNING : FAST : Got unexpected message from FAST: -N:41
2022-10-21 09:30:26,806 : WARNING : FAST : Got unexpected message from FAST: -N:42
2022-10-21 09:30:26,806 : WARNING : FAST : Got unexpected message from FAST: -N:43
2022-10-21 09:30:26,806 : WARNING : FAST : Got unexpected message from FAST: -N:48
2022-10-21 09:30:26,806 : WARNING : FAST : Got unexpected message from FAST: -N:5D
2022-10-21 09:30:26,913 : INFO : FAST : Connecting to com15 at 921600bps
2022-10-21 09:30:27,022 : INFO : FAST : Connected! Processor: RGB, Board Type: FP-CPU-002-2, Firmware: 00.87
2022-10-21 09:30:27,022 : INFO : EventManager : Event: ======'machine_var_fast_rgb_firmware'====== Args={'value': '00.87', 'prev_value': None, 'change': True}
2022-10-21 09:30:27,022 : INFO : EventManager : Event: ======'machine_var_fast_rgb_model'====== Args={'value': 'FP-CPU-002-2', 'prev_value': None, 'change': True}
2022-10-21 09:30:27,023 : INFO : EventManager : Event: ======'machine_var_credits_string'====== Args={'value': 'FREE PLAY', 'prev_value': None, 'change': True}
2022-10-21 09:30:27,065 : INFO : EventManager : Event: ======'machine_var_master_volume'====== Args={'value': 0.5, 'prev_value': None, 'change': True}
2022-10-21 09:30:27,065 : INFO : EventManager : Event: ======'machine_var_player1_score'====== Args={'value': 1020, 'prev_value': None, 'change': True}
2022-10-21 09:30:27,065 : INFO : EventManager : Event: ======'machine_var_mpf_version'====== Args={'value': 'MPF v0.55.0', 'prev_value': None, 'change': True}
2022-10-21 09:30:27,065 : INFO : EventManager : Event: ======'machine_var_mpf_extended_version'====== Args={'value': 'MPF v0.55.0, Config version:5, Show version: 5, BCP version:1.1', 'prev_value': None, 'change': True}
2022-10-21 09:30:27,065 : INFO : EventManager : Event: ======'machine_var_python_version'====== Args={'value': '3.7.8', 'prev_value': None, 'change': True}
2022-10-21 09:30:27,065 : INFO : EventManager : Event: ======'machine_var_platform'====== Args={'value': 'Windows-10-10.0.19041-SP0', 'prev_value': None, 'change': True}
2022-10-21 09:30:27,065 : INFO : EventManager : Event: ======'machine_var_platform_system'====== Args={'value': 'Windows', 'prev_value': None, 'change': True}
2022-10-21 09:30:27,065 : INFO : EventManager : Event: ======'machine_var_platform_release'====== Args={'value': '10', 'prev_value': None, 'change': True}
2022-10-21 09:30:27,065 : INFO : EventManager : Event: ======'machine_var_platform_version'====== Args={'value': '10.0.19041', 'prev_value': None, 'change': True}
2022-10-21 09:30:27,065 : INFO : EventManager : Event: ======'machine_var_platform_machine'====== Args={'value': 'AMD64', 'prev_value': None, 'change': True}
2022-10-21 09:30:27,065 : INFO : EventManager : Event: ======'init_phase_1'====== Args={}
2022-10-21 09:30:27,109 : INFO : EventManager : Event: ======'drop_target_bank_single_main_up'====== Args={}
2022-10-21 09:30:27,109 : INFO : EventManager : Event: ======'drop_target_bank_mid_up'====== Args={}
2022-10-21 09:30:27,109 : INFO : EventManager : Event: ======'drop_target_bank_right_up'====== Args={}
2022-10-21 09:30:27,119 : INFO : EventManager : Event: ======'init_phase_2'====== Args={}
2022-10-21 09:30:27,120 : INFO : SwitchController : Found active switch: (('0A', 1), <Platform.FAST>) <switch.s_upper_drop>
2022-10-21 09:30:27,120 : INFO : SwitchController : Found active switch: (('2D', 1), <Platform.FAST>) <switch.s_drop_mid_right>
2022-10-21 09:30:27,120 : INFO : SwitchController : Found active switch: (('2C', 1), <Platform.FAST>) <switch.s_drop_mid_mid>
2022-10-21 09:30:27,120 : INFO : SwitchController : Found active switch: (('2B', 1), <Platform.FAST>) <switch.s_drop_mid_left>
2022-10-21 09:30:27,120 : INFO : SwitchController : Found active switch: (('44', 1), <Platform.FAST>) <switch.s_trough_2>
2022-10-21 09:30:27,120 : INFO : SwitchController : Found active switch: (('49', 1), <Platform.FAST>) <switch.s_trough_jam>
2022-10-21 09:30:27,120 : INFO : SwitchController : Found active switch: (('3B', 1), <Platform.FAST>) <switch.s_eos_left>
2022-10-21 09:30:27,164 : INFO : ball_device.bd_trough : BCH: Initial count: 2
2022-10-21 09:30:27,164 : INFO : ball_device.bd_trough : State: idle
2022-10-21 09:30:27,165 : INFO : ball_device.bd_plunger : BCH: Initial count: 0
2022-10-21 09:30:27,165 : INFO : ball_device.bd_plunger : State: idle
2022-10-21 09:30:27,166 : INFO : ball_device.bd_top_vuk : BCH: Initial count: 0
2022-10-21 09:30:27,166 : INFO : ball_device.bd_top_vuk : State: idle
2022-10-21 09:30:27,166 : INFO : ball_device.bd_right_vuk : BCH: Initial count: 0
2022-10-21 09:30:27,166 : INFO : ball_device.bd_right_vuk : State: idle
2022-10-21 09:30:27,167 : INFO : ball_device.bd_bot_vuk : BCH: Initial count: 0
2022-10-21 09:30:27,167 : INFO : ball_device.bd_bot_vuk : State: idle
2022-10-21 09:30:27,204 : INFO : EventManager : Event: ======'init_phase_3'====== Args={}
2022-10-21 09:30:27,775 : INFO : EventManager : Event: ======'init_phase_4'====== Args={}
2022-10-21 09:30:27,776 : INFO : EventManager : Event: ======'playfield_active'====== Args={}
2022-10-21 09:30:27,776 : INFO : EventManager : Event: ======'unexpected_ball_on_playfield'====== Args={}
2022-10-21 09:30:27,776 : INFO : EventManager : Event: ======'playfield_active'====== Args={}
2022-10-21 09:30:27,776 : INFO : EventManager : Event: ======'unexpected_ball_on_playfield'====== Args={}
2022-10-21 09:30:27,776 : INFO : EventManager : Event: ======'drop_target_mid_right_down'====== Args={'device': <drop_target.mid_right>}
2022-10-21 09:30:27,776 : INFO : EventManager : Event: ======'drop_target_bank_mid_mixed'====== Args={'prev_value': <DropTargetBankState.UP: 'up'>, 'down': 1}
2022-10-21 09:30:27,776 : INFO : EventManager : Event: ======'playfield_active'====== Args={}
2022-10-21 09:30:27,776 : INFO : EventManager : Event: ======'unexpected_ball_on_playfield'====== Args={}
2022-10-21 09:30:27,776 : INFO : EventManager : Event: ======'drop_target_mid_mid_down'====== Args={'device': <drop_target.mid_mid>}
2022-10-21 09:30:27,776 : INFO : EventManager : Event: ======'drop_target_bank_mid_mixed'====== Args={'prev_value': <DropTargetBankState.MIXED: 'mixed'>, 'down': 2}
2022-10-21 09:30:27,776 : INFO : EventManager : Event: ======'playfield_active'====== Args={}
2022-10-21 09:30:27,776 : INFO : EventManager : Event: ======'unexpected_ball_on_playfield'====== Args={}
2022-10-21 09:30:27,776 : INFO : EventManager : Event: ======'drop_target_mid_left_down'====== Args={'device': <drop_target.mid_left>}
2022-10-21 09:30:27,777 : INFO : EventManager : Event: ======'drop_target_bank_mid_down'====== Args={}
2022-10-21 09:30:27,777 : INFO : EventManager : Event: ======'playfield_active'====== Args={}
2022-10-21 09:30:27,777 : INFO : EventManager : Event: ======'unexpected_ball_on_playfield'====== Args={}
2022-10-21 09:30:27,777 : INFO : EventManager : Event: ======'playfield_active'====== Args={}
2022-10-21 09:30:27,777 : INFO : EventManager : Event: ======'unexpected_ball_on_playfield'====== Args={}
2022-10-21 09:30:27,777 : INFO : BallController : Initial balls found: 2
2022-10-21 09:30:27,779 : INFO : EventManager : Event: ======'machine_var_audits_events_game_ended'====== Args={'value': 0, 'prev_value': None, 'change': True}
2022-10-21 09:30:27,779 : INFO : EventManager : Event: ======'machine_var_audits_events_game_started'====== Args={'value': 0, 'prev_value': None, 'change': True}
2022-10-21 09:30:27,779 : INFO : EventManager : Event: ======'machine_var_audits_player_score'====== Args={'value': {'average': 8628.0, 'top': [25700, 17680, 14760, 11850, 11660, 10540, 10140, 10000, 8030, 7320], 'total': 20}, 'prev_value': None, 'change': True}
2022-10-21 09:30:27,779 : INFO : EventManager : Event: ======'machine_var_audits_shots_left_inlane'====== Args={'value': 15, 'prev_value': None, 'change': True}
2022-10-21 09:30:27,779 : INFO : EventManager : Event: ======'machine_var_audits_shots_left_outlane'====== Args={'value': 3, 'prev_value': None, 'change': True}
2022-10-21 09:30:27,780 : INFO : EventManager : Event: ======'machine_var_audits_shots_left_pop'====== Args={'value': 73, 'prev_value': None, 'change': True}
2022-10-21 09:30:27,780 : INFO : EventManager : Event: ======'machine_var_audits_shots_left_return'====== Args={'value': 5, 'prev_value': None, 'change': True}
2022-10-21 09:30:27,780 : INFO : EventManager : Event: ======'machine_var_audits_shots_lower_pop'====== Args={'value': 93, 'prev_value': None, 'change': True}
2022-10-21 09:30:27,780 : INFO : EventManager : Event: ======'machine_var_audits_shots_right_outlane'====== Args={'value': 124, 'prev_value': None, 'change': True}
2022-10-21 09:30:27,780 : INFO : EventManager : Event: ======'machine_var_audits_shots_right_pop'====== Args={'value': 79, 'prev_value': None, 'change': True}
2022-10-21 09:30:27,780 : INFO : EventManager : Event: ======'machine_var_audits_shots_scoop'====== Args={'value': 102, 'prev_value': None, 'change': True}
2022-10-21 09:30:27,780 : INFO : EventManager : Event: ======'machine_var_audits_shots_single_drop_shot'====== Args={'value': 9, 'prev_value': None, 'change': True}
2022-10-21 09:30:27,780 : INFO : EventManager : Event: ======'machine_var_audits_switches_s_autolauncher'====== Args={'value': 194, 'prev_value': None, 'change': True}
2022-10-21 09:30:27,781 : INFO : EventManager : Event: ======'machine_var_audits_switches_s_back_pop'====== Args={'value': 15, 'prev_value': None, 'change': True}
2022-10-21 09:30:27,781 : INFO : EventManager : Event: ======'machine_var_audits_switches_s_back_rollover'====== Args={'value': 0, 'prev_value': None, 'change': True}
2022-10-21 09:30:27,781 : INFO : EventManager : Event: ======'machine_var_audits_switches_s_back_stationary'====== Args={'value': 3, 'prev_value': None, 'change': True}
2022-10-21 09:30:27,781 : INFO : EventManager : Event: ======'machine_var_audits_switches_s_bot_back'====== Args={'value': 1, 'prev_value': None, 'change': True}
2022-10-21 09:30:27,781 : INFO : EventManager : Event: ======'machine_var_audits_switches_s_bot_big'====== Args={'value': 4, 'prev_value': None, 'change': True}
2022-10-21 09:30:27,781 : INFO : EventManager : Event: ======'machine_var_audits_switches_s_bot_left'====== Args={'value': 0, 'prev_value': None, 'change': True}
2022-10-21 09:30:27,782 : INFO : EventManager : Event: ======'machine_var_audits_switches_s_bot_right'====== Args={'value': 1, 'prev_value': None, 'change': True}
2022-10-21 09:30:27,782 : INFO : EventManager : Event: ======'machine_var_audits_switches_s_bot_rollover'====== Args={'value': 1, 'prev_value': None, 'change': True}
2022-10-21 09:30:27,782 : INFO : EventManager : Event: ======'machine_var_audits_switches_s_bot_vuk'====== Args={'value': 33, 'prev_value': None, 'change': True}
2022-10-21 09:30:27,782 : INFO : EventManager : Event: ======'machine_var_audits_switches_s_drop_mid_left'====== Args={'value': 115, 'prev_value': None, 'change': True}
2022-10-21 09:30:27,782 : INFO : EventManager : Event: ======'machine_var_audits_switches_s_drop_mid_mid'====== Args={'value': 132, 'prev_value': None, 'change': True}
2022-10-21 09:30:27,782 : INFO : EventManager : Event: ======'machine_var_audits_switches_s_drop_mid_right'====== Args={'value': 44, 'prev_value': None, 'change': True}
2022-10-21 09:30:27,783 : INFO : EventManager : Event: ======'machine_var_audits_switches_s_drop_right_left'====== Args={'value': 36, 'prev_value': None, 'change': True}
2022-10-21 09:30:27,783 : INFO : EventManager : Event: ======'machine_var_audits_switches_s_drop_right_right'====== Args={'value': 70, 'prev_value': None, 'change': True}
2022-10-21 09:30:27,783 : INFO : EventManager : Event: ======'machine_var_audits_switches_s_drop_single'====== Args={'value': 50, 'prev_value': None, 'change': True}
2022-10-21 09:30:27,783 : INFO : EventManager : Event: ======'machine_var_audits_switches_s_eos_left'====== Args={'value': 305, 'prev_value': None, 'change': True}
2022-10-21 09:30:27,783 : INFO : EventManager : Event: ======'machine_var_audits_switches_s_eos_left_top'====== Args={'value': 1488, 'prev_value': None, 'change': True}
2022-10-21 09:30:27,783 : INFO : EventManager : Event: ======'machine_var_audits_switches_s_eos_right'====== Args={'value': 1204, 'prev_value': None, 'change': True}
2022-10-21 09:30:27,784 : INFO : EventManager : Event: ======'machine_var_audits_switches_s_launch'====== Args={'value': 183, 'prev_value': None, 'change': True}
2022-10-21 09:30:27,784 : INFO : EventManager : Event: ======'machine_var_audits_switches_s_left_flipper'====== Args={'value': 1635, 'prev_value': None, 'change': True}
2022-10-21 09:30:27,784 : INFO : EventManager : Event: ======'machine_var_audits_switches_s_left_inlane'====== Args={'value': 49, 'prev_value': None, 'change': True}
2022-10-21 09:30:27,784 : INFO : EventManager : Event: ======'machine_var_audits_switches_s_left_orbit_prox'====== Args={'value': 87, 'prev_value': None, 'change': True}
2022-10-21 09:30:27,784 : INFO : EventManager : Event: ======'machine_var_audits_switches_s_left_outlane'====== Args={'value': 10, 'prev_value': None, 'change': True}
2022-10-21 09:30:27,785 : INFO : EventManager : Event: ======'machine_var_audits_switches_s_left_return'====== Args={'value': 5, 'prev_value': None, 'change': True}
2022-10-21 09:30:27,785 : INFO : EventManager : Event: ======'machine_var_audits_switches_s_pop_left'====== Args={'value': 265, 'prev_value': None, 'change': True}
2022-10-21 09:30:27,785 : INFO : EventManager : Event: ======'machine_var_audits_switches_s_pop_lower'====== Args={'value': 373, 'prev_value': None, 'change': True}
2022-10-21 09:30:27,786 : INFO : EventManager : Event: ======'machine_var_audits_switches_s_pop_right'====== Args={'value': 427, 'prev_value': None, 'change': True}
2022-10-21 09:30:27,786 : INFO : EventManager : Event: ======'machine_var_audits_switches_s_right_flipper'====== Args={'value': 1704, 'prev_value': None, 'change': True}
2022-10-21 09:30:27,786 : INFO : EventManager : Event: ======'machine_var_audits_switches_s_right_inlane'====== Args={'value': 6, 'prev_value': None, 'change': True}
2022-10-21 09:30:27,786 : INFO : EventManager : Event: ======'machine_var_audits_switches_s_right_outlane'====== Args={'value': 218, 'prev_value': None, 'change': True}
2022-10-21 09:30:27,786 : INFO : EventManager : Event: ======'machine_var_audits_switches_s_rollover_left'====== Args={'value': 88, 'prev_value': None, 'change': True}
2022-10-21 09:30:27,787 : INFO : EventManager : Event: ======'machine_var_audits_switches_s_rollover_right'====== Args={'value': 109, 'prev_value': None, 'change': True}
2022-10-21 09:30:27,787 : INFO : EventManager : Event: ======'machine_var_audits_switches_s_sling_left'====== Args={'value': 45, 'prev_value': None, 'change': True}
2022-10-21 09:30:27,787 : INFO : EventManager : Event: ======'machine_var_audits_switches_s_sling_right'====== Args={'value': 171, 'prev_value': None, 'change': True}
2022-10-21 09:30:27,787 : INFO : EventManager : Event: ======'machine_var_audits_switches_s_start'====== Args={'value': 160, 'prev_value': None, 'change': True}
2022-10-21 09:30:27,788 : INFO : EventManager : Event: ======'machine_var_audits_switches_s_tilt'====== Args={'value': 388, 'prev_value': None, 'change': True}
2022-10-21 09:30:27,788 : INFO : EventManager : Event: ======'machine_var_audits_switches_s_transfer_rollover'====== Args={'value': 3, 'prev_value': None, 'change': True}
2022-10-21 09:30:27,788 : INFO : EventManager : Event: ======'machine_var_audits_switches_s_trough_1'====== Args={'value': 185, 'prev_value': None, 'change': True}
2022-10-21 09:30:27,788 : INFO : EventManager : Event: ======'machine_var_audits_switches_s_trough_2'====== Args={'value': 318, 'prev_value': None, 'change': True}
2022-10-21 09:30:27,788 : INFO : EventManager : Event: ======'machine_var_audits_switches_s_trough_3'====== Args={'value': 199, 'prev_value': None, 'change': True}
2022-10-21 09:30:27,789 : INFO : EventManager : Event: ======'machine_var_audits_switches_s_trough_4'====== Args={'value': 188, 'prev_value': None, 'change': True}
2022-10-21 09:30:27,789 : INFO : EventManager : Event: ======'machine_var_audits_switches_s_trough_5'====== Args={'value': 190, 'prev_value': None, 'change': True}
2022-10-21 09:30:27,789 : INFO : EventManager : Event: ======'machine_var_audits_switches_s_trough_6'====== Args={'value': 265, 'prev_value': None, 'change': True}
2022-10-21 09:30:27,789 : INFO : EventManager : Event: ======'machine_var_audits_switches_s_trough_jam'====== Args={'value': 232, 'prev_value': None, 'change': True}
2022-10-21 09:30:27,790 : INFO : EventManager : Event: ======'machine_var_audits_switches_s_upper_drop'====== Args={'value': 0, 'prev_value': None, 'change': True}
2022-10-21 09:30:27,790 : INFO : EventManager : Event: ======'machine_var_audits_switches_s_upper_rollover'====== Args={'value': 27, 'prev_value': None, 'change': True}
2022-10-21 09:30:27,790 : INFO : EventManager : Event: ======'machine_var_audits_switches_s_upper_stationary'====== Args={'value': 14, 'prev_value': None, 'change': True}
2022-10-21 09:30:27,791 : INFO : EventManager : Event: ======'machine_var_audits_switches_s_vuk_back'====== Args={'value': 1, 'prev_value': None, 'change': True}
2022-10-21 09:30:27,791 : INFO : EventManager : Event: ======'machine_var_audits_switches_s_vuk_right'====== Args={'value': 105, 'prev_value': None, 'change': True}
2022-10-21 09:30:27,791 : INFO : EventManager : Event: ======'machine_var_audits_switches_s_vuk_top'====== Args={'value': 436, 'prev_value': None, 'change': True}
2022-10-21 09:30:27,792 : INFO : EventManager : Event: ======'init_phase_5'====== Args={}
2022-10-21 09:30:27,824 : INFO : EventManager : Event: ======'init_done'====== Args={}
2022-10-21 09:30:27,825 : INFO : EventManager : Event: ======'machine_reset_phase_1'====== Args={}
2022-10-21 09:30:27,825 : INFO : EventManager : Event: ======'machine_reset_phase_2'====== Args={}
2022-10-21 09:30:27,826 : INFO : EventManager : Event: ======'machine_reset_phase_3'====== Args={}
2022-10-21 09:30:27,826 : INFO : EventManager : Event: ======'mode_tilt_will_start'====== Args={'queue': <QueuedEvent>}
2022-10-21 09:30:27,827 : INFO : EventManager : Event: ======'mode_tilt_starting'====== Args={'queue': <QueuedEvent>}
2022-10-21 09:30:27,827 : INFO : Mode.tilt : Started. Priority: 1000000
2022-10-21 09:30:27,827 : INFO : EventManager : Event: ======'modes_active_modes_changed'====== Args={}
2022-10-21 09:30:27,827 : INFO : EventManager : Event: ======'mode_tilt_started'====== Args={'queue': <QueuedEvent>}
2022-10-21 09:30:27,827 : INFO : EventManager : Event: ======'reset_complete'====== Args={}
2022-10-21 09:30:27,828 : INFO : EventManager : Event: ======'mode_attract_will_start'====== Args={}
2022-10-21 09:30:27,828 : INFO : EventManager : Event: ======'mode_attract_starting'====== Args={}
2022-10-21 09:30:27,828 : INFO : Mode.attract : Started. Priority: 10
2022-10-21 09:30:27,828 : INFO : EventManager : Event: ======'modes_active_modes_changed'====== Args={}
2022-10-21 09:30:27,828 : INFO : EventManager : Event: ======'mode_attract_started'====== Args={}
2022-10-21 09:30:27,829 : INFO : EventManager : Event: ======'collecting_balls_complete'====== Args={}
2022-10-21 09:30:27,857 : INFO : Machine : Starting the main run loop.
2022-10-21 09:30:44,826 : INFO : SwitchController : <<<<<<< 's_bot_vuk' active >>>>>>>
2022-10-21 09:30:44,826 : INFO : SwitchController : <<<<<<< 's_bot_vuk' inactive >>>>>>>
2022-10-21 09:30:47,307 : INFO : SwitchController : <<<<<<< 's_right_outlane' active >>>>>>>
2022-10-21 09:30:47,307 : INFO : EventManager : Event: ======'playfield_active'====== Args={}
2022-10-21 09:30:47,307 : INFO : EventManager : Event: ======'unexpected_ball_on_playfield'====== Args={}
2022-10-21 09:30:47,307 : INFO : EventManager : Event: ======'sw_playfield_active'====== Args={}
2022-10-21 09:30:47,308 : INFO : EventManager : Event: ======'playfield_active'====== Args={}
2022-10-21 09:30:47,308 : INFO : EventManager : Event: ======'unexpected_ball_on_playfield'====== Args={}
2022-10-21 09:30:47,478 : INFO : SwitchController : <<<<<<< 's_right_outlane' inactive >>>>>>>
2022-10-21 09:30:47,604 : INFO : SwitchController : <<<<<<< 's_right_outlane' active >>>>>>>
2022-10-21 09:30:47,604 : INFO : EventManager : Event: ======'playfield_active'====== Args={}
2022-10-21 09:30:47,604 : INFO : EventManager : Event: ======'unexpected_ball_on_playfield'====== Args={}
2022-10-21 09:30:47,604 : INFO : EventManager : Event: ======'sw_playfield_active'====== Args={}
2022-10-21 09:30:47,605 : INFO : EventManager : Event: ======'playfield_active'====== Args={}
2022-10-21 09:30:47,605 : INFO : EventManager : Event: ======'unexpected_ball_on_playfield'====== Args={}
2022-10-21 09:30:47,620 : INFO : SwitchController : <<<<<<< 's_right_outlane' inactive >>>>>>>
2022-10-21 09:30:47,652 : INFO : SwitchController : <<<<<<< 's_right_outlane' active >>>>>>>
2022-10-21 09:30:47,652 : INFO : EventManager : Event: ======'playfield_active'====== Args={}
2022-10-21 09:30:47,652 : INFO : EventManager : Event: ======'unexpected_ball_on_playfield'====== Args={}
2022-10-21 09:30:47,652 : INFO : EventManager : Event: ======'sw_playfield_active'====== Args={}
2022-10-21 09:30:47,652 : INFO : SwitchController : <<<<<<< 's_right_outlane' inactive >>>>>>>
2022-10-21 09:30:47,653 : INFO : EventManager : Event: ======'playfield_active'====== Args={}
2022-10-21 09:30:47,653 : INFO : EventManager : Event: ======'unexpected_ball_on_playfield'====== Args={}
2022-10-21 09:30:47,683 : INFO : SwitchController : <<<<<<< 's_right_outlane' active >>>>>>>
2022-10-21 09:30:47,683 : INFO : EventManager : Event: ======'playfield_active'====== Args={}
2022-10-21 09:30:47,683 : INFO : EventManager : Event: ======'unexpected_ball_on_playfield'====== Args={}
2022-10-21 09:30:47,683 : INFO : EventManager : Event: ======'sw_playfield_active'====== Args={}
2022-10-21 09:30:47,683 : INFO : EventManager : Event: ======'playfield_active'====== Args={}
2022-10-21 09:30:47,683 : INFO : EventManager : Event: ======'unexpected_ball_on_playfield'====== Args={}
2022-10-21 09:30:47,713 : INFO : SwitchController : <<<<<<< 's_right_outlane' inactive >>>>>>>
2022-10-21 09:30:47,713 : INFO : SwitchController : <<<<<<< 's_right_outlane' active >>>>>>>
2022-10-21 09:30:47,713 : INFO : EventManager : Event: ======'playfield_active'====== Args={}
2022-10-21 09:30:47,713 : INFO : EventManager : Event: ======'unexpected_ball_on_playfield'====== Args={}
2022-10-21 09:30:47,713 : INFO : EventManager : Event: ======'sw_playfield_active'====== Args={}
2022-10-21 09:30:47,714 : INFO : EventManager : Event: ======'playfield_active'====== Args={}
2022-10-21 09:30:47,714 : INFO : EventManager : Event: ======'unexpected_ball_on_playfield'====== Args={}
2022-10-21 09:30:47,761 : INFO : SwitchController : <<<<<<< 's_right_outlane' inactive >>>>>>>
2022-10-21 09:30:47,855 : INFO : SwitchController : <<<<<<< 's_right_outlane' active >>>>>>>
2022-10-21 09:30:47,855 : INFO : EventManager : Event: ======'playfield_active'====== Args={}
2022-10-21 09:30:47,855 : INFO : EventManager : Event: ======'unexpected_ball_on_playfield'====== Args={}
2022-10-21 09:30:47,855 : INFO : EventManager : Event: ======'sw_playfield_active'====== Args={}
2022-10-21 09:30:47,855 : INFO : EventManager : Event: ======'playfield_active'====== Args={}
2022-10-21 09:30:47,855 : INFO : EventManager : Event: ======'unexpected_ball_on_playfield'====== Args={}
2022-10-21 09:30:47,871 : INFO : SwitchController : <<<<<<< 's_right_outlane' inactive >>>>>>>
2022-10-21 09:30:47,889 : INFO : SwitchController : <<<<<<< 's_right_outlane' active >>>>>>>
2022-10-21 09:30:47,889 : INFO : EventManager : Event: ======'playfield_active'====== Args={}
2022-10-21 09:30:47,889 : INFO : EventManager : Event: ======'unexpected_ball_on_playfield'====== Args={}
2022-10-21 09:30:47,889 : INFO : EventManager : Event: ======'sw_playfield_active'====== Args={}
2022-10-21 09:30:47,890 : INFO : EventManager : Event: ======'playfield_active'====== Args={}
2022-10-21 09:30:47,890 : INFO : EventManager : Event: ======'unexpected_ball_on_playfield'====== Args={}
2022-10-21 09:30:47,949 : INFO : SwitchController : <<<<<<< 's_right_outlane' inactive >>>>>>>
2022-10-21 09:30:47,981 : INFO : SwitchController : <<<<<<< 's_right_outlane' active >>>>>>>
2022-10-21 09:30:47,981 : INFO : EventManager : Event: ======'playfield_active'====== Args={}
2022-10-21 09:30:47,981 : INFO : EventManager : Event: ======'unexpected_ball_on_playfield'====== Args={}
2022-10-21 09:30:47,981 : INFO : EventManager : Event: ======'sw_playfield_active'====== Args={}
2022-10-21 09:30:47,981 : INFO : EventManager : Event: ======'playfield_active'====== Args={}
2022-10-21 09:30:47,981 : INFO : EventManager : Event: ======'unexpected_ball_on_playfield'====== Args={}
2022-10-21 09:30:47,996 : INFO : SwitchController : <<<<<<< 's_right_outlane' inactive >>>>>>>
2022-10-21 09:30:49,765 : INFO : SwitchController : <<<<<<< 's_right_inlane' active >>>>>>>
2022-10-21 09:30:49,765 : INFO : EventManager : Event: ======'playfield_active'====== Args={}
2022-10-21 09:30:49,765 : INFO : EventManager : Event: ======'unexpected_ball_on_playfield'====== Args={}
2022-10-21 09:30:49,765 : INFO : EventManager : Event: ======'sw_playfield_active'====== Args={}
2022-10-21 09:30:49,766 : INFO : EventManager : Event: ======'playfield_active'====== Args={}
2022-10-21 09:30:49,766 : INFO : EventManager : Event: ======'unexpected_ball_on_playfield'====== Args={}
2022-10-21 09:30:49,796 : INFO : SwitchController : <<<<<<< 's_right_inlane' inactive >>>>>>>
2022-10-21 09:30:49,796 : INFO : SwitchController : <<<<<<< 's_right_inlane' active >>>>>>>
2022-10-21 09:30:49,796 : INFO : EventManager : Event: ======'playfield_active'====== Args={}
2022-10-21 09:30:49,796 : INFO : EventManager : Event: ======'unexpected_ball_on_playfield'====== Args={}
2022-10-21 09:30:49,796 : INFO : EventManager : Event: ======'sw_playfield_active'====== Args={}
2022-10-21 09:30:49,797 : INFO : EventManager : Event: ======'playfield_active'====== Args={}
2022-10-21 09:30:49,797 : INFO : EventManager : Event: ======'unexpected_ball_on_playfield'====== Args={}
2022-10-21 09:30:49,874 : INFO : SwitchController : <<<<<<< 's_right_inlane' inactive >>>>>>>
2022-10-21 09:30:49,874 : INFO : SwitchController : <<<<<<< 's_right_inlane' active >>>>>>>
2022-10-21 09:30:49,874 : INFO : EventManager : Event: ======'playfield_active'====== Args={}
2022-10-21 09:30:49,874 : INFO : EventManager : Event: ======'unexpected_ball_on_playfield'====== Args={}
2022-10-21 09:30:49,874 : INFO : EventManager : Event: ======'sw_playfield_active'====== Args={}
2022-10-21 09:30:49,875 : INFO : EventManager : Event: ======'playfield_active'====== Args={}
2022-10-21 09:30:49,875 : INFO : EventManager : Event: ======'unexpected_ball_on_playfield'====== Args={}
2022-10-21 09:30:49,904 : INFO : SwitchController : <<<<<<< 's_right_inlane' inactive >>>>>>>
2022-10-21 09:30:49,904 : INFO : SwitchController : <<<<<<< 's_right_inlane' active >>>>>>>
2022-10-21 09:30:49,904 : INFO : EventManager : Event: ======'playfield_active'====== Args={}
2022-10-21 09:30:49,904 : INFO : EventManager : Event: ======'unexpected_ball_on_playfield'====== Args={}
2022-10-21 09:30:49,904 : INFO : EventManager : Event: ======'sw_playfield_active'====== Args={}
2022-10-21 09:30:49,905 : INFO : EventManager : Event: ======'playfield_active'====== Args={}
2022-10-21 09:30:49,905 : INFO : EventManager : Event: ======'unexpected_ball_on_playfield'====== Args={}
2022-10-21 09:30:49,981 : INFO : SwitchController : <<<<<<< 's_right_inlane' inactive >>>>>>>
2022-10-21 09:30:50,090 : INFO : SwitchController : <<<<<<< 's_right_inlane' active >>>>>>>
2022-10-21 09:30:50,090 : INFO : EventManager : Event: ======'playfield_active'====== Args={}
2022-10-21 09:30:50,090 : INFO : EventManager : Event: ======'unexpected_ball_on_playfield'====== Args={}
2022-10-21 09:30:50,090 : INFO : EventManager : Event: ======'sw_playfield_active'====== Args={}
2022-10-21 09:30:50,091 : INFO : EventManager : Event: ======'playfield_active'====== Args={}
2022-10-21 09:30:50,091 : INFO : EventManager : Event: ======'unexpected_ball_on_playfield'====== Args={}
2022-10-21 09:30:50,126 : INFO : SwitchController : <<<<<<< 's_right_inlane' inactive >>>>>>>
2022-10-21 09:30:50,168 : INFO : SwitchController : <<<<<<< 's_right_inlane' active >>>>>>>
2022-10-21 09:30:50,168 : INFO : EventManager : Event: ======'playfield_active'====== Args={}
2022-10-21 09:30:50,168 : INFO : EventManager : Event: ======'unexpected_ball_on_playfield'====== Args={}
2022-10-21 09:30:50,168 : INFO : EventManager : Event: ======'sw_playfield_active'====== Args={}
2022-10-21 09:30:50,169 : INFO : EventManager : Event: ======'playfield_active'====== Args={}
2022-10-21 09:30:50,169 : INFO : EventManager : Event: ======'unexpected_ball_on_playfield'====== Args={}
2022-10-21 09:30:50,247 : INFO : SwitchController : <<<<<<< 's_right_inlane' inactive >>>>>>>
2022-10-21 09:30:50,372 : INFO : SwitchController : <<<<<<< 's_right_inlane' active >>>>>>>
2022-10-21 09:30:50,372 : INFO : EventManager : Event: ======'playfield_active'====== Args={}
2022-10-21 09:30:50,372 : INFO : EventManager : Event: ======'unexpected_ball_on_playfield'====== Args={}
2022-10-21 09:30:50,372 : INFO : EventManager : Event: ======'sw_playfield_active'====== Args={}
2022-10-21 09:30:50,373 : INFO : EventManager : Event: ======'playfield_active'====== Args={}
2022-10-21 09:30:50,373 : INFO : EventManager : Event: ======'unexpected_ball_on_playfield'====== Args={}
2022-10-21 09:30:50,419 : INFO : SwitchController : <<<<<<< 's_right_inlane' inactive >>>>>>>
2022-10-21 09:30:50,450 : INFO : SwitchController : <<<<<<< 's_right_inlane' active >>>>>>>
2022-10-21 09:30:50,450 : INFO : EventManager : Event: ======'playfield_active'====== Args={}
2022-10-21 09:30:50,450 : INFO : EventManager : Event: ======'unexpected_ball_on_playfield'====== Args={}
2022-10-21 09:30:50,450 : INFO : EventManager : Event: ======'sw_playfield_active'====== Args={}
2022-10-21 09:30:50,451 : INFO : EventManager : Event: ======'playfield_active'====== Args={}
2022-10-21 09:30:50,451 : INFO : EventManager : Event: ======'unexpected_ball_on_playfield'====== Args={}
2022-10-21 09:30:50,513 : INFO : SwitchController : <<<<<<< 's_right_inlane' inactive >>>>>>>
2022-10-21 09:30:50,667 : INFO : SwitchController : <<<<<<< 's_right_inlane' active >>>>>>>
2022-10-21 09:30:50,667 : INFO : EventManager : Event: ======'playfield_active'====== Args={}
2022-10-21 09:30:50,667 : INFO : EventManager : Event: ======'unexpected_ball_on_playfield'====== Args={}
2022-10-21 09:30:50,667 : INFO : EventManager : Event: ======'sw_playfield_active'====== Args={}
2022-10-21 09:30:50,667 : INFO : EventManager : Event: ======'playfield_active'====== Args={}
2022-10-21 09:30:50,668 : INFO : EventManager : Event: ======'unexpected_ball_on_playfield'====== Args={}
2022-10-21 09:30:50,714 : INFO : SwitchController : <<<<<<< 's_right_inlane' inactive >>>>>>>
2022-10-21 09:30:50,717 : INFO : SwitchController : <<<<<<< 's_right_inlane' active >>>>>>>
2022-10-21 09:30:50,717 : INFO : EventManager : Event: ======'playfield_active'====== Args={}
2022-10-21 09:30:50,717 : INFO : EventManager : Event: ======'unexpected_ball_on_playfield'====== Args={}
2022-10-21 09:30:50,717 : INFO : EventManager : Event: ======'sw_playfield_active'====== Args={}
2022-10-21 09:30:50,718 : INFO : EventManager : Event: ======'playfield_active'====== Args={}
2022-10-21 09:30:50,718 : INFO : EventManager : Event: ======'unexpected_ball_on_playfield'====== Args={}
2022-10-21 09:30:50,806 : INFO : SwitchController : <<<<<<< 's_right_inlane' inactive >>>>>>>
2022-10-21 09:30:51,527 : INFO : SwitchController : <<<<<<< 's_right_inlane' active >>>>>>>
2022-10-21 09:30:51,527 : INFO : EventManager : Event: ======'playfield_active'====== Args={}
2022-10-21 09:30:51,527 : INFO : EventManager : Event: ======'unexpected_ball_on_playfield'====== Args={}
2022-10-21 09:30:51,527 : INFO : EventManager : Event: ======'sw_playfield_active'====== Args={}
2022-10-21 09:30:51,528 : INFO : EventManager : Event: ======'playfield_active'====== Args={}
2022-10-21 09:30:51,528 : INFO : EventManager : Event: ======'unexpected_ball_on_playfield'====== Args={}
2022-10-21 09:30:51,681 : INFO : SwitchController : <<<<<<< 's_right_inlane' inactive >>>>>>>
2022-10-21 09:31:05,153 : INFO : SwitchController : <<<<<<< 's_drop_mid_right' inactive >>>>>>>
2022-10-21 09:31:05,153 : INFO : EventManager : Event: ======'playfield_active'====== Args={}
2022-10-21 09:31:05,153 : INFO : EventManager : Event: ======'unexpected_ball_on_playfield'====== Args={}
2022-10-21 09:31:05,153 : INFO : EventManager : Event: ======'drop_target_mid_right_up'====== Args={'device': <drop_target.mid_right>}
2022-10-21 09:31:05,153 : INFO : EventManager : Event: ======'drop_target_bank_mid_mixed'====== Args={'prev_value': <DropTargetBankState.DOWN: 'down'>, 'down': 2}
2022-10-21 09:31:07,045 : INFO : SwitchController : <<<<<<< 's_drop_mid_right' active >>>>>>>
2022-10-21 09:31:07,046 : INFO : EventManager : Event: ======'playfield_active'====== Args={}
2022-10-21 09:31:07,046 : INFO : EventManager : Event: ======'unexpected_ball_on_playfield'====== Args={}
2022-10-21 09:31:07,046 : INFO : EventManager : Event: ======'drop_target_mid_right_down'====== Args={'device': <drop_target.mid_right>}
2022-10-21 09:31:07,046 : INFO : EventManager : Event: ======'drop_target_bank_mid_down'====== Args={}
2022-10-21 09:31:07,108 : INFO : SwitchController : <<<<<<< 's_drop_mid_right' inactive >>>>>>>
2022-10-21 09:31:07,108 : INFO : EventManager : Event: ======'playfield_active'====== Args={}
2022-10-21 09:31:07,108 : INFO : EventManager : Event: ======'unexpected_ball_on_playfield'====== Args={}
2022-10-21 09:31:07,108 : INFO : EventManager : Event: ======'drop_target_mid_right_up'====== Args={'device': <drop_target.mid_right>}
2022-10-21 09:31:07,108 : INFO : EventManager : Event: ======'drop_target_bank_mid_mixed'====== Args={'prev_value': <DropTargetBankState.DOWN: 'down'>, 'down': 2}
2022-10-21 09:31:07,953 : INFO : SwitchController : <<<<<<< 's_drop_mid_right' active >>>>>>>
2022-10-21 09:31:07,954 : INFO : EventManager : Event: ======'playfield_active'====== Args={}
2022-10-21 09:31:07,954 : INFO : EventManager : Event: ======'unexpected_ball_on_playfield'====== Args={}
2022-10-21 09:31:07,954 : INFO : EventManager : Event: ======'drop_target_mid_right_down'====== Args={'device': <drop_target.mid_right>}
2022-10-21 09:31:07,954 : INFO : EventManager : Event: ======'drop_target_bank_mid_down'====== Args={}
2022-10-21 09:31:08,283 : INFO : SwitchController : <<<<<<< 's_drop_mid_right' inactive >>>>>>>
2022-10-21 09:31:08,283 : INFO : EventManager : Event: ======'playfield_active'====== Args={}
2022-10-21 09:31:08,283 : INFO : EventManager : Event: ======'unexpected_ball_on_playfield'====== Args={}
2022-10-21 09:31:08,283 : INFO : EventManager : Event: ======'drop_target_mid_right_up'====== Args={'device': <drop_target.mid_right>}
2022-10-21 09:31:08,284 : INFO : EventManager : Event: ======'drop_target_bank_mid_mixed'====== Args={'prev_value': <DropTargetBankState.DOWN: 'down'>, 'down': 2}
2022-10-21 09:31:08,455 : INFO : SwitchController : <<<<<<< 's_drop_mid_right' active >>>>>>>
2022-10-21 09:31:08,455 : INFO : EventManager : Event: ======'playfield_active'====== Args={}
2022-10-21 09:31:08,456 : INFO : EventManager : Event: ======'unexpected_ball_on_playfield'====== Args={}
2022-10-21 09:31:08,456 : INFO : EventManager : Event: ======'drop_target_mid_right_down'====== Args={'device': <drop_target.mid_right>}
2022-10-21 09:31:08,456 : INFO : EventManager : Event: ======'drop_target_bank_mid_down'====== Args={}
2022-10-21 09:31:08,550 : INFO : SwitchController : <<<<<<< 's_drop_mid_right' inactive >>>>>>>
2022-10-21 09:31:08,550 : INFO : EventManager : Event: ======'playfield_active'====== Args={}
2022-10-21 09:31:08,550 : INFO : EventManager : Event: ======'unexpected_ball_on_playfield'====== Args={}
2022-10-21 09:31:08,551 : INFO : EventManager : Event: ======'drop_target_mid_right_up'====== Args={'device': <drop_target.mid_right>}
2022-10-21 09:31:08,551 : INFO : EventManager : Event: ======'drop_target_bank_mid_mixed'====== Args={'prev_value': <DropTargetBankState.DOWN: 'down'>, 'down': 2}
2022-10-21 09:31:08,675 : INFO : SwitchController : <<<<<<< 's_drop_mid_right' active >>>>>>>
2022-10-21 09:31:08,675 : INFO : EventManager : Event: ======'playfield_active'====== Args={}
2022-10-21 09:31:08,675 : INFO : EventManager : Event: ======'unexpected_ball_on_playfield'====== Args={}
2022-10-21 09:31:08,675 : INFO : EventManager : Event: ======'drop_target_mid_right_down'====== Args={'device': <drop_target.mid_right>}
2022-10-21 09:31:08,676 : INFO : EventManager : Event: ======'drop_target_bank_mid_down'====== Args={}
2022-10-21 09:31:08,782 : INFO : SwitchController : <<<<<<< 's_drop_mid_right' inactive >>>>>>>
2022-10-21 09:31:08,782 : INFO : EventManager : Event: ======'playfield_active'====== Args={}
2022-10-21 09:31:08,782 : INFO : EventManager : Event: ======'unexpected_ball_on_playfield'====== Args={}
2022-10-21 09:31:08,782 : INFO : EventManager : Event: ======'drop_target_mid_right_up'====== Args={'device': <drop_target.mid_right>}
2022-10-21 09:31:08,782 : INFO : EventManager : Event: ======'drop_target_bank_mid_mixed'====== Args={'prev_value': <DropTargetBankState.DOWN: 'down'>, 'down': 2}
2022-10-21 09:31:08,859 : INFO : SwitchController : <<<<<<< 's_drop_mid_right' active >>>>>>>
2022-10-21 09:31:08,859 : INFO : EventManager : Event: ======'playfield_active'====== Args={}
2022-10-21 09:31:08,859 : INFO : EventManager : Event: ======'unexpected_ball_on_playfield'====== Args={}
2022-10-21 09:31:08,859 : INFO : EventManager : Event: ======'drop_target_mid_right_down'====== Args={'device': <drop_target.mid_right>}
2022-10-21 09:31:08,859 : INFO : EventManager : Event: ======'drop_target_bank_mid_down'====== Args={}
2022-10-21 09:31:09,048 : INFO : SwitchController : <<<<<<< 's_drop_mid_right' inactive >>>>>>>
2022-10-21 09:31:09,048 : INFO : EventManager : Event: ======'playfield_active'====== Args={}
2022-10-21 09:31:09,048 : INFO : EventManager : Event: ======'unexpected_ball_on_playfield'====== Args={}
2022-10-21 09:31:09,048 : INFO : EventManager : Event: ======'drop_target_mid_right_up'====== Args={'device': <drop_target.mid_right>}
2022-10-21 09:31:09,049 : INFO : EventManager : Event: ======'drop_target_bank_mid_mixed'====== Args={'prev_value': <DropTargetBankState.DOWN: 'down'>, 'down': 2}
2022-10-21 09:31:11,275 : INFO : SwitchController : <<<<<<< 's_drop_mid_mid' inactive >>>>>>>
2022-10-21 09:31:11,275 : INFO : EventManager : Event: ======'playfield_active'====== Args={}
2022-10-21 09:31:11,275 : INFO : EventManager : Event: ======'unexpected_ball_on_playfield'====== Args={}
2022-10-21 09:31:11,275 : INFO : EventManager : Event: ======'drop_target_mid_mid_up'====== Args={'device': <drop_target.mid_mid>}
2022-10-21 09:31:11,276 : INFO : EventManager : Event: ======'drop_target_bank_mid_mixed'====== Args={'prev_value': <DropTargetBankState.MIXED: 'mixed'>, 'down': 1}
2022-10-21 09:31:13,949 : INFO : SwitchController : <<<<<<< 's_vuk_right' active >>>>>>>
2022-10-21 09:31:13,949 : INFO : EventManager : Event: ======'playfield_active'====== Args={}
2022-10-21 09:31:13,949 : INFO : EventManager : Event: ======'unexpected_ball_on_playfield'====== Args={}
2022-10-21 09:31:14,450 : INFO : EventManager : Event: ======'balldevice_bd_right_vuk_ball_count_changed'====== Args={'balls': 1}
2022-10-21 09:31:14,450 : INFO : ball_device.bd_right_vuk : Received unexpected ball
2022-10-21 09:31:14,450 : INFO : EventManager : Event: ======'balldevice_captured_from_playfield'====== Args={'balls': 1}
2022-10-21 09:31:14,451 : INFO : EventManager : Event: ======'sw_playfield_active'====== Args={'balls': 1}
2022-10-21 09:31:14,451 : INFO : EventManager : Event: ======'playfield_active'====== Args={}
2022-10-21 09:31:14,451 : INFO : EventManager : Event: ======'unexpected_ball_on_playfield'====== Args={}
2022-10-21 09:31:14,451 : INFO : EventManager : Event: ======'playfield_ball_count_change'====== Args={'balls': -1, 'change': -1}
2022-10-21 09:31:14,451 : INFO : EventManager : Event: ======'balldevice_playfield_ball_enter'====== Args={'new_balls': 1, 'unclaimed_balls': 1, 'device': <playfield.playfield>}
2022-10-21 09:31:14,451 : INFO : EventManager : Event: ======'playfield_ball_count_change'====== Args={'balls': 0, 'change': 1}
2022-10-21 09:31:14,451 : INFO : BallController : Found a new ball which was captured from playfield. Known balls: 3
2022-10-21 09:31:14,452 : INFO : EventManager : Event: ======'found_new_ball'====== Args={}
2022-10-21 09:31:14,452 : INFO : EventManager : Event: ======'balldevice_bd_right_vuk_ball_enter'====== Args={'new_balls': 1, 'unclaimed_balls': 1, 'new_available_balls': 1, 'device': <ball_device.bd_right_vuk>}
2022-10-21 09:31:14,452 : INFO : ball_device.bd_right_vuk : Ejecting 1 unexpected balls using path deque([<ball_device.bd_right_vuk>, <playfield.playfield>])
2022-10-21 09:31:14,452 : INFO : EventManager : Event: ======'balldevice_balls_available'====== Args={}
2022-10-21 09:31:14,452 : INFO : EventManager : Event: ======'balldevice_balls_available'====== Args={}
2022-10-21 09:31:14,452 : INFO : EventManager : Event: ======'balldevice_bd_right_vuk_ball_entered'====== Args={'new_balls': 1, 'device': <ball_device.bd_right_vuk>}
2022-10-21 09:31:14,453 : INFO : ball_device.bd_right_vuk : State: waiting_for_target_ready
2022-10-21 09:31:14,453 : INFO : EventManager : Event: ======'balldevice_bd_right_vuk_ball_eject_attempt'====== Args={'balls': 1, 'target': <playfield.playfield>, 'source': <ball_device.bd_right_vuk>, 'mechanical_eject': False, 'num_attempts': 0}
2022-10-21 09:31:14,453 : INFO : ball_device.bd_right_vuk : State: ejecting
2022-10-21 09:31:14,453 : INFO : ball_device.bd_right_vuk : Ejecting ball to <playfield.playfield>
2022-10-21 09:31:14,454 : INFO : EventManager : Event: ======'balldevice_bd_right_vuk_ejecting_ball'====== Args={'balls': 1, 'target': <playfield.playfield>, 'source': <ball_device.bd_right_vuk>, 'mechanical_eject': False, 'num_attempts': 0}
2022-10-21 09:31:14,454 : INFO : ball_device.bd_right_vuk : Wait for ball to leave device
2022-10-21 09:31:14,454 : INFO : coil.c_right_vuk : Pulsing Driver for 10ms (1.0 pulse_power)
2022-10-21 09:31:14,846 : INFO : SwitchController : <<<<<<< 's_vuk_right' inactive >>>>>>>
2022-10-21 09:31:14,851 : INFO : ball_device.bd_right_vuk : State: ball_left
2022-10-21 09:31:14,851 : INFO : ball_device.bd_right_vuk : Ball left
2022-10-21 09:31:14,851 : INFO : ball_device.bd_right_vuk : Wait for confirm with timeout 2.0
2022-10-21 09:31:16,843 : INFO : ball_device.bd_right_vuk : State: failed_confirm
2022-10-21 09:31:16,843 : INFO : ball_device.bd_right_vuk : Got timeout (2.0s) before confirm from <playfield.playfield>
2022-10-21 09:31:16,935 : INFO : ball_device.bd_right_vuk : Confirming eject because target is playfield and ball did not return.
2022-10-21 09:31:16,935 : INFO : ball_device.bd_right_vuk : Eject successful
2022-10-21 09:31:16,935 : INFO : EventManager : Event: ======'balldevice_bd_right_vuk_ball_eject_success'====== Args={'balls': 1, 'target': <playfield.playfield>}
2022-10-21 09:31:16,935 : INFO : EventManager : Event: ======'balldevice_playfield_ball_enter'====== Args={'new_balls': 1, 'unclaimed_balls': 1, 'device': <playfield.playfield>}
2022-10-21 09:31:16,935 : INFO : EventManager : Event: ======'playfield_ball_count_change'====== Args={'balls': 1, 'change': 1}
2022-10-21 09:31:16,936 : INFO : EventManager : Event: ======'balldevice_bd_right_vuk_ball_count_changed'====== Args={'balls': 0}
2022-10-21 09:31:16,936 : INFO : ball_device.bd_right_vuk : State: idle
2022-10-21 09:31:41,513 : INFO : SwitchController : <<<<<<< 's_launch' active >>>>>>>
2022-10-21 09:31:41,856 : INFO : SwitchController : <<<<<<< 's_launch' inactive >>>>>>>
2022-10-21 09:32:16,231 : INFO : SwitchController : <<<<<<< 's_drop_single' active >>>>>>>
2022-10-21 09:32:16,231 : INFO : EventManager : Event: ======'drop_target_d_drop_single_down'====== Args={'device': <drop_target.d_drop_single>}
2022-10-21 09:32:16,231 : INFO : EventManager : Event: ======'drop_target_bank_single_main_down'====== Args={}
2022-10-21 09:32:16,604 : INFO : SwitchController : <<<<<<< 's_drop_single' inactive >>>>>>>
2022-10-21 09:32:16,604 : INFO : EventManager : Event: ======'drop_target_d_drop_single_up'====== Args={'device': <drop_target.d_drop_single>}
2022-10-21 09:32:16,604 : INFO : EventManager : Event: ======'drop_target_bank_single_main_up'====== Args={}
2022-10-21 09:32:16,744 : INFO : SwitchController : <<<<<<< 's_drop_single' active >>>>>>>
2022-10-21 09:32:16,744 : INFO : EventManager : Event: ======'drop_target_d_drop_single_down'====== Args={'device': <drop_target.d_drop_single>}
2022-10-21 09:32:16,744 : INFO : EventManager : Event: ======'drop_target_bank_single_main_down'====== Args={}
2022-10-21 09:32:16,980 : INFO : SwitchController : <<<<<<< 's_drop_single' inactive >>>>>>>
2022-10-21 09:32:16,980 : INFO : EventManager : Event: ======'drop_target_d_drop_single_up'====== Args={'device': <drop_target.d_drop_single>}
2022-10-21 09:32:16,980 : INFO : EventManager : Event: ======'drop_target_bank_single_main_up'====== Args={}
2022-10-21 09:32:17,152 : INFO : SwitchController : <<<<<<< 's_drop_single' active >>>>>>>
2022-10-21 09:32:17,152 : INFO : EventManager : Event: ======'drop_target_d_drop_single_down'====== Args={'device': <drop_target.d_drop_single>}
2022-10-21 09:32:17,152 : INFO : EventManager : Event: ======'drop_target_bank_single_main_down'====== Args={}
2022-10-21 09:32:17,355 : INFO : SwitchController : <<<<<<< 's_drop_single' inactive >>>>>>>
2022-10-21 09:32:17,355 : INFO : EventManager : Event: ======'drop_target_d_drop_single_up'====== Args={'device': <drop_target.d_drop_single>}
2022-10-21 09:32:17,355 : INFO : EventManager : Event: ======'drop_target_bank_single_main_up'====== Args={}
2022-10-21 09:32:17,495 : INFO : SwitchController : <<<<<<< 's_drop_single' active >>>>>>>
2022-10-21 09:32:17,495 : INFO : EventManager : Event: ======'drop_target_d_drop_single_down'====== Args={'device': <drop_target.d_drop_single>}
2022-10-21 09:32:17,495 : INFO : EventManager : Event: ======'drop_target_bank_single_main_down'====== Args={}
2022-10-21 09:32:17,773 : INFO : SwitchController : <<<<<<< 's_drop_single' inactive >>>>>>>
2022-10-21 09:32:17,773 : INFO : EventManager : Event: ======'drop_target_d_drop_single_up'====== Args={'device': <drop_target.d_drop_single>}
2022-10-21 09:32:17,773 : INFO : EventManager : Event: ======'drop_target_bank_single_main_up'====== Args={}
2022-10-21 09:32:18,279 : INFO : SwitchController : <<<<<<< 's_drop_single' active >>>>>>>
2022-10-21 09:32:18,279 : INFO : EventManager : Event: ======'drop_target_d_drop_single_down'====== Args={'device': <drop_target.d_drop_single>}
2022-10-21 09:32:18,279 : INFO : EventManager : Event: ======'drop_target_bank_single_main_down'====== Args={}
2022-10-21 09:32:18,607 : INFO : SwitchController : <<<<<<< 's_drop_single' inactive >>>>>>>
2022-10-21 09:32:18,607 : INFO : EventManager : Event: ======'drop_target_d_drop_single_up'====== Args={'device': <drop_target.d_drop_single>}
2022-10-21 09:32:18,607 : INFO : EventManager : Event: ======'drop_target_bank_single_main_up'====== Args={}
2022-10-21 09:32:24,962 : INFO : SwitchController : <<<<<<< 's_drop_single' active >>>>>>>
2022-10-21 09:32:24,962 : INFO : EventManager : Event: ======'drop_target_d_drop_single_down'====== Args={'device': <drop_target.d_drop_single>}
2022-10-21 09:32:24,963 : INFO : EventManager : Event: ======'drop_target_bank_single_main_down'====== Args={}
2022-10-21 09:32:25,072 : INFO : SwitchController : <<<<<<< 's_drop_single' inactive >>>>>>>
2022-10-21 09:32:25,072 : INFO : EventManager : Event: ======'drop_target_d_drop_single_up'====== Args={'device': <drop_target.d_drop_single>}
2022-10-21 09:32:25,072 : INFO : EventManager : Event: ======'drop_target_bank_single_main_up'====== Args={}
2022-10-21 09:32:37,641 : INFO : SwitchController : <<<<<<< 's_drop_single' active >>>>>>>
2022-10-21 09:32:37,642 : INFO : EventManager : Event: ======'drop_target_d_drop_single_down'====== Args={'device': <drop_target.d_drop_single>}
2022-10-21 09:32:37,642 : INFO : EventManager : Event: ======'drop_target_bank_single_main_down'====== Args={}
2022-10-21 09:32:37,921 : INFO : SwitchController : <<<<<<< 's_drop_single' inactive >>>>>>>
2022-10-21 09:32:37,922 : INFO : EventManager : Event: ======'drop_target_d_drop_single_up'====== Args={'device': <drop_target.d_drop_single>}
2022-10-21 09:32:37,922 : INFO : EventManager : Event: ======'drop_target_bank_single_main_up'====== Args={}
2022-10-21 09:32:38,386 : INFO : SwitchController : <<<<<<< 's_drop_single' active >>>>>>>
2022-10-21 09:32:38,387 : INFO : EventManager : Event: ======'drop_target_d_drop_single_down'====== Args={'device': <drop_target.d_drop_single>}
2022-10-21 09:32:38,387 : INFO : EventManager : Event: ======'drop_target_bank_single_main_down'====== Args={}
2022-10-21 09:32:38,650 : INFO : SwitchController : <<<<<<< 's_drop_single' inactive >>>>>>>
2022-10-21 09:32:38,650 : INFO : EventManager : Event: ======'drop_target_d_drop_single_up'====== Args={'device': <drop_target.d_drop_single>}
2022-10-21 09:32:38,651 : INFO : EventManager : Event: ======'drop_target_bank_single_main_up'====== Args={}
2022-10-21 09:32:39,491 : INFO : SwitchController : <<<<<<< 's_drop_single' active >>>>>>>
2022-10-21 09:32:39,491 : INFO : EventManager : Event: ======'drop_target_d_drop_single_down'====== Args={'device': <drop_target.d_drop_single>}
2022-10-21 09:32:39,491 : INFO : EventManager : Event: ======'drop_target_bank_single_main_down'====== Args={}
2022-10-21 09:32:39,725 : INFO : SwitchController : <<<<<<< 's_drop_single' inactive >>>>>>>
2022-10-21 09:32:39,726 : INFO : EventManager : Event: ======'drop_target_d_drop_single_up'====== Args={'device': <drop_target.d_drop_single>}
2022-10-21 09:32:39,726 : INFO : EventManager : Event: ======'drop_target_bank_single_main_up'====== Args={}
2022-10-21 09:32:41,752 : INFO : SwitchController : <<<<<<< 's_drop_single' active >>>>>>>
2022-10-21 09:32:41,752 : INFO : EventManager : Event: ======'drop_target_d_drop_single_down'====== Args={'device': <drop_target.d_drop_single>}
2022-10-21 09:32:41,752 : INFO : EventManager : Event: ======'drop_target_bank_single_main_down'====== Args={}
2022-10-21 09:32:42,328 : INFO : SwitchController : <<<<<<< 's_drop_single' inactive >>>>>>>
2022-10-21 09:32:42,328 : INFO : EventManager : Event: ======'drop_target_d_drop_single_up'====== Args={'device': <drop_target.d_drop_single>}
2022-10-21 09:32:42,329 : INFO : EventManager : Event: ======'drop_target_bank_single_main_up'====== Args={}
2022-10-21 09:32:43,479 : INFO : SwitchController : <<<<<<< 's_drop_single' active >>>>>>>
2022-10-21 09:32:43,479 : INFO : EventManager : Event: ======'drop_target_d_drop_single_down'====== Args={'device': <drop_target.d_drop_single>}
2022-10-21 09:32:43,479 : INFO : EventManager : Event: ======'drop_target_bank_single_main_down'====== Args={}
2022-10-21 09:32:43,588 : INFO : SwitchController : <<<<<<< 's_drop_single' inactive >>>>>>>
2022-10-21 09:32:43,588 : INFO : EventManager : Event: ======'drop_target_d_drop_single_up'====== Args={'device': <drop_target.d_drop_single>}
2022-10-21 09:32:43,588 : INFO : EventManager : Event: ======'drop_target_bank_single_main_up'====== Args={}
2022-10-21 09:32:45,619 : INFO : SwitchController : <<<<<<< 's_drop_single' active >>>>>>>
2022-10-21 09:32:45,619 : INFO : EventManager : Event: ======'drop_target_d_drop_single_down'====== Args={'device': <drop_target.d_drop_single>}
2022-10-21 09:32:45,619 : INFO : EventManager : Event: ======'drop_target_bank_single_main_down'====== Args={}
2022-10-21 09:32:45,697 : INFO : SwitchController : <<<<<<< 's_drop_single' inactive >>>>>>>
2022-10-21 09:32:45,697 : INFO : EventManager : Event: ======'drop_target_d_drop_single_up'====== Args={'device': <drop_target.d_drop_single>}
2022-10-21 09:32:45,697 : INFO : EventManager : Event: ======'drop_target_bank_single_main_up'====== Args={}
2022-10-21 09:32:46,259 : INFO : SwitchController : <<<<<<< 's_drop_single' active >>>>>>>
2022-10-21 09:32:46,259 : INFO : EventManager : Event: ======'drop_target_d_drop_single_down'====== Args={'device': <drop_target.d_drop_single>}
2022-10-21 09:32:46,260 : INFO : EventManager : Event: ======'drop_target_bank_single_main_down'====== Args={}
2022-10-21 09:32:46,475 : INFO : SwitchController : <<<<<<< 's_drop_single' inactive >>>>>>>
2022-10-21 09:32:46,475 : INFO : EventManager : Event: ======'drop_target_d_drop_single_up'====== Args={'device': <drop_target.d_drop_single>}
2022-10-21 09:32:46,475 : INFO : EventManager : Event: ======'drop_target_bank_single_main_up'====== Args={}
2022-10-21 09:32:56,480 : INFO : SwitchController : <<<<<<< 's_drop_single' active >>>>>>>
2022-10-21 09:32:56,480 : INFO : EventManager : Event: ======'drop_target_d_drop_single_down'====== Args={'device': <drop_target.d_drop_single>}
2022-10-21 09:32:56,480 : INFO : EventManager : Event: ======'drop_target_bank_single_main_down'====== Args={}
2022-10-21 09:32:56,854 : INFO : SwitchController : <<<<<<< 's_drop_single' inactive >>>>>>>
2022-10-21 09:32:56,854 : INFO : EventManager : Event: ======'drop_target_d_drop_single_up'====== Args={'device': <drop_target.d_drop_single>}
2022-10-21 09:32:56,854 : INFO : EventManager : Event: ======'drop_target_bank_single_main_up'====== Args={}
2022-10-21 09:32:57,245 : INFO : SwitchController : <<<<<<< 's_drop_single' active >>>>>>>
2022-10-21 09:32:57,245 : INFO : EventManager : Event: ======'drop_target_d_drop_single_down'====== Args={'device': <drop_target.d_drop_single>}
2022-10-21 09:32:57,246 : INFO : EventManager : Event: ======'drop_target_bank_single_main_down'====== Args={}
2022-10-21 09:32:57,448 : INFO : SwitchController : <<<<<<< 's_drop_single' inactive >>>>>>>
2022-10-21 09:32:57,448 : INFO : EventManager : Event: ======'drop_target_d_drop_single_up'====== Args={'device': <drop_target.d_drop_single>}
2022-10-21 09:32:57,449 : INFO : EventManager : Event: ======'drop_target_bank_single_main_up'====== Args={}
2022-10-21 09:32:57,809 : INFO : SwitchController : <<<<<<< 's_drop_single' active >>>>>>>
2022-10-21 09:32:57,809 : INFO : EventManager : Event: ======'drop_target_d_drop_single_down'====== Args={'device': <drop_target.d_drop_single>}
2022-10-21 09:32:57,809 : INFO : EventManager : Event: ======'drop_target_bank_single_main_down'====== Args={}
2022-10-21 09:32:58,010 : INFO : SwitchController : <<<<<<< 's_drop_single' inactive >>>>>>>
2022-10-21 09:32:58,010 : INFO : EventManager : Event: ======'drop_target_d_drop_single_up'====== Args={'device': <drop_target.d_drop_single>}
2022-10-21 09:32:58,011 : INFO : EventManager : Event: ======'drop_target_bank_single_main_up'====== Args={}
2022-10-21 09:32:59,072 : INFO : SwitchController : <<<<<<< 's_drop_single' active >>>>>>>
2022-10-21 09:32:59,072 : INFO : EventManager : Event: ======'drop_target_d_drop_single_down'====== Args={'device': <drop_target.d_drop_single>}
2022-10-21 09:32:59,072 : INFO : EventManager : Event: ======'drop_target_bank_single_main_down'====== Args={}
2022-10-21 09:33:05,433 : INFO : SwitchController : <<<<<<< 's_drop_single' inactive >>>>>>>
2022-10-21 09:33:05,433 : INFO : EventManager : Event: ======'drop_target_d_drop_single_up'====== Args={'device': <drop_target.d_drop_single>}
2022-10-21 09:33:05,433 : INFO : EventManager : Event: ======'drop_target_bank_single_main_up'====== Args={}
2022-10-21 09:33:06,984 : INFO : SwitchController : <<<<<<< 's_drop_single' active >>>>>>>
2022-10-21 09:33:06,984 : INFO : EventManager : Event: ======'drop_target_d_drop_single_down'====== Args={'device': <drop_target.d_drop_single>}
2022-10-21 09:33:06,984 : INFO : EventManager : Event: ======'drop_target_bank_single_main_down'====== Args={}
2022-10-21 09:33:09,913 : INFO : SwitchController : <<<<<<< 's_drop_single' inactive >>>>>>>
2022-10-21 09:33:09,913 : INFO : EventManager : Event: ======'drop_target_d_drop_single_up'====== Args={'device': <drop_target.d_drop_single>}
2022-10-21 09:33:09,913 : INFO : EventManager : Event: ======'drop_target_bank_single_main_up'====== Args={}
2022-10-21 09:33:09,959 : INFO : SwitchController : <<<<<<< 's_drop_single' active >>>>>>>
2022-10-21 09:33:09,960 : INFO : EventManager : Event: ======'drop_target_d_drop_single_down'====== Args={'device': <drop_target.d_drop_single>}
2022-10-21 09:33:09,960 : INFO : EventManager : Event: ======'drop_target_bank_single_main_down'====== Args={}
2022-10-21 09:33:10,587 : INFO : SwitchController : <<<<<<< 's_drop_single' inactive >>>>>>>
2022-10-21 09:33:10,587 : INFO : EventManager : Event: ======'drop_target_d_drop_single_up'====== Args={'device': <drop_target.d_drop_single>}
2022-10-21 09:33:10,587 : INFO : EventManager : Event: ======'drop_target_bank_single_main_up'====== Args={}
2022-10-21 09:33:13,420 : INFO : SwitchController : <<<<<<< 's_drop_single' active >>>>>>>
2022-10-21 09:33:13,420 : INFO : EventManager : Event: ======'drop_target_d_drop_single_down'====== Args={'device': <drop_target.d_drop_single>}
2022-10-21 09:33:13,421 : INFO : EventManager : Event: ======'drop_target_bank_single_main_down'====== Args={}
2022-10-21 09:33:14,624 : INFO : SwitchController : <<<<<<< 's_drop_single' inactive >>>>>>>
2022-10-21 09:33:14,624 : INFO : EventManager : Event: ======'drop_target_d_drop_single_up'====== Args={'device': <drop_target.d_drop_single>}
2022-10-21 09:33:14,624 : INFO : EventManager : Event: ======'drop_target_bank_single_main_up'====== Args={}
2022-10-21 09:33:18,681 : INFO : SwitchController : <<<<<<< 's_drop_single' active >>>>>>>
2022-10-21 09:33:18,681 : INFO : EventManager : Event: ======'drop_target_d_drop_single_down'====== Args={'device': <drop_target.d_drop_single>}
2022-10-21 09:33:18,681 : INFO : EventManager : Event: ======'drop_target_bank_single_main_down'====== Args={}
2022-10-21 09:33:18,824 : INFO : SwitchController : <<<<<<< 's_drop_single' inactive >>>>>>>
2022-10-21 09:33:18,824 : INFO : EventManager : Event: ======'drop_target_d_drop_single_up'====== Args={'device': <drop_target.d_drop_single>}
2022-10-21 09:33:18,824 : INFO : EventManager : Event: ======'drop_target_bank_single_main_up'====== Args={}
2022-10-21 09:33:19,526 : INFO : SwitchController : <<<<<<< 's_drop_single' active >>>>>>>
2022-10-21 09:33:19,526 : INFO : EventManager : Event: ======'drop_target_d_drop_single_down'====== Args={'device': <drop_target.d_drop_single>}
2022-10-21 09:33:19,526 : INFO : EventManager : Event: ======'drop_target_bank_single_main_down'====== Args={}
2022-10-21 09:33:19,823 : INFO : SwitchController : <<<<<<< 's_drop_single' inactive >>>>>>>
2022-10-21 09:33:19,823 : INFO : EventManager : Event: ======'drop_target_d_drop_single_up'====== Args={'device': <drop_target.d_drop_single>}
2022-10-21 09:33:19,823 : INFO : EventManager : Event: ======'drop_target_bank_single_main_up'====== Args={}
2022-10-21 09:33:21,930 : INFO : SwitchController : <<<<<<< 's_drop_single' active >>>>>>>
2022-10-21 09:33:21,930 : INFO : EventManager : Event: ======'drop_target_d_drop_single_down'====== Args={'device': <drop_target.d_drop_single>}
2022-10-21 09:33:21,930 : INFO : EventManager : Event: ======'drop_target_bank_single_main_down'====== Args={}
2022-10-21 09:33:24,750 : INFO : SwitchController : <<<<<<< 's_drop_single' inactive >>>>>>>
2022-10-21 09:33:24,751 : INFO : EventManager : Event: ======'drop_target_d_drop_single_up'====== Args={'device': <drop_target.d_drop_single>}
2022-10-21 09:33:24,751 : INFO : EventManager : Event: ======'drop_target_bank_single_main_up'====== Args={}
2022-10-21 09:33:28,231 : INFO : SwitchController : <<<<<<< 's_drop_single' active >>>>>>>
2022-10-21 09:33:28,231 : INFO : EventManager : Event: ======'drop_target_d_drop_single_down'====== Args={'device': <drop_target.d_drop_single>}
2022-10-21 09:33:28,231 : INFO : EventManager : Event: ======'drop_target_bank_single_main_down'====== Args={}
2022-10-21 09:33:39,716 : INFO : SwitchController : <<<<<<< 's_right_inlane' active >>>>>>>
2022-10-21 09:33:39,717 : INFO : EventManager : Event: ======'sw_playfield_active'====== Args={}
2022-10-21 09:33:39,918 : INFO : SwitchController : <<<<<<< 's_right_inlane' inactive >>>>>>>
2022-10-21 09:33:40,126 : INFO : SwitchController : <<<<<<< 's_right_inlane' active >>>>>>>
2022-10-21 09:33:40,126 : INFO : EventManager : Event: ======'sw_playfield_active'====== Args={}
2022-10-21 09:33:40,230 : INFO : SwitchController : <<<<<<< 's_right_inlane' inactive >>>>>>>
2022-10-21 09:33:40,370 : INFO : SwitchController : <<<<<<< 's_right_inlane' active >>>>>>>
2022-10-21 09:33:40,370 : INFO : EventManager : Event: ======'sw_playfield_active'====== Args={}
2022-10-21 09:33:40,465 : INFO : SwitchController : <<<<<<< 's_right_inlane' inactive >>>>>>>
2022-10-21 09:33:40,605 : INFO : SwitchController : <<<<<<< 's_right_inlane' active >>>>>>>
2022-10-21 09:33:40,605 : INFO : EventManager : Event: ======'sw_playfield_active'====== Args={}
2022-10-21 09:33:40,715 : INFO : SwitchController : <<<<<<< 's_right_inlane' inactive >>>>>>>
2022-10-21 09:33:40,838 : INFO : SwitchController : <<<<<<< 's_right_inlane' active >>>>>>>
2022-10-21 09:33:40,838 : INFO : EventManager : Event: ======'sw_playfield_active'====== Args={}
2022-10-21 09:33:40,901 : INFO : SwitchController : <<<<<<< 's_launch' active >>>>>>>
2022-10-21 09:33:40,979 : INFO : SwitchController : <<<<<<< 's_right_inlane' inactive >>>>>>>
2022-10-21 09:33:41,646 : INFO : SwitchController : <<<<<<< 's_launch' inactive >>>>>>>
2022-10-21 09:33:42,051 : INFO : SwitchController : <<<<<<< 's_right_outlane' active >>>>>>>
2022-10-21 09:33:42,051 : INFO : EventManager : Event: ======'sw_playfield_active'====== Args={}
2022-10-21 09:33:42,097 : INFO : SwitchController : <<<<<<< 's_right_outlane' inactive >>>>>>>
2022-10-21 09:33:42,097 : INFO : SwitchController : <<<<<<< 's_right_outlane' active >>>>>>>
2022-10-21 09:33:42,097 : INFO : EventManager : Event: ======'sw_playfield_active'====== Args={}
2022-10-21 09:33:42,191 : INFO : SwitchController : <<<<<<< 's_right_outlane' inactive >>>>>>>
2022-10-21 09:33:42,316 : INFO : SwitchController : <<<<<<< 's_right_outlane' active >>>>>>>
2022-10-21 09:33:42,316 : INFO : EventManager : Event: ======'sw_playfield_active'====== Args={}
2022-10-21 09:33:42,347 : INFO : SwitchController : <<<<<<< 's_right_outlane' inactive >>>>>>>
2022-10-21 09:33:42,362 : INFO : SwitchController : <<<<<<< 's_right_outlane' active >>>>>>>
2022-10-21 09:33:42,362 : INFO : EventManager : Event: ======'sw_playfield_active'====== Args={}
2022-10-21 09:33:42,394 : INFO : SwitchController : <<<<<<< 's_right_outlane' inactive >>>>>>>
2022-10-21 09:33:42,394 : INFO : SwitchController : <<<<<<< 's_right_outlane' active >>>>>>>
2022-10-21 09:33:42,394 : INFO : EventManager : Event: ======'sw_playfield_active'====== Args={}
2022-10-21 09:33:42,408 : INFO : SwitchController : <<<<<<< 's_right_outlane' inactive >>>>>>>
2022-10-21 09:33:42,533 : INFO : SwitchController : <<<<<<< 's_right_outlane' active >>>>>>>
2022-10-21 09:33:42,533 : INFO : EventManager : Event: ======'sw_playfield_active'====== Args={}
2022-10-21 09:33:42,641 : INFO : SwitchController : <<<<<<< 's_right_outlane' inactive >>>>>>>
2022-10-21 09:33:42,921 : INFO : SwitchController : <<<<<<< 's_launch' active >>>>>>>
2022-10-21 09:33:43,357 : INFO : SwitchController : <<<<<<< 's_launch' inactive >>>>>>>
2022-10-21 09:34:25,266 : ERROR : asyncio : Exception in callback SerialTransport._poll_read()
handle: <TimerHandle when=72457.9065 SerialTransport._poll_read()>
Traceback (most recent call last):
  File "c:\users\tanner\appdata\local\programs\python\python37\lib\asyncio\events.py", line 88, in _run
    self._context.run(self._callback, *self._args)
  File "c:\users\tanner\appdata\local\programs\python\python37\lib\site-packages\serial_asyncio\__init__.py", line 275, in _poll_read
    if self.serial.in_waiting:
  File "c:\users\tanner\appdata\local\programs\python\python37\lib\site-packages\serial\serialwin32.py", line 259, in in_waiting
    raise SerialException("ClearCommError failed ({!r})".format(ctypes.WinError()))
serial.serialutil.SerialException: ClearCommError failed (PermissionError(13, 'Access is denied.', None, 5))
2022-10-21 09:34:25,267 : ERROR : asyncio : Exception in callback SerialTransport._poll_read()
handle: <TimerHandle when=72457.9065 SerialTransport._poll_read()>
Traceback (most recent call last):
  File "c:\users\tanner\appdata\local\programs\python\python37\lib\asyncio\events.py", line 88, in _run
    self._context.run(self._callback, *self._args)
  File "c:\users\tanner\appdata\local\programs\python\python37\lib\site-packages\serial_asyncio\__init__.py", line 275, in _poll_read
    if self.serial.in_waiting:
  File "c:\users\tanner\appdata\local\programs\python\python37\lib\site-packages\serial\serialwin32.py", line 259, in in_waiting
    raise SerialException("ClearCommError failed ({!r})".format(ctypes.WinError()))
serial.serialutil.SerialException: ClearCommError failed (PermissionError(13, 'Access is denied.', None, 5))
2022-10-21 09:34:25,270 : INFO : Machine : Shutting down...
2022-10-21 09:34:25,272 : INFO : EventManager : Event: ======'shutdown'====== Args={}
2022-10-21 09:34:25,279 : ERROR : asyncio : Fatal write error on serial transport
protocol: <asyncio.streams.StreamReaderProtocol object at 0x000001E2E45CDC08>
transport: SerialTransport(<_WindowsSelectorEventLoop running=True closed=False debug=False>, <asyncio.streams.StreamReaderProtocol object at 0x000001E2E45CDC08>, Serial<id=0x1e2e45d1148, open=True>(port='com15', baudrate=921600, bytesize=8, parity='N', stopbits=1, timeout=0, xonxoff=False, rtscts=False, dsrdtr=False))
Traceback (most recent call last):
  File "c:\users\tanner\appdata\local\programs\python\python37\lib\site-packages\serial_asyncio\__init__.py", line 120, in write
    n = self._serial.write(data)
  File "c:\users\tanner\appdata\local\programs\python\python37\lib\site-packages\serial\serialwin32.py", line 336, in write
    raise SerialException("WriteFile failed ({!r})".format(ctypes.WinError()))
serial.serialutil.SerialException: WriteFile failed (PermissionError(13, 'Access is denied.', None, 5))
2022-10-21 09:34:25,293 : ERROR : asyncio : Exception in callback SerialTransport._call_connection_lost(SerialExcepti...', None, 5))"))
handle: <Handle SerialTransport._call_connection_lost(SerialExcepti...', None, 5))"))>
Traceback (most recent call last):
  File "c:\users\tanner\appdata\local\programs\python\python37\lib\asyncio\events.py", line 88, in _run
    self._context.run(self._callback, *self._args)
  File "c:\users\tanner\appdata\local\programs\python\python37\lib\site-packages\serial_asyncio\__init__.py", line 390, in _call_connection_lost
    self._serial.flush()
  File "c:\users\tanner\appdata\local\programs\python\python37\lib\site-packages\serial\serialwin32.py", line 345, in flush
    while self.out_waiting:
  File "c:\users\tanner\appdata\local\programs\python\python37\lib\site-packages\serial\serialwin32.py", line 447, in out_waiting
    raise SerialException("ClearCommError failed ({!r})".format(ctypes.WinError()))
serial.serialutil.SerialException: ClearCommError failed (PermissionError(13, 'Access is denied.', None, 5))
2022-10-21 09:34:25,299 : ERROR : asyncio : Fatal write error on serial transport
protocol: <asyncio.streams.StreamReaderProtocol object at 0x000001E2E45A7E88>
transport: SerialTransport(<_WindowsSelectorEventLoop running=False closed=False debug=False>, <asyncio.streams.StreamReaderProtocol object at 0x000001E2E45A7E88>, Serial<id=0x1e2e45a7f48, open=True>(port='com14', baudrate=921600, bytesize=8, parity='N', stopbits=1, timeout=0, xonxoff=False, rtscts=False, dsrdtr=False))
Traceback (most recent call last):
  File "c:\users\tanner\appdata\local\programs\python\python37\lib\site-packages\serial_asyncio\__init__.py", line 120, in write
    n = self._serial.write(data)
  File "c:\users\tanner\appdata\local\programs\python\python37\lib\site-packages\serial\serialwin32.py", line 336, in write
    raise SerialException("WriteFile failed ({!r})".format(ctypes.WinError()))
serial.serialutil.SerialException: WriteFile failed (PermissionError(13, 'Access is denied.', None, 5))
2022-10-21 09:34:25,303 : ERROR : asyncio : Exception in callback SerialTransport._call_connection_lost(SerialExcepti...', None, 5))"))
handle: <Handle SerialTransport._call_connection_lost(SerialExcepti...', None, 5))"))>
Traceback (most recent call last):
  File "c:\users\tanner\appdata\local\programs\python\python37\lib\asyncio\events.py", line 88, in _run
    self._context.run(self._callback, *self._args)
  File "c:\users\tanner\appdata\local\programs\python\python37\lib\site-packages\serial_asyncio\__init__.py", line 390, in _call_connection_lost
    self._serial.flush()
  File "c:\users\tanner\appdata\local\programs\python\python37\lib\site-packages\serial\serialwin32.py", line 345, in flush
    while self.out_waiting:
  File "c:\users\tanner\appdata\local\programs\python\python37\lib\site-packages\serial\serialwin32.py", line 447, in out_waiting
    raise SerialException("ClearCommError failed ({!r})".format(ctypes.WinError()))
serial.serialutil.SerialException: ClearCommError failed (PermissionError(13, 'Access is denied.', None, 5))
2022-10-21 09:34:25,410 : ERROR : FAST : Stop called on serial connection com14
2022-10-21 09:34:25,410 : ERROR : FAST : Stop called on serial connection com15
2022-10-21 09:34:25,412 : ERROR : Machine : Runtime Exception
Traceback (most recent call last):
  File "c:\users\tanner\appdata\local\programs\python\python37\lib\site-packages\mpf\core\machine.py", line 769, in _run_loop
    raise self._exception['exception']
  File "c:\users\tanner\appdata\local\programs\python\python37\lib\asyncio\events.py", line 88, in _run
    self._context.run(self._callback, *self._args)
  File "c:\users\tanner\appdata\local\programs\python\python37\lib\site-packages\serial_asyncio\__init__.py", line 275, in _poll_read
    if self.serial.in_waiting:
  File "c:\users\tanner\appdata\local\programs\python\python37\lib\site-packages\serial\serialwin32.py", line 259, in in_waiting
    raise SerialException("ClearCommError failed ({!r})".format(ctypes.WinError()))
serial.serialutil.SerialException: ClearCommError failed (PermissionError(13, 'Access is denied.', None, 5))
2022-10-21 09:34:25,477 : ERROR : root : ClearCommError failed (PermissionError(13, 'Access is denied.', None, 5))
2022-10-21 09:38:41,016 : INFO : root : MPF run loop ended.
