2022-10-06 15:31:56,496 : INFO : root : Loading config.
2022-10-06 15:31:56,499 : INFO : YamlMultifileConfigLoader : Machine config file #1: config.yaml
2022-10-06 15:31:56,500 : INFO : ConfigProcessor : Loading config from cache: C:\Users\Tanner\AppData\Local\Temp\a6762098cb994b55cb03a478b26022ee.mpf_cache
2022-10-06 15:31:56,569 : INFO : ConfigProcessor : Loading config from cache: C:\Users\Tanner\AppData\Local\Temp\9cf7ccc27b21f4d6162237fadfc53e5a.mpf_cache
2022-10-06 15:31:56,570 : INFO : ConfigProcessor : Loading config from cache: C:\Users\Tanner\AppData\Local\Temp\c215df352878fee5d54f1a5ec5b16e7c.mpf_cache
2022-10-06 15:31:56,570 : INFO : ConfigProcessor : Loading config from cache: C:\Users\Tanner\AppData\Local\Temp\708062243e0edcfa77dd6b1521bd0d4e.mpf_cache
2022-10-06 15:31:56,571 : INFO : ConfigProcessor : Loading config from cache: C:\Users\Tanner\AppData\Local\Temp\c4174472f67f7b070dd6fb437c6feb0c.mpf_cache
2022-10-06 15:31:56,572 : INFO : ConfigProcessor : Loading config from cache: C:\Users\Tanner\AppData\Local\Temp\abaa92c43d134e3392cbb2346e6a16be.mpf_cache
2022-10-06 15:31:56,573 : INFO : ConfigProcessor : Loading config from cache: C:\Users\Tanner\AppData\Local\Temp\fc46d53fcb9fe6b8abf783d9c813390a.mpf_cache
2022-10-06 15:31:56,574 : INFO : Machine : Mission Pinball Framework Core Engine v0.55.0
2022-10-06 15:31:56,574 : INFO : Machine : Command line arguments: {'no_load_cache': False, 'create_config_cache': True, 'bcp': False, 'configfile': ['config.yaml'], 'force_assets_load': False, 'jsonlogging': False, 'logfile': 'logs\\2022-10-06-15-31-56-mpf-DESKTOP-7HNFDQ5.log', 'pause': False, 'production': False, 'text_ui': True, 'loglevel': 15, 'consoleloglevel': 20, 'force_platform': None, 'syslog_address': None, 'mc_file_name': None, 'no_sound': False}
2022-10-06 15:31:56,574 : INFO : Machine : MPF path: c:\users\tanner\appdata\local\programs\python\python37\lib\site-packages\mpf
2022-10-06 15:31:56,574 : INFO : Machine : Machine path: c:\trashland_2
2022-10-06 15:31:56,574 : INFO : Machine : Platform: win32
2022-10-06 15:31:56,574 : INFO : Machine : Python executable location: c:\users\tanner\appdata\local\programs\python\python37\python.exe
2022-10-06 15:31:56,574 : INFO : Machine : Python version: 3.7.8 (64-bit)
2022-10-06 15:31:56,575 : INFO : Machine : Initialise MPF.
2022-10-06 15:31:56,824 : INFO : FAST : Connecting to com9 at 921600bps
2022-10-06 15:31:56,871 : INFO : FAST : Connected! Processor: NET, Board Type: FP-CPU-002-2, Firmware: 01.05
2022-10-06 15:31:56,871 : INFO : EventManager : Event: ======'machine_var_fast_net_firmware'====== Args={'value': '01.05', 'prev_value': None, 'change': True}
2022-10-06 15:31:56,871 : INFO : EventManager : Event: ======'machine_var_fast_net_model'====== Args={'value': 'FP-CPU-002-2', 'prev_value': None, 'change': True}
2022-10-06 15:31:59,248 : WARNING : FAST : Got unexpected message from FAST: -N:30
2022-10-06 15:31:59,248 : WARNING : FAST : Got unexpected message from FAST: -N:34
2022-10-06 15:31:59,248 : WARNING : FAST : Got unexpected message from FAST: -N:38
2022-10-06 15:31:59,248 : WARNING : FAST : Got unexpected message from FAST: -N:40
2022-10-06 15:31:59,248 : WARNING : FAST : Got unexpected message from FAST: -N:41
2022-10-06 15:31:59,248 : WARNING : FAST : Got unexpected message from FAST: -N:42
2022-10-06 15:31:59,248 : WARNING : FAST : Got unexpected message from FAST: -N:43
2022-10-06 15:31:59,248 : WARNING : FAST : Got unexpected message from FAST: -N:44
2022-10-06 15:31:59,360 : INFO : FAST : Connecting to com10 at 921600bps
2022-10-06 15:31:59,392 : INFO : FAST : Connected! Processor: RGB, Board Type: FP-CPU-002-2, Firmware: 00.87
2022-10-06 15:31:59,392 : INFO : EventManager : Event: ======'machine_var_fast_rgb_firmware'====== Args={'value': '00.87', 'prev_value': None, 'change': True}
2022-10-06 15:31:59,392 : INFO : EventManager : Event: ======'machine_var_fast_rgb_model'====== Args={'value': 'FP-CPU-002-2', 'prev_value': None, 'change': True}
2022-10-06 15:31:59,393 : INFO : EventManager : Event: ======'machine_var_credits_string'====== Args={'value': 'FREE PLAY', 'prev_value': None, 'change': True}
2022-10-06 15:31:59,437 : INFO : EventManager : Event: ======'machine_var_master_volume'====== Args={'value': 0.5, 'prev_value': None, 'change': True}
2022-10-06 15:31:59,437 : INFO : EventManager : Event: ======'machine_var_mpf_version'====== Args={'value': 'MPF v0.55.0', 'prev_value': None, 'change': True}
2022-10-06 15:31:59,437 : INFO : EventManager : Event: ======'machine_var_mpf_extended_version'====== Args={'value': 'MPF v0.55.0, Config version:5, Show version: 5, BCP version:1.1', 'prev_value': None, 'change': True}
2022-10-06 15:31:59,437 : INFO : EventManager : Event: ======'machine_var_python_version'====== Args={'value': '3.7.8', 'prev_value': None, 'change': True}
2022-10-06 15:31:59,438 : INFO : EventManager : Event: ======'machine_var_platform'====== Args={'value': 'Windows-10-10.0.19041-SP0', 'prev_value': None, 'change': True}
2022-10-06 15:31:59,438 : INFO : EventManager : Event: ======'machine_var_platform_system'====== Args={'value': 'Windows', 'prev_value': None, 'change': True}
2022-10-06 15:31:59,438 : INFO : EventManager : Event: ======'machine_var_platform_release'====== Args={'value': '10', 'prev_value': None, 'change': True}
2022-10-06 15:31:59,438 : INFO : EventManager : Event: ======'machine_var_platform_version'====== Args={'value': '10.0.19041', 'prev_value': None, 'change': True}
2022-10-06 15:31:59,438 : INFO : EventManager : Event: ======'machine_var_platform_machine'====== Args={'value': 'AMD64', 'prev_value': None, 'change': True}
2022-10-06 15:31:59,438 : INFO : EventManager : Event: ======'init_phase_1'====== Args={}
2022-10-06 15:31:59,480 : INFO : EventManager : Event: ======'drop_target_bank_mid_up'====== Args={}
2022-10-06 15:31:59,480 : INFO : EventManager : Event: ======'drop_target_bank_right_up'====== Args={}
2022-10-06 15:31:59,491 : INFO : EventManager : Event: ======'init_phase_2'====== Args={}
2022-10-06 15:31:59,492 : INFO : SwitchController : Found active switch: (('30', 1), <Platform.FAST>) <switch.s_drop_right_right>
2022-10-06 15:31:59,492 : INFO : SwitchController : Found active switch: (('33', 1), <Platform.FAST>) <switch.s_vuk_right>
2022-10-06 15:31:59,492 : INFO : SwitchController : Found active switch: (('48', 1), <Platform.FAST>) <switch.s_trough_1>
2022-10-06 15:31:59,492 : INFO : SwitchController : Found active switch: (('49', 1), <Platform.FAST>) <switch.s_trough_jam>
2022-10-06 15:31:59,492 : INFO : SwitchController : Found active switch: (('3C', 1), <Platform.FAST>) <switch.s_eos_right>
2022-10-06 15:31:59,492 : INFO : SwitchController : Found active switch: (('3B', 1), <Platform.FAST>) <switch.s_eos_left>
2022-10-06 15:31:59,492 : INFO : SwitchController : Found active switch: (('5D', 1), <Platform.FAST>) <switch.s_bot_vuk>
2022-10-06 15:31:59,499 : INFO : ball_device.bd_trough : BCH: Initial count: 2
2022-10-06 15:31:59,500 : INFO : ball_device.bd_trough : State: idle
2022-10-06 15:31:59,500 : INFO : ball_device.bd_plunger : BCH: Initial count: 0
2022-10-06 15:31:59,500 : INFO : ball_device.bd_plunger : State: idle
2022-10-06 15:31:59,501 : INFO : ball_device.bd_top_vuk : BCH: Initial count: 0
2022-10-06 15:31:59,501 : INFO : ball_device.bd_top_vuk : State: idle
2022-10-06 15:31:59,502 : INFO : ball_device.bd_right_vuk : BCH: Initial count: 1
2022-10-06 15:31:59,502 : INFO : ball_device.bd_right_vuk : State: idle
2022-10-06 15:31:59,502 : INFO : ball_device.bd_bot_vuk : BCH: Initial count: 1
2022-10-06 15:31:59,503 : INFO : ball_device.bd_bot_vuk : State: idle
2022-10-06 15:31:59,541 : INFO : EventManager : Event: ======'init_phase_3'====== Args={}
2022-10-06 15:31:59,576 : INFO : EventManager : Event: ======'init_phase_4'====== Args={}
2022-10-06 15:31:59,576 : INFO : EventManager : Event: ======'playfield_active'====== Args={}
2022-10-06 15:31:59,576 : INFO : EventManager : Event: ======'unexpected_ball_on_playfield'====== Args={}
2022-10-06 15:31:59,576 : INFO : EventManager : Event: ======'playfield_active'====== Args={}
2022-10-06 15:31:59,576 : INFO : EventManager : Event: ======'unexpected_ball_on_playfield'====== Args={}
2022-10-06 15:31:59,576 : INFO : EventManager : Event: ======'playfield_active'====== Args={}
2022-10-06 15:31:59,576 : INFO : EventManager : Event: ======'unexpected_ball_on_playfield'====== Args={}
2022-10-06 15:31:59,576 : INFO : EventManager : Event: ======'playfield_active'====== Args={}
2022-10-06 15:31:59,576 : INFO : EventManager : Event: ======'unexpected_ball_on_playfield'====== Args={}
2022-10-06 15:31:59,577 : INFO : EventManager : Event: ======'playfield_active'====== Args={}
2022-10-06 15:31:59,577 : INFO : EventManager : Event: ======'unexpected_ball_on_playfield'====== Args={}
2022-10-06 15:31:59,577 : INFO : EventManager : Event: ======'drop_target_right_right_down'====== Args={'device': <drop_target.right_right>}
2022-10-06 15:31:59,577 : INFO : EventManager : Event: ======'drop_target_bank_right_mixed'====== Args={'prev_value': <DropTargetBankState.UP: 'up'>, 'down': 1}
2022-10-06 15:31:59,577 : INFO : EventManager : Event: ======'playfield_active'====== Args={}
2022-10-06 15:31:59,577 : INFO : EventManager : Event: ======'unexpected_ball_on_playfield'====== Args={}
2022-10-06 15:31:59,577 : INFO : BallController : Initial balls found: 4
2022-10-06 15:31:59,579 : INFO : EventManager : Event: ======'machine_var_audits_events_game_ended'====== Args={'value': 0, 'prev_value': None, 'change': True}
2022-10-06 15:31:59,579 : INFO : EventManager : Event: ======'machine_var_audits_events_game_started'====== Args={'value': 0, 'prev_value': None, 'change': True}
2022-10-06 15:31:59,579 : INFO : EventManager : Event: ======'machine_var_audits_player_score'====== Args={'value': {'average': 0, 'top': [], 'total': 0}, 'prev_value': None, 'change': True}
2022-10-06 15:31:59,579 : INFO : EventManager : Event: ======'machine_var_audits_switches_s_autolauncher'====== Args={'value': 82, 'prev_value': None, 'change': True}
2022-10-06 15:31:59,579 : INFO : EventManager : Event: ======'machine_var_audits_switches_s_back_pop'====== Args={'value': 0, 'prev_value': None, 'change': True}
2022-10-06 15:31:59,579 : INFO : EventManager : Event: ======'machine_var_audits_switches_s_back_rollover'====== Args={'value': 0, 'prev_value': None, 'change': True}
2022-10-06 15:31:59,580 : INFO : EventManager : Event: ======'machine_var_audits_switches_s_back_stationary'====== Args={'value': 0, 'prev_value': None, 'change': True}
2022-10-06 15:31:59,580 : INFO : EventManager : Event: ======'machine_var_audits_switches_s_bot_back'====== Args={'value': 0, 'prev_value': None, 'change': True}
2022-10-06 15:31:59,580 : INFO : EventManager : Event: ======'machine_var_audits_switches_s_bot_big'====== Args={'value': 1, 'prev_value': None, 'change': True}
2022-10-06 15:31:59,580 : INFO : EventManager : Event: ======'machine_var_audits_switches_s_bot_left'====== Args={'value': 0, 'prev_value': None, 'change': True}
2022-10-06 15:31:59,580 : INFO : EventManager : Event: ======'machine_var_audits_switches_s_bot_right'====== Args={'value': 0, 'prev_value': None, 'change': True}
2022-10-06 15:31:59,580 : INFO : EventManager : Event: ======'machine_var_audits_switches_s_bot_rollover'====== Args={'value': 0, 'prev_value': None, 'change': True}
2022-10-06 15:31:59,580 : INFO : EventManager : Event: ======'machine_var_audits_switches_s_bot_vuk'====== Args={'value': 0, 'prev_value': None, 'change': True}
2022-10-06 15:31:59,581 : INFO : EventManager : Event: ======'machine_var_audits_switches_s_drop_mid_left'====== Args={'value': 74, 'prev_value': None, 'change': True}
2022-10-06 15:31:59,581 : INFO : EventManager : Event: ======'machine_var_audits_switches_s_drop_mid_mid'====== Args={'value': 83, 'prev_value': None, 'change': True}
2022-10-06 15:31:59,581 : INFO : EventManager : Event: ======'machine_var_audits_switches_s_drop_mid_right'====== Args={'value': 5, 'prev_value': None, 'change': True}
2022-10-06 15:31:59,581 : INFO : EventManager : Event: ======'machine_var_audits_switches_s_drop_right_left'====== Args={'value': 24, 'prev_value': None, 'change': True}
2022-10-06 15:31:59,581 : INFO : EventManager : Event: ======'machine_var_audits_switches_s_drop_right_right'====== Args={'value': 61, 'prev_value': None, 'change': True}
2022-10-06 15:31:59,581 : INFO : EventManager : Event: ======'machine_var_audits_switches_s_drop_single'====== Args={'value': 41, 'prev_value': None, 'change': True}
2022-10-06 15:31:59,581 : INFO : EventManager : Event: ======'machine_var_audits_switches_s_eos_left'====== Args={'value': 71, 'prev_value': None, 'change': True}
2022-10-06 15:31:59,582 : INFO : EventManager : Event: ======'machine_var_audits_switches_s_eos_left_top'====== Args={'value': 847, 'prev_value': None, 'change': True}
2022-10-06 15:31:59,582 : INFO : EventManager : Event: ======'machine_var_audits_switches_s_eos_right'====== Args={'value': 96, 'prev_value': None, 'change': True}
2022-10-06 15:31:59,582 : INFO : EventManager : Event: ======'machine_var_audits_switches_s_launch'====== Args={'value': 57, 'prev_value': None, 'change': True}
2022-10-06 15:31:59,582 : INFO : EventManager : Event: ======'machine_var_audits_switches_s_left_flipper'====== Args={'value': 949, 'prev_value': None, 'change': True}
2022-10-06 15:31:59,582 : INFO : EventManager : Event: ======'machine_var_audits_switches_s_left_inlane'====== Args={'value': 24, 'prev_value': None, 'change': True}
2022-10-06 15:31:59,583 : INFO : EventManager : Event: ======'machine_var_audits_switches_s_left_outlane'====== Args={'value': 5, 'prev_value': None, 'change': True}
2022-10-06 15:31:59,583 : INFO : EventManager : Event: ======'machine_var_audits_switches_s_pop_left'====== Args={'value': 157, 'prev_value': None, 'change': True}
2022-10-06 15:31:59,583 : INFO : EventManager : Event: ======'machine_var_audits_switches_s_pop_lower'====== Args={'value': 256, 'prev_value': None, 'change': True}
2022-10-06 15:31:59,583 : INFO : EventManager : Event: ======'machine_var_audits_switches_s_pop_right'====== Args={'value': 294, 'prev_value': None, 'change': True}
2022-10-06 15:31:59,583 : INFO : EventManager : Event: ======'machine_var_audits_switches_s_right_flipper'====== Args={'value': 975, 'prev_value': None, 'change': True}
2022-10-06 15:31:59,583 : INFO : EventManager : Event: ======'machine_var_audits_switches_s_right_inlane'====== Args={'value': 0, 'prev_value': None, 'change': True}
2022-10-06 15:31:59,584 : INFO : EventManager : Event: ======'machine_var_audits_switches_s_right_outlane'====== Args={'value': 79, 'prev_value': None, 'change': True}
2022-10-06 15:31:59,584 : INFO : EventManager : Event: ======'machine_var_audits_switches_s_rollover_left'====== Args={'value': 64, 'prev_value': None, 'change': True}
2022-10-06 15:31:59,584 : INFO : EventManager : Event: ======'machine_var_audits_switches_s_rollover_right'====== Args={'value': 46, 'prev_value': None, 'change': True}
2022-10-06 15:31:59,585 : INFO : EventManager : Event: ======'machine_var_audits_switches_s_sling_left'====== Args={'value': 41, 'prev_value': None, 'change': True}
2022-10-06 15:31:59,585 : INFO : EventManager : Event: ======'machine_var_audits_switches_s_sling_right'====== Args={'value': 136, 'prev_value': None, 'change': True}
2022-10-06 15:31:59,585 : INFO : EventManager : Event: ======'machine_var_audits_switches_s_start'====== Args={'value': 152, 'prev_value': None, 'change': True}
2022-10-06 15:31:59,585 : INFO : EventManager : Event: ======'machine_var_audits_switches_s_tilt'====== Args={'value': 126, 'prev_value': None, 'change': True}
2022-10-06 15:31:59,585 : INFO : EventManager : Event: ======'machine_var_audits_switches_s_transfer_rollover'====== Args={'value': 0, 'prev_value': None, 'change': True}
2022-10-06 15:31:59,586 : INFO : EventManager : Event: ======'machine_var_audits_switches_s_trough_1'====== Args={'value': 57, 'prev_value': None, 'change': True}
2022-10-06 15:31:59,586 : INFO : EventManager : Event: ======'machine_var_audits_switches_s_trough_2'====== Args={'value': 190, 'prev_value': None, 'change': True}
2022-10-06 15:31:59,586 : INFO : EventManager : Event: ======'machine_var_audits_switches_s_trough_3'====== Args={'value': 102, 'prev_value': None, 'change': True}
2022-10-06 15:31:59,586 : INFO : EventManager : Event: ======'machine_var_audits_switches_s_trough_4'====== Args={'value': 105, 'prev_value': None, 'change': True}
2022-10-06 15:31:59,586 : INFO : EventManager : Event: ======'machine_var_audits_switches_s_trough_5'====== Args={'value': 109, 'prev_value': None, 'change': True}
2022-10-06 15:31:59,587 : INFO : EventManager : Event: ======'machine_var_audits_switches_s_trough_6'====== Args={'value': 186, 'prev_value': None, 'change': True}
2022-10-06 15:31:59,587 : INFO : EventManager : Event: ======'machine_var_audits_switches_s_trough_jam'====== Args={'value': 108, 'prev_value': None, 'change': True}
2022-10-06 15:31:59,587 : INFO : EventManager : Event: ======'machine_var_audits_switches_s_upper_drop'====== Args={'value': 0, 'prev_value': None, 'change': True}
2022-10-06 15:31:59,587 : INFO : EventManager : Event: ======'machine_var_audits_switches_s_upper_rollover'====== Args={'value': 0, 'prev_value': None, 'change': True}
2022-10-06 15:31:59,588 : INFO : EventManager : Event: ======'machine_var_audits_switches_s_upper_stationary'====== Args={'value': 0, 'prev_value': None, 'change': True}
2022-10-06 15:31:59,588 : INFO : EventManager : Event: ======'machine_var_audits_switches_s_vuk_back'====== Args={'value': 1, 'prev_value': None, 'change': True}
2022-10-06 15:31:59,588 : INFO : EventManager : Event: ======'machine_var_audits_switches_s_vuk_right'====== Args={'value': 3, 'prev_value': None, 'change': True}
2022-10-06 15:31:59,588 : INFO : EventManager : Event: ======'machine_var_audits_switches_s_vuk_top'====== Args={'value': 25, 'prev_value': None, 'change': True}
2022-10-06 15:31:59,589 : INFO : EventManager : Event: ======'init_phase_5'====== Args={}
2022-10-06 15:31:59,636 : INFO : EventManager : Event: ======'init_done'====== Args={}
2022-10-06 15:31:59,637 : INFO : EventManager : Event: ======'machine_reset_phase_1'====== Args={}
2022-10-06 15:31:59,638 : INFO : EventManager : Event: ======'machine_reset_phase_2'====== Args={}
2022-10-06 15:31:59,638 : INFO : EventManager : Event: ======'machine_reset_phase_3'====== Args={}
2022-10-06 15:31:59,639 : INFO : EventManager : Event: ======'mode_tilt_will_start'====== Args={'queue': <QueuedEvent>}
2022-10-06 15:31:59,639 : INFO : EventManager : Event: ======'mode_tilt_starting'====== Args={'queue': <QueuedEvent>}
2022-10-06 15:31:59,639 : INFO : drop_target_bank.mid : All targets are already up. Will not reset bank.
2022-10-06 15:31:59,639 : INFO : drop_target_bank.right : 1 targets are down. Will reset those.
2022-10-06 15:31:59,639 : INFO : coil.c_drop_right : Pulsing Driver for 10ms (1.0 pulse_power)
2022-10-06 15:31:59,640 : INFO : Mode.tilt : Started. Priority: 1000000
2022-10-06 15:31:59,640 : INFO : EventManager : Event: ======'modes_active_modes_changed'====== Args={}
2022-10-06 15:31:59,640 : INFO : EventManager : Event: ======'mode_tilt_started'====== Args={'queue': <QueuedEvent>}
2022-10-06 15:31:59,641 : INFO : EventManager : Event: ======'reset_complete'====== Args={}
2022-10-06 15:31:59,641 : INFO : EventManager : Event: ======'mode_attract_will_start'====== Args={}
2022-10-06 15:31:59,641 : INFO : EventManager : Event: ======'mode_attract_starting'====== Args={}
2022-10-06 15:31:59,641 : INFO : Mode.attract : Started. Priority: 10
2022-10-06 15:31:59,642 : INFO : EventManager : Event: ======'modes_active_modes_changed'====== Args={}
2022-10-06 15:31:59,642 : INFO : EventManager : Event: ======'mode_attract_started'====== Args={}
2022-10-06 15:31:59,642 : INFO : EventManager : Event: ======'collecting_balls'====== Args={}
2022-10-06 15:31:59,642 : INFO : ball_device.bd_bot_vuk : Adding 1 ball(s) to the eject_queue with target <playfield.playfield>.
2022-10-06 15:31:59,642 : INFO : EventManager : Event: ======'balldevice_balls_available'====== Args={}
2022-10-06 15:31:59,642 : INFO : ball_device.bd_right_vuk : Adding 1 ball(s) to the eject_queue with target <playfield.playfield>.
2022-10-06 15:31:59,642 : INFO : EventManager : Event: ======'balldevice_balls_available'====== Args={}
2022-10-06 15:31:59,684 : INFO : coil.c_drop_right : Pulsing Driver for 10ms (1.0 pulse_power)
2022-10-06 15:31:59,686 : INFO : Machine : Starting the main run loop.
2022-10-06 15:31:59,686 : INFO : ball_device.bd_bot_vuk : State: waiting_for_target_ready
2022-10-06 15:31:59,686 : INFO : EventManager : Event: ======'balldevice_bd_bot_vuk_ball_eject_attempt'====== Args={'balls': 1, 'target': <playfield.playfield>, 'source': <ball_device.bd_bot_vuk>, 'mechanical_eject': False, 'num_attempts': 0}
2022-10-06 15:31:59,687 : INFO : ball_device.bd_right_vuk : State: waiting_for_target_ready
2022-10-06 15:31:59,687 : INFO : EventManager : Event: ======'balldevice_bd_right_vuk_ball_eject_attempt'====== Args={'balls': 1, 'target': <playfield.playfield>, 'source': <ball_device.bd_right_vuk>, 'mechanical_eject': False, 'num_attempts': 0}
2022-10-06 15:31:59,687 : INFO : ball_device.bd_right_vuk : State: ejecting
2022-10-06 15:31:59,687 : INFO : ball_device.bd_right_vuk : Ejecting ball to <playfield.playfield>
2022-10-06 15:31:59,687 : INFO : EventManager : Event: ======'balldevice_bd_right_vuk_ejecting_ball'====== Args={'balls': 1, 'target': <playfield.playfield>, 'source': <ball_device.bd_right_vuk>, 'mechanical_eject': False, 'num_attempts': 0}
2022-10-06 15:31:59,687 : INFO : ball_device.bd_bot_vuk : State: ejecting
2022-10-06 15:31:59,687 : INFO : ball_device.bd_bot_vuk : Ejecting ball to <playfield.playfield>
2022-10-06 15:31:59,687 : INFO : EventManager : Event: ======'balldevice_bd_bot_vuk_ejecting_ball'====== Args={'balls': 1, 'target': <playfield.playfield>, 'source': <ball_device.bd_bot_vuk>, 'mechanical_eject': False, 'num_attempts': 0}
2022-10-06 15:31:59,688 : INFO : ball_device.bd_bot_vuk : Wait for ball to leave device
2022-10-06 15:31:59,688 : INFO : coil.c_bot_vuk : Pulsing Driver for 10ms (1.0 pulse_power)
2022-10-06 15:31:59,689 : INFO : ball_device.bd_right_vuk : Wait for ball to leave device
2022-10-06 15:31:59,689 : INFO : coil.c_right_vuk : Pulsing Driver for 10ms (1.0 pulse_power)
2022-10-06 15:32:00,120 : INFO : EventManager : Event: ======'drop_target_bank_right_mixed'====== Args={'prev_value': <DropTargetBankState.MIXED: 'mixed'>, 'down': 1}
2022-10-06 15:32:00,206 : INFO : BcpServer : New client connected.
2022-10-06 15:32:01,703 : INFO : EventManager : Event: ======'balldevice_bd_right_vuk_ball_eject_failed'====== Args={'target': <playfield.playfield>, 'balls': 1, 'retry': True, 'num_attempts': 1}
2022-10-06 15:32:01,703 : INFO : EventManager : Event: ======'balldevice_bd_bot_vuk_ball_eject_failed'====== Args={'target': <playfield.playfield>, 'balls': 1, 'retry': True, 'num_attempts': 1}
2022-10-06 15:32:01,708 : INFO : ball_device.bd_bot_vuk : State: waiting_for_target_ready
2022-10-06 15:32:01,709 : INFO : EventManager : Event: ======'balldevice_bd_bot_vuk_ball_eject_attempt'====== Args={'balls': 1, 'target': <playfield.playfield>, 'source': <ball_device.bd_bot_vuk>, 'mechanical_eject': False, 'num_attempts': 1}
2022-10-06 15:32:01,709 : INFO : ball_device.bd_right_vuk : State: waiting_for_target_ready
2022-10-06 15:32:01,709 : INFO : EventManager : Event: ======'balldevice_bd_right_vuk_ball_eject_attempt'====== Args={'balls': 1, 'target': <playfield.playfield>, 'source': <ball_device.bd_right_vuk>, 'mechanical_eject': False, 'num_attempts': 1}
2022-10-06 15:32:01,709 : INFO : ball_device.bd_right_vuk : State: ejecting
2022-10-06 15:32:01,710 : INFO : ball_device.bd_right_vuk : Ejecting ball to <playfield.playfield>
2022-10-06 15:32:01,710 : INFO : EventManager : Event: ======'balldevice_bd_right_vuk_ejecting_ball'====== Args={'balls': 1, 'target': <playfield.playfield>, 'source': <ball_device.bd_right_vuk>, 'mechanical_eject': False, 'num_attempts': 1}
2022-10-06 15:32:01,710 : INFO : ball_device.bd_bot_vuk : State: ejecting
2022-10-06 15:32:01,710 : INFO : ball_device.bd_bot_vuk : Ejecting ball to <playfield.playfield>
2022-10-06 15:32:01,710 : INFO : EventManager : Event: ======'balldevice_bd_bot_vuk_ejecting_ball'====== Args={'balls': 1, 'target': <playfield.playfield>, 'source': <ball_device.bd_bot_vuk>, 'mechanical_eject': False, 'num_attempts': 1}
2022-10-06 15:32:01,711 : INFO : ball_device.bd_bot_vuk : Wait for ball to leave device
2022-10-06 15:32:01,711 : INFO : coil.c_bot_vuk : Pulsing Driver for 10ms (1.0 pulse_power)
2022-10-06 15:32:01,711 : INFO : ball_device.bd_right_vuk : Wait for ball to leave device
2022-10-06 15:32:01,734 : INFO : coil.c_right_vuk : Pulsing Driver for 10ms (1.0 pulse_power)
2022-10-06 15:32:03,715 : INFO : EventManager : Event: ======'balldevice_bd_bot_vuk_ball_eject_failed'====== Args={'target': <playfield.playfield>, 'balls': 1, 'retry': True, 'num_attempts': 2}
2022-10-06 15:32:03,716 : INFO : EventManager : Event: ======'balldevice_bd_right_vuk_ball_eject_failed'====== Args={'target': <playfield.playfield>, 'balls': 1, 'retry': True, 'num_attempts': 2}
2022-10-06 15:32:03,720 : INFO : ball_device.bd_bot_vuk : State: waiting_for_target_ready
2022-10-06 15:32:03,720 : INFO : EventManager : Event: ======'balldevice_bd_bot_vuk_ball_eject_attempt'====== Args={'balls': 1, 'target': <playfield.playfield>, 'source': <ball_device.bd_bot_vuk>, 'mechanical_eject': False, 'num_attempts': 2}
2022-10-06 15:32:03,720 : INFO : ball_device.bd_right_vuk : State: waiting_for_target_ready
2022-10-06 15:32:03,721 : INFO : EventManager : Event: ======'balldevice_bd_right_vuk_ball_eject_attempt'====== Args={'balls': 1, 'target': <playfield.playfield>, 'source': <ball_device.bd_right_vuk>, 'mechanical_eject': False, 'num_attempts': 2}
2022-10-06 15:32:03,721 : INFO : ball_device.bd_right_vuk : State: ejecting
2022-10-06 15:32:03,722 : INFO : ball_device.bd_right_vuk : Ejecting ball to <playfield.playfield>
2022-10-06 15:32:03,722 : INFO : EventManager : Event: ======'balldevice_bd_right_vuk_ejecting_ball'====== Args={'balls': 1, 'target': <playfield.playfield>, 'source': <ball_device.bd_right_vuk>, 'mechanical_eject': False, 'num_attempts': 2}
2022-10-06 15:32:03,722 : INFO : ball_device.bd_bot_vuk : State: ejecting
2022-10-06 15:32:03,722 : INFO : ball_device.bd_bot_vuk : Ejecting ball to <playfield.playfield>
2022-10-06 15:32:03,722 : INFO : EventManager : Event: ======'balldevice_bd_bot_vuk_ejecting_ball'====== Args={'balls': 1, 'target': <playfield.playfield>, 'source': <ball_device.bd_bot_vuk>, 'mechanical_eject': False, 'num_attempts': 2}
2022-10-06 15:32:03,723 : INFO : ball_device.bd_bot_vuk : Wait for ball to leave device
2022-10-06 15:32:03,723 : INFO : coil.c_bot_vuk : Pulsing Driver for 10ms (1.0 pulse_power)
2022-10-06 15:32:03,724 : INFO : ball_device.bd_right_vuk : Wait for ball to leave device
2022-10-06 15:32:03,747 : INFO : coil.c_right_vuk : Pulsing Driver for 10ms (1.0 pulse_power)
2022-10-06 15:32:05,709 : INFO : EventManager : Event: ======'balldevice_bd_bot_vuk_ball_eject_failed'====== Args={'target': <playfield.playfield>, 'balls': 1, 'retry': True, 'num_attempts': 3}
2022-10-06 15:32:05,710 : INFO : EventManager : Event: ======'balldevice_bd_right_vuk_ball_eject_failed'====== Args={'target': <playfield.playfield>, 'balls': 1, 'retry': True, 'num_attempts': 3}
2022-10-06 15:32:05,714 : INFO : ball_device.bd_bot_vuk : State: waiting_for_target_ready
2022-10-06 15:32:05,714 : INFO : EventManager : Event: ======'balldevice_bd_bot_vuk_ball_eject_attempt'====== Args={'balls': 1, 'target': <playfield.playfield>, 'source': <ball_device.bd_bot_vuk>, 'mechanical_eject': False, 'num_attempts': 3}
2022-10-06 15:32:05,714 : INFO : ball_device.bd_right_vuk : State: waiting_for_target_ready
2022-10-06 15:32:05,714 : INFO : EventManager : Event: ======'balldevice_bd_right_vuk_ball_eject_attempt'====== Args={'balls': 1, 'target': <playfield.playfield>, 'source': <ball_device.bd_right_vuk>, 'mechanical_eject': False, 'num_attempts': 3}
2022-10-06 15:32:05,715 : INFO : ball_device.bd_right_vuk : State: ejecting
2022-10-06 15:32:05,715 : INFO : ball_device.bd_right_vuk : Ejecting ball to <playfield.playfield>
2022-10-06 15:32:05,715 : INFO : EventManager : Event: ======'balldevice_bd_right_vuk_ejecting_ball'====== Args={'balls': 1, 'target': <playfield.playfield>, 'source': <ball_device.bd_right_vuk>, 'mechanical_eject': False, 'num_attempts': 3}
2022-10-06 15:32:05,715 : INFO : ball_device.bd_bot_vuk : State: ejecting
2022-10-06 15:32:05,716 : INFO : ball_device.bd_bot_vuk : Ejecting ball to <playfield.playfield>
2022-10-06 15:32:05,716 : INFO : EventManager : Event: ======'balldevice_bd_bot_vuk_ejecting_ball'====== Args={'balls': 1, 'target': <playfield.playfield>, 'source': <ball_device.bd_bot_vuk>, 'mechanical_eject': False, 'num_attempts': 3}
2022-10-06 15:32:05,717 : INFO : ball_device.bd_bot_vuk : Wait for ball to leave device
2022-10-06 15:32:05,717 : INFO : coil.c_bot_vuk : Pulsing Driver for 10ms (1.0 pulse_power)
2022-10-06 15:32:05,717 : INFO : ball_device.bd_right_vuk : Wait for ball to leave device
2022-10-06 15:32:05,725 : INFO : coil.c_right_vuk : Pulsing Driver for 10ms (1.0 pulse_power)
2022-10-06 15:32:07,717 : INFO : EventManager : Event: ======'balldevice_bd_right_vuk_ball_eject_failed'====== Args={'target': <playfield.playfield>, 'balls': 1, 'retry': True, 'num_attempts': 4}
2022-10-06 15:32:07,718 : INFO : EventManager : Event: ======'balldevice_bd_bot_vuk_ball_eject_failed'====== Args={'target': <playfield.playfield>, 'balls': 1, 'retry': True, 'num_attempts': 4}
2022-10-06 15:32:07,722 : INFO : ball_device.bd_right_vuk : State: waiting_for_target_ready
2022-10-06 15:32:07,722 : INFO : EventManager : Event: ======'balldevice_bd_right_vuk_ball_eject_attempt'====== Args={'balls': 1, 'target': <playfield.playfield>, 'source': <ball_device.bd_right_vuk>, 'mechanical_eject': False, 'num_attempts': 4}
2022-10-06 15:32:07,723 : INFO : ball_device.bd_bot_vuk : State: waiting_for_target_ready
2022-10-06 15:32:07,723 : INFO : EventManager : Event: ======'balldevice_bd_bot_vuk_ball_eject_attempt'====== Args={'balls': 1, 'target': <playfield.playfield>, 'source': <ball_device.bd_bot_vuk>, 'mechanical_eject': False, 'num_attempts': 4}
2022-10-06 15:32:07,723 : INFO : ball_device.bd_bot_vuk : State: ejecting
2022-10-06 15:32:07,723 : INFO : ball_device.bd_bot_vuk : Ejecting ball to <playfield.playfield>
2022-10-06 15:32:07,723 : INFO : EventManager : Event: ======'balldevice_bd_bot_vuk_ejecting_ball'====== Args={'balls': 1, 'target': <playfield.playfield>, 'source': <ball_device.bd_bot_vuk>, 'mechanical_eject': False, 'num_attempts': 4}
2022-10-06 15:32:07,724 : INFO : ball_device.bd_right_vuk : State: ejecting
2022-10-06 15:32:07,724 : INFO : ball_device.bd_right_vuk : Ejecting ball to <playfield.playfield>
2022-10-06 15:32:07,724 : INFO : EventManager : Event: ======'balldevice_bd_right_vuk_ejecting_ball'====== Args={'balls': 1, 'target': <playfield.playfield>, 'source': <ball_device.bd_right_vuk>, 'mechanical_eject': False, 'num_attempts': 4}
2022-10-06 15:32:07,725 : INFO : ball_device.bd_right_vuk : Wait for ball to leave device
2022-10-06 15:32:07,725 : INFO : coil.c_right_vuk : Pulsing Driver for 10ms (1.0 pulse_power)
2022-10-06 15:32:07,725 : INFO : ball_device.bd_bot_vuk : Wait for ball to leave device
2022-10-06 15:32:07,748 : INFO : coil.c_bot_vuk : Pulsing Driver for 10ms (1.0 pulse_power)
2022-10-06 15:32:09,718 : INFO : EventManager : Event: ======'balldevice_bd_bot_vuk_ball_eject_failed'====== Args={'target': <playfield.playfield>, 'balls': 1, 'retry': True, 'num_attempts': 5}
2022-10-06 15:32:09,719 : INFO : EventManager : Event: ======'balldevice_bd_right_vuk_ball_eject_failed'====== Args={'target': <playfield.playfield>, 'balls': 1, 'retry': True, 'num_attempts': 5}
2022-10-06 15:32:09,723 : INFO : ball_device.bd_bot_vuk : State: waiting_for_target_ready
2022-10-06 15:32:09,723 : INFO : EventManager : Event: ======'balldevice_bd_bot_vuk_ball_eject_attempt'====== Args={'balls': 1, 'target': <playfield.playfield>, 'source': <ball_device.bd_bot_vuk>, 'mechanical_eject': False, 'num_attempts': 5}
2022-10-06 15:32:09,723 : INFO : ball_device.bd_right_vuk : State: waiting_for_target_ready
2022-10-06 15:32:09,724 : INFO : EventManager : Event: ======'balldevice_bd_right_vuk_ball_eject_attempt'====== Args={'balls': 1, 'target': <playfield.playfield>, 'source': <ball_device.bd_right_vuk>, 'mechanical_eject': False, 'num_attempts': 5}
2022-10-06 15:32:09,724 : INFO : ball_device.bd_right_vuk : State: ejecting
2022-10-06 15:32:09,724 : INFO : ball_device.bd_right_vuk : Ejecting ball to <playfield.playfield>
2022-10-06 15:32:09,724 : INFO : EventManager : Event: ======'balldevice_bd_right_vuk_ejecting_ball'====== Args={'balls': 1, 'target': <playfield.playfield>, 'source': <ball_device.bd_right_vuk>, 'mechanical_eject': False, 'num_attempts': 5}
2022-10-06 15:32:09,725 : INFO : ball_device.bd_bot_vuk : State: ejecting
2022-10-06 15:32:09,725 : INFO : ball_device.bd_bot_vuk : Ejecting ball to <playfield.playfield>
2022-10-06 15:32:09,725 : INFO : EventManager : Event: ======'balldevice_bd_bot_vuk_ejecting_ball'====== Args={'balls': 1, 'target': <playfield.playfield>, 'source': <ball_device.bd_bot_vuk>, 'mechanical_eject': False, 'num_attempts': 5}
2022-10-06 15:32:09,726 : INFO : ball_device.bd_bot_vuk : Wait for ball to leave device
2022-10-06 15:32:09,726 : INFO : coil.c_bot_vuk : Pulsing Driver for 10ms (1.0 pulse_power)
2022-10-06 15:32:09,726 : INFO : ball_device.bd_right_vuk : Wait for ball to leave device
2022-10-06 15:32:09,749 : INFO : coil.c_right_vuk : Pulsing Driver for 10ms (1.0 pulse_power)
2022-10-06 15:32:09,860 : INFO : SwitchController : <<<<<<< 's_vuk_right' inactive >>>>>>>
2022-10-06 15:32:09,864 : INFO : ball_device.bd_right_vuk : State: ball_left
2022-10-06 15:32:09,865 : INFO : ball_device.bd_right_vuk : Ball left
2022-10-06 15:32:09,865 : INFO : ball_device.bd_right_vuk : Wait for confirm with timeout 2.0
2022-10-06 15:32:09,924 : INFO : SwitchController : <<<<<<< 's_vuk_right' active >>>>>>>
2022-10-06 15:32:10,065 : INFO : SwitchController : <<<<<<< 's_vuk_right' inactive >>>>>>>
2022-10-06 15:32:11,717 : INFO : EventManager : Event: ======'balldevice_bd_bot_vuk_ball_eject_failed'====== Args={'target': <playfield.playfield>, 'balls': 1, 'retry': True, 'num_attempts': 6}
2022-10-06 15:32:11,722 : INFO : ball_device.bd_bot_vuk : State: waiting_for_target_ready
2022-10-06 15:32:11,722 : INFO : EventManager : Event: ======'balldevice_bd_bot_vuk_ball_eject_attempt'====== Args={'balls': 1, 'target': <playfield.playfield>, 'source': <ball_device.bd_bot_vuk>, 'mechanical_eject': False, 'num_attempts': 6}
2022-10-06 15:32:11,722 : INFO : ball_device.bd_bot_vuk : State: ejecting
2022-10-06 15:32:11,723 : INFO : ball_device.bd_bot_vuk : Ejecting ball to <playfield.playfield>
2022-10-06 15:32:11,723 : INFO : EventManager : Event: ======'balldevice_bd_bot_vuk_ejecting_ball'====== Args={'balls': 1, 'target': <playfield.playfield>, 'source': <ball_device.bd_bot_vuk>, 'mechanical_eject': False, 'num_attempts': 6}
2022-10-06 15:32:11,723 : INFO : ball_device.bd_bot_vuk : Wait for ball to leave device
2022-10-06 15:32:11,723 : INFO : coil.c_bot_vuk : Pulsing Driver for 10ms (1.0 pulse_power)
2022-10-06 15:32:11,861 : INFO : ball_device.bd_right_vuk : State: failed_confirm
2022-10-06 15:32:11,861 : INFO : ball_device.bd_right_vuk : Got timeout (2.0s) before confirm from <playfield.playfield>
2022-10-06 15:32:11,955 : INFO : ball_device.bd_right_vuk : Confirming eject because target is playfield and ball did not return.
2022-10-06 15:32:11,955 : INFO : ball_device.bd_right_vuk : Eject successful
2022-10-06 15:32:11,955 : INFO : EventManager : Event: ======'balldevice_bd_right_vuk_ball_eject_success'====== Args={'balls': 1, 'target': <playfield.playfield>}
2022-10-06 15:32:11,956 : INFO : EventManager : Event: ======'balldevice_playfield_ball_enter'====== Args={'new_balls': 1, 'unclaimed_balls': 1, 'device': <playfield.playfield>}
2022-10-06 15:32:11,956 : INFO : EventManager : Event: ======'playfield_ball_count_change'====== Args={'balls': 1, 'change': 1}
2022-10-06 15:32:11,957 : INFO : EventManager : Event: ======'balldevice_bd_right_vuk_ball_count_changed'====== Args={'balls': 0}
2022-10-06 15:32:11,957 : INFO : ball_device.bd_right_vuk : State: idle
2022-10-06 15:32:13,715 : INFO : EventManager : Event: ======'balldevice_bd_bot_vuk_ball_eject_failed'====== Args={'target': <playfield.playfield>, 'balls': 1, 'retry': True, 'num_attempts': 7}
2022-10-06 15:32:13,719 : INFO : ball_device.bd_bot_vuk : State: waiting_for_target_ready
2022-10-06 15:32:13,720 : INFO : EventManager : Event: ======'balldevice_bd_bot_vuk_ball_eject_attempt'====== Args={'balls': 1, 'target': <playfield.playfield>, 'source': <ball_device.bd_bot_vuk>, 'mechanical_eject': False, 'num_attempts': 7}
2022-10-06 15:32:13,720 : INFO : ball_device.bd_bot_vuk : State: ejecting
2022-10-06 15:32:13,720 : INFO : ball_device.bd_bot_vuk : Ejecting ball to <playfield.playfield>
2022-10-06 15:32:13,720 : INFO : EventManager : Event: ======'balldevice_bd_bot_vuk_ejecting_ball'====== Args={'balls': 1, 'target': <playfield.playfield>, 'source': <ball_device.bd_bot_vuk>, 'mechanical_eject': False, 'num_attempts': 7}
2022-10-06 15:32:13,721 : INFO : ball_device.bd_bot_vuk : Wait for ball to leave device
2022-10-06 15:32:13,721 : INFO : coil.c_bot_vuk : Pulsing Driver for 10ms (1.0 pulse_power)
2022-10-06 15:32:14,847 : INFO : SwitchController : <<<<<<< 's_drop_right_right' inactive >>>>>>>
2022-10-06 15:32:14,848 : INFO : EventManager : Event: ======'drop_target_right_right_up'====== Args={'device': <drop_target.right_right>}
2022-10-06 15:32:14,848 : INFO : EventManager : Event: ======'drop_target_bank_right_up'====== Args={}
2022-10-06 15:32:14,849 : INFO : SwitchController : <<<<<<< 's_vuk_right' active >>>>>>>
2022-10-06 15:32:14,849 : INFO : SwitchController : <<<<<<< 's_vuk_top' active >>>>>>>
2022-10-06 15:32:14,849 : INFO : SwitchController : <<<<<<< 's_drop_right_right' active >>>>>>>
2022-10-06 15:32:14,849 : INFO : EventManager : Event: ======'drop_target_right_right_down'====== Args={'device': <drop_target.right_right>}
2022-10-06 15:32:14,850 : INFO : EventManager : Event: ======'drop_target_bank_right_mixed'====== Args={'prev_value': <DropTargetBankState.UP: 'up'>, 'down': 1}
2022-10-06 15:32:14,850 : INFO : SwitchController : <<<<<<< 's_vuk_right' inactive >>>>>>>
2022-10-06 15:32:14,850 : INFO : SwitchController : <<<<<<< 's_vuk_top' inactive >>>>>>>
2022-10-06 15:32:14,863 : INFO : SwitchController : <<<<<<< 's_drop_right_right' inactive >>>>>>>
2022-10-06 15:32:14,864 : INFO : EventManager : Event: ======'drop_target_right_right_up'====== Args={'device': <drop_target.right_right>}
2022-10-06 15:32:14,864 : INFO : EventManager : Event: ======'drop_target_bank_right_up'====== Args={}
2022-10-06 15:32:14,864 : INFO : SwitchController : <<<<<<< 's_vuk_right' active >>>>>>>
2022-10-06 15:32:14,865 : INFO : SwitchController : <<<<<<< 's_vuk_top' active >>>>>>>
2022-10-06 15:32:15,270 : INFO : SwitchController : <<<<<<< 's_vuk_right' inactive >>>>>>>
2022-10-06 15:32:15,271 : INFO : SwitchController : <<<<<<< 's_vuk_top' inactive >>>>>>>
2022-10-06 15:32:15,707 : INFO : EventManager : Event: ======'balldevice_bd_bot_vuk_ball_eject_failed'====== Args={'target': <playfield.playfield>, 'balls': 1, 'retry': True, 'num_attempts': 8}
2022-10-06 15:32:15,712 : INFO : ball_device.bd_bot_vuk : State: waiting_for_target_ready
2022-10-06 15:32:15,712 : INFO : EventManager : Event: ======'balldevice_bd_bot_vuk_ball_eject_attempt'====== Args={'balls': 1, 'target': <playfield.playfield>, 'source': <ball_device.bd_bot_vuk>, 'mechanical_eject': False, 'num_attempts': 8}
2022-10-06 15:32:15,712 : INFO : ball_device.bd_bot_vuk : State: ejecting
2022-10-06 15:32:15,712 : INFO : ball_device.bd_bot_vuk : Ejecting ball to <playfield.playfield>
2022-10-06 15:32:15,712 : INFO : EventManager : Event: ======'balldevice_bd_bot_vuk_ejecting_ball'====== Args={'balls': 1, 'target': <playfield.playfield>, 'source': <ball_device.bd_bot_vuk>, 'mechanical_eject': False, 'num_attempts': 8}
2022-10-06 15:32:15,713 : INFO : ball_device.bd_bot_vuk : Wait for ball to leave device
2022-10-06 15:32:15,713 : INFO : coil.c_bot_vuk : Pulsing Driver for 10ms (1.0 pulse_power)
2022-10-06 15:32:17,719 : INFO : EventManager : Event: ======'balldevice_bd_bot_vuk_ball_eject_failed'====== Args={'target': <playfield.playfield>, 'balls': 1, 'retry': True, 'num_attempts': 9}
2022-10-06 15:32:17,723 : INFO : ball_device.bd_bot_vuk : State: waiting_for_target_ready
2022-10-06 15:32:17,724 : INFO : EventManager : Event: ======'balldevice_bd_bot_vuk_ball_eject_attempt'====== Args={'balls': 1, 'target': <playfield.playfield>, 'source': <ball_device.bd_bot_vuk>, 'mechanical_eject': False, 'num_attempts': 9}
2022-10-06 15:32:17,724 : INFO : ball_device.bd_bot_vuk : State: ejecting
2022-10-06 15:32:17,724 : INFO : ball_device.bd_bot_vuk : Ejecting ball to <playfield.playfield>
2022-10-06 15:32:17,724 : INFO : EventManager : Event: ======'balldevice_bd_bot_vuk_ejecting_ball'====== Args={'balls': 1, 'target': <playfield.playfield>, 'source': <ball_device.bd_bot_vuk>, 'mechanical_eject': False, 'num_attempts': 9}
2022-10-06 15:32:17,725 : INFO : ball_device.bd_bot_vuk : Wait for ball to leave device
2022-10-06 15:32:17,725 : INFO : coil.c_bot_vuk : Pulsing Driver for 10ms (1.0 pulse_power)
2022-10-06 15:32:19,715 : INFO : EventManager : Event: ======'balldevice_bd_bot_vuk_ball_eject_failed'====== Args={'target': <playfield.playfield>, 'balls': 1, 'retry': True, 'num_attempts': 10}
2022-10-06 15:32:19,719 : INFO : ball_device.bd_bot_vuk : State: waiting_for_target_ready
2022-10-06 15:32:19,720 : INFO : EventManager : Event: ======'balldevice_bd_bot_vuk_ball_eject_attempt'====== Args={'balls': 1, 'target': <playfield.playfield>, 'source': <ball_device.bd_bot_vuk>, 'mechanical_eject': False, 'num_attempts': 10}
2022-10-06 15:32:19,720 : INFO : ball_device.bd_bot_vuk : State: ejecting
2022-10-06 15:32:19,720 : INFO : ball_device.bd_bot_vuk : Ejecting ball to <playfield.playfield>
2022-10-06 15:32:19,720 : INFO : EventManager : Event: ======'balldevice_bd_bot_vuk_ejecting_ball'====== Args={'balls': 1, 'target': <playfield.playfield>, 'source': <ball_device.bd_bot_vuk>, 'mechanical_eject': False, 'num_attempts': 10}
2022-10-06 15:32:19,721 : INFO : ball_device.bd_bot_vuk : Wait for ball to leave device
2022-10-06 15:32:19,721 : INFO : coil.c_bot_vuk : Pulsing Driver for 10ms (1.0 pulse_power)
2022-10-06 15:32:19,795 : ERROR : asyncio : Exception in callback SerialTransport._poll_read()
handle: <TimerHandle when=31518.4375 SerialTransport._poll_read()>
Traceback (most recent call last):
  File "c:\users\tanner\appdata\local\programs\python\python37\lib\asyncio\events.py", line 88, in _run
    self._context.run(self._callback, *self._args)
  File "c:\users\tanner\appdata\local\programs\python\python37\lib\site-packages\serial_asyncio\__init__.py", line 275, in _poll_read
    if self.serial.in_waiting:
  File "c:\users\tanner\appdata\local\programs\python\python37\lib\site-packages\serial\serialwin32.py", line 259, in in_waiting
    raise SerialException("ClearCommError failed ({!r})".format(ctypes.WinError()))
serial.serialutil.SerialException: ClearCommError failed (PermissionError(13, 'Access is denied.', None, 5))
2022-10-06 15:32:19,797 : ERROR : asyncio : Exception in callback SerialTransport._poll_read()
handle: <TimerHandle when=31518.4375 SerialTransport._poll_read()>
Traceback (most recent call last):
  File "c:\users\tanner\appdata\local\programs\python\python37\lib\asyncio\events.py", line 88, in _run
    self._context.run(self._callback, *self._args)
  File "c:\users\tanner\appdata\local\programs\python\python37\lib\site-packages\serial_asyncio\__init__.py", line 275, in _poll_read
    if self.serial.in_waiting:
  File "c:\users\tanner\appdata\local\programs\python\python37\lib\site-packages\serial\serialwin32.py", line 259, in in_waiting
    raise SerialException("ClearCommError failed ({!r})".format(ctypes.WinError()))
serial.serialutil.SerialException: ClearCommError failed (PermissionError(13, 'Access is denied.', None, 5))
2022-10-06 15:32:19,800 : INFO : Machine : Shutting down...
2022-10-06 15:32:19,808 : INFO : EventManager : Event: ======'shutdown'====== Args={}
2022-10-06 15:32:19,814 : ERROR : asyncio : Fatal write error on serial transport
protocol: <asyncio.streams.StreamReaderProtocol object at 0x0000014AB48D7908>
transport: SerialTransport(<_WindowsSelectorEventLoop running=True closed=False debug=False>, <asyncio.streams.StreamReaderProtocol object at 0x0000014AB48D7908>, Serial<id=0x14ab48d77c8, open=True>(port='com10', baudrate=921600, bytesize=8, parity='N', stopbits=1, timeout=0, xonxoff=False, rtscts=False, dsrdtr=False))
Traceback (most recent call last):
  File "c:\users\tanner\appdata\local\programs\python\python37\lib\site-packages\serial_asyncio\__init__.py", line 120, in write
    n = self._serial.write(data)
  File "c:\users\tanner\appdata\local\programs\python\python37\lib\site-packages\serial\serialwin32.py", line 336, in write
    raise SerialException("WriteFile failed ({!r})".format(ctypes.WinError()))
serial.serialutil.SerialException: WriteFile failed (PermissionError(13, 'Access is denied.', None, 5))
2022-10-06 15:32:19,816 : ERROR : asyncio : Exception in callback SerialTransport._call_connection_lost(SerialExcepti...', None, 5))"))
handle: <Handle SerialTransport._call_connection_lost(SerialExcepti...', None, 5))"))>
Traceback (most recent call last):
  File "c:\users\tanner\appdata\local\programs\python\python37\lib\asyncio\events.py", line 88, in _run
    self._context.run(self._callback, *self._args)
  File "c:\users\tanner\appdata\local\programs\python\python37\lib\site-packages\serial_asyncio\__init__.py", line 390, in _call_connection_lost
    self._serial.flush()
  File "c:\users\tanner\appdata\local\programs\python\python37\lib\site-packages\serial\serialwin32.py", line 345, in flush
    while self.out_waiting:
  File "c:\users\tanner\appdata\local\programs\python\python37\lib\site-packages\serial\serialwin32.py", line 447, in out_waiting
    raise SerialException("ClearCommError failed ({!r})".format(ctypes.WinError()))
serial.serialutil.SerialException: ClearCommError failed (PermissionError(13, 'Access is denied.', None, 5))
2022-10-06 15:32:19,819 : ERROR : asyncio : Fatal write error on serial transport
protocol: <asyncio.streams.StreamReaderProtocol object at 0x0000014AB48B5508>
transport: SerialTransport(<_WindowsSelectorEventLoop running=False closed=False debug=False>, <asyncio.streams.StreamReaderProtocol object at 0x0000014AB48B5508>, Serial<id=0x14ab48b5588, open=True>(port='com9', baudrate=921600, bytesize=8, parity='N', stopbits=1, timeout=0, xonxoff=False, rtscts=False, dsrdtr=False))
Traceback (most recent call last):
  File "c:\users\tanner\appdata\local\programs\python\python37\lib\site-packages\serial_asyncio\__init__.py", line 120, in write
    n = self._serial.write(data)
  File "c:\users\tanner\appdata\local\programs\python\python37\lib\site-packages\serial\serialwin32.py", line 336, in write
    raise SerialException("WriteFile failed ({!r})".format(ctypes.WinError()))
serial.serialutil.SerialException: WriteFile failed (PermissionError(13, 'Access is denied.', None, 5))
2022-10-06 15:32:19,820 : ERROR : asyncio : Exception in callback SerialTransport._call_connection_lost(SerialExcepti...', None, 5))"))
handle: <Handle SerialTransport._call_connection_lost(SerialExcepti...', None, 5))"))>
Traceback (most recent call last):
  File "c:\users\tanner\appdata\local\programs\python\python37\lib\asyncio\events.py", line 88, in _run
    self._context.run(self._callback, *self._args)
  File "c:\users\tanner\appdata\local\programs\python\python37\lib\site-packages\serial_asyncio\__init__.py", line 390, in _call_connection_lost
    self._serial.flush()
  File "c:\users\tanner\appdata\local\programs\python\python37\lib\site-packages\serial\serialwin32.py", line 345, in flush
    while self.out_waiting:
  File "c:\users\tanner\appdata\local\programs\python\python37\lib\site-packages\serial\serialwin32.py", line 447, in out_waiting
    raise SerialException("ClearCommError failed ({!r})".format(ctypes.WinError()))
serial.serialutil.SerialException: ClearCommError failed (PermissionError(13, 'Access is denied.', None, 5))
2022-10-06 15:32:19,937 : ERROR : FAST : Stop called on serial connection com9
2022-10-06 15:32:19,937 : ERROR : FAST : Stop called on serial connection com10
2022-10-06 15:32:19,939 : ERROR : Machine : Runtime Exception
Traceback (most recent call last):
  File "c:\users\tanner\appdata\local\programs\python\python37\lib\site-packages\mpf\core\machine.py", line 769, in _run_loop
    raise self._exception['exception']
  File "c:\users\tanner\appdata\local\programs\python\python37\lib\asyncio\events.py", line 88, in _run
    self._context.run(self._callback, *self._args)
  File "c:\users\tanner\appdata\local\programs\python\python37\lib\site-packages\serial_asyncio\__init__.py", line 275, in _poll_read
    if self.serial.in_waiting:
  File "c:\users\tanner\appdata\local\programs\python\python37\lib\site-packages\serial\serialwin32.py", line 259, in in_waiting
    raise SerialException("ClearCommError failed ({!r})".format(ctypes.WinError()))
serial.serialutil.SerialException: ClearCommError failed (PermissionError(13, 'Access is denied.', None, 5))
2022-10-06 15:32:20,006 : ERROR : root : ClearCommError failed (PermissionError(13, 'Access is denied.', None, 5))
2022-10-06 15:32:52,811 : INFO : root : MPF run loop ended.
