2022-09-12 12:06:06,363 : INFO : root : Loading config.
2022-09-12 12:06:06,366 : INFO : YamlMultifileConfigLoader : Machine config file #1: config.yaml
2022-09-12 12:06:06,366 : WARNING : ConfigProcessor : Config file in cache changed: c:\trashland_2\config\config.yaml
2022-09-12 12:06:06,366 : INFO : ConfigProcessor : Loading config from file c:\users\tanner\appdata\local\programs\python\python37\lib\site-packages\mpf\mpfconfig.yaml.
2022-09-12 12:06:06,439 : INFO : ConfigProcessor : Loading config: c:\users\tanner\appdata\local\programs\python\python37\lib\site-packages\mpf\mpfconfig.yaml
2022-09-12 12:06:06,440 : INFO : ConfigProcessor : Loading config from file c:\trashland_2\config\config.yaml.
2022-09-12 12:06:06,539 : INFO : ConfigProcessor : Loading config: c:\trashland_2\config\config.yaml
2022-09-12 12:06:06,542 : INFO : ConfigProcessor : Config file cache created: C:\Users\Tanner\AppData\Local\Temp\a6762098cb994b55cb03a478b26022ee.mpf_cache
2022-09-12 12:06:06,606 : INFO : ConfigProcessor : Loading config from cache: C:\Users\Tanner\AppData\Local\Temp\9cf7ccc27b21f4d6162237fadfc53e5a.mpf_cache
2022-09-12 12:06:06,607 : INFO : ConfigProcessor : Loading config from cache: C:\Users\Tanner\AppData\Local\Temp\c215df352878fee5d54f1a5ec5b16e7c.mpf_cache
2022-09-12 12:06:06,608 : INFO : ConfigProcessor : Loading config from cache: C:\Users\Tanner\AppData\Local\Temp\abaa92c43d134e3392cbb2346e6a16be.mpf_cache
2022-09-12 12:06:06,609 : INFO : ConfigProcessor : Loading config from cache: C:\Users\Tanner\AppData\Local\Temp\fc46d53fcb9fe6b8abf783d9c813390a.mpf_cache
2022-09-12 12:06:06,609 : INFO : Machine : Mission Pinball Framework Core Engine v0.55.0
2022-09-12 12:06:06,609 : INFO : Machine : Command line arguments: {'no_load_cache': False, 'create_config_cache': True, 'bcp': False, 'configfile': ['config.yaml'], 'force_assets_load': False, 'jsonlogging': False, 'logfile': 'logs\\2022-09-12-12-06-06-mpf-DESKTOP-7HNFDQ5.log', 'pause': False, 'production': False, 'text_ui': True, 'loglevel': 15, 'consoleloglevel': 20, 'force_platform': None, 'syslog_address': None, 'mc_file_name': None, 'no_sound': False}
2022-09-12 12:06:06,610 : INFO : Machine : MPF path: c:\users\tanner\appdata\local\programs\python\python37\lib\site-packages\mpf
2022-09-12 12:06:06,610 : INFO : Machine : Machine path: c:\trashland_2
2022-09-12 12:06:06,610 : INFO : Machine : Platform: win32
2022-09-12 12:06:06,610 : INFO : Machine : Python executable location: c:\users\tanner\appdata\local\programs\python\python37\python.exe
2022-09-12 12:06:06,610 : INFO : Machine : Python version: 3.7.8 (64-bit)
2022-09-12 12:06:06,611 : INFO : Machine : Initialise MPF.
2022-09-12 12:06:06,868 : INFO : FAST : Connecting to com20 at 921600bps
2022-09-12 12:06:06,986 : INFO : FAST : Connected! Processor: NET, Board Type: FP-CPU-002-2, Firmware: 01.05
2022-09-12 12:06:06,986 : INFO : EventManager : Event: ======'machine_var_fast_net_firmware'====== Args={'value': '01.05', 'prev_value': None, 'change': True}
2022-09-12 12:06:06,986 : INFO : EventManager : Event: ======'machine_var_fast_net_model'====== Args={'value': 'FP-CPU-002-2', 'prev_value': None, 'change': True}
2022-09-12 12:06:09,362 : WARNING : FAST : Got unexpected message from FAST: -N:33
2022-09-12 12:06:09,362 : WARNING : FAST : Got unexpected message from FAST: -N:34
2022-09-12 12:06:09,362 : WARNING : FAST : Got unexpected message from FAST: -N:38
2022-09-12 12:06:09,362 : WARNING : FAST : Got unexpected message from FAST: -N:3B
2022-09-12 12:06:09,362 : WARNING : FAST : Got unexpected message from FAST: -N:3C
2022-09-12 12:06:09,362 : WARNING : FAST : Got unexpected message from FAST: -N:40
2022-09-12 12:06:09,362 : WARNING : FAST : Got unexpected message from FAST: -N:41
2022-09-12 12:06:09,362 : WARNING : FAST : Got unexpected message from FAST: -N:42
2022-09-12 12:06:09,362 : WARNING : FAST : Got unexpected message from FAST: -N:43
2022-09-12 12:06:09,362 : WARNING : FAST : Got unexpected message from FAST: -N:44
2022-09-12 12:06:09,472 : INFO : FAST : Connecting to com21 at 921600bps
2022-09-12 12:06:09,580 : INFO : FAST : Connected! Processor: RGB, Board Type: FP-CPU-002-2, Firmware: 01.00
2022-09-12 12:06:09,580 : INFO : EventManager : Event: ======'machine_var_fast_rgb_firmware'====== Args={'value': '01.00', 'prev_value': None, 'change': True}
2022-09-12 12:06:09,580 : INFO : EventManager : Event: ======'machine_var_fast_rgb_model'====== Args={'value': 'FP-CPU-002-2', 'prev_value': None, 'change': True}
2022-09-12 12:06:09,581 : INFO : EventManager : Event: ======'machine_var_credits_string'====== Args={'value': 'FREE PLAY', 'prev_value': None, 'change': True}
2022-09-12 12:06:09,625 : INFO : EventManager : Event: ======'machine_var_master_volume'====== Args={'value': 0.5, 'prev_value': None, 'change': True}
2022-09-12 12:06:09,625 : INFO : EventManager : Event: ======'machine_var_mpf_version'====== Args={'value': 'MPF v0.55.0', 'prev_value': None, 'change': True}
2022-09-12 12:06:09,625 : INFO : EventManager : Event: ======'machine_var_mpf_extended_version'====== Args={'value': 'MPF v0.55.0, Config version:5, Show version: 5, BCP version:1.1', 'prev_value': None, 'change': True}
2022-09-12 12:06:09,625 : INFO : EventManager : Event: ======'machine_var_python_version'====== Args={'value': '3.7.8', 'prev_value': None, 'change': True}
2022-09-12 12:06:09,625 : INFO : EventManager : Event: ======'machine_var_platform'====== Args={'value': 'Windows-10-10.0.19041-SP0', 'prev_value': None, 'change': True}
2022-09-12 12:06:09,626 : INFO : EventManager : Event: ======'machine_var_platform_system'====== Args={'value': 'Windows', 'prev_value': None, 'change': True}
2022-09-12 12:06:09,626 : INFO : EventManager : Event: ======'machine_var_platform_release'====== Args={'value': '10', 'prev_value': None, 'change': True}
2022-09-12 12:06:09,626 : INFO : EventManager : Event: ======'machine_var_platform_version'====== Args={'value': '10.0.19041', 'prev_value': None, 'change': True}
2022-09-12 12:06:09,626 : INFO : EventManager : Event: ======'machine_var_platform_machine'====== Args={'value': 'AMD64', 'prev_value': None, 'change': True}
2022-09-12 12:06:09,626 : INFO : EventManager : Event: ======'init_phase_1'====== Args={}
2022-09-12 12:06:09,661 : INFO : EventManager : Event: ======'drop_target_bank_mid_up'====== Args={}
2022-09-12 12:06:09,661 : INFO : EventManager : Event: ======'drop_target_bank_right_up'====== Args={}
2022-09-12 12:06:09,673 : INFO : EventManager : Event: ======'init_phase_2'====== Args={}
2022-09-12 12:06:09,674 : INFO : SwitchController : Found active switch: (('3E', 1), <Platform.FAST>) <switch.s_trough_1>
2022-09-12 12:06:09,674 : INFO : SwitchController : Found active switch: (('3D', 1), <Platform.FAST>) <switch.s_trough_jam>
2022-09-12 12:06:09,674 : INFO : SwitchController : Found active switch: (('5D', 1), <Platform.FAST>) <switch.s_bot_vuk>
2022-09-12 12:06:09,680 : INFO : ball_device.bd_trough : BCH: Initial count: 2
2022-09-12 12:06:09,680 : INFO : ball_device.bd_trough : State: idle
2022-09-12 12:06:09,681 : INFO : ball_device.bd_plunger : BCH: Initial count: 0
2022-09-12 12:06:09,681 : INFO : ball_device.bd_plunger : State: idle
2022-09-12 12:06:09,717 : INFO : EventManager : Event: ======'init_phase_3'====== Args={}
2022-09-12 12:06:09,770 : INFO : EventManager : Event: ======'init_phase_4'====== Args={}
2022-09-12 12:06:09,800 : INFO : EventManager : Event: ======'playfield_active'====== Args={}
2022-09-12 12:06:09,800 : INFO : EventManager : Event: ======'unexpected_ball_on_playfield'====== Args={}
2022-09-12 12:06:09,800 : INFO : EventManager : Event: ======'playfield_active'====== Args={}
2022-09-12 12:06:09,800 : INFO : EventManager : Event: ======'unexpected_ball_on_playfield'====== Args={}
2022-09-12 12:06:09,800 : INFO : EventManager : Event: ======'playfield_active'====== Args={}
2022-09-12 12:06:09,800 : INFO : EventManager : Event: ======'unexpected_ball_on_playfield'====== Args={}
2022-09-12 12:06:09,800 : INFO : EventManager : Event: ======'playfield_active'====== Args={}
2022-09-12 12:06:09,800 : INFO : EventManager : Event: ======'unexpected_ball_on_playfield'====== Args={}
2022-09-12 12:06:09,800 : INFO : EventManager : Event: ======'playfield_active'====== Args={}
2022-09-12 12:06:09,800 : INFO : EventManager : Event: ======'unexpected_ball_on_playfield'====== Args={}
2022-09-12 12:06:09,800 : INFO : EventManager : Event: ======'playfield_active'====== Args={}
2022-09-12 12:06:09,800 : INFO : EventManager : Event: ======'unexpected_ball_on_playfield'====== Args={}
2022-09-12 12:06:09,801 : INFO : BallController : Initial balls found: 2
2022-09-12 12:06:09,802 : INFO : EventManager : Event: ======'machine_var_audits_events_game_ended'====== Args={'value': 0, 'prev_value': None, 'change': True}
2022-09-12 12:06:09,803 : INFO : EventManager : Event: ======'machine_var_audits_events_game_started'====== Args={'value': 0, 'prev_value': None, 'change': True}
2022-09-12 12:06:09,803 : INFO : EventManager : Event: ======'machine_var_audits_player_score'====== Args={'value': {'average': 0, 'top': [], 'total': 0}, 'prev_value': None, 'change': True}
2022-09-12 12:06:09,803 : INFO : EventManager : Event: ======'machine_var_audits_switches_s_autolauncher'====== Args={'value': 72, 'prev_value': None, 'change': True}
2022-09-12 12:06:09,803 : INFO : EventManager : Event: ======'machine_var_audits_switches_s_back_pop'====== Args={'value': 0, 'prev_value': None, 'change': True}
2022-09-12 12:06:09,803 : INFO : EventManager : Event: ======'machine_var_audits_switches_s_back_rollover'====== Args={'value': 0, 'prev_value': None, 'change': True}
2022-09-12 12:06:09,803 : INFO : EventManager : Event: ======'machine_var_audits_switches_s_back_stationary'====== Args={'value': 0, 'prev_value': None, 'change': True}
2022-09-12 12:06:09,803 : INFO : EventManager : Event: ======'machine_var_audits_switches_s_bot_back'====== Args={'value': 0, 'prev_value': None, 'change': True}
2022-09-12 12:06:09,804 : INFO : EventManager : Event: ======'machine_var_audits_switches_s_bot_big'====== Args={'value': 0, 'prev_value': None, 'change': True}
2022-09-12 12:06:09,804 : INFO : EventManager : Event: ======'machine_var_audits_switches_s_bot_left'====== Args={'value': 0, 'prev_value': None, 'change': True}
2022-09-12 12:06:09,804 : INFO : EventManager : Event: ======'machine_var_audits_switches_s_bot_right'====== Args={'value': 0, 'prev_value': None, 'change': True}
2022-09-12 12:06:09,804 : INFO : EventManager : Event: ======'machine_var_audits_switches_s_bot_rollover'====== Args={'value': 0, 'prev_value': None, 'change': True}
2022-09-12 12:06:09,804 : INFO : EventManager : Event: ======'machine_var_audits_switches_s_bot_vuk'====== Args={'value': 0, 'prev_value': None, 'change': True}
2022-09-12 12:06:09,804 : INFO : EventManager : Event: ======'machine_var_audits_switches_s_drop_mid_left'====== Args={'value': 45, 'prev_value': None, 'change': True}
2022-09-12 12:06:09,804 : INFO : EventManager : Event: ======'machine_var_audits_switches_s_drop_mid_mid'====== Args={'value': 46, 'prev_value': None, 'change': True}
2022-09-12 12:06:09,804 : INFO : EventManager : Event: ======'machine_var_audits_switches_s_drop_mid_right'====== Args={'value': 5, 'prev_value': None, 'change': True}
2022-09-12 12:06:09,805 : INFO : EventManager : Event: ======'machine_var_audits_switches_s_drop_right_left'====== Args={'value': 10, 'prev_value': None, 'change': True}
2022-09-12 12:06:09,805 : INFO : EventManager : Event: ======'machine_var_audits_switches_s_drop_right_right'====== Args={'value': 9, 'prev_value': None, 'change': True}
2022-09-12 12:06:09,805 : INFO : EventManager : Event: ======'machine_var_audits_switches_s_drop_single'====== Args={'value': 40, 'prev_value': None, 'change': True}
2022-09-12 12:06:09,805 : INFO : EventManager : Event: ======'machine_var_audits_switches_s_eos_left'====== Args={'value': 51, 'prev_value': None, 'change': True}
2022-09-12 12:06:09,805 : INFO : EventManager : Event: ======'machine_var_audits_switches_s_eos_left_top'====== Args={'value': 46, 'prev_value': None, 'change': True}
2022-09-12 12:06:09,805 : INFO : EventManager : Event: ======'machine_var_audits_switches_s_eos_right'====== Args={'value': 57, 'prev_value': None, 'change': True}
2022-09-12 12:06:09,806 : INFO : EventManager : Event: ======'machine_var_audits_switches_s_launch'====== Args={'value': 8, 'prev_value': None, 'change': True}
2022-09-12 12:06:09,806 : INFO : EventManager : Event: ======'machine_var_audits_switches_s_left_flipper'====== Args={'value': 69, 'prev_value': None, 'change': True}
2022-09-12 12:06:09,806 : INFO : EventManager : Event: ======'machine_var_audits_switches_s_left_inlane'====== Args={'value': 0, 'prev_value': None, 'change': True}
2022-09-12 12:06:09,806 : INFO : EventManager : Event: ======'machine_var_audits_switches_s_left_outlane'====== Args={'value': 0, 'prev_value': None, 'change': True}
2022-09-12 12:06:09,806 : INFO : EventManager : Event: ======'machine_var_audits_switches_s_pop_left'====== Args={'value': 21, 'prev_value': None, 'change': True}
2022-09-12 12:06:09,806 : INFO : EventManager : Event: ======'machine_var_audits_switches_s_pop_lower'====== Args={'value': 29, 'prev_value': None, 'change': True}
2022-09-12 12:06:09,807 : INFO : EventManager : Event: ======'machine_var_audits_switches_s_pop_right'====== Args={'value': 27, 'prev_value': None, 'change': True}
2022-09-12 12:06:09,807 : INFO : EventManager : Event: ======'machine_var_audits_switches_s_right_flipper'====== Args={'value': 79, 'prev_value': None, 'change': True}
2022-09-12 12:06:09,807 : INFO : EventManager : Event: ======'machine_var_audits_switches_s_right_inlane'====== Args={'value': 0, 'prev_value': None, 'change': True}
2022-09-12 12:06:09,807 : INFO : EventManager : Event: ======'machine_var_audits_switches_s_right_outlane'====== Args={'value': 1, 'prev_value': None, 'change': True}
2022-09-12 12:06:09,807 : INFO : EventManager : Event: ======'machine_var_audits_switches_s_rollover_left'====== Args={'value': 3, 'prev_value': None, 'change': True}
2022-09-12 12:06:09,807 : INFO : EventManager : Event: ======'machine_var_audits_switches_s_rollover_right'====== Args={'value': 1, 'prev_value': None, 'change': True}
2022-09-12 12:06:09,808 : INFO : EventManager : Event: ======'machine_var_audits_switches_s_sling_left'====== Args={'value': 3, 'prev_value': None, 'change': True}
2022-09-12 12:06:09,808 : INFO : EventManager : Event: ======'machine_var_audits_switches_s_sling_right'====== Args={'value': 0, 'prev_value': None, 'change': True}
2022-09-12 12:06:09,808 : INFO : EventManager : Event: ======'machine_var_audits_switches_s_start'====== Args={'value': 86, 'prev_value': None, 'change': True}
2022-09-12 12:06:09,808 : INFO : EventManager : Event: ======'machine_var_audits_switches_s_tilt'====== Args={'value': 0, 'prev_value': None, 'change': True}
2022-09-12 12:06:09,809 : INFO : EventManager : Event: ======'machine_var_audits_switches_s_transfer_rollover'====== Args={'value': 0, 'prev_value': None, 'change': True}
2022-09-12 12:06:09,809 : INFO : EventManager : Event: ======'machine_var_audits_switches_s_trough_1'====== Args={'value': 57, 'prev_value': None, 'change': True}
2022-09-12 12:06:09,809 : INFO : EventManager : Event: ======'machine_var_audits_switches_s_trough_2'====== Args={'value': 52, 'prev_value': None, 'change': True}
2022-09-12 12:06:09,809 : INFO : EventManager : Event: ======'machine_var_audits_switches_s_trough_3'====== Args={'value': 46, 'prev_value': None, 'change': True}
2022-09-12 12:06:09,809 : INFO : EventManager : Event: ======'machine_var_audits_switches_s_trough_4'====== Args={'value': 47, 'prev_value': None, 'change': True}
2022-09-12 12:06:09,810 : INFO : EventManager : Event: ======'machine_var_audits_switches_s_trough_5'====== Args={'value': 50, 'prev_value': None, 'change': True}
2022-09-12 12:06:09,810 : INFO : EventManager : Event: ======'machine_var_audits_switches_s_trough_6'====== Args={'value': 55, 'prev_value': None, 'change': True}
2022-09-12 12:06:09,810 : INFO : EventManager : Event: ======'machine_var_audits_switches_s_trough_jam'====== Args={'value': 108, 'prev_value': None, 'change': True}
2022-09-12 12:06:09,810 : INFO : EventManager : Event: ======'machine_var_audits_switches_s_upper_drop'====== Args={'value': 0, 'prev_value': None, 'change': True}
2022-09-12 12:06:09,811 : INFO : EventManager : Event: ======'machine_var_audits_switches_s_upper_rollover'====== Args={'value': 0, 'prev_value': None, 'change': True}
2022-09-12 12:06:09,811 : INFO : EventManager : Event: ======'machine_var_audits_switches_s_upper_stationary'====== Args={'value': 0, 'prev_value': None, 'change': True}
2022-09-12 12:06:09,811 : INFO : EventManager : Event: ======'machine_var_audits_switches_s_vuk_back'====== Args={'value': 0, 'prev_value': None, 'change': True}
2022-09-12 12:06:09,811 : INFO : EventManager : Event: ======'machine_var_audits_switches_s_vuk_right'====== Args={'value': 1, 'prev_value': None, 'change': True}
2022-09-12 12:06:09,812 : INFO : EventManager : Event: ======'init_phase_5'====== Args={}
2022-09-12 12:06:09,838 : INFO : EventManager : Event: ======'init_done'====== Args={}
2022-09-12 12:06:09,838 : INFO : EventManager : Event: ======'machine_reset_phase_1'====== Args={}
2022-09-12 12:06:09,839 : INFO : EventManager : Event: ======'machine_reset_phase_2'====== Args={}
2022-09-12 12:06:09,839 : INFO : EventManager : Event: ======'machine_reset_phase_3'====== Args={}
2022-09-12 12:06:09,840 : INFO : drop_target_bank.mid : All targets are already up. Will not reset bank.
2022-09-12 12:06:09,840 : INFO : drop_target_bank.right : All targets are already up. Will not reset bank.
2022-09-12 12:06:09,841 : INFO : EventManager : Event: ======'reset_complete'====== Args={}
2022-09-12 12:06:09,841 : INFO : EventManager : Event: ======'mode_attract_will_start'====== Args={}
2022-09-12 12:06:09,841 : INFO : EventManager : Event: ======'mode_attract_starting'====== Args={}
2022-09-12 12:06:09,842 : INFO : Mode.attract : Started. Priority: 10
2022-09-12 12:06:09,842 : INFO : EventManager : Event: ======'modes_active_modes_changed'====== Args={}
2022-09-12 12:06:09,842 : INFO : EventManager : Event: ======'mode_attract_started'====== Args={}
2022-09-12 12:06:09,842 : INFO : EventManager : Event: ======'collecting_balls_complete'====== Args={}
2022-09-12 12:06:09,864 : INFO : Machine : Starting the main run loop.
2022-09-12 12:06:11,478 : INFO : SwitchController : <<<<<<< 's_left_flipper' active >>>>>>>
2022-09-12 12:06:11,510 : INFO : SwitchController : <<<<<<< 's_eos_left_top' active >>>>>>>
2022-09-12 12:06:11,510 : INFO : SwitchController : <<<<<<< 's_eos_left' active >>>>>>>
2022-09-12 12:06:11,510 : INFO : SwitchController : <<<<<<< 's_eos_right' active >>>>>>>
2022-09-12 12:06:11,531 : INFO : SwitchController : <<<<<<< 's_eos_right' inactive >>>>>>>
2022-09-12 12:06:11,793 : INFO : SwitchController : <<<<<<< 's_right_flipper' active >>>>>>>
2022-09-12 12:06:11,793 : INFO : EventManager : Event: ======'flipper_cancel'====== Args={'triggering_group': 2, 'triggering_switch': 's_right_flipper'}
2022-09-12 12:06:11,823 : INFO : SwitchController : <<<<<<< 's_eos_right' active >>>>>>>
2022-09-12 12:06:12,324 : INFO : SwitchController : <<<<<<< 's_left_flipper' inactive >>>>>>>
2022-09-12 12:06:12,324 : INFO : EventManager : Event: ======'both_flippers_one'====== Args={'triggering_group': 1, 'triggering_switch': 's_left_flipper'}
2022-09-12 12:06:12,433 : INFO : SwitchController : <<<<<<< 's_eos_left_top' inactive >>>>>>>
2022-09-12 12:06:12,433 : INFO : SwitchController : <<<<<<< 's_eos_left' inactive >>>>>>>
2022-09-12 12:06:14,478 : INFO : SwitchController : <<<<<<< 's_right_flipper' inactive >>>>>>>
2022-09-12 12:06:14,478 : INFO : EventManager : Event: ======'both_flippers_inactive'====== Args={'triggering_group': 2, 'triggering_switch': 's_right_flipper'}
2022-09-12 12:06:14,602 : INFO : SwitchController : <<<<<<< 's_eos_right' inactive >>>>>>>
2022-09-12 12:06:14,805 : INFO : SwitchController : <<<<<<< 's_right_flipper' active >>>>>>>
2022-09-12 12:06:14,836 : INFO : SwitchController : <<<<<<< 's_eos_right' active >>>>>>>
2022-09-12 12:06:14,915 : INFO : SwitchController : <<<<<<< 's_right_flipper' inactive >>>>>>>
2022-09-12 12:06:15,008 : INFO : SwitchController : <<<<<<< 's_right_flipper' active >>>>>>>
2022-09-12 12:06:15,027 : INFO : SwitchController : <<<<<<< 's_eos_right' inactive >>>>>>>
2022-09-12 12:06:15,040 : INFO : SwitchController : <<<<<<< 's_eos_right' active >>>>>>>
2022-09-12 12:06:15,118 : INFO : SwitchController : <<<<<<< 's_right_flipper' inactive >>>>>>>
2022-09-12 12:06:15,227 : INFO : SwitchController : <<<<<<< 's_right_flipper' active >>>>>>>
2022-09-12 12:06:15,322 : INFO : SwitchController : <<<<<<< 's_right_flipper' inactive >>>>>>>
2022-09-12 12:06:15,368 : INFO : SwitchController : <<<<<<< 's_left_flipper' active >>>>>>>
2022-09-12 12:06:15,387 : INFO : SwitchController : <<<<<<< 's_eos_left_top' active >>>>>>>
2022-09-12 12:06:15,387 : INFO : SwitchController : <<<<<<< 's_eos_left' active >>>>>>>
2022-09-12 12:06:15,414 : INFO : SwitchController : <<<<<<< 's_eos_right' inactive >>>>>>>
2022-09-12 12:06:15,493 : INFO : SwitchController : <<<<<<< 's_right_flipper' active >>>>>>>
2022-09-12 12:06:15,493 : INFO : EventManager : Event: ======'flipper_cancel'====== Args={'triggering_group': 2, 'triggering_switch': 's_right_flipper'}
2022-09-12 12:06:15,512 : INFO : SwitchController : <<<<<<< 's_eos_right' active >>>>>>>
2022-09-12 12:06:15,588 : INFO : SwitchController : <<<<<<< 's_left_flipper' inactive >>>>>>>
2022-09-12 12:06:15,588 : INFO : EventManager : Event: ======'both_flippers_one'====== Args={'triggering_group': 1, 'triggering_switch': 's_left_flipper'}
2022-09-12 12:06:15,635 : INFO : SwitchController : <<<<<<< 's_right_flipper' inactive >>>>>>>
2022-09-12 12:06:15,635 : INFO : EventManager : Event: ======'both_flippers_inactive'====== Args={'triggering_group': 2, 'triggering_switch': 's_right_flipper'}
2022-09-12 12:06:15,682 : INFO : SwitchController : <<<<<<< 's_eos_left_top' inactive >>>>>>>
2022-09-12 12:06:15,682 : INFO : SwitchController : <<<<<<< 's_eos_left' inactive >>>>>>>
2022-09-12 12:06:15,712 : INFO : SwitchController : <<<<<<< 's_left_flipper' active >>>>>>>
2022-09-12 12:06:15,746 : INFO : SwitchController : <<<<<<< 's_eos_left' active >>>>>>>
2022-09-12 12:06:15,746 : INFO : SwitchController : <<<<<<< 's_eos_left_top' active >>>>>>>
2022-09-12 12:06:15,746 : INFO : SwitchController : <<<<<<< 's_eos_right' inactive >>>>>>>
2022-09-12 12:06:15,916 : INFO : SwitchController : <<<<<<< 's_left_flipper' inactive >>>>>>>
2022-09-12 12:06:15,916 : INFO : SwitchController : <<<<<<< 's_right_flipper' active >>>>>>>
2022-09-12 12:06:15,935 : INFO : SwitchController : <<<<<<< 's_eos_right' active >>>>>>>
2022-09-12 12:06:16,010 : INFO : SwitchController : <<<<<<< 's_eos_left' inactive >>>>>>>
2022-09-12 12:06:16,010 : INFO : SwitchController : <<<<<<< 's_eos_left_top' inactive >>>>>>>
2022-09-12 12:06:16,015 : INFO : SwitchController : <<<<<<< 's_right_flipper' inactive >>>>>>>
2022-09-12 12:06:16,089 : INFO : SwitchController : <<<<<<< 's_left_flipper' active >>>>>>>
2022-09-12 12:06:16,120 : INFO : SwitchController : <<<<<<< 's_eos_left' active >>>>>>>
2022-09-12 12:06:16,120 : INFO : SwitchController : <<<<<<< 's_eos_left_top' active >>>>>>>
2022-09-12 12:06:16,152 : INFO : SwitchController : <<<<<<< 's_eos_right' inactive >>>>>>>
2022-09-12 12:06:16,184 : INFO : SwitchController : <<<<<<< 's_left_flipper' inactive >>>>>>>
2022-09-12 12:06:16,278 : INFO : SwitchController : <<<<<<< 's_eos_left' inactive >>>>>>>
2022-09-12 12:06:16,278 : INFO : SwitchController : <<<<<<< 's_right_flipper' active >>>>>>>
2022-09-12 12:06:16,278 : INFO : SwitchController : <<<<<<< 's_eos_left_top' inactive >>>>>>>
2022-09-12 12:06:16,298 : INFO : SwitchController : <<<<<<< 's_right_flipper' inactive >>>>>>>
2022-09-12 12:06:16,298 : INFO : SwitchController : <<<<<<< 's_right_flipper' active >>>>>>>
2022-09-12 12:06:16,312 : INFO : SwitchController : <<<<<<< 's_eos_left' active >>>>>>>
2022-09-12 12:06:16,312 : INFO : SwitchController : <<<<<<< 's_eos_right' active >>>>>>>
2022-09-12 12:06:16,312 : INFO : SwitchController : <<<<<<< 's_eos_left' inactive >>>>>>>
2022-09-12 12:06:16,312 : INFO : SwitchController : <<<<<<< 's_right_flipper' inactive >>>>>>>
2022-09-12 12:06:16,340 : INFO : SwitchController : <<<<<<< 's_left_flipper' active >>>>>>>
2022-09-12 12:06:16,372 : INFO : SwitchController : <<<<<<< 's_eos_left' active >>>>>>>
2022-09-12 12:06:16,372 : INFO : SwitchController : <<<<<<< 's_eos_left_top' active >>>>>>>
2022-09-12 12:06:16,403 : INFO : SwitchController : <<<<<<< 's_right_flipper' active >>>>>>>
2022-09-12 12:06:16,403 : INFO : EventManager : Event: ======'flipper_cancel'====== Args={'triggering_group': 2, 'triggering_switch': 's_right_flipper'}
2022-09-12 12:06:16,422 : INFO : SwitchController : <<<<<<< 's_eos_right' inactive >>>>>>>
2022-09-12 12:06:16,422 : INFO : SwitchController : <<<<<<< 's_eos_right' active >>>>>>>
2022-09-12 12:06:16,450 : INFO : SwitchController : <<<<<<< 's_left_flipper' inactive >>>>>>>
2022-09-12 12:06:16,450 : INFO : EventManager : Event: ======'both_flippers_one'====== Args={'triggering_group': 1, 'triggering_switch': 's_left_flipper'}
2022-09-12 12:06:16,482 : INFO : SwitchController : <<<<<<< 's_right_flipper' inactive >>>>>>>
2022-09-12 12:06:16,482 : INFO : EventManager : Event: ======'both_flippers_inactive'====== Args={'triggering_group': 2, 'triggering_switch': 's_right_flipper'}
2022-09-12 12:06:16,544 : INFO : SwitchController : <<<<<<< 's_eos_left_top' inactive >>>>>>>
2022-09-12 12:06:16,544 : INFO : SwitchController : <<<<<<< 's_eos_left' inactive >>>>>>>
2022-09-12 12:06:16,576 : INFO : SwitchController : <<<<<<< 's_right_flipper' active >>>>>>>
2022-09-12 12:06:16,594 : INFO : SwitchController : <<<<<<< 's_eos_right' inactive >>>>>>>
2022-09-12 12:06:16,609 : INFO : SwitchController : <<<<<<< 's_eos_right' active >>>>>>>
2022-09-12 12:06:16,609 : INFO : SwitchController : <<<<<<< 's_left_flipper' active >>>>>>>
2022-09-12 12:06:16,609 : INFO : EventManager : Event: ======'flipper_cancel'====== Args={'triggering_group': 1, 'triggering_switch': 's_left_flipper'}
2022-09-12 12:06:16,653 : INFO : SwitchController : <<<<<<< 's_eos_left_top' active >>>>>>>
2022-09-12 12:06:16,653 : INFO : SwitchController : <<<<<<< 's_eos_left' active >>>>>>>
2022-09-12 12:06:16,685 : INFO : SwitchController : <<<<<<< 's_left_flipper' inactive >>>>>>>
2022-09-12 12:06:16,685 : INFO : EventManager : Event: ======'both_flippers_one'====== Args={'triggering_group': 1, 'triggering_switch': 's_left_flipper'}
2022-09-12 12:06:16,736 : INFO : SwitchController : <<<<<<< 's_right_flipper' inactive >>>>>>>
2022-09-12 12:06:16,736 : INFO : EventManager : Event: ======'both_flippers_inactive'====== Args={'triggering_group': 2, 'triggering_switch': 's_right_flipper'}
2022-09-12 12:06:16,794 : INFO : SwitchController : <<<<<<< 's_eos_left_top' inactive >>>>>>>
2022-09-12 12:06:16,794 : INFO : SwitchController : <<<<<<< 's_eos_left' inactive >>>>>>>
2022-09-12 12:06:16,840 : INFO : SwitchController : <<<<<<< 's_eos_right' inactive >>>>>>>
2022-09-12 12:08:00,763 : WARNING : FAST : Port NET received more messages than were sent! Resetting!
2022-09-12 12:08:00,763 : WARNING : FAST : Port NET received more messages than were sent! Resetting!
2022-09-12 12:08:00,763 : ERROR : FAST : The FAST NET processor rebooted. Unfortunately, that means that it lost all its state (such as hardware rules or switch configs). This is likely caused by an unstable power supply but it might also be a firmware bug. MPF will exit now.
2022-09-12 12:08:00,764 : INFO : Machine : Shutting down...
2022-09-12 12:08:00,764 : INFO : EventManager : Event: ======'shutdown'====== Args={}
2022-09-12 12:08:00,779 : WARNING : FAST : Port NET received more messages than were sent! Resetting!
2022-09-12 12:08:00,779 : WARNING : FAST : Received malformed message: XX:F from NET
2022-09-12 12:08:00,779 : WARNING : FAST : Port RGB received more messages than were sent! Resetting!
2022-09-12 12:08:00,779 : WARNING : FAST : Received unknown serial command? BX:P from RGB.
2022-09-12 12:08:00,857 : ERROR : FAST : Stop called on serial connection com20
2022-09-12 12:08:00,857 : ERROR : FAST : Stop called on serial connection com21
2022-09-12 12:08:01,108 : INFO : root : MPF run loop ended.
