2022-10-06 08:07:17,189 : INFO : root : Loading config.
2022-10-06 08:07:17,192 : INFO : YamlMultifileConfigLoader : Machine config file #1: config.yaml
2022-10-06 08:07:17,193 : INFO : ConfigProcessor : Loading config from cache: C:\Users\Tanner\AppData\Local\Temp\a6762098cb994b55cb03a478b26022ee.mpf_cache
2022-10-06 08:07:17,253 : INFO : ConfigProcessor : Loading config from cache: C:\Users\Tanner\AppData\Local\Temp\9cf7ccc27b21f4d6162237fadfc53e5a.mpf_cache
2022-10-06 08:07:17,254 : INFO : ConfigProcessor : Loading config from cache: C:\Users\Tanner\AppData\Local\Temp\c215df352878fee5d54f1a5ec5b16e7c.mpf_cache
2022-10-06 08:07:17,255 : INFO : ConfigProcessor : Loading config from cache: C:\Users\Tanner\AppData\Local\Temp\708062243e0edcfa77dd6b1521bd0d4e.mpf_cache
2022-10-06 08:07:17,256 : INFO : ConfigProcessor : Loading config from cache: C:\Users\Tanner\AppData\Local\Temp\c4174472f67f7b070dd6fb437c6feb0c.mpf_cache
2022-10-06 08:07:17,256 : INFO : ConfigProcessor : Loading config from cache: C:\Users\Tanner\AppData\Local\Temp\abaa92c43d134e3392cbb2346e6a16be.mpf_cache
2022-10-06 08:07:17,257 : INFO : ConfigProcessor : Loading config from cache: C:\Users\Tanner\AppData\Local\Temp\fc46d53fcb9fe6b8abf783d9c813390a.mpf_cache
2022-10-06 08:07:17,258 : INFO : Machine : Mission Pinball Framework Core Engine v0.55.0
2022-10-06 08:07:17,258 : INFO : Machine : Command line arguments: {'no_load_cache': False, 'create_config_cache': True, 'bcp': False, 'configfile': ['config.yaml'], 'force_assets_load': False, 'jsonlogging': False, 'logfile': 'logs\\2022-10-06-08-07-17-mpf-DESKTOP-7HNFDQ5.log', 'pause': False, 'production': False, 'text_ui': True, 'loglevel': 15, 'consoleloglevel': 20, 'force_platform': None, 'syslog_address': None, 'mc_file_name': None, 'no_sound': False}
2022-10-06 08:07:17,258 : INFO : Machine : MPF path: c:\users\tanner\appdata\local\programs\python\python37\lib\site-packages\mpf
2022-10-06 08:07:17,258 : INFO : Machine : Machine path: c:\trashland_2
2022-10-06 08:07:17,258 : INFO : Machine : Platform: win32
2022-10-06 08:07:17,258 : INFO : Machine : Python executable location: c:\users\tanner\appdata\local\programs\python\python37\python.exe
2022-10-06 08:07:17,258 : INFO : Machine : Python version: 3.7.8 (64-bit)
2022-10-06 08:07:17,259 : INFO : Machine : Initialise MPF.
2022-10-06 08:07:17,499 : INFO : FAST : Connecting to com9 at 921600bps
2022-10-06 08:07:17,532 : INFO : FAST : Connected! Processor: NET, Board Type: FP-CPU-002-2, Firmware: 01.05
2022-10-06 08:07:17,532 : INFO : EventManager : Event: ======'machine_var_fast_net_firmware'====== Args={'value': '01.05', 'prev_value': None, 'change': True}
2022-10-06 08:07:17,532 : INFO : EventManager : Event: ======'machine_var_fast_net_model'====== Args={'value': 'FP-CPU-002-2', 'prev_value': None, 'change': True}
2022-10-06 08:07:19,918 : WARNING : FAST : Got unexpected message from FAST: -N:2B
2022-10-06 08:07:19,918 : WARNING : FAST : Got unexpected message from FAST: -N:2C
2022-10-06 08:07:19,918 : WARNING : FAST : Got unexpected message from FAST: -N:30
2022-10-06 08:07:19,918 : WARNING : FAST : Got unexpected message from FAST: -N:33
2022-10-06 08:07:19,918 : WARNING : FAST : Got unexpected message from FAST: -N:34
2022-10-06 08:07:19,918 : WARNING : FAST : Got unexpected message from FAST: -N:38
2022-10-06 08:07:19,918 : WARNING : FAST : Got unexpected message from FAST: -N:40
2022-10-06 08:07:19,918 : WARNING : FAST : Got unexpected message from FAST: -N:41
2022-10-06 08:07:19,918 : WARNING : FAST : Got unexpected message from FAST: -N:42
2022-10-06 08:07:19,918 : WARNING : FAST : Got unexpected message from FAST: -N:43
2022-10-06 08:07:19,918 : WARNING : FAST : Got unexpected message from FAST: -N:44
2022-10-06 08:07:20,041 : INFO : FAST : Connecting to com10 at 921600bps
2022-10-06 08:07:20,072 : INFO : FAST : Connected! Processor: RGB, Board Type: FP-CPU-002-2, Firmware: 00.87
2022-10-06 08:07:20,072 : INFO : EventManager : Event: ======'machine_var_fast_rgb_firmware'====== Args={'value': '00.87', 'prev_value': None, 'change': True}
2022-10-06 08:07:20,072 : INFO : EventManager : Event: ======'machine_var_fast_rgb_model'====== Args={'value': 'FP-CPU-002-2', 'prev_value': None, 'change': True}
2022-10-06 08:07:20,073 : INFO : EventManager : Event: ======'machine_var_credits_string'====== Args={'value': 'FREE PLAY', 'prev_value': None, 'change': True}
2022-10-06 08:07:20,113 : INFO : EventManager : Event: ======'machine_var_master_volume'====== Args={'value': 0.5, 'prev_value': None, 'change': True}
2022-10-06 08:07:20,113 : INFO : EventManager : Event: ======'machine_var_mpf_version'====== Args={'value': 'MPF v0.55.0', 'prev_value': None, 'change': True}
2022-10-06 08:07:20,113 : INFO : EventManager : Event: ======'machine_var_mpf_extended_version'====== Args={'value': 'MPF v0.55.0, Config version:5, Show version: 5, BCP version:1.1', 'prev_value': None, 'change': True}
2022-10-06 08:07:20,113 : INFO : EventManager : Event: ======'machine_var_python_version'====== Args={'value': '3.7.8', 'prev_value': None, 'change': True}
2022-10-06 08:07:20,113 : INFO : EventManager : Event: ======'machine_var_platform'====== Args={'value': 'Windows-10-10.0.19041-SP0', 'prev_value': None, 'change': True}
2022-10-06 08:07:20,113 : INFO : EventManager : Event: ======'machine_var_platform_system'====== Args={'value': 'Windows', 'prev_value': None, 'change': True}
2022-10-06 08:07:20,113 : INFO : EventManager : Event: ======'machine_var_platform_release'====== Args={'value': '10', 'prev_value': None, 'change': True}
2022-10-06 08:07:20,114 : INFO : EventManager : Event: ======'machine_var_platform_version'====== Args={'value': '10.0.19041', 'prev_value': None, 'change': True}
2022-10-06 08:07:20,114 : INFO : EventManager : Event: ======'machine_var_platform_machine'====== Args={'value': 'AMD64', 'prev_value': None, 'change': True}
2022-10-06 08:07:20,114 : INFO : EventManager : Event: ======'init_phase_1'====== Args={}
2022-10-06 08:07:20,149 : INFO : EventManager : Event: ======'drop_target_bank_mid_up'====== Args={}
2022-10-06 08:07:20,149 : INFO : EventManager : Event: ======'drop_target_bank_right_up'====== Args={}
2022-10-06 08:07:20,161 : INFO : EventManager : Event: ======'init_phase_2'====== Args={}
2022-10-06 08:07:20,161 : INFO : SwitchController : Found active switch: (('2C', 1), <Platform.FAST>) <switch.s_drop_mid_mid>
2022-10-06 08:07:20,161 : INFO : SwitchController : Found active switch: (('2B', 1), <Platform.FAST>) <switch.s_drop_mid_left>
2022-10-06 08:07:20,162 : INFO : SwitchController : Found active switch: (('30', 1), <Platform.FAST>) <switch.s_drop_right_right>
2022-10-06 08:07:20,162 : INFO : SwitchController : Found active switch: (('3E', 1), <Platform.FAST>) <switch.s_trough_1>
2022-10-06 08:07:20,162 : INFO : SwitchController : Found active switch: (('3D', 1), <Platform.FAST>) <switch.s_trough_jam>
2022-10-06 08:07:20,162 : INFO : SwitchController : Found active switch: (('3C', 1), <Platform.FAST>) <switch.s_eos_right>
2022-10-06 08:07:20,162 : INFO : SwitchController : Found active switch: (('3B', 1), <Platform.FAST>) <switch.s_eos_left>
2022-10-06 08:07:20,162 : INFO : SwitchController : Found active switch: (('5D', 1), <Platform.FAST>) <switch.s_bot_vuk>
2022-10-06 08:07:20,168 : INFO : ball_device.bd_trough : BCH: Initial count: 2
2022-10-06 08:07:20,169 : INFO : ball_device.bd_trough : State: idle
2022-10-06 08:07:20,169 : INFO : ball_device.bd_plunger : BCH: Initial count: 0
2022-10-06 08:07:20,169 : INFO : ball_device.bd_plunger : State: idle
2022-10-06 08:07:20,170 : INFO : ball_device.bd_top_vuk : BCH: Initial count: 0
2022-10-06 08:07:20,170 : INFO : ball_device.bd_top_vuk : State: idle
2022-10-06 08:07:20,171 : INFO : ball_device.bd_right_vuk : BCH: Initial count: 0
2022-10-06 08:07:20,171 : INFO : ball_device.bd_right_vuk : State: idle
2022-10-06 08:07:20,209 : INFO : EventManager : Event: ======'init_phase_3'====== Args={}
2022-10-06 08:07:20,243 : INFO : EventManager : Event: ======'init_phase_4'====== Args={}
2022-10-06 08:07:20,244 : INFO : EventManager : Event: ======'playfield_active'====== Args={}
2022-10-06 08:07:20,244 : INFO : EventManager : Event: ======'unexpected_ball_on_playfield'====== Args={}
2022-10-06 08:07:20,244 : INFO : EventManager : Event: ======'playfield_active'====== Args={}
2022-10-06 08:07:20,244 : INFO : EventManager : Event: ======'unexpected_ball_on_playfield'====== Args={}
2022-10-06 08:07:20,244 : INFO : EventManager : Event: ======'playfield_active'====== Args={}
2022-10-06 08:07:20,244 : INFO : EventManager : Event: ======'unexpected_ball_on_playfield'====== Args={}
2022-10-06 08:07:20,244 : INFO : EventManager : Event: ======'drop_target_mid_mid_down'====== Args={'device': <drop_target.mid_mid>}
2022-10-06 08:07:20,244 : INFO : EventManager : Event: ======'drop_target_bank_mid_mixed'====== Args={'prev_value': <DropTargetBankState.UP: 'up'>, 'down': 1}
2022-10-06 08:07:20,244 : INFO : EventManager : Event: ======'playfield_active'====== Args={}
2022-10-06 08:07:20,244 : INFO : EventManager : Event: ======'unexpected_ball_on_playfield'====== Args={}
2022-10-06 08:07:20,244 : INFO : EventManager : Event: ======'drop_target_mid_left_down'====== Args={'device': <drop_target.mid_left>}
2022-10-06 08:07:20,245 : INFO : EventManager : Event: ======'drop_target_bank_mid_mixed'====== Args={'prev_value': <DropTargetBankState.MIXED: 'mixed'>, 'down': 2}
2022-10-06 08:07:20,245 : INFO : EventManager : Event: ======'playfield_active'====== Args={}
2022-10-06 08:07:20,245 : INFO : EventManager : Event: ======'unexpected_ball_on_playfield'====== Args={}
2022-10-06 08:07:20,245 : INFO : EventManager : Event: ======'drop_target_right_right_down'====== Args={'device': <drop_target.right_right>}
2022-10-06 08:07:20,245 : INFO : EventManager : Event: ======'drop_target_bank_right_mixed'====== Args={'prev_value': <DropTargetBankState.UP: 'up'>, 'down': 1}
2022-10-06 08:07:20,245 : INFO : EventManager : Event: ======'playfield_active'====== Args={}
2022-10-06 08:07:20,245 : INFO : EventManager : Event: ======'unexpected_ball_on_playfield'====== Args={}
2022-10-06 08:07:20,245 : INFO : BallController : Initial balls found: 2
2022-10-06 08:07:20,247 : INFO : EventManager : Event: ======'machine_var_audits_events_game_ended'====== Args={'value': 0, 'prev_value': None, 'change': True}
2022-10-06 08:07:20,247 : INFO : EventManager : Event: ======'machine_var_audits_events_game_started'====== Args={'value': 0, 'prev_value': None, 'change': True}
2022-10-06 08:07:20,247 : INFO : EventManager : Event: ======'machine_var_audits_player_score'====== Args={'value': {'average': 0, 'top': [], 'total': 0}, 'prev_value': None, 'change': True}
2022-10-06 08:07:20,247 : INFO : EventManager : Event: ======'machine_var_audits_switches_s_autolauncher'====== Args={'value': 75, 'prev_value': None, 'change': True}
2022-10-06 08:07:20,248 : INFO : EventManager : Event: ======'machine_var_audits_switches_s_back_pop'====== Args={'value': 0, 'prev_value': None, 'change': True}
2022-10-06 08:07:20,248 : INFO : EventManager : Event: ======'machine_var_audits_switches_s_back_rollover'====== Args={'value': 0, 'prev_value': None, 'change': True}
2022-10-06 08:07:20,248 : INFO : EventManager : Event: ======'machine_var_audits_switches_s_back_stationary'====== Args={'value': 0, 'prev_value': None, 'change': True}
2022-10-06 08:07:20,248 : INFO : EventManager : Event: ======'machine_var_audits_switches_s_bot_back'====== Args={'value': 0, 'prev_value': None, 'change': True}
2022-10-06 08:07:20,248 : INFO : EventManager : Event: ======'machine_var_audits_switches_s_bot_big'====== Args={'value': 0, 'prev_value': None, 'change': True}
2022-10-06 08:07:20,248 : INFO : EventManager : Event: ======'machine_var_audits_switches_s_bot_left'====== Args={'value': 0, 'prev_value': None, 'change': True}
2022-10-06 08:07:20,248 : INFO : EventManager : Event: ======'machine_var_audits_switches_s_bot_right'====== Args={'value': 0, 'prev_value': None, 'change': True}
2022-10-06 08:07:20,248 : INFO : EventManager : Event: ======'machine_var_audits_switches_s_bot_rollover'====== Args={'value': 0, 'prev_value': None, 'change': True}
2022-10-06 08:07:20,249 : INFO : EventManager : Event: ======'machine_var_audits_switches_s_bot_vuk'====== Args={'value': 0, 'prev_value': None, 'change': True}
2022-10-06 08:07:20,249 : INFO : EventManager : Event: ======'machine_var_audits_switches_s_drop_mid_left'====== Args={'value': 59, 'prev_value': None, 'change': True}
2022-10-06 08:07:20,249 : INFO : EventManager : Event: ======'machine_var_audits_switches_s_drop_mid_mid'====== Args={'value': 65, 'prev_value': None, 'change': True}
2022-10-06 08:07:20,249 : INFO : EventManager : Event: ======'machine_var_audits_switches_s_drop_mid_right'====== Args={'value': 5, 'prev_value': None, 'change': True}
2022-10-06 08:07:20,249 : INFO : EventManager : Event: ======'machine_var_audits_switches_s_drop_right_left'====== Args={'value': 17, 'prev_value': None, 'change': True}
2022-10-06 08:07:20,249 : INFO : EventManager : Event: ======'machine_var_audits_switches_s_drop_right_right'====== Args={'value': 32, 'prev_value': None, 'change': True}
2022-10-06 08:07:20,249 : INFO : EventManager : Event: ======'machine_var_audits_switches_s_drop_single'====== Args={'value': 40, 'prev_value': None, 'change': True}
2022-10-06 08:07:20,250 : INFO : EventManager : Event: ======'machine_var_audits_switches_s_eos_left'====== Args={'value': 71, 'prev_value': None, 'change': True}
2022-10-06 08:07:20,250 : INFO : EventManager : Event: ======'machine_var_audits_switches_s_eos_left_top'====== Args={'value': 369, 'prev_value': None, 'change': True}
2022-10-06 08:07:20,250 : INFO : EventManager : Event: ======'machine_var_audits_switches_s_eos_right'====== Args={'value': 96, 'prev_value': None, 'change': True}
2022-10-06 08:07:20,250 : INFO : EventManager : Event: ======'machine_var_audits_switches_s_launch'====== Args={'value': 34, 'prev_value': None, 'change': True}
2022-10-06 08:07:20,250 : INFO : EventManager : Event: ======'machine_var_audits_switches_s_left_flipper'====== Args={'value': 447, 'prev_value': None, 'change': True}
2022-10-06 08:07:20,250 : INFO : EventManager : Event: ======'machine_var_audits_switches_s_left_inlane'====== Args={'value': 9, 'prev_value': None, 'change': True}
2022-10-06 08:07:20,251 : INFO : EventManager : Event: ======'machine_var_audits_switches_s_left_outlane'====== Args={'value': 2, 'prev_value': None, 'change': True}
2022-10-06 08:07:20,251 : INFO : EventManager : Event: ======'machine_var_audits_switches_s_pop_left'====== Args={'value': 89, 'prev_value': None, 'change': True}
2022-10-06 08:07:20,251 : INFO : EventManager : Event: ======'machine_var_audits_switches_s_pop_lower'====== Args={'value': 109, 'prev_value': None, 'change': True}
2022-10-06 08:07:20,251 : INFO : EventManager : Event: ======'machine_var_audits_switches_s_pop_right'====== Args={'value': 107, 'prev_value': None, 'change': True}
2022-10-06 08:07:20,251 : INFO : EventManager : Event: ======'machine_var_audits_switches_s_right_flipper'====== Args={'value': 507, 'prev_value': None, 'change': True}
2022-10-06 08:07:20,252 : INFO : EventManager : Event: ======'machine_var_audits_switches_s_right_inlane'====== Args={'value': 0, 'prev_value': None, 'change': True}
2022-10-06 08:07:20,252 : INFO : EventManager : Event: ======'machine_var_audits_switches_s_right_outlane'====== Args={'value': 29, 'prev_value': None, 'change': True}
2022-10-06 08:07:20,252 : INFO : EventManager : Event: ======'machine_var_audits_switches_s_rollover_left'====== Args={'value': 16, 'prev_value': None, 'change': True}
2022-10-06 08:07:20,252 : INFO : EventManager : Event: ======'machine_var_audits_switches_s_rollover_right'====== Args={'value': 18, 'prev_value': None, 'change': True}
2022-10-06 08:07:20,252 : INFO : EventManager : Event: ======'machine_var_audits_switches_s_sling_left'====== Args={'value': 25, 'prev_value': None, 'change': True}
2022-10-06 08:07:20,252 : INFO : EventManager : Event: ======'machine_var_audits_switches_s_sling_right'====== Args={'value': 34, 'prev_value': None, 'change': True}
2022-10-06 08:07:20,253 : INFO : EventManager : Event: ======'machine_var_audits_switches_s_start'====== Args={'value': 117, 'prev_value': None, 'change': True}
2022-10-06 08:07:20,253 : INFO : EventManager : Event: ======'machine_var_audits_switches_s_tilt'====== Args={'value': 63, 'prev_value': None, 'change': True}
2022-10-06 08:07:20,253 : INFO : EventManager : Event: ======'machine_var_audits_switches_s_transfer_rollover'====== Args={'value': 0, 'prev_value': None, 'change': True}
2022-10-06 08:07:20,253 : INFO : EventManager : Event: ======'machine_var_audits_switches_s_trough_1'====== Args={'value': 57, 'prev_value': None, 'change': True}
2022-10-06 08:07:20,253 : INFO : EventManager : Event: ======'machine_var_audits_switches_s_trough_2'====== Args={'value': 89, 'prev_value': None, 'change': True}
2022-10-06 08:07:20,254 : INFO : EventManager : Event: ======'machine_var_audits_switches_s_trough_3'====== Args={'value': 68, 'prev_value': None, 'change': True}
2022-10-06 08:07:20,254 : INFO : EventManager : Event: ======'machine_var_audits_switches_s_trough_4'====== Args={'value': 68, 'prev_value': None, 'change': True}
2022-10-06 08:07:20,254 : INFO : EventManager : Event: ======'machine_var_audits_switches_s_trough_5'====== Args={'value': 71, 'prev_value': None, 'change': True}
2022-10-06 08:07:20,254 : INFO : EventManager : Event: ======'machine_var_audits_switches_s_trough_6'====== Args={'value': 97, 'prev_value': None, 'change': True}
2022-10-06 08:07:20,255 : INFO : EventManager : Event: ======'machine_var_audits_switches_s_trough_jam'====== Args={'value': 108, 'prev_value': None, 'change': True}
2022-10-06 08:07:20,255 : INFO : EventManager : Event: ======'machine_var_audits_switches_s_upper_drop'====== Args={'value': 0, 'prev_value': None, 'change': True}
2022-10-06 08:07:20,255 : INFO : EventManager : Event: ======'machine_var_audits_switches_s_upper_rollover'====== Args={'value': 0, 'prev_value': None, 'change': True}
2022-10-06 08:07:20,255 : INFO : EventManager : Event: ======'machine_var_audits_switches_s_upper_stationary'====== Args={'value': 0, 'prev_value': None, 'change': True}
2022-10-06 08:07:20,256 : INFO : EventManager : Event: ======'machine_var_audits_switches_s_vuk_back'====== Args={'value': 1, 'prev_value': None, 'change': True}
2022-10-06 08:07:20,256 : INFO : EventManager : Event: ======'machine_var_audits_switches_s_vuk_right'====== Args={'value': 3, 'prev_value': None, 'change': True}
2022-10-06 08:07:20,256 : INFO : EventManager : Event: ======'machine_var_audits_switches_s_vuk_top'====== Args={'value': 7, 'prev_value': None, 'change': True}
2022-10-06 08:07:20,257 : INFO : EventManager : Event: ======'init_phase_5'====== Args={}
2022-10-06 08:07:20,305 : INFO : EventManager : Event: ======'init_done'====== Args={}
2022-10-06 08:07:20,306 : INFO : EventManager : Event: ======'machine_reset_phase_1'====== Args={}
2022-10-06 08:07:20,307 : INFO : EventManager : Event: ======'machine_reset_phase_2'====== Args={}
2022-10-06 08:07:20,307 : INFO : EventManager : Event: ======'machine_reset_phase_3'====== Args={}
2022-10-06 08:07:20,308 : INFO : EventManager : Event: ======'mode_tilt_will_start'====== Args={'queue': <QueuedEvent>}
2022-10-06 08:07:20,308 : INFO : EventManager : Event: ======'mode_tilt_starting'====== Args={'queue': <QueuedEvent>}
2022-10-06 08:07:20,308 : INFO : drop_target_bank.mid : 2 targets are down. Will reset those.
2022-10-06 08:07:20,308 : INFO : coil.c_drop_mid : Pulsing Driver for 50ms (0.7 pulse_power)
2022-10-06 08:07:20,308 : INFO : drop_target_bank.right : 1 targets are down. Will reset those.
2022-10-06 08:07:20,309 : INFO : Mode.tilt : Started. Priority: 1000000
2022-10-06 08:07:20,309 : INFO : EventManager : Event: ======'modes_active_modes_changed'====== Args={}
2022-10-06 08:07:20,309 : INFO : EventManager : Event: ======'mode_tilt_started'====== Args={'queue': <QueuedEvent>}
2022-10-06 08:07:20,310 : INFO : EventManager : Event: ======'reset_complete'====== Args={}
2022-10-06 08:07:20,310 : INFO : EventManager : Event: ======'mode_attract_will_start'====== Args={}
2022-10-06 08:07:20,310 : INFO : EventManager : Event: ======'mode_attract_starting'====== Args={}
2022-10-06 08:07:20,310 : INFO : Mode.attract : Started. Priority: 10
2022-10-06 08:07:20,310 : INFO : EventManager : Event: ======'modes_active_modes_changed'====== Args={}
2022-10-06 08:07:20,310 : INFO : EventManager : Event: ======'mode_attract_started'====== Args={}
2022-10-06 08:07:20,311 : INFO : EventManager : Event: ======'collecting_balls_complete'====== Args={}
2022-10-06 08:07:20,335 : INFO : Machine : Starting the main run loop.
2022-10-06 08:07:20,359 : INFO : coil.c_drop_right : Pulsing Driver for 10ms (1.0 pulse_power)
2022-10-06 08:07:20,385 : INFO : coil.c_drop_right : Pulsing Driver for 10ms (1.0 pulse_power)
2022-10-06 08:07:20,787 : INFO : EventManager : Event: ======'drop_target_bank_mid_mixed'====== Args={'prev_value': <DropTargetBankState.MIXED: 'mixed'>, 'down': 2}
2022-10-06 08:07:20,787 : INFO : EventManager : Event: ======'drop_target_bank_right_mixed'====== Args={'prev_value': <DropTargetBankState.MIXED: 'mixed'>, 'down': 1}
2022-10-06 08:07:33,266 : INFO : SwitchController : <<<<<<< 's_start' active >>>>>>>
2022-10-06 08:07:33,469 : INFO : SwitchController : <<<<<<< 's_start' inactive >>>>>>>
2022-10-06 08:07:33,469 : INFO : EventManager : Event: ======'request_to_start_game'====== Args={}
2022-10-06 08:07:33,470 : INFO : EventManager : Event: ======'game_start'====== Args={'buttons': [], 'hold_time': 0.18800000000010186}
2022-10-06 08:07:33,470 : INFO : EventManager : Event: ======'mode_game_will_start'====== Args={'buttons': [], 'hold_time': 0.18800000000010186}
2022-10-06 08:07:33,470 : INFO : EventManager : Event: ======'mode_game_starting'====== Args={'buttons': [], 'hold_time': 0.18800000000010186}
2022-10-06 08:07:33,470 : INFO : EventManager : Event: ======'mode_attract_will_stop'====== Args={}
2022-10-06 08:07:33,470 : INFO : EventManager : Event: ======'mode_attract_stopping'====== Args={}
2022-10-06 08:07:33,470 : INFO : Mode.attract : Stopped.
2022-10-06 08:07:33,471 : INFO : EventManager : Event: ======'modes_active_modes_changed'====== Args={}
2022-10-06 08:07:33,471 : INFO : EventManager : Event: ======'mode_attract_stopped'====== Args={}
2022-10-06 08:07:33,471 : INFO : EventManager : Event: ======'clear'====== Args={'key': 'attract'}
2022-10-06 08:07:33,471 : INFO : Mode.game : Started. Priority: 20
2022-10-06 08:07:33,471 : INFO : EventManager : Event: ======'modes_active_modes_changed'====== Args={}
2022-10-06 08:07:33,471 : INFO : EventManager : Event: ======'mode_game_started'====== Args={'buttons': [], 'hold_time': 0.18800000000010186}
2022-10-06 08:07:33,477 : INFO : EventManager : Event: ======'game_will_start'====== Args={}
2022-10-06 08:07:33,477 : INFO : EventManager : Event: ======'game_starting'====== Args={'game': <Mode.game>}
2022-10-06 08:07:33,478 : INFO : EventManager : Event: ======'player_add_request'====== Args={}
2022-10-06 08:07:33,478 : INFO : EventManager : Event: ======'player_will_add'====== Args={'number': 1}
2022-10-06 08:07:33,478 : INFO : EventManager : Event: ======'player_adding'====== Args={'player': <Player 1>, 'number': 1}
2022-10-06 08:07:33,478 : INFO : EventManager : Event: ======'player_added'====== Args={'player': <Player 1>, 'num': 1}
2022-10-06 08:07:33,478 : INFO : Mode.game : Player added successfully. Total players: 1
2022-10-06 08:07:33,478 : INFO : EventManager : Event: ======'player_index'====== Args={'value': 0, 'prev_value': 0, 'change': 0, 'player_num': 1}
2022-10-06 08:07:33,478 : INFO : EventManager : Event: ======'player_number'====== Args={'value': 1, 'prev_value': 1, 'change': 0, 'player_num': 1}
2022-10-06 08:07:33,478 : INFO : EventManager : Event: ======'player_score'====== Args={'value': 0, 'prev_value': 0, 'change': 0, 'player_num': 1}
2022-10-06 08:07:33,479 : INFO : EventManager : Event: ======'game_started'====== Args={}
2022-10-06 08:07:33,491 : INFO : EventManager : Event: ======'player_turn_will_start'====== Args={'player': <Player 1>, 'number': 1}
2022-10-06 08:07:33,491 : INFO : EventManager : Event: ======'player_turn_starting'====== Args={'player': <Player 1>, 'number': 1}
2022-10-06 08:07:33,492 : INFO : EventManager : Event: ======'player_ball'====== Args={'value': 1, 'prev_value': 0, 'change': 1, 'player_num': 1}
2022-10-06 08:07:33,492 : INFO : EventManager : Event: ======'player_turn_started'====== Args={'player': <Player 1>, 'number': 1}
2022-10-06 08:07:33,492 : INFO : EventManager : Event: ======'ball_will_start'====== Args={'player': 1, 'ball': 1, 'balls_remaining': 2, 'is_extra_ball': False}
2022-10-06 08:07:33,495 : INFO : EventManager : Event: ======'ball_starting'====== Args={'player': 1, 'ball': 1, 'balls_remaining': 2, 'is_extra_ball': False}
2022-10-06 08:07:33,495 : INFO : EventManager : Event: ======'mode_base_will_start'====== Args={'queue': <QueuedEvent>, 'player': 1, 'ball': 1, 'balls_remaining': 2, 'is_extra_ball': False}
2022-10-06 08:07:33,496 : INFO : EventManager : Event: ======'mode_base_starting'====== Args={'queue': <QueuedEvent>, 'player': 1, 'ball': 1, 'balls_remaining': 2, 'is_extra_ball': False}
2022-10-06 08:07:33,496 : INFO : drop_target_bank.mid : 2 targets are down. Will reset those.
2022-10-06 08:07:33,496 : INFO : coil.c_drop_mid : Pulsing Driver for 50ms (0.7 pulse_power)
2022-10-06 08:07:33,496 : INFO : drop_target_bank.right : 1 targets are down. Will reset those.
2022-10-06 08:07:33,496 : INFO : Mode.base : Started. Priority: 100
2022-10-06 08:07:33,496 : INFO : EventManager : Event: ======'modes_active_modes_changed'====== Args={}
2022-10-06 08:07:33,496 : INFO : EventManager : Event: ======'mode_base_started'====== Args={'queue': <QueuedEvent>, 'player': 1, 'ball': 1, 'balls_remaining': 2, 'is_extra_ball': False}
2022-10-06 08:07:33,497 : INFO : EventManager : Event: ======'balls_in_play'====== Args={'balls': 1}
2022-10-06 08:07:33,497 : INFO : EventManager : Event: ======'ball_started'====== Args={'player': 1, 'ball': 1, 'balls_remaining': 2, 'is_extra_ball': False}
2022-10-06 08:07:33,514 : INFO : EventManager : Event: ======'single_player_ball_started'====== Args={}
2022-10-06 08:07:33,514 : INFO : EventManager : Event: ======'ball_start_target'====== Args={'target': 'playfield'}
2022-10-06 08:07:33,515 : INFO : ball_device.bd_plunger : Setting up player-controlled eject. Balls: 1, Target: <playfield.playfield>, player_controlled_eject_event: s_launch_active
2022-10-06 08:07:33,515 : INFO : EventManager : Event: ======'balldevice_balls_available'====== Args={}
2022-10-06 08:07:33,516 : INFO : ball_device.bd_trough : State: waiting_for_target_ready
2022-10-06 08:07:33,516 : INFO : EventManager : Event: ======'balldevice_bd_trough_ball_eject_attempt'====== Args={'balls': 1, 'target': <ball_device.bd_plunger>, 'source': <ball_device.bd_trough>, 'mechanical_eject': True, 'num_attempts': 0}
2022-10-06 08:07:33,516 : INFO : ball_device.bd_plunger : State: waiting_for_ball
2022-10-06 08:07:33,516 : INFO : ball_device.bd_top_vuk : State: waiting_for_ball
2022-10-06 08:07:33,517 : INFO : ball_device.bd_trough : State: ejecting
2022-10-06 08:07:33,517 : INFO : ball_device.bd_trough : Ejecting ball to <ball_device.bd_plunger>
2022-10-06 08:07:33,517 : INFO : EventManager : Event: ======'balldevice_bd_trough_ejecting_ball'====== Args={'balls': 1, 'target': <ball_device.bd_plunger>, 'source': <ball_device.bd_trough>, 'mechanical_eject': True, 'num_attempts': 0}
2022-10-06 08:07:33,518 : INFO : ball_device.bd_trough : Wait for ball to leave device
2022-10-06 08:07:33,546 : INFO : coil.c_drop_right : Pulsing Driver for 10ms (1.0 pulse_power)
2022-10-06 08:07:33,578 : INFO : coil.c_drop_right : Pulsing Driver for 10ms (1.0 pulse_power)
2022-10-06 08:07:33,578 : INFO : SwitchController : <<<<<<< 's_drop_mid_left' inactive >>>>>>>
2022-10-06 08:07:33,578 : INFO : SwitchController : <<<<<<< 's_drop_mid_mid' inactive >>>>>>>
2022-10-06 08:07:33,578 : INFO : SwitchController : <<<<<<< 's_drop_right_right' inactive >>>>>>>
2022-10-06 08:07:33,583 : INFO : coil.c_trough : Pulsing Driver for 25ms (0.8 pulse_power)
2022-10-06 08:07:33,988 : INFO : EventManager : Event: ======'drop_target_mid_mid_up'====== Args={'device': <drop_target.mid_mid>}
2022-10-06 08:07:33,988 : INFO : EventManager : Event: ======'drop_target_bank_mid_mixed'====== Args={'prev_value': <DropTargetBankState.MIXED: 'mixed'>, 'down': 1}
2022-10-06 08:07:33,988 : INFO : EventManager : Event: ======'drop_target_bank_right_mixed'====== Args={'prev_value': <DropTargetBankState.MIXED: 'mixed'>, 'down': 1}
2022-10-06 08:07:33,988 : INFO : EventManager : Event: ======'drop_target_mid_left_up'====== Args={'device': <drop_target.mid_left>}
2022-10-06 08:07:33,988 : INFO : EventManager : Event: ======'drop_target_bank_mid_up'====== Args={}
2022-10-06 08:07:33,988 : INFO : EventManager : Event: ======'drop_target_right_right_up'====== Args={'device': <drop_target.right_right>}
2022-10-06 08:07:33,988 : INFO : EventManager : Event: ======'drop_target_bank_right_up'====== Args={}
2022-10-06 08:07:37,171 : INFO : SwitchController : <<<<<<< 's_right_flipper' active >>>>>>>
2022-10-06 08:07:37,171 : INFO : EventManager : Event: ======'machine_var_audits_switches_s_right_flipper'====== Args={'value': 508, 'prev_value': 507, 'change': 1}
2022-10-06 08:07:37,404 : INFO : SwitchController : <<<<<<< 's_pop_left' active >>>>>>>
2022-10-06 08:07:37,404 : INFO : EventManager : Event: ======'playfield_active'====== Args={}
2022-10-06 08:07:37,404 : INFO : EventManager : Event: ======'unexpected_ball_on_playfield'====== Args={}
2022-10-06 08:07:37,404 : INFO : EventManager : Event: ======'machine_var_audits_switches_s_pop_left'====== Args={'value': 90, 'prev_value': 89, 'change': 1}
2022-10-06 08:07:37,424 : INFO : SwitchController : <<<<<<< 's_pop_left' inactive >>>>>>>
2022-10-06 08:07:37,424 : INFO : SwitchController : <<<<<<< 's_pop_left' active >>>>>>>
2022-10-06 08:07:37,424 : INFO : EventManager : Event: ======'playfield_active'====== Args={}
2022-10-06 08:07:37,424 : INFO : EventManager : Event: ======'unexpected_ball_on_playfield'====== Args={}
2022-10-06 08:07:37,424 : INFO : EventManager : Event: ======'machine_var_audits_switches_s_pop_left'====== Args={'value': 91, 'prev_value': 90, 'change': 1}
2022-10-06 08:07:37,424 : INFO : SwitchController : <<<<<<< 's_pop_left' inactive >>>>>>>
2022-10-06 08:07:37,497 : INFO : SwitchController : <<<<<<< 's_right_flipper' inactive >>>>>>>
2022-10-06 08:07:38,325 : INFO : SwitchController : <<<<<<< 's_left_flipper' active >>>>>>>
2022-10-06 08:07:38,325 : INFO : EventManager : Event: ======'machine_var_audits_switches_s_left_flipper'====== Args={'value': 448, 'prev_value': 447, 'change': 1}
2022-10-06 08:07:38,345 : INFO : SwitchController : <<<<<<< 's_eos_left_top' active >>>>>>>
2022-10-06 08:07:38,345 : INFO : EventManager : Event: ======'machine_var_audits_switches_s_eos_left_top'====== Args={'value': 370, 'prev_value': 369, 'change': 1}
2022-10-06 08:07:38,835 : INFO : SwitchController : <<<<<<< 's_left_flipper' inactive >>>>>>>
2022-10-06 08:07:38,882 : INFO : SwitchController : <<<<<<< 's_right_flipper' active >>>>>>>
2022-10-06 08:07:38,882 : INFO : EventManager : Event: ======'machine_var_audits_switches_s_right_flipper'====== Args={'value': 509, 'prev_value': 508, 'change': 1}
2022-10-06 08:07:38,929 : INFO : SwitchController : <<<<<<< 's_eos_left_top' inactive >>>>>>>
2022-10-06 08:07:39,053 : INFO : SwitchController : <<<<<<< 's_right_flipper' inactive >>>>>>>
2022-10-06 08:07:39,937 : INFO : SwitchController : <<<<<<< 's_right_flipper' active >>>>>>>
2022-10-06 08:07:39,937 : INFO : EventManager : Event: ======'machine_var_audits_switches_s_right_flipper'====== Args={'value': 510, 'prev_value': 509, 'change': 1}
2022-10-06 08:07:40,282 : INFO : SwitchController : <<<<<<< 's_pop_left' active >>>>>>>
2022-10-06 08:07:40,282 : INFO : EventManager : Event: ======'playfield_active'====== Args={}
2022-10-06 08:07:40,282 : INFO : EventManager : Event: ======'unexpected_ball_on_playfield'====== Args={}
2022-10-06 08:07:40,282 : INFO : EventManager : Event: ======'machine_var_audits_switches_s_pop_left'====== Args={'value': 92, 'prev_value': 91, 'change': 1}
2022-10-06 08:07:40,283 : INFO : SwitchController : <<<<<<< 's_pop_left' inactive >>>>>>>
2022-10-06 08:07:40,547 : INFO : SwitchController : <<<<<<< 's_right_flipper' inactive >>>>>>>
2022-10-06 08:07:40,567 : INFO : SwitchController : <<<<<<< 's_right_flipper' active >>>>>>>
2022-10-06 08:07:40,567 : INFO : EventManager : Event: ======'machine_var_audits_switches_s_right_flipper'====== Args={'value': 511, 'prev_value': 510, 'change': 1}
2022-10-06 08:07:40,567 : INFO : SwitchController : <<<<<<< 's_right_flipper' inactive >>>>>>>
2022-10-06 08:07:40,782 : INFO : SwitchController : <<<<<<< 's_left_flipper' active >>>>>>>
2022-10-06 08:07:40,782 : INFO : EventManager : Event: ======'machine_var_audits_switches_s_left_flipper'====== Args={'value': 449, 'prev_value': 448, 'change': 1}
2022-10-06 08:07:40,813 : INFO : SwitchController : <<<<<<< 's_eos_left_top' active >>>>>>>
2022-10-06 08:07:40,813 : INFO : EventManager : Event: ======'machine_var_audits_switches_s_eos_left_top'====== Args={'value': 371, 'prev_value': 370, 'change': 1}
2022-10-06 08:07:40,828 : INFO : SwitchController : <<<<<<< 's_drop_right_right' active >>>>>>>
2022-10-06 08:07:40,828 : INFO : EventManager : Event: ======'playfield_active'====== Args={}
2022-10-06 08:07:40,828 : INFO : EventManager : Event: ======'unexpected_ball_on_playfield'====== Args={}
2022-10-06 08:07:40,828 : INFO : EventManager : Event: ======'drop_target_right_right_down'====== Args={'device': <drop_target.right_right>}
2022-10-06 08:07:40,828 : INFO : EventManager : Event: ======'drop_target_bank_right_mixed'====== Args={'prev_value': <DropTargetBankState.UP: 'up'>, 'down': 1}
2022-10-06 08:07:40,828 : INFO : EventManager : Event: ======'machine_var_audits_switches_s_drop_right_right'====== Args={'value': 33, 'prev_value': 32, 'change': 1}
2022-10-06 08:07:41,030 : INFO : SwitchController : <<<<<<< 's_left_flipper' inactive >>>>>>>
2022-10-06 08:07:41,122 : INFO : SwitchController : <<<<<<< 's_eos_left_top' inactive >>>>>>>
2022-10-06 08:07:41,963 : INFO : SwitchController : <<<<<<< 's_left_flipper' active >>>>>>>
2022-10-06 08:07:41,963 : INFO : EventManager : Event: ======'machine_var_audits_switches_s_left_flipper'====== Args={'value': 450, 'prev_value': 449, 'change': 1}
2022-10-06 08:07:41,994 : INFO : SwitchController : <<<<<<< 's_eos_left_top' active >>>>>>>
2022-10-06 08:07:41,994 : INFO : EventManager : Event: ======'machine_var_audits_switches_s_eos_left_top'====== Args={'value': 372, 'prev_value': 371, 'change': 1}
2022-10-06 08:07:42,102 : INFO : SwitchController : <<<<<<< 's_pop_lower' active >>>>>>>
2022-10-06 08:07:42,102 : INFO : EventManager : Event: ======'playfield_active'====== Args={}
2022-10-06 08:07:42,102 : INFO : EventManager : Event: ======'unexpected_ball_on_playfield'====== Args={}
2022-10-06 08:07:42,102 : INFO : EventManager : Event: ======'machine_var_audits_switches_s_pop_lower'====== Args={'value': 110, 'prev_value': 109, 'change': 1}
2022-10-06 08:07:42,121 : INFO : SwitchController : <<<<<<< 's_pop_lower' inactive >>>>>>>
2022-10-06 08:07:42,124 : INFO : SwitchController : <<<<<<< 's_left_flipper' inactive >>>>>>>
2022-10-06 08:07:42,231 : INFO : SwitchController : <<<<<<< 's_eos_left_top' inactive >>>>>>>
2022-10-06 08:07:43,071 : INFO : SwitchController : <<<<<<< 's_right_flipper' active >>>>>>>
2022-10-06 08:07:43,071 : INFO : EventManager : Event: ======'machine_var_audits_switches_s_right_flipper'====== Args={'value': 512, 'prev_value': 511, 'change': 1}
2022-10-06 08:07:43,387 : INFO : SwitchController : <<<<<<< 's_pop_left' active >>>>>>>
2022-10-06 08:07:43,387 : INFO : EventManager : Event: ======'playfield_active'====== Args={}
2022-10-06 08:07:43,387 : INFO : EventManager : Event: ======'unexpected_ball_on_playfield'====== Args={}
2022-10-06 08:07:43,387 : INFO : EventManager : Event: ======'machine_var_audits_switches_s_pop_left'====== Args={'value': 93, 'prev_value': 92, 'change': 1}
2022-10-06 08:07:43,387 : INFO : SwitchController : <<<<<<< 's_pop_left' inactive >>>>>>>
2022-10-06 08:07:43,521 : INFO : EventManager : Event: ======'balldevice_bd_trough_ball_eject_failed'====== Args={'target': <ball_device.bd_plunger>, 'balls': 1, 'retry': True, 'num_attempts': 1}
2022-10-06 08:07:43,522 : INFO : ball_device.bd_trough : State: waiting_for_target_ready
2022-10-06 08:07:43,522 : INFO : EventManager : Event: ======'balldevice_bd_trough_ball_eject_attempt'====== Args={'balls': 1, 'target': <ball_device.bd_plunger>, 'source': <ball_device.bd_trough>, 'mechanical_eject': True, 'num_attempts': 1}
2022-10-06 08:07:43,522 : INFO : ball_device.bd_trough : State: ejecting
2022-10-06 08:07:43,522 : INFO : ball_device.bd_trough : Ejecting ball to <ball_device.bd_plunger>
2022-10-06 08:07:43,522 : INFO : EventManager : Event: ======'balldevice_bd_trough_ejecting_ball'====== Args={'balls': 1, 'target': <ball_device.bd_plunger>, 'source': <ball_device.bd_trough>, 'mechanical_eject': True, 'num_attempts': 1}
2022-10-06 08:07:43,523 : INFO : ball_device.bd_trough : Wait for ball to leave device
2022-10-06 08:07:43,523 : INFO : coil.c_trough : Pulsing Driver for 25ms (0.8 pulse_power)
2022-10-06 08:07:43,567 : INFO : SwitchController : <<<<<<< 's_trough_6' active >>>>>>>
2022-10-06 08:07:43,567 : INFO : EventManager : Event: ======'machine_var_audits_switches_s_trough_6'====== Args={'value': 98, 'prev_value': 97, 'change': 1}
2022-10-06 08:07:43,567 : INFO : SwitchController : <<<<<<< 's_trough_2' active >>>>>>>
2022-10-06 08:07:43,567 : INFO : EventManager : Event: ======'machine_var_audits_switches_s_trough_2'====== Args={'value': 90, 'prev_value': 89, 'change': 1}
2022-10-06 08:07:43,567 : INFO : SwitchController : <<<<<<< 's_trough_2' inactive >>>>>>>
2022-10-06 08:07:43,586 : INFO : SwitchController : <<<<<<< 's_trough_6' inactive >>>>>>>
2022-10-06 08:07:43,613 : INFO : SwitchController : <<<<<<< 's_right_flipper' inactive >>>>>>>
2022-10-06 08:07:44,722 : INFO : SwitchController : <<<<<<< 's_left_flipper' active >>>>>>>
2022-10-06 08:07:44,722 : INFO : EventManager : Event: ======'machine_var_audits_switches_s_left_flipper'====== Args={'value': 451, 'prev_value': 450, 'change': 1}
2022-10-06 08:07:44,752 : INFO : SwitchController : <<<<<<< 's_eos_left_top' active >>>>>>>
2022-10-06 08:07:44,752 : INFO : EventManager : Event: ======'machine_var_audits_switches_s_eos_left_top'====== Args={'value': 373, 'prev_value': 372, 'change': 1}
2022-10-06 08:07:45,574 : INFO : SwitchController : <<<<<<< 's_left_flipper' inactive >>>>>>>
2022-10-06 08:07:45,668 : INFO : SwitchController : <<<<<<< 's_eos_left_top' inactive >>>>>>>
2022-10-06 08:07:46,385 : INFO : SwitchController : <<<<<<< 's_left_flipper' active >>>>>>>
2022-10-06 08:07:46,386 : INFO : EventManager : Event: ======'machine_var_audits_switches_s_left_flipper'====== Args={'value': 452, 'prev_value': 451, 'change': 1}
2022-10-06 08:07:46,414 : INFO : SwitchController : <<<<<<< 's_eos_left_top' active >>>>>>>
2022-10-06 08:07:46,414 : INFO : EventManager : Event: ======'machine_var_audits_switches_s_eos_left_top'====== Args={'value': 374, 'prev_value': 373, 'change': 1}
2022-10-06 08:07:46,605 : INFO : SwitchController : <<<<<<< 's_left_flipper' inactive >>>>>>>
2022-10-06 08:07:46,667 : INFO : SwitchController : <<<<<<< 's_drop_mid_mid' active >>>>>>>
2022-10-06 08:07:46,667 : INFO : EventManager : Event: ======'playfield_active'====== Args={}
2022-10-06 08:07:46,667 : INFO : EventManager : Event: ======'unexpected_ball_on_playfield'====== Args={}
2022-10-06 08:07:46,667 : INFO : EventManager : Event: ======'drop_target_mid_mid_down'====== Args={'device': <drop_target.mid_mid>}
2022-10-06 08:07:46,667 : INFO : EventManager : Event: ======'drop_target_bank_mid_mixed'====== Args={'prev_value': <DropTargetBankState.UP: 'up'>, 'down': 1}
2022-10-06 08:07:46,667 : INFO : EventManager : Event: ======'machine_var_audits_switches_s_drop_mid_mid'====== Args={'value': 66, 'prev_value': 65, 'change': 1}
2022-10-06 08:07:46,698 : INFO : SwitchController : <<<<<<< 's_eos_left_top' inactive >>>>>>>
2022-10-06 08:07:46,964 : INFO : SwitchController : <<<<<<< 's_right_flipper' active >>>>>>>
2022-10-06 08:07:46,964 : INFO : EventManager : Event: ======'machine_var_audits_switches_s_right_flipper'====== Args={'value': 513, 'prev_value': 512, 'change': 1}
2022-10-06 08:07:47,196 : INFO : SwitchController : <<<<<<< 's_right_flipper' inactive >>>>>>>
2022-10-06 08:07:47,850 : INFO : SwitchController : <<<<<<< 's_left_flipper' active >>>>>>>
2022-10-06 08:07:47,850 : INFO : EventManager : Event: ======'machine_var_audits_switches_s_left_flipper'====== Args={'value': 453, 'prev_value': 452, 'change': 1}
2022-10-06 08:07:47,879 : INFO : SwitchController : <<<<<<< 's_eos_left_top' active >>>>>>>
2022-10-06 08:07:47,879 : INFO : EventManager : Event: ======'machine_var_audits_switches_s_eos_left_top'====== Args={'value': 375, 'prev_value': 374, 'change': 1}
2022-10-06 08:07:48,473 : INFO : SwitchController : <<<<<<< 's_left_flipper' inactive >>>>>>>
2022-10-06 08:07:48,567 : INFO : SwitchController : <<<<<<< 's_eos_left_top' inactive >>>>>>>
2022-10-06 08:07:48,661 : INFO : SwitchController : <<<<<<< 's_right_flipper' active >>>>>>>
2022-10-06 08:07:48,661 : INFO : EventManager : Event: ======'machine_var_audits_switches_s_right_flipper'====== Args={'value': 514, 'prev_value': 513, 'change': 1}
2022-10-06 08:07:49,099 : INFO : SwitchController : <<<<<<< 's_right_flipper' inactive >>>>>>>
2022-10-06 08:07:49,117 : INFO : SwitchController : <<<<<<< 's_right_flipper' active >>>>>>>
2022-10-06 08:07:49,117 : INFO : EventManager : Event: ======'machine_var_audits_switches_s_right_flipper'====== Args={'value': 515, 'prev_value': 514, 'change': 1}
2022-10-06 08:07:49,118 : INFO : SwitchController : <<<<<<< 's_right_flipper' inactive >>>>>>>
2022-10-06 08:07:49,118 : INFO : SwitchController : <<<<<<< 's_left_flipper' active >>>>>>>
2022-10-06 08:07:49,118 : INFO : EventManager : Event: ======'machine_var_audits_switches_s_left_flipper'====== Args={'value': 454, 'prev_value': 453, 'change': 1}
2022-10-06 08:07:49,146 : INFO : SwitchController : <<<<<<< 's_eos_left_top' active >>>>>>>
2022-10-06 08:07:49,146 : INFO : EventManager : Event: ======'machine_var_audits_switches_s_eos_left_top'====== Args={'value': 376, 'prev_value': 375, 'change': 1}
2022-10-06 08:07:49,381 : INFO : SwitchController : <<<<<<< 's_left_flipper' inactive >>>>>>>
2022-10-06 08:07:49,472 : INFO : SwitchController : <<<<<<< 's_eos_left_top' inactive >>>>>>>
2022-10-06 08:07:50,644 : INFO : SwitchController : <<<<<<< 's_right_flipper' active >>>>>>>
2022-10-06 08:07:50,644 : INFO : EventManager : Event: ======'machine_var_audits_switches_s_right_flipper'====== Args={'value': 516, 'prev_value': 515, 'change': 1}
2022-10-06 08:07:50,923 : INFO : SwitchController : <<<<<<< 's_right_flipper' inactive >>>>>>>
2022-10-06 08:07:51,095 : INFO : SwitchController : <<<<<<< 's_right_flipper' active >>>>>>>
2022-10-06 08:07:51,095 : INFO : EventManager : Event: ======'machine_var_audits_switches_s_right_flipper'====== Args={'value': 517, 'prev_value': 516, 'change': 1}
2022-10-06 08:07:51,546 : INFO : SwitchController : <<<<<<< 's_right_flipper' inactive >>>>>>>
2022-10-06 08:07:51,546 : INFO : SwitchController : <<<<<<< 's_right_flipper' active >>>>>>>
2022-10-06 08:07:51,547 : INFO : EventManager : Event: ======'machine_var_audits_switches_s_right_flipper'====== Args={'value': 518, 'prev_value': 517, 'change': 1}
2022-10-06 08:07:51,565 : INFO : SwitchController : <<<<<<< 's_right_flipper' inactive >>>>>>>
2022-10-06 08:07:51,565 : INFO : SwitchController : <<<<<<< 's_left_flipper' active >>>>>>>
2022-10-06 08:07:51,565 : INFO : EventManager : Event: ======'machine_var_audits_switches_s_left_flipper'====== Args={'value': 455, 'prev_value': 454, 'change': 1}
2022-10-06 08:07:51,607 : INFO : SwitchController : <<<<<<< 's_eos_left_top' active >>>>>>>
2022-10-06 08:07:51,607 : INFO : EventManager : Event: ======'machine_var_audits_switches_s_eos_left_top'====== Args={'value': 377, 'prev_value': 376, 'change': 1}
2022-10-06 08:07:51,811 : INFO : SwitchController : <<<<<<< 's_right_flipper' active >>>>>>>
2022-10-06 08:07:51,811 : INFO : EventManager : Event: ======'flipper_cancel'====== Args={'triggering_group': 2, 'triggering_switch': 's_right_flipper'}
2022-10-06 08:07:51,811 : INFO : EventManager : Event: ======'machine_var_audits_switches_s_right_flipper'====== Args={'value': 519, 'prev_value': 518, 'change': 1}
2022-10-06 08:07:52,126 : INFO : SwitchController : <<<<<<< 's_left_flipper' inactive >>>>>>>
2022-10-06 08:07:52,126 : INFO : EventManager : Event: ======'both_flippers_one'====== Args={'triggering_group': 1, 'triggering_switch': 's_left_flipper'}
2022-10-06 08:07:52,205 : INFO : SwitchController : <<<<<<< 's_right_flipper' inactive >>>>>>>
2022-10-06 08:07:52,205 : INFO : EventManager : Event: ======'both_flippers_inactive'====== Args={'triggering_group': 2, 'triggering_switch': 's_right_flipper'}
2022-10-06 08:07:52,205 : INFO : SwitchController : <<<<<<< 's_right_flipper' active >>>>>>>
2022-10-06 08:07:52,205 : INFO : EventManager : Event: ======'machine_var_audits_switches_s_right_flipper'====== Args={'value': 520, 'prev_value': 519, 'change': 1}
2022-10-06 08:07:52,224 : INFO : SwitchController : <<<<<<< 's_right_flipper' inactive >>>>>>>
2022-10-06 08:07:52,224 : INFO : SwitchController : <<<<<<< 's_eos_left_top' inactive >>>>>>>
2022-10-06 08:07:52,897 : INFO : SwitchController : <<<<<<< 's_left_flipper' active >>>>>>>
2022-10-06 08:07:52,897 : INFO : EventManager : Event: ======'machine_var_audits_switches_s_left_flipper'====== Args={'value': 456, 'prev_value': 455, 'change': 1}
2022-10-06 08:07:52,917 : INFO : SwitchController : <<<<<<< 's_eos_left_top' active >>>>>>>
2022-10-06 08:07:52,917 : INFO : EventManager : Event: ======'machine_var_audits_switches_s_eos_left_top'====== Args={'value': 378, 'prev_value': 377, 'change': 1}
2022-10-06 08:07:53,022 : INFO : SwitchController : <<<<<<< 's_left_flipper' inactive >>>>>>>
2022-10-06 08:07:53,117 : INFO : SwitchController : <<<<<<< 's_eos_left_top' inactive >>>>>>>
2022-10-06 08:07:53,524 : INFO : EventManager : Event: ======'balldevice_bd_trough_ball_eject_failed'====== Args={'target': <ball_device.bd_plunger>, 'balls': 1, 'retry': True, 'num_attempts': 2}
2022-10-06 08:07:53,525 : INFO : ball_device.bd_trough : State: waiting_for_target_ready
2022-10-06 08:07:53,525 : INFO : EventManager : Event: ======'balldevice_bd_trough_ball_eject_attempt'====== Args={'balls': 1, 'target': <ball_device.bd_plunger>, 'source': <ball_device.bd_trough>, 'mechanical_eject': True, 'num_attempts': 2}
2022-10-06 08:07:53,525 : INFO : ball_device.bd_trough : State: ejecting
2022-10-06 08:07:53,525 : INFO : ball_device.bd_trough : Ejecting ball to <ball_device.bd_plunger>
2022-10-06 08:07:53,525 : INFO : EventManager : Event: ======'balldevice_bd_trough_ejecting_ball'====== Args={'balls': 1, 'target': <ball_device.bd_plunger>, 'source': <ball_device.bd_trough>, 'mechanical_eject': True, 'num_attempts': 2}
2022-10-06 08:07:53,526 : INFO : ball_device.bd_trough : Wait for ball to leave device
2022-10-06 08:07:53,526 : INFO : coil.c_trough : Pulsing Driver for 25ms (0.8 pulse_power)
2022-10-06 08:07:53,826 : INFO : SwitchController : <<<<<<< 's_left_flipper' active >>>>>>>
2022-10-06 08:07:53,826 : INFO : EventManager : Event: ======'machine_var_audits_switches_s_left_flipper'====== Args={'value': 457, 'prev_value': 456, 'change': 1}
2022-10-06 08:07:53,858 : INFO : SwitchController : <<<<<<< 's_eos_left_top' active >>>>>>>
2022-10-06 08:07:53,858 : INFO : EventManager : Event: ======'machine_var_audits_switches_s_eos_left_top'====== Args={'value': 379, 'prev_value': 378, 'change': 1}
2022-10-06 08:07:53,968 : INFO : SwitchController : <<<<<<< 's_left_flipper' inactive >>>>>>>
2022-10-06 08:07:54,078 : INFO : SwitchController : <<<<<<< 's_eos_left_top' inactive >>>>>>>
2022-10-06 08:07:54,577 : INFO : SwitchController : <<<<<<< 's_vuk_top' active >>>>>>>
2022-10-06 08:07:54,577 : INFO : EventManager : Event: ======'machine_var_audits_switches_s_vuk_top'====== Args={'value': 8, 'prev_value': 7, 'change': 1}
2022-10-06 08:07:55,074 : INFO : ball_device.bd_top_vuk : Received unexpected ball
2022-10-06 08:07:55,074 : INFO : EventManager : Event: ======'balldevice_captured_from_playfield'====== Args={'balls': 1}
2022-10-06 08:07:55,074 : INFO : EventManager : Event: ======'sw_playfield_active'====== Args={'balls': 1}
2022-10-06 08:07:55,074 : INFO : EventManager : Event: ======'playfield_active'====== Args={}
2022-10-06 08:07:55,074 : INFO : EventManager : Event: ======'unexpected_ball_on_playfield'====== Args={}
2022-10-06 08:07:55,074 : INFO : EventManager : Event: ======'playfield_ball_count_change'====== Args={'balls': -1, 'change': -1}
2022-10-06 08:07:55,075 : INFO : EventManager : Event: ======'balldevice_playfield_ball_enter'====== Args={'new_balls': 1, 'unclaimed_balls': 1, 'device': <playfield.playfield>}
2022-10-06 08:07:55,075 : INFO : EventManager : Event: ======'playfield_ball_count_change'====== Args={'balls': 0, 'change': 1}
2022-10-06 08:07:55,075 : INFO : BallController : Found a new ball which was captured from playfield. Known balls: 3
2022-10-06 08:07:55,075 : INFO : EventManager : Event: ======'found_new_ball'====== Args={}
2022-10-06 08:07:55,075 : INFO : EventManager : Event: ======'balldevice_bd_top_vuk_ball_enter'====== Args={'new_balls': 1, 'unclaimed_balls': 1, 'new_available_balls': 1, 'device': <ball_device.bd_top_vuk>}
2022-10-06 08:07:55,076 : INFO : ball_device.bd_top_vuk : Ejecting 1 unexpected balls using path deque([<ball_device.bd_top_vuk>, <playfield.playfield>])
2022-10-06 08:07:55,076 : INFO : EventManager : Event: ======'balldevice_balls_available'====== Args={}
2022-10-06 08:07:55,076 : INFO : EventManager : Event: ======'balldevice_balls_available'====== Args={}
2022-10-06 08:07:55,076 : INFO : EventManager : Event: ======'balldevice_bd_top_vuk_ball_entered'====== Args={'new_balls': 1, 'device': <ball_device.bd_top_vuk>}
2022-10-06 08:07:55,076 : INFO : EventManager : Event: ======'balldevice_bd_top_vuk_ball_count_changed'====== Args={'balls': 1}
2022-10-06 08:07:55,076 : INFO : ball_device.bd_top_vuk : State: waiting_for_target_ready
2022-10-06 08:07:55,076 : INFO : EventManager : Event: ======'balldevice_bd_top_vuk_ball_eject_attempt'====== Args={'balls': 1, 'target': <playfield.playfield>, 'source': <ball_device.bd_top_vuk>, 'mechanical_eject': True, 'num_attempts': 0}
2022-10-06 08:07:55,077 : INFO : ball_device.bd_top_vuk : State: ejecting
2022-10-06 08:07:55,077 : INFO : ball_device.bd_top_vuk : Ejecting ball to <playfield.playfield>
2022-10-06 08:07:55,077 : INFO : EventManager : Event: ======'balldevice_bd_top_vuk_ejecting_ball'====== Args={'balls': 1, 'target': <playfield.playfield>, 'source': <ball_device.bd_top_vuk>, 'mechanical_eject': True, 'num_attempts': 0}
2022-10-06 08:07:55,077 : INFO : ball_device.bd_top_vuk : Wait for ball to leave device
2022-10-06 08:07:55,078 : INFO : coil.c_top_vuk : Pulsing Driver for 10ms (1.0 pulse_power)
2022-10-06 08:07:55,153 : INFO : SwitchController : <<<<<<< 's_vuk_top' inactive >>>>>>>
2022-10-06 08:07:55,157 : INFO : ball_device.bd_top_vuk : State: ball_left
2022-10-06 08:07:55,157 : INFO : ball_device.bd_top_vuk : Ball left
2022-10-06 08:07:55,157 : INFO : ball_device.bd_top_vuk : Wait for confirm with timeout 2.0
2022-10-06 08:07:56,612 : INFO : SwitchController : <<<<<<< 's_right_flipper' active >>>>>>>
2022-10-06 08:07:56,612 : INFO : EventManager : Event: ======'machine_var_audits_switches_s_right_flipper'====== Args={'value': 521, 'prev_value': 520, 'change': 1}
2022-10-06 08:07:56,612 : INFO : SwitchController : <<<<<<< 's_right_flipper' inactive >>>>>>>
2022-10-06 08:07:56,613 : INFO : SwitchController : <<<<<<< 's_right_flipper' active >>>>>>>
2022-10-06 08:07:56,613 : INFO : EventManager : Event: ======'machine_var_audits_switches_s_right_flipper'====== Args={'value': 522, 'prev_value': 521, 'change': 1}
2022-10-06 08:07:56,691 : INFO : SwitchController : <<<<<<< 's_left_flipper' active >>>>>>>
2022-10-06 08:07:56,691 : INFO : EventManager : Event: ======'flipper_cancel'====== Args={'triggering_group': 1, 'triggering_switch': 's_left_flipper'}
2022-10-06 08:07:56,691 : INFO : EventManager : Event: ======'machine_var_audits_switches_s_left_flipper'====== Args={'value': 458, 'prev_value': 457, 'change': 1}
2022-10-06 08:07:56,722 : INFO : SwitchController : <<<<<<< 's_eos_left_top' active >>>>>>>
2022-10-06 08:07:56,722 : INFO : EventManager : Event: ======'machine_var_audits_switches_s_eos_left_top'====== Args={'value': 380, 'prev_value': 379, 'change': 1}
2022-10-06 08:07:56,784 : INFO : SwitchController : <<<<<<< 's_right_flipper' inactive >>>>>>>
2022-10-06 08:07:56,784 : INFO : EventManager : Event: ======'both_flippers_one'====== Args={'triggering_group': 2, 'triggering_switch': 's_right_flipper'}
2022-10-06 08:07:56,816 : INFO : SwitchController : <<<<<<< 's_left_flipper' inactive >>>>>>>
2022-10-06 08:07:56,816 : INFO : EventManager : Event: ======'both_flippers_inactive'====== Args={'triggering_group': 1, 'triggering_switch': 's_left_flipper'}
2022-10-06 08:07:56,909 : INFO : SwitchController : <<<<<<< 's_eos_left_top' inactive >>>>>>>
2022-10-06 08:07:57,171 : INFO : ball_device.bd_top_vuk : State: failed_confirm
2022-10-06 08:07:57,171 : INFO : ball_device.bd_top_vuk : Got timeout (2.0s) before confirm from <playfield.playfield>
2022-10-06 08:07:57,251 : INFO : ball_device.bd_top_vuk : Confirming eject because target is playfield and ball did not return.
2022-10-06 08:07:57,251 : INFO : ball_device.bd_top_vuk : Eject successful
2022-10-06 08:07:57,251 : INFO : EventManager : Event: ======'balldevice_bd_top_vuk_ball_eject_success'====== Args={'balls': 1, 'target': <playfield.playfield>}
2022-10-06 08:07:57,251 : INFO : EventManager : Event: ======'balldevice_playfield_ball_enter'====== Args={'new_balls': 1, 'unclaimed_balls': 1, 'device': <playfield.playfield>}
2022-10-06 08:07:57,251 : INFO : EventManager : Event: ======'playfield_ball_count_change'====== Args={'balls': 1, 'change': 1}
2022-10-06 08:07:57,251 : INFO : EventManager : Event: ======'balldevice_bd_top_vuk_ball_count_changed'====== Args={'balls': 0}
2022-10-06 08:07:57,251 : INFO : ball_device.bd_top_vuk : State: idle
2022-10-06 08:07:57,252 : INFO : ball_device.bd_top_vuk : State: waiting_for_ball
2022-10-06 08:08:03,520 : INFO : EventManager : Event: ======'balldevice_bd_trough_ball_eject_failed'====== Args={'target': <ball_device.bd_plunger>, 'balls': 1, 'retry': True, 'num_attempts': 3}
2022-10-06 08:08:03,521 : INFO : ball_device.bd_trough : State: waiting_for_target_ready
2022-10-06 08:08:03,521 : INFO : EventManager : Event: ======'balldevice_bd_trough_ball_eject_attempt'====== Args={'balls': 1, 'target': <ball_device.bd_plunger>, 'source': <ball_device.bd_trough>, 'mechanical_eject': True, 'num_attempts': 3}
2022-10-06 08:08:03,522 : INFO : ball_device.bd_trough : State: ejecting
2022-10-06 08:08:03,522 : INFO : ball_device.bd_trough : Ejecting ball to <ball_device.bd_plunger>
2022-10-06 08:08:03,522 : INFO : EventManager : Event: ======'balldevice_bd_trough_ejecting_ball'====== Args={'balls': 1, 'target': <ball_device.bd_plunger>, 'source': <ball_device.bd_trough>, 'mechanical_eject': True, 'num_attempts': 3}
2022-10-06 08:08:03,522 : INFO : ball_device.bd_trough : Wait for ball to leave device
2022-10-06 08:08:03,523 : INFO : coil.c_trough : Pulsing Driver for 20ms (0.8 pulse_power)
2022-10-06 08:08:03,566 : INFO : SwitchController : <<<<<<< 's_trough_2' active >>>>>>>
2022-10-06 08:08:03,566 : INFO : EventManager : Event: ======'machine_var_audits_switches_s_trough_2'====== Args={'value': 91, 'prev_value': 90, 'change': 1}
2022-10-06 08:08:03,566 : INFO : SwitchController : <<<<<<< 's_trough_2' inactive >>>>>>>
2022-10-06 08:08:10,958 : INFO : SwitchController : <<<<<<< 's_right_flipper' active >>>>>>>
2022-10-06 08:08:10,958 : INFO : EventManager : Event: ======'machine_var_audits_switches_s_right_flipper'====== Args={'value': 523, 'prev_value': 522, 'change': 1}
2022-10-06 08:08:12,236 : INFO : SwitchController : <<<<<<< 's_right_flipper' inactive >>>>>>>
2022-10-06 08:08:12,571 : INFO : SwitchController : <<<<<<< 's_right_flipper' active >>>>>>>
2022-10-06 08:08:12,571 : INFO : EventManager : Event: ======'machine_var_audits_switches_s_right_flipper'====== Args={'value': 524, 'prev_value': 523, 'change': 1}
2022-10-06 08:08:12,844 : INFO : SwitchController : <<<<<<< 's_drop_mid_left' active >>>>>>>
2022-10-06 08:08:12,844 : INFO : EventManager : Event: ======'drop_target_mid_left_down'====== Args={'device': <drop_target.mid_left>}
2022-10-06 08:08:12,844 : INFO : EventManager : Event: ======'drop_target_bank_mid_mixed'====== Args={'prev_value': <DropTargetBankState.MIXED: 'mixed'>, 'down': 2}
2022-10-06 08:08:12,844 : INFO : EventManager : Event: ======'machine_var_audits_switches_s_drop_mid_left'====== Args={'value': 60, 'prev_value': 59, 'change': 1}
2022-10-06 08:08:13,036 : INFO : SwitchController : <<<<<<< 's_left_flipper' active >>>>>>>
2022-10-06 08:08:13,036 : INFO : EventManager : Event: ======'flipper_cancel'====== Args={'triggering_group': 1, 'triggering_switch': 's_left_flipper'}
2022-10-06 08:08:13,036 : INFO : EventManager : Event: ======'machine_var_audits_switches_s_left_flipper'====== Args={'value': 459, 'prev_value': 458, 'change': 1}
2022-10-06 08:08:13,068 : INFO : SwitchController : <<<<<<< 's_eos_left_top' active >>>>>>>
2022-10-06 08:08:13,068 : INFO : EventManager : Event: ======'machine_var_audits_switches_s_eos_left_top'====== Args={'value': 381, 'prev_value': 380, 'change': 1}
2022-10-06 08:08:13,088 : INFO : SwitchController : <<<<<<< 's_right_flipper' inactive >>>>>>>
2022-10-06 08:08:13,089 : INFO : EventManager : Event: ======'both_flippers_one'====== Args={'triggering_group': 2, 'triggering_switch': 's_right_flipper'}
2022-10-06 08:08:13,525 : INFO : EventManager : Event: ======'balldevice_bd_trough_ball_eject_failed'====== Args={'target': <ball_device.bd_plunger>, 'balls': 1, 'retry': True, 'num_attempts': 4}
2022-10-06 08:08:13,525 : INFO : ball_device.bd_trough : State: waiting_for_target_ready
2022-10-06 08:08:13,526 : INFO : EventManager : Event: ======'balldevice_bd_trough_ball_eject_attempt'====== Args={'balls': 1, 'target': <ball_device.bd_plunger>, 'source': <ball_device.bd_trough>, 'mechanical_eject': True, 'num_attempts': 4}
2022-10-06 08:08:13,526 : INFO : ball_device.bd_trough : State: ejecting
2022-10-06 08:08:13,526 : INFO : ball_device.bd_trough : Ejecting ball to <ball_device.bd_plunger>
2022-10-06 08:08:13,526 : INFO : EventManager : Event: ======'balldevice_bd_trough_ejecting_ball'====== Args={'balls': 1, 'target': <ball_device.bd_plunger>, 'source': <ball_device.bd_trough>, 'mechanical_eject': True, 'num_attempts': 4}
2022-10-06 08:08:13,526 : INFO : ball_device.bd_trough : Wait for ball to leave device
2022-10-06 08:08:13,527 : INFO : coil.c_trough : Pulsing Driver for 20ms (0.8 pulse_power)
2022-10-06 08:08:13,573 : INFO : SwitchController : <<<<<<< 's_trough_5' active >>>>>>>
2022-10-06 08:08:13,573 : INFO : EventManager : Event: ======'machine_var_audits_switches_s_trough_5'====== Args={'value': 72, 'prev_value': 71, 'change': 1}
2022-10-06 08:08:13,573 : INFO : SwitchController : <<<<<<< 's_trough_2' active >>>>>>>
2022-10-06 08:08:13,573 : INFO : EventManager : Event: ======'machine_var_audits_switches_s_trough_2'====== Args={'value': 92, 'prev_value': 91, 'change': 1}
2022-10-06 08:08:13,599 : INFO : SwitchController : <<<<<<< 's_trough_5' inactive >>>>>>>
2022-10-06 08:08:13,599 : INFO : SwitchController : <<<<<<< 's_trough_2' inactive >>>>>>>
2022-10-06 08:08:13,715 : INFO : SwitchController : <<<<<<< 's_left_flipper' inactive >>>>>>>
2022-10-06 08:08:13,715 : INFO : EventManager : Event: ======'both_flippers_inactive'====== Args={'triggering_group': 1, 'triggering_switch': 's_left_flipper'}
2022-10-06 08:08:13,811 : INFO : SwitchController : <<<<<<< 's_eos_left_top' inactive >>>>>>>
2022-10-06 08:08:14,347 : INFO : SwitchController : <<<<<<< 's_left_flipper' active >>>>>>>
2022-10-06 08:08:14,347 : INFO : EventManager : Event: ======'machine_var_audits_switches_s_left_flipper'====== Args={'value': 460, 'prev_value': 459, 'change': 1}
2022-10-06 08:08:14,380 : INFO : SwitchController : <<<<<<< 's_eos_left_top' active >>>>>>>
2022-10-06 08:08:14,380 : INFO : EventManager : Event: ======'machine_var_audits_switches_s_eos_left_top'====== Args={'value': 382, 'prev_value': 381, 'change': 1}
2022-10-06 08:08:14,455 : INFO : SwitchController : <<<<<<< 's_left_flipper' inactive >>>>>>>
2022-10-06 08:08:14,564 : INFO : SwitchController : <<<<<<< 's_eos_left_top' inactive >>>>>>>
2022-10-06 08:08:15,204 : INFO : SwitchController : <<<<<<< 's_left_flipper' active >>>>>>>
2022-10-06 08:08:15,204 : INFO : EventManager : Event: ======'machine_var_audits_switches_s_left_flipper'====== Args={'value': 461, 'prev_value': 460, 'change': 1}
2022-10-06 08:08:15,235 : INFO : SwitchController : <<<<<<< 's_eos_left_top' active >>>>>>>
2022-10-06 08:08:15,235 : INFO : EventManager : Event: ======'machine_var_audits_switches_s_eos_left_top'====== Args={'value': 383, 'prev_value': 382, 'change': 1}
2022-10-06 08:08:15,346 : INFO : SwitchController : <<<<<<< 's_left_flipper' inactive >>>>>>>
2022-10-06 08:08:15,424 : INFO : SwitchController : <<<<<<< 's_eos_left_top' inactive >>>>>>>
2022-10-06 08:08:15,766 : INFO : SwitchController : <<<<<<< 's_pop_left' active >>>>>>>
2022-10-06 08:08:15,766 : INFO : EventManager : Event: ======'machine_var_audits_switches_s_pop_left'====== Args={'value': 94, 'prev_value': 93, 'change': 1}
2022-10-06 08:08:15,771 : INFO : SwitchController : <<<<<<< 's_pop_left' inactive >>>>>>>
2022-10-06 08:08:16,124 : INFO : SwitchController : <<<<<<< 's_right_flipper' active >>>>>>>
2022-10-06 08:08:16,124 : INFO : EventManager : Event: ======'machine_var_audits_switches_s_right_flipper'====== Args={'value': 525, 'prev_value': 524, 'change': 1}
2022-10-06 08:08:16,125 : INFO : SwitchController : <<<<<<< 's_sling_right' active >>>>>>>
2022-10-06 08:08:16,125 : INFO : EventManager : Event: ======'machine_var_audits_switches_s_sling_right'====== Args={'value': 35, 'prev_value': 34, 'change': 1}
2022-10-06 08:08:16,125 : INFO : SwitchController : <<<<<<< 's_sling_right' inactive >>>>>>>
2022-10-06 08:08:16,297 : INFO : SwitchController : <<<<<<< 's_right_flipper' inactive >>>>>>>
2022-10-06 08:08:16,978 : INFO : SwitchController : <<<<<<< 's_left_flipper' active >>>>>>>
2022-10-06 08:08:16,978 : INFO : EventManager : Event: ======'machine_var_audits_switches_s_left_flipper'====== Args={'value': 462, 'prev_value': 461, 'change': 1}
2022-10-06 08:08:17,009 : INFO : SwitchController : <<<<<<< 's_eos_left_top' active >>>>>>>
2022-10-06 08:08:17,009 : INFO : EventManager : Event: ======'machine_var_audits_switches_s_eos_left_top'====== Args={'value': 384, 'prev_value': 383, 'change': 1}
2022-10-06 08:08:17,194 : INFO : SwitchController : <<<<<<< 's_left_flipper' inactive >>>>>>>
2022-10-06 08:08:17,240 : INFO : SwitchController : <<<<<<< 's_pop_right' active >>>>>>>
2022-10-06 08:08:17,240 : INFO : EventManager : Event: ======'machine_var_audits_switches_s_pop_right'====== Args={'value': 108, 'prev_value': 107, 'change': 1}
2022-10-06 08:08:17,240 : INFO : SwitchController : <<<<<<< 's_pop_right' inactive >>>>>>>
2022-10-06 08:08:17,302 : INFO : SwitchController : <<<<<<< 's_eos_left_top' inactive >>>>>>>
2022-10-06 08:08:18,690 : INFO : SwitchController : <<<<<<< 's_right_flipper' active >>>>>>>
2022-10-06 08:08:18,690 : INFO : EventManager : Event: ======'machine_var_audits_switches_s_right_flipper'====== Args={'value': 526, 'prev_value': 525, 'change': 1}
2022-10-06 08:08:19,093 : INFO : SwitchController : <<<<<<< 's_pop_right' active >>>>>>>
2022-10-06 08:08:19,093 : INFO : EventManager : Event: ======'machine_var_audits_switches_s_pop_right'====== Args={'value': 109, 'prev_value': 108, 'change': 1}
2022-10-06 08:08:19,111 : INFO : SwitchController : <<<<<<< 's_pop_right' inactive >>>>>>>
2022-10-06 08:08:19,112 : INFO : SwitchController : <<<<<<< 's_pop_right' active >>>>>>>
2022-10-06 08:08:19,112 : INFO : EventManager : Event: ======'machine_var_audits_switches_s_pop_right'====== Args={'value': 110, 'prev_value': 109, 'change': 1}
2022-10-06 08:08:19,112 : INFO : SwitchController : <<<<<<< 's_pop_right' inactive >>>>>>>
2022-10-06 08:08:19,155 : INFO : SwitchController : <<<<<<< 's_pop_right' active >>>>>>>
2022-10-06 08:08:19,155 : INFO : EventManager : Event: ======'machine_var_audits_switches_s_pop_right'====== Args={'value': 111, 'prev_value': 110, 'change': 1}
2022-10-06 08:08:19,174 : INFO : SwitchController : <<<<<<< 's_pop_right' inactive >>>>>>>
2022-10-06 08:08:19,189 : INFO : SwitchController : <<<<<<< 's_right_flipper' inactive >>>>>>>
2022-10-06 08:08:19,916 : INFO : SwitchController : <<<<<<< 's_left_flipper' active >>>>>>>
2022-10-06 08:08:19,916 : INFO : EventManager : Event: ======'machine_var_audits_switches_s_left_flipper'====== Args={'value': 463, 'prev_value': 462, 'change': 1}
2022-10-06 08:08:19,936 : INFO : SwitchController : <<<<<<< 's_eos_left_top' active >>>>>>>
2022-10-06 08:08:19,936 : INFO : EventManager : Event: ======'machine_var_audits_switches_s_eos_left_top'====== Args={'value': 385, 'prev_value': 384, 'change': 1}
2022-10-06 08:08:20,117 : INFO : SwitchController : <<<<<<< 's_left_flipper' inactive >>>>>>>
2022-10-06 08:08:20,211 : INFO : SwitchController : <<<<<<< 's_eos_left_top' inactive >>>>>>>
2022-10-06 08:08:20,820 : INFO : SwitchController : <<<<<<< 's_left_flipper' active >>>>>>>
2022-10-06 08:08:20,821 : INFO : EventManager : Event: ======'machine_var_audits_switches_s_left_flipper'====== Args={'value': 464, 'prev_value': 463, 'change': 1}
2022-10-06 08:08:20,866 : INFO : SwitchController : <<<<<<< 's_eos_left_top' active >>>>>>>
2022-10-06 08:08:20,866 : INFO : EventManager : Event: ======'machine_var_audits_switches_s_eos_left_top'====== Args={'value': 386, 'prev_value': 385, 'change': 1}
2022-10-06 08:08:20,912 : INFO : SwitchController : <<<<<<< 's_left_flipper' inactive >>>>>>>
2022-10-06 08:08:21,005 : INFO : SwitchController : <<<<<<< 's_eos_left_top' inactive >>>>>>>
2022-10-06 08:08:21,084 : INFO : SwitchController : <<<<<<< 's_pop_right' active >>>>>>>
2022-10-06 08:08:21,084 : INFO : EventManager : Event: ======'machine_var_audits_switches_s_pop_right'====== Args={'value': 112, 'prev_value': 111, 'change': 1}
2022-10-06 08:08:21,103 : INFO : SwitchController : <<<<<<< 's_pop_right' inactive >>>>>>>
2022-10-06 08:08:21,519 : INFO : SwitchController : <<<<<<< 's_left_flipper' active >>>>>>>
2022-10-06 08:08:21,519 : INFO : EventManager : Event: ======'machine_var_audits_switches_s_left_flipper'====== Args={'value': 465, 'prev_value': 464, 'change': 1}
2022-10-06 08:08:21,539 : INFO : SwitchController : <<<<<<< 's_eos_left_top' active >>>>>>>
2022-10-06 08:08:21,539 : INFO : EventManager : Event: ======'machine_var_audits_switches_s_eos_left_top'====== Args={'value': 387, 'prev_value': 386, 'change': 1}
2022-10-06 08:08:21,644 : INFO : SwitchController : <<<<<<< 's_left_flipper' inactive >>>>>>>
2022-10-06 08:08:21,738 : INFO : SwitchController : <<<<<<< 's_eos_left_top' inactive >>>>>>>
2022-10-06 08:08:23,011 : INFO : SwitchController : <<<<<<< 's_pop_lower' active >>>>>>>
2022-10-06 08:08:23,011 : INFO : EventManager : Event: ======'machine_var_audits_switches_s_pop_lower'====== Args={'value': 111, 'prev_value': 110, 'change': 1}
2022-10-06 08:08:23,031 : INFO : SwitchController : <<<<<<< 's_pop_lower' inactive >>>>>>>
2022-10-06 08:08:23,400 : INFO : SwitchController : <<<<<<< 's_sling_right' active >>>>>>>
2022-10-06 08:08:23,401 : INFO : EventManager : Event: ======'machine_var_audits_switches_s_sling_right'====== Args={'value': 36, 'prev_value': 35, 'change': 1}
2022-10-06 08:08:23,430 : INFO : SwitchController : <<<<<<< 's_sling_right' inactive >>>>>>>
2022-10-06 08:08:23,525 : INFO : EventManager : Event: ======'balldevice_bd_trough_ball_eject_failed'====== Args={'target': <ball_device.bd_plunger>, 'balls': 1, 'retry': True, 'num_attempts': 5}
2022-10-06 08:08:23,526 : INFO : ball_device.bd_trough : State: waiting_for_target_ready
2022-10-06 08:08:23,526 : INFO : EventManager : Event: ======'balldevice_bd_trough_ball_eject_attempt'====== Args={'balls': 1, 'target': <ball_device.bd_plunger>, 'source': <ball_device.bd_trough>, 'mechanical_eject': True, 'num_attempts': 5}
2022-10-06 08:08:23,526 : INFO : ball_device.bd_trough : State: ejecting
2022-10-06 08:08:23,526 : INFO : ball_device.bd_trough : Ejecting ball to <ball_device.bd_plunger>
2022-10-06 08:08:23,526 : INFO : EventManager : Event: ======'balldevice_bd_trough_ejecting_ball'====== Args={'balls': 1, 'target': <ball_device.bd_plunger>, 'source': <ball_device.bd_trough>, 'mechanical_eject': True, 'num_attempts': 5}
2022-10-06 08:08:23,527 : INFO : ball_device.bd_trough : Wait for ball to leave device
2022-10-06 08:08:23,527 : INFO : coil.c_trough : Pulsing Driver for 20ms (0.8 pulse_power)
2022-10-06 08:08:23,587 : INFO : SwitchController : <<<<<<< 's_trough_2' active >>>>>>>
2022-10-06 08:08:23,587 : INFO : EventManager : Event: ======'machine_var_audits_switches_s_trough_2'====== Args={'value': 93, 'prev_value': 92, 'change': 1}
2022-10-06 08:08:23,587 : INFO : SwitchController : <<<<<<< 's_trough_2' inactive >>>>>>>
2022-10-06 08:08:23,990 : INFO : SwitchController : <<<<<<< 's_pop_lower' active >>>>>>>
2022-10-06 08:08:23,990 : INFO : EventManager : Event: ======'machine_var_audits_switches_s_pop_lower'====== Args={'value': 112, 'prev_value': 111, 'change': 1}
2022-10-06 08:08:24,011 : INFO : SwitchController : <<<<<<< 's_pop_lower' inactive >>>>>>>
2022-10-06 08:08:25,343 : INFO : SwitchController : <<<<<<< 's_right_outlane' active >>>>>>>
2022-10-06 08:08:25,343 : INFO : EventManager : Event: ======'sw_playfield_active'====== Args={}
2022-10-06 08:08:25,343 : INFO : EventManager : Event: ======'machine_var_audits_switches_s_right_outlane'====== Args={'value': 30, 'prev_value': 29, 'change': 1}
2022-10-06 08:08:25,437 : INFO : SwitchController : <<<<<<< 's_right_outlane' inactive >>>>>>>
2022-10-06 08:08:26,526 : INFO : SwitchController : <<<<<<< 's_sling_right' active >>>>>>>
2022-10-06 08:08:26,526 : INFO : EventManager : Event: ======'machine_var_audits_switches_s_sling_right'====== Args={'value': 37, 'prev_value': 36, 'change': 1}
2022-10-06 08:08:26,547 : INFO : SwitchController : <<<<<<< 's_sling_right' inactive >>>>>>>
2022-10-06 08:08:27,413 : INFO : SwitchController : <<<<<<< 's_sling_right' active >>>>>>>
2022-10-06 08:08:27,413 : INFO : EventManager : Event: ======'machine_var_audits_switches_s_sling_right'====== Args={'value': 38, 'prev_value': 37, 'change': 1}
2022-10-06 08:08:27,445 : INFO : SwitchController : <<<<<<< 's_sling_right' inactive >>>>>>>
2022-10-06 08:08:27,848 : INFO : SwitchController : <<<<<<< 's_pop_lower' active >>>>>>>
2022-10-06 08:08:27,848 : INFO : EventManager : Event: ======'machine_var_audits_switches_s_pop_lower'====== Args={'value': 113, 'prev_value': 112, 'change': 1}
2022-10-06 08:08:27,849 : INFO : SwitchController : <<<<<<< 's_pop_lower' inactive >>>>>>>
2022-10-06 08:08:28,330 : INFO : SwitchController : <<<<<<< 's_sling_right' active >>>>>>>
2022-10-06 08:08:28,330 : INFO : EventManager : Event: ======'machine_var_audits_switches_s_sling_right'====== Args={'value': 39, 'prev_value': 38, 'change': 1}
2022-10-06 08:08:28,349 : INFO : SwitchController : <<<<<<< 's_sling_right' inactive >>>>>>>
2022-10-06 08:08:33,517 : INFO : EventManager : Event: ======'balldevice_bd_trough_ball_eject_failed'====== Args={'target': <ball_device.bd_plunger>, 'balls': 1, 'retry': True, 'num_attempts': 6}
2022-10-06 08:08:33,518 : INFO : ball_device.bd_trough : State: waiting_for_target_ready
2022-10-06 08:08:33,518 : INFO : EventManager : Event: ======'balldevice_bd_trough_ball_eject_attempt'====== Args={'balls': 1, 'target': <ball_device.bd_plunger>, 'source': <ball_device.bd_trough>, 'mechanical_eject': True, 'num_attempts': 6}
2022-10-06 08:08:33,518 : INFO : ball_device.bd_trough : State: ejecting
2022-10-06 08:08:33,518 : INFO : ball_device.bd_trough : Ejecting ball to <ball_device.bd_plunger>
2022-10-06 08:08:33,518 : INFO : EventManager : Event: ======'balldevice_bd_trough_ejecting_ball'====== Args={'balls': 1, 'target': <ball_device.bd_plunger>, 'source': <ball_device.bd_trough>, 'mechanical_eject': True, 'num_attempts': 6}
2022-10-06 08:08:33,519 : INFO : ball_device.bd_trough : Wait for ball to leave device
2022-10-06 08:08:33,519 : INFO : coil.c_trough : Pulsing Driver for 20ms (0.8 pulse_power)
2022-10-06 08:08:33,563 : INFO : SwitchController : <<<<<<< 's_trough_2' active >>>>>>>
2022-10-06 08:08:33,563 : INFO : EventManager : Event: ======'machine_var_audits_switches_s_trough_2'====== Args={'value': 94, 'prev_value': 93, 'change': 1}
2022-10-06 08:08:33,563 : INFO : SwitchController : <<<<<<< 's_trough_2' inactive >>>>>>>
2022-10-06 08:08:43,525 : INFO : EventManager : Event: ======'balldevice_bd_trough_ball_eject_failed'====== Args={'target': <ball_device.bd_plunger>, 'balls': 1, 'retry': True, 'num_attempts': 7}
2022-10-06 08:08:43,525 : INFO : ball_device.bd_trough : State: waiting_for_target_ready
2022-10-06 08:08:43,526 : INFO : EventManager : Event: ======'balldevice_bd_trough_ball_eject_attempt'====== Args={'balls': 1, 'target': <ball_device.bd_plunger>, 'source': <ball_device.bd_trough>, 'mechanical_eject': True, 'num_attempts': 7}
2022-10-06 08:08:43,526 : INFO : ball_device.bd_trough : State: ejecting
2022-10-06 08:08:43,526 : INFO : ball_device.bd_trough : Ejecting ball to <ball_device.bd_plunger>
2022-10-06 08:08:43,526 : INFO : EventManager : Event: ======'balldevice_bd_trough_ejecting_ball'====== Args={'balls': 1, 'target': <ball_device.bd_plunger>, 'source': <ball_device.bd_trough>, 'mechanical_eject': True, 'num_attempts': 7}
2022-10-06 08:08:43,527 : INFO : ball_device.bd_trough : Wait for ball to leave device
2022-10-06 08:08:43,527 : INFO : coil.c_trough : Pulsing Driver for 20ms (0.8 pulse_power)
2022-10-06 08:08:49,831 : INFO : SwitchController : <<<<<<< 's_sling_right' active >>>>>>>
2022-10-06 08:08:49,831 : INFO : EventManager : Event: ======'machine_var_audits_switches_s_sling_right'====== Args={'value': 40, 'prev_value': 39, 'change': 1}
2022-10-06 08:08:50,412 : INFO : SwitchController : <<<<<<< 's_sling_right' inactive >>>>>>>
2022-10-06 08:08:50,521 : INFO : SwitchController : <<<<<<< 's_sling_right' active >>>>>>>
2022-10-06 08:08:50,521 : INFO : EventManager : Event: ======'machine_var_audits_switches_s_sling_right'====== Args={'value': 41, 'prev_value': 40, 'change': 1}
2022-10-06 08:08:50,987 : INFO : SwitchController : <<<<<<< 's_sling_right' inactive >>>>>>>
2022-10-06 08:08:51,049 : INFO : SwitchController : <<<<<<< 's_sling_right' active >>>>>>>
2022-10-06 08:08:51,049 : INFO : EventManager : Event: ======'machine_var_audits_switches_s_sling_right'====== Args={'value': 42, 'prev_value': 41, 'change': 1}
2022-10-06 08:08:51,158 : INFO : SwitchController : <<<<<<< 's_sling_right' inactive >>>>>>>
2022-10-06 08:08:52,700 : INFO : SwitchController : <<<<<<< 's_sling_right' active >>>>>>>
2022-10-06 08:08:52,700 : INFO : EventManager : Event: ======'machine_var_audits_switches_s_sling_right'====== Args={'value': 43, 'prev_value': 42, 'change': 1}
2022-10-06 08:08:52,719 : INFO : SwitchController : <<<<<<< 's_sling_right' inactive >>>>>>>
2022-10-06 08:08:53,528 : INFO : EventManager : Event: ======'balldevice_bd_trough_ball_eject_failed'====== Args={'target': <ball_device.bd_plunger>, 'balls': 1, 'retry': True, 'num_attempts': 8}
2022-10-06 08:08:53,529 : INFO : ball_device.bd_trough : State: waiting_for_target_ready
2022-10-06 08:08:53,529 : INFO : EventManager : Event: ======'balldevice_bd_trough_ball_eject_attempt'====== Args={'balls': 1, 'target': <ball_device.bd_plunger>, 'source': <ball_device.bd_trough>, 'mechanical_eject': True, 'num_attempts': 8}
2022-10-06 08:08:53,529 : INFO : ball_device.bd_trough : State: ejecting
2022-10-06 08:08:53,529 : INFO : ball_device.bd_trough : Ejecting ball to <ball_device.bd_plunger>
2022-10-06 08:08:53,529 : INFO : EventManager : Event: ======'balldevice_bd_trough_ejecting_ball'====== Args={'balls': 1, 'target': <ball_device.bd_plunger>, 'source': <ball_device.bd_trough>, 'mechanical_eject': True, 'num_attempts': 8}
2022-10-06 08:08:53,530 : INFO : ball_device.bd_trough : Wait for ball to leave device
2022-10-06 08:08:53,530 : INFO : coil.c_trough : Pulsing Driver for 20ms (0.8 pulse_power)
2022-10-06 08:08:54,372 : INFO : SwitchController : <<<<<<< 's_pop_lower' active >>>>>>>
2022-10-06 08:08:54,372 : INFO : EventManager : Event: ======'machine_var_audits_switches_s_pop_lower'====== Args={'value': 114, 'prev_value': 113, 'change': 1}
2022-10-06 08:08:54,382 : INFO : SwitchController : <<<<<<< 's_pop_lower' inactive >>>>>>>
2022-10-06 08:08:56,081 : INFO : SwitchController : <<<<<<< 's_left_flipper' active >>>>>>>
2022-10-06 08:08:56,081 : INFO : EventManager : Event: ======'machine_var_audits_switches_s_left_flipper'====== Args={'value': 466, 'prev_value': 465, 'change': 1}
2022-10-06 08:08:56,100 : INFO : SwitchController : <<<<<<< 's_eos_left_top' active >>>>>>>
2022-10-06 08:08:56,100 : INFO : EventManager : Event: ======'machine_var_audits_switches_s_eos_left_top'====== Args={'value': 388, 'prev_value': 387, 'change': 1}
2022-10-06 08:08:56,206 : INFO : SwitchController : <<<<<<< 's_left_flipper' inactive >>>>>>>
2022-10-06 08:08:56,299 : INFO : SwitchController : <<<<<<< 's_eos_left_top' inactive >>>>>>>
2022-10-06 08:08:56,484 : INFO : SwitchController : <<<<<<< 's_pop_left' active >>>>>>>
2022-10-06 08:08:56,484 : INFO : EventManager : Event: ======'machine_var_audits_switches_s_pop_left'====== Args={'value': 95, 'prev_value': 94, 'change': 1}
2022-10-06 08:08:56,490 : INFO : SwitchController : <<<<<<< 's_pop_left' inactive >>>>>>>
2022-10-06 08:08:56,503 : INFO : SwitchController : <<<<<<< 's_pop_left' active >>>>>>>
2022-10-06 08:08:56,503 : INFO : EventManager : Event: ======'machine_var_audits_switches_s_pop_left'====== Args={'value': 96, 'prev_value': 95, 'change': 1}
2022-10-06 08:08:56,503 : INFO : SwitchController : <<<<<<< 's_pop_left' inactive >>>>>>>
2022-10-06 08:08:57,248 : INFO : SwitchController : <<<<<<< 's_left_flipper' active >>>>>>>
2022-10-06 08:08:57,248 : INFO : EventManager : Event: ======'machine_var_audits_switches_s_left_flipper'====== Args={'value': 467, 'prev_value': 466, 'change': 1}
2022-10-06 08:08:57,278 : INFO : SwitchController : <<<<<<< 's_eos_left_top' active >>>>>>>
2022-10-06 08:08:57,278 : INFO : EventManager : Event: ======'machine_var_audits_switches_s_eos_left_top'====== Args={'value': 389, 'prev_value': 388, 'change': 1}
2022-10-06 08:08:57,887 : INFO : SwitchController : <<<<<<< 's_left_flipper' inactive >>>>>>>
2022-10-06 08:08:57,996 : INFO : SwitchController : <<<<<<< 's_eos_left_top' inactive >>>>>>>
2022-10-06 08:08:58,122 : INFO : SwitchController : <<<<<<< 's_sling_right' active >>>>>>>
2022-10-06 08:08:58,122 : INFO : EventManager : Event: ======'machine_var_audits_switches_s_sling_right'====== Args={'value': 44, 'prev_value': 43, 'change': 1}
2022-10-06 08:08:58,140 : INFO : SwitchController : <<<<<<< 's_sling_right' inactive >>>>>>>
2022-10-06 08:08:58,586 : INFO : SwitchController : <<<<<<< 's_pop_lower' active >>>>>>>
2022-10-06 08:08:58,586 : INFO : EventManager : Event: ======'machine_var_audits_switches_s_pop_lower'====== Args={'value': 115, 'prev_value': 114, 'change': 1}
2022-10-06 08:08:58,617 : INFO : SwitchController : <<<<<<< 's_pop_lower' inactive >>>>>>>
2022-10-06 08:08:59,054 : INFO : SwitchController : <<<<<<< 's_sling_right' active >>>>>>>
2022-10-06 08:08:59,054 : INFO : EventManager : Event: ======'machine_var_audits_switches_s_sling_right'====== Args={'value': 45, 'prev_value': 44, 'change': 1}
2022-10-06 08:08:59,054 : INFO : SwitchController : <<<<<<< 's_sling_right' inactive >>>>>>>
2022-10-06 08:08:59,635 : INFO : SwitchController : <<<<<<< 's_pop_lower' active >>>>>>>
2022-10-06 08:08:59,635 : INFO : EventManager : Event: ======'machine_var_audits_switches_s_pop_lower'====== Args={'value': 116, 'prev_value': 115, 'change': 1}
2022-10-06 08:08:59,655 : INFO : SwitchController : <<<<<<< 's_pop_lower' inactive >>>>>>>
2022-10-06 08:09:00,821 : INFO : SwitchController : <<<<<<< 's_right_flipper' active >>>>>>>
2022-10-06 08:09:00,821 : INFO : EventManager : Event: ======'machine_var_audits_switches_s_right_flipper'====== Args={'value': 527, 'prev_value': 526, 'change': 1}
2022-10-06 08:09:01,200 : INFO : SwitchController : <<<<<<< 's_right_flipper' inactive >>>>>>>
2022-10-06 08:09:01,563 : INFO : SwitchController : <<<<<<< 's_left_flipper' active >>>>>>>
2022-10-06 08:09:01,563 : INFO : EventManager : Event: ======'machine_var_audits_switches_s_left_flipper'====== Args={'value': 468, 'prev_value': 467, 'change': 1}
2022-10-06 08:09:01,595 : INFO : SwitchController : <<<<<<< 's_eos_left_top' active >>>>>>>
2022-10-06 08:09:01,595 : INFO : EventManager : Event: ======'machine_var_audits_switches_s_eos_left_top'====== Args={'value': 390, 'prev_value': 389, 'change': 1}
2022-10-06 08:09:01,642 : INFO : SwitchController : <<<<<<< 's_left_flipper' inactive >>>>>>>
2022-10-06 08:09:01,737 : INFO : SwitchController : <<<<<<< 's_eos_left_top' inactive >>>>>>>
2022-10-06 08:09:01,866 : INFO : SwitchController : <<<<<<< 's_pop_right' active >>>>>>>
2022-10-06 08:09:01,866 : INFO : EventManager : Event: ======'machine_var_audits_switches_s_pop_right'====== Args={'value': 113, 'prev_value': 112, 'change': 1}
2022-10-06 08:09:01,885 : INFO : SwitchController : <<<<<<< 's_pop_right' inactive >>>>>>>
2022-10-06 08:09:02,178 : INFO : SwitchController : <<<<<<< 's_left_flipper' active >>>>>>>
2022-10-06 08:09:02,178 : INFO : EventManager : Event: ======'machine_var_audits_switches_s_left_flipper'====== Args={'value': 469, 'prev_value': 468, 'change': 1}
2022-10-06 08:09:02,209 : INFO : SwitchController : <<<<<<< 's_eos_left_top' active >>>>>>>
2022-10-06 08:09:02,209 : INFO : EventManager : Event: ======'machine_var_audits_switches_s_eos_left_top'====== Args={'value': 391, 'prev_value': 390, 'change': 1}
2022-10-06 08:09:02,303 : INFO : SwitchController : <<<<<<< 's_left_flipper' inactive >>>>>>>
2022-10-06 08:09:02,397 : INFO : SwitchController : <<<<<<< 's_eos_left_top' inactive >>>>>>>
2022-10-06 08:09:02,428 : INFO : SwitchController : <<<<<<< 's_pop_right' active >>>>>>>
2022-10-06 08:09:02,428 : INFO : EventManager : Event: ======'machine_var_audits_switches_s_pop_right'====== Args={'value': 114, 'prev_value': 113, 'change': 1}
2022-10-06 08:09:02,447 : INFO : SwitchController : <<<<<<< 's_pop_right' inactive >>>>>>>
2022-10-06 08:09:02,945 : INFO : SwitchController : <<<<<<< 's_rollover_right' active >>>>>>>
2022-10-06 08:09:02,945 : INFO : EventManager : Event: ======'sw_playfield_active'====== Args={}
2022-10-06 08:09:02,945 : INFO : EventManager : Event: ======'machine_var_audits_switches_s_rollover_right'====== Args={'value': 19, 'prev_value': 18, 'change': 1}
2022-10-06 08:09:02,992 : INFO : SwitchController : <<<<<<< 's_rollover_right' inactive >>>>>>>
2022-10-06 08:09:03,524 : INFO : EventManager : Event: ======'balldevice_bd_trough_ball_eject_failed'====== Args={'target': <ball_device.bd_plunger>, 'balls': 1, 'retry': True, 'num_attempts': 9}
2022-10-06 08:09:03,525 : INFO : ball_device.bd_trough : State: waiting_for_target_ready
2022-10-06 08:09:03,525 : INFO : EventManager : Event: ======'balldevice_bd_trough_ball_eject_attempt'====== Args={'balls': 1, 'target': <ball_device.bd_plunger>, 'source': <ball_device.bd_trough>, 'mechanical_eject': True, 'num_attempts': 9}
2022-10-06 08:09:03,525 : INFO : ball_device.bd_trough : State: ejecting
2022-10-06 08:09:03,525 : INFO : ball_device.bd_trough : Ejecting ball to <ball_device.bd_plunger>
2022-10-06 08:09:03,525 : INFO : EventManager : Event: ======'balldevice_bd_trough_ejecting_ball'====== Args={'balls': 1, 'target': <ball_device.bd_plunger>, 'source': <ball_device.bd_trough>, 'mechanical_eject': True, 'num_attempts': 9}
2022-10-06 08:09:03,526 : INFO : ball_device.bd_trough : Wait for ball to leave device
2022-10-06 08:09:03,526 : INFO : coil.c_trough : Pulsing Driver for 20ms (0.8 pulse_power)
2022-10-06 08:09:03,850 : INFO : SwitchController : <<<<<<< 's_left_flipper' active >>>>>>>
2022-10-06 08:09:03,850 : INFO : EventManager : Event: ======'machine_var_audits_switches_s_left_flipper'====== Args={'value': 470, 'prev_value': 469, 'change': 1}
2022-10-06 08:09:03,868 : INFO : SwitchController : <<<<<<< 's_eos_left_top' active >>>>>>>
2022-10-06 08:09:03,868 : INFO : EventManager : Event: ======'machine_var_audits_switches_s_eos_left_top'====== Args={'value': 392, 'prev_value': 391, 'change': 1}
2022-10-06 08:09:03,929 : INFO : SwitchController : <<<<<<< 's_left_flipper' inactive >>>>>>>
2022-10-06 08:09:04,037 : INFO : SwitchController : <<<<<<< 's_eos_left_top' inactive >>>>>>>
2022-10-06 08:09:05,141 : INFO : SwitchController : <<<<<<< 's_right_flipper' active >>>>>>>
2022-10-06 08:09:05,141 : INFO : EventManager : Event: ======'machine_var_audits_switches_s_right_flipper'====== Args={'value': 528, 'prev_value': 527, 'change': 1}
2022-10-06 08:09:05,252 : INFO : SwitchController : <<<<<<< 's_right_flipper' inactive >>>>>>>
2022-10-06 08:09:05,828 : INFO : SwitchController : <<<<<<< 's_right_flipper' active >>>>>>>
2022-10-06 08:09:05,828 : INFO : EventManager : Event: ======'machine_var_audits_switches_s_right_flipper'====== Args={'value': 529, 'prev_value': 528, 'change': 1}
2022-10-06 08:09:06,001 : INFO : SwitchController : <<<<<<< 's_right_flipper' inactive >>>>>>>
2022-10-06 08:09:06,078 : INFO : SwitchController : <<<<<<< 's_left_flipper' active >>>>>>>
2022-10-06 08:09:06,078 : INFO : EventManager : Event: ======'machine_var_audits_switches_s_left_flipper'====== Args={'value': 471, 'prev_value': 470, 'change': 1}
2022-10-06 08:09:06,095 : INFO : SwitchController : <<<<<<< 's_eos_left_top' active >>>>>>>
2022-10-06 08:09:06,095 : INFO : EventManager : Event: ======'machine_var_audits_switches_s_eos_left_top'====== Args={'value': 393, 'prev_value': 392, 'change': 1}
2022-10-06 08:09:06,189 : INFO : SwitchController : <<<<<<< 's_left_flipper' inactive >>>>>>>
2022-10-06 08:09:06,284 : INFO : SwitchController : <<<<<<< 's_eos_left_top' inactive >>>>>>>
2022-10-06 08:09:06,784 : INFO : SwitchController : <<<<<<< 's_trough_6' active >>>>>>>
2022-10-06 08:09:06,784 : INFO : EventManager : Event: ======'machine_var_audits_switches_s_trough_6'====== Args={'value': 99, 'prev_value': 98, 'change': 1}
2022-10-06 08:09:06,894 : INFO : SwitchController : <<<<<<< 's_trough_6' inactive >>>>>>>
2022-10-06 08:09:06,894 : INFO : SwitchController : <<<<<<< 's_trough_6' active >>>>>>>
2022-10-06 08:09:06,894 : INFO : EventManager : Event: ======'machine_var_audits_switches_s_trough_6'====== Args={'value': 100, 'prev_value': 99, 'change': 1}
2022-10-06 08:09:06,955 : INFO : SwitchController : <<<<<<< 's_trough_5' active >>>>>>>
2022-10-06 08:09:06,955 : INFO : EventManager : Event: ======'machine_var_audits_switches_s_trough_5'====== Args={'value': 73, 'prev_value': 72, 'change': 1}
2022-10-06 08:09:07,048 : INFO : SwitchController : <<<<<<< 's_trough_5' inactive >>>>>>>
2022-10-06 08:09:07,095 : INFO : SwitchController : <<<<<<< 's_trough_4' active >>>>>>>
2022-10-06 08:09:07,095 : INFO : EventManager : Event: ======'machine_var_audits_switches_s_trough_4'====== Args={'value': 69, 'prev_value': 68, 'change': 1}
2022-10-06 08:09:07,171 : INFO : SwitchController : <<<<<<< 's_trough_4' inactive >>>>>>>
2022-10-06 08:09:07,239 : INFO : SwitchController : <<<<<<< 's_trough_3' active >>>>>>>
2022-10-06 08:09:07,239 : INFO : EventManager : Event: ======'machine_var_audits_switches_s_trough_3'====== Args={'value': 69, 'prev_value': 68, 'change': 1}
2022-10-06 08:09:07,297 : INFO : SwitchController : <<<<<<< 's_trough_3' inactive >>>>>>>
2022-10-06 08:09:07,344 : INFO : SwitchController : <<<<<<< 's_trough_2' active >>>>>>>
2022-10-06 08:09:07,344 : INFO : EventManager : Event: ======'machine_var_audits_switches_s_trough_2'====== Args={'value': 95, 'prev_value': 94, 'change': 1}
2022-10-06 08:09:07,392 : INFO : SwitchController : <<<<<<< 's_trough_2' inactive >>>>>>>
2022-10-06 08:09:13,522 : INFO : EventManager : Event: ======'balldevice_bd_trough_ball_eject_failed'====== Args={'target': <ball_device.bd_plunger>, 'balls': 1, 'retry': True, 'num_attempts': 10}
2022-10-06 08:09:13,522 : INFO : ball_device.bd_trough : State: waiting_for_target_ready
2022-10-06 08:09:13,522 : INFO : EventManager : Event: ======'balldevice_bd_trough_ball_eject_attempt'====== Args={'balls': 1, 'target': <ball_device.bd_plunger>, 'source': <ball_device.bd_trough>, 'mechanical_eject': True, 'num_attempts': 10}
2022-10-06 08:09:13,523 : INFO : ball_device.bd_trough : State: ejecting
2022-10-06 08:09:13,523 : INFO : ball_device.bd_trough : Ejecting ball to <ball_device.bd_plunger>
2022-10-06 08:09:13,523 : INFO : EventManager : Event: ======'balldevice_bd_trough_ejecting_ball'====== Args={'balls': 1, 'target': <ball_device.bd_plunger>, 'source': <ball_device.bd_trough>, 'mechanical_eject': True, 'num_attempts': 10}
2022-10-06 08:09:13,523 : INFO : ball_device.bd_trough : Wait for ball to leave device
2022-10-06 08:09:13,524 : INFO : coil.c_trough : Pulsing Driver for 20ms (0.8 pulse_power)
2022-10-06 08:09:13,601 : INFO : SwitchController : <<<<<<< 's_trough_6' inactive >>>>>>>
2022-10-06 08:09:13,776 : INFO : SwitchController : <<<<<<< 's_trough_6' active >>>>>>>
2022-10-06 08:09:13,776 : INFO : EventManager : Event: ======'machine_var_audits_switches_s_trough_6'====== Args={'value': 101, 'prev_value': 100, 'change': 1}
2022-10-06 08:09:13,776 : INFO : SwitchController : <<<<<<< 's_trough_6' inactive >>>>>>>
2022-10-06 08:09:15,205 : INFO : Machine : Shutting down...
2022-10-06 08:09:15,205 : INFO : EventManager : Event: ======'shutdown'====== Args={}
2022-10-06 08:09:15,236 : WARNING : FAST : Port RGB received more messages than were sent! Resetting!
2022-10-06 08:09:15,236 : WARNING : FAST : Port NET received more messages than were sent! Resetting!
2022-10-06 08:09:15,300 : ERROR : FAST : Stop called on serial connection com9
2022-10-06 08:09:15,300 : ERROR : FAST : Stop called on serial connection com10
2022-10-06 08:09:15,517 : INFO : root : MPF run loop ended.
