2022-10-06 08:41:01,428 : INFO : root : Loading config.
2022-10-06 08:41:01,431 : INFO : YamlMultifileConfigLoader : Machine config file #1: config.yaml
2022-10-06 08:41:01,431 : INFO : ConfigProcessor : Loading config from cache: C:\Users\Tanner\AppData\Local\Temp\a6762098cb994b55cb03a478b26022ee.mpf_cache
2022-10-06 08:41:01,490 : INFO : ConfigProcessor : Loading config from cache: C:\Users\Tanner\AppData\Local\Temp\9cf7ccc27b21f4d6162237fadfc53e5a.mpf_cache
2022-10-06 08:41:01,491 : INFO : ConfigProcessor : Loading config from cache: C:\Users\Tanner\AppData\Local\Temp\c215df352878fee5d54f1a5ec5b16e7c.mpf_cache
2022-10-06 08:41:01,492 : INFO : ConfigProcessor : Loading config from cache: C:\Users\Tanner\AppData\Local\Temp\708062243e0edcfa77dd6b1521bd0d4e.mpf_cache
2022-10-06 08:41:01,492 : INFO : ConfigProcessor : Loading config from cache: C:\Users\Tanner\AppData\Local\Temp\c4174472f67f7b070dd6fb437c6feb0c.mpf_cache
2022-10-06 08:41:01,493 : INFO : ConfigProcessor : Loading config from cache: C:\Users\Tanner\AppData\Local\Temp\abaa92c43d134e3392cbb2346e6a16be.mpf_cache
2022-10-06 08:41:01,494 : INFO : ConfigProcessor : Loading config from cache: C:\Users\Tanner\AppData\Local\Temp\fc46d53fcb9fe6b8abf783d9c813390a.mpf_cache
2022-10-06 08:41:01,494 : INFO : Machine : Mission Pinball Framework Core Engine v0.55.0
2022-10-06 08:41:01,495 : INFO : Machine : Command line arguments: {'no_load_cache': False, 'create_config_cache': True, 'bcp': False, 'configfile': ['config.yaml'], 'force_assets_load': False, 'jsonlogging': False, 'logfile': 'logs\\2022-10-06-08-41-01-mpf-DESKTOP-7HNFDQ5.log', 'pause': False, 'production': False, 'text_ui': True, 'loglevel': 15, 'consoleloglevel': 20, 'force_platform': None, 'syslog_address': None, 'mc_file_name': None, 'no_sound': False}
2022-10-06 08:41:01,495 : INFO : Machine : MPF path: c:\users\tanner\appdata\local\programs\python\python37\lib\site-packages\mpf
2022-10-06 08:41:01,495 : INFO : Machine : Machine path: c:\trashland_2
2022-10-06 08:41:01,495 : INFO : Machine : Platform: win32
2022-10-06 08:41:01,495 : INFO : Machine : Python executable location: c:\users\tanner\appdata\local\programs\python\python37\python.exe
2022-10-06 08:41:01,495 : INFO : Machine : Python version: 3.7.8 (64-bit)
2022-10-06 08:41:01,496 : INFO : Machine : Initialise MPF.
2022-10-06 08:41:01,723 : INFO : FAST : Connecting to com9 at 921600bps
2022-10-06 08:41:01,760 : INFO : FAST : Connected! Processor: NET, Board Type: FP-CPU-002-2, Firmware: 01.05
2022-10-06 08:41:01,760 : INFO : EventManager : Event: ======'machine_var_fast_net_firmware'====== Args={'value': '01.05', 'prev_value': None, 'change': True}
2022-10-06 08:41:01,760 : INFO : EventManager : Event: ======'machine_var_fast_net_model'====== Args={'value': 'FP-CPU-002-2', 'prev_value': None, 'change': True}
2022-10-06 08:41:04,112 : WARNING : FAST : Got unexpected message from FAST: -N:2B
2022-10-06 08:41:04,112 : WARNING : FAST : Got unexpected message from FAST: -N:2C
2022-10-06 08:41:04,112 : WARNING : FAST : Got unexpected message from FAST: -N:30
2022-10-06 08:41:04,112 : WARNING : FAST : Got unexpected message from FAST: -N:33
2022-10-06 08:41:04,112 : WARNING : FAST : Got unexpected message from FAST: -N:34
2022-10-06 08:41:04,112 : WARNING : FAST : Got unexpected message from FAST: -N:38
2022-10-06 08:41:04,112 : WARNING : FAST : Got unexpected message from FAST: -N:40
2022-10-06 08:41:04,112 : WARNING : FAST : Got unexpected message from FAST: -N:41
2022-10-06 08:41:04,112 : WARNING : FAST : Got unexpected message from FAST: -N:42
2022-10-06 08:41:04,112 : WARNING : FAST : Got unexpected message from FAST: -N:43
2022-10-06 08:41:04,112 : WARNING : FAST : Got unexpected message from FAST: -N:44
2022-10-06 08:41:04,222 : INFO : FAST : Connecting to com10 at 921600bps
2022-10-06 08:41:04,253 : INFO : FAST : Connected! Processor: RGB, Board Type: FP-CPU-002-2, Firmware: 00.87
2022-10-06 08:41:04,253 : INFO : EventManager : Event: ======'machine_var_fast_rgb_firmware'====== Args={'value': '00.87', 'prev_value': None, 'change': True}
2022-10-06 08:41:04,253 : INFO : EventManager : Event: ======'machine_var_fast_rgb_model'====== Args={'value': 'FP-CPU-002-2', 'prev_value': None, 'change': True}
2022-10-06 08:41:04,254 : INFO : EventManager : Event: ======'machine_var_credits_string'====== Args={'value': 'FREE PLAY', 'prev_value': None, 'change': True}
2022-10-06 08:41:04,296 : INFO : EventManager : Event: ======'machine_var_master_volume'====== Args={'value': 0.5, 'prev_value': None, 'change': True}
2022-10-06 08:41:04,296 : INFO : EventManager : Event: ======'machine_var_mpf_version'====== Args={'value': 'MPF v0.55.0', 'prev_value': None, 'change': True}
2022-10-06 08:41:04,296 : INFO : EventManager : Event: ======'machine_var_mpf_extended_version'====== Args={'value': 'MPF v0.55.0, Config version:5, Show version: 5, BCP version:1.1', 'prev_value': None, 'change': True}
2022-10-06 08:41:04,296 : INFO : EventManager : Event: ======'machine_var_python_version'====== Args={'value': '3.7.8', 'prev_value': None, 'change': True}
2022-10-06 08:41:04,296 : INFO : EventManager : Event: ======'machine_var_platform'====== Args={'value': 'Windows-10-10.0.19041-SP0', 'prev_value': None, 'change': True}
2022-10-06 08:41:04,296 : INFO : EventManager : Event: ======'machine_var_platform_system'====== Args={'value': 'Windows', 'prev_value': None, 'change': True}
2022-10-06 08:41:04,296 : INFO : EventManager : Event: ======'machine_var_platform_release'====== Args={'value': '10', 'prev_value': None, 'change': True}
2022-10-06 08:41:04,296 : INFO : EventManager : Event: ======'machine_var_platform_version'====== Args={'value': '10.0.19041', 'prev_value': None, 'change': True}
2022-10-06 08:41:04,296 : INFO : EventManager : Event: ======'machine_var_platform_machine'====== Args={'value': 'AMD64', 'prev_value': None, 'change': True}
2022-10-06 08:41:04,296 : INFO : EventManager : Event: ======'init_phase_1'====== Args={}
2022-10-06 08:41:04,330 : INFO : EventManager : Event: ======'drop_target_bank_mid_up'====== Args={}
2022-10-06 08:41:04,330 : INFO : EventManager : Event: ======'drop_target_bank_right_up'====== Args={}
2022-10-06 08:41:04,345 : INFO : EventManager : Event: ======'init_phase_2'====== Args={}
2022-10-06 08:41:04,346 : INFO : SwitchController : Found active switch: (('2C', 1), <Platform.FAST>) <switch.s_drop_mid_mid>
2022-10-06 08:41:04,346 : INFO : SwitchController : Found active switch: (('2B', 1), <Platform.FAST>) <switch.s_drop_mid_left>
2022-10-06 08:41:04,346 : INFO : SwitchController : Found active switch: (('30', 1), <Platform.FAST>) <switch.s_drop_right_right>
2022-10-06 08:41:04,346 : INFO : SwitchController : Found active switch: (('3E', 1), <Platform.FAST>) <switch.s_trough_1>
2022-10-06 08:41:04,346 : INFO : SwitchController : Found active switch: (('3D', 1), <Platform.FAST>) <switch.s_trough_jam>
2022-10-06 08:41:04,346 : INFO : SwitchController : Found active switch: (('3C', 1), <Platform.FAST>) <switch.s_eos_right>
2022-10-06 08:41:04,346 : INFO : SwitchController : Found active switch: (('3B', 1), <Platform.FAST>) <switch.s_eos_left>
2022-10-06 08:41:04,346 : INFO : SwitchController : Found active switch: (('5D', 1), <Platform.FAST>) <switch.s_bot_vuk>
2022-10-06 08:41:04,353 : INFO : ball_device.bd_trough : BCH: Initial count: 2
2022-10-06 08:41:04,353 : INFO : ball_device.bd_trough : State: idle
2022-10-06 08:41:04,354 : INFO : ball_device.bd_plunger : BCH: Initial count: 0
2022-10-06 08:41:04,354 : INFO : ball_device.bd_plunger : State: idle
2022-10-06 08:41:04,354 : INFO : ball_device.bd_top_vuk : BCH: Initial count: 0
2022-10-06 08:41:04,355 : INFO : ball_device.bd_top_vuk : State: idle
2022-10-06 08:41:04,355 : INFO : ball_device.bd_right_vuk : BCH: Initial count: 0
2022-10-06 08:41:04,355 : INFO : ball_device.bd_right_vuk : State: idle
2022-10-06 08:41:04,393 : INFO : EventManager : Event: ======'init_phase_3'====== Args={}
2022-10-06 08:41:04,425 : INFO : EventManager : Event: ======'init_phase_4'====== Args={}
2022-10-06 08:41:04,426 : INFO : EventManager : Event: ======'playfield_active'====== Args={}
2022-10-06 08:41:04,426 : INFO : EventManager : Event: ======'unexpected_ball_on_playfield'====== Args={}
2022-10-06 08:41:04,426 : INFO : EventManager : Event: ======'playfield_active'====== Args={}
2022-10-06 08:41:04,426 : INFO : EventManager : Event: ======'unexpected_ball_on_playfield'====== Args={}
2022-10-06 08:41:04,426 : INFO : EventManager : Event: ======'playfield_active'====== Args={}
2022-10-06 08:41:04,426 : INFO : EventManager : Event: ======'unexpected_ball_on_playfield'====== Args={}
2022-10-06 08:41:04,426 : INFO : EventManager : Event: ======'drop_target_mid_mid_down'====== Args={'device': <drop_target.mid_mid>}
2022-10-06 08:41:04,426 : INFO : EventManager : Event: ======'drop_target_bank_mid_mixed'====== Args={'prev_value': <DropTargetBankState.UP: 'up'>, 'down': 1}
2022-10-06 08:41:04,426 : INFO : EventManager : Event: ======'playfield_active'====== Args={}
2022-10-06 08:41:04,426 : INFO : EventManager : Event: ======'unexpected_ball_on_playfield'====== Args={}
2022-10-06 08:41:04,426 : INFO : EventManager : Event: ======'drop_target_mid_left_down'====== Args={'device': <drop_target.mid_left>}
2022-10-06 08:41:04,427 : INFO : EventManager : Event: ======'drop_target_bank_mid_mixed'====== Args={'prev_value': <DropTargetBankState.MIXED: 'mixed'>, 'down': 2}
2022-10-06 08:41:04,427 : INFO : EventManager : Event: ======'playfield_active'====== Args={}
2022-10-06 08:41:04,427 : INFO : EventManager : Event: ======'unexpected_ball_on_playfield'====== Args={}
2022-10-06 08:41:04,427 : INFO : EventManager : Event: ======'drop_target_right_right_down'====== Args={'device': <drop_target.right_right>}
2022-10-06 08:41:04,427 : INFO : EventManager : Event: ======'drop_target_bank_right_mixed'====== Args={'prev_value': <DropTargetBankState.UP: 'up'>, 'down': 1}
2022-10-06 08:41:04,427 : INFO : EventManager : Event: ======'playfield_active'====== Args={}
2022-10-06 08:41:04,427 : INFO : EventManager : Event: ======'unexpected_ball_on_playfield'====== Args={}
2022-10-06 08:41:04,427 : INFO : BallController : Initial balls found: 2
2022-10-06 08:41:04,429 : INFO : EventManager : Event: ======'machine_var_audits_events_game_ended'====== Args={'value': 0, 'prev_value': None, 'change': True}
2022-10-06 08:41:04,429 : INFO : EventManager : Event: ======'machine_var_audits_events_game_started'====== Args={'value': 0, 'prev_value': None, 'change': True}
2022-10-06 08:41:04,429 : INFO : EventManager : Event: ======'machine_var_audits_player_score'====== Args={'value': {'average': 0, 'top': [], 'total': 0}, 'prev_value': None, 'change': True}
2022-10-06 08:41:04,429 : INFO : EventManager : Event: ======'machine_var_audits_switches_s_autolauncher'====== Args={'value': 75, 'prev_value': None, 'change': True}
2022-10-06 08:41:04,430 : INFO : EventManager : Event: ======'machine_var_audits_switches_s_back_pop'====== Args={'value': 0, 'prev_value': None, 'change': True}
2022-10-06 08:41:04,430 : INFO : EventManager : Event: ======'machine_var_audits_switches_s_back_rollover'====== Args={'value': 0, 'prev_value': None, 'change': True}
2022-10-06 08:41:04,430 : INFO : EventManager : Event: ======'machine_var_audits_switches_s_back_stationary'====== Args={'value': 0, 'prev_value': None, 'change': True}
2022-10-06 08:41:04,430 : INFO : EventManager : Event: ======'machine_var_audits_switches_s_bot_back'====== Args={'value': 0, 'prev_value': None, 'change': True}
2022-10-06 08:41:04,430 : INFO : EventManager : Event: ======'machine_var_audits_switches_s_bot_big'====== Args={'value': 1, 'prev_value': None, 'change': True}
2022-10-06 08:41:04,430 : INFO : EventManager : Event: ======'machine_var_audits_switches_s_bot_left'====== Args={'value': 0, 'prev_value': None, 'change': True}
2022-10-06 08:41:04,430 : INFO : EventManager : Event: ======'machine_var_audits_switches_s_bot_right'====== Args={'value': 0, 'prev_value': None, 'change': True}
2022-10-06 08:41:04,430 : INFO : EventManager : Event: ======'machine_var_audits_switches_s_bot_rollover'====== Args={'value': 0, 'prev_value': None, 'change': True}
2022-10-06 08:41:04,431 : INFO : EventManager : Event: ======'machine_var_audits_switches_s_bot_vuk'====== Args={'value': 0, 'prev_value': None, 'change': True}
2022-10-06 08:41:04,431 : INFO : EventManager : Event: ======'machine_var_audits_switches_s_drop_mid_left'====== Args={'value': 63, 'prev_value': None, 'change': True}
2022-10-06 08:41:04,431 : INFO : EventManager : Event: ======'machine_var_audits_switches_s_drop_mid_mid'====== Args={'value': 69, 'prev_value': None, 'change': True}
2022-10-06 08:41:04,431 : INFO : EventManager : Event: ======'machine_var_audits_switches_s_drop_mid_right'====== Args={'value': 5, 'prev_value': None, 'change': True}
2022-10-06 08:41:04,431 : INFO : EventManager : Event: ======'machine_var_audits_switches_s_drop_right_left'====== Args={'value': 20, 'prev_value': None, 'change': True}
2022-10-06 08:41:04,431 : INFO : EventManager : Event: ======'machine_var_audits_switches_s_drop_right_right'====== Args={'value': 39, 'prev_value': None, 'change': True}
2022-10-06 08:41:04,431 : INFO : EventManager : Event: ======'machine_var_audits_switches_s_drop_single'====== Args={'value': 40, 'prev_value': None, 'change': True}
2022-10-06 08:41:04,432 : INFO : EventManager : Event: ======'machine_var_audits_switches_s_eos_left'====== Args={'value': 71, 'prev_value': None, 'change': True}
2022-10-06 08:41:04,432 : INFO : EventManager : Event: ======'machine_var_audits_switches_s_eos_left_top'====== Args={'value': 513, 'prev_value': None, 'change': True}
2022-10-06 08:41:04,432 : INFO : EventManager : Event: ======'machine_var_audits_switches_s_eos_right'====== Args={'value': 96, 'prev_value': None, 'change': True}
2022-10-06 08:41:04,432 : INFO : EventManager : Event: ======'machine_var_audits_switches_s_launch'====== Args={'value': 41, 'prev_value': None, 'change': True}
2022-10-06 08:41:04,432 : INFO : EventManager : Event: ======'machine_var_audits_switches_s_left_flipper'====== Args={'value': 600, 'prev_value': None, 'change': True}
2022-10-06 08:41:04,433 : INFO : EventManager : Event: ======'machine_var_audits_switches_s_left_inlane'====== Args={'value': 14, 'prev_value': None, 'change': True}
2022-10-06 08:41:04,433 : INFO : EventManager : Event: ======'machine_var_audits_switches_s_left_outlane'====== Args={'value': 3, 'prev_value': None, 'change': True}
2022-10-06 08:41:04,433 : INFO : EventManager : Event: ======'machine_var_audits_switches_s_pop_left'====== Args={'value': 115, 'prev_value': None, 'change': True}
2022-10-06 08:41:04,433 : INFO : EventManager : Event: ======'machine_var_audits_switches_s_pop_lower'====== Args={'value': 152, 'prev_value': None, 'change': True}
2022-10-06 08:41:04,433 : INFO : EventManager : Event: ======'machine_var_audits_switches_s_pop_right'====== Args={'value': 133, 'prev_value': None, 'change': True}
2022-10-06 08:41:04,433 : INFO : EventManager : Event: ======'machine_var_audits_switches_s_right_flipper'====== Args={'value': 654, 'prev_value': None, 'change': True}
2022-10-06 08:41:04,434 : INFO : EventManager : Event: ======'machine_var_audits_switches_s_right_inlane'====== Args={'value': 0, 'prev_value': None, 'change': True}
2022-10-06 08:41:04,434 : INFO : EventManager : Event: ======'machine_var_audits_switches_s_right_outlane'====== Args={'value': 44, 'prev_value': None, 'change': True}
2022-10-06 08:41:04,434 : INFO : EventManager : Event: ======'machine_var_audits_switches_s_rollover_left'====== Args={'value': 25, 'prev_value': None, 'change': True}
2022-10-06 08:41:04,434 : INFO : EventManager : Event: ======'machine_var_audits_switches_s_rollover_right'====== Args={'value': 25, 'prev_value': None, 'change': True}
2022-10-06 08:41:04,434 : INFO : EventManager : Event: ======'machine_var_audits_switches_s_sling_left'====== Args={'value': 31, 'prev_value': None, 'change': True}
2022-10-06 08:41:04,435 : INFO : EventManager : Event: ======'machine_var_audits_switches_s_sling_right'====== Args={'value': 66, 'prev_value': None, 'change': True}
2022-10-06 08:41:04,435 : INFO : EventManager : Event: ======'machine_var_audits_switches_s_start'====== Args={'value': 144, 'prev_value': None, 'change': True}
2022-10-06 08:41:04,435 : INFO : EventManager : Event: ======'machine_var_audits_switches_s_tilt'====== Args={'value': 98, 'prev_value': None, 'change': True}
2022-10-06 08:41:04,435 : INFO : EventManager : Event: ======'machine_var_audits_switches_s_transfer_rollover'====== Args={'value': 0, 'prev_value': None, 'change': True}
2022-10-06 08:41:04,435 : INFO : EventManager : Event: ======'machine_var_audits_switches_s_trough_1'====== Args={'value': 57, 'prev_value': None, 'change': True}
2022-10-06 08:41:04,436 : INFO : EventManager : Event: ======'machine_var_audits_switches_s_trough_2'====== Args={'value': 119, 'prev_value': None, 'change': True}
2022-10-06 08:41:04,436 : INFO : EventManager : Event: ======'machine_var_audits_switches_s_trough_3'====== Args={'value': 74, 'prev_value': None, 'change': True}
2022-10-06 08:41:04,436 : INFO : EventManager : Event: ======'machine_var_audits_switches_s_trough_4'====== Args={'value': 74, 'prev_value': None, 'change': True}
2022-10-06 08:41:04,436 : INFO : EventManager : Event: ======'machine_var_audits_switches_s_trough_5'====== Args={'value': 79, 'prev_value': None, 'change': True}
2022-10-06 08:41:04,436 : INFO : EventManager : Event: ======'machine_var_audits_switches_s_trough_6'====== Args={'value': 134, 'prev_value': None, 'change': True}
2022-10-06 08:41:04,437 : INFO : EventManager : Event: ======'machine_var_audits_switches_s_trough_jam'====== Args={'value': 108, 'prev_value': None, 'change': True}
2022-10-06 08:41:04,437 : INFO : EventManager : Event: ======'machine_var_audits_switches_s_upper_drop'====== Args={'value': 0, 'prev_value': None, 'change': True}
2022-10-06 08:41:04,437 : INFO : EventManager : Event: ======'machine_var_audits_switches_s_upper_rollover'====== Args={'value': 0, 'prev_value': None, 'change': True}
2022-10-06 08:41:04,437 : INFO : EventManager : Event: ======'machine_var_audits_switches_s_upper_stationary'====== Args={'value': 0, 'prev_value': None, 'change': True}
2022-10-06 08:41:04,438 : INFO : EventManager : Event: ======'machine_var_audits_switches_s_vuk_back'====== Args={'value': 1, 'prev_value': None, 'change': True}
2022-10-06 08:41:04,438 : INFO : EventManager : Event: ======'machine_var_audits_switches_s_vuk_right'====== Args={'value': 3, 'prev_value': None, 'change': True}
2022-10-06 08:41:04,438 : INFO : EventManager : Event: ======'machine_var_audits_switches_s_vuk_top'====== Args={'value': 8, 'prev_value': None, 'change': True}
2022-10-06 08:41:04,439 : INFO : EventManager : Event: ======'init_phase_5'====== Args={}
2022-10-06 08:41:04,482 : INFO : EventManager : Event: ======'init_done'====== Args={}
2022-10-06 08:41:04,482 : INFO : EventManager : Event: ======'machine_reset_phase_1'====== Args={}
2022-10-06 08:41:04,483 : INFO : EventManager : Event: ======'machine_reset_phase_2'====== Args={}
2022-10-06 08:41:04,484 : INFO : EventManager : Event: ======'machine_reset_phase_3'====== Args={}
2022-10-06 08:41:04,484 : INFO : EventManager : Event: ======'mode_tilt_will_start'====== Args={'queue': <QueuedEvent>}
2022-10-06 08:41:04,484 : INFO : EventManager : Event: ======'mode_tilt_starting'====== Args={'queue': <QueuedEvent>}
2022-10-06 08:41:04,484 : INFO : drop_target_bank.mid : 2 targets are down. Will reset those.
2022-10-06 08:41:04,485 : INFO : coil.c_drop_mid : Pulsing Driver for 50ms (0.7 pulse_power)
2022-10-06 08:41:04,485 : INFO : drop_target_bank.right : 1 targets are down. Will reset those.
2022-10-06 08:41:04,485 : INFO : Mode.tilt : Started. Priority: 1000000
2022-10-06 08:41:04,486 : INFO : EventManager : Event: ======'modes_active_modes_changed'====== Args={}
2022-10-06 08:41:04,486 : INFO : EventManager : Event: ======'mode_tilt_started'====== Args={'queue': <QueuedEvent>}
2022-10-06 08:41:04,486 : INFO : EventManager : Event: ======'reset_complete'====== Args={}
2022-10-06 08:41:04,486 : INFO : EventManager : Event: ======'mode_attract_will_start'====== Args={}
2022-10-06 08:41:04,486 : INFO : EventManager : Event: ======'mode_attract_starting'====== Args={}
2022-10-06 08:41:04,486 : INFO : Mode.attract : Started. Priority: 10
2022-10-06 08:41:04,487 : INFO : EventManager : Event: ======'modes_active_modes_changed'====== Args={}
2022-10-06 08:41:04,487 : INFO : EventManager : Event: ======'mode_attract_started'====== Args={}
2022-10-06 08:41:04,487 : INFO : EventManager : Event: ======'collecting_balls_complete'====== Args={}
2022-10-06 08:41:04,507 : INFO : Machine : Starting the main run loop.
2022-10-06 08:41:04,538 : INFO : coil.c_drop_right : Pulsing Driver for 10ms (1.0 pulse_power)
2022-10-06 08:41:04,570 : INFO : coil.c_drop_right : Pulsing Driver for 10ms (1.0 pulse_power)
2022-10-06 08:41:04,998 : INFO : EventManager : Event: ======'drop_target_bank_mid_mixed'====== Args={'prev_value': <DropTargetBankState.MIXED: 'mixed'>, 'down': 2}
2022-10-06 08:41:04,998 : INFO : EventManager : Event: ======'drop_target_bank_right_mixed'====== Args={'prev_value': <DropTargetBankState.MIXED: 'mixed'>, 'down': 1}
2022-10-06 08:41:13,303 : INFO : SwitchController : <<<<<<< 's_left_flipper' active >>>>>>>
2022-10-06 08:41:13,303 : INFO : SwitchController : <<<<<<< 's_left_flipper' inactive >>>>>>>
2022-10-06 08:41:13,334 : INFO : SwitchController : <<<<<<< 's_left_flipper' active >>>>>>>
2022-10-06 08:41:13,349 : INFO : SwitchController : <<<<<<< 's_eos_left_top' active >>>>>>>
2022-10-06 08:41:13,381 : INFO : SwitchController : <<<<<<< 's_left_flipper' inactive >>>>>>>
2022-10-06 08:41:13,444 : INFO : SwitchController : <<<<<<< 's_left_flipper' active >>>>>>>
2022-10-06 08:41:13,647 : INFO : SwitchController : <<<<<<< 's_left_flipper' inactive >>>>>>>
2022-10-06 08:41:13,771 : INFO : SwitchController : <<<<<<< 's_eos_left_top' inactive >>>>>>>
2022-10-06 08:41:13,801 : INFO : SwitchController : <<<<<<< 's_left_flipper' active >>>>>>>
2022-10-06 08:41:13,832 : INFO : SwitchController : <<<<<<< 's_eos_left_top' active >>>>>>>
2022-10-06 08:41:13,832 : INFO : SwitchController : <<<<<<< 's_left_flipper' inactive >>>>>>>
2022-10-06 08:41:13,837 : INFO : SwitchController : <<<<<<< 's_left_flipper' active >>>>>>>
2022-10-06 08:41:13,895 : INFO : SwitchController : <<<<<<< 's_left_flipper' inactive >>>>>>>
2022-10-06 08:41:13,914 : INFO : SwitchController : <<<<<<< 's_left_flipper' active >>>>>>>
2022-10-06 08:41:13,914 : INFO : SwitchController : <<<<<<< 's_left_flipper' inactive >>>>>>>
2022-10-06 08:41:14,021 : INFO : SwitchController : <<<<<<< 's_eos_left_top' inactive >>>>>>>
2022-10-06 08:41:20,141 : INFO : SwitchController : <<<<<<< 's_left_flipper' active >>>>>>>
2022-10-06 08:41:20,172 : INFO : SwitchController : <<<<<<< 's_eos_left_top' active >>>>>>>
2022-10-06 08:41:20,172 : INFO : SwitchController : <<<<<<< 's_trough_6' active >>>>>>>
2022-10-06 08:41:21,358 : INFO : SwitchController : <<<<<<< 's_left_flipper' inactive >>>>>>>
2022-10-06 08:41:21,452 : INFO : SwitchController : <<<<<<< 's_eos_left_top' inactive >>>>>>>
2022-10-06 08:41:22,216 : INFO : SwitchController : <<<<<<< 's_left_flipper' active >>>>>>>
2022-10-06 08:41:22,234 : INFO : SwitchController : <<<<<<< 's_eos_left_top' active >>>>>>>
2022-10-06 08:41:22,371 : INFO : SwitchController : <<<<<<< 's_left_flipper' inactive >>>>>>>
2022-10-06 08:41:22,479 : INFO : SwitchController : <<<<<<< 's_eos_left_top' inactive >>>>>>>
2022-10-06 08:41:29,194 : INFO : SwitchController : <<<<<<< 's_trough_6' inactive >>>>>>>
2022-10-06 08:41:30,222 : INFO : SwitchController : <<<<<<< 's_right_flipper' active >>>>>>>
2022-10-06 08:41:30,998 : INFO : SwitchController : <<<<<<< 's_right_flipper' inactive >>>>>>>
2022-10-06 08:41:31,387 : INFO : SwitchController : <<<<<<< 's_pop_left' active >>>>>>>
2022-10-06 08:41:31,527 : INFO : SwitchController : <<<<<<< 's_pop_left' inactive >>>>>>>
2022-10-06 08:41:31,699 : INFO : SwitchController : <<<<<<< 's_pop_left' active >>>>>>>
2022-10-06 08:41:31,947 : INFO : SwitchController : <<<<<<< 's_pop_left' inactive >>>>>>>
2022-10-06 08:41:32,801 : INFO : SwitchController : <<<<<<< 's_pop_lower' active >>>>>>>
2022-10-06 08:41:32,848 : INFO : SwitchController : <<<<<<< 's_pop_lower' inactive >>>>>>>
2022-10-06 08:41:34,039 : INFO : SwitchController : <<<<<<< 's_start' active >>>>>>>
2022-10-06 08:41:34,225 : INFO : SwitchController : <<<<<<< 's_start' inactive >>>>>>>
2022-10-06 08:41:34,225 : INFO : EventManager : Event: ======'request_to_start_game'====== Args={}
2022-10-06 08:41:34,225 : INFO : EventManager : Event: ======'game_start'====== Args={'buttons': [], 'hold_time': 0.18699999999989814}
2022-10-06 08:41:34,225 : INFO : EventManager : Event: ======'mode_game_will_start'====== Args={'buttons': [], 'hold_time': 0.18699999999989814}
2022-10-06 08:41:34,225 : INFO : EventManager : Event: ======'mode_game_starting'====== Args={'buttons': [], 'hold_time': 0.18699999999989814}
2022-10-06 08:41:34,225 : INFO : EventManager : Event: ======'mode_attract_will_stop'====== Args={}
2022-10-06 08:41:34,225 : INFO : EventManager : Event: ======'mode_attract_stopping'====== Args={}
2022-10-06 08:41:34,225 : INFO : Mode.attract : Stopped.
2022-10-06 08:41:34,225 : INFO : EventManager : Event: ======'modes_active_modes_changed'====== Args={}
2022-10-06 08:41:34,226 : INFO : EventManager : Event: ======'mode_attract_stopped'====== Args={}
2022-10-06 08:41:34,226 : INFO : EventManager : Event: ======'clear'====== Args={'key': 'attract'}
2022-10-06 08:41:34,226 : INFO : Mode.game : Started. Priority: 20
2022-10-06 08:41:34,226 : INFO : EventManager : Event: ======'modes_active_modes_changed'====== Args={}
2022-10-06 08:41:34,226 : INFO : EventManager : Event: ======'mode_game_started'====== Args={'buttons': [], 'hold_time': 0.18699999999989814}
2022-10-06 08:41:34,230 : INFO : EventManager : Event: ======'game_will_start'====== Args={}
2022-10-06 08:41:34,231 : INFO : EventManager : Event: ======'game_starting'====== Args={'game': <Mode.game>}
2022-10-06 08:41:34,232 : INFO : EventManager : Event: ======'player_add_request'====== Args={}
2022-10-06 08:41:34,232 : INFO : EventManager : Event: ======'player_will_add'====== Args={'number': 1}
2022-10-06 08:41:34,232 : INFO : EventManager : Event: ======'player_adding'====== Args={'player': <Player 1>, 'number': 1}
2022-10-06 08:41:34,232 : INFO : EventManager : Event: ======'player_added'====== Args={'player': <Player 1>, 'num': 1}
2022-10-06 08:41:34,232 : INFO : Mode.game : Player added successfully. Total players: 1
2022-10-06 08:41:34,232 : INFO : EventManager : Event: ======'player_index'====== Args={'value': 0, 'prev_value': 0, 'change': 0, 'player_num': 1}
2022-10-06 08:41:34,232 : INFO : EventManager : Event: ======'player_number'====== Args={'value': 1, 'prev_value': 1, 'change': 0, 'player_num': 1}
2022-10-06 08:41:34,232 : INFO : EventManager : Event: ======'player_score'====== Args={'value': 0, 'prev_value': 0, 'change': 0, 'player_num': 1}
2022-10-06 08:41:34,232 : INFO : EventManager : Event: ======'game_started'====== Args={}
2022-10-06 08:41:34,245 : INFO : EventManager : Event: ======'player_turn_will_start'====== Args={'player': <Player 1>, 'number': 1}
2022-10-06 08:41:34,246 : INFO : EventManager : Event: ======'player_turn_starting'====== Args={'player': <Player 1>, 'number': 1}
2022-10-06 08:41:34,246 : INFO : EventManager : Event: ======'player_ball'====== Args={'value': 1, 'prev_value': 0, 'change': 1, 'player_num': 1}
2022-10-06 08:41:34,246 : INFO : EventManager : Event: ======'player_turn_started'====== Args={'player': <Player 1>, 'number': 1}
2022-10-06 08:41:34,246 : INFO : EventManager : Event: ======'ball_will_start'====== Args={'player': 1, 'ball': 1, 'balls_remaining': 2, 'is_extra_ball': False}
2022-10-06 08:41:34,249 : INFO : EventManager : Event: ======'ball_starting'====== Args={'player': 1, 'ball': 1, 'balls_remaining': 2, 'is_extra_ball': False}
2022-10-06 08:41:34,250 : INFO : EventManager : Event: ======'mode_base_will_start'====== Args={'queue': <QueuedEvent>, 'player': 1, 'ball': 1, 'balls_remaining': 2, 'is_extra_ball': False}
2022-10-06 08:41:34,250 : INFO : EventManager : Event: ======'mode_base_starting'====== Args={'queue': <QueuedEvent>, 'player': 1, 'ball': 1, 'balls_remaining': 2, 'is_extra_ball': False}
2022-10-06 08:41:34,250 : INFO : drop_target_bank.mid : 2 targets are down. Will reset those.
2022-10-06 08:41:34,250 : INFO : coil.c_drop_mid : Pulsing Driver for 50ms (0.7 pulse_power)
2022-10-06 08:41:34,250 : INFO : drop_target_bank.right : 1 targets are down. Will reset those.
2022-10-06 08:41:34,250 : INFO : Mode.base : Started. Priority: 100
2022-10-06 08:41:34,251 : INFO : EventManager : Event: ======'modes_active_modes_changed'====== Args={}
2022-10-06 08:41:34,251 : INFO : EventManager : Event: ======'mode_base_started'====== Args={'queue': <QueuedEvent>, 'player': 1, 'ball': 1, 'balls_remaining': 2, 'is_extra_ball': False}
2022-10-06 08:41:34,251 : INFO : EventManager : Event: ======'balls_in_play'====== Args={'balls': 1}
2022-10-06 08:41:34,251 : INFO : EventManager : Event: ======'ball_started'====== Args={'player': 1, 'ball': 1, 'balls_remaining': 2, 'is_extra_ball': False}
2022-10-06 08:41:34,268 : INFO : EventManager : Event: ======'single_player_ball_started'====== Args={}
2022-10-06 08:41:34,268 : INFO : EventManager : Event: ======'ball_start_target'====== Args={'target': 'playfield'}
2022-10-06 08:41:34,268 : INFO : ball_device.bd_plunger : Setting up player-controlled eject. Balls: 1, Target: <playfield.playfield>, player_controlled_eject_event: s_launch_active
2022-10-06 08:41:34,268 : INFO : EventManager : Event: ======'balldevice_balls_available'====== Args={}
2022-10-06 08:41:34,269 : INFO : ball_device.bd_trough : State: waiting_for_target_ready
2022-10-06 08:41:34,269 : INFO : EventManager : Event: ======'balldevice_bd_trough_ball_eject_attempt'====== Args={'balls': 1, 'target': <ball_device.bd_plunger>, 'source': <ball_device.bd_trough>, 'mechanical_eject': True, 'num_attempts': 0}
2022-10-06 08:41:34,269 : INFO : ball_device.bd_plunger : State: waiting_for_ball
2022-10-06 08:41:34,269 : INFO : ball_device.bd_top_vuk : State: waiting_for_ball
2022-10-06 08:41:34,270 : INFO : ball_device.bd_trough : State: ejecting
2022-10-06 08:41:34,270 : INFO : ball_device.bd_trough : Ejecting ball to <ball_device.bd_plunger>
2022-10-06 08:41:34,270 : INFO : EventManager : Event: ======'balldevice_bd_trough_ejecting_ball'====== Args={'balls': 1, 'target': <ball_device.bd_plunger>, 'source': <ball_device.bd_trough>, 'mechanical_eject': True, 'num_attempts': 0}
2022-10-06 08:41:34,271 : INFO : ball_device.bd_trough : Wait for ball to leave device
2022-10-06 08:41:34,304 : INFO : coil.c_drop_right : Pulsing Driver for 10ms (1.0 pulse_power)
2022-10-06 08:41:34,320 : INFO : SwitchController : <<<<<<< 's_drop_mid_left' inactive >>>>>>>
2022-10-06 08:41:34,339 : INFO : coil.c_drop_right : Pulsing Driver for 10ms (1.0 pulse_power)
2022-10-06 08:41:34,339 : INFO : SwitchController : <<<<<<< 's_drop_mid_mid' inactive >>>>>>>
2022-10-06 08:41:34,339 : INFO : SwitchController : <<<<<<< 's_drop_right_right' inactive >>>>>>>
2022-10-06 08:41:34,351 : INFO : coil.c_trough : Pulsing Driver for 25ms (0.8 pulse_power)
2022-10-06 08:41:34,462 : INFO : SwitchController : <<<<<<< 's_drop_right_right' active >>>>>>>
2022-10-06 08:41:34,462 : INFO : EventManager : Event: ======'machine_var_audits_switches_s_drop_right_right'====== Args={'value': 40, 'prev_value': 39, 'change': 1}
2022-10-06 08:41:34,745 : INFO : EventManager : Event: ======'drop_target_mid_left_up'====== Args={'device': <drop_target.mid_left>}
2022-10-06 08:41:34,745 : INFO : EventManager : Event: ======'drop_target_mid_mid_up'====== Args={'device': <drop_target.mid_mid>}
2022-10-06 08:41:34,745 : INFO : EventManager : Event: ======'drop_target_bank_mid_up'====== Args={}
2022-10-06 08:41:34,745 : INFO : EventManager : Event: ======'drop_target_bank_right_mixed'====== Args={'prev_value': <DropTargetBankState.MIXED: 'mixed'>, 'down': 1}
2022-10-06 08:41:36,491 : INFO : SwitchController : <<<<<<< 's_right_flipper' active >>>>>>>
2022-10-06 08:41:36,491 : INFO : EventManager : Event: ======'machine_var_audits_switches_s_right_flipper'====== Args={'value': 655, 'prev_value': 654, 'change': 1}
2022-10-06 08:41:37,130 : INFO : SwitchController : <<<<<<< 's_right_flipper' inactive >>>>>>>
2022-10-06 08:41:38,377 : INFO : SwitchController : <<<<<<< 's_left_flipper' active >>>>>>>
2022-10-06 08:41:38,377 : INFO : EventManager : Event: ======'machine_var_audits_switches_s_left_flipper'====== Args={'value': 601, 'prev_value': 600, 'change': 1}
2022-10-06 08:41:38,408 : INFO : SwitchController : <<<<<<< 's_eos_left_top' active >>>>>>>
2022-10-06 08:41:38,408 : INFO : EventManager : Event: ======'machine_var_audits_switches_s_eos_left_top'====== Args={'value': 514, 'prev_value': 513, 'change': 1}
2022-10-06 08:41:38,408 : INFO : SwitchController : <<<<<<< 's_trough_6' active >>>>>>>
2022-10-06 08:41:38,409 : INFO : EventManager : Event: ======'machine_var_audits_switches_s_trough_6'====== Args={'value': 135, 'prev_value': 134, 'change': 1}
2022-10-06 08:41:38,428 : INFO : SwitchController : <<<<<<< 's_trough_6' inactive >>>>>>>
2022-10-06 08:41:39,173 : INFO : SwitchController : <<<<<<< 's_left_flipper' inactive >>>>>>>
2022-10-06 08:41:39,265 : INFO : SwitchController : <<<<<<< 's_eos_left_top' inactive >>>>>>>
2022-10-06 08:41:39,963 : INFO : SwitchController : <<<<<<< 's_trough_6' active >>>>>>>
2022-10-06 08:41:39,963 : INFO : EventManager : Event: ======'machine_var_audits_switches_s_trough_6'====== Args={'value': 136, 'prev_value': 135, 'change': 1}
2022-10-06 08:41:40,087 : INFO : SwitchController : <<<<<<< 's_trough_6' inactive >>>>>>>
2022-10-06 08:41:40,150 : INFO : SwitchController : <<<<<<< 's_trough_5' active >>>>>>>
2022-10-06 08:41:40,150 : INFO : EventManager : Event: ======'machine_var_audits_switches_s_trough_5'====== Args={'value': 80, 'prev_value': 79, 'change': 1}
2022-10-06 08:41:40,243 : INFO : SwitchController : <<<<<<< 's_trough_5' inactive >>>>>>>
2022-10-06 08:41:40,289 : INFO : SwitchController : <<<<<<< 's_trough_4' active >>>>>>>
2022-10-06 08:41:40,289 : INFO : EventManager : Event: ======'machine_var_audits_switches_s_trough_4'====== Args={'value': 75, 'prev_value': 74, 'change': 1}
2022-10-06 08:41:40,367 : INFO : SwitchController : <<<<<<< 's_trough_4' inactive >>>>>>>
2022-10-06 08:41:40,428 : INFO : SwitchController : <<<<<<< 's_trough_3' active >>>>>>>
2022-10-06 08:41:40,428 : INFO : EventManager : Event: ======'machine_var_audits_switches_s_trough_3'====== Args={'value': 75, 'prev_value': 74, 'change': 1}
2022-10-06 08:41:40,475 : INFO : SwitchController : <<<<<<< 's_trough_3' inactive >>>>>>>
2022-10-06 08:41:40,538 : INFO : SwitchController : <<<<<<< 's_trough_2' active >>>>>>>
2022-10-06 08:41:40,538 : INFO : EventManager : Event: ======'machine_var_audits_switches_s_trough_2'====== Args={'value': 120, 'prev_value': 119, 'change': 1}
2022-10-06 08:41:40,601 : INFO : SwitchController : <<<<<<< 's_trough_2' inactive >>>>>>>
2022-10-06 08:41:41,349 : INFO : SwitchController : <<<<<<< 's_left_flipper' active >>>>>>>
2022-10-06 08:41:41,349 : INFO : EventManager : Event: ======'machine_var_audits_switches_s_left_flipper'====== Args={'value': 602, 'prev_value': 601, 'change': 1}
2022-10-06 08:41:41,381 : INFO : SwitchController : <<<<<<< 's_eos_left_top' active >>>>>>>
2022-10-06 08:41:41,381 : INFO : EventManager : Event: ======'machine_var_audits_switches_s_eos_left_top'====== Args={'value': 515, 'prev_value': 514, 'change': 1}
2022-10-06 08:41:41,381 : INFO : SwitchController : <<<<<<< 's_trough_6' active >>>>>>>
2022-10-06 08:41:41,381 : INFO : EventManager : Event: ======'machine_var_audits_switches_s_trough_6'====== Args={'value': 137, 'prev_value': 136, 'change': 1}
2022-10-06 08:41:41,382 : INFO : SwitchController : <<<<<<< 's_trough_6' inactive >>>>>>>
2022-10-06 08:41:41,382 : INFO : SwitchController : <<<<<<< 's_trough_6' active >>>>>>>
2022-10-06 08:41:41,382 : INFO : EventManager : Event: ======'machine_var_audits_switches_s_trough_6'====== Args={'value': 138, 'prev_value': 137, 'change': 1}
2022-10-06 08:41:41,412 : INFO : SwitchController : <<<<<<< 's_right_flipper' active >>>>>>>
2022-10-06 08:41:41,412 : INFO : EventManager : Event: ======'flipper_cancel'====== Args={'triggering_group': 2, 'triggering_switch': 's_right_flipper'}
2022-10-06 08:41:41,412 : INFO : EventManager : Event: ======'machine_var_audits_switches_s_right_flipper'====== Args={'value': 656, 'prev_value': 655, 'change': 1}
2022-10-06 08:41:41,413 : INFO : SwitchController : <<<<<<< 's_right_flipper' inactive >>>>>>>
2022-10-06 08:41:41,413 : INFO : EventManager : Event: ======'both_flippers_one'====== Args={'triggering_group': 2, 'triggering_switch': 's_right_flipper'}
2022-10-06 08:41:41,434 : INFO : SwitchController : <<<<<<< 's_right_flipper' active >>>>>>>
2022-10-06 08:41:41,435 : INFO : EventManager : Event: ======'flipper_cancel'====== Args={'triggering_group': 2, 'triggering_switch': 's_right_flipper'}
2022-10-06 08:41:41,435 : INFO : EventManager : Event: ======'machine_var_audits_switches_s_right_flipper'====== Args={'value': 657, 'prev_value': 656, 'change': 1}
2022-10-06 08:41:41,435 : INFO : SwitchController : <<<<<<< 's_trough_6' inactive >>>>>>>
2022-10-06 08:41:41,435 : INFO : SwitchController : <<<<<<< 's_trough_6' active >>>>>>>
2022-10-06 08:41:41,435 : INFO : EventManager : Event: ======'machine_var_audits_switches_s_trough_6'====== Args={'value': 139, 'prev_value': 138, 'change': 1}
2022-10-06 08:41:41,599 : INFO : SwitchController : <<<<<<< 's_left_flipper' inactive >>>>>>>
2022-10-06 08:41:41,599 : INFO : EventManager : Event: ======'both_flippers_one'====== Args={'triggering_group': 1, 'triggering_switch': 's_left_flipper'}
2022-10-06 08:41:41,623 : INFO : SwitchController : <<<<<<< 's_right_flipper' inactive >>>>>>>
2022-10-06 08:41:41,623 : INFO : EventManager : Event: ======'both_flippers_inactive'====== Args={'triggering_group': 2, 'triggering_switch': 's_right_flipper'}
2022-10-06 08:41:41,709 : INFO : SwitchController : <<<<<<< 's_eos_left_top' inactive >>>>>>>
2022-10-06 08:41:42,893 : INFO : SwitchController : <<<<<<< 's_start' active >>>>>>>
2022-10-06 08:41:42,893 : INFO : EventManager : Event: ======'sw_start'====== Args={}
2022-10-06 08:41:42,893 : INFO : EventManager : Event: ======'machine_var_audits_switches_s_start'====== Args={'value': 145, 'prev_value': 144, 'change': 1}
2022-10-06 08:41:42,894 : INFO : EventManager : Event: ======'player_add_request'====== Args={}
2022-10-06 08:41:42,894 : INFO : EventManager : Event: ======'player_will_add'====== Args={'number': 2}
2022-10-06 08:41:42,894 : INFO : EventManager : Event: ======'player_adding'====== Args={'player': <Player 2>, 'number': 2}
2022-10-06 08:41:42,894 : INFO : EventManager : Event: ======'player_added'====== Args={'player': <Player 2>, 'num': 2}
2022-10-06 08:41:42,894 : INFO : Mode.game : Player added successfully. Total players: 2
2022-10-06 08:41:42,894 : INFO : EventManager : Event: ======'multiplayer_game'====== Args={}
2022-10-06 08:41:42,894 : INFO : EventManager : Event: ======'player_index'====== Args={'value': 1, 'prev_value': 1, 'change': 0, 'player_num': 2}
2022-10-06 08:41:42,894 : INFO : EventManager : Event: ======'player_number'====== Args={'value': 2, 'prev_value': 2, 'change': 0, 'player_num': 2}
2022-10-06 08:41:42,894 : INFO : EventManager : Event: ======'player_score'====== Args={'value': 0, 'prev_value': 0, 'change': 0, 'player_num': 2}
2022-10-06 08:41:43,110 : INFO : SwitchController : <<<<<<< 's_start' inactive >>>>>>>
2022-10-06 08:41:44,279 : INFO : EventManager : Event: ======'balldevice_bd_trough_ball_eject_failed'====== Args={'target': <ball_device.bd_plunger>, 'balls': 1, 'retry': True, 'num_attempts': 1}
2022-10-06 08:41:44,280 : INFO : ball_device.bd_trough : State: waiting_for_target_ready
2022-10-06 08:41:44,280 : INFO : EventManager : Event: ======'balldevice_bd_trough_ball_eject_attempt'====== Args={'balls': 1, 'target': <ball_device.bd_plunger>, 'source': <ball_device.bd_trough>, 'mechanical_eject': True, 'num_attempts': 1}
2022-10-06 08:41:44,280 : INFO : ball_device.bd_trough : State: ejecting
2022-10-06 08:41:44,281 : INFO : ball_device.bd_trough : Ejecting ball to <ball_device.bd_plunger>
2022-10-06 08:41:44,281 : INFO : EventManager : Event: ======'balldevice_bd_trough_ejecting_ball'====== Args={'balls': 1, 'target': <ball_device.bd_plunger>, 'source': <ball_device.bd_trough>, 'mechanical_eject': True, 'num_attempts': 1}
2022-10-06 08:41:44,281 : INFO : ball_device.bd_trough : Wait for ball to leave device
2022-10-06 08:41:44,281 : INFO : coil.c_trough : Pulsing Driver for 25ms (0.8 pulse_power)
2022-10-06 08:41:44,343 : INFO : SwitchController : <<<<<<< 's_trough_6' inactive >>>>>>>
2022-10-06 08:41:50,073 : INFO : SwitchController : <<<<<<< 's_right_flipper' active >>>>>>>
2022-10-06 08:41:50,073 : INFO : EventManager : Event: ======'machine_var_audits_switches_s_right_flipper'====== Args={'value': 658, 'prev_value': 657, 'change': 1}
2022-10-06 08:41:50,259 : INFO : SwitchController : <<<<<<< 's_drop_mid_mid' active >>>>>>>
2022-10-06 08:41:50,259 : INFO : EventManager : Event: ======'playfield_active'====== Args={}
2022-10-06 08:41:50,259 : INFO : EventManager : Event: ======'unexpected_ball_on_playfield'====== Args={}
2022-10-06 08:41:50,259 : INFO : EventManager : Event: ======'drop_target_mid_mid_down'====== Args={'device': <drop_target.mid_mid>}
2022-10-06 08:41:50,259 : INFO : EventManager : Event: ======'drop_target_bank_mid_mixed'====== Args={'prev_value': <DropTargetBankState.UP: 'up'>, 'down': 1}
2022-10-06 08:41:50,259 : INFO : EventManager : Event: ======'machine_var_audits_switches_s_drop_mid_mid'====== Args={'value': 70, 'prev_value': 69, 'change': 1}
2022-10-06 08:41:50,278 : INFO : SwitchController : <<<<<<< 's_drop_mid_left' active >>>>>>>
2022-10-06 08:41:50,278 : INFO : EventManager : Event: ======'playfield_active'====== Args={}
2022-10-06 08:41:50,278 : INFO : EventManager : Event: ======'unexpected_ball_on_playfield'====== Args={}
2022-10-06 08:41:50,278 : INFO : EventManager : Event: ======'drop_target_mid_left_down'====== Args={'device': <drop_target.mid_left>}
2022-10-06 08:41:50,278 : INFO : EventManager : Event: ======'drop_target_bank_mid_mixed'====== Args={'prev_value': <DropTargetBankState.MIXED: 'mixed'>, 'down': 2}
2022-10-06 08:41:50,278 : INFO : EventManager : Event: ======'machine_var_audits_switches_s_drop_mid_left'====== Args={'value': 64, 'prev_value': 63, 'change': 1}
2022-10-06 08:41:50,366 : INFO : SwitchController : <<<<<<< 's_left_flipper' active >>>>>>>
2022-10-06 08:41:50,366 : INFO : EventManager : Event: ======'flipper_cancel'====== Args={'triggering_group': 1, 'triggering_switch': 's_left_flipper'}
2022-10-06 08:41:50,366 : INFO : EventManager : Event: ======'machine_var_audits_switches_s_left_flipper'====== Args={'value': 603, 'prev_value': 602, 'change': 1}
2022-10-06 08:41:50,385 : INFO : SwitchController : <<<<<<< 's_eos_left_top' active >>>>>>>
2022-10-06 08:41:50,385 : INFO : EventManager : Event: ======'machine_var_audits_switches_s_eos_left_top'====== Args={'value': 516, 'prev_value': 515, 'change': 1}
2022-10-06 08:41:50,429 : INFO : SwitchController : <<<<<<< 's_sling_right' active >>>>>>>
2022-10-06 08:41:50,429 : INFO : EventManager : Event: ======'playfield_active'====== Args={}
2022-10-06 08:41:50,429 : INFO : EventManager : Event: ======'unexpected_ball_on_playfield'====== Args={}
2022-10-06 08:41:50,429 : INFO : EventManager : Event: ======'machine_var_audits_switches_s_sling_right'====== Args={'value': 67, 'prev_value': 66, 'change': 1}
2022-10-06 08:41:50,448 : INFO : SwitchController : <<<<<<< 's_sling_right' inactive >>>>>>>
2022-10-06 08:41:50,603 : INFO : SwitchController : <<<<<<< 's_right_flipper' inactive >>>>>>>
2022-10-06 08:41:50,603 : INFO : EventManager : Event: ======'both_flippers_one'====== Args={'triggering_group': 2, 'triggering_switch': 's_right_flipper'}
2022-10-06 08:41:50,624 : INFO : SwitchController : <<<<<<< 's_pop_lower' active >>>>>>>
2022-10-06 08:41:50,624 : INFO : EventManager : Event: ======'playfield_active'====== Args={}
2022-10-06 08:41:50,624 : INFO : EventManager : Event: ======'unexpected_ball_on_playfield'====== Args={}
2022-10-06 08:41:50,624 : INFO : EventManager : Event: ======'machine_var_audits_switches_s_pop_lower'====== Args={'value': 153, 'prev_value': 152, 'change': 1}
2022-10-06 08:41:50,638 : INFO : SwitchController : <<<<<<< 's_pop_lower' inactive >>>>>>>
2022-10-06 08:41:50,837 : INFO : SwitchController : <<<<<<< 's_left_flipper' inactive >>>>>>>
2022-10-06 08:41:50,837 : INFO : EventManager : Event: ======'both_flippers_inactive'====== Args={'triggering_group': 1, 'triggering_switch': 's_left_flipper'}
2022-10-06 08:41:50,930 : INFO : SwitchController : <<<<<<< 's_eos_left_top' inactive >>>>>>>
2022-10-06 08:41:51,788 : INFO : SwitchController : <<<<<<< 's_right_outlane' active >>>>>>>
2022-10-06 08:41:51,788 : INFO : EventManager : Event: ======'sw_playfield_active'====== Args={}
2022-10-06 08:41:51,788 : INFO : EventManager : Event: ======'machine_var_audits_switches_s_right_outlane'====== Args={'value': 45, 'prev_value': 44, 'change': 1}
2022-10-06 08:41:51,789 : INFO : EventManager : Event: ======'playfield_active'====== Args={}
2022-10-06 08:41:51,789 : INFO : EventManager : Event: ======'unexpected_ball_on_playfield'====== Args={}
2022-10-06 08:41:51,883 : INFO : SwitchController : <<<<<<< 's_right_outlane' inactive >>>>>>>
2022-10-06 08:41:52,384 : INFO : SwitchController : <<<<<<< 's_right_flipper' active >>>>>>>
2022-10-06 08:41:52,384 : INFO : EventManager : Event: ======'machine_var_audits_switches_s_right_flipper'====== Args={'value': 659, 'prev_value': 658, 'change': 1}
2022-10-06 08:41:52,868 : INFO : SwitchController : <<<<<<< 's_right_flipper' inactive >>>>>>>
2022-10-06 08:41:54,254 : INFO : SwitchController : <<<<<<< 's_left_flipper' active >>>>>>>
2022-10-06 08:41:54,254 : INFO : EventManager : Event: ======'machine_var_audits_switches_s_left_flipper'====== Args={'value': 604, 'prev_value': 603, 'change': 1}
2022-10-06 08:41:54,274 : INFO : SwitchController : <<<<<<< 's_eos_left_top' active >>>>>>>
2022-10-06 08:41:54,274 : INFO : EventManager : Event: ======'machine_var_audits_switches_s_eos_left_top'====== Args={'value': 517, 'prev_value': 516, 'change': 1}
2022-10-06 08:41:54,288 : INFO : EventManager : Event: ======'balldevice_bd_trough_ball_eject_failed'====== Args={'target': <ball_device.bd_plunger>, 'balls': 1, 'retry': True, 'num_attempts': 2}
2022-10-06 08:41:54,289 : INFO : ball_device.bd_trough : State: waiting_for_target_ready
2022-10-06 08:41:54,289 : INFO : EventManager : Event: ======'balldevice_bd_trough_ball_eject_attempt'====== Args={'balls': 1, 'target': <ball_device.bd_plunger>, 'source': <ball_device.bd_trough>, 'mechanical_eject': True, 'num_attempts': 2}
2022-10-06 08:41:54,290 : INFO : ball_device.bd_trough : State: ejecting
2022-10-06 08:41:54,290 : INFO : ball_device.bd_trough : Ejecting ball to <ball_device.bd_plunger>
2022-10-06 08:41:54,290 : INFO : EventManager : Event: ======'balldevice_bd_trough_ejecting_ball'====== Args={'balls': 1, 'target': <ball_device.bd_plunger>, 'source': <ball_device.bd_trough>, 'mechanical_eject': True, 'num_attempts': 2}
2022-10-06 08:41:54,290 : INFO : ball_device.bd_trough : Wait for ball to leave device
2022-10-06 08:41:54,301 : INFO : coil.c_trough : Pulsing Driver for 25ms (0.8 pulse_power)
2022-10-06 08:41:54,349 : INFO : SwitchController : <<<<<<< 's_trough_5' active >>>>>>>
2022-10-06 08:41:54,349 : INFO : EventManager : Event: ======'machine_var_audits_switches_s_trough_5'====== Args={'value': 81, 'prev_value': 80, 'change': 1}
2022-10-06 08:41:54,349 : INFO : SwitchController : <<<<<<< 's_trough_2' active >>>>>>>
2022-10-06 08:41:54,349 : INFO : EventManager : Event: ======'machine_var_audits_switches_s_trough_2'====== Args={'value': 121, 'prev_value': 120, 'change': 1}
2022-10-06 08:41:54,350 : INFO : SwitchController : <<<<<<< 's_trough_5' inactive >>>>>>>
2022-10-06 08:41:54,350 : INFO : SwitchController : <<<<<<< 's_trough_2' inactive >>>>>>>
2022-10-06 08:41:54,752 : INFO : SwitchController : <<<<<<< 's_left_flipper' inactive >>>>>>>
2022-10-06 08:41:54,844 : INFO : SwitchController : <<<<<<< 's_eos_left_top' inactive >>>>>>>
2022-10-06 08:41:55,030 : INFO : SwitchController : <<<<<<< 's_left_flipper' active >>>>>>>
2022-10-06 08:41:55,030 : INFO : EventManager : Event: ======'machine_var_audits_switches_s_left_flipper'====== Args={'value': 605, 'prev_value': 604, 'change': 1}
2022-10-06 08:41:55,050 : INFO : SwitchController : <<<<<<< 's_left_flipper' inactive >>>>>>>
2022-10-06 08:41:55,050 : INFO : SwitchController : <<<<<<< 's_left_flipper' active >>>>>>>
2022-10-06 08:41:55,050 : INFO : EventManager : Event: ======'machine_var_audits_switches_s_left_flipper'====== Args={'value': 606, 'prev_value': 605, 'change': 1}
2022-10-06 08:41:55,051 : INFO : SwitchController : <<<<<<< 's_eos_left_top' active >>>>>>>
2022-10-06 08:41:55,051 : INFO : EventManager : Event: ======'machine_var_audits_switches_s_eos_left_top'====== Args={'value': 518, 'prev_value': 517, 'change': 1}
2022-10-06 08:41:55,641 : INFO : SwitchController : <<<<<<< 's_pop_lower' active >>>>>>>
2022-10-06 08:41:55,641 : INFO : EventManager : Event: ======'playfield_active'====== Args={}
2022-10-06 08:41:55,641 : INFO : EventManager : Event: ======'unexpected_ball_on_playfield'====== Args={}
2022-10-06 08:41:55,641 : INFO : EventManager : Event: ======'machine_var_audits_switches_s_pop_lower'====== Args={'value': 154, 'prev_value': 153, 'change': 1}
2022-10-06 08:41:55,645 : INFO : SwitchController : <<<<<<< 's_pop_lower' inactive >>>>>>>
2022-10-06 08:41:55,809 : INFO : SwitchController : <<<<<<< 's_left_flipper' inactive >>>>>>>
2022-10-06 08:41:55,918 : INFO : SwitchController : <<<<<<< 's_eos_left_top' inactive >>>>>>>
2022-10-06 08:41:56,198 : INFO : SwitchController : <<<<<<< 's_left_flipper' active >>>>>>>
2022-10-06 08:41:56,198 : INFO : EventManager : Event: ======'machine_var_audits_switches_s_left_flipper'====== Args={'value': 607, 'prev_value': 606, 'change': 1}
2022-10-06 08:41:56,229 : INFO : SwitchController : <<<<<<< 's_eos_left_top' active >>>>>>>
2022-10-06 08:41:56,229 : INFO : EventManager : Event: ======'machine_var_audits_switches_s_eos_left_top'====== Args={'value': 519, 'prev_value': 518, 'change': 1}
2022-10-06 08:41:56,249 : INFO : SwitchController : <<<<<<< 's_left_flipper' inactive >>>>>>>
2022-10-06 08:41:56,249 : INFO : SwitchController : <<<<<<< 's_left_flipper' active >>>>>>>
2022-10-06 08:41:56,249 : INFO : EventManager : Event: ======'machine_var_audits_switches_s_left_flipper'====== Args={'value': 608, 'prev_value': 607, 'change': 1}
2022-10-06 08:41:56,307 : INFO : SwitchController : <<<<<<< 's_left_flipper' inactive >>>>>>>
2022-10-06 08:41:56,401 : INFO : SwitchController : <<<<<<< 's_eos_left_top' inactive >>>>>>>
2022-10-06 08:41:56,559 : INFO : SwitchController : <<<<<<< 's_pop_lower' active >>>>>>>
2022-10-06 08:41:56,559 : INFO : EventManager : Event: ======'playfield_active'====== Args={}
2022-10-06 08:41:56,559 : INFO : EventManager : Event: ======'unexpected_ball_on_playfield'====== Args={}
2022-10-06 08:41:56,559 : INFO : EventManager : Event: ======'machine_var_audits_switches_s_pop_lower'====== Args={'value': 155, 'prev_value': 154, 'change': 1}
2022-10-06 08:41:56,579 : INFO : SwitchController : <<<<<<< 's_pop_lower' inactive >>>>>>>
2022-10-06 08:41:57,716 : INFO : SwitchController : <<<<<<< 's_left_flipper' active >>>>>>>
2022-10-06 08:41:57,716 : INFO : EventManager : Event: ======'machine_var_audits_switches_s_left_flipper'====== Args={'value': 609, 'prev_value': 608, 'change': 1}
2022-10-06 08:41:57,748 : INFO : SwitchController : <<<<<<< 's_eos_left_top' active >>>>>>>
2022-10-06 08:41:57,748 : INFO : EventManager : Event: ======'machine_var_audits_switches_s_eos_left_top'====== Args={'value': 520, 'prev_value': 519, 'change': 1}
2022-10-06 08:41:57,812 : INFO : SwitchController : <<<<<<< 's_left_flipper' inactive >>>>>>>
2022-10-06 08:41:57,924 : INFO : SwitchController : <<<<<<< 's_eos_left_top' inactive >>>>>>>
2022-10-06 08:41:58,259 : INFO : SwitchController : <<<<<<< 's_left_flipper' active >>>>>>>
2022-10-06 08:41:58,259 : INFO : EventManager : Event: ======'machine_var_audits_switches_s_left_flipper'====== Args={'value': 610, 'prev_value': 609, 'change': 1}
2022-10-06 08:41:58,291 : INFO : SwitchController : <<<<<<< 's_eos_left_top' active >>>>>>>
2022-10-06 08:41:58,291 : INFO : EventManager : Event: ======'machine_var_audits_switches_s_eos_left_top'====== Args={'value': 521, 'prev_value': 520, 'change': 1}
2022-10-06 08:41:58,629 : INFO : SwitchController : <<<<<<< 's_rollover_left' active >>>>>>>
2022-10-06 08:41:58,629 : INFO : EventManager : Event: ======'sw_playfield_active'====== Args={}
2022-10-06 08:41:58,629 : INFO : EventManager : Event: ======'machine_var_audits_switches_s_rollover_left'====== Args={'value': 26, 'prev_value': 25, 'change': 1}
2022-10-06 08:41:58,630 : INFO : EventManager : Event: ======'playfield_active'====== Args={}
2022-10-06 08:41:58,630 : INFO : EventManager : Event: ======'unexpected_ball_on_playfield'====== Args={}
2022-10-06 08:41:58,642 : INFO : SwitchController : <<<<<<< 's_rollover_left' inactive >>>>>>>
2022-10-06 08:41:58,785 : INFO : SwitchController : <<<<<<< 's_left_flipper' inactive >>>>>>>
2022-10-06 08:41:58,879 : INFO : SwitchController : <<<<<<< 's_eos_left_top' inactive >>>>>>>
2022-10-06 08:41:59,305 : INFO : SwitchController : <<<<<<< 's_pop_lower' active >>>>>>>
2022-10-06 08:41:59,305 : INFO : EventManager : Event: ======'playfield_active'====== Args={}
2022-10-06 08:41:59,305 : INFO : EventManager : Event: ======'unexpected_ball_on_playfield'====== Args={}
2022-10-06 08:41:59,305 : INFO : EventManager : Event: ======'machine_var_audits_switches_s_pop_lower'====== Args={'value': 156, 'prev_value': 155, 'change': 1}
2022-10-06 08:41:59,310 : INFO : SwitchController : <<<<<<< 's_pop_lower' inactive >>>>>>>
2022-10-06 08:41:59,634 : INFO : SwitchController : <<<<<<< 's_sling_right' active >>>>>>>
2022-10-06 08:41:59,635 : INFO : EventManager : Event: ======'playfield_active'====== Args={}
2022-10-06 08:41:59,635 : INFO : EventManager : Event: ======'unexpected_ball_on_playfield'====== Args={}
2022-10-06 08:41:59,635 : INFO : EventManager : Event: ======'machine_var_audits_switches_s_sling_right'====== Args={'value': 68, 'prev_value': 67, 'change': 1}
2022-10-06 08:41:59,649 : INFO : SwitchController : <<<<<<< 's_sling_right' inactive >>>>>>>
2022-10-06 08:42:00,286 : INFO : SwitchController : <<<<<<< 's_pop_lower' active >>>>>>>
2022-10-06 08:42:00,286 : INFO : EventManager : Event: ======'playfield_active'====== Args={}
2022-10-06 08:42:00,286 : INFO : EventManager : Event: ======'unexpected_ball_on_playfield'====== Args={}
2022-10-06 08:42:00,286 : INFO : EventManager : Event: ======'machine_var_audits_switches_s_pop_lower'====== Args={'value': 157, 'prev_value': 156, 'change': 1}
2022-10-06 08:42:00,306 : INFO : SwitchController : <<<<<<< 's_pop_lower' inactive >>>>>>>
2022-10-06 08:42:02,151 : INFO : SwitchController : <<<<<<< 's_right_flipper' active >>>>>>>
2022-10-06 08:42:02,152 : INFO : EventManager : Event: ======'machine_var_audits_switches_s_right_flipper'====== Args={'value': 660, 'prev_value': 659, 'change': 1}
2022-10-06 08:42:02,849 : INFO : SwitchController : <<<<<<< 's_right_flipper' inactive >>>>>>>
2022-10-06 08:42:03,813 : INFO : SwitchController : <<<<<<< 's_pop_left' active >>>>>>>
2022-10-06 08:42:03,813 : INFO : EventManager : Event: ======'playfield_active'====== Args={}
2022-10-06 08:42:03,813 : INFO : EventManager : Event: ======'unexpected_ball_on_playfield'====== Args={}
2022-10-06 08:42:03,813 : INFO : EventManager : Event: ======'machine_var_audits_switches_s_pop_left'====== Args={'value': 116, 'prev_value': 115, 'change': 1}
2022-10-06 08:42:03,823 : INFO : SwitchController : <<<<<<< 's_pop_left' inactive >>>>>>>
2022-10-06 08:42:04,063 : INFO : SwitchController : <<<<<<< 's_pop_left' active >>>>>>>
2022-10-06 08:42:04,063 : INFO : EventManager : Event: ======'playfield_active'====== Args={}
2022-10-06 08:42:04,063 : INFO : EventManager : Event: ======'unexpected_ball_on_playfield'====== Args={}
2022-10-06 08:42:04,063 : INFO : EventManager : Event: ======'machine_var_audits_switches_s_pop_left'====== Args={'value': 117, 'prev_value': 116, 'change': 1}
2022-10-06 08:42:04,063 : INFO : SwitchController : <<<<<<< 's_pop_left' inactive >>>>>>>
2022-10-06 08:42:04,283 : INFO : EventManager : Event: ======'balldevice_bd_trough_ball_eject_failed'====== Args={'target': <ball_device.bd_plunger>, 'balls': 1, 'retry': True, 'num_attempts': 3}
2022-10-06 08:42:04,284 : INFO : ball_device.bd_trough : State: waiting_for_target_ready
2022-10-06 08:42:04,284 : INFO : EventManager : Event: ======'balldevice_bd_trough_ball_eject_attempt'====== Args={'balls': 1, 'target': <ball_device.bd_plunger>, 'source': <ball_device.bd_trough>, 'mechanical_eject': True, 'num_attempts': 3}
2022-10-06 08:42:04,284 : INFO : ball_device.bd_trough : State: ejecting
2022-10-06 08:42:04,284 : INFO : ball_device.bd_trough : Ejecting ball to <ball_device.bd_plunger>
2022-10-06 08:42:04,284 : INFO : EventManager : Event: ======'balldevice_bd_trough_ejecting_ball'====== Args={'balls': 1, 'target': <ball_device.bd_plunger>, 'source': <ball_device.bd_trough>, 'mechanical_eject': True, 'num_attempts': 3}
2022-10-06 08:42:04,285 : INFO : ball_device.bd_trough : Wait for ball to leave device
2022-10-06 08:42:04,285 : INFO : coil.c_trough : Pulsing Driver for 20ms (0.8 pulse_power)
2022-10-06 08:42:04,344 : INFO : SwitchController : <<<<<<< 's_trough_2' active >>>>>>>
2022-10-06 08:42:04,344 : INFO : EventManager : Event: ======'machine_var_audits_switches_s_trough_2'====== Args={'value': 122, 'prev_value': 121, 'change': 1}
2022-10-06 08:42:04,344 : INFO : SwitchController : <<<<<<< 's_trough_2' inactive >>>>>>>
2022-10-06 08:42:04,716 : INFO : SwitchController : <<<<<<< 's_left_flipper' active >>>>>>>
2022-10-06 08:42:04,716 : INFO : EventManager : Event: ======'machine_var_audits_switches_s_left_flipper'====== Args={'value': 611, 'prev_value': 610, 'change': 1}
2022-10-06 08:42:04,735 : INFO : SwitchController : <<<<<<< 's_eos_left_top' active >>>>>>>
2022-10-06 08:42:04,735 : INFO : EventManager : Event: ======'machine_var_audits_switches_s_eos_left_top'====== Args={'value': 522, 'prev_value': 521, 'change': 1}
2022-10-06 08:42:04,980 : INFO : SwitchController : <<<<<<< 's_left_flipper' inactive >>>>>>>
2022-10-06 08:42:05,074 : INFO : SwitchController : <<<<<<< 's_eos_left_top' inactive >>>>>>>
2022-10-06 08:42:05,414 : INFO : SwitchController : <<<<<<< 's_right_flipper' active >>>>>>>
2022-10-06 08:42:05,414 : INFO : EventManager : Event: ======'machine_var_audits_switches_s_right_flipper'====== Args={'value': 661, 'prev_value': 660, 'change': 1}
2022-10-06 08:42:05,508 : INFO : SwitchController : <<<<<<< 's_right_flipper' inactive >>>>>>>
2022-10-06 08:42:05,743 : INFO : SwitchController : <<<<<<< 's_right_flipper' active >>>>>>>
2022-10-06 08:42:05,743 : INFO : EventManager : Event: ======'machine_var_audits_switches_s_right_flipper'====== Args={'value': 662, 'prev_value': 661, 'change': 1}
2022-10-06 08:42:06,037 : INFO : SwitchController : <<<<<<< 's_right_flipper' inactive >>>>>>>
2022-10-06 08:42:06,510 : INFO : SwitchController : <<<<<<< 's_trough_6' active >>>>>>>
2022-10-06 08:42:06,510 : INFO : EventManager : Event: ======'machine_var_audits_switches_s_trough_6'====== Args={'value': 140, 'prev_value': 139, 'change': 1}
2022-10-06 08:42:06,603 : INFO : SwitchController : <<<<<<< 's_trough_6' inactive >>>>>>>
2022-10-06 08:42:06,665 : INFO : SwitchController : <<<<<<< 's_trough_5' active >>>>>>>
2022-10-06 08:42:06,665 : INFO : EventManager : Event: ======'machine_var_audits_switches_s_trough_5'====== Args={'value': 82, 'prev_value': 81, 'change': 1}
2022-10-06 08:42:06,774 : INFO : SwitchController : <<<<<<< 's_trough_5' inactive >>>>>>>
2022-10-06 08:42:06,821 : INFO : SwitchController : <<<<<<< 's_trough_4' active >>>>>>>
2022-10-06 08:42:06,821 : INFO : EventManager : Event: ======'machine_var_audits_switches_s_trough_4'====== Args={'value': 76, 'prev_value': 75, 'change': 1}
2022-10-06 08:42:06,898 : INFO : SwitchController : <<<<<<< 's_trough_4' inactive >>>>>>>
2022-10-06 08:42:06,944 : INFO : SwitchController : <<<<<<< 's_trough_3' active >>>>>>>
2022-10-06 08:42:06,944 : INFO : EventManager : Event: ======'machine_var_audits_switches_s_trough_3'====== Args={'value': 76, 'prev_value': 75, 'change': 1}
2022-10-06 08:42:07,006 : INFO : SwitchController : <<<<<<< 's_trough_3' inactive >>>>>>>
2022-10-06 08:42:07,054 : INFO : SwitchController : <<<<<<< 's_trough_2' active >>>>>>>
2022-10-06 08:42:07,054 : INFO : EventManager : Event: ======'machine_var_audits_switches_s_trough_2'====== Args={'value': 123, 'prev_value': 122, 'change': 1}
2022-10-06 08:42:07,117 : INFO : SwitchController : <<<<<<< 's_trough_2' inactive >>>>>>>
2022-10-06 08:42:14,285 : INFO : EventManager : Event: ======'balldevice_bd_trough_ball_eject_failed'====== Args={'target': <ball_device.bd_plunger>, 'balls': 1, 'retry': True, 'num_attempts': 4}
2022-10-06 08:42:14,286 : INFO : ball_device.bd_trough : State: waiting_for_target_ready
2022-10-06 08:42:14,286 : INFO : EventManager : Event: ======'balldevice_bd_trough_ball_eject_attempt'====== Args={'balls': 1, 'target': <ball_device.bd_plunger>, 'source': <ball_device.bd_trough>, 'mechanical_eject': True, 'num_attempts': 4}
2022-10-06 08:42:14,286 : INFO : ball_device.bd_trough : State: ejecting
2022-10-06 08:42:14,286 : INFO : ball_device.bd_trough : Ejecting ball to <ball_device.bd_plunger>
2022-10-06 08:42:14,286 : INFO : EventManager : Event: ======'balldevice_bd_trough_ejecting_ball'====== Args={'balls': 1, 'target': <ball_device.bd_plunger>, 'source': <ball_device.bd_trough>, 'mechanical_eject': True, 'num_attempts': 4}
2022-10-06 08:42:14,287 : INFO : ball_device.bd_trough : Wait for ball to leave device
2022-10-06 08:42:14,287 : INFO : coil.c_trough : Pulsing Driver for 20ms (0.8 pulse_power)
2022-10-06 08:42:24,284 : INFO : EventManager : Event: ======'balldevice_bd_trough_ball_eject_failed'====== Args={'target': <ball_device.bd_plunger>, 'balls': 1, 'retry': True, 'num_attempts': 5}
2022-10-06 08:42:24,284 : INFO : ball_device.bd_trough : State: waiting_for_target_ready
2022-10-06 08:42:24,285 : INFO : EventManager : Event: ======'balldevice_bd_trough_ball_eject_attempt'====== Args={'balls': 1, 'target': <ball_device.bd_plunger>, 'source': <ball_device.bd_trough>, 'mechanical_eject': True, 'num_attempts': 5}
2022-10-06 08:42:24,285 : INFO : ball_device.bd_trough : State: ejecting
2022-10-06 08:42:24,285 : INFO : ball_device.bd_trough : Ejecting ball to <ball_device.bd_plunger>
2022-10-06 08:42:24,285 : INFO : EventManager : Event: ======'balldevice_bd_trough_ejecting_ball'====== Args={'balls': 1, 'target': <ball_device.bd_plunger>, 'source': <ball_device.bd_trough>, 'mechanical_eject': True, 'num_attempts': 5}
2022-10-06 08:42:24,286 : INFO : ball_device.bd_trough : Wait for ball to leave device
2022-10-06 08:42:24,286 : INFO : coil.c_trough : Pulsing Driver for 20ms (0.8 pulse_power)
2022-10-06 08:42:34,294 : INFO : EventManager : Event: ======'balldevice_bd_trough_ball_eject_failed'====== Args={'target': <ball_device.bd_plunger>, 'balls': 1, 'retry': True, 'num_attempts': 6}
2022-10-06 08:42:34,295 : INFO : ball_device.bd_trough : State: waiting_for_target_ready
2022-10-06 08:42:34,295 : INFO : EventManager : Event: ======'balldevice_bd_trough_ball_eject_attempt'====== Args={'balls': 1, 'target': <ball_device.bd_plunger>, 'source': <ball_device.bd_trough>, 'mechanical_eject': True, 'num_attempts': 6}
2022-10-06 08:42:34,295 : INFO : ball_device.bd_trough : State: ejecting
2022-10-06 08:42:34,295 : INFO : ball_device.bd_trough : Ejecting ball to <ball_device.bd_plunger>
2022-10-06 08:42:34,295 : INFO : EventManager : Event: ======'balldevice_bd_trough_ejecting_ball'====== Args={'balls': 1, 'target': <ball_device.bd_plunger>, 'source': <ball_device.bd_trough>, 'mechanical_eject': True, 'num_attempts': 6}
2022-10-06 08:42:34,295 : INFO : ball_device.bd_trough : Wait for ball to leave device
2022-10-06 08:42:34,296 : INFO : coil.c_trough : Pulsing Driver for 20ms (0.8 pulse_power)
2022-10-06 08:42:44,289 : INFO : EventManager : Event: ======'balldevice_bd_trough_ball_eject_failed'====== Args={'target': <ball_device.bd_plunger>, 'balls': 1, 'retry': True, 'num_attempts': 7}
2022-10-06 08:42:44,290 : INFO : ball_device.bd_trough : State: waiting_for_target_ready
2022-10-06 08:42:44,290 : INFO : EventManager : Event: ======'balldevice_bd_trough_ball_eject_attempt'====== Args={'balls': 1, 'target': <ball_device.bd_plunger>, 'source': <ball_device.bd_trough>, 'mechanical_eject': True, 'num_attempts': 7}
2022-10-06 08:42:44,290 : INFO : ball_device.bd_trough : State: ejecting
2022-10-06 08:42:44,290 : INFO : ball_device.bd_trough : Ejecting ball to <ball_device.bd_plunger>
2022-10-06 08:42:44,290 : INFO : EventManager : Event: ======'balldevice_bd_trough_ejecting_ball'====== Args={'balls': 1, 'target': <ball_device.bd_plunger>, 'source': <ball_device.bd_trough>, 'mechanical_eject': True, 'num_attempts': 7}
2022-10-06 08:42:44,291 : INFO : ball_device.bd_trough : Wait for ball to leave device
2022-10-06 08:42:44,291 : INFO : coil.c_trough : Pulsing Driver for 20ms (0.8 pulse_power)
2022-10-06 08:42:54,291 : INFO : EventManager : Event: ======'balldevice_bd_trough_ball_eject_failed'====== Args={'target': <ball_device.bd_plunger>, 'balls': 1, 'retry': True, 'num_attempts': 8}
2022-10-06 08:42:54,292 : INFO : ball_device.bd_trough : State: waiting_for_target_ready
2022-10-06 08:42:54,292 : INFO : EventManager : Event: ======'balldevice_bd_trough_ball_eject_attempt'====== Args={'balls': 1, 'target': <ball_device.bd_plunger>, 'source': <ball_device.bd_trough>, 'mechanical_eject': True, 'num_attempts': 8}
2022-10-06 08:42:54,292 : INFO : ball_device.bd_trough : State: ejecting
2022-10-06 08:42:54,292 : INFO : ball_device.bd_trough : Ejecting ball to <ball_device.bd_plunger>
2022-10-06 08:42:54,292 : INFO : EventManager : Event: ======'balldevice_bd_trough_ejecting_ball'====== Args={'balls': 1, 'target': <ball_device.bd_plunger>, 'source': <ball_device.bd_trough>, 'mechanical_eject': True, 'num_attempts': 8}
2022-10-06 08:42:54,293 : INFO : ball_device.bd_trough : Wait for ball to leave device
2022-10-06 08:42:54,293 : INFO : coil.c_trough : Pulsing Driver for 20ms (0.8 pulse_power)
2022-10-06 08:43:04,287 : INFO : EventManager : Event: ======'balldevice_bd_trough_ball_eject_failed'====== Args={'target': <ball_device.bd_plunger>, 'balls': 1, 'retry': True, 'num_attempts': 9}
2022-10-06 08:43:04,288 : INFO : ball_device.bd_trough : State: waiting_for_target_ready
2022-10-06 08:43:04,288 : INFO : EventManager : Event: ======'balldevice_bd_trough_ball_eject_attempt'====== Args={'balls': 1, 'target': <ball_device.bd_plunger>, 'source': <ball_device.bd_trough>, 'mechanical_eject': True, 'num_attempts': 9}
2022-10-06 08:43:04,289 : INFO : ball_device.bd_trough : State: ejecting
2022-10-06 08:43:04,289 : INFO : ball_device.bd_trough : Ejecting ball to <ball_device.bd_plunger>
2022-10-06 08:43:04,289 : INFO : EventManager : Event: ======'balldevice_bd_trough_ejecting_ball'====== Args={'balls': 1, 'target': <ball_device.bd_plunger>, 'source': <ball_device.bd_trough>, 'mechanical_eject': True, 'num_attempts': 9}
2022-10-06 08:43:04,289 : INFO : ball_device.bd_trough : Wait for ball to leave device
2022-10-06 08:43:04,290 : INFO : coil.c_trough : Pulsing Driver for 20ms (0.8 pulse_power)
2022-10-06 08:43:11,410 : INFO : SwitchController : <<<<<<< 's_right_flipper' active >>>>>>>
2022-10-06 08:43:11,410 : INFO : EventManager : Event: ======'machine_var_audits_switches_s_right_flipper'====== Args={'value': 663, 'prev_value': 662, 'change': 1}
2022-10-06 08:43:11,614 : INFO : SwitchController : <<<<<<< 's_right_flipper' inactive >>>>>>>
2022-10-06 08:43:11,767 : INFO : SwitchController : <<<<<<< 's_right_flipper' active >>>>>>>
2022-10-06 08:43:11,767 : INFO : EventManager : Event: ======'machine_var_audits_switches_s_right_flipper'====== Args={'value': 664, 'prev_value': 663, 'change': 1}
2022-10-06 08:43:11,972 : INFO : SwitchController : <<<<<<< 's_right_flipper' inactive >>>>>>>
2022-10-06 08:43:12,192 : INFO : SwitchController : <<<<<<< 's_right_flipper' active >>>>>>>
2022-10-06 08:43:12,193 : INFO : EventManager : Event: ======'machine_var_audits_switches_s_right_flipper'====== Args={'value': 665, 'prev_value': 664, 'change': 1}
2022-10-06 08:43:12,430 : INFO : SwitchController : <<<<<<< 's_right_flipper' inactive >>>>>>>
2022-10-06 08:43:14,290 : INFO : EventManager : Event: ======'balldevice_bd_trough_ball_eject_failed'====== Args={'target': <ball_device.bd_plunger>, 'balls': 1, 'retry': True, 'num_attempts': 10}
2022-10-06 08:43:14,290 : INFO : ball_device.bd_trough : State: waiting_for_target_ready
2022-10-06 08:43:14,291 : INFO : EventManager : Event: ======'balldevice_bd_trough_ball_eject_attempt'====== Args={'balls': 1, 'target': <ball_device.bd_plunger>, 'source': <ball_device.bd_trough>, 'mechanical_eject': True, 'num_attempts': 10}
2022-10-06 08:43:14,291 : INFO : ball_device.bd_trough : State: ejecting
2022-10-06 08:43:14,291 : INFO : ball_device.bd_trough : Ejecting ball to <ball_device.bd_plunger>
2022-10-06 08:43:14,291 : INFO : EventManager : Event: ======'balldevice_bd_trough_ejecting_ball'====== Args={'balls': 1, 'target': <ball_device.bd_plunger>, 'source': <ball_device.bd_trough>, 'mechanical_eject': True, 'num_attempts': 10}
2022-10-06 08:43:14,292 : INFO : ball_device.bd_trough : Wait for ball to leave device
2022-10-06 08:43:14,292 : INFO : coil.c_trough : Pulsing Driver for 20ms (0.8 pulse_power)
2022-10-06 08:43:15,501 : INFO : SwitchController : <<<<<<< 's_right_flipper' active >>>>>>>
2022-10-06 08:43:15,501 : INFO : EventManager : Event: ======'machine_var_audits_switches_s_right_flipper'====== Args={'value': 666, 'prev_value': 665, 'change': 1}
2022-10-06 08:43:15,704 : INFO : SwitchController : <<<<<<< 's_right_flipper' inactive >>>>>>>
2022-10-06 08:43:16,282 : INFO : SwitchController : <<<<<<< 's_left_flipper' active >>>>>>>
2022-10-06 08:43:16,282 : INFO : EventManager : Event: ======'machine_var_audits_switches_s_left_flipper'====== Args={'value': 612, 'prev_value': 611, 'change': 1}
2022-10-06 08:43:16,300 : INFO : SwitchController : <<<<<<< 's_eos_left_top' active >>>>>>>
2022-10-06 08:43:16,301 : INFO : EventManager : Event: ======'machine_var_audits_switches_s_eos_left_top'====== Args={'value': 523, 'prev_value': 522, 'change': 1}
2022-10-06 08:43:17,528 : INFO : SwitchController : <<<<<<< 's_left_flipper' inactive >>>>>>>
2022-10-06 08:43:17,627 : INFO : SwitchController : <<<<<<< 's_eos_left_top' inactive >>>>>>>
2022-10-06 08:43:18,993 : INFO : SwitchController : <<<<<<< 's_left_flipper' active >>>>>>>
2022-10-06 08:43:18,993 : INFO : EventManager : Event: ======'machine_var_audits_switches_s_left_flipper'====== Args={'value': 613, 'prev_value': 612, 'change': 1}
2022-10-06 08:43:19,024 : INFO : SwitchController : <<<<<<< 's_eos_left_top' active >>>>>>>
2022-10-06 08:43:19,024 : INFO : EventManager : Event: ======'machine_var_audits_switches_s_eos_left_top'====== Args={'value': 524, 'prev_value': 523, 'change': 1}
2022-10-06 08:43:19,212 : INFO : SwitchController : <<<<<<< 's_left_flipper' inactive >>>>>>>
2022-10-06 08:43:19,231 : INFO : SwitchController : <<<<<<< 's_right_flipper' active >>>>>>>
2022-10-06 08:43:19,231 : INFO : EventManager : Event: ======'machine_var_audits_switches_s_right_flipper'====== Args={'value': 667, 'prev_value': 666, 'change': 1}
2022-10-06 08:43:19,307 : INFO : SwitchController : <<<<<<< 's_eos_left_top' inactive >>>>>>>
2022-10-06 08:43:19,369 : INFO : SwitchController : <<<<<<< 's_right_flipper' inactive >>>>>>>
2022-10-06 08:43:19,416 : INFO : SwitchController : <<<<<<< 's_left_flipper' active >>>>>>>
2022-10-06 08:43:19,417 : INFO : EventManager : Event: ======'machine_var_audits_switches_s_left_flipper'====== Args={'value': 614, 'prev_value': 613, 'change': 1}
2022-10-06 08:43:19,436 : INFO : SwitchController : <<<<<<< 's_eos_left_top' active >>>>>>>
2022-10-06 08:43:19,436 : INFO : EventManager : Event: ======'machine_var_audits_switches_s_eos_left_top'====== Args={'value': 525, 'prev_value': 524, 'change': 1}
2022-10-06 08:43:19,603 : INFO : SwitchController : <<<<<<< 's_left_flipper' inactive >>>>>>>
2022-10-06 08:43:19,603 : INFO : SwitchController : <<<<<<< 's_right_flipper' active >>>>>>>
2022-10-06 08:43:19,603 : INFO : EventManager : Event: ======'machine_var_audits_switches_s_right_flipper'====== Args={'value': 668, 'prev_value': 667, 'change': 1}
2022-10-06 08:43:19,697 : INFO : SwitchController : <<<<<<< 's_eos_left_top' inactive >>>>>>>
2022-10-06 08:43:19,760 : INFO : SwitchController : <<<<<<< 's_left_flipper' active >>>>>>>
2022-10-06 08:43:19,760 : INFO : EventManager : Event: ======'flipper_cancel'====== Args={'triggering_group': 1, 'triggering_switch': 's_left_flipper'}
2022-10-06 08:43:19,760 : INFO : EventManager : Event: ======'machine_var_audits_switches_s_left_flipper'====== Args={'value': 615, 'prev_value': 614, 'change': 1}
2022-10-06 08:43:19,779 : INFO : SwitchController : <<<<<<< 's_right_flipper' inactive >>>>>>>
2022-10-06 08:43:19,779 : INFO : EventManager : Event: ======'both_flippers_one'====== Args={'triggering_group': 2, 'triggering_switch': 's_right_flipper'}
2022-10-06 08:43:19,795 : INFO : SwitchController : <<<<<<< 's_eos_left_top' active >>>>>>>
2022-10-06 08:43:19,795 : INFO : EventManager : Event: ======'machine_var_audits_switches_s_eos_left_top'====== Args={'value': 526, 'prev_value': 525, 'change': 1}
2022-10-06 08:43:19,932 : INFO : SwitchController : <<<<<<< 's_right_flipper' active >>>>>>>
2022-10-06 08:43:19,932 : INFO : EventManager : Event: ======'flipper_cancel'====== Args={'triggering_group': 2, 'triggering_switch': 's_right_flipper'}
2022-10-06 08:43:19,932 : INFO : EventManager : Event: ======'machine_var_audits_switches_s_right_flipper'====== Args={'value': 669, 'prev_value': 668, 'change': 1}
2022-10-06 08:43:19,933 : INFO : SwitchController : <<<<<<< 's_left_flipper' inactive >>>>>>>
2022-10-06 08:43:19,933 : INFO : EventManager : Event: ======'both_flippers_one'====== Args={'triggering_group': 1, 'triggering_switch': 's_left_flipper'}
2022-10-06 08:43:20,026 : INFO : SwitchController : <<<<<<< 's_eos_left_top' inactive >>>>>>>
2022-10-06 08:43:20,088 : INFO : SwitchController : <<<<<<< 's_right_flipper' inactive >>>>>>>
2022-10-06 08:43:20,088 : INFO : EventManager : Event: ======'both_flippers_inactive'====== Args={'triggering_group': 2, 'triggering_switch': 's_right_flipper'}
2022-10-06 08:43:20,336 : INFO : SwitchController : <<<<<<< 's_left_flipper' active >>>>>>>
2022-10-06 08:43:20,336 : INFO : EventManager : Event: ======'machine_var_audits_switches_s_left_flipper'====== Args={'value': 616, 'prev_value': 615, 'change': 1}
2022-10-06 08:43:20,356 : INFO : SwitchController : <<<<<<< 's_right_flipper' active >>>>>>>
2022-10-06 08:43:20,356 : INFO : EventManager : Event: ======'flipper_cancel'====== Args={'triggering_group': 2, 'triggering_switch': 's_right_flipper'}
2022-10-06 08:43:20,356 : INFO : EventManager : Event: ======'machine_var_audits_switches_s_right_flipper'====== Args={'value': 670, 'prev_value': 669, 'change': 1}
2022-10-06 08:43:20,371 : INFO : SwitchController : <<<<<<< 's_eos_left_top' active >>>>>>>
2022-10-06 08:43:20,372 : INFO : EventManager : Event: ======'machine_var_audits_switches_s_eos_left_top'====== Args={'value': 527, 'prev_value': 526, 'change': 1}
2022-10-06 08:43:20,474 : INFO : SwitchController : <<<<<<< 's_left_flipper' inactive >>>>>>>
2022-10-06 08:43:20,474 : INFO : EventManager : Event: ======'both_flippers_one'====== Args={'triggering_group': 1, 'triggering_switch': 's_left_flipper'}
2022-10-06 08:43:20,493 : INFO : SwitchController : <<<<<<< 's_right_flipper' inactive >>>>>>>
2022-10-06 08:43:20,493 : INFO : EventManager : Event: ======'both_flippers_inactive'====== Args={'triggering_group': 2, 'triggering_switch': 's_right_flipper'}
2022-10-06 08:43:20,567 : INFO : SwitchController : <<<<<<< 's_eos_left_top' inactive >>>>>>>
2022-10-06 08:43:20,659 : INFO : SwitchController : <<<<<<< 's_right_flipper' active >>>>>>>
2022-10-06 08:43:20,659 : INFO : EventManager : Event: ======'machine_var_audits_switches_s_right_flipper'====== Args={'value': 671, 'prev_value': 670, 'change': 1}
2022-10-06 08:43:20,660 : INFO : SwitchController : <<<<<<< 's_right_flipper' inactive >>>>>>>
2022-10-06 08:43:20,660 : INFO : SwitchController : <<<<<<< 's_left_flipper' active >>>>>>>
2022-10-06 08:43:20,660 : INFO : EventManager : Event: ======'machine_var_audits_switches_s_left_flipper'====== Args={'value': 617, 'prev_value': 616, 'change': 1}
2022-10-06 08:43:20,679 : INFO : SwitchController : <<<<<<< 's_right_flipper' active >>>>>>>
2022-10-06 08:43:20,679 : INFO : EventManager : Event: ======'flipper_cancel'====== Args={'triggering_group': 2, 'triggering_switch': 's_right_flipper'}
2022-10-06 08:43:20,679 : INFO : EventManager : Event: ======'machine_var_audits_switches_s_right_flipper'====== Args={'value': 672, 'prev_value': 671, 'change': 1}
2022-10-06 08:43:20,679 : INFO : SwitchController : <<<<<<< 's_eos_left_top' active >>>>>>>
2022-10-06 08:43:20,679 : INFO : EventManager : Event: ======'machine_var_audits_switches_s_eos_left_top'====== Args={'value': 528, 'prev_value': 527, 'change': 1}
2022-10-06 08:43:20,848 : INFO : SwitchController : <<<<<<< 's_left_flipper' inactive >>>>>>>
2022-10-06 08:43:20,848 : INFO : EventManager : Event: ======'both_flippers_one'====== Args={'triggering_group': 1, 'triggering_switch': 's_left_flipper'}
2022-10-06 08:43:20,867 : INFO : SwitchController : <<<<<<< 's_right_flipper' inactive >>>>>>>
2022-10-06 08:43:20,867 : INFO : EventManager : Event: ======'both_flippers_inactive'====== Args={'triggering_group': 2, 'triggering_switch': 's_right_flipper'}
2022-10-06 08:43:20,943 : INFO : SwitchController : <<<<<<< 's_eos_left_top' inactive >>>>>>>
2022-10-06 08:43:21,084 : INFO : SwitchController : <<<<<<< 's_left_flipper' active >>>>>>>
2022-10-06 08:43:21,084 : INFO : EventManager : Event: ======'machine_var_audits_switches_s_left_flipper'====== Args={'value': 618, 'prev_value': 617, 'change': 1}
2022-10-06 08:43:21,104 : INFO : SwitchController : <<<<<<< 's_eos_left_top' active >>>>>>>
2022-10-06 08:43:21,104 : INFO : EventManager : Event: ======'machine_var_audits_switches_s_eos_left_top'====== Args={'value': 529, 'prev_value': 528, 'change': 1}
2022-10-06 08:43:21,270 : INFO : SwitchController : <<<<<<< 's_left_flipper' inactive >>>>>>>
2022-10-06 08:43:21,332 : INFO : SwitchController : <<<<<<< 's_right_flipper' active >>>>>>>
2022-10-06 08:43:21,332 : INFO : EventManager : Event: ======'machine_var_audits_switches_s_right_flipper'====== Args={'value': 673, 'prev_value': 672, 'change': 1}
2022-10-06 08:43:21,379 : INFO : SwitchController : <<<<<<< 's_eos_left_top' inactive >>>>>>>
2022-10-06 08:43:21,565 : INFO : SwitchController : <<<<<<< 's_right_flipper' inactive >>>>>>>
2022-10-06 08:43:21,584 : INFO : SwitchController : <<<<<<< 's_right_flipper' active >>>>>>>
2022-10-06 08:43:21,585 : INFO : EventManager : Event: ======'machine_var_audits_switches_s_right_flipper'====== Args={'value': 674, 'prev_value': 673, 'change': 1}
2022-10-06 08:43:21,585 : INFO : SwitchController : <<<<<<< 's_right_flipper' inactive >>>>>>>
2022-10-06 08:43:24,289 : INFO : EventManager : Event: ======'balldevice_bd_trough_ball_eject_failed'====== Args={'target': <ball_device.bd_plunger>, 'balls': 1, 'retry': True, 'num_attempts': 11}
2022-10-06 08:43:24,289 : INFO : ball_device.bd_trough : State: waiting_for_target_ready
2022-10-06 08:43:24,289 : INFO : EventManager : Event: ======'balldevice_bd_trough_ball_eject_attempt'====== Args={'balls': 1, 'target': <ball_device.bd_plunger>, 'source': <ball_device.bd_trough>, 'mechanical_eject': True, 'num_attempts': 11}
2022-10-06 08:43:24,290 : INFO : ball_device.bd_trough : State: ejecting
2022-10-06 08:43:24,290 : INFO : ball_device.bd_trough : Ejecting ball to <ball_device.bd_plunger>
2022-10-06 08:43:24,290 : INFO : EventManager : Event: ======'balldevice_bd_trough_ejecting_ball'====== Args={'balls': 1, 'target': <ball_device.bd_plunger>, 'source': <ball_device.bd_trough>, 'mechanical_eject': True, 'num_attempts': 11}
2022-10-06 08:43:24,290 : INFO : ball_device.bd_trough : Wait for ball to leave device
2022-10-06 08:43:24,291 : INFO : coil.c_trough : Pulsing Driver for 20ms (0.8 pulse_power)
2022-10-06 08:43:25,254 : INFO : Machine : Shutting down...
2022-10-06 08:43:25,254 : INFO : EventManager : Event: ======'shutdown'====== Args={}
2022-10-06 08:43:25,270 : WARNING : FAST : Port NET received more messages than were sent! Resetting!
2022-10-06 08:43:25,270 : WARNING : FAST : Port RGB received more messages than were sent! Resetting!
2022-10-06 08:43:25,350 : ERROR : FAST : Stop called on serial connection com9
2022-10-06 08:43:25,350 : ERROR : FAST : Stop called on serial connection com10
2022-10-06 08:43:25,581 : INFO : root : MPF run loop ended.
