2022-10-21 11:10:04,287 : kivy : Factory: 186 symbols loaded
2022-10-21 11:10:04,412 : kivy : ImageLoaderFFPy: Using ffpyplayer 4.3.2
2022-10-21 11:10:04,412 : kivy : Image: Providers: img_tex, img_dds, img_sdl2, img_pil, img_ffpyplayer 
2022-10-21 11:10:04,449 : kivy : VideoGstplayer: Using Gstreamer 1.18.0.0
2022-10-21 11:10:04,449 : kivy : Video: Provider: gstplayer
2022-10-21 11:10:04,650 : kivy : Loading MPF-MC controller
2022-10-21 11:10:04,653 : YamlMultifileConfigLoader : Machine config file #1: config
2022-10-21 11:10:04,653 : ConfigProcessor : Config file in cache changed: c:\trashland_2\config\config
2022-10-21 11:10:04,653 : ConfigProcessor : Loading config from file c:\users\tanner\appdata\local\programs\python\python37\lib\site-packages\mpfmc\mcconfig.yaml.
2022-10-21 11:10:04,690 : ConfigProcessor : Loading config: c:\users\tanner\appdata\local\programs\python\python37\lib\site-packages\mpfmc\mcconfig.yaml
2022-10-21 11:10:04,690 : ConfigProcessor : Loading config from file c:\trashland_2\config\config.
2022-10-21 11:10:04,799 : ConfigProcessor : Loading config: c:\trashland_2\config\config
2022-10-21 11:10:04,801 : ConfigProcessor : Config file cache created: C:\Users\Tanner\AppData\Local\Temp\af2f9975217aa24f0c3c7583f835539f.mpf_cache
2022-10-21 11:10:04,802 : ConfigProcessor : Loading config from cache: C:\Users\Tanner\AppData\Local\Temp\9cf7ccc27b21f4d6162237fadfc53e5a.mpf_cache
2022-10-21 11:10:04,803 : ConfigProcessor : Loading config from cache: C:\Users\Tanner\AppData\Local\Temp\c215df352878fee5d54f1a5ec5b16e7c.mpf_cache
2022-10-21 11:10:04,803 : ConfigProcessor : Loading config from cache: C:\Users\Tanner\AppData\Local\Temp\708062243e0edcfa77dd6b1521bd0d4e.mpf_cache
2022-10-21 11:10:04,804 : ConfigProcessor : Loading config from cache: C:\Users\Tanner\AppData\Local\Temp\9cf7ccc27b21f4d6162237fadfc53e5a.mpf_cache
2022-10-21 11:10:04,805 : ConfigProcessor : Loading config from cache: C:\Users\Tanner\AppData\Local\Temp\c4174472f67f7b070dd6fb437c6feb0c.mpf_cache
2022-10-21 11:10:04,805 : ConfigProcessor : Loading config from cache: C:\Users\Tanner\AppData\Local\Temp\33b306b4bf49d065496332ee9ac2494c.mpf_cache
2022-10-21 11:10:04,806 : mpfmc : Mission Pinball Framework Media Controller v0.55.0
2022-10-21 11:10:04,806 : mpfmc : Mission Pinball Framework Game Engine v0.55.0
2022-10-21 11:10:04,806 : mpfmc : Machine path: c:\trashland_2
2022-10-21 11:10:04,806 : mpfmc : Starting clock at 60.0Hz
2022-10-21 11:10:04,819 : kivy : Text: Provider: sdl2
2022-10-21 11:10:04,855 : kivy : Window: Provider: sdl2
2022-10-21 11:10:05,554 : kivy : GL: Using the "OpenGL" graphics system
2022-10-21 11:10:05,559 : kivy : GL: GLEW initialization succeeded
2022-10-21 11:10:05,559 : kivy : GL: Backend used <glew>
2022-10-21 11:10:05,559 : kivy : GL: OpenGL version <b'4.6.0 NVIDIA 512.15'>
2022-10-21 11:10:05,559 : kivy : GL: OpenGL vendor <b'NVIDIA Corporation'>
2022-10-21 11:10:05,559 : kivy : GL: OpenGL renderer <b'NVIDIA GeForce GTX 1060 3GB/PCIe/SSE2'>
2022-10-21 11:10:05,559 : kivy : GL: OpenGL parsed version: 4, 6
2022-10-21 11:10:05,559 : kivy : GL: Shading version <b'4.60 NVIDIA'>
2022-10-21 11:10:05,559 : kivy : GL: Texture max size <32768>
2022-10-21 11:10:05,559 : kivy : GL: Texture max units <32>
2022-10-21 11:10:05,605 : kivy : Window: auto add sdl2 input provider
2022-10-21 11:10:05,606 : kivy : Window: virtual keyboard not allowed, single mode, not docked
2022-10-21 11:10:05,612 : SoundSystem : SoundSystem: Using default 'sound_system' settings
2022-10-21 11:10:05,873 : AudioInterface : Initialized
2022-10-21 11:10:05,873 : AudioInterface : Loaded SDL 2.0.12
2022-10-21 11:10:05,873 : AudioInterface : Loaded SDL_Mixer 2.0.4
2022-10-21 11:10:05,873 : AudioInterface : Loaded GStreamer 1.18.0.0
2022-10-21 11:10:05,873 : AudioInterface : Loaded GLib 2.62.6
2022-10-21 11:10:05,873 : AudioInterface : Settings requested - rate: 44100, channels: 1, buffer: 2048 samples
2022-10-21 11:10:05,873 : AudioInterface : Settings in use - rate: 44100, channels: 1, buffer: 2048 samples (4096 bytes @ 2 bytes per sample)
2022-10-21 11:10:05,873 : SoundSystem : No audio tracks are specified in your machine config file. a track named 'default' has been created.
2022-10-21 11:10:05,873 : SoundSystem : Setting master volume to 0.0
2022-10-21 11:10:05,873 : SoundSystem : master_volume in sound_system is deprecated and will be removed in the future.
2022-10-21 11:10:05,874 : AudioInterface : Enabling audio playback
2022-10-21 11:10:05,876 : kivy : Base: Start application main loop
2022-10-21 11:10:05,876 : EventManager : Event: ======'display_window_initialized'====== Args={}
2022-10-21 11:10:05,888 : mpfmc : Display: Setting 'window' as default display
2022-10-21 11:10:05,893 : EventManager : Event: ======'displays_initialized'====== Args={}
2022-10-21 11:10:05,894 : EventManager : Event: ======'slide_window_blank_created'====== Args={}
2022-10-21 11:10:05,894 : EventManager : Event: ======'display_window_ready'====== Args={}
2022-10-21 11:10:05,906 : EventManager : Event: ======'init_phase_1'====== Args={}
2022-10-21 11:10:05,910 : EventManager : Event: ======'mc_ready'====== Args={}
2022-10-21 11:10:05,910 : EventManager : Event: ======'init_phase_2'====== Args={}
2022-10-21 11:10:05,914 : EventManager : Event: ======'init_phase_3'====== Args={}
2022-10-21 11:10:05,917 : EventManager : Event: ======'init_phase_4'====== Args={}
2022-10-21 11:10:05,917 : EventManager : Event: ======'init_phase_5'====== Args={}
2022-10-21 11:10:05,946 : EventManager : Event: ======'loading_assets'====== Args={'total': 3, 'loaded': 1, 'remaining': 2, 'percent': 33}
2022-10-21 11:10:05,946 : AssetManager : Loading assets: 1/3 (33%)
2022-10-21 11:10:05,946 : EventManager : Event: ======'loading_assets'====== Args={'total': 3, 'loaded': 3, 'remaining': 0, 'percent': 100}
2022-10-21 11:10:05,946 : AssetManager : Asset loading took: 0.07201647758483887
2022-10-21 11:10:05,946 : EventManager : Event: ======'asset_loading_complete'====== Args={}
2022-10-21 11:10:05,946 : AssetManager : Loading assets: 3/3 (100%)
2022-10-21 11:10:05,946 : EventManager : Event: ======'init_done'====== Args={}
2022-10-21 11:10:05,946 : MPF-MC BCP Server : Starting up on localhost port 5050
2022-10-21 11:10:05,950 : MPF-MC BCP Server : Waiting for a connection...
2022-10-21 11:10:05,950 : mpfmc : SlidePlayer: Play called with settings={'slides': {welcome_slide-None-None: {'priority': None, 'target': None, 'background_color': [0.0, 0.0, 0.0, 1.0], 'show': True, 'force': False, 'expire': None, 'slide': None, 'tokens': {}, 'action': 'play', 'transition': None, 'transition_out': None}}}
2022-10-21 11:10:05,954 : kivy : GL: NPOT texture support is available
2022-10-21 11:10:05,955 : EventManager : Event: ======'slide_welcome_slide_created'====== Args={}
2022-10-21 11:10:05,955 : EventManager : Event: ======'slide_welcome_slide_active'====== Args={}
2022-10-21 11:10:05,957 : EventManager : Event: ======'client_disconnected'====== Args={'host': '127.0.0.1', 'port': 5050}
2022-10-21 11:10:14,637 : kivy : Base: Leaving application in progress...
