2022-10-21 17:24:18,392 : kivy : Factory: 186 symbols loaded
2022-10-21 17:24:18,520 : kivy : ImageLoaderFFPy: Using ffpyplayer 4.3.2
2022-10-21 17:24:18,520 : kivy : Image: Providers: img_tex, img_dds, img_sdl2, img_pil, img_ffpyplayer 
2022-10-21 17:24:18,555 : kivy : VideoGstplayer: Using Gstreamer 1.18.0.0
2022-10-21 17:24:18,556 : kivy : Video: Provider: gstplayer
2022-10-21 17:24:18,757 : kivy : Loading MPF-MC controller
2022-10-21 17:24:18,759 : YamlMultifileConfigLoader : Machine config file #1: config
2022-10-21 17:24:18,760 : ConfigProcessor : Config file in cache changed: c:\trashland_2\config\config
2022-10-21 17:24:18,760 : ConfigProcessor : Loading config from file c:\users\tanner\appdata\local\programs\python\python37\lib\site-packages\mpfmc\mcconfig.yaml.
2022-10-21 17:24:18,796 : ConfigProcessor : Loading config: c:\users\tanner\appdata\local\programs\python\python37\lib\site-packages\mpfmc\mcconfig.yaml
2022-10-21 17:24:18,796 : ConfigProcessor : Loading config from file c:\trashland_2\config\config.
2022-10-21 17:24:18,913 : ConfigProcessor : Loading config: c:\trashland_2\config\config
2022-10-21 17:24:18,916 : ConfigProcessor : Config file cache created: C:\Users\Tanner\AppData\Local\Temp\af2f9975217aa24f0c3c7583f835539f.mpf_cache
2022-10-21 17:24:18,916 : ConfigProcessor : Loading config from cache: C:\Users\Tanner\AppData\Local\Temp\9cf7ccc27b21f4d6162237fadfc53e5a.mpf_cache
2022-10-21 17:24:18,917 : ConfigProcessor : Loading config from cache: C:\Users\Tanner\AppData\Local\Temp\c215df352878fee5d54f1a5ec5b16e7c.mpf_cache
2022-10-21 17:24:18,918 : ConfigProcessor : Loading config from cache: C:\Users\Tanner\AppData\Local\Temp\708062243e0edcfa77dd6b1521bd0d4e.mpf_cache
2022-10-21 17:24:18,918 : ConfigProcessor : Loading config from cache: C:\Users\Tanner\AppData\Local\Temp\9cf7ccc27b21f4d6162237fadfc53e5a.mpf_cache
2022-10-21 17:24:18,919 : ConfigProcessor : Loading config from cache: C:\Users\Tanner\AppData\Local\Temp\c4174472f67f7b070dd6fb437c6feb0c.mpf_cache
2022-10-21 17:24:18,919 : ConfigProcessor : Loading config from cache: C:\Users\Tanner\AppData\Local\Temp\33b306b4bf49d065496332ee9ac2494c.mpf_cache
2022-10-21 17:24:18,920 : mpfmc : Mission Pinball Framework Media Controller v0.55.0
2022-10-21 17:24:18,920 : mpfmc : Mission Pinball Framework Game Engine v0.55.0
2022-10-21 17:24:18,920 : mpfmc : Machine path: c:\trashland_2
2022-10-21 17:24:18,920 : mpfmc : Starting clock at 60.0Hz
2022-10-21 17:24:18,933 : kivy : Text: Provider: sdl2
2022-10-21 17:24:18,970 : kivy : Window: Provider: sdl2
2022-10-21 17:24:19,649 : kivy : GL: Using the "OpenGL" graphics system
2022-10-21 17:24:19,656 : kivy : GL: GLEW initialization succeeded
2022-10-21 17:24:19,656 : kivy : GL: Backend used <glew>
2022-10-21 17:24:19,656 : kivy : GL: OpenGL version <b'4.6.0 NVIDIA 512.15'>
2022-10-21 17:24:19,656 : kivy : GL: OpenGL vendor <b'NVIDIA Corporation'>
2022-10-21 17:24:19,657 : kivy : GL: OpenGL renderer <b'NVIDIA GeForce GTX 1060 3GB/PCIe/SSE2'>
2022-10-21 17:24:19,657 : kivy : GL: OpenGL parsed version: 4, 6
2022-10-21 17:24:19,657 : kivy : GL: Shading version <b'4.60 NVIDIA'>
2022-10-21 17:24:19,657 : kivy : GL: Texture max size <32768>
2022-10-21 17:24:19,657 : kivy : GL: Texture max units <32>
2022-10-21 17:24:19,704 : kivy : Window: auto add sdl2 input provider
2022-10-21 17:24:19,705 : kivy : Window: virtual keyboard not allowed, single mode, not docked
2022-10-21 17:24:19,712 : SoundSystem : SoundSystem: Using default 'sound_system' settings
2022-10-21 17:24:19,947 : AudioInterface : Initialized
2022-10-21 17:24:19,947 : AudioInterface : Loaded SDL 2.0.12
2022-10-21 17:24:19,947 : AudioInterface : Loaded SDL_Mixer 2.0.4
2022-10-21 17:24:19,947 : AudioInterface : Loaded GStreamer 1.18.0.0
2022-10-21 17:24:19,947 : AudioInterface : Loaded GLib 2.62.6
2022-10-21 17:24:19,947 : AudioInterface : Settings requested - rate: 44100, channels: 1, buffer: 2048 samples
2022-10-21 17:24:19,947 : AudioInterface : Settings in use - rate: 44100, channels: 1, buffer: 2048 samples (4096 bytes @ 2 bytes per sample)
2022-10-21 17:24:19,948 : SoundSystem : No audio tracks are specified in your machine config file. a track named 'default' has been created.
2022-10-21 17:24:19,948 : SoundSystem : Setting master volume to 0.0
2022-10-21 17:24:19,948 : SoundSystem : master_volume in sound_system is deprecated and will be removed in the future.
2022-10-21 17:24:19,948 : AudioInterface : Enabling audio playback
2022-10-21 17:24:19,950 : kivy : Base: Start application main loop
2022-10-21 17:24:19,950 : EventManager : Event: ======'display_window_initialized'====== Args={}
2022-10-21 17:24:19,961 : mpfmc : Display: Setting 'window' as default display
2022-10-21 17:24:19,966 : EventManager : Event: ======'displays_initialized'====== Args={}
2022-10-21 17:24:19,967 : EventManager : Event: ======'slide_window_blank_created'====== Args={}
2022-10-21 17:24:19,967 : EventManager : Event: ======'display_window_ready'====== Args={}
2022-10-21 17:24:19,978 : EventManager : Event: ======'init_phase_1'====== Args={}
2022-10-21 17:24:19,982 : EventManager : Event: ======'mc_ready'====== Args={}
2022-10-21 17:24:19,982 : EventManager : Event: ======'init_phase_2'====== Args={}
2022-10-21 17:24:19,985 : EventManager : Event: ======'init_phase_3'====== Args={}
2022-10-21 17:24:19,988 : EventManager : Event: ======'init_phase_4'====== Args={}
2022-10-21 17:24:19,988 : EventManager : Event: ======'init_phase_5'====== Args={}
2022-10-21 17:24:20,024 : EventManager : Event: ======'loading_assets'====== Args={'total': 3, 'loaded': 1, 'remaining': 2, 'percent': 33}
2022-10-21 17:24:20,024 : AssetManager : Loading assets: 1/3 (33%)
2022-10-21 17:24:20,024 : EventManager : Event: ======'loading_assets'====== Args={'total': 3, 'loaded': 3, 'remaining': 0, 'percent': 100}
2022-10-21 17:24:20,025 : AssetManager : Asset loading took: 0.07701802253723145
2022-10-21 17:24:20,025 : EventManager : Event: ======'asset_loading_complete'====== Args={}
2022-10-21 17:24:20,025 : AssetManager : Loading assets: 3/3 (100%)
2022-10-21 17:24:20,025 : EventManager : Event: ======'init_done'====== Args={}
2022-10-21 17:24:20,025 : MPF-MC BCP Server : Starting up on localhost port 5050
2022-10-21 17:24:20,028 : MPF-MC BCP Server : Waiting for a connection...
2022-10-21 17:24:20,028 : mpfmc : SlidePlayer: Play called with settings={'slides': {welcome_slide-None-None: {'priority': None, 'target': None, 'background_color': [0.0, 0.0, 0.0, 1.0], 'show': True, 'force': False, 'expire': None, 'slide': None, 'tokens': {}, 'action': 'play', 'transition': None, 'transition_out': None}}}
2022-10-21 17:24:20,032 : kivy : GL: NPOT texture support is available
2022-10-21 17:24:20,033 : EventManager : Event: ======'slide_welcome_slide_created'====== Args={}
2022-10-21 17:24:20,034 : EventManager : Event: ======'slide_welcome_slide_active'====== Args={}
2022-10-21 17:24:20,035 : EventManager : Event: ======'client_disconnected'====== Args={'host': '127.0.0.1', 'port': 5050}
2022-10-21 17:24:23,410 : MPF-MC BCP Server : Received connection from: 127.0.0.1:49766
2022-10-21 17:24:23,415 : EventManager : Event: ======'client_connected'====== Args={'host': '127.0.0.1', 'port': 49766}
2022-10-21 17:24:23,427 : EventManager : Event: ======'machine_var_fast_net_firmware'====== Args={'value': '01.05', 'prev_value': None, 'change': True}
2022-10-21 17:24:23,427 : EventManager : Event: ======'machine_var_fast_net_model'====== Args={'value': 'FP-CPU-002-2', 'prev_value': None, 'change': True}
2022-10-21 17:24:23,427 : EventManager : Event: ======'machine_var_fast_rgb_firmware'====== Args={'value': '00.87', 'prev_value': None, 'change': True}
2022-10-21 17:24:23,427 : EventManager : Event: ======'machine_var_fast_rgb_model'====== Args={'value': 'FP-CPU-002-2', 'prev_value': None, 'change': True}
2022-10-21 17:24:23,427 : EventManager : Event: ======'machine_var_credits_string'====== Args={'value': 'FREE PLAY', 'prev_value': None, 'change': True}
2022-10-21 17:24:23,427 : EventManager : Event: ======'machine_var_master_volume'====== Args={'value': 0.5, 'prev_value': None, 'change': True}
2022-10-21 17:24:23,427 : EventManager : Event: ======'machine_var_player1_score'====== Args={'value': 4370, 'prev_value': None, 'change': True}
2022-10-21 17:24:23,427 : EventManager : Event: ======'machine_var_player2_score'====== Args={'value': 2080, 'prev_value': None, 'change': True}
2022-10-21 17:24:23,427 : EventManager : Event: ======'machine_var_mpf_version'====== Args={'value': 'MPF v0.55.0', 'prev_value': None, 'change': True}
2022-10-21 17:24:23,427 : EventManager : Event: ======'machine_var_mpf_extended_version'====== Args={'value': 'MPF v0.55.0, Config version:5, Show version: 5, BCP version:1.1', 'prev_value': None, 'change': True}
2022-10-21 17:24:23,427 : EventManager : Event: ======'machine_var_python_version'====== Args={'value': '3.7.8', 'prev_value': None, 'change': True}
2022-10-21 17:24:23,427 : EventManager : Event: ======'machine_var_platform'====== Args={'value': 'Windows-10-10.0.19041-SP0', 'prev_value': None, 'change': True}
2022-10-21 17:24:23,428 : EventManager : Event: ======'machine_var_platform_system'====== Args={'value': 'Windows', 'prev_value': None, 'change': True}
2022-10-21 17:24:23,428 : EventManager : Event: ======'machine_var_platform_release'====== Args={'value': '10', 'prev_value': None, 'change': True}
2022-10-21 17:24:23,428 : EventManager : Event: ======'machine_var_platform_version'====== Args={'value': '10.0.19041', 'prev_value': None, 'change': True}
2022-10-21 17:24:23,428 : EventManager : Event: ======'machine_var_platform_machine'====== Args={'value': 'AMD64', 'prev_value': None, 'change': True}
2022-10-21 17:24:23,428 : EventManager : Event: ======'machine_var_mc_version'====== Args={'value': 'MPF-MC v0.55.0', 'prev_value': None, 'change': True}
2022-10-21 17:24:23,428 : EventManager : Event: ======'machine_var_mc_extended_version'====== Args={'value': 'MPF-MC v0.55.0 (config_version=5, BCP v1.1, Requires MPF v0.55.0-dev.49)', 'prev_value': None, 'change': True}
2022-10-21 17:24:23,428 : SoundSystem : Setting master volume to 0.5
2022-10-21 17:24:24,102 : EventManager : Event: ======'machine_var_audits_events_game_ended'====== Args={'value': 0, 'prev_value': None, 'change': True}
2022-10-21 17:24:24,102 : EventManager : Event: ======'machine_var_audits_events_game_started'====== Args={'value': 0, 'prev_value': None, 'change': True}
2022-10-21 17:24:24,102 : EventManager : Event: ======'machine_var_audits_player_score'====== Args={'value': {'average': 3739.9999999999986, 'top': [25700, 18620, 17680, 14760, 11850, 11660, 10540, 10140, 10000, 9260], 'total': 89}, 'prev_value': None, 'change': True}
2022-10-21 17:24:24,102 : EventManager : Event: ======'machine_var_audits_shots_left_inlane'====== Args={'value': 61, 'prev_value': None, 'change': True}
2022-10-21 17:24:24,102 : EventManager : Event: ======'machine_var_audits_shots_left_outlane'====== Args={'value': 13, 'prev_value': None, 'change': True}
2022-10-21 17:24:24,102 : EventManager : Event: ======'machine_var_audits_shots_left_pop'====== Args={'value': 402, 'prev_value': None, 'change': True}
2022-10-21 17:24:24,102 : EventManager : Event: ======'machine_var_audits_shots_left_return'====== Args={'value': 12, 'prev_value': None, 'change': True}
2022-10-21 17:24:24,102 : EventManager : Event: ======'machine_var_audits_shots_lower_pop'====== Args={'value': 441, 'prev_value': None, 'change': True}
2022-10-21 17:24:24,102 : EventManager : Event: ======'machine_var_audits_shots_r_left_inlane'====== Args={'value': 44, 'prev_value': None, 'change': True}
2022-10-21 17:24:24,102 : EventManager : Event: ======'machine_var_audits_shots_r_left_outlane'====== Args={'value': 10, 'prev_value': None, 'change': True}
2022-10-21 17:24:24,102 : EventManager : Event: ======'machine_var_audits_shots_r_right_inlane'====== Args={'value': 395, 'prev_value': None, 'change': True}
2022-10-21 17:24:24,102 : EventManager : Event: ======'machine_var_audits_shots_r_right_outlane'====== Args={'value': 18, 'prev_value': None, 'change': True}
2022-10-21 17:24:24,103 : EventManager : Event: ======'machine_var_audits_shots_right_inlane'====== Args={'value': 395, 'prev_value': None, 'change': True}
2022-10-21 17:24:24,103 : EventManager : Event: ======'machine_var_audits_shots_right_outlane'====== Args={'value': 144, 'prev_value': None, 'change': True}
2022-10-21 17:24:24,103 : EventManager : Event: ======'machine_var_audits_shots_right_pop'====== Args={'value': 350, 'prev_value': None, 'change': True}
2022-10-21 17:24:24,103 : EventManager : Event: ======'machine_var_audits_shots_scoop'====== Args={'value': 180, 'prev_value': None, 'change': True}
2022-10-21 17:24:24,103 : EventManager : Event: ======'machine_var_audits_shots_single_drop_shot'====== Args={'value': 15, 'prev_value': None, 'change': True}
2022-10-21 17:24:24,103 : EventManager : Event: ======'machine_var_audits_switches_s_autolauncher'====== Args={'value': 447, 'prev_value': None, 'change': True}
2022-10-21 17:24:24,103 : EventManager : Event: ======'machine_var_audits_switches_s_back_pop'====== Args={'value': 49, 'prev_value': None, 'change': True}
2022-10-21 17:24:24,103 : EventManager : Event: ======'machine_var_audits_switches_s_back_rollover'====== Args={'value': 4, 'prev_value': None, 'change': True}
2022-10-21 17:24:24,103 : EventManager : Event: ======'machine_var_audits_switches_s_back_stationary'====== Args={'value': 4, 'prev_value': None, 'change': True}
2022-10-21 17:24:24,103 : EventManager : Event: ======'machine_var_audits_switches_s_bot_back'====== Args={'value': 1, 'prev_value': None, 'change': True}
2022-10-21 17:24:24,103 : EventManager : Event: ======'machine_var_audits_switches_s_bot_big'====== Args={'value': 15, 'prev_value': None, 'change': True}
2022-10-21 17:24:24,103 : EventManager : Event: ======'machine_var_audits_switches_s_bot_left'====== Args={'value': 0, 'prev_value': None, 'change': True}
2022-10-21 17:24:24,103 : EventManager : Event: ======'machine_var_audits_switches_s_bot_right'====== Args={'value': 1, 'prev_value': None, 'change': True}
2022-10-21 17:24:24,104 : EventManager : Event: ======'machine_var_audits_switches_s_bot_rollover'====== Args={'value': 1, 'prev_value': None, 'change': True}
2022-10-21 17:24:24,104 : EventManager : Event: ======'machine_var_audits_switches_s_bot_vuk'====== Args={'value': 59, 'prev_value': None, 'change': True}
2022-10-21 17:24:24,104 : EventManager : Event: ======'machine_var_audits_switches_s_drop_mid_left'====== Args={'value': 224, 'prev_value': None, 'change': True}
2022-10-21 17:24:24,104 : EventManager : Event: ======'machine_var_audits_switches_s_drop_mid_mid'====== Args={'value': 276, 'prev_value': None, 'change': True}
2022-10-21 17:24:24,104 : EventManager : Event: ======'machine_var_audits_switches_s_drop_mid_right'====== Args={'value': 139, 'prev_value': None, 'change': True}
2022-10-21 17:24:24,104 : EventManager : Event: ======'machine_var_audits_switches_s_drop_right_left'====== Args={'value': 59, 'prev_value': None, 'change': True}
2022-10-21 17:24:24,104 : EventManager : Event: ======'machine_var_audits_switches_s_drop_right_right'====== Args={'value': 98, 'prev_value': None, 'change': True}
2022-10-21 17:24:24,104 : EventManager : Event: ======'machine_var_audits_switches_s_drop_single'====== Args={'value': 65, 'prev_value': None, 'change': True}
2022-10-21 17:24:24,104 : EventManager : Event: ======'machine_var_audits_switches_s_drop_upper'====== Args={'value': 0, 'prev_value': None, 'change': True}
2022-10-21 17:24:24,104 : EventManager : Event: ======'machine_var_audits_switches_s_eos_left'====== Args={'value': 305, 'prev_value': None, 'change': True}
2022-10-21 17:24:24,104 : EventManager : Event: ======'machine_var_audits_switches_s_eos_left_top'====== Args={'value': 3189, 'prev_value': None, 'change': True}
2022-10-21 17:24:24,104 : EventManager : Event: ======'machine_var_audits_switches_s_eos_right'====== Args={'value': 5080, 'prev_value': None, 'change': True}
2022-10-21 17:24:24,104 : EventManager : Event: ======'machine_var_audits_switches_s_launch'====== Args={'value': 529, 'prev_value': None, 'change': True}
2022-10-21 17:24:24,105 : EventManager : Event: ======'machine_var_audits_switches_s_left_flipper'====== Args={'value': 3437, 'prev_value': None, 'change': True}
2022-10-21 17:24:24,105 : EventManager : Event: ======'machine_var_audits_switches_s_left_inlane'====== Args={'value': 95, 'prev_value': None, 'change': True}
2022-10-21 17:24:24,105 : EventManager : Event: ======'machine_var_audits_switches_s_left_orbit_prox'====== Args={'value': 87, 'prev_value': None, 'change': True}
2022-10-21 17:24:24,105 : EventManager : Event: ======'machine_var_audits_switches_s_left_outlane'====== Args={'value': 20, 'prev_value': None, 'change': True}
2022-10-21 17:24:24,105 : EventManager : Event: ======'machine_var_audits_switches_s_left_return'====== Args={'value': 12, 'prev_value': None, 'change': True}
2022-10-21 17:24:24,105 : EventManager : Event: ======'machine_var_audits_switches_s_pop_left'====== Args={'value': 594, 'prev_value': None, 'change': True}
2022-10-21 17:24:24,105 : EventManager : Event: ======'machine_var_audits_switches_s_pop_lower'====== Args={'value': 723, 'prev_value': None, 'change': True}
2022-10-21 17:24:24,105 : EventManager : Event: ======'machine_var_audits_switches_s_pop_right'====== Args={'value': 698, 'prev_value': None, 'change': True}
2022-10-21 17:24:24,105 : EventManager : Event: ======'machine_var_audits_switches_s_right_flipper'====== Args={'value': 4276, 'prev_value': None, 'change': True}
2022-10-21 17:24:24,105 : EventManager : Event: ======'machine_var_audits_switches_s_right_inlane'====== Args={'value': 417, 'prev_value': None, 'change': True}
2022-10-21 17:24:24,105 : EventManager : Event: ======'machine_var_audits_switches_s_right_outlane'====== Args={'value': 238, 'prev_value': None, 'change': True}
2022-10-21 17:24:24,105 : EventManager : Event: ======'machine_var_audits_switches_s_rollover_left'====== Args={'value': 153, 'prev_value': None, 'change': True}
2022-10-21 17:24:24,105 : EventManager : Event: ======'machine_var_audits_switches_s_rollover_right'====== Args={'value': 146, 'prev_value': None, 'change': True}
2022-10-21 17:24:24,115 : EventManager : Event: ======'machine_var_audits_switches_s_sling_left'====== Args={'value': 122, 'prev_value': None, 'change': True}
2022-10-21 17:24:24,115 : EventManager : Event: ======'machine_var_audits_switches_s_sling_right'====== Args={'value': 320, 'prev_value': None, 'change': True}
2022-10-21 17:24:24,115 : EventManager : Event: ======'machine_var_audits_switches_s_start'====== Args={'value': 209, 'prev_value': None, 'change': True}
2022-10-21 17:24:24,115 : EventManager : Event: ======'machine_var_audits_switches_s_tilt'====== Args={'value': 1060, 'prev_value': None, 'change': True}
2022-10-21 17:24:24,115 : EventManager : Event: ======'machine_var_audits_switches_s_transfer_rollover'====== Args={'value': 4, 'prev_value': None, 'change': True}
2022-10-21 17:24:24,115 : EventManager : Event: ======'machine_var_audits_switches_s_trough_1'====== Args={'value': 456, 'prev_value': None, 'change': True}
2022-10-21 17:24:24,115 : EventManager : Event: ======'machine_var_audits_switches_s_trough_2'====== Args={'value': 580, 'prev_value': None, 'change': True}
2022-10-21 17:24:24,115 : EventManager : Event: ======'machine_var_audits_switches_s_trough_3'====== Args={'value': 432, 'prev_value': None, 'change': True}
2022-10-21 17:24:24,115 : EventManager : Event: ======'machine_var_audits_switches_s_trough_4'====== Args={'value': 427, 'prev_value': None, 'change': True}
2022-10-21 17:24:24,115 : EventManager : Event: ======'machine_var_audits_switches_s_trough_5'====== Args={'value': 415, 'prev_value': None, 'change': True}
2022-10-21 17:24:24,115 : EventManager : Event: ======'machine_var_audits_switches_s_trough_6'====== Args={'value': 492, 'prev_value': None, 'change': True}
2022-10-21 17:24:24,115 : EventManager : Event: ======'machine_var_audits_switches_s_trough_jam'====== Args={'value': 558, 'prev_value': None, 'change': True}
2022-10-21 17:24:24,115 : EventManager : Event: ======'machine_var_audits_switches_s_upper_drop'====== Args={'value': 0, 'prev_value': None, 'change': True}
2022-10-21 17:24:24,115 : EventManager : Event: ======'machine_var_audits_switches_s_upper_rollover'====== Args={'value': 28, 'prev_value': None, 'change': True}
2022-10-21 17:24:24,115 : EventManager : Event: ======'machine_var_audits_switches_s_upper_stationary'====== Args={'value': 16, 'prev_value': None, 'change': True}
2022-10-21 17:24:24,116 : EventManager : Event: ======'machine_var_audits_switches_s_vuk_back'====== Args={'value': 1, 'prev_value': None, 'change': True}
2022-10-21 17:24:24,116 : EventManager : Event: ======'machine_var_audits_switches_s_vuk_right'====== Args={'value': 192, 'prev_value': None, 'change': True}
2022-10-21 17:24:24,116 : EventManager : Event: ======'machine_var_audits_switches_s_vuk_top'====== Args={'value': 978, 'prev_value': None, 'change': True}
2022-10-21 17:24:24,127 : EventManager : Event: ======'slides_play'====== Args={'settings': {'welcome_slide': {'target': None, 'background_color': [0.0, 0.0, 0.0, 1.0], 'priority': None, 'show': True, 'force': False, 'expire': None, 'slide': None, 'tokens': {}, 'action': 'play'}}, 'context': '_global', 'calling_context': 'init_done', 'priority': 0}
2022-10-21 17:24:24,127 : EventManager : Event: ======'mc_reset_phase_1'====== Args={}
2022-10-21 17:24:24,127 : mpfmc : SlidePlayer: Play called with settings={'welcome_slide': {'target': None, 'background_color': [0.0, 0.0, 0.0, 1.0], 'priority': None, 'show': True, 'force': False, 'expire': None, 'slide': None, 'tokens': {}, 'action': 'play'}}
2022-10-21 17:24:24,127 : EventManager : Event: ======'slide_welcome_slide_removed'====== Args={}
2022-10-21 17:24:24,129 : EventManager : Event: ======'slide_welcome_slide_created'====== Args={}
2022-10-21 17:24:24,129 : EventManager : Event: ======'mc_reset_phase_2'====== Args={}
2022-10-21 17:24:24,129 : EventManager : Event: ======'mc_reset_phase_3'====== Args={}
2022-10-21 17:24:24,129 : EventManager : Event: ======'mc_reset_complete'====== Args={}
2022-10-21 17:24:24,129 : EventManager : Event: ======'slide_welcome_slide_active'====== Args={}
2022-10-21 17:24:24,139 : EventManager : Event: ======'slides_play'====== Args={'settings': {'press_start': {'widgets': [{'type': 'Text', 'text': 'PRESS START', 'animations': {'pre_show_slide': [{'property': ['opacity'], 'value': ['0'], 'duration': 0.5, 'relative': False, 'timing': 'after_previous', 'repeat': False, 'easing': 'linear'}, {'property': ['opacity'], 'value': ['1'], 'duration': 0.5, 'repeat': False, 'relative': False, 'timing': 'after_previous', 'easing': 'linear'}]}, '_default_settings': ['type', 'text', 'animations'], 'x': None, 'y': None, 'anchor_x': 'center', 'anchor_y': 'center', 'round_anchor_x': None, 'round_anchor_y': None, 'opacity': 1.0, 'z': 0, 'reset_animations_events': {}, 'color': [1.0, 1.0, 1.0, 1.0], 'style': [], 'adjust_top': 0, 'adjust_bottom': 0, 'adjust_left': 0, 'adjust_right': 0, 'expire': None, 'key': None, 'widget': None, 'events_when_added': [], 'events_when_removed': [], 'font_size': 15, 'bitmap_font': False, 'font_kerning': True, 'bold': False, 'italic': False, 'number_grouping': False, 'min_digits': 0, 'halign': 'center', 'valign': 'middle', 'rotation': 0, 'scale': 1.0, 'casing': None}, {'type': 'Text', 'text': 'FREE PLAY', 'color': [0.0, 0.5019607843137255, 0.0, 1], 'y': '10', 'anchor_y': 'bottom', '_default_settings': ['type', 'text', 'color', 'y', 'anchor_y'], 'x': None, 'anchor_x': 'center', 'round_anchor_x': None, 'round_anchor_y': None, 'opacity': 1.0, 'z': 0, 'reset_animations_events': {}, 'style': [], 'adjust_top': 0, 'adjust_bottom': 0, 'adjust_left': 0, 'adjust_right': 0, 'expire': None, 'key': None, 'widget': None, 'events_when_added': [], 'events_when_removed': [], 'font_size': 15, 'bitmap_font': False, 'font_kerning': True, 'bold': False, 'italic': False, 'number_grouping': False, 'min_digits': 0, 'halign': 'center', 'valign': 'middle', 'rotation': 0, 'scale': 1.0, 'casing': None, 'animations': None}], 'transition': {'type': 'move_in', 'duration': 1.0, 'direction': 'right', 'easing': 'out_quad'}, 'target': None, 'background_color': [0.0, 0.0, 0.0, 1.0], 'priority': None, 'show': True, 'force': False, 'expire': None, 'slide': None, 'tokens': {}, 'action': 'play'}}, 'context': 'show_2', 'calling_context': 0, 'priority': 10, 'show_tokens': {}, 'start_time': 145.781}
2022-10-21 17:24:24,139 : mpfmc : SlidePlayer: Play called with settings={'press_start': {'widgets': [{'type': 'Text', 'text': 'PRESS START', 'animations': {'pre_show_slide': [{'property': ['opacity'], 'value': ['0'], 'duration': 0.5, 'relative': False, 'timing': 'after_previous', 'repeat': False, 'easing': 'linear'}, {'property': ['opacity'], 'value': ['1'], 'duration': 0.5, 'repeat': False, 'relative': False, 'timing': 'after_previous', 'easing': 'linear'}]}, '_default_settings': ['type', 'text', 'animations'], 'x': None, 'y': None, 'anchor_x': 'center', 'anchor_y': 'center', 'round_anchor_x': None, 'round_anchor_y': None, 'opacity': 1.0, 'z': 0, 'reset_animations_events': {}, 'color': [1.0, 1.0, 1.0, 1.0], 'style': [], 'adjust_top': 0, 'adjust_bottom': 0, 'adjust_left': 0, 'adjust_right': 0, 'expire': None, 'key': None, 'widget': None, 'events_when_added': [], 'events_when_removed': [], 'font_size': 15, 'bitmap_font': False, 'font_kerning': True, 'bold': False, 'italic': False, 'number_grouping': False, 'min_digits': 0, 'halign': 'center', 'valign': 'middle', 'rotation': 0, 'scale': 1.0, 'casing': None}, {'type': 'Text', 'text': 'FREE PLAY', 'color': [0.0, 0.5019607843137255, 0.0, 1], 'y': '10', 'anchor_y': 'bottom', '_default_settings': ['type', 'text', 'color', 'y', 'anchor_y'], 'x': None, 'anchor_x': 'center', 'round_anchor_x': None, 'round_anchor_y': None, 'opacity': 1.0, 'z': 0, 'reset_animations_events': {}, 'style': [], 'adjust_top': 0, 'adjust_bottom': 0, 'adjust_left': 0, 'adjust_right': 0, 'expire': None, 'key': None, 'widget': None, 'events_when_added': [], 'events_when_removed': [], 'font_size': 15, 'bitmap_font': False, 'font_kerning': True, 'bold': False, 'italic': False, 'number_grouping': False, 'min_digits': 0, 'halign': 'center', 'valign': 'middle', 'rotation': 0, 'scale': 1.0, 'casing': None, 'animations': None}], 'transition': {'type': 'move_in', 'duration': 1.0, 'direction': 'right', 'easing': 'out_quad'}, 'target': None, 'background_color': [0.0, 0.0, 0.0, 1.0], 'priority': None, 'show': True, 'force': False, 'expire': None, 'slide': None, 'tokens': {}, 'action': 'play'}}
2022-10-21 17:24:24,143 : EventManager : Event: ======'slide_press_start_created'====== Args={}
2022-10-21 17:24:24,144 : EventManager : Event: ======'slide_press_start_active'====== Args={}
2022-10-21 17:24:27,151 : EventManager : Event: ======'slides_play'====== Args={'settings': {'mission_pinball': {'widgets': [{'type': 'Text', 'text': 'MISSION PINBALL', 'color': [1.0, 0.0, 0.0, 1], '_default_settings': ['type', 'text', 'color'], 'x': None, 'y': None, 'anchor_x': 'center', 'anchor_y': 'center', 'round_anchor_x': None, 'round_anchor_y': None, 'opacity': 1.0, 'z': 0, 'reset_animations_events': {}, 'style': [], 'adjust_top': 0, 'adjust_bottom': 0, 'adjust_left': 0, 'adjust_right': 0, 'expire': None, 'key': None, 'widget': None, 'events_when_added': [], 'events_when_removed': [], 'font_size': 15, 'bitmap_font': False, 'font_kerning': True, 'bold': False, 'italic': False, 'number_grouping': False, 'min_digits': 0, 'halign': 'center', 'valign': 'middle', 'rotation': 0, 'scale': 1.0, 'casing': None, 'animations': None}], 'transition': {'type': 'move_in', 'duration': 1.0, 'direction': 'top', 'easing': 'out_quad'}, 'target': None, 'background_color': [0.0, 0.0, 0.0, 1.0], 'priority': None, 'show': True, 'force': False, 'expire': None, 'slide': None, 'tokens': {}, 'action': 'play'}}, 'context': 'show_2', 'calling_context': 1, 'priority': 10, 'show_tokens': {}, 'start_time': 148.781}
2022-10-21 17:24:27,151 : mpfmc : SlidePlayer: Play called with settings={'mission_pinball': {'widgets': [{'type': 'Text', 'text': 'MISSION PINBALL', 'color': [1.0, 0.0, 0.0, 1], '_default_settings': ['type', 'text', 'color'], 'x': None, 'y': None, 'anchor_x': 'center', 'anchor_y': 'center', 'round_anchor_x': None, 'round_anchor_y': None, 'opacity': 1.0, 'z': 0, 'reset_animations_events': {}, 'style': [], 'adjust_top': 0, 'adjust_bottom': 0, 'adjust_left': 0, 'adjust_right': 0, 'expire': None, 'key': None, 'widget': None, 'events_when_added': [], 'events_when_removed': [], 'font_size': 15, 'bitmap_font': False, 'font_kerning': True, 'bold': False, 'italic': False, 'number_grouping': False, 'min_digits': 0, 'halign': 'center', 'valign': 'middle', 'rotation': 0, 'scale': 1.0, 'casing': None, 'animations': None}], 'transition': {'type': 'move_in', 'duration': 1.0, 'direction': 'top', 'easing': 'out_quad'}, 'target': None, 'background_color': [0.0, 0.0, 0.0, 1.0], 'priority': None, 'show': True, 'force': False, 'expire': None, 'slide': None, 'tokens': {}, 'action': 'play'}}
2022-10-21 17:24:27,152 : EventManager : Event: ======'slide_mission_pinball_created'====== Args={}
2022-10-21 17:24:27,153 : EventManager : Event: ======'slide_mission_pinball_active'====== Args={}
2022-10-21 17:24:28,037 : EventManager : Event: ======'game_started'====== Args={}
2022-10-21 17:24:28,054 : EventManager : Event: ======'slides_clear'====== Args={'context': 'show_2'}
2022-10-21 17:24:28,054 : EventManager : Event: ======'player_added'====== Args={'player': <Player 1>, 'num': 1}
2022-10-21 17:24:28,054 : EventManager : Event: ======'player_index'====== Args={'value': 0, 'prev_value': 0, 'change': 0, 'player_num': 1}
2022-10-21 17:24:28,054 : EventManager : Event: ======'player_number'====== Args={'value': 1, 'prev_value': 1, 'change': 0, 'player_num': 1}
2022-10-21 17:24:28,054 : EventManager : Event: ======'player_score'====== Args={'value': 0, 'prev_value': 0, 'change': 0, 'player_num': 1}
2022-10-21 17:24:28,054 : EventManager : Event: ======'slide_press_start_removed'====== Args={}
2022-10-21 17:24:28,055 : EventManager : Event: ======'slide_mission_pinball_removed'====== Args={}
2022-10-21 17:24:28,055 : EventManager : Event: ======'slide_welcome_slide_active'====== Args={}
2022-10-21 17:24:28,071 : EventManager : Event: ======'player_ball'====== Args={'value': 1, 'prev_value': 0, 'change': 1, 'player_num': 1}
2022-10-21 17:24:28,071 : EventManager : Event: ======'player_turn_start'====== Args={'number': 1, 'player': <Player 1>}
2022-10-21 17:24:28,071 : EventManager : Event: ======'player_shot_left_inlane_enabled'====== Args={'value': True, 'prev_value': 0, 'change': 1, 'player_num': 1}
2022-10-21 17:24:28,071 : EventManager : Event: ======'player_shot_left_outlane_enabled'====== Args={'value': True, 'prev_value': 0, 'change': 1, 'player_num': 1}
2022-10-21 17:24:28,071 : EventManager : Event: ======'player_shot_right_inlane_enabled'====== Args={'value': True, 'prev_value': 0, 'change': 1, 'player_num': 1}
2022-10-21 17:24:28,071 : EventManager : Event: ======'player_shot_right_outlane_enabled'====== Args={'value': True, 'prev_value': 0, 'change': 1, 'player_num': 1}
2022-10-21 17:24:28,071 : EventManager : Event: ======'player_shot_left_orbit_enabled'====== Args={'value': True, 'prev_value': 0, 'change': 1, 'player_num': 1}
2022-10-21 17:24:28,071 : EventManager : Event: ======'player_shot_small_cw_orbit_enabled'====== Args={'value': True, 'prev_value': 0, 'change': 1, 'player_num': 1}
2022-10-21 17:24:28,071 : EventManager : Event: ======'player_shot_small_ccw_orbit_enabled'====== Args={'value': True, 'prev_value': 0, 'change': 1, 'player_num': 1}
2022-10-21 17:24:28,071 : EventManager : Event: ======'player_shot_left_pop_enabled'====== Args={'value': True, 'prev_value': 0, 'change': 1, 'player_num': 1}
2022-10-21 17:24:28,071 : EventManager : Event: ======'player_shot_right_pop_enabled'====== Args={'value': True, 'prev_value': 0, 'change': 1, 'player_num': 1}
2022-10-21 17:24:28,072 : EventManager : Event: ======'player_shot_lower_pop_enabled'====== Args={'value': True, 'prev_value': 0, 'change': 1, 'player_num': 1}
2022-10-21 17:24:28,072 : EventManager : Event: ======'player_shot_scoop_enabled'====== Args={'value': True, 'prev_value': 0, 'change': 1, 'player_num': 1}
2022-10-21 17:24:28,072 : EventManager : Event: ======'player_shot_left_return_enabled'====== Args={'value': True, 'prev_value': 0, 'change': 1, 'player_num': 1}
2022-10-21 17:24:28,072 : EventManager : Event: ======'player_shot_single_drop_shot_enabled'====== Args={'value': True, 'prev_value': 0, 'change': 1, 'player_num': 1}
2022-10-21 17:24:28,087 : EventManager : Event: ======'player_shot_r_left_outlane_enabled'====== Args={'value': True, 'prev_value': 0, 'change': 1, 'player_num': 1}
2022-10-21 17:24:28,087 : EventManager : Event: ======'player_shot_r_left_inlane_enabled'====== Args={'value': True, 'prev_value': 0, 'change': 1, 'player_num': 1}
2022-10-21 17:24:28,087 : EventManager : Event: ======'player_shot_r_right_inlane_enabled'====== Args={'value': True, 'prev_value': 0, 'change': 1, 'player_num': 1}
2022-10-21 17:24:28,087 : EventManager : Event: ======'player_shot_r_right_outlane_enabled'====== Args={'value': True, 'prev_value': 0, 'change': 1, 'player_num': 1}
2022-10-21 17:24:28,087 : EventManager : Event: ======'slides_play'====== Args={'settings': {'widgets': {'widgets': [{'type': 'text', 'text': '(score)', 'color': [0.0, 0.5019607843137255, 0.0, 1], 'number_grouping': True, 'min_digits': 2, 'font_size': 130, '_default_settings': ['type', 'text', 'color', 'number_grouping', 'min_digits', 'font_size'], 'x': None, 'y': None, 'anchor_x': 'center', 'anchor_y': 'center', 'round_anchor_x': None, 'round_anchor_y': None, 'opacity': 1.0, 'z': 0, 'reset_animations_events': {}, 'style': [], 'adjust_top': 0, 'adjust_bottom': 0, 'adjust_left': 0, 'adjust_right': 0, 'expire': None, 'key': None, 'widget': None, 'events_when_added': [], 'events_when_removed': [], 'bitmap_font': False, 'font_kerning': True, 'bold': False, 'italic': False, 'halign': 'center', 'valign': 'middle', 'rotation': 0, 'scale': 1.0, 'casing': None, 'animations': None}, {'type': 'text', 'text': 'PLAYER (number)', 'color': [0.0, 0.5019607843137255, 0.0, 1], 'y': '10', 'x': '10', 'font_size': 50, 'anchor_x': 'left', 'anchor_y': 'bottom', '_default_settings': ['type', 'text', 'color', 'y', 'x', 'font_size', 'anchor_x', 'anchor_y'], 'round_anchor_x': None, 'round_anchor_y': None, 'opacity': 1.0, 'z': 0, 'reset_animations_events': {}, 'style': [], 'adjust_top': 0, 'adjust_bottom': 0, 'adjust_left': 0, 'adjust_right': 0, 'expire': None, 'key': None, 'widget': None, 'events_when_added': [], 'events_when_removed': [], 'bitmap_font': False, 'font_kerning': True, 'bold': False, 'italic': False, 'number_grouping': False, 'min_digits': 0, 'halign': 'center', 'valign': 'middle', 'rotation': 0, 'scale': 1.0, 'casing': None, 'animations': None}, {'type': 'text', 'text': 'BALL (ball)', 'color': [0.0, 0.5019607843137255, 0.0, 1], 'y': '10', 'x': 'right-40', 'anchor_x': 'right', 'anchor_y': 'bottom', 'font_size': 50, '_default_settings': ['type', 'text', 'color', 'y', 'x', 'anchor_x', 'anchor_y', 'font_size'], 'round_anchor_x': None, 'round_anchor_y': None, 'opacity': 1.0, 'z': 0, 'reset_animations_events': {}, 'style': [], 'adjust_top': 0, 'adjust_bottom': 0, 'adjust_left': 0, 'adjust_right': 0, 'expire': None, 'key': None, 'widget': None, 'events_when_added': [], 'events_when_removed': [], 'bitmap_font': False, 'font_kerning': True, 'bold': False, 'italic': False, 'number_grouping': False, 'min_digits': 0, 'halign': 'center', 'valign': 'middle', 'rotation': 0, 'scale': 1.0, 'casing': None, 'animations': None}], 'target': None, 'background_color': [0.0, 0.0, 0.0, 1.0], 'priority': None, 'show': True, 'force': False, 'expire': None, 'slide': None, 'tokens': {}, 'action': 'play'}}, 'context': 'base', 'calling_context': 'mode_base_started', 'priority': 100, 'queue': '<QueuedEvent>', 'player': 1, 'ball': 1, 'balls_remaining': 2, 'is_extra_ball': False}
2022-10-21 17:24:28,088 : mpfmc : SlidePlayer: Play called with settings={'widgets': {'widgets': [{'type': 'text', 'text': '(score)', 'color': [0.0, 0.5019607843137255, 0.0, 1], 'number_grouping': True, 'min_digits': 2, 'font_size': 130, '_default_settings': ['type', 'text', 'color', 'number_grouping', 'min_digits', 'font_size'], 'x': None, 'y': None, 'anchor_x': 'center', 'anchor_y': 'center', 'round_anchor_x': None, 'round_anchor_y': None, 'opacity': 1.0, 'z': 0, 'reset_animations_events': {}, 'style': [], 'adjust_top': 0, 'adjust_bottom': 0, 'adjust_left': 0, 'adjust_right': 0, 'expire': None, 'key': None, 'widget': None, 'events_when_added': [], 'events_when_removed': [], 'bitmap_font': False, 'font_kerning': True, 'bold': False, 'italic': False, 'halign': 'center', 'valign': 'middle', 'rotation': 0, 'scale': 1.0, 'casing': None, 'animations': None}, {'type': 'text', 'text': 'PLAYER (number)', 'color': [0.0, 0.5019607843137255, 0.0, 1], 'y': '10', 'x': '10', 'font_size': 50, 'anchor_x': 'left', 'anchor_y': 'bottom', '_default_settings': ['type', 'text', 'color', 'y', 'x', 'font_size', 'anchor_x', 'anchor_y'], 'round_anchor_x': None, 'round_anchor_y': None, 'opacity': 1.0, 'z': 0, 'reset_animations_events': {}, 'style': [], 'adjust_top': 0, 'adjust_bottom': 0, 'adjust_left': 0, 'adjust_right': 0, 'expire': None, 'key': None, 'widget': None, 'events_when_added': [], 'events_when_removed': [], 'bitmap_font': False, 'font_kerning': True, 'bold': False, 'italic': False, 'number_grouping': False, 'min_digits': 0, 'halign': 'center', 'valign': 'middle', 'rotation': 0, 'scale': 1.0, 'casing': None, 'animations': None}, {'type': 'text', 'text': 'BALL (ball)', 'color': [0.0, 0.5019607843137255, 0.0, 1], 'y': '10', 'x': 'right-40', 'anchor_x': 'right', 'anchor_y': 'bottom', 'font_size': 50, '_default_settings': ['type', 'text', 'color', 'y', 'x', 'anchor_x', 'anchor_y', 'font_size'], 'round_anchor_x': None, 'round_anchor_y': None, 'opacity': 1.0, 'z': 0, 'reset_animations_events': {}, 'style': [], 'adjust_top': 0, 'adjust_bottom': 0, 'adjust_left': 0, 'adjust_right': 0, 'expire': None, 'key': None, 'widget': None, 'events_when_added': [], 'events_when_removed': [], 'bitmap_font': False, 'font_kerning': True, 'bold': False, 'italic': False, 'number_grouping': False, 'min_digits': 0, 'halign': 'center', 'valign': 'middle', 'rotation': 0, 'scale': 1.0, 'casing': None, 'animations': None}], 'target': None, 'background_color': [0.0, 0.0, 0.0, 1.0], 'priority': None, 'show': True, 'force': False, 'expire': None, 'slide': None, 'tokens': {}, 'action': 'play'}}
2022-10-21 17:24:28,092 : EventManager : Event: ======'slide_base.slide_player-mode_base_started_created'====== Args={}
2022-10-21 17:24:28,093 : EventManager : Event: ======'slide_base.slide_player-mode_base_started_active'====== Args={}
2022-10-21 17:24:28,185 : EventManager : Event: ======'machine_var_audits_switches_s_trough_1'====== Args={'value': 457, 'prev_value': 456, 'change': 1}
2022-10-21 17:24:28,210 : EventManager : Event: ======'machine_var_audits_switches_s_eos_right'====== Args={'value': 5081, 'prev_value': 5080, 'change': 1}
2022-10-21 17:24:28,235 : EventManager : Event: ======'machine_var_audits_switches_s_eos_right'====== Args={'value': 5082, 'prev_value': 5081, 'change': 1}
2022-10-21 17:24:28,456 : EventManager : Event: ======'machine_var_audits_switches_s_trough_jam'====== Args={'value': 559, 'prev_value': 558, 'change': 1}
2022-10-21 17:24:28,482 : EventManager : Event: ======'machine_var_audits_switches_s_autolauncher'====== Args={'value': 448, 'prev_value': 447, 'change': 1}
2022-10-21 17:24:29,907 : EventManager : Event: ======'machine_var_audits_switches_s_launch'====== Args={'value': 530, 'prev_value': 529, 'change': 1}
2022-10-21 17:24:30,465 : EventManager : Event: ======'machine_var_audits_switches_s_launch'====== Args={'value': 531, 'prev_value': 530, 'change': 1}
2022-10-21 17:24:31,647 : EventManager : Event: ======'machine_var_audits_switches_s_launch'====== Args={'value': 532, 'prev_value': 531, 'change': 1}
2022-10-21 17:24:32,060 : EventManager : Event: ======'machine_var_audits_switches_s_launch'====== Args={'value': 533, 'prev_value': 532, 'change': 1}
2022-10-21 17:24:32,371 : EventManager : Event: ======'machine_var_audits_switches_s_launch'====== Args={'value': 534, 'prev_value': 533, 'change': 1}
2022-10-21 17:24:32,643 : EventManager : Event: ======'machine_var_audits_switches_s_launch'====== Args={'value': 535, 'prev_value': 534, 'change': 1}
2022-10-21 17:24:33,058 : EventManager : Event: ======'machine_var_audits_switches_s_launch'====== Args={'value': 536, 'prev_value': 535, 'change': 1}
2022-10-21 17:24:33,499 : EventManager : Event: ======'machine_var_audits_switches_s_launch'====== Args={'value': 537, 'prev_value': 536, 'change': 1}
2022-10-21 17:24:33,940 : EventManager : Event: ======'machine_var_audits_switches_s_launch'====== Args={'value': 538, 'prev_value': 537, 'change': 1}
2022-10-21 17:24:34,393 : EventManager : Event: ======'machine_var_audits_switches_s_launch'====== Args={'value': 539, 'prev_value': 538, 'change': 1}
2022-10-21 17:24:34,743 : EventManager : Event: ======'machine_var_audits_switches_s_launch'====== Args={'value': 540, 'prev_value': 539, 'change': 1}
2022-10-21 17:24:35,039 : EventManager : Event: ======'machine_var_audits_switches_s_launch'====== Args={'value': 541, 'prev_value': 540, 'change': 1}
2022-10-21 17:24:35,399 : EventManager : Event: ======'machine_var_audits_switches_s_launch'====== Args={'value': 542, 'prev_value': 541, 'change': 1}
2022-10-21 17:24:47,466 : EventManager : Event: ======'machine_var_audits_switches_s_launch'====== Args={'value': 543, 'prev_value': 542, 'change': 1}
2022-10-21 17:24:47,829 : EventManager : Event: ======'machine_var_audits_switches_s_launch'====== Args={'value': 544, 'prev_value': 543, 'change': 1}
2022-10-21 17:24:48,141 : EventManager : Event: ======'machine_var_audits_switches_s_launch'====== Args={'value': 545, 'prev_value': 544, 'change': 1}
2022-10-21 17:24:48,501 : EventManager : Event: ======'machine_var_audits_switches_s_launch'====== Args={'value': 546, 'prev_value': 545, 'change': 1}
2022-10-21 17:24:49,436 : EventManager : Event: ======'machine_var_audits_switches_s_launch'====== Args={'value': 547, 'prev_value': 546, 'change': 1}
2022-10-21 17:24:50,757 : EventManager : Event: ======'machine_var_audits_switches_s_launch'====== Args={'value': 548, 'prev_value': 547, 'change': 1}
2022-10-21 17:24:56,742 : kivy : Base: Leaving application in progress...
