2022-10-06 07:37:45,654 : INFO : root : Loading config.
2022-10-06 07:37:45,657 : INFO : YamlMultifileConfigLoader : Machine config file #1: config.yaml
2022-10-06 07:37:45,658 : INFO : ConfigProcessor : Loading config from cache: C:\Users\Tanner\AppData\Local\Temp\a6762098cb994b55cb03a478b26022ee.mpf_cache
2022-10-06 07:37:45,717 : INFO : ConfigProcessor : Loading config from cache: C:\Users\Tanner\AppData\Local\Temp\9cf7ccc27b21f4d6162237fadfc53e5a.mpf_cache
2022-10-06 07:37:45,717 : INFO : ConfigProcessor : Loading config from cache: C:\Users\Tanner\AppData\Local\Temp\c215df352878fee5d54f1a5ec5b16e7c.mpf_cache
2022-10-06 07:37:45,718 : INFO : ConfigProcessor : Loading config from cache: C:\Users\Tanner\AppData\Local\Temp\708062243e0edcfa77dd6b1521bd0d4e.mpf_cache
2022-10-06 07:37:45,719 : INFO : ConfigProcessor : Loading config from cache: C:\Users\Tanner\AppData\Local\Temp\c4174472f67f7b070dd6fb437c6feb0c.mpf_cache
2022-10-06 07:37:45,720 : INFO : ConfigProcessor : Loading config from cache: C:\Users\Tanner\AppData\Local\Temp\abaa92c43d134e3392cbb2346e6a16be.mpf_cache
2022-10-06 07:37:45,720 : INFO : ConfigProcessor : Loading config from cache: C:\Users\Tanner\AppData\Local\Temp\fc46d53fcb9fe6b8abf783d9c813390a.mpf_cache
2022-10-06 07:37:45,721 : INFO : Machine : Mission Pinball Framework Core Engine v0.55.0
2022-10-06 07:37:45,721 : INFO : Machine : Command line arguments: {'no_load_cache': False, 'create_config_cache': True, 'bcp': False, 'configfile': ['config.yaml'], 'force_assets_load': False, 'jsonlogging': False, 'logfile': 'logs\\2022-10-06-07-37-45-mpf-DESKTOP-7HNFDQ5.log', 'pause': False, 'production': False, 'text_ui': True, 'loglevel': 15, 'consoleloglevel': 20, 'force_platform': None, 'syslog_address': None, 'mc_file_name': None, 'no_sound': False}
2022-10-06 07:37:45,721 : INFO : Machine : MPF path: c:\users\tanner\appdata\local\programs\python\python37\lib\site-packages\mpf
2022-10-06 07:37:45,721 : INFO : Machine : Machine path: c:\trashland_2
2022-10-06 07:37:45,721 : INFO : Machine : Platform: win32
2022-10-06 07:37:45,721 : INFO : Machine : Python executable location: c:\users\tanner\appdata\local\programs\python\python37\python.exe
2022-10-06 07:37:45,721 : INFO : Machine : Python version: 3.7.8 (64-bit)
2022-10-06 07:37:45,723 : INFO : Machine : Initialise MPF.
2022-10-06 07:37:45,951 : INFO : FAST : Connecting to com9 at 921600bps
2022-10-06 07:37:45,994 : INFO : FAST : Connected! Processor: NET, Board Type: FP-CPU-002-2, Firmware: 01.05
2022-10-06 07:37:45,994 : INFO : EventManager : Event: ======'machine_var_fast_net_firmware'====== Args={'value': '01.05', 'prev_value': None, 'change': True}
2022-10-06 07:37:45,994 : INFO : EventManager : Event: ======'machine_var_fast_net_model'====== Args={'value': 'FP-CPU-002-2', 'prev_value': None, 'change': True}
2022-10-06 07:37:48,366 : WARNING : FAST : Got unexpected message from FAST: -N:2B
2022-10-06 07:37:48,366 : WARNING : FAST : Got unexpected message from FAST: -N:2C
2022-10-06 07:37:48,366 : WARNING : FAST : Got unexpected message from FAST: -N:30
2022-10-06 07:37:48,366 : WARNING : FAST : Got unexpected message from FAST: -N:33
2022-10-06 07:37:48,366 : WARNING : FAST : Got unexpected message from FAST: -N:34
2022-10-06 07:37:48,366 : WARNING : FAST : Got unexpected message from FAST: -N:38
2022-10-06 07:37:48,366 : WARNING : FAST : Got unexpected message from FAST: -N:40
2022-10-06 07:37:48,366 : WARNING : FAST : Got unexpected message from FAST: -N:41
2022-10-06 07:37:48,366 : WARNING : FAST : Got unexpected message from FAST: -N:42
2022-10-06 07:37:48,366 : WARNING : FAST : Got unexpected message from FAST: -N:43
2022-10-06 07:37:48,367 : WARNING : FAST : Got unexpected message from FAST: -N:44
2022-10-06 07:37:48,476 : INFO : FAST : Connecting to com10 at 921600bps
2022-10-06 07:37:48,507 : INFO : FAST : Connected! Processor: RGB, Board Type: FP-CPU-002-2, Firmware: 00.87
2022-10-06 07:37:48,507 : INFO : EventManager : Event: ======'machine_var_fast_rgb_firmware'====== Args={'value': '00.87', 'prev_value': None, 'change': True}
2022-10-06 07:37:48,507 : INFO : EventManager : Event: ======'machine_var_fast_rgb_model'====== Args={'value': 'FP-CPU-002-2', 'prev_value': None, 'change': True}
2022-10-06 07:37:48,508 : INFO : EventManager : Event: ======'machine_var_credits_string'====== Args={'value': 'FREE PLAY', 'prev_value': None, 'change': True}
2022-10-06 07:37:48,548 : INFO : EventManager : Event: ======'machine_var_master_volume'====== Args={'value': 0.5, 'prev_value': None, 'change': True}
2022-10-06 07:37:48,548 : INFO : EventManager : Event: ======'machine_var_mpf_version'====== Args={'value': 'MPF v0.55.0', 'prev_value': None, 'change': True}
2022-10-06 07:37:48,548 : INFO : EventManager : Event: ======'machine_var_mpf_extended_version'====== Args={'value': 'MPF v0.55.0, Config version:5, Show version: 5, BCP version:1.1', 'prev_value': None, 'change': True}
2022-10-06 07:37:48,548 : INFO : EventManager : Event: ======'machine_var_python_version'====== Args={'value': '3.7.8', 'prev_value': None, 'change': True}
2022-10-06 07:37:48,548 : INFO : EventManager : Event: ======'machine_var_platform'====== Args={'value': 'Windows-10-10.0.19041-SP0', 'prev_value': None, 'change': True}
2022-10-06 07:37:48,548 : INFO : EventManager : Event: ======'machine_var_platform_system'====== Args={'value': 'Windows', 'prev_value': None, 'change': True}
2022-10-06 07:37:48,548 : INFO : EventManager : Event: ======'machine_var_platform_release'====== Args={'value': '10', 'prev_value': None, 'change': True}
2022-10-06 07:37:48,548 : INFO : EventManager : Event: ======'machine_var_platform_version'====== Args={'value': '10.0.19041', 'prev_value': None, 'change': True}
2022-10-06 07:37:48,548 : INFO : EventManager : Event: ======'machine_var_platform_machine'====== Args={'value': 'AMD64', 'prev_value': None, 'change': True}
2022-10-06 07:37:48,550 : INFO : EventManager : Event: ======'init_phase_1'====== Args={}
2022-10-06 07:37:48,588 : INFO : EventManager : Event: ======'drop_target_bank_mid_up'====== Args={}
2022-10-06 07:37:48,588 : INFO : EventManager : Event: ======'drop_target_bank_right_up'====== Args={}
2022-10-06 07:37:48,598 : INFO : EventManager : Event: ======'init_phase_2'====== Args={}
2022-10-06 07:37:48,599 : INFO : SwitchController : Found active switch: (('2C', 1), <Platform.FAST>) <switch.s_drop_mid_mid>
2022-10-06 07:37:48,599 : INFO : SwitchController : Found active switch: (('2B', 1), <Platform.FAST>) <switch.s_drop_mid_left>
2022-10-06 07:37:48,599 : INFO : SwitchController : Found active switch: (('30', 1), <Platform.FAST>) <switch.s_drop_right_right>
2022-10-06 07:37:48,599 : INFO : SwitchController : Found active switch: (('3E', 1), <Platform.FAST>) <switch.s_trough_1>
2022-10-06 07:37:48,599 : INFO : SwitchController : Found active switch: (('3D', 1), <Platform.FAST>) <switch.s_trough_jam>
2022-10-06 07:37:48,599 : INFO : SwitchController : Found active switch: (('3C', 1), <Platform.FAST>) <switch.s_eos_right>
2022-10-06 07:37:48,599 : INFO : SwitchController : Found active switch: (('3B', 1), <Platform.FAST>) <switch.s_eos_left>
2022-10-06 07:37:48,599 : INFO : SwitchController : Found active switch: (('5D', 1), <Platform.FAST>) <switch.s_bot_vuk>
2022-10-06 07:37:48,606 : INFO : ball_device.bd_trough : BCH: Initial count: 2
2022-10-06 07:37:48,606 : INFO : ball_device.bd_trough : State: idle
2022-10-06 07:37:48,607 : INFO : ball_device.bd_plunger : BCH: Initial count: 0
2022-10-06 07:37:48,607 : INFO : ball_device.bd_plunger : State: idle
2022-10-06 07:37:48,607 : INFO : ball_device.bd_top_vuk : BCH: Initial count: 0
2022-10-06 07:37:48,608 : INFO : ball_device.bd_top_vuk : State: idle
2022-10-06 07:37:48,608 : INFO : ball_device.bd_right_vuk : BCH: Initial count: 0
2022-10-06 07:37:48,608 : INFO : ball_device.bd_right_vuk : State: idle
2022-10-06 07:37:48,646 : INFO : EventManager : Event: ======'init_phase_3'====== Args={}
2022-10-06 07:37:48,679 : INFO : EventManager : Event: ======'init_phase_4'====== Args={}
2022-10-06 07:37:48,680 : INFO : EventManager : Event: ======'playfield_active'====== Args={}
2022-10-06 07:37:48,680 : INFO : EventManager : Event: ======'unexpected_ball_on_playfield'====== Args={}
2022-10-06 07:37:48,680 : INFO : EventManager : Event: ======'playfield_active'====== Args={}
2022-10-06 07:37:48,680 : INFO : EventManager : Event: ======'unexpected_ball_on_playfield'====== Args={}
2022-10-06 07:37:48,680 : INFO : EventManager : Event: ======'playfield_active'====== Args={}
2022-10-06 07:37:48,680 : INFO : EventManager : Event: ======'unexpected_ball_on_playfield'====== Args={}
2022-10-06 07:37:48,680 : INFO : EventManager : Event: ======'drop_target_mid_mid_down'====== Args={'device': <drop_target.mid_mid>}
2022-10-06 07:37:48,680 : INFO : EventManager : Event: ======'drop_target_bank_mid_mixed'====== Args={'prev_value': <DropTargetBankState.UP: 'up'>, 'down': 1}
2022-10-06 07:37:48,680 : INFO : EventManager : Event: ======'playfield_active'====== Args={}
2022-10-06 07:37:48,680 : INFO : EventManager : Event: ======'unexpected_ball_on_playfield'====== Args={}
2022-10-06 07:37:48,680 : INFO : EventManager : Event: ======'drop_target_mid_left_down'====== Args={'device': <drop_target.mid_left>}
2022-10-06 07:37:48,681 : INFO : EventManager : Event: ======'drop_target_bank_mid_mixed'====== Args={'prev_value': <DropTargetBankState.MIXED: 'mixed'>, 'down': 2}
2022-10-06 07:37:48,681 : INFO : EventManager : Event: ======'playfield_active'====== Args={}
2022-10-06 07:37:48,681 : INFO : EventManager : Event: ======'unexpected_ball_on_playfield'====== Args={}
2022-10-06 07:37:48,681 : INFO : EventManager : Event: ======'drop_target_right_right_down'====== Args={'device': <drop_target.right_right>}
2022-10-06 07:37:48,681 : INFO : EventManager : Event: ======'drop_target_bank_right_mixed'====== Args={'prev_value': <DropTargetBankState.UP: 'up'>, 'down': 1}
2022-10-06 07:37:48,681 : INFO : EventManager : Event: ======'playfield_active'====== Args={}
2022-10-06 07:37:48,681 : INFO : EventManager : Event: ======'unexpected_ball_on_playfield'====== Args={}
2022-10-06 07:37:48,681 : INFO : BallController : Initial balls found: 2
2022-10-06 07:37:48,683 : INFO : EventManager : Event: ======'machine_var_audits_events_game_ended'====== Args={'value': 0, 'prev_value': None, 'change': True}
2022-10-06 07:37:48,683 : INFO : EventManager : Event: ======'machine_var_audits_events_game_started'====== Args={'value': 0, 'prev_value': None, 'change': True}
2022-10-06 07:37:48,683 : INFO : EventManager : Event: ======'machine_var_audits_player_score'====== Args={'value': {'average': 0, 'top': [], 'total': 0}, 'prev_value': None, 'change': True}
2022-10-06 07:37:48,683 : INFO : EventManager : Event: ======'machine_var_audits_switches_s_autolauncher'====== Args={'value': 75, 'prev_value': None, 'change': True}
2022-10-06 07:37:48,684 : INFO : EventManager : Event: ======'machine_var_audits_switches_s_back_pop'====== Args={'value': 0, 'prev_value': None, 'change': True}
2022-10-06 07:37:48,684 : INFO : EventManager : Event: ======'machine_var_audits_switches_s_back_rollover'====== Args={'value': 0, 'prev_value': None, 'change': True}
2022-10-06 07:37:48,684 : INFO : EventManager : Event: ======'machine_var_audits_switches_s_back_stationary'====== Args={'value': 0, 'prev_value': None, 'change': True}
2022-10-06 07:37:48,684 : INFO : EventManager : Event: ======'machine_var_audits_switches_s_bot_back'====== Args={'value': 0, 'prev_value': None, 'change': True}
2022-10-06 07:37:48,684 : INFO : EventManager : Event: ======'machine_var_audits_switches_s_bot_big'====== Args={'value': 0, 'prev_value': None, 'change': True}
2022-10-06 07:37:48,684 : INFO : EventManager : Event: ======'machine_var_audits_switches_s_bot_left'====== Args={'value': 0, 'prev_value': None, 'change': True}
2022-10-06 07:37:48,684 : INFO : EventManager : Event: ======'machine_var_audits_switches_s_bot_right'====== Args={'value': 0, 'prev_value': None, 'change': True}
2022-10-06 07:37:48,685 : INFO : EventManager : Event: ======'machine_var_audits_switches_s_bot_rollover'====== Args={'value': 0, 'prev_value': None, 'change': True}
2022-10-06 07:37:48,685 : INFO : EventManager : Event: ======'machine_var_audits_switches_s_bot_vuk'====== Args={'value': 0, 'prev_value': None, 'change': True}
2022-10-06 07:37:48,685 : INFO : EventManager : Event: ======'machine_var_audits_switches_s_drop_mid_left'====== Args={'value': 57, 'prev_value': None, 'change': True}
2022-10-06 07:37:48,685 : INFO : EventManager : Event: ======'machine_var_audits_switches_s_drop_mid_mid'====== Args={'value': 62, 'prev_value': None, 'change': True}
2022-10-06 07:37:48,685 : INFO : EventManager : Event: ======'machine_var_audits_switches_s_drop_mid_right'====== Args={'value': 5, 'prev_value': None, 'change': True}
2022-10-06 07:37:48,685 : INFO : EventManager : Event: ======'machine_var_audits_switches_s_drop_right_left'====== Args={'value': 15, 'prev_value': None, 'change': True}
2022-10-06 07:37:48,685 : INFO : EventManager : Event: ======'machine_var_audits_switches_s_drop_right_right'====== Args={'value': 28, 'prev_value': None, 'change': True}
2022-10-06 07:37:48,686 : INFO : EventManager : Event: ======'machine_var_audits_switches_s_drop_single'====== Args={'value': 40, 'prev_value': None, 'change': True}
2022-10-06 07:37:48,686 : INFO : EventManager : Event: ======'machine_var_audits_switches_s_eos_left'====== Args={'value': 71, 'prev_value': None, 'change': True}
2022-10-06 07:37:48,686 : INFO : EventManager : Event: ======'machine_var_audits_switches_s_eos_left_top'====== Args={'value': 305, 'prev_value': None, 'change': True}
2022-10-06 07:37:48,686 : INFO : EventManager : Event: ======'machine_var_audits_switches_s_eos_right'====== Args={'value': 96, 'prev_value': None, 'change': True}
2022-10-06 07:37:48,686 : INFO : EventManager : Event: ======'machine_var_audits_switches_s_launch'====== Args={'value': 34, 'prev_value': None, 'change': True}
2022-10-06 07:37:48,686 : INFO : EventManager : Event: ======'machine_var_audits_switches_s_left_flipper'====== Args={'value': 382, 'prev_value': None, 'change': True}
2022-10-06 07:37:48,687 : INFO : EventManager : Event: ======'machine_var_audits_switches_s_left_inlane'====== Args={'value': 9, 'prev_value': None, 'change': True}
2022-10-06 07:37:48,687 : INFO : EventManager : Event: ======'machine_var_audits_switches_s_left_outlane'====== Args={'value': 1, 'prev_value': None, 'change': True}
2022-10-06 07:37:48,687 : INFO : EventManager : Event: ======'machine_var_audits_switches_s_pop_left'====== Args={'value': 69, 'prev_value': None, 'change': True}
2022-10-06 07:37:48,687 : INFO : EventManager : Event: ======'machine_var_audits_switches_s_pop_lower'====== Args={'value': 93, 'prev_value': None, 'change': True}
2022-10-06 07:37:48,687 : INFO : EventManager : Event: ======'machine_var_audits_switches_s_pop_right'====== Args={'value': 98, 'prev_value': None, 'change': True}
2022-10-06 07:37:48,687 : INFO : EventManager : Event: ======'machine_var_audits_switches_s_right_flipper'====== Args={'value': 444, 'prev_value': None, 'change': True}
2022-10-06 07:37:48,688 : INFO : EventManager : Event: ======'machine_var_audits_switches_s_right_inlane'====== Args={'value': 0, 'prev_value': None, 'change': True}
2022-10-06 07:37:48,688 : INFO : EventManager : Event: ======'machine_var_audits_switches_s_right_outlane'====== Args={'value': 21, 'prev_value': None, 'change': True}
2022-10-06 07:37:48,688 : INFO : EventManager : Event: ======'machine_var_audits_switches_s_rollover_left'====== Args={'value': 13, 'prev_value': None, 'change': True}
2022-10-06 07:37:48,688 : INFO : EventManager : Event: ======'machine_var_audits_switches_s_rollover_right'====== Args={'value': 17, 'prev_value': None, 'change': True}
2022-10-06 07:37:48,688 : INFO : EventManager : Event: ======'machine_var_audits_switches_s_sling_left'====== Args={'value': 24, 'prev_value': None, 'change': True}
2022-10-06 07:37:48,689 : INFO : EventManager : Event: ======'machine_var_audits_switches_s_sling_right'====== Args={'value': 28, 'prev_value': None, 'change': True}
2022-10-06 07:37:48,689 : INFO : EventManager : Event: ======'machine_var_audits_switches_s_start'====== Args={'value': 117, 'prev_value': None, 'change': True}
2022-10-06 07:37:48,689 : INFO : EventManager : Event: ======'machine_var_audits_switches_s_tilt'====== Args={'value': 63, 'prev_value': None, 'change': True}
2022-10-06 07:37:48,689 : INFO : EventManager : Event: ======'machine_var_audits_switches_s_transfer_rollover'====== Args={'value': 0, 'prev_value': None, 'change': True}
2022-10-06 07:37:48,689 : INFO : EventManager : Event: ======'machine_var_audits_switches_s_trough_1'====== Args={'value': 57, 'prev_value': None, 'change': True}
2022-10-06 07:37:48,690 : INFO : EventManager : Event: ======'machine_var_audits_switches_s_trough_2'====== Args={'value': 82, 'prev_value': None, 'change': True}
2022-10-06 07:37:48,690 : INFO : EventManager : Event: ======'machine_var_audits_switches_s_trough_3'====== Args={'value': 66, 'prev_value': None, 'change': True}
2022-10-06 07:37:48,690 : INFO : EventManager : Event: ======'machine_var_audits_switches_s_trough_4'====== Args={'value': 66, 'prev_value': None, 'change': True}
2022-10-06 07:37:48,690 : INFO : EventManager : Event: ======'machine_var_audits_switches_s_trough_5'====== Args={'value': 69, 'prev_value': None, 'change': True}
2022-10-06 07:37:48,690 : INFO : EventManager : Event: ======'machine_var_audits_switches_s_trough_6'====== Args={'value': 92, 'prev_value': None, 'change': True}
2022-10-06 07:37:48,691 : INFO : EventManager : Event: ======'machine_var_audits_switches_s_trough_jam'====== Args={'value': 108, 'prev_value': None, 'change': True}
2022-10-06 07:37:48,691 : INFO : EventManager : Event: ======'machine_var_audits_switches_s_upper_drop'====== Args={'value': 0, 'prev_value': None, 'change': True}
2022-10-06 07:37:48,691 : INFO : EventManager : Event: ======'machine_var_audits_switches_s_upper_rollover'====== Args={'value': 0, 'prev_value': None, 'change': True}
2022-10-06 07:37:48,691 : INFO : EventManager : Event: ======'machine_var_audits_switches_s_upper_stationary'====== Args={'value': 0, 'prev_value': None, 'change': True}
2022-10-06 07:37:48,692 : INFO : EventManager : Event: ======'machine_var_audits_switches_s_vuk_back'====== Args={'value': 1, 'prev_value': None, 'change': True}
2022-10-06 07:37:48,692 : INFO : EventManager : Event: ======'machine_var_audits_switches_s_vuk_right'====== Args={'value': 2, 'prev_value': None, 'change': True}
2022-10-06 07:37:48,692 : INFO : EventManager : Event: ======'machine_var_audits_switches_s_vuk_top'====== Args={'value': 0, 'prev_value': None, 'change': True}
2022-10-06 07:37:48,693 : INFO : EventManager : Event: ======'init_phase_5'====== Args={}
2022-10-06 07:37:48,737 : INFO : EventManager : Event: ======'init_done'====== Args={}
2022-10-06 07:37:48,737 : INFO : EventManager : Event: ======'machine_reset_phase_1'====== Args={}
2022-10-06 07:37:48,738 : INFO : EventManager : Event: ======'machine_reset_phase_2'====== Args={}
2022-10-06 07:37:48,739 : INFO : EventManager : Event: ======'machine_reset_phase_3'====== Args={}
2022-10-06 07:37:48,739 : INFO : EventManager : Event: ======'mode_tilt_will_start'====== Args={'queue': <QueuedEvent>}
2022-10-06 07:37:48,740 : INFO : EventManager : Event: ======'mode_tilt_starting'====== Args={'queue': <QueuedEvent>}
2022-10-06 07:37:48,740 : INFO : drop_target_bank.mid : 2 targets are down. Will reset those.
2022-10-06 07:37:48,740 : INFO : coil.c_drop_mid : Pulsing Driver for 50ms (0.7 pulse_power)
2022-10-06 07:37:48,740 : INFO : drop_target_bank.right : 1 targets are down. Will reset those.
2022-10-06 07:37:48,741 : INFO : Mode.tilt : Started. Priority: 1000000
2022-10-06 07:37:48,741 : INFO : EventManager : Event: ======'modes_active_modes_changed'====== Args={}
2022-10-06 07:37:48,741 : INFO : EventManager : Event: ======'mode_tilt_started'====== Args={'queue': <QueuedEvent>}
2022-10-06 07:37:48,741 : INFO : EventManager : Event: ======'reset_complete'====== Args={}
2022-10-06 07:37:48,741 : INFO : EventManager : Event: ======'mode_attract_will_start'====== Args={}
2022-10-06 07:37:48,742 : INFO : EventManager : Event: ======'mode_attract_starting'====== Args={}
2022-10-06 07:37:48,742 : INFO : Mode.attract : Started. Priority: 10
2022-10-06 07:37:48,742 : INFO : EventManager : Event: ======'modes_active_modes_changed'====== Args={}
2022-10-06 07:37:48,742 : INFO : EventManager : Event: ======'mode_attract_started'====== Args={}
2022-10-06 07:37:48,742 : INFO : EventManager : Event: ======'collecting_balls_complete'====== Args={}
2022-10-06 07:37:48,763 : INFO : Machine : Starting the main run loop.
2022-10-06 07:37:48,793 : INFO : coil.c_drop_right : Pulsing Driver for 10ms (1.0 pulse_power)
2022-10-06 07:37:48,825 : INFO : coil.c_drop_right : Pulsing Driver for 10ms (1.0 pulse_power)
2022-10-06 07:37:49,243 : INFO : EventManager : Event: ======'drop_target_bank_right_mixed'====== Args={'prev_value': <DropTargetBankState.MIXED: 'mixed'>, 'down': 1}
2022-10-06 07:37:49,243 : INFO : EventManager : Event: ======'drop_target_bank_mid_mixed'====== Args={'prev_value': <DropTargetBankState.MIXED: 'mixed'>, 'down': 2}
2022-10-06 07:37:49,777 : INFO : SwitchController : <<<<<<< 's_start' active >>>>>>>
2022-10-06 07:37:49,964 : INFO : SwitchController : <<<<<<< 's_start' inactive >>>>>>>
2022-10-06 07:37:49,964 : INFO : EventManager : Event: ======'request_to_start_game'====== Args={}
2022-10-06 07:37:49,964 : INFO : EventManager : Event: ======'game_start'====== Args={'buttons': [], 'hold_time': 0.18800000000010186}
2022-10-06 07:37:49,965 : INFO : EventManager : Event: ======'mode_game_will_start'====== Args={'buttons': [], 'hold_time': 0.18800000000010186}
2022-10-06 07:37:49,965 : INFO : EventManager : Event: ======'mode_game_starting'====== Args={'buttons': [], 'hold_time': 0.18800000000010186}
2022-10-06 07:37:49,965 : INFO : EventManager : Event: ======'mode_attract_will_stop'====== Args={}
2022-10-06 07:37:49,965 : INFO : EventManager : Event: ======'mode_attract_stopping'====== Args={}
2022-10-06 07:37:49,965 : INFO : Mode.attract : Stopped.
2022-10-06 07:37:49,965 : INFO : EventManager : Event: ======'modes_active_modes_changed'====== Args={}
2022-10-06 07:37:49,965 : INFO : EventManager : Event: ======'mode_attract_stopped'====== Args={}
2022-10-06 07:37:49,965 : INFO : EventManager : Event: ======'clear'====== Args={'key': 'attract'}
2022-10-06 07:37:49,965 : INFO : Mode.game : Started. Priority: 20
2022-10-06 07:37:49,966 : INFO : EventManager : Event: ======'modes_active_modes_changed'====== Args={}
2022-10-06 07:37:49,966 : INFO : EventManager : Event: ======'mode_game_started'====== Args={'buttons': [], 'hold_time': 0.18800000000010186}
2022-10-06 07:37:49,971 : INFO : EventManager : Event: ======'game_will_start'====== Args={}
2022-10-06 07:37:49,972 : INFO : EventManager : Event: ======'game_starting'====== Args={'game': <Mode.game>}
2022-10-06 07:37:49,972 : INFO : EventManager : Event: ======'player_add_request'====== Args={}
2022-10-06 07:37:49,973 : INFO : EventManager : Event: ======'player_will_add'====== Args={'number': 1}
2022-10-06 07:37:49,973 : INFO : EventManager : Event: ======'player_adding'====== Args={'player': <Player 1>, 'number': 1}
2022-10-06 07:37:49,973 : INFO : EventManager : Event: ======'player_added'====== Args={'player': <Player 1>, 'num': 1}
2022-10-06 07:37:49,973 : INFO : Mode.game : Player added successfully. Total players: 1
2022-10-06 07:37:49,973 : INFO : EventManager : Event: ======'player_index'====== Args={'value': 0, 'prev_value': 0, 'change': 0, 'player_num': 1}
2022-10-06 07:37:49,973 : INFO : EventManager : Event: ======'player_number'====== Args={'value': 1, 'prev_value': 1, 'change': 0, 'player_num': 1}
2022-10-06 07:37:49,973 : INFO : EventManager : Event: ======'player_score'====== Args={'value': 0, 'prev_value': 0, 'change': 0, 'player_num': 1}
2022-10-06 07:37:49,973 : INFO : EventManager : Event: ======'game_started'====== Args={}
2022-10-06 07:37:49,985 : INFO : EventManager : Event: ======'player_turn_will_start'====== Args={'player': <Player 1>, 'number': 1}
2022-10-06 07:37:49,985 : INFO : EventManager : Event: ======'player_turn_starting'====== Args={'player': <Player 1>, 'number': 1}
2022-10-06 07:37:49,986 : INFO : EventManager : Event: ======'player_ball'====== Args={'value': 1, 'prev_value': 0, 'change': 1, 'player_num': 1}
2022-10-06 07:37:49,986 : INFO : EventManager : Event: ======'player_turn_started'====== Args={'player': <Player 1>, 'number': 1}
2022-10-06 07:37:49,986 : INFO : EventManager : Event: ======'ball_will_start'====== Args={'player': 1, 'ball': 1, 'balls_remaining': 2, 'is_extra_ball': False}
2022-10-06 07:37:49,989 : INFO : EventManager : Event: ======'ball_starting'====== Args={'player': 1, 'ball': 1, 'balls_remaining': 2, 'is_extra_ball': False}
2022-10-06 07:37:49,990 : INFO : EventManager : Event: ======'mode_base_will_start'====== Args={'queue': <QueuedEvent>, 'player': 1, 'ball': 1, 'balls_remaining': 2, 'is_extra_ball': False}
2022-10-06 07:37:49,990 : INFO : EventManager : Event: ======'mode_base_starting'====== Args={'queue': <QueuedEvent>, 'player': 1, 'ball': 1, 'balls_remaining': 2, 'is_extra_ball': False}
2022-10-06 07:37:49,990 : INFO : drop_target_bank.mid : 2 targets are down. Will reset those.
2022-10-06 07:37:49,990 : INFO : coil.c_drop_mid : Pulsing Driver for 50ms (0.7 pulse_power)
2022-10-06 07:37:49,990 : INFO : drop_target_bank.right : 1 targets are down. Will reset those.
2022-10-06 07:37:49,990 : INFO : Mode.base : Started. Priority: 100
2022-10-06 07:37:49,991 : INFO : EventManager : Event: ======'modes_active_modes_changed'====== Args={}
2022-10-06 07:37:49,991 : INFO : EventManager : Event: ======'mode_base_started'====== Args={'queue': <QueuedEvent>, 'player': 1, 'ball': 1, 'balls_remaining': 2, 'is_extra_ball': False}
2022-10-06 07:37:49,991 : INFO : EventManager : Event: ======'balls_in_play'====== Args={'balls': 1}
2022-10-06 07:37:49,991 : INFO : EventManager : Event: ======'ball_started'====== Args={'player': 1, 'ball': 1, 'balls_remaining': 2, 'is_extra_ball': False}
2022-10-06 07:37:50,006 : INFO : EventManager : Event: ======'single_player_ball_started'====== Args={}
2022-10-06 07:37:50,006 : INFO : EventManager : Event: ======'ball_start_target'====== Args={'target': 'playfield'}
2022-10-06 07:37:50,006 : INFO : ball_device.bd_plunger : Setting up player-controlled eject. Balls: 1, Target: <playfield.playfield>, player_controlled_eject_event: s_launch_active
2022-10-06 07:37:50,006 : INFO : EventManager : Event: ======'balldevice_balls_available'====== Args={}
2022-10-06 07:37:50,007 : INFO : ball_device.bd_trough : State: waiting_for_target_ready
2022-10-06 07:37:50,007 : INFO : EventManager : Event: ======'balldevice_bd_trough_ball_eject_attempt'====== Args={'balls': 1, 'target': <ball_device.bd_plunger>, 'source': <ball_device.bd_trough>, 'mechanical_eject': True, 'num_attempts': 0}
2022-10-06 07:37:50,008 : INFO : ball_device.bd_plunger : State: waiting_for_ball
2022-10-06 07:37:50,008 : INFO : ball_device.bd_top_vuk : State: waiting_for_ball
2022-10-06 07:37:50,008 : INFO : ball_device.bd_trough : State: ejecting
2022-10-06 07:37:50,008 : INFO : ball_device.bd_trough : Ejecting ball to <ball_device.bd_plunger>
2022-10-06 07:37:50,008 : INFO : EventManager : Event: ======'balldevice_bd_trough_ejecting_ball'====== Args={'balls': 1, 'target': <ball_device.bd_plunger>, 'source': <ball_device.bd_trough>, 'mechanical_eject': True, 'num_attempts': 0}
2022-10-06 07:37:50,009 : INFO : ball_device.bd_trough : Wait for ball to leave device
2022-10-06 07:37:50,043 : INFO : coil.c_drop_right : Pulsing Driver for 10ms (1.0 pulse_power)
2022-10-06 07:37:50,074 : INFO : coil.c_drop_right : Pulsing Driver for 10ms (1.0 pulse_power)
2022-10-06 07:37:50,074 : INFO : SwitchController : <<<<<<< 's_drop_mid_left' inactive >>>>>>>
2022-10-06 07:37:50,074 : INFO : SwitchController : <<<<<<< 's_drop_mid_mid' inactive >>>>>>>
2022-10-06 07:37:50,090 : INFO : coil.c_trough : Pulsing Driver for 25ms (0.8 pulse_power)
2022-10-06 07:37:50,090 : INFO : SwitchController : <<<<<<< 's_drop_right_right' inactive >>>>>>>
2022-10-06 07:37:50,490 : INFO : EventManager : Event: ======'drop_target_mid_left_up'====== Args={'device': <drop_target.mid_left>}
2022-10-06 07:37:50,490 : INFO : EventManager : Event: ======'drop_target_mid_mid_up'====== Args={'device': <drop_target.mid_mid>}
2022-10-06 07:37:50,490 : INFO : EventManager : Event: ======'drop_target_right_right_up'====== Args={'device': <drop_target.right_right>}
2022-10-06 07:37:50,490 : INFO : EventManager : Event: ======'drop_target_bank_right_up'====== Args={}
2022-10-06 07:37:50,490 : INFO : EventManager : Event: ======'drop_target_bank_mid_up'====== Args={}
2022-10-06 07:37:53,331 : INFO : SwitchController : <<<<<<< 's_right_flipper' active >>>>>>>
2022-10-06 07:37:53,331 : INFO : EventManager : Event: ======'machine_var_audits_switches_s_right_flipper'====== Args={'value': 445, 'prev_value': 444, 'change': 1}
2022-10-06 07:37:53,551 : INFO : SwitchController : <<<<<<< 's_right_flipper' inactive >>>>>>>
2022-10-06 07:37:53,597 : INFO : SwitchController : <<<<<<< 's_pop_left' active >>>>>>>
2022-10-06 07:37:53,597 : INFO : EventManager : Event: ======'playfield_active'====== Args={}
2022-10-06 07:37:53,597 : INFO : EventManager : Event: ======'unexpected_ball_on_playfield'====== Args={}
2022-10-06 07:37:53,597 : INFO : EventManager : Event: ======'machine_var_audits_switches_s_pop_left'====== Args={'value': 70, 'prev_value': 69, 'change': 1}
2022-10-06 07:37:53,597 : INFO : SwitchController : <<<<<<< 's_pop_left' inactive >>>>>>>
2022-10-06 07:37:53,615 : INFO : SwitchController : <<<<<<< 's_pop_left' active >>>>>>>
2022-10-06 07:37:53,616 : INFO : EventManager : Event: ======'playfield_active'====== Args={}
2022-10-06 07:37:53,616 : INFO : EventManager : Event: ======'unexpected_ball_on_playfield'====== Args={}
2022-10-06 07:37:53,616 : INFO : EventManager : Event: ======'machine_var_audits_switches_s_pop_left'====== Args={'value': 71, 'prev_value': 70, 'change': 1}
2022-10-06 07:37:53,616 : INFO : SwitchController : <<<<<<< 's_pop_left' inactive >>>>>>>
2022-10-06 07:37:53,989 : INFO : SwitchController : <<<<<<< 's_right_flipper' active >>>>>>>
2022-10-06 07:37:53,989 : INFO : EventManager : Event: ======'machine_var_audits_switches_s_right_flipper'====== Args={'value': 446, 'prev_value': 445, 'change': 1}
2022-10-06 07:37:54,009 : INFO : SwitchController : <<<<<<< 's_right_flipper' inactive >>>>>>>
2022-10-06 07:37:54,009 : INFO : SwitchController : <<<<<<< 's_right_flipper' active >>>>>>>
2022-10-06 07:37:54,009 : INFO : EventManager : Event: ======'machine_var_audits_switches_s_right_flipper'====== Args={'value': 447, 'prev_value': 446, 'change': 1}
2022-10-06 07:37:54,067 : INFO : SwitchController : <<<<<<< 's_right_flipper' inactive >>>>>>>
2022-10-06 07:37:58,423 : INFO : SwitchController : <<<<<<< 's_right_flipper' active >>>>>>>
2022-10-06 07:37:58,423 : INFO : EventManager : Event: ======'machine_var_audits_switches_s_right_flipper'====== Args={'value': 448, 'prev_value': 447, 'change': 1}
2022-10-06 07:37:58,609 : INFO : SwitchController : <<<<<<< 's_right_flipper' inactive >>>>>>>
2022-10-06 07:37:58,671 : INFO : SwitchController : <<<<<<< 's_pop_left' active >>>>>>>
2022-10-06 07:37:58,671 : INFO : EventManager : Event: ======'playfield_active'====== Args={}
2022-10-06 07:37:58,671 : INFO : EventManager : Event: ======'unexpected_ball_on_playfield'====== Args={}
2022-10-06 07:37:58,671 : INFO : EventManager : Event: ======'machine_var_audits_switches_s_pop_left'====== Args={'value': 72, 'prev_value': 71, 'change': 1}
2022-10-06 07:37:58,703 : INFO : SwitchController : <<<<<<< 's_pop_left' inactive >>>>>>>
2022-10-06 07:37:59,993 : INFO : EventManager : Event: ======'balldevice_bd_trough_ball_eject_failed'====== Args={'target': <ball_device.bd_plunger>, 'balls': 1, 'retry': True, 'num_attempts': 1}
2022-10-06 07:37:59,994 : INFO : ball_device.bd_trough : State: waiting_for_target_ready
2022-10-06 07:37:59,994 : INFO : EventManager : Event: ======'balldevice_bd_trough_ball_eject_attempt'====== Args={'balls': 1, 'target': <ball_device.bd_plunger>, 'source': <ball_device.bd_trough>, 'mechanical_eject': True, 'num_attempts': 1}
2022-10-06 07:37:59,995 : INFO : ball_device.bd_trough : State: ejecting
2022-10-06 07:37:59,995 : INFO : ball_device.bd_trough : Ejecting ball to <ball_device.bd_plunger>
2022-10-06 07:37:59,995 : INFO : EventManager : Event: ======'balldevice_bd_trough_ejecting_ball'====== Args={'balls': 1, 'target': <ball_device.bd_plunger>, 'source': <ball_device.bd_trough>, 'mechanical_eject': True, 'num_attempts': 1}
2022-10-06 07:37:59,995 : INFO : ball_device.bd_trough : Wait for ball to leave device
2022-10-06 07:37:59,996 : INFO : coil.c_trough : Pulsing Driver for 25ms (0.8 pulse_power)
2022-10-06 07:38:00,767 : INFO : SwitchController : <<<<<<< 's_right_flipper' active >>>>>>>
2022-10-06 07:38:00,767 : INFO : EventManager : Event: ======'machine_var_audits_switches_s_right_flipper'====== Args={'value': 449, 'prev_value': 448, 'change': 1}
2022-10-06 07:38:01,033 : INFO : SwitchController : <<<<<<< 's_right_flipper' inactive >>>>>>>
2022-10-06 07:38:01,314 : INFO : SwitchController : <<<<<<< 's_pop_left' active >>>>>>>
2022-10-06 07:38:01,314 : INFO : EventManager : Event: ======'playfield_active'====== Args={}
2022-10-06 07:38:01,314 : INFO : EventManager : Event: ======'unexpected_ball_on_playfield'====== Args={}
2022-10-06 07:38:01,314 : INFO : EventManager : Event: ======'machine_var_audits_switches_s_pop_left'====== Args={'value': 73, 'prev_value': 72, 'change': 1}
2022-10-06 07:38:01,335 : INFO : SwitchController : <<<<<<< 's_pop_left' inactive >>>>>>>
2022-10-06 07:38:01,787 : INFO : SwitchController : <<<<<<< 's_pop_lower' active >>>>>>>
2022-10-06 07:38:01,787 : INFO : EventManager : Event: ======'playfield_active'====== Args={}
2022-10-06 07:38:01,787 : INFO : EventManager : Event: ======'unexpected_ball_on_playfield'====== Args={}
2022-10-06 07:38:01,787 : INFO : EventManager : Event: ======'machine_var_audits_switches_s_pop_lower'====== Args={'value': 94, 'prev_value': 93, 'change': 1}
2022-10-06 07:38:01,814 : INFO : SwitchController : <<<<<<< 's_pop_lower' inactive >>>>>>>
2022-10-06 07:38:02,297 : INFO : SwitchController : <<<<<<< 's_sling_right' active >>>>>>>
2022-10-06 07:38:02,297 : INFO : EventManager : Event: ======'playfield_active'====== Args={}
2022-10-06 07:38:02,297 : INFO : EventManager : Event: ======'unexpected_ball_on_playfield'====== Args={}
2022-10-06 07:38:02,297 : INFO : EventManager : Event: ======'machine_var_audits_switches_s_sling_right'====== Args={'value': 29, 'prev_value': 28, 'change': 1}
2022-10-06 07:38:02,317 : INFO : SwitchController : <<<<<<< 's_sling_right' inactive >>>>>>>
2022-10-06 07:38:02,763 : INFO : SwitchController : <<<<<<< 's_pop_lower' active >>>>>>>
2022-10-06 07:38:02,763 : INFO : EventManager : Event: ======'playfield_active'====== Args={}
2022-10-06 07:38:02,763 : INFO : EventManager : Event: ======'unexpected_ball_on_playfield'====== Args={}
2022-10-06 07:38:02,763 : INFO : EventManager : Event: ======'machine_var_audits_switches_s_pop_lower'====== Args={'value': 95, 'prev_value': 94, 'change': 1}
2022-10-06 07:38:02,782 : INFO : SwitchController : <<<<<<< 's_pop_lower' inactive >>>>>>>
2022-10-06 07:38:03,814 : INFO : SwitchController : <<<<<<< 's_left_flipper' active >>>>>>>
2022-10-06 07:38:03,814 : INFO : EventManager : Event: ======'machine_var_audits_switches_s_left_flipper'====== Args={'value': 383, 'prev_value': 382, 'change': 1}
2022-10-06 07:38:03,848 : INFO : SwitchController : <<<<<<< 's_eos_left_top' active >>>>>>>
2022-10-06 07:38:03,848 : INFO : EventManager : Event: ======'machine_var_audits_switches_s_eos_left_top'====== Args={'value': 306, 'prev_value': 305, 'change': 1}
2022-10-06 07:38:03,954 : INFO : SwitchController : <<<<<<< 's_left_flipper' inactive >>>>>>>
2022-10-06 07:38:04,048 : INFO : SwitchController : <<<<<<< 's_eos_left_top' inactive >>>>>>>
2022-10-06 07:38:04,079 : INFO : SwitchController : <<<<<<< 's_pop_right' active >>>>>>>
2022-10-06 07:38:04,079 : INFO : EventManager : Event: ======'playfield_active'====== Args={}
2022-10-06 07:38:04,079 : INFO : EventManager : Event: ======'unexpected_ball_on_playfield'====== Args={}
2022-10-06 07:38:04,079 : INFO : EventManager : Event: ======'machine_var_audits_switches_s_pop_right'====== Args={'value': 99, 'prev_value': 98, 'change': 1}
2022-10-06 07:38:04,127 : INFO : SwitchController : <<<<<<< 's_pop_right' inactive >>>>>>>
2022-10-06 07:38:04,421 : INFO : SwitchController : <<<<<<< 's_right_flipper' active >>>>>>>
2022-10-06 07:38:04,421 : INFO : EventManager : Event: ======'machine_var_audits_switches_s_right_flipper'====== Args={'value': 450, 'prev_value': 449, 'change': 1}
2022-10-06 07:38:04,607 : INFO : SwitchController : <<<<<<< 's_right_flipper' inactive >>>>>>>
2022-10-06 07:38:07,921 : INFO : SwitchController : <<<<<<< 's_right_flipper' active >>>>>>>
2022-10-06 07:38:07,922 : INFO : EventManager : Event: ======'machine_var_audits_switches_s_right_flipper'====== Args={'value': 451, 'prev_value': 450, 'change': 1}
2022-10-06 07:38:08,213 : INFO : SwitchController : <<<<<<< 's_right_flipper' inactive >>>>>>>
2022-10-06 07:38:08,475 : INFO : SwitchController : <<<<<<< 's_right_flipper' active >>>>>>>
2022-10-06 07:38:08,475 : INFO : EventManager : Event: ======'machine_var_audits_switches_s_right_flipper'====== Args={'value': 452, 'prev_value': 451, 'change': 1}
2022-10-06 07:38:08,645 : INFO : SwitchController : <<<<<<< 's_right_flipper' inactive >>>>>>>
2022-10-06 07:38:09,410 : INFO : SwitchController : <<<<<<< 's_right_flipper' active >>>>>>>
2022-10-06 07:38:09,410 : INFO : EventManager : Event: ======'machine_var_audits_switches_s_right_flipper'====== Args={'value': 453, 'prev_value': 452, 'change': 1}
2022-10-06 07:38:09,738 : INFO : SwitchController : <<<<<<< 's_right_flipper' inactive >>>>>>>
2022-10-06 07:38:09,988 : INFO : EventManager : Event: ======'balldevice_bd_trough_ball_eject_failed'====== Args={'target': <ball_device.bd_plunger>, 'balls': 1, 'retry': True, 'num_attempts': 2}
2022-10-06 07:38:09,989 : INFO : ball_device.bd_trough : State: waiting_for_target_ready
2022-10-06 07:38:09,989 : INFO : EventManager : Event: ======'balldevice_bd_trough_ball_eject_attempt'====== Args={'balls': 1, 'target': <ball_device.bd_plunger>, 'source': <ball_device.bd_trough>, 'mechanical_eject': True, 'num_attempts': 2}
2022-10-06 07:38:09,989 : INFO : ball_device.bd_trough : State: ejecting
2022-10-06 07:38:09,989 : INFO : ball_device.bd_trough : Ejecting ball to <ball_device.bd_plunger>
2022-10-06 07:38:09,989 : INFO : EventManager : Event: ======'balldevice_bd_trough_ejecting_ball'====== Args={'balls': 1, 'target': <ball_device.bd_plunger>, 'source': <ball_device.bd_trough>, 'mechanical_eject': True, 'num_attempts': 2}
2022-10-06 07:38:09,990 : INFO : ball_device.bd_trough : Wait for ball to leave device
2022-10-06 07:38:09,990 : INFO : coil.c_trough : Pulsing Driver for 25ms (0.8 pulse_power)
2022-10-06 07:38:10,035 : INFO : SwitchController : <<<<<<< 's_trough_2' active >>>>>>>
2022-10-06 07:38:10,035 : INFO : EventManager : Event: ======'machine_var_audits_switches_s_trough_2'====== Args={'value': 83, 'prev_value': 82, 'change': 1}
2022-10-06 07:38:10,035 : INFO : SwitchController : <<<<<<< 's_trough_2' inactive >>>>>>>
2022-10-06 07:38:10,157 : INFO : SwitchController : <<<<<<< 's_right_flipper' active >>>>>>>
2022-10-06 07:38:10,157 : INFO : EventManager : Event: ======'machine_var_audits_switches_s_right_flipper'====== Args={'value': 454, 'prev_value': 453, 'change': 1}
2022-10-06 07:38:10,298 : INFO : SwitchController : <<<<<<< 's_right_flipper' inactive >>>>>>>
2022-10-06 07:38:11,025 : INFO : SwitchController : <<<<<<< 's_pop_lower' active >>>>>>>
2022-10-06 07:38:11,025 : INFO : EventManager : Event: ======'playfield_active'====== Args={}
2022-10-06 07:38:11,025 : INFO : EventManager : Event: ======'unexpected_ball_on_playfield'====== Args={}
2022-10-06 07:38:11,025 : INFO : EventManager : Event: ======'machine_var_audits_switches_s_pop_lower'====== Args={'value': 96, 'prev_value': 95, 'change': 1}
2022-10-06 07:38:11,026 : INFO : SwitchController : <<<<<<< 's_pop_lower' inactive >>>>>>>
2022-10-06 07:38:13,071 : INFO : SwitchController : <<<<<<< 's_right_flipper' active >>>>>>>
2022-10-06 07:38:13,071 : INFO : EventManager : Event: ======'machine_var_audits_switches_s_right_flipper'====== Args={'value': 455, 'prev_value': 454, 'change': 1}
2022-10-06 07:38:13,335 : INFO : SwitchController : <<<<<<< 's_pop_left' active >>>>>>>
2022-10-06 07:38:13,336 : INFO : EventManager : Event: ======'playfield_active'====== Args={}
2022-10-06 07:38:13,336 : INFO : EventManager : Event: ======'unexpected_ball_on_playfield'====== Args={}
2022-10-06 07:38:13,336 : INFO : EventManager : Event: ======'machine_var_audits_switches_s_pop_left'====== Args={'value': 74, 'prev_value': 73, 'change': 1}
2022-10-06 07:38:13,354 : INFO : SwitchController : <<<<<<< 's_pop_left' inactive >>>>>>>
2022-10-06 07:38:13,396 : INFO : SwitchController : <<<<<<< 's_right_flipper' inactive >>>>>>>
2022-10-06 07:38:19,192 : INFO : SwitchController : <<<<<<< 's_right_outlane' active >>>>>>>
2022-10-06 07:38:19,192 : INFO : EventManager : Event: ======'sw_playfield_active'====== Args={}
2022-10-06 07:38:19,192 : INFO : EventManager : Event: ======'machine_var_audits_switches_s_right_outlane'====== Args={'value': 22, 'prev_value': 21, 'change': 1}
2022-10-06 07:38:19,197 : INFO : EventManager : Event: ======'playfield_active'====== Args={}
2022-10-06 07:38:19,197 : INFO : EventManager : Event: ======'unexpected_ball_on_playfield'====== Args={}
2022-10-06 07:38:19,207 : INFO : SwitchController : <<<<<<< 's_right_outlane' inactive >>>>>>>
2022-10-06 07:38:19,995 : INFO : EventManager : Event: ======'balldevice_bd_trough_ball_eject_failed'====== Args={'target': <ball_device.bd_plunger>, 'balls': 1, 'retry': True, 'num_attempts': 3}
2022-10-06 07:38:19,996 : INFO : ball_device.bd_trough : State: waiting_for_target_ready
2022-10-06 07:38:19,996 : INFO : EventManager : Event: ======'balldevice_bd_trough_ball_eject_attempt'====== Args={'balls': 1, 'target': <ball_device.bd_plunger>, 'source': <ball_device.bd_trough>, 'mechanical_eject': True, 'num_attempts': 3}
2022-10-06 07:38:19,996 : INFO : ball_device.bd_trough : State: ejecting
2022-10-06 07:38:19,996 : INFO : ball_device.bd_trough : Ejecting ball to <ball_device.bd_plunger>
2022-10-06 07:38:19,996 : INFO : EventManager : Event: ======'balldevice_bd_trough_ejecting_ball'====== Args={'balls': 1, 'target': <ball_device.bd_plunger>, 'source': <ball_device.bd_trough>, 'mechanical_eject': True, 'num_attempts': 3}
2022-10-06 07:38:19,997 : INFO : ball_device.bd_trough : Wait for ball to leave device
2022-10-06 07:38:19,997 : INFO : coil.c_trough : Pulsing Driver for 20ms (0.8 pulse_power)
2022-10-06 07:38:21,617 : INFO : SwitchController : <<<<<<< 's_right_flipper' active >>>>>>>
2022-10-06 07:38:21,617 : INFO : EventManager : Event: ======'machine_var_audits_switches_s_right_flipper'====== Args={'value': 456, 'prev_value': 455, 'change': 1}
2022-10-06 07:38:21,898 : INFO : SwitchController : <<<<<<< 's_pop_left' active >>>>>>>
2022-10-06 07:38:21,898 : INFO : EventManager : Event: ======'playfield_active'====== Args={}
2022-10-06 07:38:21,898 : INFO : EventManager : Event: ======'unexpected_ball_on_playfield'====== Args={}
2022-10-06 07:38:21,898 : INFO : EventManager : Event: ======'machine_var_audits_switches_s_pop_left'====== Args={'value': 75, 'prev_value': 74, 'change': 1}
2022-10-06 07:38:21,918 : INFO : SwitchController : <<<<<<< 's_pop_left' inactive >>>>>>>
2022-10-06 07:38:22,108 : INFO : SwitchController : <<<<<<< 's_right_flipper' inactive >>>>>>>
2022-10-06 07:38:26,586 : INFO : SwitchController : <<<<<<< 's_right_flipper' active >>>>>>>
2022-10-06 07:38:26,586 : INFO : EventManager : Event: ======'machine_var_audits_switches_s_right_flipper'====== Args={'value': 457, 'prev_value': 456, 'change': 1}
2022-10-06 07:38:27,006 : INFO : SwitchController : <<<<<<< 's_right_flipper' inactive >>>>>>>
2022-10-06 07:38:27,051 : INFO : SwitchController : <<<<<<< 's_left_flipper' active >>>>>>>
2022-10-06 07:38:27,052 : INFO : EventManager : Event: ======'machine_var_audits_switches_s_left_flipper'====== Args={'value': 384, 'prev_value': 383, 'change': 1}
2022-10-06 07:38:27,083 : INFO : SwitchController : <<<<<<< 's_eos_left_top' active >>>>>>>
2022-10-06 07:38:27,083 : INFO : EventManager : Event: ======'machine_var_audits_switches_s_eos_left_top'====== Args={'value': 307, 'prev_value': 306, 'change': 1}
2022-10-06 07:38:27,269 : INFO : SwitchController : <<<<<<< 's_left_flipper' inactive >>>>>>>
2022-10-06 07:38:27,362 : INFO : SwitchController : <<<<<<< 's_eos_left_top' inactive >>>>>>>
2022-10-06 07:38:27,455 : INFO : SwitchController : <<<<<<< 's_drop_mid_mid' active >>>>>>>
2022-10-06 07:38:27,455 : INFO : EventManager : Event: ======'playfield_active'====== Args={}
2022-10-06 07:38:27,455 : INFO : EventManager : Event: ======'unexpected_ball_on_playfield'====== Args={}
2022-10-06 07:38:27,455 : INFO : EventManager : Event: ======'drop_target_mid_mid_down'====== Args={'device': <drop_target.mid_mid>}
2022-10-06 07:38:27,455 : INFO : EventManager : Event: ======'drop_target_bank_mid_mixed'====== Args={'prev_value': <DropTargetBankState.UP: 'up'>, 'down': 1}
2022-10-06 07:38:27,455 : INFO : EventManager : Event: ======'machine_var_audits_switches_s_drop_mid_mid'====== Args={'value': 63, 'prev_value': 62, 'change': 1}
2022-10-06 07:38:27,532 : INFO : SwitchController : <<<<<<< 's_drop_mid_mid' inactive >>>>>>>
2022-10-06 07:38:27,532 : INFO : EventManager : Event: ======'playfield_active'====== Args={}
2022-10-06 07:38:27,532 : INFO : EventManager : Event: ======'unexpected_ball_on_playfield'====== Args={}
2022-10-06 07:38:27,532 : INFO : EventManager : Event: ======'drop_target_mid_mid_up'====== Args={'device': <drop_target.mid_mid>}
2022-10-06 07:38:27,532 : INFO : EventManager : Event: ======'drop_target_bank_mid_up'====== Args={}
2022-10-06 07:38:27,532 : INFO : SwitchController : <<<<<<< 's_drop_mid_mid' active >>>>>>>
2022-10-06 07:38:27,532 : INFO : EventManager : Event: ======'playfield_active'====== Args={}
2022-10-06 07:38:27,532 : INFO : EventManager : Event: ======'unexpected_ball_on_playfield'====== Args={}
2022-10-06 07:38:27,532 : INFO : EventManager : Event: ======'drop_target_mid_mid_down'====== Args={'device': <drop_target.mid_mid>}
2022-10-06 07:38:27,533 : INFO : EventManager : Event: ======'drop_target_bank_mid_mixed'====== Args={'prev_value': <DropTargetBankState.UP: 'up'>, 'down': 1}
2022-10-06 07:38:27,533 : INFO : EventManager : Event: ======'machine_var_audits_switches_s_drop_mid_mid'====== Args={'value': 64, 'prev_value': 63, 'change': 1}
2022-10-06 07:38:27,971 : INFO : SwitchController : <<<<<<< 's_right_flipper' active >>>>>>>
2022-10-06 07:38:27,971 : INFO : EventManager : Event: ======'machine_var_audits_switches_s_right_flipper'====== Args={'value': 458, 'prev_value': 457, 'change': 1}
2022-10-06 07:38:28,128 : INFO : SwitchController : <<<<<<< 's_right_flipper' inactive >>>>>>>
2022-10-06 07:38:29,509 : INFO : SwitchController : <<<<<<< 's_right_outlane' active >>>>>>>
2022-10-06 07:38:29,509 : INFO : EventManager : Event: ======'sw_playfield_active'====== Args={}
2022-10-06 07:38:29,509 : INFO : EventManager : Event: ======'machine_var_audits_switches_s_right_outlane'====== Args={'value': 23, 'prev_value': 22, 'change': 1}
2022-10-06 07:38:29,509 : INFO : EventManager : Event: ======'playfield_active'====== Args={}
2022-10-06 07:38:29,509 : INFO : EventManager : Event: ======'unexpected_ball_on_playfield'====== Args={}
2022-10-06 07:38:29,587 : INFO : SwitchController : <<<<<<< 's_right_outlane' inactive >>>>>>>
2022-10-06 07:38:29,991 : INFO : EventManager : Event: ======'balldevice_bd_trough_ball_eject_failed'====== Args={'target': <ball_device.bd_plunger>, 'balls': 1, 'retry': True, 'num_attempts': 4}
2022-10-06 07:38:29,992 : INFO : ball_device.bd_trough : State: waiting_for_target_ready
2022-10-06 07:38:29,992 : INFO : EventManager : Event: ======'balldevice_bd_trough_ball_eject_attempt'====== Args={'balls': 1, 'target': <ball_device.bd_plunger>, 'source': <ball_device.bd_trough>, 'mechanical_eject': True, 'num_attempts': 4}
2022-10-06 07:38:29,993 : INFO : ball_device.bd_trough : State: ejecting
2022-10-06 07:38:29,993 : INFO : ball_device.bd_trough : Ejecting ball to <ball_device.bd_plunger>
2022-10-06 07:38:29,993 : INFO : EventManager : Event: ======'balldevice_bd_trough_ejecting_ball'====== Args={'balls': 1, 'target': <ball_device.bd_plunger>, 'source': <ball_device.bd_trough>, 'mechanical_eject': True, 'num_attempts': 4}
2022-10-06 07:38:29,994 : INFO : ball_device.bd_trough : Wait for ball to leave device
2022-10-06 07:38:29,994 : INFO : coil.c_trough : Pulsing Driver for 20ms (0.8 pulse_power)
2022-10-06 07:38:30,210 : INFO : SwitchController : <<<<<<< 's_right_flipper' active >>>>>>>
2022-10-06 07:38:30,210 : INFO : EventManager : Event: ======'machine_var_audits_switches_s_right_flipper'====== Args={'value': 459, 'prev_value': 458, 'change': 1}
2022-10-06 07:38:30,692 : INFO : SwitchController : <<<<<<< 's_right_flipper' inactive >>>>>>>
2022-10-06 07:38:31,552 : INFO : SwitchController : <<<<<<< 's_left_flipper' active >>>>>>>
2022-10-06 07:38:31,552 : INFO : EventManager : Event: ======'machine_var_audits_switches_s_left_flipper'====== Args={'value': 385, 'prev_value': 384, 'change': 1}
2022-10-06 07:38:31,583 : INFO : SwitchController : <<<<<<< 's_eos_left_top' active >>>>>>>
2022-10-06 07:38:31,583 : INFO : EventManager : Event: ======'machine_var_audits_switches_s_eos_left_top'====== Args={'value': 308, 'prev_value': 307, 'change': 1}
2022-10-06 07:38:31,676 : INFO : SwitchController : <<<<<<< 's_left_flipper' inactive >>>>>>>
2022-10-06 07:38:31,770 : INFO : SwitchController : <<<<<<< 's_eos_left_top' inactive >>>>>>>
2022-10-06 07:38:31,895 : INFO : SwitchController : <<<<<<< 's_sling_right' active >>>>>>>
2022-10-06 07:38:31,895 : INFO : EventManager : Event: ======'playfield_active'====== Args={}
2022-10-06 07:38:31,895 : INFO : EventManager : Event: ======'unexpected_ball_on_playfield'====== Args={}
2022-10-06 07:38:31,895 : INFO : EventManager : Event: ======'machine_var_audits_switches_s_sling_right'====== Args={'value': 30, 'prev_value': 29, 'change': 1}
2022-10-06 07:38:31,915 : INFO : SwitchController : <<<<<<< 's_sling_right' inactive >>>>>>>
2022-10-06 07:38:33,192 : INFO : SwitchController : <<<<<<< 's_left_flipper' active >>>>>>>
2022-10-06 07:38:33,192 : INFO : EventManager : Event: ======'machine_var_audits_switches_s_left_flipper'====== Args={'value': 386, 'prev_value': 385, 'change': 1}
2022-10-06 07:38:33,223 : INFO : SwitchController : <<<<<<< 's_eos_left_top' active >>>>>>>
2022-10-06 07:38:33,223 : INFO : EventManager : Event: ======'machine_var_audits_switches_s_eos_left_top'====== Args={'value': 309, 'prev_value': 308, 'change': 1}
2022-10-06 07:38:33,380 : INFO : SwitchController : <<<<<<< 's_left_flipper' inactive >>>>>>>
2022-10-06 07:38:33,411 : INFO : SwitchController : <<<<<<< 's_pop_right' active >>>>>>>
2022-10-06 07:38:33,411 : INFO : EventManager : Event: ======'playfield_active'====== Args={}
2022-10-06 07:38:33,411 : INFO : EventManager : Event: ======'unexpected_ball_on_playfield'====== Args={}
2022-10-06 07:38:33,411 : INFO : EventManager : Event: ======'machine_var_audits_switches_s_pop_right'====== Args={'value': 100, 'prev_value': 99, 'change': 1}
2022-10-06 07:38:33,431 : INFO : SwitchController : <<<<<<< 's_pop_right' inactive >>>>>>>
2022-10-06 07:38:33,473 : INFO : SwitchController : <<<<<<< 's_eos_left_top' inactive >>>>>>>
2022-10-06 07:38:33,710 : INFO : SwitchController : <<<<<<< 's_left_flipper' active >>>>>>>
2022-10-06 07:38:33,710 : INFO : EventManager : Event: ======'machine_var_audits_switches_s_left_flipper'====== Args={'value': 387, 'prev_value': 386, 'change': 1}
2022-10-06 07:38:33,730 : INFO : SwitchController : <<<<<<< 's_eos_left_top' active >>>>>>>
2022-10-06 07:38:33,730 : INFO : EventManager : Event: ======'machine_var_audits_switches_s_eos_left_top'====== Args={'value': 310, 'prev_value': 309, 'change': 1}
2022-10-06 07:38:33,914 : INFO : SwitchController : <<<<<<< 's_left_flipper' inactive >>>>>>>
2022-10-06 07:38:34,011 : INFO : SwitchController : <<<<<<< 's_eos_left_top' inactive >>>>>>>
2022-10-06 07:38:35,316 : INFO : SwitchController : <<<<<<< 's_right_outlane' active >>>>>>>
2022-10-06 07:38:35,316 : INFO : EventManager : Event: ======'sw_playfield_active'====== Args={}
2022-10-06 07:38:35,316 : INFO : EventManager : Event: ======'machine_var_audits_switches_s_right_outlane'====== Args={'value': 24, 'prev_value': 23, 'change': 1}
2022-10-06 07:38:35,317 : INFO : EventManager : Event: ======'playfield_active'====== Args={}
2022-10-06 07:38:35,317 : INFO : EventManager : Event: ======'unexpected_ball_on_playfield'====== Args={}
2022-10-06 07:38:35,393 : INFO : SwitchController : <<<<<<< 's_right_outlane' inactive >>>>>>>
2022-10-06 07:38:36,001 : INFO : SwitchController : <<<<<<< 's_right_flipper' active >>>>>>>
2022-10-06 07:38:36,001 : INFO : EventManager : Event: ======'machine_var_audits_switches_s_right_flipper'====== Args={'value': 460, 'prev_value': 459, 'change': 1}
2022-10-06 07:38:36,315 : INFO : SwitchController : <<<<<<< 's_right_flipper' inactive >>>>>>>
2022-10-06 07:38:36,704 : INFO : SwitchController : <<<<<<< 's_left_flipper' active >>>>>>>
2022-10-06 07:38:36,704 : INFO : EventManager : Event: ======'machine_var_audits_switches_s_left_flipper'====== Args={'value': 388, 'prev_value': 387, 'change': 1}
2022-10-06 07:38:36,729 : INFO : SwitchController : <<<<<<< 's_eos_left_top' active >>>>>>>
2022-10-06 07:38:36,729 : INFO : EventManager : Event: ======'machine_var_audits_switches_s_eos_left_top'====== Args={'value': 311, 'prev_value': 310, 'change': 1}
2022-10-06 07:38:36,877 : INFO : SwitchController : <<<<<<< 's_left_flipper' inactive >>>>>>>
2022-10-06 07:38:36,989 : INFO : SwitchController : <<<<<<< 's_eos_left_top' inactive >>>>>>>
2022-10-06 07:38:37,050 : INFO : SwitchController : <<<<<<< 's_drop_mid_left' active >>>>>>>
2022-10-06 07:38:37,050 : INFO : EventManager : Event: ======'playfield_active'====== Args={}
2022-10-06 07:38:37,050 : INFO : EventManager : Event: ======'unexpected_ball_on_playfield'====== Args={}
2022-10-06 07:38:37,050 : INFO : EventManager : Event: ======'drop_target_mid_left_down'====== Args={'device': <drop_target.mid_left>}
2022-10-06 07:38:37,050 : INFO : EventManager : Event: ======'drop_target_bank_mid_mixed'====== Args={'prev_value': <DropTargetBankState.MIXED: 'mixed'>, 'down': 2}
2022-10-06 07:38:37,051 : INFO : EventManager : Event: ======'machine_var_audits_switches_s_drop_mid_left'====== Args={'value': 58, 'prev_value': 57, 'change': 1}
2022-10-06 07:38:38,291 : INFO : SwitchController : <<<<<<< 's_left_flipper' active >>>>>>>
2022-10-06 07:38:38,291 : INFO : EventManager : Event: ======'machine_var_audits_switches_s_left_flipper'====== Args={'value': 389, 'prev_value': 388, 'change': 1}
2022-10-06 07:38:38,322 : INFO : SwitchController : <<<<<<< 's_eos_left_top' active >>>>>>>
2022-10-06 07:38:38,322 : INFO : EventManager : Event: ======'machine_var_audits_switches_s_eos_left_top'====== Args={'value': 312, 'prev_value': 311, 'change': 1}
2022-10-06 07:38:38,384 : INFO : SwitchController : <<<<<<< 's_left_flipper' inactive >>>>>>>
2022-10-06 07:38:38,479 : INFO : SwitchController : <<<<<<< 's_eos_left_top' inactive >>>>>>>
2022-10-06 07:38:38,975 : INFO : SwitchController : <<<<<<< 's_left_flipper' active >>>>>>>
2022-10-06 07:38:38,975 : INFO : EventManager : Event: ======'machine_var_audits_switches_s_left_flipper'====== Args={'value': 390, 'prev_value': 389, 'change': 1}
2022-10-06 07:38:39,006 : INFO : SwitchController : <<<<<<< 's_eos_left_top' active >>>>>>>
2022-10-06 07:38:39,006 : INFO : EventManager : Event: ======'machine_var_audits_switches_s_eos_left_top'====== Args={'value': 313, 'prev_value': 312, 'change': 1}
2022-10-06 07:38:39,893 : INFO : SwitchController : <<<<<<< 's_left_flipper' inactive >>>>>>>
2022-10-06 07:38:39,971 : INFO : SwitchController : <<<<<<< 's_right_flipper' active >>>>>>>
2022-10-06 07:38:39,971 : INFO : EventManager : Event: ======'machine_var_audits_switches_s_right_flipper'====== Args={'value': 461, 'prev_value': 460, 'change': 1}
2022-10-06 07:38:39,991 : INFO : EventManager : Event: ======'balldevice_bd_trough_ball_eject_failed'====== Args={'target': <ball_device.bd_plunger>, 'balls': 1, 'retry': True, 'num_attempts': 5}
2022-10-06 07:38:39,991 : INFO : SwitchController : <<<<<<< 's_eos_left_top' inactive >>>>>>>
2022-10-06 07:38:39,994 : INFO : ball_device.bd_trough : State: waiting_for_target_ready
2022-10-06 07:38:39,994 : INFO : EventManager : Event: ======'balldevice_bd_trough_ball_eject_attempt'====== Args={'balls': 1, 'target': <ball_device.bd_plunger>, 'source': <ball_device.bd_trough>, 'mechanical_eject': True, 'num_attempts': 5}
2022-10-06 07:38:39,995 : INFO : ball_device.bd_trough : State: ejecting
2022-10-06 07:38:39,995 : INFO : ball_device.bd_trough : Ejecting ball to <ball_device.bd_plunger>
2022-10-06 07:38:39,995 : INFO : EventManager : Event: ======'balldevice_bd_trough_ejecting_ball'====== Args={'balls': 1, 'target': <ball_device.bd_plunger>, 'source': <ball_device.bd_trough>, 'mechanical_eject': True, 'num_attempts': 5}
2022-10-06 07:38:39,995 : INFO : ball_device.bd_trough : Wait for ball to leave device
2022-10-06 07:38:40,018 : INFO : coil.c_trough : Pulsing Driver for 20ms (0.8 pulse_power)
2022-10-06 07:38:40,111 : INFO : SwitchController : <<<<<<< 's_right_flipper' inactive >>>>>>>
2022-10-06 07:38:40,111 : INFO : SwitchController : <<<<<<< 's_right_flipper' active >>>>>>>
2022-10-06 07:38:40,111 : INFO : EventManager : Event: ======'machine_var_audits_switches_s_right_flipper'====== Args={'value': 462, 'prev_value': 461, 'change': 1}
2022-10-06 07:38:40,112 : INFO : SwitchController : <<<<<<< 's_right_flipper' inactive >>>>>>>
2022-10-06 07:38:41,245 : INFO : SwitchController : <<<<<<< 's_left_flipper' active >>>>>>>
2022-10-06 07:38:41,245 : INFO : EventManager : Event: ======'machine_var_audits_switches_s_left_flipper'====== Args={'value': 391, 'prev_value': 390, 'change': 1}
2022-10-06 07:38:41,292 : INFO : SwitchController : <<<<<<< 's_eos_left_top' active >>>>>>>
2022-10-06 07:38:41,292 : INFO : EventManager : Event: ======'machine_var_audits_switches_s_eos_left_top'====== Args={'value': 314, 'prev_value': 313, 'change': 1}
2022-10-06 07:38:41,415 : INFO : SwitchController : <<<<<<< 's_left_flipper' inactive >>>>>>>
2022-10-06 07:38:41,510 : INFO : SwitchController : <<<<<<< 's_eos_left_top' inactive >>>>>>>
2022-10-06 07:38:42,628 : INFO : SwitchController : <<<<<<< 's_left_flipper' active >>>>>>>
2022-10-06 07:38:42,628 : INFO : EventManager : Event: ======'machine_var_audits_switches_s_left_flipper'====== Args={'value': 392, 'prev_value': 391, 'change': 1}
2022-10-06 07:38:42,658 : INFO : SwitchController : <<<<<<< 's_eos_left_top' active >>>>>>>
2022-10-06 07:38:42,658 : INFO : EventManager : Event: ======'machine_var_audits_switches_s_eos_left_top'====== Args={'value': 315, 'prev_value': 314, 'change': 1}
2022-10-06 07:38:43,002 : INFO : SwitchController : <<<<<<< 's_pop_right' active >>>>>>>
2022-10-06 07:38:43,002 : INFO : EventManager : Event: ======'playfield_active'====== Args={}
2022-10-06 07:38:43,002 : INFO : EventManager : Event: ======'unexpected_ball_on_playfield'====== Args={}
2022-10-06 07:38:43,002 : INFO : EventManager : Event: ======'machine_var_audits_switches_s_pop_right'====== Args={'value': 101, 'prev_value': 100, 'change': 1}
2022-10-06 07:38:43,022 : INFO : SwitchController : <<<<<<< 's_pop_right' inactive >>>>>>>
2022-10-06 07:38:43,022 : INFO : SwitchController : <<<<<<< 's_rollover_right' active >>>>>>>
2022-10-06 07:38:43,022 : INFO : EventManager : Event: ======'sw_playfield_active'====== Args={}
2022-10-06 07:38:43,022 : INFO : EventManager : Event: ======'machine_var_audits_switches_s_rollover_right'====== Args={'value': 18, 'prev_value': 17, 'change': 1}
2022-10-06 07:38:43,022 : INFO : SwitchController : <<<<<<< 's_rollover_right' inactive >>>>>>>
2022-10-06 07:38:43,022 : INFO : EventManager : Event: ======'playfield_active'====== Args={}
2022-10-06 07:38:43,023 : INFO : EventManager : Event: ======'unexpected_ball_on_playfield'====== Args={}
2022-10-06 07:38:43,222 : INFO : SwitchController : <<<<<<< 's_rollover_left' active >>>>>>>
2022-10-06 07:38:43,222 : INFO : EventManager : Event: ======'sw_playfield_active'====== Args={}
2022-10-06 07:38:43,222 : INFO : EventManager : Event: ======'machine_var_audits_switches_s_rollover_left'====== Args={'value': 14, 'prev_value': 13, 'change': 1}
2022-10-06 07:38:43,223 : INFO : EventManager : Event: ======'playfield_active'====== Args={}
2022-10-06 07:38:43,223 : INFO : EventManager : Event: ======'unexpected_ball_on_playfield'====== Args={}
2022-10-06 07:38:43,315 : INFO : SwitchController : <<<<<<< 's_rollover_left' inactive >>>>>>>
2022-10-06 07:38:43,394 : INFO : SwitchController : <<<<<<< 's_left_flipper' inactive >>>>>>>
2022-10-06 07:38:43,488 : INFO : SwitchController : <<<<<<< 's_eos_left_top' inactive >>>>>>>
2022-10-06 07:38:44,206 : INFO : SwitchController : <<<<<<< 's_left_flipper' active >>>>>>>
2022-10-06 07:38:44,206 : INFO : EventManager : Event: ======'machine_var_audits_switches_s_left_flipper'====== Args={'value': 393, 'prev_value': 392, 'change': 1}
2022-10-06 07:38:44,238 : INFO : SwitchController : <<<<<<< 's_eos_left_top' active >>>>>>>
2022-10-06 07:38:44,238 : INFO : EventManager : Event: ======'machine_var_audits_switches_s_eos_left_top'====== Args={'value': 316, 'prev_value': 315, 'change': 1}
2022-10-06 07:38:44,269 : INFO : SwitchController : <<<<<<< 's_drop_right_right' active >>>>>>>
2022-10-06 07:38:44,269 : INFO : EventManager : Event: ======'playfield_active'====== Args={}
2022-10-06 07:38:44,269 : INFO : EventManager : Event: ======'unexpected_ball_on_playfield'====== Args={}
2022-10-06 07:38:44,269 : INFO : EventManager : Event: ======'drop_target_right_right_down'====== Args={'device': <drop_target.right_right>}
2022-10-06 07:38:44,269 : INFO : EventManager : Event: ======'drop_target_bank_right_mixed'====== Args={'prev_value': <DropTargetBankState.UP: 'up'>, 'down': 1}
2022-10-06 07:38:44,269 : INFO : EventManager : Event: ======'machine_var_audits_switches_s_drop_right_right'====== Args={'value': 29, 'prev_value': 28, 'change': 1}
2022-10-06 07:38:44,395 : INFO : SwitchController : <<<<<<< 's_left_flipper' inactive >>>>>>>
2022-10-06 07:38:44,503 : INFO : SwitchController : <<<<<<< 's_eos_left_top' inactive >>>>>>>
2022-10-06 07:38:45,264 : INFO : SwitchController : <<<<<<< 's_left_flipper' active >>>>>>>
2022-10-06 07:38:45,264 : INFO : EventManager : Event: ======'machine_var_audits_switches_s_left_flipper'====== Args={'value': 394, 'prev_value': 393, 'change': 1}
2022-10-06 07:38:45,295 : INFO : SwitchController : <<<<<<< 's_eos_left_top' active >>>>>>>
2022-10-06 07:38:45,295 : INFO : EventManager : Event: ======'machine_var_audits_switches_s_eos_left_top'====== Args={'value': 317, 'prev_value': 316, 'change': 1}
2022-10-06 07:38:45,467 : INFO : SwitchController : <<<<<<< 's_left_flipper' inactive >>>>>>>
2022-10-06 07:38:45,560 : INFO : SwitchController : <<<<<<< 's_eos_left_top' inactive >>>>>>>
2022-10-06 07:38:45,829 : INFO : SwitchController : <<<<<<< 's_left_flipper' active >>>>>>>
2022-10-06 07:38:45,829 : INFO : EventManager : Event: ======'machine_var_audits_switches_s_left_flipper'====== Args={'value': 395, 'prev_value': 394, 'change': 1}
2022-10-06 07:38:45,829 : INFO : SwitchController : <<<<<<< 's_right_flipper' active >>>>>>>
2022-10-06 07:38:45,829 : INFO : EventManager : Event: ======'flipper_cancel'====== Args={'triggering_group': 2, 'triggering_switch': 's_right_flipper'}
2022-10-06 07:38:45,829 : INFO : EventManager : Event: ======'machine_var_audits_switches_s_right_flipper'====== Args={'value': 463, 'prev_value': 462, 'change': 1}
2022-10-06 07:38:45,840 : INFO : SwitchController : <<<<<<< 's_eos_left_top' active >>>>>>>
2022-10-06 07:38:45,840 : INFO : EventManager : Event: ======'machine_var_audits_switches_s_eos_left_top'====== Args={'value': 318, 'prev_value': 317, 'change': 1}
2022-10-06 07:38:45,919 : INFO : SwitchController : <<<<<<< 's_left_flipper' inactive >>>>>>>
2022-10-06 07:38:45,919 : INFO : EventManager : Event: ======'both_flippers_one'====== Args={'triggering_group': 1, 'triggering_switch': 's_left_flipper'}
2022-10-06 07:38:46,015 : INFO : SwitchController : <<<<<<< 's_eos_left_top' inactive >>>>>>>
2022-10-06 07:38:46,015 : INFO : SwitchController : <<<<<<< 's_right_flipper' inactive >>>>>>>
2022-10-06 07:38:46,015 : INFO : EventManager : Event: ======'both_flippers_inactive'====== Args={'triggering_group': 2, 'triggering_switch': 's_right_flipper'}
2022-10-06 07:38:46,652 : INFO : SwitchController : <<<<<<< 's_pop_left' active >>>>>>>
2022-10-06 07:38:46,652 : INFO : EventManager : Event: ======'playfield_active'====== Args={}
2022-10-06 07:38:46,652 : INFO : EventManager : Event: ======'unexpected_ball_on_playfield'====== Args={}
2022-10-06 07:38:46,652 : INFO : EventManager : Event: ======'machine_var_audits_switches_s_pop_left'====== Args={'value': 76, 'prev_value': 75, 'change': 1}
2022-10-06 07:38:46,657 : INFO : SwitchController : <<<<<<< 's_pop_left' inactive >>>>>>>
2022-10-06 07:38:47,273 : INFO : SwitchController : <<<<<<< 's_right_flipper' active >>>>>>>
2022-10-06 07:38:47,273 : INFO : EventManager : Event: ======'machine_var_audits_switches_s_right_flipper'====== Args={'value': 464, 'prev_value': 463, 'change': 1}
2022-10-06 07:38:47,401 : INFO : SwitchController : <<<<<<< 's_right_flipper' inactive >>>>>>>
2022-10-06 07:38:47,959 : INFO : SwitchController : <<<<<<< 's_right_flipper' active >>>>>>>
2022-10-06 07:38:47,959 : INFO : EventManager : Event: ======'machine_var_audits_switches_s_right_flipper'====== Args={'value': 465, 'prev_value': 464, 'change': 1}
2022-10-06 07:38:48,087 : INFO : SwitchController : <<<<<<< 's_pop_lower' active >>>>>>>
2022-10-06 07:38:48,087 : INFO : EventManager : Event: ======'playfield_active'====== Args={}
2022-10-06 07:38:48,087 : INFO : EventManager : Event: ======'unexpected_ball_on_playfield'====== Args={}
2022-10-06 07:38:48,087 : INFO : EventManager : Event: ======'machine_var_audits_switches_s_pop_lower'====== Args={'value': 97, 'prev_value': 96, 'change': 1}
2022-10-06 07:38:48,107 : INFO : SwitchController : <<<<<<< 's_pop_lower' inactive >>>>>>>
2022-10-06 07:38:48,107 : INFO : SwitchController : <<<<<<< 's_pop_lower' active >>>>>>>
2022-10-06 07:38:48,107 : INFO : EventManager : Event: ======'playfield_active'====== Args={}
2022-10-06 07:38:48,108 : INFO : EventManager : Event: ======'unexpected_ball_on_playfield'====== Args={}
2022-10-06 07:38:48,108 : INFO : EventManager : Event: ======'machine_var_audits_switches_s_pop_lower'====== Args={'value': 98, 'prev_value': 97, 'change': 1}
2022-10-06 07:38:48,111 : INFO : SwitchController : <<<<<<< 's_pop_lower' inactive >>>>>>>
2022-10-06 07:38:48,232 : INFO : SwitchController : <<<<<<< 's_right_flipper' inactive >>>>>>>
2022-10-06 07:38:48,251 : INFO : SwitchController : <<<<<<< 's_right_flipper' active >>>>>>>
2022-10-06 07:38:48,251 : INFO : EventManager : Event: ======'machine_var_audits_switches_s_right_flipper'====== Args={'value': 466, 'prev_value': 465, 'change': 1}
2022-10-06 07:38:48,251 : INFO : SwitchController : <<<<<<< 's_right_flipper' inactive >>>>>>>
2022-10-06 07:38:49,990 : INFO : EventManager : Event: ======'balldevice_bd_trough_ball_eject_failed'====== Args={'target': <ball_device.bd_plunger>, 'balls': 1, 'retry': True, 'num_attempts': 6}
2022-10-06 07:38:49,991 : INFO : ball_device.bd_trough : State: waiting_for_target_ready
2022-10-06 07:38:49,991 : INFO : EventManager : Event: ======'balldevice_bd_trough_ball_eject_attempt'====== Args={'balls': 1, 'target': <ball_device.bd_plunger>, 'source': <ball_device.bd_trough>, 'mechanical_eject': True, 'num_attempts': 6}
2022-10-06 07:38:49,991 : INFO : ball_device.bd_trough : State: ejecting
2022-10-06 07:38:49,991 : INFO : ball_device.bd_trough : Ejecting ball to <ball_device.bd_plunger>
2022-10-06 07:38:49,991 : INFO : EventManager : Event: ======'balldevice_bd_trough_ejecting_ball'====== Args={'balls': 1, 'target': <ball_device.bd_plunger>, 'source': <ball_device.bd_trough>, 'mechanical_eject': True, 'num_attempts': 6}
2022-10-06 07:38:49,992 : INFO : ball_device.bd_trough : Wait for ball to leave device
2022-10-06 07:38:49,992 : INFO : coil.c_trough : Pulsing Driver for 20ms (0.8 pulse_power)
2022-10-06 07:38:50,054 : INFO : SwitchController : <<<<<<< 's_trough_6' active >>>>>>>
2022-10-06 07:38:50,054 : INFO : EventManager : Event: ======'machine_var_audits_switches_s_trough_6'====== Args={'value': 93, 'prev_value': 92, 'change': 1}
2022-10-06 07:38:50,055 : INFO : SwitchController : <<<<<<< 's_trough_6' inactive >>>>>>>
2022-10-06 07:38:50,533 : INFO : SwitchController : <<<<<<< 's_left_flipper' active >>>>>>>
2022-10-06 07:38:50,533 : INFO : EventManager : Event: ======'machine_var_audits_switches_s_left_flipper'====== Args={'value': 396, 'prev_value': 395, 'change': 1}
2022-10-06 07:38:50,581 : INFO : SwitchController : <<<<<<< 's_eos_left_top' active >>>>>>>
2022-10-06 07:38:50,581 : INFO : EventManager : Event: ======'machine_var_audits_switches_s_eos_left_top'====== Args={'value': 319, 'prev_value': 318, 'change': 1}
2022-10-06 07:38:50,629 : INFO : SwitchController : <<<<<<< 's_left_flipper' inactive >>>>>>>
2022-10-06 07:38:50,725 : INFO : SwitchController : <<<<<<< 's_eos_left_top' inactive >>>>>>>
2022-10-06 07:38:51,572 : INFO : SwitchController : <<<<<<< 's_left_outlane' active >>>>>>>
2022-10-06 07:38:51,572 : INFO : EventManager : Event: ======'sw_playfield_active'====== Args={}
2022-10-06 07:38:51,572 : INFO : EventManager : Event: ======'machine_var_audits_switches_s_left_outlane'====== Args={'value': 2, 'prev_value': 1, 'change': 1}
2022-10-06 07:38:51,573 : INFO : EventManager : Event: ======'playfield_active'====== Args={}
2022-10-06 07:38:51,573 : INFO : EventManager : Event: ======'unexpected_ball_on_playfield'====== Args={}
2022-10-06 07:38:51,604 : INFO : SwitchController : <<<<<<< 's_left_outlane' inactive >>>>>>>
2022-10-06 07:38:58,505 : INFO : SwitchController : <<<<<<< 's_right_flipper' active >>>>>>>
2022-10-06 07:38:58,505 : INFO : EventManager : Event: ======'machine_var_audits_switches_s_right_flipper'====== Args={'value': 467, 'prev_value': 466, 'change': 1}
2022-10-06 07:38:59,484 : INFO : SwitchController : <<<<<<< 's_right_flipper' inactive >>>>>>>
2022-10-06 07:38:59,986 : INFO : EventManager : Event: ======'balldevice_bd_trough_ball_eject_failed'====== Args={'target': <ball_device.bd_plunger>, 'balls': 1, 'retry': True, 'num_attempts': 7}
2022-10-06 07:38:59,987 : INFO : ball_device.bd_trough : State: waiting_for_target_ready
2022-10-06 07:38:59,987 : INFO : EventManager : Event: ======'balldevice_bd_trough_ball_eject_attempt'====== Args={'balls': 1, 'target': <ball_device.bd_plunger>, 'source': <ball_device.bd_trough>, 'mechanical_eject': True, 'num_attempts': 7}
2022-10-06 07:38:59,987 : INFO : ball_device.bd_trough : State: ejecting
2022-10-06 07:38:59,987 : INFO : ball_device.bd_trough : Ejecting ball to <ball_device.bd_plunger>
2022-10-06 07:38:59,987 : INFO : EventManager : Event: ======'balldevice_bd_trough_ejecting_ball'====== Args={'balls': 1, 'target': <ball_device.bd_plunger>, 'source': <ball_device.bd_trough>, 'mechanical_eject': True, 'num_attempts': 7}
2022-10-06 07:38:59,988 : INFO : ball_device.bd_trough : Wait for ball to leave device
2022-10-06 07:38:59,988 : INFO : coil.c_trough : Pulsing Driver for 20ms (0.8 pulse_power)
2022-10-06 07:39:02,111 : INFO : SwitchController : <<<<<<< 's_left_flipper' active >>>>>>>
2022-10-06 07:39:02,111 : INFO : EventManager : Event: ======'machine_var_audits_switches_s_left_flipper'====== Args={'value': 397, 'prev_value': 396, 'change': 1}
2022-10-06 07:39:02,142 : INFO : SwitchController : <<<<<<< 's_eos_left_top' active >>>>>>>
2022-10-06 07:39:02,142 : INFO : EventManager : Event: ======'machine_var_audits_switches_s_eos_left_top'====== Args={'value': 320, 'prev_value': 319, 'change': 1}
2022-10-06 07:39:02,300 : INFO : SwitchController : <<<<<<< 's_left_flipper' inactive >>>>>>>
2022-10-06 07:39:02,410 : INFO : SwitchController : <<<<<<< 's_eos_left_top' inactive >>>>>>>
2022-10-06 07:39:05,084 : INFO : SwitchController : <<<<<<< 's_right_flipper' active >>>>>>>
2022-10-06 07:39:05,084 : INFO : EventManager : Event: ======'machine_var_audits_switches_s_right_flipper'====== Args={'value': 468, 'prev_value': 467, 'change': 1}
2022-10-06 07:39:05,950 : INFO : SwitchController : <<<<<<< 's_right_flipper' inactive >>>>>>>
2022-10-06 07:39:06,821 : INFO : SwitchController : <<<<<<< 's_pop_left' active >>>>>>>
2022-10-06 07:39:06,822 : INFO : EventManager : Event: ======'playfield_active'====== Args={}
2022-10-06 07:39:06,822 : INFO : EventManager : Event: ======'unexpected_ball_on_playfield'====== Args={}
2022-10-06 07:39:06,822 : INFO : EventManager : Event: ======'machine_var_audits_switches_s_pop_left'====== Args={'value': 77, 'prev_value': 76, 'change': 1}
2022-10-06 07:39:06,833 : INFO : SwitchController : <<<<<<< 's_pop_left' inactive >>>>>>>
2022-10-06 07:39:08,146 : INFO : SwitchController : <<<<<<< 's_right_flipper' active >>>>>>>
2022-10-06 07:39:08,146 : INFO : EventManager : Event: ======'machine_var_audits_switches_s_right_flipper'====== Args={'value': 469, 'prev_value': 468, 'change': 1}
2022-10-06 07:39:08,288 : INFO : SwitchController : <<<<<<< 's_right_flipper' inactive >>>>>>>
2022-10-06 07:39:08,508 : INFO : SwitchController : <<<<<<< 's_trough_2' active >>>>>>>
2022-10-06 07:39:08,508 : INFO : EventManager : Event: ======'machine_var_audits_switches_s_trough_2'====== Args={'value': 84, 'prev_value': 83, 'change': 1}
2022-10-06 07:39:08,509 : INFO : SwitchController : <<<<<<< 's_trough_2' inactive >>>>>>>
2022-10-06 07:39:08,758 : INFO : SwitchController : <<<<<<< 's_trough_6' active >>>>>>>
2022-10-06 07:39:08,758 : INFO : EventManager : Event: ======'machine_var_audits_switches_s_trough_6'====== Args={'value': 94, 'prev_value': 93, 'change': 1}
2022-10-06 07:39:08,866 : INFO : SwitchController : <<<<<<< 's_trough_6' inactive >>>>>>>
2022-10-06 07:39:08,931 : INFO : SwitchController : <<<<<<< 's_trough_5' active >>>>>>>
2022-10-06 07:39:08,931 : INFO : EventManager : Event: ======'machine_var_audits_switches_s_trough_5'====== Args={'value': 70, 'prev_value': 69, 'change': 1}
2022-10-06 07:39:09,025 : INFO : SwitchController : <<<<<<< 's_trough_5' inactive >>>>>>>
2022-10-06 07:39:09,089 : INFO : SwitchController : <<<<<<< 's_trough_4' active >>>>>>>
2022-10-06 07:39:09,089 : INFO : EventManager : Event: ======'machine_var_audits_switches_s_trough_4'====== Args={'value': 67, 'prev_value': 66, 'change': 1}
2022-10-06 07:39:09,158 : INFO : SwitchController : <<<<<<< 's_trough_4' inactive >>>>>>>
2022-10-06 07:39:09,215 : INFO : SwitchController : <<<<<<< 's_trough_3' active >>>>>>>
2022-10-06 07:39:09,215 : INFO : EventManager : Event: ======'machine_var_audits_switches_s_trough_3'====== Args={'value': 67, 'prev_value': 66, 'change': 1}
2022-10-06 07:39:09,277 : INFO : SwitchController : <<<<<<< 's_trough_3' inactive >>>>>>>
2022-10-06 07:39:09,324 : INFO : SwitchController : <<<<<<< 's_trough_2' active >>>>>>>
2022-10-06 07:39:09,324 : INFO : EventManager : Event: ======'machine_var_audits_switches_s_trough_2'====== Args={'value': 85, 'prev_value': 84, 'change': 1}
2022-10-06 07:39:09,403 : INFO : SwitchController : <<<<<<< 's_trough_2' inactive >>>>>>>
2022-10-06 07:39:09,993 : INFO : EventManager : Event: ======'balldevice_bd_trough_ball_eject_failed'====== Args={'target': <ball_device.bd_plunger>, 'balls': 1, 'retry': True, 'num_attempts': 8}
2022-10-06 07:39:09,994 : INFO : ball_device.bd_trough : State: waiting_for_target_ready
2022-10-06 07:39:09,994 : INFO : EventManager : Event: ======'balldevice_bd_trough_ball_eject_attempt'====== Args={'balls': 1, 'target': <ball_device.bd_plunger>, 'source': <ball_device.bd_trough>, 'mechanical_eject': True, 'num_attempts': 8}
2022-10-06 07:39:09,994 : INFO : ball_device.bd_trough : State: ejecting
2022-10-06 07:39:09,994 : INFO : ball_device.bd_trough : Ejecting ball to <ball_device.bd_plunger>
2022-10-06 07:39:09,994 : INFO : EventManager : Event: ======'balldevice_bd_trough_ejecting_ball'====== Args={'balls': 1, 'target': <ball_device.bd_plunger>, 'source': <ball_device.bd_trough>, 'mechanical_eject': True, 'num_attempts': 8}
2022-10-06 07:39:09,995 : INFO : ball_device.bd_trough : Wait for ball to leave device
2022-10-06 07:39:09,995 : INFO : coil.c_trough : Pulsing Driver for 20ms (0.8 pulse_power)
2022-10-06 07:39:14,380 : INFO : Machine : Shutting down...
2022-10-06 07:39:14,380 : INFO : EventManager : Event: ======'shutdown'====== Args={}
2022-10-06 07:39:14,395 : WARNING : FAST : Port RGB received more messages than were sent! Resetting!
2022-10-06 07:39:14,395 : WARNING : FAST : Port NET received more messages than were sent! Resetting!
2022-10-06 07:39:14,474 : ERROR : FAST : Stop called on serial connection com9
2022-10-06 07:39:14,474 : ERROR : FAST : Stop called on serial connection com10
2022-10-06 07:39:14,691 : INFO : root : MPF run loop ended.
