2022-10-06 07:35:28,895 : INFO : root : Loading config.
2022-10-06 07:35:28,898 : INFO : YamlMultifileConfigLoader : Machine config file #1: config.yaml
2022-10-06 07:35:28,898 : INFO : ConfigProcessor : Loading config from cache: C:\Users\Tanner\AppData\Local\Temp\a6762098cb994b55cb03a478b26022ee.mpf_cache
2022-10-06 07:35:28,958 : INFO : ConfigProcessor : Loading config from cache: C:\Users\Tanner\AppData\Local\Temp\9cf7ccc27b21f4d6162237fadfc53e5a.mpf_cache
2022-10-06 07:35:28,959 : INFO : ConfigProcessor : Loading config from cache: C:\Users\Tanner\AppData\Local\Temp\c215df352878fee5d54f1a5ec5b16e7c.mpf_cache
2022-10-06 07:35:28,959 : INFO : ConfigProcessor : Loading config from cache: C:\Users\Tanner\AppData\Local\Temp\708062243e0edcfa77dd6b1521bd0d4e.mpf_cache
2022-10-06 07:35:28,960 : INFO : ConfigProcessor : Loading config from cache: C:\Users\Tanner\AppData\Local\Temp\c4174472f67f7b070dd6fb437c6feb0c.mpf_cache
2022-10-06 07:35:28,961 : INFO : ConfigProcessor : Loading config from cache: C:\Users\Tanner\AppData\Local\Temp\abaa92c43d134e3392cbb2346e6a16be.mpf_cache
2022-10-06 07:35:28,961 : INFO : ConfigProcessor : Loading config from cache: C:\Users\Tanner\AppData\Local\Temp\fc46d53fcb9fe6b8abf783d9c813390a.mpf_cache
2022-10-06 07:35:28,962 : INFO : Machine : Mission Pinball Framework Core Engine v0.55.0
2022-10-06 07:35:28,962 : INFO : Machine : Command line arguments: {'no_load_cache': False, 'create_config_cache': True, 'bcp': False, 'configfile': ['config.yaml'], 'force_assets_load': False, 'jsonlogging': False, 'logfile': 'logs\\2022-10-06-07-35-28-mpf-DESKTOP-7HNFDQ5.log', 'pause': False, 'production': False, 'text_ui': True, 'loglevel': 15, 'consoleloglevel': 20, 'force_platform': None, 'syslog_address': None, 'mc_file_name': None, 'no_sound': False}
2022-10-06 07:35:28,962 : INFO : Machine : MPF path: c:\users\tanner\appdata\local\programs\python\python37\lib\site-packages\mpf
2022-10-06 07:35:28,962 : INFO : Machine : Machine path: c:\trashland_2
2022-10-06 07:35:28,962 : INFO : Machine : Platform: win32
2022-10-06 07:35:28,962 : INFO : Machine : Python executable location: c:\users\tanner\appdata\local\programs\python\python37\python.exe
2022-10-06 07:35:28,962 : INFO : Machine : Python version: 3.7.8 (64-bit)
2022-10-06 07:35:28,964 : INFO : Machine : Initialise MPF.
2022-10-06 07:35:29,191 : INFO : FAST : Connecting to com9 at 921600bps
2022-10-06 07:35:29,234 : INFO : FAST : Connected! Processor: NET, Board Type: FP-CPU-002-2, Firmware: 01.05
2022-10-06 07:35:29,234 : INFO : EventManager : Event: ======'machine_var_fast_net_firmware'====== Args={'value': '01.05', 'prev_value': None, 'change': True}
2022-10-06 07:35:29,234 : INFO : EventManager : Event: ======'machine_var_fast_net_model'====== Args={'value': 'FP-CPU-002-2', 'prev_value': None, 'change': True}
2022-10-06 07:35:31,580 : WARNING : FAST : Got unexpected message from FAST: -N:2B
2022-10-06 07:35:31,580 : WARNING : FAST : Got unexpected message from FAST: -N:2C
2022-10-06 07:35:31,580 : WARNING : FAST : Got unexpected message from FAST: -N:30
2022-10-06 07:35:31,580 : WARNING : FAST : Got unexpected message from FAST: -N:33
2022-10-06 07:35:31,580 : WARNING : FAST : Got unexpected message from FAST: -N:34
2022-10-06 07:35:31,580 : WARNING : FAST : Got unexpected message from FAST: -N:38
2022-10-06 07:35:31,580 : WARNING : FAST : Got unexpected message from FAST: -N:40
2022-10-06 07:35:31,580 : WARNING : FAST : Got unexpected message from FAST: -N:41
2022-10-06 07:35:31,580 : WARNING : FAST : Got unexpected message from FAST: -N:42
2022-10-06 07:35:31,580 : WARNING : FAST : Got unexpected message from FAST: -N:43
2022-10-06 07:35:31,581 : WARNING : FAST : Got unexpected message from FAST: -N:44
2022-10-06 07:35:31,688 : INFO : FAST : Connecting to com10 at 921600bps
2022-10-06 07:35:31,720 : INFO : FAST : Connected! Processor: RGB, Board Type: FP-CPU-002-2, Firmware: 00.87
2022-10-06 07:35:31,720 : INFO : EventManager : Event: ======'machine_var_fast_rgb_firmware'====== Args={'value': '00.87', 'prev_value': None, 'change': True}
2022-10-06 07:35:31,720 : INFO : EventManager : Event: ======'machine_var_fast_rgb_model'====== Args={'value': 'FP-CPU-002-2', 'prev_value': None, 'change': True}
2022-10-06 07:35:31,721 : INFO : EventManager : Event: ======'machine_var_credits_string'====== Args={'value': 'FREE PLAY', 'prev_value': None, 'change': True}
2022-10-06 07:35:31,760 : INFO : EventManager : Event: ======'machine_var_master_volume'====== Args={'value': 0.5, 'prev_value': None, 'change': True}
2022-10-06 07:35:31,760 : INFO : EventManager : Event: ======'machine_var_mpf_version'====== Args={'value': 'MPF v0.55.0', 'prev_value': None, 'change': True}
2022-10-06 07:35:31,760 : INFO : EventManager : Event: ======'machine_var_mpf_extended_version'====== Args={'value': 'MPF v0.55.0, Config version:5, Show version: 5, BCP version:1.1', 'prev_value': None, 'change': True}
2022-10-06 07:35:31,760 : INFO : EventManager : Event: ======'machine_var_python_version'====== Args={'value': '3.7.8', 'prev_value': None, 'change': True}
2022-10-06 07:35:31,760 : INFO : EventManager : Event: ======'machine_var_platform'====== Args={'value': 'Windows-10-10.0.19041-SP0', 'prev_value': None, 'change': True}
2022-10-06 07:35:31,760 : INFO : EventManager : Event: ======'machine_var_platform_system'====== Args={'value': 'Windows', 'prev_value': None, 'change': True}
2022-10-06 07:35:31,760 : INFO : EventManager : Event: ======'machine_var_platform_release'====== Args={'value': '10', 'prev_value': None, 'change': True}
2022-10-06 07:35:31,760 : INFO : EventManager : Event: ======'machine_var_platform_version'====== Args={'value': '10.0.19041', 'prev_value': None, 'change': True}
2022-10-06 07:35:31,760 : INFO : EventManager : Event: ======'machine_var_platform_machine'====== Args={'value': 'AMD64', 'prev_value': None, 'change': True}
2022-10-06 07:35:31,761 : INFO : EventManager : Event: ======'init_phase_1'====== Args={}
2022-10-06 07:35:31,800 : INFO : EventManager : Event: ======'drop_target_bank_mid_up'====== Args={}
2022-10-06 07:35:31,800 : INFO : EventManager : Event: ======'drop_target_bank_right_up'====== Args={}
2022-10-06 07:35:31,809 : INFO : EventManager : Event: ======'init_phase_2'====== Args={}
2022-10-06 07:35:31,810 : INFO : SwitchController : Found active switch: (('2C', 1), <Platform.FAST>) <switch.s_drop_mid_mid>
2022-10-06 07:35:31,810 : INFO : SwitchController : Found active switch: (('2B', 1), <Platform.FAST>) <switch.s_drop_mid_left>
2022-10-06 07:35:31,810 : INFO : SwitchController : Found active switch: (('30', 1), <Platform.FAST>) <switch.s_drop_right_right>
2022-10-06 07:35:31,810 : INFO : SwitchController : Found active switch: (('3E', 1), <Platform.FAST>) <switch.s_trough_1>
2022-10-06 07:35:31,810 : INFO : SwitchController : Found active switch: (('3D', 1), <Platform.FAST>) <switch.s_trough_jam>
2022-10-06 07:35:31,810 : INFO : SwitchController : Found active switch: (('3C', 1), <Platform.FAST>) <switch.s_eos_right>
2022-10-06 07:35:31,810 : INFO : SwitchController : Found active switch: (('3B', 1), <Platform.FAST>) <switch.s_eos_left>
2022-10-06 07:35:31,810 : INFO : SwitchController : Found active switch: (('5D', 1), <Platform.FAST>) <switch.s_bot_vuk>
2022-10-06 07:35:31,817 : INFO : ball_device.bd_trough : BCH: Initial count: 2
2022-10-06 07:35:31,818 : INFO : ball_device.bd_trough : State: idle
2022-10-06 07:35:31,818 : INFO : ball_device.bd_plunger : BCH: Initial count: 0
2022-10-06 07:35:31,818 : INFO : ball_device.bd_plunger : State: idle
2022-10-06 07:35:31,819 : INFO : ball_device.bd_top_vuk : BCH: Initial count: 0
2022-10-06 07:35:31,819 : INFO : ball_device.bd_top_vuk : State: idle
2022-10-06 07:35:31,819 : INFO : ball_device.bd_right_vuk : BCH: Initial count: 0
2022-10-06 07:35:31,820 : INFO : ball_device.bd_right_vuk : State: idle
2022-10-06 07:35:31,858 : INFO : EventManager : Event: ======'init_phase_3'====== Args={}
2022-10-06 07:35:31,892 : INFO : EventManager : Event: ======'init_phase_4'====== Args={}
2022-10-06 07:35:31,892 : INFO : EventManager : Event: ======'playfield_active'====== Args={}
2022-10-06 07:35:31,892 : INFO : EventManager : Event: ======'unexpected_ball_on_playfield'====== Args={}
2022-10-06 07:35:31,892 : INFO : EventManager : Event: ======'playfield_active'====== Args={}
2022-10-06 07:35:31,892 : INFO : EventManager : Event: ======'unexpected_ball_on_playfield'====== Args={}
2022-10-06 07:35:31,892 : INFO : EventManager : Event: ======'playfield_active'====== Args={}
2022-10-06 07:35:31,892 : INFO : EventManager : Event: ======'unexpected_ball_on_playfield'====== Args={}
2022-10-06 07:35:31,892 : INFO : EventManager : Event: ======'drop_target_mid_mid_down'====== Args={'device': <drop_target.mid_mid>}
2022-10-06 07:35:31,892 : INFO : EventManager : Event: ======'drop_target_bank_mid_mixed'====== Args={'prev_value': <DropTargetBankState.UP: 'up'>, 'down': 1}
2022-10-06 07:35:31,893 : INFO : EventManager : Event: ======'playfield_active'====== Args={}
2022-10-06 07:35:31,893 : INFO : EventManager : Event: ======'unexpected_ball_on_playfield'====== Args={}
2022-10-06 07:35:31,893 : INFO : EventManager : Event: ======'drop_target_mid_left_down'====== Args={'device': <drop_target.mid_left>}
2022-10-06 07:35:31,893 : INFO : EventManager : Event: ======'drop_target_bank_mid_mixed'====== Args={'prev_value': <DropTargetBankState.MIXED: 'mixed'>, 'down': 2}
2022-10-06 07:35:31,893 : INFO : EventManager : Event: ======'playfield_active'====== Args={}
2022-10-06 07:35:31,893 : INFO : EventManager : Event: ======'unexpected_ball_on_playfield'====== Args={}
2022-10-06 07:35:31,893 : INFO : EventManager : Event: ======'drop_target_right_right_down'====== Args={'device': <drop_target.right_right>}
2022-10-06 07:35:31,893 : INFO : EventManager : Event: ======'drop_target_bank_right_mixed'====== Args={'prev_value': <DropTargetBankState.UP: 'up'>, 'down': 1}
2022-10-06 07:35:31,893 : INFO : EventManager : Event: ======'playfield_active'====== Args={}
2022-10-06 07:35:31,893 : INFO : EventManager : Event: ======'unexpected_ball_on_playfield'====== Args={}
2022-10-06 07:35:31,894 : INFO : BallController : Initial balls found: 2
2022-10-06 07:35:31,896 : INFO : EventManager : Event: ======'machine_var_audits_events_game_ended'====== Args={'value': 0, 'prev_value': None, 'change': True}
2022-10-06 07:35:31,896 : INFO : EventManager : Event: ======'machine_var_audits_events_game_started'====== Args={'value': 0, 'prev_value': None, 'change': True}
2022-10-06 07:35:31,896 : INFO : EventManager : Event: ======'machine_var_audits_player_score'====== Args={'value': {'average': 0, 'top': [], 'total': 0}, 'prev_value': None, 'change': True}
2022-10-06 07:35:31,896 : INFO : EventManager : Event: ======'machine_var_audits_switches_s_autolauncher'====== Args={'value': 75, 'prev_value': None, 'change': True}
2022-10-06 07:35:31,896 : INFO : EventManager : Event: ======'machine_var_audits_switches_s_back_pop'====== Args={'value': 0, 'prev_value': None, 'change': True}
2022-10-06 07:35:31,896 : INFO : EventManager : Event: ======'machine_var_audits_switches_s_back_rollover'====== Args={'value': 0, 'prev_value': None, 'change': True}
2022-10-06 07:35:31,896 : INFO : EventManager : Event: ======'machine_var_audits_switches_s_back_stationary'====== Args={'value': 0, 'prev_value': None, 'change': True}
2022-10-06 07:35:31,896 : INFO : EventManager : Event: ======'machine_var_audits_switches_s_bot_back'====== Args={'value': 0, 'prev_value': None, 'change': True}
2022-10-06 07:35:31,897 : INFO : EventManager : Event: ======'machine_var_audits_switches_s_bot_big'====== Args={'value': 0, 'prev_value': None, 'change': True}
2022-10-06 07:35:31,897 : INFO : EventManager : Event: ======'machine_var_audits_switches_s_bot_left'====== Args={'value': 0, 'prev_value': None, 'change': True}
2022-10-06 07:35:31,897 : INFO : EventManager : Event: ======'machine_var_audits_switches_s_bot_right'====== Args={'value': 0, 'prev_value': None, 'change': True}
2022-10-06 07:35:31,897 : INFO : EventManager : Event: ======'machine_var_audits_switches_s_bot_rollover'====== Args={'value': 0, 'prev_value': None, 'change': True}
2022-10-06 07:35:31,897 : INFO : EventManager : Event: ======'machine_var_audits_switches_s_bot_vuk'====== Args={'value': 0, 'prev_value': None, 'change': True}
2022-10-06 07:35:31,897 : INFO : EventManager : Event: ======'machine_var_audits_switches_s_drop_mid_left'====== Args={'value': 54, 'prev_value': None, 'change': True}
2022-10-06 07:35:31,897 : INFO : EventManager : Event: ======'machine_var_audits_switches_s_drop_mid_mid'====== Args={'value': 57, 'prev_value': None, 'change': True}
2022-10-06 07:35:31,898 : INFO : EventManager : Event: ======'machine_var_audits_switches_s_drop_mid_right'====== Args={'value': 5, 'prev_value': None, 'change': True}
2022-10-06 07:35:31,898 : INFO : EventManager : Event: ======'machine_var_audits_switches_s_drop_right_left'====== Args={'value': 15, 'prev_value': None, 'change': True}
2022-10-06 07:35:31,898 : INFO : EventManager : Event: ======'machine_var_audits_switches_s_drop_right_right'====== Args={'value': 25, 'prev_value': None, 'change': True}
2022-10-06 07:35:31,898 : INFO : EventManager : Event: ======'machine_var_audits_switches_s_drop_single'====== Args={'value': 40, 'prev_value': None, 'change': True}
2022-10-06 07:35:31,898 : INFO : EventManager : Event: ======'machine_var_audits_switches_s_eos_left'====== Args={'value': 71, 'prev_value': None, 'change': True}
2022-10-06 07:35:31,898 : INFO : EventManager : Event: ======'machine_var_audits_switches_s_eos_left_top'====== Args={'value': 275, 'prev_value': None, 'change': True}
2022-10-06 07:35:31,898 : INFO : EventManager : Event: ======'machine_var_audits_switches_s_eos_right'====== Args={'value': 96, 'prev_value': None, 'change': True}
2022-10-06 07:35:31,899 : INFO : EventManager : Event: ======'machine_var_audits_switches_s_launch'====== Args={'value': 34, 'prev_value': None, 'change': True}
2022-10-06 07:35:31,899 : INFO : EventManager : Event: ======'machine_var_audits_switches_s_left_flipper'====== Args={'value': 350, 'prev_value': None, 'change': True}
2022-10-06 07:35:31,899 : INFO : EventManager : Event: ======'machine_var_audits_switches_s_left_inlane'====== Args={'value': 9, 'prev_value': None, 'change': True}
2022-10-06 07:35:31,899 : INFO : EventManager : Event: ======'machine_var_audits_switches_s_left_outlane'====== Args={'value': 1, 'prev_value': None, 'change': True}
2022-10-06 07:35:31,899 : INFO : EventManager : Event: ======'machine_var_audits_switches_s_pop_left'====== Args={'value': 63, 'prev_value': None, 'change': True}
2022-10-06 07:35:31,899 : INFO : EventManager : Event: ======'machine_var_audits_switches_s_pop_lower'====== Args={'value': 81, 'prev_value': None, 'change': True}
2022-10-06 07:35:31,900 : INFO : EventManager : Event: ======'machine_var_audits_switches_s_pop_right'====== Args={'value': 96, 'prev_value': None, 'change': True}
2022-10-06 07:35:31,900 : INFO : EventManager : Event: ======'machine_var_audits_switches_s_right_flipper'====== Args={'value': 413, 'prev_value': None, 'change': True}
2022-10-06 07:35:31,900 : INFO : EventManager : Event: ======'machine_var_audits_switches_s_right_inlane'====== Args={'value': 0, 'prev_value': None, 'change': True}
2022-10-06 07:35:31,900 : INFO : EventManager : Event: ======'machine_var_audits_switches_s_right_outlane'====== Args={'value': 18, 'prev_value': None, 'change': True}
2022-10-06 07:35:31,900 : INFO : EventManager : Event: ======'machine_var_audits_switches_s_rollover_left'====== Args={'value': 9, 'prev_value': None, 'change': True}
2022-10-06 07:35:31,901 : INFO : EventManager : Event: ======'machine_var_audits_switches_s_rollover_right'====== Args={'value': 14, 'prev_value': None, 'change': True}
2022-10-06 07:35:31,901 : INFO : EventManager : Event: ======'machine_var_audits_switches_s_sling_left'====== Args={'value': 24, 'prev_value': None, 'change': True}
2022-10-06 07:35:31,901 : INFO : EventManager : Event: ======'machine_var_audits_switches_s_sling_right'====== Args={'value': 22, 'prev_value': None, 'change': True}
2022-10-06 07:35:31,901 : INFO : EventManager : Event: ======'machine_var_audits_switches_s_start'====== Args={'value': 108, 'prev_value': None, 'change': True}
2022-10-06 07:35:31,901 : INFO : EventManager : Event: ======'machine_var_audits_switches_s_tilt'====== Args={'value': 63, 'prev_value': None, 'change': True}
2022-10-06 07:35:31,902 : INFO : EventManager : Event: ======'machine_var_audits_switches_s_transfer_rollover'====== Args={'value': 0, 'prev_value': None, 'change': True}
2022-10-06 07:35:31,902 : INFO : EventManager : Event: ======'machine_var_audits_switches_s_trough_1'====== Args={'value': 57, 'prev_value': None, 'change': True}
2022-10-06 07:35:31,902 : INFO : EventManager : Event: ======'machine_var_audits_switches_s_trough_2'====== Args={'value': 79, 'prev_value': None, 'change': True}
2022-10-06 07:35:31,902 : INFO : EventManager : Event: ======'machine_var_audits_switches_s_trough_3'====== Args={'value': 63, 'prev_value': None, 'change': True}
2022-10-06 07:35:31,902 : INFO : EventManager : Event: ======'machine_var_audits_switches_s_trough_4'====== Args={'value': 63, 'prev_value': None, 'change': True}
2022-10-06 07:35:31,903 : INFO : EventManager : Event: ======'machine_var_audits_switches_s_trough_5'====== Args={'value': 66, 'prev_value': None, 'change': True}
2022-10-06 07:35:31,903 : INFO : EventManager : Event: ======'machine_var_audits_switches_s_trough_6'====== Args={'value': 87, 'prev_value': None, 'change': True}
2022-10-06 07:35:31,903 : INFO : EventManager : Event: ======'machine_var_audits_switches_s_trough_jam'====== Args={'value': 108, 'prev_value': None, 'change': True}
2022-10-06 07:35:31,903 : INFO : EventManager : Event: ======'machine_var_audits_switches_s_upper_drop'====== Args={'value': 0, 'prev_value': None, 'change': True}
2022-10-06 07:35:31,903 : INFO : EventManager : Event: ======'machine_var_audits_switches_s_upper_rollover'====== Args={'value': 0, 'prev_value': None, 'change': True}
2022-10-06 07:35:31,904 : INFO : EventManager : Event: ======'machine_var_audits_switches_s_upper_stationary'====== Args={'value': 0, 'prev_value': None, 'change': True}
2022-10-06 07:35:31,904 : INFO : EventManager : Event: ======'machine_var_audits_switches_s_vuk_back'====== Args={'value': 1, 'prev_value': None, 'change': True}
2022-10-06 07:35:31,904 : INFO : EventManager : Event: ======'machine_var_audits_switches_s_vuk_right'====== Args={'value': 2, 'prev_value': None, 'change': True}
2022-10-06 07:35:31,904 : INFO : EventManager : Event: ======'machine_var_audits_switches_s_vuk_top'====== Args={'value': 0, 'prev_value': None, 'change': True}
2022-10-06 07:35:31,905 : INFO : EventManager : Event: ======'init_phase_5'====== Args={}
2022-10-06 07:35:31,949 : INFO : EventManager : Event: ======'init_done'====== Args={}
2022-10-06 07:35:31,949 : INFO : EventManager : Event: ======'machine_reset_phase_1'====== Args={}
2022-10-06 07:35:31,950 : INFO : EventManager : Event: ======'machine_reset_phase_2'====== Args={}
2022-10-06 07:35:31,951 : INFO : EventManager : Event: ======'machine_reset_phase_3'====== Args={}
2022-10-06 07:35:31,951 : INFO : EventManager : Event: ======'mode_tilt_will_start'====== Args={'queue': <QueuedEvent>}
2022-10-06 07:35:31,952 : INFO : EventManager : Event: ======'mode_tilt_starting'====== Args={'queue': <QueuedEvent>}
2022-10-06 07:35:31,952 : INFO : drop_target_bank.mid : 2 targets are down. Will reset those.
2022-10-06 07:35:31,952 : INFO : coil.c_drop_mid : Pulsing Driver for 50ms (0.7 pulse_power)
2022-10-06 07:35:31,952 : INFO : drop_target_bank.right : 1 targets are down. Will reset those.
2022-10-06 07:35:31,953 : INFO : Mode.tilt : Started. Priority: 1000000
2022-10-06 07:35:31,953 : INFO : EventManager : Event: ======'modes_active_modes_changed'====== Args={}
2022-10-06 07:35:31,953 : INFO : EventManager : Event: ======'mode_tilt_started'====== Args={'queue': <QueuedEvent>}
2022-10-06 07:35:31,953 : INFO : EventManager : Event: ======'reset_complete'====== Args={}
2022-10-06 07:35:31,953 : INFO : EventManager : Event: ======'mode_attract_will_start'====== Args={}
2022-10-06 07:35:31,954 : INFO : EventManager : Event: ======'mode_attract_starting'====== Args={}
2022-10-06 07:35:31,954 : INFO : Mode.attract : Started. Priority: 10
2022-10-06 07:35:31,954 : INFO : EventManager : Event: ======'modes_active_modes_changed'====== Args={}
2022-10-06 07:35:31,954 : INFO : EventManager : Event: ======'mode_attract_started'====== Args={}
2022-10-06 07:35:31,954 : INFO : EventManager : Event: ======'collecting_balls_complete'====== Args={}
2022-10-06 07:35:31,975 : INFO : Machine : Starting the main run loop.
2022-10-06 07:35:31,989 : INFO : coil.c_drop_right : Pulsing Driver for 10ms (1.0 pulse_power)
2022-10-06 07:35:32,021 : INFO : coil.c_drop_right : Pulsing Driver for 10ms (1.0 pulse_power)
2022-10-06 07:35:32,448 : INFO : EventManager : Event: ======'drop_target_bank_right_mixed'====== Args={'prev_value': <DropTargetBankState.MIXED: 'mixed'>, 'down': 1}
2022-10-06 07:35:32,448 : INFO : EventManager : Event: ======'drop_target_bank_mid_mixed'====== Args={'prev_value': <DropTargetBankState.MIXED: 'mixed'>, 'down': 2}
2022-10-06 07:35:33,424 : INFO : SwitchController : <<<<<<< 's_start' active >>>>>>>
2022-10-06 07:35:33,567 : INFO : SwitchController : <<<<<<< 's_start' inactive >>>>>>>
2022-10-06 07:35:33,567 : INFO : EventManager : Event: ======'request_to_start_game'====== Args={}
2022-10-06 07:35:33,567 : INFO : EventManager : Event: ======'game_start'====== Args={'buttons': [], 'hold_time': 0.1410000000000764}
2022-10-06 07:35:33,568 : INFO : EventManager : Event: ======'mode_game_will_start'====== Args={'buttons': [], 'hold_time': 0.1410000000000764}
2022-10-06 07:35:33,568 : INFO : EventManager : Event: ======'mode_game_starting'====== Args={'buttons': [], 'hold_time': 0.1410000000000764}
2022-10-06 07:35:33,568 : INFO : EventManager : Event: ======'mode_attract_will_stop'====== Args={}
2022-10-06 07:35:33,568 : INFO : EventManager : Event: ======'mode_attract_stopping'====== Args={}
2022-10-06 07:35:33,568 : INFO : Mode.attract : Stopped.
2022-10-06 07:35:33,568 : INFO : EventManager : Event: ======'modes_active_modes_changed'====== Args={}
2022-10-06 07:35:33,568 : INFO : EventManager : Event: ======'mode_attract_stopped'====== Args={}
2022-10-06 07:35:33,568 : INFO : EventManager : Event: ======'clear'====== Args={'key': 'attract'}
2022-10-06 07:35:33,568 : INFO : Mode.game : Started. Priority: 20
2022-10-06 07:35:33,569 : INFO : EventManager : Event: ======'modes_active_modes_changed'====== Args={}
2022-10-06 07:35:33,569 : INFO : EventManager : Event: ======'mode_game_started'====== Args={'buttons': [], 'hold_time': 0.1410000000000764}
2022-10-06 07:35:33,573 : INFO : EventManager : Event: ======'game_will_start'====== Args={}
2022-10-06 07:35:33,574 : INFO : EventManager : Event: ======'game_starting'====== Args={'game': <Mode.game>}
2022-10-06 07:35:33,574 : INFO : EventManager : Event: ======'player_add_request'====== Args={}
2022-10-06 07:35:33,574 : INFO : EventManager : Event: ======'player_will_add'====== Args={'number': 1}
2022-10-06 07:35:33,574 : INFO : EventManager : Event: ======'player_adding'====== Args={'player': <Player 1>, 'number': 1}
2022-10-06 07:35:33,574 : INFO : EventManager : Event: ======'player_added'====== Args={'player': <Player 1>, 'num': 1}
2022-10-06 07:35:33,575 : INFO : Mode.game : Player added successfully. Total players: 1
2022-10-06 07:35:33,575 : INFO : EventManager : Event: ======'player_index'====== Args={'value': 0, 'prev_value': 0, 'change': 0, 'player_num': 1}
2022-10-06 07:35:33,575 : INFO : EventManager : Event: ======'player_number'====== Args={'value': 1, 'prev_value': 1, 'change': 0, 'player_num': 1}
2022-10-06 07:35:33,575 : INFO : EventManager : Event: ======'player_score'====== Args={'value': 0, 'prev_value': 0, 'change': 0, 'player_num': 1}
2022-10-06 07:35:33,575 : INFO : EventManager : Event: ======'game_started'====== Args={}
2022-10-06 07:35:33,587 : INFO : EventManager : Event: ======'player_turn_will_start'====== Args={'player': <Player 1>, 'number': 1}
2022-10-06 07:35:33,587 : INFO : EventManager : Event: ======'player_turn_starting'====== Args={'player': <Player 1>, 'number': 1}
2022-10-06 07:35:33,587 : INFO : EventManager : Event: ======'player_ball'====== Args={'value': 1, 'prev_value': 0, 'change': 1, 'player_num': 1}
2022-10-06 07:35:33,588 : INFO : EventManager : Event: ======'player_turn_started'====== Args={'player': <Player 1>, 'number': 1}
2022-10-06 07:35:33,588 : INFO : EventManager : Event: ======'ball_will_start'====== Args={'player': 1, 'ball': 1, 'balls_remaining': 2, 'is_extra_ball': False}
2022-10-06 07:35:33,591 : INFO : EventManager : Event: ======'ball_starting'====== Args={'player': 1, 'ball': 1, 'balls_remaining': 2, 'is_extra_ball': False}
2022-10-06 07:35:33,591 : INFO : EventManager : Event: ======'mode_base_will_start'====== Args={'queue': <QueuedEvent>, 'player': 1, 'ball': 1, 'balls_remaining': 2, 'is_extra_ball': False}
2022-10-06 07:35:33,592 : INFO : EventManager : Event: ======'mode_base_starting'====== Args={'queue': <QueuedEvent>, 'player': 1, 'ball': 1, 'balls_remaining': 2, 'is_extra_ball': False}
2022-10-06 07:35:33,592 : INFO : drop_target_bank.mid : 2 targets are down. Will reset those.
2022-10-06 07:35:33,592 : INFO : coil.c_drop_mid : Pulsing Driver for 50ms (0.7 pulse_power)
2022-10-06 07:35:33,592 : INFO : drop_target_bank.right : 1 targets are down. Will reset those.
2022-10-06 07:35:33,592 : INFO : Mode.base : Started. Priority: 100
2022-10-06 07:35:33,592 : INFO : EventManager : Event: ======'modes_active_modes_changed'====== Args={}
2022-10-06 07:35:33,592 : INFO : EventManager : Event: ======'mode_base_started'====== Args={'queue': <QueuedEvent>, 'player': 1, 'ball': 1, 'balls_remaining': 2, 'is_extra_ball': False}
2022-10-06 07:35:33,593 : INFO : EventManager : Event: ======'balls_in_play'====== Args={'balls': 1}
2022-10-06 07:35:33,593 : INFO : EventManager : Event: ======'ball_started'====== Args={'player': 1, 'ball': 1, 'balls_remaining': 2, 'is_extra_ball': False}
2022-10-06 07:35:33,609 : INFO : EventManager : Event: ======'single_player_ball_started'====== Args={}
2022-10-06 07:35:33,609 : INFO : EventManager : Event: ======'ball_start_target'====== Args={'target': 'playfield'}
2022-10-06 07:35:33,610 : INFO : ball_device.bd_plunger : Setting up player-controlled eject. Balls: 1, Target: <playfield.playfield>, player_controlled_eject_event: s_launch_active
2022-10-06 07:35:33,610 : INFO : EventManager : Event: ======'balldevice_balls_available'====== Args={}
2022-10-06 07:35:33,611 : INFO : ball_device.bd_trough : State: waiting_for_target_ready
2022-10-06 07:35:33,611 : INFO : EventManager : Event: ======'balldevice_bd_trough_ball_eject_attempt'====== Args={'balls': 1, 'target': <ball_device.bd_plunger>, 'source': <ball_device.bd_trough>, 'mechanical_eject': True, 'num_attempts': 0}
2022-10-06 07:35:33,611 : INFO : ball_device.bd_plunger : State: waiting_for_ball
2022-10-06 07:35:33,611 : INFO : ball_device.bd_top_vuk : State: waiting_for_ball
2022-10-06 07:35:33,612 : INFO : ball_device.bd_trough : State: ejecting
2022-10-06 07:35:33,612 : INFO : ball_device.bd_trough : Ejecting ball to <ball_device.bd_plunger>
2022-10-06 07:35:33,612 : INFO : EventManager : Event: ======'balldevice_bd_trough_ejecting_ball'====== Args={'balls': 1, 'target': <ball_device.bd_plunger>, 'source': <ball_device.bd_trough>, 'mechanical_eject': True, 'num_attempts': 0}
2022-10-06 07:35:33,612 : INFO : ball_device.bd_trough : Wait for ball to leave device
2022-10-06 07:35:33,631 : INFO : coil.c_drop_right : Pulsing Driver for 10ms (1.0 pulse_power)
2022-10-06 07:35:33,663 : INFO : coil.c_drop_right : Pulsing Driver for 10ms (1.0 pulse_power)
2022-10-06 07:35:33,663 : INFO : SwitchController : <<<<<<< 's_drop_mid_left' inactive >>>>>>>
2022-10-06 07:35:33,663 : INFO : SwitchController : <<<<<<< 's_drop_right_right' inactive >>>>>>>
2022-10-06 07:35:33,678 : INFO : coil.c_trough : Pulsing Driver for 25ms (0.8 pulse_power)
2022-10-06 07:35:33,678 : INFO : SwitchController : <<<<<<< 's_drop_mid_mid' inactive >>>>>>>
2022-10-06 07:35:33,771 : INFO : SwitchController : <<<<<<< 's_drop_right_right' active >>>>>>>
2022-10-06 07:35:33,771 : INFO : EventManager : Event: ======'machine_var_audits_switches_s_drop_right_right'====== Args={'value': 26, 'prev_value': 25, 'change': 1}
2022-10-06 07:35:34,088 : INFO : EventManager : Event: ======'drop_target_mid_left_up'====== Args={'device': <drop_target.mid_left>}
2022-10-06 07:35:34,088 : INFO : EventManager : Event: ======'drop_target_bank_right_mixed'====== Args={'prev_value': <DropTargetBankState.MIXED: 'mixed'>, 'down': 1}
2022-10-06 07:35:34,088 : INFO : EventManager : Event: ======'drop_target_mid_mid_up'====== Args={'device': <drop_target.mid_mid>}
2022-10-06 07:35:34,088 : INFO : EventManager : Event: ======'drop_target_bank_mid_up'====== Args={}
2022-10-06 07:35:37,871 : INFO : SwitchController : <<<<<<< 's_right_flipper' active >>>>>>>
2022-10-06 07:35:37,871 : INFO : EventManager : Event: ======'machine_var_audits_switches_s_right_flipper'====== Args={'value': 414, 'prev_value': 413, 'change': 1}
2022-10-06 07:35:38,094 : INFO : SwitchController : <<<<<<< 's_drop_mid_left' active >>>>>>>
2022-10-06 07:35:38,095 : INFO : EventManager : Event: ======'playfield_active'====== Args={}
2022-10-06 07:35:38,095 : INFO : EventManager : Event: ======'unexpected_ball_on_playfield'====== Args={}
2022-10-06 07:35:38,095 : INFO : EventManager : Event: ======'drop_target_mid_left_down'====== Args={'device': <drop_target.mid_left>}
2022-10-06 07:35:38,095 : INFO : EventManager : Event: ======'drop_target_bank_mid_mixed'====== Args={'prev_value': <DropTargetBankState.UP: 'up'>, 'down': 1}
2022-10-06 07:35:38,095 : INFO : EventManager : Event: ======'machine_var_audits_switches_s_drop_mid_left'====== Args={'value': 55, 'prev_value': 54, 'change': 1}
2022-10-06 07:35:38,230 : INFO : SwitchController : <<<<<<< 's_right_flipper' inactive >>>>>>>
2022-10-06 07:35:38,293 : INFO : SwitchController : <<<<<<< 's_left_flipper' active >>>>>>>
2022-10-06 07:35:38,293 : INFO : EventManager : Event: ======'machine_var_audits_switches_s_left_flipper'====== Args={'value': 351, 'prev_value': 350, 'change': 1}
2022-10-06 07:35:38,313 : INFO : SwitchController : <<<<<<< 's_pop_lower' active >>>>>>>
2022-10-06 07:35:38,313 : INFO : EventManager : Event: ======'playfield_active'====== Args={}
2022-10-06 07:35:38,313 : INFO : EventManager : Event: ======'unexpected_ball_on_playfield'====== Args={}
2022-10-06 07:35:38,313 : INFO : EventManager : Event: ======'machine_var_audits_switches_s_pop_lower'====== Args={'value': 82, 'prev_value': 81, 'change': 1}
2022-10-06 07:35:38,314 : INFO : SwitchController : <<<<<<< 's_eos_left_top' active >>>>>>>
2022-10-06 07:35:38,314 : INFO : EventManager : Event: ======'machine_var_audits_switches_s_eos_left_top'====== Args={'value': 276, 'prev_value': 275, 'change': 1}
2022-10-06 07:35:38,314 : INFO : SwitchController : <<<<<<< 's_pop_lower' inactive >>>>>>>
2022-10-06 07:35:38,543 : INFO : SwitchController : <<<<<<< 's_left_flipper' inactive >>>>>>>
2022-10-06 07:35:38,636 : INFO : SwitchController : <<<<<<< 's_eos_left_top' inactive >>>>>>>
2022-10-06 07:35:38,853 : INFO : SwitchController : <<<<<<< 's_right_flipper' active >>>>>>>
2022-10-06 07:35:38,853 : INFO : EventManager : Event: ======'machine_var_audits_switches_s_right_flipper'====== Args={'value': 415, 'prev_value': 414, 'change': 1}
2022-10-06 07:35:39,025 : INFO : SwitchController : <<<<<<< 's_right_flipper' inactive >>>>>>>
2022-10-06 07:35:39,043 : INFO : SwitchController : <<<<<<< 's_right_flipper' active >>>>>>>
2022-10-06 07:35:39,043 : INFO : EventManager : Event: ======'machine_var_audits_switches_s_right_flipper'====== Args={'value': 416, 'prev_value': 415, 'change': 1}
2022-10-06 07:35:39,044 : INFO : SwitchController : <<<<<<< 's_right_flipper' inactive >>>>>>>
2022-10-06 07:35:40,924 : INFO : SwitchController : <<<<<<< 's_right_outlane' active >>>>>>>
2022-10-06 07:35:40,924 : INFO : EventManager : Event: ======'sw_playfield_active'====== Args={}
2022-10-06 07:35:40,924 : INFO : EventManager : Event: ======'machine_var_audits_switches_s_right_outlane'====== Args={'value': 19, 'prev_value': 18, 'change': 1}
2022-10-06 07:35:40,930 : INFO : EventManager : Event: ======'playfield_active'====== Args={}
2022-10-06 07:35:40,930 : INFO : EventManager : Event: ======'unexpected_ball_on_playfield'====== Args={}
2022-10-06 07:35:40,940 : INFO : SwitchController : <<<<<<< 's_right_outlane' inactive >>>>>>>
2022-10-06 07:35:41,642 : INFO : SwitchController : <<<<<<< 's_right_flipper' active >>>>>>>
2022-10-06 07:35:41,642 : INFO : EventManager : Event: ======'machine_var_audits_switches_s_right_flipper'====== Args={'value': 417, 'prev_value': 416, 'change': 1}
2022-10-06 07:35:41,861 : INFO : SwitchController : <<<<<<< 's_drop_mid_mid' active >>>>>>>
2022-10-06 07:35:41,861 : INFO : EventManager : Event: ======'playfield_active'====== Args={}
2022-10-06 07:35:41,861 : INFO : EventManager : Event: ======'unexpected_ball_on_playfield'====== Args={}
2022-10-06 07:35:41,861 : INFO : EventManager : Event: ======'drop_target_mid_mid_down'====== Args={'device': <drop_target.mid_mid>}
2022-10-06 07:35:41,861 : INFO : EventManager : Event: ======'drop_target_bank_mid_mixed'====== Args={'prev_value': <DropTargetBankState.MIXED: 'mixed'>, 'down': 2}
2022-10-06 07:35:41,862 : INFO : EventManager : Event: ======'machine_var_audits_switches_s_drop_mid_mid'====== Args={'value': 58, 'prev_value': 57, 'change': 1}
2022-10-06 07:35:41,907 : INFO : SwitchController : <<<<<<< 's_drop_mid_mid' inactive >>>>>>>
2022-10-06 07:35:41,907 : INFO : EventManager : Event: ======'playfield_active'====== Args={}
2022-10-06 07:35:41,907 : INFO : EventManager : Event: ======'unexpected_ball_on_playfield'====== Args={}
2022-10-06 07:35:41,907 : INFO : EventManager : Event: ======'drop_target_mid_mid_up'====== Args={'device': <drop_target.mid_mid>}
2022-10-06 07:35:41,907 : INFO : EventManager : Event: ======'drop_target_bank_mid_mixed'====== Args={'prev_value': <DropTargetBankState.MIXED: 'mixed'>, 'down': 1}
2022-10-06 07:35:41,926 : INFO : SwitchController : <<<<<<< 's_drop_mid_mid' active >>>>>>>
2022-10-06 07:35:41,926 : INFO : EventManager : Event: ======'playfield_active'====== Args={}
2022-10-06 07:35:41,926 : INFO : EventManager : Event: ======'unexpected_ball_on_playfield'====== Args={}
2022-10-06 07:35:41,926 : INFO : EventManager : Event: ======'drop_target_mid_mid_down'====== Args={'device': <drop_target.mid_mid>}
2022-10-06 07:35:41,926 : INFO : EventManager : Event: ======'drop_target_bank_mid_mixed'====== Args={'prev_value': <DropTargetBankState.MIXED: 'mixed'>, 'down': 2}
2022-10-06 07:35:41,926 : INFO : EventManager : Event: ======'machine_var_audits_switches_s_drop_mid_mid'====== Args={'value': 59, 'prev_value': 58, 'change': 1}
2022-10-06 07:35:41,946 : INFO : SwitchController : <<<<<<< 's_right_flipper' inactive >>>>>>>
2022-10-06 07:35:43,027 : INFO : SwitchController : <<<<<<< 's_right_flipper' active >>>>>>>
2022-10-06 07:35:43,027 : INFO : EventManager : Event: ======'machine_var_audits_switches_s_right_flipper'====== Args={'value': 418, 'prev_value': 417, 'change': 1}
2022-10-06 07:35:43,138 : INFO : SwitchController : <<<<<<< 's_left_flipper' active >>>>>>>
2022-10-06 07:35:43,138 : INFO : EventManager : Event: ======'flipper_cancel'====== Args={'triggering_group': 1, 'triggering_switch': 's_left_flipper'}
2022-10-06 07:35:43,138 : INFO : EventManager : Event: ======'machine_var_audits_switches_s_left_flipper'====== Args={'value': 352, 'prev_value': 351, 'change': 1}
2022-10-06 07:35:43,158 : INFO : SwitchController : <<<<<<< 's_right_flipper' inactive >>>>>>>
2022-10-06 07:35:43,158 : INFO : EventManager : Event: ======'both_flippers_one'====== Args={'triggering_group': 2, 'triggering_switch': 's_right_flipper'}
2022-10-06 07:35:43,172 : INFO : SwitchController : <<<<<<< 's_eos_left_top' active >>>>>>>
2022-10-06 07:35:43,172 : INFO : EventManager : Event: ======'machine_var_audits_switches_s_eos_left_top'====== Args={'value': 277, 'prev_value': 276, 'change': 1}
2022-10-06 07:35:43,298 : INFO : SwitchController : <<<<<<< 's_left_flipper' inactive >>>>>>>
2022-10-06 07:35:43,298 : INFO : EventManager : Event: ======'both_flippers_inactive'====== Args={'triggering_group': 1, 'triggering_switch': 's_left_flipper'}
2022-10-06 07:35:43,391 : INFO : SwitchController : <<<<<<< 's_eos_left_top' inactive >>>>>>>
2022-10-06 07:35:43,618 : INFO : EventManager : Event: ======'balldevice_bd_trough_ball_eject_failed'====== Args={'target': <ball_device.bd_plunger>, 'balls': 1, 'retry': True, 'num_attempts': 1}
2022-10-06 07:35:43,618 : INFO : ball_device.bd_trough : State: waiting_for_target_ready
2022-10-06 07:35:43,619 : INFO : EventManager : Event: ======'balldevice_bd_trough_ball_eject_attempt'====== Args={'balls': 1, 'target': <ball_device.bd_plunger>, 'source': <ball_device.bd_trough>, 'mechanical_eject': True, 'num_attempts': 1}
2022-10-06 07:35:43,619 : INFO : ball_device.bd_trough : State: ejecting
2022-10-06 07:35:43,619 : INFO : ball_device.bd_trough : Ejecting ball to <ball_device.bd_plunger>
2022-10-06 07:35:43,619 : INFO : EventManager : Event: ======'balldevice_bd_trough_ejecting_ball'====== Args={'balls': 1, 'target': <ball_device.bd_plunger>, 'source': <ball_device.bd_trough>, 'mechanical_eject': True, 'num_attempts': 1}
2022-10-06 07:35:43,619 : INFO : ball_device.bd_trough : Wait for ball to leave device
2022-10-06 07:35:43,620 : INFO : coil.c_trough : Pulsing Driver for 25ms (0.8 pulse_power)
2022-10-06 07:35:43,665 : INFO : SwitchController : <<<<<<< 's_trough_6' active >>>>>>>
2022-10-06 07:35:43,665 : INFO : EventManager : Event: ======'machine_var_audits_switches_s_trough_6'====== Args={'value': 88, 'prev_value': 87, 'change': 1}
2022-10-06 07:35:43,685 : INFO : SwitchController : <<<<<<< 's_trough_6' inactive >>>>>>>
2022-10-06 07:35:43,701 : INFO : SwitchController : <<<<<<< 's_trough_6' active >>>>>>>
2022-10-06 07:35:43,701 : INFO : EventManager : Event: ======'machine_var_audits_switches_s_trough_6'====== Args={'value': 89, 'prev_value': 88, 'change': 1}
2022-10-06 07:35:43,824 : INFO : SwitchController : <<<<<<< 's_trough_6' inactive >>>>>>>
2022-10-06 07:35:43,843 : INFO : SwitchController : <<<<<<< 's_trough_6' active >>>>>>>
2022-10-06 07:35:43,843 : INFO : EventManager : Event: ======'machine_var_audits_switches_s_trough_6'====== Args={'value': 90, 'prev_value': 89, 'change': 1}
2022-10-06 07:35:43,843 : INFO : SwitchController : <<<<<<< 's_trough_6' inactive >>>>>>>
2022-10-06 07:35:43,918 : INFO : SwitchController : <<<<<<< 's_trough_5' active >>>>>>>
2022-10-06 07:35:43,918 : INFO : EventManager : Event: ======'machine_var_audits_switches_s_trough_5'====== Args={'value': 67, 'prev_value': 66, 'change': 1}
2022-10-06 07:35:44,028 : INFO : SwitchController : <<<<<<< 's_trough_5' inactive >>>>>>>
2022-10-06 07:35:44,094 : INFO : SwitchController : <<<<<<< 's_trough_4' active >>>>>>>
2022-10-06 07:35:44,094 : INFO : EventManager : Event: ======'machine_var_audits_switches_s_trough_4'====== Args={'value': 64, 'prev_value': 63, 'change': 1}
2022-10-06 07:35:44,170 : INFO : SwitchController : <<<<<<< 's_trough_4' inactive >>>>>>>
2022-10-06 07:35:44,233 : INFO : SwitchController : <<<<<<< 's_trough_3' active >>>>>>>
2022-10-06 07:35:44,233 : INFO : EventManager : Event: ======'machine_var_audits_switches_s_trough_3'====== Args={'value': 64, 'prev_value': 63, 'change': 1}
2022-10-06 07:35:44,295 : INFO : SwitchController : <<<<<<< 's_trough_3' inactive >>>>>>>
2022-10-06 07:35:44,343 : INFO : SwitchController : <<<<<<< 's_trough_2' active >>>>>>>
2022-10-06 07:35:44,343 : INFO : EventManager : Event: ======'machine_var_audits_switches_s_trough_2'====== Args={'value': 80, 'prev_value': 79, 'change': 1}
2022-10-06 07:35:44,423 : INFO : SwitchController : <<<<<<< 's_trough_2' inactive >>>>>>>
2022-10-06 07:35:46,764 : INFO : SwitchController : <<<<<<< 's_start' active >>>>>>>
2022-10-06 07:35:46,764 : INFO : EventManager : Event: ======'sw_start'====== Args={}
2022-10-06 07:35:46,764 : INFO : EventManager : Event: ======'machine_var_audits_switches_s_start'====== Args={'value': 109, 'prev_value': 108, 'change': 1}
2022-10-06 07:35:46,770 : INFO : EventManager : Event: ======'player_add_request'====== Args={}
2022-10-06 07:35:46,770 : INFO : EventManager : Event: ======'player_will_add'====== Args={'number': 2}
2022-10-06 07:35:46,770 : INFO : EventManager : Event: ======'player_adding'====== Args={'player': <Player 2>, 'number': 2}
2022-10-06 07:35:46,770 : INFO : EventManager : Event: ======'player_added'====== Args={'player': <Player 2>, 'num': 2}
2022-10-06 07:35:46,770 : INFO : Mode.game : Player added successfully. Total players: 2
2022-10-06 07:35:46,770 : INFO : EventManager : Event: ======'multiplayer_game'====== Args={}
2022-10-06 07:35:46,770 : INFO : EventManager : Event: ======'player_index'====== Args={'value': 1, 'prev_value': 1, 'change': 0, 'player_num': 2}
2022-10-06 07:35:46,770 : INFO : EventManager : Event: ======'player_number'====== Args={'value': 2, 'prev_value': 2, 'change': 0, 'player_num': 2}
2022-10-06 07:35:46,770 : INFO : EventManager : Event: ======'player_score'====== Args={'value': 0, 'prev_value': 0, 'change': 0, 'player_num': 2}
2022-10-06 07:35:46,951 : INFO : SwitchController : <<<<<<< 's_start' inactive >>>>>>>
2022-10-06 07:35:52,284 : INFO : Machine : Shutting down...
2022-10-06 07:35:52,284 : INFO : EventManager : Event: ======'shutdown'====== Args={}
2022-10-06 07:35:52,299 : WARNING : FAST : Port RGB received more messages than were sent! Resetting!
2022-10-06 07:35:52,299 : WARNING : FAST : Port NET received more messages than were sent! Resetting!
2022-10-06 07:35:52,377 : ERROR : FAST : Stop called on serial connection com9
2022-10-06 07:35:52,377 : ERROR : FAST : Stop called on serial connection com10
2022-10-06 07:35:52,608 : INFO : root : MPF run loop ended.
