2022-09-12 15:56:34,203 : INFO : root : Loading config.
2022-09-12 15:56:34,206 : INFO : YamlMultifileConfigLoader : Machine config file #1: config.yaml
2022-09-12 15:56:34,206 : INFO : ConfigProcessor : Loading config from cache: C:\Users\Tanner\AppData\Local\Temp\a6762098cb994b55cb03a478b26022ee.mpf_cache
2022-09-12 15:56:34,277 : INFO : ConfigProcessor : Loading config from cache: C:\Users\Tanner\AppData\Local\Temp\9cf7ccc27b21f4d6162237fadfc53e5a.mpf_cache
2022-09-12 15:56:34,277 : INFO : ConfigProcessor : Loading config from cache: C:\Users\Tanner\AppData\Local\Temp\c215df352878fee5d54f1a5ec5b16e7c.mpf_cache
2022-09-12 15:56:34,278 : INFO : ConfigProcessor : Loading config from cache: C:\Users\Tanner\AppData\Local\Temp\abaa92c43d134e3392cbb2346e6a16be.mpf_cache
2022-09-12 15:56:34,279 : INFO : ConfigProcessor : Loading config from cache: C:\Users\Tanner\AppData\Local\Temp\fc46d53fcb9fe6b8abf783d9c813390a.mpf_cache
2022-09-12 15:56:34,280 : INFO : Machine : Mission Pinball Framework Core Engine v0.55.0
2022-09-12 15:56:34,280 : INFO : Machine : Command line arguments: {'no_load_cache': False, 'create_config_cache': True, 'bcp': False, 'configfile': ['config.yaml'], 'force_assets_load': False, 'jsonlogging': False, 'logfile': 'logs\\2022-09-12-15-56-34-mpf-DESKTOP-7HNFDQ5.log', 'pause': False, 'production': False, 'text_ui': True, 'loglevel': 15, 'consoleloglevel': 20, 'force_platform': None, 'syslog_address': None, 'mc_file_name': None, 'no_sound': False}
2022-09-12 15:56:34,280 : INFO : Machine : MPF path: c:\users\tanner\appdata\local\programs\python\python37\lib\site-packages\mpf
2022-09-12 15:56:34,280 : INFO : Machine : Machine path: c:\trashland_2
2022-09-12 15:56:34,280 : INFO : Machine : Platform: win32
2022-09-12 15:56:34,280 : INFO : Machine : Python executable location: c:\users\tanner\appdata\local\programs\python\python37\python.exe
2022-09-12 15:56:34,280 : INFO : Machine : Python version: 3.7.8 (64-bit)
2022-09-12 15:56:34,282 : INFO : Machine : Initialise MPF.
2022-09-12 15:56:34,538 : INFO : FAST : Connecting to com20 at 921600bps
2022-09-12 15:56:34,645 : INFO : FAST : Connected! Processor: NET, Board Type: FP-CPU-002-2, Firmware: 01.05
2022-09-12 15:56:34,645 : INFO : EventManager : Event: ======'machine_var_fast_net_firmware'====== Args={'value': '01.05', 'prev_value': None, 'change': True}
2022-09-12 15:56:34,645 : INFO : EventManager : Event: ======'machine_var_fast_net_model'====== Args={'value': 'FP-CPU-002-2', 'prev_value': None, 'change': True}
2022-09-12 15:56:37,029 : WARNING : FAST : Got unexpected message from FAST: -N:33
2022-09-12 15:56:37,029 : WARNING : FAST : Got unexpected message from FAST: -N:34
2022-09-12 15:56:37,029 : WARNING : FAST : Got unexpected message from FAST: -N:38
2022-09-12 15:56:37,029 : WARNING : FAST : Got unexpected message from FAST: -N:3B
2022-09-12 15:56:37,029 : WARNING : FAST : Got unexpected message from FAST: -N:3C
2022-09-12 15:56:37,029 : WARNING : FAST : Got unexpected message from FAST: -N:40
2022-09-12 15:56:37,029 : WARNING : FAST : Got unexpected message from FAST: -N:41
2022-09-12 15:56:37,029 : WARNING : FAST : Got unexpected message from FAST: -N:42
2022-09-12 15:56:37,029 : WARNING : FAST : Got unexpected message from FAST: -N:43
2022-09-12 15:56:37,029 : WARNING : FAST : Got unexpected message from FAST: -N:44
2022-09-12 15:56:37,169 : INFO : FAST : Connecting to com21 at 921600bps
2022-09-12 15:56:37,281 : INFO : FAST : Connected! Processor: RGB, Board Type: FP-CPU-002-2, Firmware: 01.00
2022-09-12 15:56:37,281 : INFO : EventManager : Event: ======'machine_var_fast_rgb_firmware'====== Args={'value': '01.00', 'prev_value': None, 'change': True}
2022-09-12 15:56:37,281 : INFO : EventManager : Event: ======'machine_var_fast_rgb_model'====== Args={'value': 'FP-CPU-002-2', 'prev_value': None, 'change': True}
2022-09-12 15:56:37,282 : INFO : EventManager : Event: ======'machine_var_credits_string'====== Args={'value': 'FREE PLAY', 'prev_value': None, 'change': True}
2022-09-12 15:56:37,327 : INFO : EventManager : Event: ======'machine_var_master_volume'====== Args={'value': 0.5, 'prev_value': None, 'change': True}
2022-09-12 15:56:37,327 : INFO : EventManager : Event: ======'machine_var_mpf_version'====== Args={'value': 'MPF v0.55.0', 'prev_value': None, 'change': True}
2022-09-12 15:56:37,327 : INFO : EventManager : Event: ======'machine_var_mpf_extended_version'====== Args={'value': 'MPF v0.55.0, Config version:5, Show version: 5, BCP version:1.1', 'prev_value': None, 'change': True}
2022-09-12 15:56:37,327 : INFO : EventManager : Event: ======'machine_var_python_version'====== Args={'value': '3.7.8', 'prev_value': None, 'change': True}
2022-09-12 15:56:37,327 : INFO : EventManager : Event: ======'machine_var_platform'====== Args={'value': 'Windows-10-10.0.19041-SP0', 'prev_value': None, 'change': True}
2022-09-12 15:56:37,327 : INFO : EventManager : Event: ======'machine_var_platform_system'====== Args={'value': 'Windows', 'prev_value': None, 'change': True}
2022-09-12 15:56:37,327 : INFO : EventManager : Event: ======'machine_var_platform_release'====== Args={'value': '10', 'prev_value': None, 'change': True}
2022-09-12 15:56:37,328 : INFO : EventManager : Event: ======'machine_var_platform_version'====== Args={'value': '10.0.19041', 'prev_value': None, 'change': True}
2022-09-12 15:56:37,328 : INFO : EventManager : Event: ======'machine_var_platform_machine'====== Args={'value': 'AMD64', 'prev_value': None, 'change': True}
2022-09-12 15:56:37,328 : INFO : EventManager : Event: ======'init_phase_1'====== Args={}
2022-09-12 15:56:37,367 : INFO : EventManager : Event: ======'drop_target_bank_mid_up'====== Args={}
2022-09-12 15:56:37,368 : INFO : EventManager : Event: ======'drop_target_bank_right_up'====== Args={}
2022-09-12 15:56:37,377 : INFO : EventManager : Event: ======'init_phase_2'====== Args={}
2022-09-12 15:56:37,378 : INFO : SwitchController : Found active switch: (('3E', 1), <Platform.FAST>) <switch.s_trough_1>
2022-09-12 15:56:37,378 : INFO : SwitchController : Found active switch: (('3D', 1), <Platform.FAST>) <switch.s_trough_jam>
2022-09-12 15:56:37,378 : INFO : SwitchController : Found active switch: (('5D', 1), <Platform.FAST>) <switch.s_bot_vuk>
2022-09-12 15:56:37,383 : INFO : ball_device.bd_trough : BCH: Initial count: 2
2022-09-12 15:56:37,384 : INFO : ball_device.bd_trough : State: idle
2022-09-12 15:56:37,385 : INFO : ball_device.bd_plunger : BCH: Initial count: 0
2022-09-12 15:56:37,385 : INFO : ball_device.bd_plunger : State: idle
2022-09-12 15:56:37,427 : INFO : EventManager : Event: ======'init_phase_3'====== Args={}
2022-09-12 15:56:37,488 : INFO : EventManager : Event: ======'init_phase_4'====== Args={}
2022-09-12 15:56:37,488 : INFO : EventManager : Event: ======'playfield_active'====== Args={}
2022-09-12 15:56:37,488 : INFO : EventManager : Event: ======'unexpected_ball_on_playfield'====== Args={}
2022-09-12 15:56:37,488 : INFO : EventManager : Event: ======'playfield_active'====== Args={}
2022-09-12 15:56:37,488 : INFO : EventManager : Event: ======'unexpected_ball_on_playfield'====== Args={}
2022-09-12 15:56:37,489 : INFO : EventManager : Event: ======'playfield_active'====== Args={}
2022-09-12 15:56:37,489 : INFO : EventManager : Event: ======'unexpected_ball_on_playfield'====== Args={}
2022-09-12 15:56:37,489 : INFO : EventManager : Event: ======'playfield_active'====== Args={}
2022-09-12 15:56:37,489 : INFO : EventManager : Event: ======'unexpected_ball_on_playfield'====== Args={}
2022-09-12 15:56:37,489 : INFO : EventManager : Event: ======'playfield_active'====== Args={}
2022-09-12 15:56:37,489 : INFO : EventManager : Event: ======'unexpected_ball_on_playfield'====== Args={}
2022-09-12 15:56:37,489 : INFO : EventManager : Event: ======'playfield_active'====== Args={}
2022-09-12 15:56:37,489 : INFO : EventManager : Event: ======'unexpected_ball_on_playfield'====== Args={}
2022-09-12 15:56:37,489 : INFO : BallController : Initial balls found: 2
2022-09-12 15:56:37,491 : INFO : EventManager : Event: ======'machine_var_audits_events_game_ended'====== Args={'value': 0, 'prev_value': None, 'change': True}
2022-09-12 15:56:37,491 : INFO : EventManager : Event: ======'machine_var_audits_events_game_started'====== Args={'value': 0, 'prev_value': None, 'change': True}
2022-09-12 15:56:37,491 : INFO : EventManager : Event: ======'machine_var_audits_player_score'====== Args={'value': {'average': 0, 'top': [], 'total': 0}, 'prev_value': None, 'change': True}
2022-09-12 15:56:37,491 : INFO : EventManager : Event: ======'machine_var_audits_switches_s_autolauncher'====== Args={'value': 73, 'prev_value': None, 'change': True}
2022-09-12 15:56:37,492 : INFO : EventManager : Event: ======'machine_var_audits_switches_s_back_pop'====== Args={'value': 0, 'prev_value': None, 'change': True}
2022-09-12 15:56:37,492 : INFO : EventManager : Event: ======'machine_var_audits_switches_s_back_rollover'====== Args={'value': 0, 'prev_value': None, 'change': True}
2022-09-12 15:56:37,492 : INFO : EventManager : Event: ======'machine_var_audits_switches_s_back_stationary'====== Args={'value': 0, 'prev_value': None, 'change': True}
2022-09-12 15:56:37,492 : INFO : EventManager : Event: ======'machine_var_audits_switches_s_bot_back'====== Args={'value': 0, 'prev_value': None, 'change': True}
2022-09-12 15:56:37,492 : INFO : EventManager : Event: ======'machine_var_audits_switches_s_bot_big'====== Args={'value': 0, 'prev_value': None, 'change': True}
2022-09-12 15:56:37,492 : INFO : EventManager : Event: ======'machine_var_audits_switches_s_bot_left'====== Args={'value': 0, 'prev_value': None, 'change': True}
2022-09-12 15:56:37,492 : INFO : EventManager : Event: ======'machine_var_audits_switches_s_bot_right'====== Args={'value': 0, 'prev_value': None, 'change': True}
2022-09-12 15:56:37,492 : INFO : EventManager : Event: ======'machine_var_audits_switches_s_bot_rollover'====== Args={'value': 0, 'prev_value': None, 'change': True}
2022-09-12 15:56:37,493 : INFO : EventManager : Event: ======'machine_var_audits_switches_s_bot_vuk'====== Args={'value': 0, 'prev_value': None, 'change': True}
2022-09-12 15:56:37,493 : INFO : EventManager : Event: ======'machine_var_audits_switches_s_drop_mid_left'====== Args={'value': 45, 'prev_value': None, 'change': True}
2022-09-12 15:56:37,493 : INFO : EventManager : Event: ======'machine_var_audits_switches_s_drop_mid_mid'====== Args={'value': 46, 'prev_value': None, 'change': True}
2022-09-12 15:56:37,493 : INFO : EventManager : Event: ======'machine_var_audits_switches_s_drop_mid_right'====== Args={'value': 5, 'prev_value': None, 'change': True}
2022-09-12 15:56:37,493 : INFO : EventManager : Event: ======'machine_var_audits_switches_s_drop_right_left'====== Args={'value': 10, 'prev_value': None, 'change': True}
2022-09-12 15:56:37,493 : INFO : EventManager : Event: ======'machine_var_audits_switches_s_drop_right_right'====== Args={'value': 9, 'prev_value': None, 'change': True}
2022-09-12 15:56:37,493 : INFO : EventManager : Event: ======'machine_var_audits_switches_s_drop_single'====== Args={'value': 40, 'prev_value': None, 'change': True}
2022-09-12 15:56:37,494 : INFO : EventManager : Event: ======'machine_var_audits_switches_s_eos_left'====== Args={'value': 71, 'prev_value': None, 'change': True}
2022-09-12 15:56:37,494 : INFO : EventManager : Event: ======'machine_var_audits_switches_s_eos_left_top'====== Args={'value': 63, 'prev_value': None, 'change': True}
2022-09-12 15:56:37,494 : INFO : EventManager : Event: ======'machine_var_audits_switches_s_eos_right'====== Args={'value': 96, 'prev_value': None, 'change': True}
2022-09-12 15:56:37,494 : INFO : EventManager : Event: ======'machine_var_audits_switches_s_launch'====== Args={'value': 10, 'prev_value': None, 'change': True}
2022-09-12 15:56:37,494 : INFO : EventManager : Event: ======'machine_var_audits_switches_s_left_flipper'====== Args={'value': 86, 'prev_value': None, 'change': True}
2022-09-12 15:56:37,494 : INFO : EventManager : Event: ======'machine_var_audits_switches_s_left_inlane'====== Args={'value': 0, 'prev_value': None, 'change': True}
2022-09-12 15:56:37,495 : INFO : EventManager : Event: ======'machine_var_audits_switches_s_left_outlane'====== Args={'value': 0, 'prev_value': None, 'change': True}
2022-09-12 15:56:37,495 : INFO : EventManager : Event: ======'machine_var_audits_switches_s_pop_left'====== Args={'value': 21, 'prev_value': None, 'change': True}
2022-09-12 15:56:37,495 : INFO : EventManager : Event: ======'machine_var_audits_switches_s_pop_lower'====== Args={'value': 29, 'prev_value': None, 'change': True}
2022-09-12 15:56:37,495 : INFO : EventManager : Event: ======'machine_var_audits_switches_s_pop_right'====== Args={'value': 27, 'prev_value': None, 'change': True}
2022-09-12 15:56:37,495 : INFO : EventManager : Event: ======'machine_var_audits_switches_s_right_flipper'====== Args={'value': 103, 'prev_value': None, 'change': True}
2022-09-12 15:56:37,496 : INFO : EventManager : Event: ======'machine_var_audits_switches_s_right_inlane'====== Args={'value': 0, 'prev_value': None, 'change': True}
2022-09-12 15:56:37,496 : INFO : EventManager : Event: ======'machine_var_audits_switches_s_right_outlane'====== Args={'value': 1, 'prev_value': None, 'change': True}
2022-09-12 15:56:37,496 : INFO : EventManager : Event: ======'machine_var_audits_switches_s_rollover_left'====== Args={'value': 3, 'prev_value': None, 'change': True}
2022-09-12 15:56:37,496 : INFO : EventManager : Event: ======'machine_var_audits_switches_s_rollover_right'====== Args={'value': 1, 'prev_value': None, 'change': True}
2022-09-12 15:56:37,496 : INFO : EventManager : Event: ======'machine_var_audits_switches_s_sling_left'====== Args={'value': 11, 'prev_value': None, 'change': True}
2022-09-12 15:56:37,497 : INFO : EventManager : Event: ======'machine_var_audits_switches_s_sling_right'====== Args={'value': 0, 'prev_value': None, 'change': True}
2022-09-12 15:56:37,497 : INFO : EventManager : Event: ======'machine_var_audits_switches_s_start'====== Args={'value': 86, 'prev_value': None, 'change': True}
2022-09-12 15:56:37,497 : INFO : EventManager : Event: ======'machine_var_audits_switches_s_tilt'====== Args={'value': 9, 'prev_value': None, 'change': True}
2022-09-12 15:56:37,497 : INFO : EventManager : Event: ======'machine_var_audits_switches_s_transfer_rollover'====== Args={'value': 0, 'prev_value': None, 'change': True}
2022-09-12 15:56:37,497 : INFO : EventManager : Event: ======'machine_var_audits_switches_s_trough_1'====== Args={'value': 57, 'prev_value': None, 'change': True}
2022-09-12 15:56:37,498 : INFO : EventManager : Event: ======'machine_var_audits_switches_s_trough_2'====== Args={'value': 53, 'prev_value': None, 'change': True}
2022-09-12 15:56:37,498 : INFO : EventManager : Event: ======'machine_var_audits_switches_s_trough_3'====== Args={'value': 46, 'prev_value': None, 'change': True}
2022-09-12 15:56:37,498 : INFO : EventManager : Event: ======'machine_var_audits_switches_s_trough_4'====== Args={'value': 47, 'prev_value': None, 'change': True}
2022-09-12 15:56:37,498 : INFO : EventManager : Event: ======'machine_var_audits_switches_s_trough_5'====== Args={'value': 50, 'prev_value': None, 'change': True}
2022-09-12 15:56:37,499 : INFO : EventManager : Event: ======'machine_var_audits_switches_s_trough_6'====== Args={'value': 55, 'prev_value': None, 'change': True}
2022-09-12 15:56:37,499 : INFO : EventManager : Event: ======'machine_var_audits_switches_s_trough_jam'====== Args={'value': 108, 'prev_value': None, 'change': True}
2022-09-12 15:56:37,499 : INFO : EventManager : Event: ======'machine_var_audits_switches_s_upper_drop'====== Args={'value': 0, 'prev_value': None, 'change': True}
2022-09-12 15:56:37,499 : INFO : EventManager : Event: ======'machine_var_audits_switches_s_upper_rollover'====== Args={'value': 0, 'prev_value': None, 'change': True}
2022-09-12 15:56:37,499 : INFO : EventManager : Event: ======'machine_var_audits_switches_s_upper_stationary'====== Args={'value': 0, 'prev_value': None, 'change': True}
2022-09-12 15:56:37,500 : INFO : EventManager : Event: ======'machine_var_audits_switches_s_vuk_back'====== Args={'value': 1, 'prev_value': None, 'change': True}
2022-09-12 15:56:37,500 : INFO : EventManager : Event: ======'machine_var_audits_switches_s_vuk_right'====== Args={'value': 2, 'prev_value': None, 'change': True}
2022-09-12 15:56:37,501 : INFO : EventManager : Event: ======'init_phase_5'====== Args={}
2022-09-12 15:56:37,525 : INFO : EventManager : Event: ======'init_done'====== Args={}
2022-09-12 15:56:37,526 : INFO : EventManager : Event: ======'machine_reset_phase_1'====== Args={}
2022-09-12 15:56:37,527 : INFO : EventManager : Event: ======'machine_reset_phase_2'====== Args={}
2022-09-12 15:56:37,527 : INFO : EventManager : Event: ======'machine_reset_phase_3'====== Args={}
2022-09-12 15:56:37,528 : INFO : drop_target_bank.mid : All targets are already up. Will not reset bank.
2022-09-12 15:56:37,528 : INFO : drop_target_bank.right : All targets are already up. Will not reset bank.
2022-09-12 15:56:37,529 : INFO : EventManager : Event: ======'reset_complete'====== Args={}
2022-09-12 15:56:37,529 : INFO : EventManager : Event: ======'mode_attract_will_start'====== Args={}
2022-09-12 15:56:37,530 : INFO : EventManager : Event: ======'mode_attract_starting'====== Args={}
2022-09-12 15:56:37,530 : INFO : Mode.attract : Started. Priority: 10
2022-09-12 15:56:37,530 : INFO : EventManager : Event: ======'modes_active_modes_changed'====== Args={}
2022-09-12 15:56:37,530 : INFO : EventManager : Event: ======'mode_attract_started'====== Args={}
2022-09-12 15:56:37,530 : INFO : EventManager : Event: ======'collecting_balls_complete'====== Args={}
2022-09-12 15:56:37,551 : INFO : Machine : Starting the main run loop.
2022-09-12 15:56:48,734 : INFO : SwitchController : <<<<<<< 's_launch' active >>>>>>>
2022-09-12 15:56:49,681 : INFO : SwitchController : <<<<<<< 's_launch' inactive >>>>>>>
2022-09-12 15:57:13,705 : INFO : SwitchController : <<<<<<< 's_tilt' active >>>>>>>
2022-09-12 15:57:13,705 : INFO : SwitchController : <<<<<<< 's_tilt' inactive >>>>>>>
2022-09-12 15:57:15,345 : INFO : SwitchController : <<<<<<< 's_tilt' active >>>>>>>
2022-09-12 15:57:15,365 : INFO : SwitchController : <<<<<<< 's_tilt' inactive >>>>>>>
2022-09-12 15:57:15,568 : INFO : SwitchController : <<<<<<< 's_launch' active >>>>>>>
2022-09-12 15:57:15,692 : INFO : SwitchController : <<<<<<< 's_launch' inactive >>>>>>>
2022-09-12 15:57:15,834 : INFO : SwitchController : <<<<<<< 's_tilt' active >>>>>>>
2022-09-12 15:57:15,834 : INFO : SwitchController : <<<<<<< 's_tilt' inactive >>>>>>>
2022-09-12 15:57:16,068 : INFO : SwitchController : <<<<<<< 's_launch' active >>>>>>>
2022-09-12 15:57:16,223 : INFO : SwitchController : <<<<<<< 's_launch' inactive >>>>>>>
2022-09-12 15:57:16,680 : INFO : SwitchController : <<<<<<< 's_tilt' active >>>>>>>
2022-09-12 15:57:16,680 : INFO : SwitchController : <<<<<<< 's_tilt' inactive >>>>>>>
2022-09-12 15:57:17,058 : INFO : SwitchController : <<<<<<< 's_tilt' active >>>>>>>
2022-09-12 15:57:17,058 : INFO : SwitchController : <<<<<<< 's_tilt' inactive >>>>>>>
2022-09-12 15:57:17,502 : INFO : SwitchController : <<<<<<< 's_tilt' active >>>>>>>
2022-09-12 15:57:17,502 : INFO : SwitchController : <<<<<<< 's_tilt' inactive >>>>>>>
2022-09-12 15:57:18,760 : INFO : SwitchController : <<<<<<< 's_tilt' active >>>>>>>
2022-09-12 15:57:18,760 : INFO : SwitchController : <<<<<<< 's_tilt' inactive >>>>>>>
2022-09-12 15:57:18,855 : INFO : SwitchController : <<<<<<< 's_tilt' active >>>>>>>
2022-09-12 15:57:18,875 : INFO : SwitchController : <<<<<<< 's_tilt' inactive >>>>>>>
2022-09-12 15:57:18,917 : INFO : SwitchController : <<<<<<< 's_tilt' active >>>>>>>
2022-09-12 15:57:18,937 : INFO : SwitchController : <<<<<<< 's_tilt' inactive >>>>>>>
2022-09-12 15:57:19,012 : INFO : SwitchController : <<<<<<< 's_tilt' active >>>>>>>
2022-09-12 15:57:19,012 : INFO : SwitchController : <<<<<<< 's_tilt' inactive >>>>>>>
2022-09-12 15:57:19,725 : INFO : SwitchController : <<<<<<< 's_tilt' active >>>>>>>
2022-09-12 15:57:19,725 : INFO : SwitchController : <<<<<<< 's_tilt' inactive >>>>>>>
2022-09-12 15:57:20,160 : INFO : SwitchController : <<<<<<< 's_tilt' active >>>>>>>
2022-09-12 15:57:20,160 : INFO : SwitchController : <<<<<<< 's_tilt' inactive >>>>>>>
2022-09-12 15:57:20,631 : INFO : SwitchController : <<<<<<< 's_tilt' active >>>>>>>
2022-09-12 15:57:20,631 : INFO : SwitchController : <<<<<<< 's_tilt' inactive >>>>>>>
2022-09-12 15:57:22,507 : INFO : SwitchController : <<<<<<< 's_right_flipper' active >>>>>>>
2022-09-12 15:57:22,526 : INFO : SwitchController : <<<<<<< 's_right_flipper' inactive >>>>>>>
2022-09-12 15:57:22,539 : INFO : SwitchController : <<<<<<< 's_eos_right' active >>>>>>>
2022-09-12 15:57:22,617 : INFO : SwitchController : <<<<<<< 's_eos_right' inactive >>>>>>>
2022-09-12 15:57:22,775 : INFO : SwitchController : <<<<<<< 's_left_flipper' active >>>>>>>
2022-09-12 15:57:22,806 : INFO : SwitchController : <<<<<<< 's_eos_left' active >>>>>>>
2022-09-12 15:57:22,806 : INFO : SwitchController : <<<<<<< 's_eos_left_top' active >>>>>>>
2022-09-12 15:57:22,826 : INFO : SwitchController : <<<<<<< 's_eos_right' active >>>>>>>
2022-09-12 15:57:22,826 : INFO : SwitchController : <<<<<<< 's_eos_right' inactive >>>>>>>
2022-09-12 15:57:23,043 : INFO : SwitchController : <<<<<<< 's_right_flipper' active >>>>>>>
2022-09-12 15:57:23,043 : INFO : EventManager : Event: ======'flipper_cancel'====== Args={'triggering_group': 2, 'triggering_switch': 's_right_flipper'}
2022-09-12 15:57:23,043 : INFO : SwitchController : <<<<<<< 's_left_flipper' inactive >>>>>>>
2022-09-12 15:57:23,043 : INFO : EventManager : Event: ======'both_flippers_one'====== Args={'triggering_group': 1, 'triggering_switch': 's_left_flipper'}
2022-09-12 15:57:23,074 : INFO : SwitchController : <<<<<<< 's_eos_right' active >>>>>>>
2022-09-12 15:57:23,138 : INFO : SwitchController : <<<<<<< 's_eos_left_top' inactive >>>>>>>
2022-09-12 15:57:23,157 : INFO : SwitchController : <<<<<<< 's_eos_left' inactive >>>>>>>
2022-09-12 15:57:23,186 : INFO : SwitchController : <<<<<<< 's_right_flipper' inactive >>>>>>>
2022-09-12 15:57:23,186 : INFO : EventManager : Event: ======'both_flippers_inactive'====== Args={'triggering_group': 2, 'triggering_switch': 's_right_flipper'}
2022-09-12 15:57:23,312 : INFO : SwitchController : <<<<<<< 's_left_flipper' active >>>>>>>
2022-09-12 15:57:23,331 : INFO : SwitchController : <<<<<<< 's_eos_right' inactive >>>>>>>
2022-09-12 15:57:23,331 : INFO : SwitchController : <<<<<<< 's_eos_left_top' active >>>>>>>
2022-09-12 15:57:23,331 : INFO : SwitchController : <<<<<<< 's_eos_left' active >>>>>>>
2022-09-12 15:57:23,332 : INFO : SwitchController : <<<<<<< 's_eos_right' active >>>>>>>
2022-09-12 15:57:23,360 : INFO : SwitchController : <<<<<<< 's_eos_right' inactive >>>>>>>
2022-09-12 15:57:23,438 : INFO : SwitchController : <<<<<<< 's_left_flipper' inactive >>>>>>>
2022-09-12 15:57:23,502 : INFO : SwitchController : <<<<<<< 's_right_flipper' active >>>>>>>
2022-09-12 15:57:23,520 : INFO : SwitchController : <<<<<<< 's_eos_right' active >>>>>>>
2022-09-12 15:57:23,524 : INFO : SwitchController : <<<<<<< 's_eos_left_top' inactive >>>>>>>
2022-09-12 15:57:23,524 : INFO : SwitchController : <<<<<<< 's_eos_left' inactive >>>>>>>
2022-09-12 15:57:23,643 : INFO : SwitchController : <<<<<<< 's_right_flipper' inactive >>>>>>>
2022-09-12 15:57:23,753 : INFO : SwitchController : <<<<<<< 's_eos_right' inactive >>>>>>>
2022-09-12 15:57:23,753 : INFO : SwitchController : <<<<<<< 's_right_flipper' active >>>>>>>
2022-09-12 15:57:23,784 : INFO : SwitchController : <<<<<<< 's_eos_right' active >>>>>>>
2022-09-12 15:57:23,843 : INFO : SwitchController : <<<<<<< 's_right_flipper' inactive >>>>>>>
2022-09-12 15:57:23,950 : INFO : SwitchController : <<<<<<< 's_right_flipper' active >>>>>>>
2022-09-12 15:57:23,997 : INFO : SwitchController : <<<<<<< 's_right_flipper' inactive >>>>>>>
2022-09-12 15:57:24,122 : INFO : SwitchController : <<<<<<< 's_eos_right' inactive >>>>>>>
2022-09-12 15:57:43,429 : INFO : SwitchController : <<<<<<< 's_tilt' active >>>>>>>
2022-09-12 15:57:43,430 : INFO : SwitchController : <<<<<<< 's_tilt' inactive >>>>>>>
2022-09-12 15:57:45,340 : INFO : SwitchController : <<<<<<< 's_tilt' active >>>>>>>
2022-09-12 15:57:45,340 : INFO : SwitchController : <<<<<<< 's_tilt' inactive >>>>>>>
2022-09-12 15:57:45,863 : INFO : SwitchController : <<<<<<< 's_tilt' active >>>>>>>
2022-09-12 15:57:45,863 : INFO : SwitchController : <<<<<<< 's_tilt' inactive >>>>>>>
2022-09-12 15:57:46,365 : INFO : SwitchController : <<<<<<< 's_tilt' active >>>>>>>
2022-09-12 15:57:46,365 : INFO : SwitchController : <<<<<<< 's_tilt' inactive >>>>>>>
2022-09-12 15:57:46,760 : INFO : SwitchController : <<<<<<< 's_tilt' active >>>>>>>
2022-09-12 15:57:46,760 : INFO : SwitchController : <<<<<<< 's_tilt' inactive >>>>>>>
2022-09-12 15:57:47,201 : INFO : SwitchController : <<<<<<< 's_tilt' active >>>>>>>
2022-09-12 15:57:47,220 : INFO : SwitchController : <<<<<<< 's_tilt' inactive >>>>>>>
2022-09-12 15:57:47,674 : INFO : SwitchController : <<<<<<< 's_tilt' active >>>>>>>
2022-09-12 15:57:47,694 : INFO : SwitchController : <<<<<<< 's_tilt' inactive >>>>>>>
2022-09-12 15:57:48,193 : INFO : SwitchController : <<<<<<< 's_tilt' active >>>>>>>
2022-09-12 15:57:48,193 : INFO : SwitchController : <<<<<<< 's_tilt' inactive >>>>>>>
2022-09-12 15:57:48,695 : INFO : SwitchController : <<<<<<< 's_tilt' active >>>>>>>
2022-09-12 15:57:48,695 : INFO : SwitchController : <<<<<<< 's_tilt' inactive >>>>>>>
2022-09-12 15:57:50,948 : INFO : SwitchController : <<<<<<< 's_right_flipper' active >>>>>>>
2022-09-12 15:57:50,967 : INFO : SwitchController : <<<<<<< 's_eos_right' active >>>>>>>
2022-09-12 15:57:51,121 : INFO : SwitchController : <<<<<<< 's_left_flipper' active >>>>>>>
2022-09-12 15:57:51,121 : INFO : EventManager : Event: ======'flipper_cancel'====== Args={'triggering_group': 1, 'triggering_switch': 's_left_flipper'}
2022-09-12 15:57:51,152 : INFO : SwitchController : <<<<<<< 's_eos_left_top' active >>>>>>>
2022-09-12 15:57:51,152 : INFO : SwitchController : <<<<<<< 's_eos_left' active >>>>>>>
2022-09-12 15:57:51,199 : INFO : SwitchController : <<<<<<< 's_right_flipper' inactive >>>>>>>
2022-09-12 15:57:51,199 : INFO : EventManager : Event: ======'both_flippers_one'====== Args={'triggering_group': 2, 'triggering_switch': 's_right_flipper'}
2022-09-12 15:57:51,292 : INFO : SwitchController : <<<<<<< 's_eos_right' inactive >>>>>>>
2022-09-12 15:57:51,450 : INFO : SwitchController : <<<<<<< 's_right_flipper' active >>>>>>>
2022-09-12 15:57:51,450 : INFO : EventManager : Event: ======'flipper_cancel'====== Args={'triggering_group': 2, 'triggering_switch': 's_right_flipper'}
2022-09-12 15:57:51,482 : INFO : SwitchController : <<<<<<< 's_eos_right' active >>>>>>>
2022-09-12 15:57:51,528 : INFO : SwitchController : <<<<<<< 's_left_flipper' inactive >>>>>>>
2022-09-12 15:57:51,528 : INFO : EventManager : Event: ======'both_flippers_one'====== Args={'triggering_group': 1, 'triggering_switch': 's_left_flipper'}
2022-09-12 15:57:51,622 : INFO : SwitchController : <<<<<<< 's_eos_left_top' inactive >>>>>>>
2022-09-12 15:57:51,640 : INFO : SwitchController : <<<<<<< 's_eos_left' inactive >>>>>>>
2022-09-12 15:57:51,656 : INFO : SwitchController : <<<<<<< 's_right_flipper' inactive >>>>>>>
2022-09-12 15:57:51,656 : INFO : EventManager : Event: ======'both_flippers_inactive'====== Args={'triggering_group': 2, 'triggering_switch': 's_right_flipper'}
2022-09-12 15:57:51,764 : INFO : SwitchController : <<<<<<< 's_eos_right' inactive >>>>>>>
2022-09-12 15:57:51,794 : INFO : SwitchController : <<<<<<< 's_right_flipper' active >>>>>>>
2022-09-12 15:57:51,826 : INFO : SwitchController : <<<<<<< 's_eos_right' active >>>>>>>
2022-09-12 15:57:51,935 : INFO : SwitchController : <<<<<<< 's_right_flipper' inactive >>>>>>>
2022-09-12 15:57:52,044 : INFO : SwitchController : <<<<<<< 's_eos_right' inactive >>>>>>>
2022-09-12 15:57:52,092 : INFO : SwitchController : <<<<<<< 's_right_flipper' active >>>>>>>
2022-09-12 15:57:52,111 : INFO : SwitchController : <<<<<<< 's_eos_right' active >>>>>>>
2022-09-12 15:57:52,203 : INFO : SwitchController : <<<<<<< 's_right_flipper' inactive >>>>>>>
2022-09-12 15:57:52,314 : INFO : SwitchController : <<<<<<< 's_eos_right' inactive >>>>>>>
2022-09-12 15:58:18,766 : INFO : SwitchController : <<<<<<< 's_left_flipper' active >>>>>>>
2022-09-12 15:58:18,785 : INFO : SwitchController : <<<<<<< 's_eos_left' active >>>>>>>
2022-09-12 15:58:18,785 : INFO : SwitchController : <<<<<<< 's_eos_left_top' active >>>>>>>
2022-09-12 15:58:18,814 : INFO : SwitchController : <<<<<<< 's_left_flipper' inactive >>>>>>>
2022-09-12 15:58:18,910 : INFO : SwitchController : <<<<<<< 's_eos_left_top' inactive >>>>>>>
2022-09-12 15:58:18,910 : INFO : SwitchController : <<<<<<< 's_eos_left' inactive >>>>>>>
2022-09-12 15:58:19,131 : INFO : SwitchController : <<<<<<< 's_left_flipper' active >>>>>>>
2022-09-12 15:58:19,150 : INFO : SwitchController : <<<<<<< 's_eos_left' active >>>>>>>
2022-09-12 15:58:19,150 : INFO : SwitchController : <<<<<<< 's_eos_left_top' active >>>>>>>
2022-09-12 15:58:19,274 : INFO : SwitchController : <<<<<<< 's_left_flipper' inactive >>>>>>>
2022-09-12 15:58:19,368 : INFO : SwitchController : <<<<<<< 's_eos_left_top' inactive >>>>>>>
2022-09-12 15:58:19,368 : INFO : SwitchController : <<<<<<< 's_eos_left' inactive >>>>>>>
2022-09-12 15:58:20,454 : INFO : SwitchController : <<<<<<< 's_right_flipper' active >>>>>>>
2022-09-12 15:58:20,473 : INFO : SwitchController : <<<<<<< 's_eos_right' active >>>>>>>
2022-09-12 15:58:20,690 : INFO : SwitchController : <<<<<<< 's_right_flipper' inactive >>>>>>>
2022-09-12 15:58:20,816 : INFO : SwitchController : <<<<<<< 's_eos_right' inactive >>>>>>>
2022-09-12 15:58:22,228 : INFO : SwitchController : <<<<<<< 's_right_flipper' active >>>>>>>
2022-09-12 15:58:22,260 : INFO : SwitchController : <<<<<<< 's_eos_right' active >>>>>>>
2022-09-12 15:58:22,387 : INFO : SwitchController : <<<<<<< 's_right_flipper' inactive >>>>>>>
2022-09-12 15:58:22,497 : INFO : SwitchController : <<<<<<< 's_eos_right' inactive >>>>>>>
2022-09-12 15:58:22,813 : INFO : SwitchController : <<<<<<< 's_right_flipper' active >>>>>>>
2022-09-12 15:58:22,845 : INFO : SwitchController : <<<<<<< 's_eos_right' active >>>>>>>
2022-09-12 15:58:22,955 : INFO : SwitchController : <<<<<<< 's_right_flipper' inactive >>>>>>>
2022-09-12 15:58:23,051 : INFO : SwitchController : <<<<<<< 's_eos_right' inactive >>>>>>>
2022-09-12 15:58:23,270 : INFO : SwitchController : <<<<<<< 's_right_flipper' active >>>>>>>
2022-09-12 15:58:23,289 : INFO : SwitchController : <<<<<<< 's_eos_right' active >>>>>>>
2022-09-12 15:58:23,508 : INFO : SwitchController : <<<<<<< 's_right_flipper' inactive >>>>>>>
2022-09-12 15:58:23,601 : INFO : SwitchController : <<<<<<< 's_eos_right' inactive >>>>>>>
2022-09-12 15:58:23,712 : INFO : SwitchController : <<<<<<< 's_right_flipper' active >>>>>>>
2022-09-12 15:58:23,731 : INFO : SwitchController : <<<<<<< 's_eos_right' active >>>>>>>
2022-09-12 15:58:23,840 : INFO : SwitchController : <<<<<<< 's_right_flipper' inactive >>>>>>>
2022-09-12 15:58:23,952 : INFO : SwitchController : <<<<<<< 's_eos_right' inactive >>>>>>>
2022-09-12 15:58:24,204 : INFO : SwitchController : <<<<<<< 's_right_flipper' active >>>>>>>
2022-09-12 15:58:24,236 : INFO : SwitchController : <<<<<<< 's_eos_right' active >>>>>>>
2022-09-12 15:58:24,268 : INFO : SwitchController : <<<<<<< 's_right_flipper' inactive >>>>>>>
2022-09-12 15:58:24,378 : INFO : SwitchController : <<<<<<< 's_eos_right' inactive >>>>>>>
2022-09-12 15:58:25,022 : INFO : SwitchController : <<<<<<< 's_bot_big' active >>>>>>>
2022-09-12 15:58:25,022 : INFO : SwitchController : <<<<<<< 's_bot_big' inactive >>>>>>>
2022-09-12 15:58:25,607 : INFO : SwitchController : <<<<<<< 's_right_flipper' active >>>>>>>
2022-09-12 15:58:25,625 : INFO : SwitchController : <<<<<<< 's_eos_right' active >>>>>>>
2022-09-12 15:58:25,641 : INFO : SwitchController : <<<<<<< 's_right_flipper' inactive >>>>>>>
2022-09-12 15:58:25,747 : INFO : SwitchController : <<<<<<< 's_bot_right' active >>>>>>>
2022-09-12 15:58:25,747 : INFO : SwitchController : <<<<<<< 's_bot_right' inactive >>>>>>>
2022-09-12 15:58:25,765 : INFO : SwitchController : <<<<<<< 's_eos_right' inactive >>>>>>>
2022-09-12 15:58:28,250 : INFO : SwitchController : <<<<<<< 's_right_flipper' active >>>>>>>
2022-09-12 15:58:28,281 : INFO : SwitchController : <<<<<<< 's_eos_right' active >>>>>>>
2022-09-12 15:58:28,624 : INFO : SwitchController : <<<<<<< 's_right_flipper' inactive >>>>>>>
2022-09-12 15:58:28,720 : INFO : SwitchController : <<<<<<< 's_eos_right' inactive >>>>>>>
2022-09-12 15:58:29,145 : INFO : SwitchController : <<<<<<< 's_right_flipper' active >>>>>>>
2022-09-12 15:58:29,177 : INFO : SwitchController : <<<<<<< 's_eos_right' active >>>>>>>
2022-09-12 15:58:29,271 : INFO : SwitchController : <<<<<<< 's_right_flipper' inactive >>>>>>>
2022-09-12 15:58:29,383 : INFO : SwitchController : <<<<<<< 's_eos_right' inactive >>>>>>>
2022-09-12 15:58:31,631 : INFO : SwitchController : <<<<<<< 's_right_flipper' active >>>>>>>
2022-09-12 15:58:31,650 : INFO : SwitchController : <<<<<<< 's_eos_right' active >>>>>>>
2022-09-12 15:58:31,850 : INFO : SwitchController : <<<<<<< 's_right_flipper' inactive >>>>>>>
2022-09-12 15:58:31,962 : INFO : SwitchController : <<<<<<< 's_eos_right' inactive >>>>>>>
2022-09-12 15:58:32,436 : INFO : SwitchController : <<<<<<< 's_right_flipper' active >>>>>>>
2022-09-12 15:58:32,455 : INFO : SwitchController : <<<<<<< 's_eos_right' active >>>>>>>
2022-09-12 15:58:33,691 : INFO : SwitchController : <<<<<<< 's_right_flipper' inactive >>>>>>>
2022-09-12 15:58:33,801 : INFO : SwitchController : <<<<<<< 's_eos_right' inactive >>>>>>>
2022-09-12 15:58:34,113 : INFO : SwitchController : <<<<<<< 's_right_flipper' active >>>>>>>
2022-09-12 15:58:34,145 : INFO : SwitchController : <<<<<<< 's_eos_right' active >>>>>>>
2022-09-12 15:58:34,301 : INFO : SwitchController : <<<<<<< 's_right_flipper' inactive >>>>>>>
2022-09-12 15:58:34,416 : INFO : SwitchController : <<<<<<< 's_eos_right' inactive >>>>>>>
2022-09-12 15:58:35,508 : INFO : SwitchController : <<<<<<< 's_right_flipper' active >>>>>>>
2022-09-12 15:58:35,528 : INFO : SwitchController : <<<<<<< 's_eos_right' active >>>>>>>
2022-09-12 15:58:35,556 : INFO : SwitchController : <<<<<<< 's_right_flipper' inactive >>>>>>>
2022-09-12 15:58:35,667 : INFO : SwitchController : <<<<<<< 's_eos_right' inactive >>>>>>>
2022-09-12 15:58:36,801 : INFO : SwitchController : <<<<<<< 's_right_flipper' active >>>>>>>
2022-09-12 15:58:36,832 : INFO : SwitchController : <<<<<<< 's_eos_right' active >>>>>>>
2022-09-12 15:58:36,851 : INFO : SwitchController : <<<<<<< 's_right_flipper' inactive >>>>>>>
2022-09-12 15:58:36,973 : INFO : SwitchController : <<<<<<< 's_eos_right' inactive >>>>>>>
2022-09-12 15:58:37,005 : INFO : SwitchController : <<<<<<< 's_bot_right' active >>>>>>>
2022-09-12 15:58:37,005 : INFO : SwitchController : <<<<<<< 's_bot_right' inactive >>>>>>>
2022-09-12 15:58:37,474 : INFO : SwitchController : <<<<<<< 's_right_flipper' active >>>>>>>
2022-09-12 15:58:37,494 : INFO : SwitchController : <<<<<<< 's_eos_right' active >>>>>>>
2022-09-12 15:58:37,520 : INFO : SwitchController : <<<<<<< 's_right_flipper' inactive >>>>>>>
2022-09-12 15:58:37,645 : INFO : SwitchController : <<<<<<< 's_eos_right' inactive >>>>>>>
2022-09-12 15:58:40,285 : INFO : SwitchController : <<<<<<< 's_right_flipper' active >>>>>>>
2022-09-12 15:58:40,304 : INFO : SwitchController : <<<<<<< 's_eos_right' active >>>>>>>
2022-09-12 15:58:40,379 : INFO : SwitchController : <<<<<<< 's_right_flipper' inactive >>>>>>>
2022-09-12 15:58:40,490 : INFO : SwitchController : <<<<<<< 's_eos_right' inactive >>>>>>>
2022-09-12 15:58:41,311 : INFO : SwitchController : <<<<<<< 's_right_flipper' active >>>>>>>
2022-09-12 15:58:41,342 : INFO : SwitchController : <<<<<<< 's_eos_right' active >>>>>>>
2022-09-12 15:58:41,421 : INFO : SwitchController : <<<<<<< 's_right_flipper' inactive >>>>>>>
2022-09-12 15:58:41,528 : INFO : SwitchController : <<<<<<< 's_eos_right' inactive >>>>>>>
2022-09-12 15:58:43,483 : INFO : SwitchController : <<<<<<< 's_right_flipper' active >>>>>>>
2022-09-12 15:58:43,502 : INFO : SwitchController : <<<<<<< 's_eos_right' active >>>>>>>
2022-09-12 15:58:43,562 : INFO : SwitchController : <<<<<<< 's_right_flipper' inactive >>>>>>>
2022-09-12 15:58:43,670 : INFO : SwitchController : <<<<<<< 's_eos_right' inactive >>>>>>>
2022-09-12 15:58:44,095 : INFO : SwitchController : <<<<<<< 's_right_flipper' active >>>>>>>
2022-09-12 15:58:44,114 : INFO : SwitchController : <<<<<<< 's_eos_right' active >>>>>>>
2022-09-12 15:58:44,189 : INFO : SwitchController : <<<<<<< 's_right_flipper' inactive >>>>>>>
2022-09-12 15:58:44,268 : INFO : SwitchController : <<<<<<< 's_bot_big' active >>>>>>>
2022-09-12 15:58:44,268 : INFO : SwitchController : <<<<<<< 's_bot_big' inactive >>>>>>>
2022-09-12 15:58:44,300 : INFO : SwitchController : <<<<<<< 's_eos_right' inactive >>>>>>>
2022-09-12 15:58:47,677 : INFO : SwitchController : <<<<<<< 's_right_flipper' active >>>>>>>
2022-09-12 15:58:47,681 : INFO : SwitchController : <<<<<<< 's_eos_right' active >>>>>>>
2022-09-12 15:58:47,869 : INFO : SwitchController : <<<<<<< 's_right_flipper' inactive >>>>>>>
2022-09-12 15:58:47,964 : INFO : SwitchController : <<<<<<< 's_eos_right' inactive >>>>>>>
2022-09-12 15:58:51,455 : INFO : SwitchController : <<<<<<< 's_left_flipper' active >>>>>>>
2022-09-12 15:58:51,474 : INFO : SwitchController : <<<<<<< 's_eos_left' active >>>>>>>
2022-09-12 15:58:51,490 : INFO : SwitchController : <<<<<<< 's_eos_left_top' active >>>>>>>
2022-09-12 15:58:51,741 : INFO : SwitchController : <<<<<<< 's_left_flipper' inactive >>>>>>>
2022-09-12 15:58:51,869 : INFO : SwitchController : <<<<<<< 's_eos_left_top' inactive >>>>>>>
2022-09-12 15:58:51,869 : INFO : SwitchController : <<<<<<< 's_eos_left' inactive >>>>>>>
2022-09-12 15:58:52,219 : INFO : SwitchController : <<<<<<< 's_right_flipper' active >>>>>>>
2022-09-12 15:58:52,251 : INFO : SwitchController : <<<<<<< 's_eos_right' active >>>>>>>
2022-09-12 15:58:52,505 : INFO : SwitchController : <<<<<<< 's_right_flipper' inactive >>>>>>>
2022-09-12 15:58:52,616 : INFO : SwitchController : <<<<<<< 's_eos_right' inactive >>>>>>>
2022-09-12 15:58:52,728 : INFO : SwitchController : <<<<<<< 's_right_flipper' active >>>>>>>
2022-09-12 15:58:52,747 : INFO : SwitchController : <<<<<<< 's_eos_right' active >>>>>>>
2022-09-12 15:58:53,299 : INFO : SwitchController : <<<<<<< 's_right_flipper' inactive >>>>>>>
2022-09-12 15:58:53,414 : INFO : SwitchController : <<<<<<< 's_eos_right' inactive >>>>>>>
2022-09-12 15:58:53,697 : INFO : SwitchController : <<<<<<< 's_right_flipper' active >>>>>>>
2022-09-12 15:58:53,712 : INFO : SwitchController : <<<<<<< 's_eos_right' active >>>>>>>
2022-09-12 15:58:53,852 : INFO : SwitchController : <<<<<<< 's_right_flipper' inactive >>>>>>>
2022-09-12 15:58:53,964 : INFO : SwitchController : <<<<<<< 's_eos_right' inactive >>>>>>>
2022-09-12 15:58:53,984 : INFO : SwitchController : <<<<<<< 's_right_flipper' active >>>>>>>
2022-09-12 15:58:53,984 : INFO : SwitchController : <<<<<<< 's_eos_right' active >>>>>>>
2022-09-12 15:58:54,091 : INFO : SwitchController : <<<<<<< 's_right_flipper' inactive >>>>>>>
2022-09-12 15:58:54,203 : INFO : SwitchController : <<<<<<< 's_eos_right' inactive >>>>>>>
2022-09-12 15:58:54,223 : INFO : SwitchController : <<<<<<< 's_right_flipper' active >>>>>>>
2022-09-12 15:58:54,223 : INFO : SwitchController : <<<<<<< 's_eos_right' active >>>>>>>
2022-09-12 15:58:54,597 : INFO : SwitchController : <<<<<<< 's_right_flipper' inactive >>>>>>>
2022-09-12 15:58:54,707 : INFO : SwitchController : <<<<<<< 's_eos_right' inactive >>>>>>>
2022-09-12 15:58:54,913 : INFO : SwitchController : <<<<<<< 's_right_flipper' active >>>>>>>
2022-09-12 15:58:54,945 : INFO : SwitchController : <<<<<<< 's_eos_right' active >>>>>>>
2022-09-12 15:58:55,356 : INFO : SwitchController : <<<<<<< 's_right_flipper' inactive >>>>>>>
2022-09-12 15:58:55,467 : INFO : SwitchController : <<<<<<< 's_eos_right' inactive >>>>>>>
2022-09-12 15:58:56,290 : INFO : SwitchController : <<<<<<< 's_right_flipper' active >>>>>>>
2022-09-12 15:58:56,321 : INFO : SwitchController : <<<<<<< 's_eos_right' active >>>>>>>
2022-09-12 15:58:56,385 : INFO : SwitchController : <<<<<<< 's_right_flipper' inactive >>>>>>>
2022-09-12 15:58:56,497 : INFO : SwitchController : <<<<<<< 's_eos_right' inactive >>>>>>>
2022-09-12 15:58:56,545 : INFO : SwitchController : <<<<<<< 's_right_flipper' active >>>>>>>
2022-09-12 15:58:56,577 : INFO : SwitchController : <<<<<<< 's_eos_right' active >>>>>>>
2022-09-12 15:58:56,656 : INFO : SwitchController : <<<<<<< 's_right_flipper' inactive >>>>>>>
2022-09-12 15:58:56,766 : INFO : SwitchController : <<<<<<< 's_eos_right' inactive >>>>>>>
2022-09-12 15:59:08,029 : INFO : Machine : Shutting down...
2022-09-12 15:59:08,029 : INFO : EventManager : Event: ======'shutdown'====== Args={}
2022-09-12 15:59:08,044 : WARNING : FAST : Port RGB received more messages than were sent! Resetting!
2022-09-12 15:59:08,044 : WARNING : FAST : Received unknown serial command? BX:P from RGB.
2022-09-12 15:59:08,045 : WARNING : FAST : Port NET received more messages than were sent! Resetting!
2022-09-12 15:59:08,123 : ERROR : FAST : Stop called on serial connection com20
2022-09-12 15:59:08,123 : ERROR : FAST : Stop called on serial connection com21
2022-09-12 15:59:08,360 : INFO : root : MPF run loop ended.
