2022-10-12 07:51:36,472 : INFO : root : Loading config.
2022-10-12 07:51:36,476 : INFO : YamlMultifileConfigLoader : Machine config file #1: config.yaml
2022-10-12 07:51:36,476 : WARNING : ConfigProcessor : Config file in cache changed: c:\trashland_2\config\config.yaml
2022-10-12 07:51:36,476 : INFO : ConfigProcessor : Loading config from file c:\users\tanner\appdata\local\programs\python\python37\lib\site-packages\mpf\mpfconfig.yaml.
2022-10-12 07:51:36,546 : INFO : ConfigProcessor : Loading config: c:\users\tanner\appdata\local\programs\python\python37\lib\site-packages\mpf\mpfconfig.yaml
2022-10-12 07:51:36,547 : INFO : ConfigProcessor : Loading config from file c:\trashland_2\config\config.yaml.
2022-10-12 07:51:36,650 : INFO : ConfigProcessor : Loading config: c:\trashland_2\config\config.yaml
2022-10-12 07:51:36,652 : INFO : ConfigProcessor : Config file cache created: C:\Users\Tanner\AppData\Local\Temp\a6762098cb994b55cb03a478b26022ee.mpf_cache
2022-10-12 07:51:36,714 : INFO : ConfigProcessor : Loading config from cache: C:\Users\Tanner\AppData\Local\Temp\9cf7ccc27b21f4d6162237fadfc53e5a.mpf_cache
2022-10-12 07:51:36,715 : INFO : ConfigProcessor : Loading config from cache: C:\Users\Tanner\AppData\Local\Temp\c215df352878fee5d54f1a5ec5b16e7c.mpf_cache
2022-10-12 07:51:36,716 : INFO : ConfigProcessor : Loading config from cache: C:\Users\Tanner\AppData\Local\Temp\708062243e0edcfa77dd6b1521bd0d4e.mpf_cache
2022-10-12 07:51:36,717 : INFO : ConfigProcessor : Loading config from cache: C:\Users\Tanner\AppData\Local\Temp\c4174472f67f7b070dd6fb437c6feb0c.mpf_cache
2022-10-12 07:51:36,717 : INFO : ConfigProcessor : Loading config from cache: C:\Users\Tanner\AppData\Local\Temp\abaa92c43d134e3392cbb2346e6a16be.mpf_cache
2022-10-12 07:51:36,718 : INFO : ConfigProcessor : Loading config from cache: C:\Users\Tanner\AppData\Local\Temp\fc46d53fcb9fe6b8abf783d9c813390a.mpf_cache
2022-10-12 07:51:36,719 : INFO : Machine : Mission Pinball Framework Core Engine v0.55.0
2022-10-12 07:51:36,719 : INFO : Machine : Command line arguments: {'no_load_cache': False, 'create_config_cache': True, 'bcp': False, 'configfile': ['config.yaml'], 'force_assets_load': False, 'jsonlogging': False, 'logfile': 'logs\\2022-10-12-07-51-36-mpf-DESKTOP-7HNFDQ5.log', 'pause': False, 'production': False, 'text_ui': True, 'loglevel': 15, 'consoleloglevel': 20, 'force_platform': None, 'syslog_address': None, 'mc_file_name': None, 'no_sound': False}
2022-10-12 07:51:36,719 : INFO : Machine : MPF path: c:\users\tanner\appdata\local\programs\python\python37\lib\site-packages\mpf
2022-10-12 07:51:36,720 : INFO : Machine : Machine path: c:\trashland_2
2022-10-12 07:51:36,720 : INFO : Machine : Platform: win32
2022-10-12 07:51:36,720 : INFO : Machine : Python executable location: c:\users\tanner\appdata\local\programs\python\python37\python.exe
2022-10-12 07:51:36,720 : INFO : Machine : Python version: 3.7.8 (64-bit)
2022-10-12 07:51:36,721 : INFO : Machine : Initialise MPF.
2022-10-12 07:51:36,984 : INFO : FAST : Connecting to com9 at 921600bps
2022-10-12 07:51:37,031 : INFO : FAST : Connected! Processor: NET, Board Type: FP-CPU-002-2, Firmware: 01.05
2022-10-12 07:51:37,031 : INFO : EventManager : Event: ======'machine_var_fast_net_firmware'====== Args={'value': '01.05', 'prev_value': None, 'change': True}
2022-10-12 07:51:37,031 : INFO : EventManager : Event: ======'machine_var_fast_net_model'====== Args={'value': 'FP-CPU-002-2', 'prev_value': None, 'change': True}
2022-10-12 07:51:39,410 : WARNING : FAST : Got unexpected message from FAST: -N:11
2022-10-12 07:51:39,410 : WARNING : FAST : Got unexpected message from FAST: -N:38
2022-10-12 07:51:39,410 : WARNING : FAST : Got unexpected message from FAST: -N:40
2022-10-12 07:51:39,410 : WARNING : FAST : Got unexpected message from FAST: -N:41
2022-10-12 07:51:39,410 : WARNING : FAST : Got unexpected message from FAST: -N:43
2022-10-12 07:51:39,410 : WARNING : FAST : Got unexpected message from FAST: -N:44
2022-10-12 07:51:39,410 : WARNING : FAST : Got unexpected message from FAST: -N:5D
2022-10-12 07:51:39,520 : INFO : FAST : Connecting to com10 at 921600bps
2022-10-12 07:51:39,551 : INFO : FAST : Connected! Processor: RGB, Board Type: FP-CPU-002-2, Firmware: 00.87
2022-10-12 07:51:39,551 : INFO : EventManager : Event: ======'machine_var_fast_rgb_firmware'====== Args={'value': '00.87', 'prev_value': None, 'change': True}
2022-10-12 07:51:39,551 : INFO : EventManager : Event: ======'machine_var_fast_rgb_model'====== Args={'value': 'FP-CPU-002-2', 'prev_value': None, 'change': True}
2022-10-12 07:51:39,552 : INFO : EventManager : Event: ======'machine_var_credits_string'====== Args={'value': 'FREE PLAY', 'prev_value': None, 'change': True}
2022-10-12 07:51:39,595 : INFO : EventManager : Event: ======'machine_var_master_volume'====== Args={'value': 0.5, 'prev_value': None, 'change': True}
2022-10-12 07:51:39,595 : INFO : EventManager : Event: ======'machine_var_mpf_version'====== Args={'value': 'MPF v0.55.0', 'prev_value': None, 'change': True}
2022-10-12 07:51:39,595 : INFO : EventManager : Event: ======'machine_var_mpf_extended_version'====== Args={'value': 'MPF v0.55.0, Config version:5, Show version: 5, BCP version:1.1', 'prev_value': None, 'change': True}
2022-10-12 07:51:39,595 : INFO : EventManager : Event: ======'machine_var_python_version'====== Args={'value': '3.7.8', 'prev_value': None, 'change': True}
2022-10-12 07:51:39,596 : INFO : EventManager : Event: ======'machine_var_platform'====== Args={'value': 'Windows-10-10.0.19041-SP0', 'prev_value': None, 'change': True}
2022-10-12 07:51:39,596 : INFO : EventManager : Event: ======'machine_var_platform_system'====== Args={'value': 'Windows', 'prev_value': None, 'change': True}
2022-10-12 07:51:39,596 : INFO : EventManager : Event: ======'machine_var_platform_release'====== Args={'value': '10', 'prev_value': None, 'change': True}
2022-10-12 07:51:39,596 : INFO : EventManager : Event: ======'machine_var_platform_version'====== Args={'value': '10.0.19041', 'prev_value': None, 'change': True}
2022-10-12 07:51:39,596 : INFO : EventManager : Event: ======'machine_var_platform_machine'====== Args={'value': 'AMD64', 'prev_value': None, 'change': True}
2022-10-12 07:51:39,596 : INFO : EventManager : Event: ======'init_phase_1'====== Args={}
2022-10-12 07:51:39,632 : INFO : EventManager : Event: ======'drop_target_bank_mid_up'====== Args={}
2022-10-12 07:51:39,632 : INFO : EventManager : Event: ======'drop_target_bank_right_up'====== Args={}
2022-10-12 07:51:39,651 : INFO : EventManager : Event: ======'init_phase_2'====== Args={}
2022-10-12 07:51:39,652 : INFO : SwitchController : Found active switch: (('42', 1), <Platform.FAST>) <switch.s_trough_4>
2022-10-12 07:51:39,652 : INFO : SwitchController : Found active switch: (('48', 1), <Platform.FAST>) <switch.s_trough_1>
2022-10-12 07:51:39,652 : INFO : SwitchController : Found active switch: (('49', 1), <Platform.FAST>) <switch.s_trough_jam>
2022-10-12 07:51:39,652 : INFO : SwitchController : Found active switch: (('3C', 1), <Platform.FAST>) <switch.s_eos_right>
2022-10-12 07:51:39,652 : INFO : SwitchController : Found active switch: (('3B', 1), <Platform.FAST>) <switch.s_eos_left>
2022-10-12 07:51:39,660 : INFO : ball_device.bd_trough : BCH: Initial count: 2
2022-10-12 07:51:39,660 : INFO : ball_device.bd_trough : State: idle
2022-10-12 07:51:39,661 : INFO : ball_device.bd_plunger : BCH: Initial count: 0
2022-10-12 07:51:39,661 : INFO : ball_device.bd_plunger : State: idle
2022-10-12 07:51:39,661 : INFO : ball_device.bd_top_vuk : BCH: Initial count: 0
2022-10-12 07:51:39,661 : INFO : ball_device.bd_top_vuk : State: idle
2022-10-12 07:51:39,662 : INFO : ball_device.bd_right_vuk : BCH: Initial count: 0
2022-10-12 07:51:39,662 : INFO : ball_device.bd_right_vuk : State: idle
2022-10-12 07:51:39,663 : INFO : ball_device.bd_bot_vuk : BCH: Initial count: 0
2022-10-12 07:51:39,663 : INFO : ball_device.bd_bot_vuk : State: idle
2022-10-12 07:51:39,699 : INFO : EventManager : Event: ======'init_phase_3'====== Args={}
2022-10-12 07:51:39,753 : INFO : EventManager : Event: ======'init_phase_4'====== Args={}
2022-10-12 07:51:39,754 : INFO : EventManager : Event: ======'playfield_active'====== Args={}
2022-10-12 07:51:39,754 : INFO : EventManager : Event: ======'unexpected_ball_on_playfield'====== Args={}
2022-10-12 07:51:39,754 : INFO : EventManager : Event: ======'playfield_active'====== Args={}
2022-10-12 07:51:39,754 : INFO : EventManager : Event: ======'unexpected_ball_on_playfield'====== Args={}
2022-10-12 07:51:39,754 : INFO : EventManager : Event: ======'playfield_active'====== Args={}
2022-10-12 07:51:39,754 : INFO : EventManager : Event: ======'unexpected_ball_on_playfield'====== Args={}
2022-10-12 07:51:39,754 : INFO : EventManager : Event: ======'playfield_active'====== Args={}
2022-10-12 07:51:39,754 : INFO : EventManager : Event: ======'unexpected_ball_on_playfield'====== Args={}
2022-10-12 07:51:39,754 : INFO : EventManager : Event: ======'playfield_active'====== Args={}
2022-10-12 07:51:39,754 : INFO : EventManager : Event: ======'unexpected_ball_on_playfield'====== Args={}
2022-10-12 07:51:39,754 : INFO : EventManager : Event: ======'playfield_active'====== Args={}
2022-10-12 07:51:39,754 : INFO : EventManager : Event: ======'unexpected_ball_on_playfield'====== Args={}
2022-10-12 07:51:39,755 : INFO : BallController : Initial balls found: 2
2022-10-12 07:51:39,757 : INFO : EventManager : Event: ======'machine_var_audits_events_game_ended'====== Args={'value': 0, 'prev_value': None, 'change': True}
2022-10-12 07:51:39,757 : INFO : EventManager : Event: ======'machine_var_audits_events_game_started'====== Args={'value': 0, 'prev_value': None, 'change': True}
2022-10-12 07:51:39,757 : INFO : EventManager : Event: ======'machine_var_audits_player_score'====== Args={'value': {'average': 0, 'top': [], 'total': 0}, 'prev_value': None, 'change': True}
2022-10-12 07:51:39,757 : INFO : EventManager : Event: ======'machine_var_audits_switches_s_autolauncher'====== Args={'value': 86, 'prev_value': None, 'change': True}
2022-10-12 07:51:39,757 : INFO : EventManager : Event: ======'machine_var_audits_switches_s_back_pop'====== Args={'value': 5, 'prev_value': None, 'change': True}
2022-10-12 07:51:39,758 : INFO : EventManager : Event: ======'machine_var_audits_switches_s_back_rollover'====== Args={'value': 0, 'prev_value': None, 'change': True}
2022-10-12 07:51:39,758 : INFO : EventManager : Event: ======'machine_var_audits_switches_s_back_stationary'====== Args={'value': 0, 'prev_value': None, 'change': True}
2022-10-12 07:51:39,758 : INFO : EventManager : Event: ======'machine_var_audits_switches_s_bot_back'====== Args={'value': 0, 'prev_value': None, 'change': True}
2022-10-12 07:51:39,758 : INFO : EventManager : Event: ======'machine_var_audits_switches_s_bot_big'====== Args={'value': 2, 'prev_value': None, 'change': True}
2022-10-12 07:51:39,758 : INFO : EventManager : Event: ======'machine_var_audits_switches_s_bot_left'====== Args={'value': 0, 'prev_value': None, 'change': True}
2022-10-12 07:51:39,758 : INFO : EventManager : Event: ======'machine_var_audits_switches_s_bot_right'====== Args={'value': 1, 'prev_value': None, 'change': True}
2022-10-12 07:51:39,758 : INFO : EventManager : Event: ======'machine_var_audits_switches_s_bot_rollover'====== Args={'value': 0, 'prev_value': None, 'change': True}
2022-10-12 07:51:39,758 : INFO : EventManager : Event: ======'machine_var_audits_switches_s_bot_vuk'====== Args={'value': 2, 'prev_value': None, 'change': True}
2022-10-12 07:51:39,759 : INFO : EventManager : Event: ======'machine_var_audits_switches_s_drop_mid_left'====== Args={'value': 76, 'prev_value': None, 'change': True}
2022-10-12 07:51:39,759 : INFO : EventManager : Event: ======'machine_var_audits_switches_s_drop_mid_mid'====== Args={'value': 85, 'prev_value': None, 'change': True}
2022-10-12 07:51:39,759 : INFO : EventManager : Event: ======'machine_var_audits_switches_s_drop_mid_right'====== Args={'value': 7, 'prev_value': None, 'change': True}
2022-10-12 07:51:39,759 : INFO : EventManager : Event: ======'machine_var_audits_switches_s_drop_right_left'====== Args={'value': 24, 'prev_value': None, 'change': True}
2022-10-12 07:51:39,759 : INFO : EventManager : Event: ======'machine_var_audits_switches_s_drop_right_right'====== Args={'value': 61, 'prev_value': None, 'change': True}
2022-10-12 07:51:39,759 : INFO : EventManager : Event: ======'machine_var_audits_switches_s_drop_single'====== Args={'value': 41, 'prev_value': None, 'change': True}
2022-10-12 07:51:39,760 : INFO : EventManager : Event: ======'machine_var_audits_switches_s_eos_left'====== Args={'value': 71, 'prev_value': None, 'change': True}
2022-10-12 07:51:39,760 : INFO : EventManager : Event: ======'machine_var_audits_switches_s_eos_left_top'====== Args={'value': 945, 'prev_value': None, 'change': True}
2022-10-12 07:51:39,760 : INFO : EventManager : Event: ======'machine_var_audits_switches_s_eos_right'====== Args={'value': 96, 'prev_value': None, 'change': True}
2022-10-12 07:51:39,760 : INFO : EventManager : Event: ======'machine_var_audits_switches_s_launch'====== Args={'value': 59, 'prev_value': None, 'change': True}
2022-10-12 07:51:39,760 : INFO : EventManager : Event: ======'machine_var_audits_switches_s_left_flipper'====== Args={'value': 1048, 'prev_value': None, 'change': True}
2022-10-12 07:51:39,760 : INFO : EventManager : Event: ======'machine_var_audits_switches_s_left_inlane'====== Args={'value': 25, 'prev_value': None, 'change': True}
2022-10-12 07:51:39,761 : INFO : EventManager : Event: ======'machine_var_audits_switches_s_left_outlane'====== Args={'value': 5, 'prev_value': None, 'change': True}
2022-10-12 07:51:39,761 : INFO : EventManager : Event: ======'machine_var_audits_switches_s_pop_left'====== Args={'value': 165, 'prev_value': None, 'change': True}
2022-10-12 07:51:39,761 : INFO : EventManager : Event: ======'machine_var_audits_switches_s_pop_lower'====== Args={'value': 256, 'prev_value': None, 'change': True}
2022-10-12 07:51:39,761 : INFO : EventManager : Event: ======'machine_var_audits_switches_s_pop_right'====== Args={'value': 341, 'prev_value': None, 'change': True}
2022-10-12 07:51:39,761 : INFO : EventManager : Event: ======'machine_var_audits_switches_s_right_flipper'====== Args={'value': 1014, 'prev_value': None, 'change': True}
2022-10-12 07:51:39,761 : INFO : EventManager : Event: ======'machine_var_audits_switches_s_right_inlane'====== Args={'value': 0, 'prev_value': None, 'change': True}
2022-10-12 07:51:39,762 : INFO : EventManager : Event: ======'machine_var_audits_switches_s_right_outlane'====== Args={'value': 79, 'prev_value': None, 'change': True}
2022-10-12 07:51:39,762 : INFO : EventManager : Event: ======'machine_var_audits_switches_s_rollover_left'====== Args={'value': 71, 'prev_value': None, 'change': True}
2022-10-12 07:51:39,762 : INFO : EventManager : Event: ======'machine_var_audits_switches_s_rollover_right'====== Args={'value': 46, 'prev_value': None, 'change': True}
2022-10-12 07:51:39,762 : INFO : EventManager : Event: ======'machine_var_audits_switches_s_sling_left'====== Args={'value': 42, 'prev_value': None, 'change': True}
2022-10-12 07:51:39,762 : INFO : EventManager : Event: ======'machine_var_audits_switches_s_sling_right'====== Args={'value': 136, 'prev_value': None, 'change': True}
2022-10-12 07:51:39,763 : INFO : EventManager : Event: ======'machine_var_audits_switches_s_start'====== Args={'value': 153, 'prev_value': None, 'change': True}
2022-10-12 07:51:39,763 : INFO : EventManager : Event: ======'machine_var_audits_switches_s_tilt'====== Args={'value': 126, 'prev_value': None, 'change': True}
2022-10-12 07:51:39,763 : INFO : EventManager : Event: ======'machine_var_audits_switches_s_transfer_rollover'====== Args={'value': 3, 'prev_value': None, 'change': True}
2022-10-12 07:51:39,763 : INFO : EventManager : Event: ======'machine_var_audits_switches_s_trough_1'====== Args={'value': 57, 'prev_value': None, 'change': True}
2022-10-12 07:51:39,764 : INFO : EventManager : Event: ======'machine_var_audits_switches_s_trough_2'====== Args={'value': 201, 'prev_value': None, 'change': True}
2022-10-12 07:51:39,764 : INFO : EventManager : Event: ======'machine_var_audits_switches_s_trough_3'====== Args={'value': 103, 'prev_value': None, 'change': True}
2022-10-12 07:51:39,764 : INFO : EventManager : Event: ======'machine_var_audits_switches_s_trough_4'====== Args={'value': 105, 'prev_value': None, 'change': True}
2022-10-12 07:51:39,764 : INFO : EventManager : Event: ======'machine_var_audits_switches_s_trough_5'====== Args={'value': 110, 'prev_value': None, 'change': True}
2022-10-12 07:51:39,764 : INFO : EventManager : Event: ======'machine_var_audits_switches_s_trough_6'====== Args={'value': 187, 'prev_value': None, 'change': True}
2022-10-12 07:51:39,765 : INFO : EventManager : Event: ======'machine_var_audits_switches_s_trough_jam'====== Args={'value': 108, 'prev_value': None, 'change': True}
2022-10-12 07:51:39,765 : INFO : EventManager : Event: ======'machine_var_audits_switches_s_upper_drop'====== Args={'value': 0, 'prev_value': None, 'change': True}
2022-10-12 07:51:39,765 : INFO : EventManager : Event: ======'machine_var_audits_switches_s_upper_rollover'====== Args={'value': 10, 'prev_value': None, 'change': True}
2022-10-12 07:51:39,765 : INFO : EventManager : Event: ======'machine_var_audits_switches_s_upper_stationary'====== Args={'value': 12, 'prev_value': None, 'change': True}
2022-10-12 07:51:39,766 : INFO : EventManager : Event: ======'machine_var_audits_switches_s_vuk_back'====== Args={'value': 1, 'prev_value': None, 'change': True}
2022-10-12 07:51:39,766 : INFO : EventManager : Event: ======'machine_var_audits_switches_s_vuk_right'====== Args={'value': 3, 'prev_value': None, 'change': True}
2022-10-12 07:51:39,766 : INFO : EventManager : Event: ======'machine_var_audits_switches_s_vuk_top'====== Args={'value': 29, 'prev_value': None, 'change': True}
2022-10-12 07:51:39,767 : INFO : EventManager : Event: ======'init_phase_5'====== Args={}
2022-10-12 07:51:39,819 : INFO : EventManager : Event: ======'init_done'====== Args={}
2022-10-12 07:51:39,819 : INFO : EventManager : Event: ======'machine_reset_phase_1'====== Args={}
2022-10-12 07:51:39,820 : INFO : EventManager : Event: ======'machine_reset_phase_2'====== Args={}
2022-10-12 07:51:39,821 : INFO : EventManager : Event: ======'machine_reset_phase_3'====== Args={}
2022-10-12 07:51:39,821 : INFO : EventManager : Event: ======'mode_tilt_will_start'====== Args={'queue': <QueuedEvent>}
2022-10-12 07:51:39,822 : INFO : EventManager : Event: ======'mode_tilt_starting'====== Args={'queue': <QueuedEvent>}
2022-10-12 07:51:39,822 : INFO : drop_target_bank.mid : All targets are already up. Will not reset bank.
2022-10-12 07:51:39,822 : INFO : drop_target_bank.right : All targets are already up. Will not reset bank.
2022-10-12 07:51:39,823 : INFO : Mode.tilt : Started. Priority: 1000000
2022-10-12 07:51:39,823 : INFO : EventManager : Event: ======'modes_active_modes_changed'====== Args={}
2022-10-12 07:51:39,823 : INFO : EventManager : Event: ======'mode_tilt_started'====== Args={'queue': <QueuedEvent>}
2022-10-12 07:51:39,823 : INFO : EventManager : Event: ======'reset_complete'====== Args={}
2022-10-12 07:51:39,824 : INFO : EventManager : Event: ======'mode_attract_will_start'====== Args={}
2022-10-12 07:51:39,824 : INFO : EventManager : Event: ======'mode_attract_starting'====== Args={}
2022-10-12 07:51:39,824 : INFO : Mode.attract : Started. Priority: 10
2022-10-12 07:51:39,824 : INFO : EventManager : Event: ======'modes_active_modes_changed'====== Args={}
2022-10-12 07:51:39,824 : INFO : EventManager : Event: ======'mode_attract_started'====== Args={}
2022-10-12 07:51:39,825 : INFO : EventManager : Event: ======'collecting_balls_complete'====== Args={}
2022-10-12 07:51:39,854 : INFO : Machine : Starting the main run loop.
2022-10-12 07:51:39,870 : INFO : BcpServer : New client connected.
2022-10-12 07:51:42,144 : INFO : SwitchController : <<<<<<< 's_left_flipper' active >>>>>>>
2022-10-12 07:51:42,176 : INFO : SwitchController : <<<<<<< 's_eos_left_top' active >>>>>>>
2022-10-12 07:51:42,319 : INFO : SwitchController : <<<<<<< 's_left_flipper' inactive >>>>>>>
2022-10-12 07:51:42,415 : INFO : SwitchController : <<<<<<< 's_eos_left_top' inactive >>>>>>>
2022-10-12 07:51:42,526 : INFO : SwitchController : <<<<<<< 's_left_flipper' active >>>>>>>
2022-10-12 07:51:42,546 : INFO : SwitchController : <<<<<<< 's_eos_left_top' active >>>>>>>
2022-10-12 07:51:42,560 : INFO : SwitchController : <<<<<<< 's_left_flipper' inactive >>>>>>>
2022-10-12 07:51:42,669 : INFO : SwitchController : <<<<<<< 's_eos_left_top' inactive >>>>>>>
2022-10-12 07:51:43,840 : INFO : SwitchController : <<<<<<< 's_right_flipper' active >>>>>>>
2022-10-12 07:51:44,040 : INFO : SwitchController : <<<<<<< 's_right_flipper' inactive >>>>>>>
2022-10-12 07:51:44,198 : INFO : SwitchController : <<<<<<< 's_right_flipper' active >>>>>>>
2022-10-12 07:51:44,767 : INFO : SwitchController : <<<<<<< 's_left_flipper' active >>>>>>>
2022-10-12 07:51:44,767 : INFO : EventManager : Event: ======'flipper_cancel'====== Args={'triggering_group': 1, 'triggering_switch': 's_left_flipper'}
2022-10-12 07:51:44,783 : INFO : SwitchController : <<<<<<< 's_eos_left_top' active >>>>>>>
2022-10-12 07:51:45,196 : INFO : SwitchController : <<<<<<< 's_left_flipper' inactive >>>>>>>
2022-10-12 07:51:45,196 : INFO : EventManager : Event: ======'both_flippers_one'====== Args={'triggering_group': 1, 'triggering_switch': 's_left_flipper'}
2022-10-12 07:51:45,291 : INFO : SwitchController : <<<<<<< 's_eos_left_top' inactive >>>>>>>
2022-10-12 07:51:45,510 : INFO : SwitchController : <<<<<<< 's_right_flipper' inactive >>>>>>>
2022-10-12 07:51:45,510 : INFO : EventManager : Event: ======'both_flippers_inactive'====== Args={'triggering_group': 2, 'triggering_switch': 's_right_flipper'}
2022-10-12 07:51:46,016 : INFO : SwitchController : <<<<<<< 's_left_flipper' active >>>>>>>
2022-10-12 07:51:46,048 : INFO : SwitchController : <<<<<<< 's_eos_left_top' active >>>>>>>
2022-10-12 07:51:46,349 : INFO : SwitchController : <<<<<<< 's_right_flipper' active >>>>>>>
2022-10-12 07:51:46,350 : INFO : EventManager : Event: ======'flipper_cancel'====== Args={'triggering_group': 2, 'triggering_switch': 's_right_flipper'}
2022-10-12 07:51:46,506 : INFO : SwitchController : <<<<<<< 's_right_flipper' inactive >>>>>>>
2022-10-12 07:51:46,506 : INFO : EventManager : Event: ======'both_flippers_one'====== Args={'triggering_group': 2, 'triggering_switch': 's_right_flipper'}
2022-10-12 07:51:46,774 : INFO : SwitchController : <<<<<<< 's_left_flipper' inactive >>>>>>>
2022-10-12 07:51:46,774 : INFO : EventManager : Event: ======'both_flippers_inactive'====== Args={'triggering_group': 1, 'triggering_switch': 's_left_flipper'}
2022-10-12 07:51:46,869 : INFO : SwitchController : <<<<<<< 's_eos_left_top' inactive >>>>>>>
2022-10-12 07:51:46,933 : INFO : SwitchController : <<<<<<< 's_left_flipper' active >>>>>>>
2022-10-12 07:51:46,953 : INFO : SwitchController : <<<<<<< 's_eos_left_top' active >>>>>>>
2022-10-12 07:51:47,155 : INFO : SwitchController : <<<<<<< 's_left_flipper' inactive >>>>>>>
2022-10-12 07:51:47,248 : INFO : SwitchController : <<<<<<< 's_eos_left_top' inactive >>>>>>>
2022-10-12 07:51:47,342 : INFO : SwitchController : <<<<<<< 's_left_flipper' active >>>>>>>
2022-10-12 07:51:47,373 : INFO : SwitchController : <<<<<<< 's_eos_left_top' active >>>>>>>
2022-10-12 07:51:47,626 : INFO : SwitchController : <<<<<<< 's_right_flipper' active >>>>>>>
2022-10-12 07:51:47,626 : INFO : EventManager : Event: ======'flipper_cancel'====== Args={'triggering_group': 2, 'triggering_switch': 's_right_flipper'}
2022-10-12 07:51:47,837 : INFO : SwitchController : <<<<<<< 's_right_flipper' inactive >>>>>>>
2022-10-12 07:51:47,837 : INFO : EventManager : Event: ======'both_flippers_one'====== Args={'triggering_group': 2, 'triggering_switch': 's_right_flipper'}
2022-10-12 07:51:48,036 : INFO : SwitchController : <<<<<<< 's_left_flipper' inactive >>>>>>>
2022-10-12 07:51:48,036 : INFO : EventManager : Event: ======'both_flippers_inactive'====== Args={'triggering_group': 1, 'triggering_switch': 's_left_flipper'}
2022-10-12 07:51:48,147 : INFO : SwitchController : <<<<<<< 's_eos_left_top' inactive >>>>>>>
2022-10-12 07:51:50,498 : INFO : SwitchController : <<<<<<< 's_right_flipper' active >>>>>>>
2022-10-12 07:51:50,703 : INFO : SwitchController : <<<<<<< 's_right_flipper' inactive >>>>>>>
2022-10-12 07:51:50,876 : INFO : SwitchController : <<<<<<< 's_right_flipper' active >>>>>>>
2022-10-12 07:51:51,127 : INFO : SwitchController : <<<<<<< 's_left_flipper' active >>>>>>>
2022-10-12 07:51:51,127 : INFO : EventManager : Event: ======'flipper_cancel'====== Args={'triggering_group': 1, 'triggering_switch': 's_left_flipper'}
2022-10-12 07:51:51,143 : INFO : SwitchController : <<<<<<< 's_eos_left_top' active >>>>>>>
2022-10-12 07:51:51,391 : INFO : SwitchController : <<<<<<< 's_right_flipper' inactive >>>>>>>
2022-10-12 07:51:51,391 : INFO : EventManager : Event: ======'both_flippers_one'====== Args={'triggering_group': 2, 'triggering_switch': 's_right_flipper'}
2022-10-12 07:51:51,596 : INFO : SwitchController : <<<<<<< 's_right_flipper' active >>>>>>>
2022-10-12 07:51:51,596 : INFO : EventManager : Event: ======'flipper_cancel'====== Args={'triggering_group': 2, 'triggering_switch': 's_right_flipper'}
2022-10-12 07:51:51,803 : INFO : SwitchController : <<<<<<< 's_right_flipper' inactive >>>>>>>
2022-10-12 07:51:51,803 : INFO : EventManager : Event: ======'both_flippers_one'====== Args={'triggering_group': 2, 'triggering_switch': 's_right_flipper'}
2022-10-12 07:51:51,839 : INFO : SwitchController : <<<<<<< 's_left_flipper' inactive >>>>>>>
2022-10-12 07:51:51,839 : INFO : EventManager : Event: ======'both_flippers_inactive'====== Args={'triggering_group': 1, 'triggering_switch': 's_left_flipper'}
2022-10-12 07:51:51,930 : INFO : SwitchController : <<<<<<< 's_eos_left_top' inactive >>>>>>>
2022-10-12 07:51:51,931 : INFO : SwitchController : <<<<<<< 's_right_flipper' active >>>>>>>
2022-10-12 07:51:51,977 : INFO : SwitchController : <<<<<<< 's_left_flipper' active >>>>>>>
2022-10-12 07:51:51,977 : INFO : EventManager : Event: ======'flipper_cancel'====== Args={'triggering_group': 1, 'triggering_switch': 's_left_flipper'}
2022-10-12 07:51:52,009 : INFO : SwitchController : <<<<<<< 's_eos_left_top' active >>>>>>>
2022-10-12 07:51:52,104 : INFO : SwitchController : <<<<<<< 's_right_flipper' inactive >>>>>>>
2022-10-12 07:51:52,104 : INFO : EventManager : Event: ======'both_flippers_one'====== Args={'triggering_group': 2, 'triggering_switch': 's_right_flipper'}
2022-10-12 07:51:52,262 : INFO : SwitchController : <<<<<<< 's_left_flipper' inactive >>>>>>>
2022-10-12 07:51:52,262 : INFO : EventManager : Event: ======'both_flippers_inactive'====== Args={'triggering_group': 1, 'triggering_switch': 's_left_flipper'}
2022-10-12 07:51:52,358 : INFO : SwitchController : <<<<<<< 's_eos_left_top' inactive >>>>>>>
2022-10-12 07:51:55,775 : INFO : Machine : Shutting down...
2022-10-12 07:51:55,775 : INFO : EventManager : Event: ======'shutdown'====== Args={}
2022-10-12 07:51:55,791 : WARNING : FAST : Port RGB received more messages than were sent! Resetting!
2022-10-12 07:51:55,791 : WARNING : FAST : Port NET received more messages than were sent! Resetting!
2022-10-12 07:51:55,870 : ERROR : FAST : Stop called on serial connection com9
2022-10-12 07:51:55,870 : ERROR : FAST : Stop called on serial connection com10
2022-10-12 07:51:56,092 : INFO : root : MPF run loop ended.
