2022-10-21 17:24:18,110 : INFO : root : Loading config.
2022-10-21 17:24:18,114 : INFO : YamlMultifileConfigLoader : Machine config file #1: config.yaml
2022-10-21 17:24:18,114 : INFO : ConfigProcessor : Loading config from cache: C:\Users\Tanner\AppData\Local\Temp\a6762098cb994b55cb03a478b26022ee.mpf_cache
2022-10-21 17:24:18,184 : INFO : ConfigProcessor : Loading config from cache: C:\Users\Tanner\AppData\Local\Temp\9cf7ccc27b21f4d6162237fadfc53e5a.mpf_cache
2022-10-21 17:24:18,185 : INFO : ConfigProcessor : Loading config from cache: C:\Users\Tanner\AppData\Local\Temp\c215df352878fee5d54f1a5ec5b16e7c.mpf_cache
2022-10-21 17:24:18,186 : INFO : ConfigProcessor : Loading config from cache: C:\Users\Tanner\AppData\Local\Temp\708062243e0edcfa77dd6b1521bd0d4e.mpf_cache
2022-10-21 17:24:18,187 : INFO : ConfigProcessor : Loading config from cache: C:\Users\Tanner\AppData\Local\Temp\9cf7ccc27b21f4d6162237fadfc53e5a.mpf_cache
2022-10-21 17:24:18,188 : INFO : ConfigProcessor : Loading config from cache: C:\Users\Tanner\AppData\Local\Temp\c4174472f67f7b070dd6fb437c6feb0c.mpf_cache
2022-10-21 17:24:18,188 : INFO : ConfigProcessor : Loading config from cache: C:\Users\Tanner\AppData\Local\Temp\33b306b4bf49d065496332ee9ac2494c.mpf_cache
2022-10-21 17:24:18,190 : INFO : ConfigProcessor : Loading config from cache: C:\Users\Tanner\AppData\Local\Temp\9e6b4d5e43fd00e219ba7c739d818ad6.mpf_cache
2022-10-21 17:24:18,190 : INFO : ConfigProcessor : Loading config from cache: C:\Users\Tanner\AppData\Local\Temp\abaa92c43d134e3392cbb2346e6a16be.mpf_cache
2022-10-21 17:24:18,191 : INFO : ConfigProcessor : Loading config from cache: C:\Users\Tanner\AppData\Local\Temp\fc46d53fcb9fe6b8abf783d9c813390a.mpf_cache
2022-10-21 17:24:18,192 : INFO : ConfigProcessor : Loading config from cache: C:\Users\Tanner\AppData\Local\Temp\b46de592c65b9a27a1f4965daee53c91.mpf_cache
2022-10-21 17:24:18,192 : INFO : ConfigProcessor : Loading config from cache: C:\Users\Tanner\AppData\Local\Temp\5b50cb1d58cd4116013cda74c2923169.mpf_cache
2022-10-21 17:24:18,195 : INFO : ConfigProcessor : Loading config from cache: C:\Users\Tanner\AppData\Local\Temp\2734ac1662e5e62f2e4cb2a8d902a8f2.mpf_cache
2022-10-21 17:24:18,197 : INFO : ConfigProcessor : Loading config from cache: C:\Users\Tanner\AppData\Local\Temp\fe169133106b4804e097dca6b78afaf5.mpf_cache
2022-10-21 17:24:18,198 : INFO : ConfigProcessor : Loading config from cache: C:\Users\Tanner\AppData\Local\Temp\d4f531e94c6a484dd08e4121f6e3a74e.mpf_cache
2022-10-21 17:24:18,199 : INFO : ConfigProcessor : Loading config from cache: C:\Users\Tanner\AppData\Local\Temp\e9c431c8aa2f7ab7b37617b37185d68f.mpf_cache
2022-10-21 17:24:18,200 : INFO : ConfigProcessor : Loading config from cache: C:\Users\Tanner\AppData\Local\Temp\07112933e6abcdb1819075df64aee3c0.mpf_cache
2022-10-21 17:24:18,202 : INFO : Machine : Mission Pinball Framework Core Engine v0.55.0
2022-10-21 17:24:18,202 : INFO : Machine : Command line arguments: {'no_load_cache': False, 'create_config_cache': True, 'bcp': True, 'configfile': ['config.yaml'], 'force_assets_load': False, 'jsonlogging': False, 'logfile': 'logs\\2022-10-21-17-24-18-mpf-DESKTOP-7HNFDQ5.log', 'pause': False, 'production': False, 'text_ui': True, 'loglevel': 15, 'consoleloglevel': 20, 'force_platform': None, 'syslog_address': None, 'mc_file_name': None, 'no_sound': False}
2022-10-21 17:24:18,202 : INFO : Machine : MPF path: c:\users\tanner\appdata\local\programs\python\python37\lib\site-packages\mpf
2022-10-21 17:24:18,202 : INFO : Machine : Machine path: c:\trashland_2
2022-10-21 17:24:18,202 : INFO : Machine : Platform: win32
2022-10-21 17:24:18,202 : INFO : Machine : Python executable location: c:\users\tanner\appdata\local\programs\python\python37\python.exe
2022-10-21 17:24:18,202 : INFO : Machine : Python version: 3.7.8 (64-bit)
2022-10-21 17:24:18,203 : INFO : Machine : Initialise MPF.
2022-10-21 17:24:18,516 : INFO : FAST : Connecting to com14 at 921600bps
2022-10-21 17:24:18,636 : INFO : FAST : Connected! Processor: NET, Board Type: FP-CPU-002-2, Firmware: 01.05
2022-10-21 17:24:18,636 : INFO : EventManager : Event: ======'machine_var_fast_net_firmware'====== Args={'value': '01.05', 'prev_value': None, 'change': True}
2022-10-21 17:24:18,636 : INFO : EventManager : Event: ======'machine_var_fast_net_model'====== Args={'value': 'FP-CPU-002-2', 'prev_value': None, 'change': True}
2022-10-21 17:24:21,018 : WARNING : FAST : Got unexpected message from FAST: -N:0A
2022-10-21 17:24:21,018 : WARNING : FAST : Got unexpected message from FAST: -N:11
2022-10-21 17:24:21,018 : WARNING : FAST : Got unexpected message from FAST: -N:32
2022-10-21 17:24:21,018 : WARNING : FAST : Got unexpected message from FAST: -N:33
2022-10-21 17:24:21,018 : WARNING : FAST : Got unexpected message from FAST: -N:34
2022-10-21 17:24:21,018 : WARNING : FAST : Got unexpected message from FAST: -N:38
2022-10-21 17:24:21,018 : WARNING : FAST : Got unexpected message from FAST: -N:3D
2022-10-21 17:24:21,018 : WARNING : FAST : Got unexpected message from FAST: -N:40
2022-10-21 17:24:21,018 : WARNING : FAST : Got unexpected message from FAST: -N:41
2022-10-21 17:24:21,018 : WARNING : FAST : Got unexpected message from FAST: -N:42
2022-10-21 17:24:21,018 : WARNING : FAST : Got unexpected message from FAST: -N:43
2022-10-21 17:24:21,018 : WARNING : FAST : Got unexpected message from FAST: -N:48
2022-10-21 17:24:21,019 : WARNING : FAST : Got unexpected message from FAST: -N:5D
2022-10-21 17:24:21,129 : INFO : FAST : Connecting to com15 at 921600bps
2022-10-21 17:24:21,240 : INFO : FAST : Connected! Processor: RGB, Board Type: FP-CPU-002-2, Firmware: 00.87
2022-10-21 17:24:21,240 : INFO : EventManager : Event: ======'machine_var_fast_rgb_firmware'====== Args={'value': '00.87', 'prev_value': None, 'change': True}
2022-10-21 17:24:21,240 : INFO : EventManager : Event: ======'machine_var_fast_rgb_model'====== Args={'value': 'FP-CPU-002-2', 'prev_value': None, 'change': True}
2022-10-21 17:24:21,241 : INFO : EventManager : Event: ======'machine_var_credits_string'====== Args={'value': 'FREE PLAY', 'prev_value': None, 'change': True}
2022-10-21 17:24:21,285 : INFO : EventManager : Event: ======'machine_var_master_volume'====== Args={'value': 0.5, 'prev_value': None, 'change': True}
2022-10-21 17:24:21,285 : INFO : EventManager : Event: ======'machine_var_player1_score'====== Args={'value': 4370, 'prev_value': None, 'change': True}
2022-10-21 17:24:21,286 : INFO : EventManager : Event: ======'machine_var_player2_score'====== Args={'value': 2080, 'prev_value': None, 'change': True}
2022-10-21 17:24:21,286 : INFO : EventManager : Event: ======'machine_var_mpf_version'====== Args={'value': 'MPF v0.55.0', 'prev_value': None, 'change': True}
2022-10-21 17:24:21,286 : INFO : EventManager : Event: ======'machine_var_mpf_extended_version'====== Args={'value': 'MPF v0.55.0, Config version:5, Show version: 5, BCP version:1.1', 'prev_value': None, 'change': True}
2022-10-21 17:24:21,286 : INFO : EventManager : Event: ======'machine_var_python_version'====== Args={'value': '3.7.8', 'prev_value': None, 'change': True}
2022-10-21 17:24:21,286 : INFO : EventManager : Event: ======'machine_var_platform'====== Args={'value': 'Windows-10-10.0.19041-SP0', 'prev_value': None, 'change': True}
2022-10-21 17:24:21,286 : INFO : EventManager : Event: ======'machine_var_platform_system'====== Args={'value': 'Windows', 'prev_value': None, 'change': True}
2022-10-21 17:24:21,286 : INFO : EventManager : Event: ======'machine_var_platform_release'====== Args={'value': '10', 'prev_value': None, 'change': True}
2022-10-21 17:24:21,286 : INFO : EventManager : Event: ======'machine_var_platform_version'====== Args={'value': '10.0.19041', 'prev_value': None, 'change': True}
2022-10-21 17:24:21,286 : INFO : EventManager : Event: ======'machine_var_platform_machine'====== Args={'value': 'AMD64', 'prev_value': None, 'change': True}
2022-10-21 17:24:21,286 : INFO : EventManager : Event: ======'init_phase_1'====== Args={}
2022-10-21 17:24:21,333 : INFO : EventManager : Event: ======'drop_target_bank_single_upper_up'====== Args={}
2022-10-21 17:24:21,334 : INFO : EventManager : Event: ======'drop_target_bank_mid_up'====== Args={}
2022-10-21 17:24:21,334 : INFO : EventManager : Event: ======'drop_target_bank_right_up'====== Args={}
2022-10-21 17:24:21,347 : INFO : EventManager : Event: ======'init_phase_2'====== Args={}
2022-10-21 17:24:21,348 : INFO : SwitchController : Found active switch: (('0A', 1), <Platform.FAST>) <switch.s_drop_upper>
2022-10-21 17:24:21,348 : INFO : SwitchController : Found active switch: (('0F', 1), <Platform.FAST>) <switch.s_left_return>
2022-10-21 17:24:21,348 : INFO : SwitchController : Found active switch: (('32', 1), <Platform.FAST>) <switch.s_drop_single>
2022-10-21 17:24:21,348 : INFO : SwitchController : Found active switch: (('44', 1), <Platform.FAST>) <switch.s_trough_2>
2022-10-21 17:24:21,348 : INFO : SwitchController : Found active switch: (('49', 1), <Platform.FAST>) <switch.s_trough_jam>
2022-10-21 17:24:21,348 : INFO : SwitchController : Found active switch: (('3B', 1), <Platform.FAST>) <switch.s_eos_left>
2022-10-21 17:24:21,355 : INFO : EventManager : Event: ======'bcp_connection_attempt'====== Args={'name': 'local_display', 'host': 'localhost', 'port': 5050}
2022-10-21 17:24:21,356 : INFO : BCPClientSocket : Connecting BCP to 'local_display' at localhost:5050...
2022-10-21 17:24:22,383 : WARNING : FAST : Port com14 was blocked for more than 1s. Reseting send queue! If this happens frequently report a bug!
2022-10-21 17:24:22,384 : WARNING : FAST : Port com15 was blocked for more than 1s. Reseting send queue! If this happens frequently report a bug!
2022-10-21 17:24:23,394 : WARNING : FAST : Port com14 was blocked for more than 1s. Reseting send queue! If this happens frequently report a bug!
2022-10-21 17:24:23,411 : INFO : BCPClientSocket : Connected BCP to 'local_display' localhost:5050
2022-10-21 17:24:23,411 : INFO : EventManager : Event: ======'bcp_clients_connected'====== Args={}
2022-10-21 17:24:23,419 : INFO : ball_device.bd_trough : BCH: Initial count: 2
2022-10-21 17:24:23,420 : INFO : EventManager : Event: ======'machine_var_mc_version'====== Args={'value': 'MPF-MC v0.55.0', 'prev_value': None, 'change': True}
2022-10-21 17:24:23,420 : INFO : EventManager : Event: ======'machine_var_mc_extended_version'====== Args={'value': 'MPF-MC v0.55.0 (config_version=5, BCP v1.1, Requires MPF v0.55.0-dev.49)', 'prev_value': None, 'change': True}
2022-10-21 17:24:23,422 : INFO : ball_device.bd_trough : State: idle
2022-10-21 17:24:23,445 : INFO : ball_device.bd_plunger : BCH: Initial count: 0
2022-10-21 17:24:23,446 : INFO : ball_device.bd_plunger : State: idle
2022-10-21 17:24:23,446 : INFO : ball_device.bd_top_vuk : BCH: Initial count: 0
2022-10-21 17:24:23,446 : INFO : ball_device.bd_top_vuk : State: idle
2022-10-21 17:24:23,447 : INFO : ball_device.bd_right_vuk : BCH: Initial count: 0
2022-10-21 17:24:23,447 : INFO : ball_device.bd_right_vuk : State: idle
2022-10-21 17:24:23,447 : INFO : ball_device.bd_bot_vuk : BCH: Initial count: 0
2022-10-21 17:24:23,448 : INFO : ball_device.bd_bot_vuk : State: idle
2022-10-21 17:24:23,506 : INFO : EventManager : Event: ======'init_phase_3'====== Args={}
2022-10-21 17:24:24,087 : INFO : EventManager : Event: ======'init_phase_4'====== Args={}
2022-10-21 17:24:24,087 : INFO : EventManager : Event: ======'playfield_active'====== Args={}
2022-10-21 17:24:24,088 : INFO : EventManager : Event: ======'unexpected_ball_on_playfield'====== Args={}
2022-10-21 17:24:24,088 : INFO : EventManager : Event: ======'drop_target_d_drop_single_down'====== Args={'device': <drop_target.d_drop_single>}
2022-10-21 17:24:24,088 : INFO : EventManager : Event: ======'playfield_active'====== Args={}
2022-10-21 17:24:24,088 : INFO : EventManager : Event: ======'unexpected_ball_on_playfield'====== Args={}
2022-10-21 17:24:24,088 : INFO : EventManager : Event: ======'drop_target_d_drop_upper_down'====== Args={'device': <drop_target.d_drop_upper>}
2022-10-21 17:24:24,088 : INFO : EventManager : Event: ======'drop_target_bank_single_upper_down'====== Args={}
2022-10-21 17:24:24,088 : INFO : EventManager : Event: ======'playfield_active'====== Args={}
2022-10-21 17:24:24,088 : INFO : EventManager : Event: ======'unexpected_ball_on_playfield'====== Args={}
2022-10-21 17:24:24,088 : INFO : EventManager : Event: ======'playfield_active'====== Args={}
2022-10-21 17:24:24,088 : INFO : EventManager : Event: ======'unexpected_ball_on_playfield'====== Args={}
2022-10-21 17:24:24,088 : INFO : EventManager : Event: ======'playfield_active'====== Args={}
2022-10-21 17:24:24,088 : INFO : EventManager : Event: ======'unexpected_ball_on_playfield'====== Args={}
2022-10-21 17:24:24,088 : INFO : EventManager : Event: ======'playfield_active'====== Args={}
2022-10-21 17:24:24,088 : INFO : EventManager : Event: ======'unexpected_ball_on_playfield'====== Args={}
2022-10-21 17:24:24,088 : INFO : EventManager : Event: ======'playfield_active'====== Args={}
2022-10-21 17:24:24,088 : INFO : EventManager : Event: ======'unexpected_ball_on_playfield'====== Args={}
2022-10-21 17:24:24,089 : INFO : BallController : Initial balls found: 2
2022-10-21 17:24:24,091 : INFO : EventManager : Event: ======'machine_var_audits_events_game_ended'====== Args={'value': 0, 'prev_value': None, 'change': True}
2022-10-21 17:24:24,091 : INFO : EventManager : Event: ======'machine_var_audits_events_game_started'====== Args={'value': 0, 'prev_value': None, 'change': True}
2022-10-21 17:24:24,091 : INFO : EventManager : Event: ======'machine_var_audits_player_score'====== Args={'value': {'average': 3739.9999999999986, 'top': [25700, 18620, 17680, 14760, 11850, 11660, 10540, 10140, 10000, 9260], 'total': 89}, 'prev_value': None, 'change': True}
2022-10-21 17:24:24,091 : INFO : EventManager : Event: ======'machine_var_audits_shots_left_inlane'====== Args={'value': 61, 'prev_value': None, 'change': True}
2022-10-21 17:24:24,092 : INFO : EventManager : Event: ======'machine_var_audits_shots_left_outlane'====== Args={'value': 13, 'prev_value': None, 'change': True}
2022-10-21 17:24:24,092 : INFO : EventManager : Event: ======'machine_var_audits_shots_left_pop'====== Args={'value': 402, 'prev_value': None, 'change': True}
2022-10-21 17:24:24,092 : INFO : EventManager : Event: ======'machine_var_audits_shots_left_return'====== Args={'value': 12, 'prev_value': None, 'change': True}
2022-10-21 17:24:24,092 : INFO : EventManager : Event: ======'machine_var_audits_shots_lower_pop'====== Args={'value': 441, 'prev_value': None, 'change': True}
2022-10-21 17:24:24,093 : INFO : EventManager : Event: ======'machine_var_audits_shots_r_left_inlane'====== Args={'value': 44, 'prev_value': None, 'change': True}
2022-10-21 17:24:24,093 : INFO : EventManager : Event: ======'machine_var_audits_shots_r_left_outlane'====== Args={'value': 10, 'prev_value': None, 'change': True}
2022-10-21 17:24:24,093 : INFO : EventManager : Event: ======'machine_var_audits_shots_r_right_inlane'====== Args={'value': 395, 'prev_value': None, 'change': True}
2022-10-21 17:24:24,093 : INFO : EventManager : Event: ======'machine_var_audits_shots_r_right_outlane'====== Args={'value': 18, 'prev_value': None, 'change': True}
2022-10-21 17:24:24,094 : INFO : EventManager : Event: ======'machine_var_audits_shots_right_inlane'====== Args={'value': 395, 'prev_value': None, 'change': True}
2022-10-21 17:24:24,094 : INFO : EventManager : Event: ======'machine_var_audits_shots_right_outlane'====== Args={'value': 144, 'prev_value': None, 'change': True}
2022-10-21 17:24:24,094 : INFO : EventManager : Event: ======'machine_var_audits_shots_right_pop'====== Args={'value': 350, 'prev_value': None, 'change': True}
2022-10-21 17:24:24,094 : INFO : EventManager : Event: ======'machine_var_audits_shots_scoop'====== Args={'value': 180, 'prev_value': None, 'change': True}
2022-10-21 17:24:24,095 : INFO : EventManager : Event: ======'machine_var_audits_shots_single_drop_shot'====== Args={'value': 15, 'prev_value': None, 'change': True}
2022-10-21 17:24:24,095 : INFO : EventManager : Event: ======'machine_var_audits_switches_s_autolauncher'====== Args={'value': 447, 'prev_value': None, 'change': True}
2022-10-21 17:24:24,095 : INFO : EventManager : Event: ======'machine_var_audits_switches_s_back_pop'====== Args={'value': 49, 'prev_value': None, 'change': True}
2022-10-21 17:24:24,095 : INFO : EventManager : Event: ======'machine_var_audits_switches_s_back_rollover'====== Args={'value': 4, 'prev_value': None, 'change': True}
2022-10-21 17:24:24,096 : INFO : EventManager : Event: ======'machine_var_audits_switches_s_back_stationary'====== Args={'value': 4, 'prev_value': None, 'change': True}
2022-10-21 17:24:24,096 : INFO : EventManager : Event: ======'machine_var_audits_switches_s_bot_back'====== Args={'value': 1, 'prev_value': None, 'change': True}
2022-10-21 17:24:24,096 : INFO : EventManager : Event: ======'machine_var_audits_switches_s_bot_big'====== Args={'value': 15, 'prev_value': None, 'change': True}
2022-10-21 17:24:24,096 : INFO : EventManager : Event: ======'machine_var_audits_switches_s_bot_left'====== Args={'value': 0, 'prev_value': None, 'change': True}
2022-10-21 17:24:24,097 : INFO : EventManager : Event: ======'machine_var_audits_switches_s_bot_right'====== Args={'value': 1, 'prev_value': None, 'change': True}
2022-10-21 17:24:24,097 : INFO : EventManager : Event: ======'machine_var_audits_switches_s_bot_rollover'====== Args={'value': 1, 'prev_value': None, 'change': True}
2022-10-21 17:24:24,097 : INFO : EventManager : Event: ======'machine_var_audits_switches_s_bot_vuk'====== Args={'value': 59, 'prev_value': None, 'change': True}
2022-10-21 17:24:24,098 : INFO : EventManager : Event: ======'machine_var_audits_switches_s_drop_mid_left'====== Args={'value': 224, 'prev_value': None, 'change': True}
2022-10-21 17:24:24,098 : INFO : EventManager : Event: ======'machine_var_audits_switches_s_drop_mid_mid'====== Args={'value': 276, 'prev_value': None, 'change': True}
2022-10-21 17:24:24,098 : INFO : EventManager : Event: ======'machine_var_audits_switches_s_drop_mid_right'====== Args={'value': 139, 'prev_value': None, 'change': True}
2022-10-21 17:24:24,098 : INFO : EventManager : Event: ======'machine_var_audits_switches_s_drop_right_left'====== Args={'value': 59, 'prev_value': None, 'change': True}
2022-10-21 17:24:24,099 : INFO : EventManager : Event: ======'machine_var_audits_switches_s_drop_right_right'====== Args={'value': 98, 'prev_value': None, 'change': True}
2022-10-21 17:24:24,099 : INFO : EventManager : Event: ======'machine_var_audits_switches_s_drop_single'====== Args={'value': 65, 'prev_value': None, 'change': True}
2022-10-21 17:24:24,099 : INFO : EventManager : Event: ======'machine_var_audits_switches_s_drop_upper'====== Args={'value': 0, 'prev_value': None, 'change': True}
2022-10-21 17:24:24,100 : INFO : EventManager : Event: ======'machine_var_audits_switches_s_eos_left'====== Args={'value': 305, 'prev_value': None, 'change': True}
2022-10-21 17:24:24,100 : INFO : EventManager : Event: ======'machine_var_audits_switches_s_eos_left_top'====== Args={'value': 3189, 'prev_value': None, 'change': True}
2022-10-21 17:24:24,100 : INFO : EventManager : Event: ======'machine_var_audits_switches_s_eos_right'====== Args={'value': 5080, 'prev_value': None, 'change': True}
2022-10-21 17:24:24,101 : INFO : EventManager : Event: ======'machine_var_audits_switches_s_launch'====== Args={'value': 529, 'prev_value': None, 'change': True}
2022-10-21 17:24:24,101 : INFO : EventManager : Event: ======'machine_var_audits_switches_s_left_flipper'====== Args={'value': 3437, 'prev_value': None, 'change': True}
2022-10-21 17:24:24,101 : INFO : EventManager : Event: ======'machine_var_audits_switches_s_left_inlane'====== Args={'value': 95, 'prev_value': None, 'change': True}
2022-10-21 17:24:24,102 : INFO : EventManager : Event: ======'machine_var_audits_switches_s_left_orbit_prox'====== Args={'value': 87, 'prev_value': None, 'change': True}
2022-10-21 17:24:24,102 : INFO : EventManager : Event: ======'machine_var_audits_switches_s_left_outlane'====== Args={'value': 20, 'prev_value': None, 'change': True}
2022-10-21 17:24:24,102 : INFO : EventManager : Event: ======'machine_var_audits_switches_s_left_return'====== Args={'value': 12, 'prev_value': None, 'change': True}
2022-10-21 17:24:24,103 : INFO : EventManager : Event: ======'machine_var_audits_switches_s_pop_left'====== Args={'value': 594, 'prev_value': None, 'change': True}
2022-10-21 17:24:24,103 : INFO : EventManager : Event: ======'machine_var_audits_switches_s_pop_lower'====== Args={'value': 723, 'prev_value': None, 'change': True}
2022-10-21 17:24:24,103 : INFO : EventManager : Event: ======'machine_var_audits_switches_s_pop_right'====== Args={'value': 698, 'prev_value': None, 'change': True}
2022-10-21 17:24:24,104 : INFO : EventManager : Event: ======'machine_var_audits_switches_s_right_flipper'====== Args={'value': 4276, 'prev_value': None, 'change': True}
2022-10-21 17:24:24,104 : INFO : EventManager : Event: ======'machine_var_audits_switches_s_right_inlane'====== Args={'value': 417, 'prev_value': None, 'change': True}
2022-10-21 17:24:24,104 : INFO : EventManager : Event: ======'machine_var_audits_switches_s_right_outlane'====== Args={'value': 238, 'prev_value': None, 'change': True}
2022-10-21 17:24:24,105 : INFO : EventManager : Event: ======'machine_var_audits_switches_s_rollover_left'====== Args={'value': 153, 'prev_value': None, 'change': True}
2022-10-21 17:24:24,105 : INFO : EventManager : Event: ======'machine_var_audits_switches_s_rollover_right'====== Args={'value': 146, 'prev_value': None, 'change': True}
2022-10-21 17:24:24,105 : INFO : EventManager : Event: ======'machine_var_audits_switches_s_sling_left'====== Args={'value': 122, 'prev_value': None, 'change': True}
2022-10-21 17:24:24,106 : INFO : EventManager : Event: ======'machine_var_audits_switches_s_sling_right'====== Args={'value': 320, 'prev_value': None, 'change': True}
2022-10-21 17:24:24,106 : INFO : EventManager : Event: ======'machine_var_audits_switches_s_start'====== Args={'value': 209, 'prev_value': None, 'change': True}
2022-10-21 17:24:24,106 : INFO : EventManager : Event: ======'machine_var_audits_switches_s_tilt'====== Args={'value': 1060, 'prev_value': None, 'change': True}
2022-10-21 17:24:24,107 : INFO : EventManager : Event: ======'machine_var_audits_switches_s_transfer_rollover'====== Args={'value': 4, 'prev_value': None, 'change': True}
2022-10-21 17:24:24,107 : INFO : EventManager : Event: ======'machine_var_audits_switches_s_trough_1'====== Args={'value': 456, 'prev_value': None, 'change': True}
2022-10-21 17:24:24,107 : INFO : EventManager : Event: ======'machine_var_audits_switches_s_trough_2'====== Args={'value': 580, 'prev_value': None, 'change': True}
2022-10-21 17:24:24,108 : INFO : EventManager : Event: ======'machine_var_audits_switches_s_trough_3'====== Args={'value': 432, 'prev_value': None, 'change': True}
2022-10-21 17:24:24,108 : INFO : EventManager : Event: ======'machine_var_audits_switches_s_trough_4'====== Args={'value': 427, 'prev_value': None, 'change': True}
2022-10-21 17:24:24,109 : INFO : EventManager : Event: ======'machine_var_audits_switches_s_trough_5'====== Args={'value': 415, 'prev_value': None, 'change': True}
2022-10-21 17:24:24,109 : INFO : EventManager : Event: ======'machine_var_audits_switches_s_trough_6'====== Args={'value': 492, 'prev_value': None, 'change': True}
2022-10-21 17:24:24,109 : INFO : EventManager : Event: ======'machine_var_audits_switches_s_trough_jam'====== Args={'value': 558, 'prev_value': None, 'change': True}
2022-10-21 17:24:24,110 : INFO : EventManager : Event: ======'machine_var_audits_switches_s_upper_drop'====== Args={'value': 0, 'prev_value': None, 'change': True}
2022-10-21 17:24:24,110 : INFO : EventManager : Event: ======'machine_var_audits_switches_s_upper_rollover'====== Args={'value': 28, 'prev_value': None, 'change': True}
2022-10-21 17:24:24,110 : INFO : EventManager : Event: ======'machine_var_audits_switches_s_upper_stationary'====== Args={'value': 16, 'prev_value': None, 'change': True}
2022-10-21 17:24:24,111 : INFO : EventManager : Event: ======'machine_var_audits_switches_s_vuk_back'====== Args={'value': 1, 'prev_value': None, 'change': True}
2022-10-21 17:24:24,111 : INFO : EventManager : Event: ======'machine_var_audits_switches_s_vuk_right'====== Args={'value': 192, 'prev_value': None, 'change': True}
2022-10-21 17:24:24,112 : INFO : EventManager : Event: ======'machine_var_audits_switches_s_vuk_top'====== Args={'value': 978, 'prev_value': None, 'change': True}
2022-10-21 17:24:24,112 : INFO : EventManager : Event: ======'init_phase_5'====== Args={}
2022-10-21 17:24:24,124 : INFO : EventManager : Event: ======'init_done'====== Args={}
2022-10-21 17:24:24,124 : WARNING : FAST : Port RGB received more messages than were sent! Resetting!
2022-10-21 17:24:24,124 : WARNING : FAST : Port RGB received more messages than were sent! Resetting!
2022-10-21 17:24:24,124 : WARNING : FAST : Port RGB received more messages than were sent! Resetting!
2022-10-21 17:24:24,124 : WARNING : FAST : Port RGB received more messages than were sent! Resetting!
2022-10-21 17:24:24,124 : WARNING : FAST : Port NET received more messages than were sent! Resetting!
2022-10-21 17:24:24,124 : WARNING : FAST : Port NET received more messages than were sent! Resetting!
2022-10-21 17:24:24,124 : WARNING : FAST : Port NET received more messages than were sent! Resetting!
2022-10-21 17:24:24,125 : WARNING : FAST : Port NET received more messages than were sent! Resetting!
2022-10-21 17:24:24,125 : WARNING : FAST : Port NET received more messages than were sent! Resetting!
2022-10-21 17:24:24,125 : WARNING : FAST : Port NET received more messages than were sent! Resetting!
2022-10-21 17:24:24,125 : WARNING : FAST : Port NET received more messages than were sent! Resetting!
2022-10-21 17:24:24,125 : WARNING : FAST : Port NET received more messages than were sent! Resetting!
2022-10-21 17:24:24,125 : WARNING : FAST : Port NET received more messages than were sent! Resetting!
2022-10-21 17:24:24,125 : WARNING : FAST : Port NET received more messages than were sent! Resetting!
2022-10-21 17:24:24,125 : WARNING : FAST : Port NET received more messages than were sent! Resetting!
2022-10-21 17:24:24,125 : WARNING : FAST : Port NET received more messages than were sent! Resetting!
2022-10-21 17:24:24,125 : WARNING : FAST : Port NET received more messages than were sent! Resetting!
2022-10-21 17:24:24,125 : WARNING : FAST : Port NET received more messages than were sent! Resetting!
2022-10-21 17:24:24,125 : WARNING : FAST : Port NET received more messages than were sent! Resetting!
2022-10-21 17:24:24,125 : WARNING : FAST : Port NET received more messages than were sent! Resetting!
2022-10-21 17:24:24,125 : WARNING : FAST : Port NET received more messages than were sent! Resetting!
2022-10-21 17:24:24,125 : WARNING : FAST : Port NET received more messages than were sent! Resetting!
2022-10-21 17:24:24,125 : WARNING : FAST : Port NET received more messages than were sent! Resetting!
2022-10-21 17:24:24,125 : WARNING : FAST : Port NET received more messages than were sent! Resetting!
2022-10-21 17:24:24,125 : WARNING : FAST : Port NET received more messages than were sent! Resetting!
2022-10-21 17:24:24,125 : WARNING : FAST : Port NET received more messages than were sent! Resetting!
2022-10-21 17:24:24,126 : INFO : EventManager : Event: ======'machine_reset_phase_1'====== Args={}
2022-10-21 17:24:24,127 : INFO : EventManager : Event: ======'slide_welcome_slide_removed'====== Args={'_from_bcp': True}
2022-10-21 17:24:24,129 : INFO : EventManager : Event: ======'slide_welcome_slide_created'====== Args={'_from_bcp': True}
2022-10-21 17:24:24,130 : INFO : EventManager : Event: ======'machine_reset_phase_2'====== Args={}
2022-10-21 17:24:24,130 : INFO : EventManager : Event: ======'machine_reset_phase_3'====== Args={}
2022-10-21 17:24:24,130 : INFO : EventManager : Event: ======'mode_tilt_will_start'====== Args={'queue': <QueuedEvent>}
2022-10-21 17:24:24,131 : INFO : EventManager : Event: ======'mode_tilt_starting'====== Args={'queue': <QueuedEvent>}
2022-10-21 17:24:24,131 : INFO : Mode.tilt : Started. Priority: 1000000
2022-10-21 17:24:24,131 : INFO : EventManager : Event: ======'modes_active_modes_changed'====== Args={}
2022-10-21 17:24:24,131 : INFO : EventManager : Event: ======'mode_tilt_started'====== Args={'queue': <QueuedEvent>}
2022-10-21 17:24:24,131 : INFO : EventManager : Event: ======'reset_complete'====== Args={}
2022-10-21 17:24:24,132 : INFO : EventManager : Event: ======'mode_attract_will_start'====== Args={}
2022-10-21 17:24:24,132 : INFO : EventManager : Event: ======'mode_attract_starting'====== Args={}
2022-10-21 17:24:24,132 : INFO : Mode.attract : Started. Priority: 10
2022-10-21 17:24:24,132 : INFO : EventManager : Event: ======'modes_active_modes_changed'====== Args={}
2022-10-21 17:24:24,132 : INFO : EventManager : Event: ======'mode_attract_started'====== Args={}
2022-10-21 17:24:24,133 : INFO : EventManager : Event: ======'collecting_balls_complete'====== Args={}
2022-10-21 17:24:24,133 : INFO : EventManager : Event: ======'slide_welcome_slide_active'====== Args={'_from_bcp': True}
2022-10-21 17:24:24,165 : INFO : EventManager : Event: ======'slide_press_start_created'====== Args={'_from_bcp': True}
2022-10-21 17:24:24,165 : INFO : EventManager : Event: ======'slide_press_start_active'====== Args={'_from_bcp': True}
2022-10-21 17:24:24,166 : INFO : Machine : Starting the main run loop.
2022-10-21 17:24:27,153 : INFO : EventManager : Event: ======'slide_mission_pinball_created'====== Args={'_from_bcp': True}
2022-10-21 17:24:27,154 : INFO : EventManager : Event: ======'slide_mission_pinball_active'====== Args={'_from_bcp': True}
2022-10-21 17:24:27,779 : INFO : SwitchController : <<<<<<< 's_start' active >>>>>>>
2022-10-21 17:24:28,035 : INFO : SwitchController : <<<<<<< 's_start' inactive >>>>>>>
2022-10-21 17:24:28,035 : INFO : EventManager : Event: ======'request_to_start_game'====== Args={}
2022-10-21 17:24:28,036 : INFO : EventManager : Event: ======'game_start'====== Args={'buttons': [], 'hold_time': 0.25}
2022-10-21 17:24:28,036 : INFO : EventManager : Event: ======'mode_game_will_start'====== Args={'buttons': [], 'hold_time': 0.25}
2022-10-21 17:24:28,036 : INFO : EventManager : Event: ======'mode_game_starting'====== Args={'buttons': [], 'hold_time': 0.25}
2022-10-21 17:24:28,036 : INFO : EventManager : Event: ======'mode_attract_will_stop'====== Args={}
2022-10-21 17:24:28,036 : INFO : EventManager : Event: ======'mode_attract_stopping'====== Args={}
2022-10-21 17:24:28,037 : INFO : Mode.attract : Stopped.
2022-10-21 17:24:28,037 : INFO : EventManager : Event: ======'modes_active_modes_changed'====== Args={}
2022-10-21 17:24:28,038 : INFO : EventManager : Event: ======'mode_attract_stopped'====== Args={}
2022-10-21 17:24:28,038 : INFO : EventManager : Event: ======'clear'====== Args={'key': 'attract'}
2022-10-21 17:24:28,038 : INFO : Mode.game : Started. Priority: 20
2022-10-21 17:24:28,038 : INFO : EventManager : Event: ======'modes_active_modes_changed'====== Args={}
2022-10-21 17:24:28,038 : INFO : EventManager : Event: ======'mode_game_started'====== Args={'buttons': [], 'hold_time': 0.25}
2022-10-21 17:24:28,043 : INFO : EventManager : Event: ======'game_will_start'====== Args={}
2022-10-21 17:24:28,044 : INFO : EventManager : Event: ======'game_starting'====== Args={'game': <Mode.game>}
2022-10-21 17:24:28,045 : INFO : EventManager : Event: ======'player_add_request'====== Args={}
2022-10-21 17:24:28,045 : INFO : EventManager : Event: ======'player_will_add'====== Args={'number': 1}
2022-10-21 17:24:28,045 : INFO : EventManager : Event: ======'player_adding'====== Args={'player': <Player 1>, 'number': 1}
2022-10-21 17:24:28,045 : INFO : EventManager : Event: ======'player_added'====== Args={'player': <Player 1>, 'num': 1}
2022-10-21 17:24:28,045 : INFO : Mode.game : Player added successfully. Total players: 1
2022-10-21 17:24:28,045 : INFO : EventManager : Event: ======'player_index'====== Args={'value': 0, 'prev_value': 0, 'change': 0, 'player_num': 1}
2022-10-21 17:24:28,046 : INFO : EventManager : Event: ======'player_number'====== Args={'value': 1, 'prev_value': 1, 'change': 0, 'player_num': 1}
2022-10-21 17:24:28,046 : INFO : EventManager : Event: ======'player_score'====== Args={'value': 0, 'prev_value': 0, 'change': 0, 'player_num': 1}
2022-10-21 17:24:28,046 : INFO : EventManager : Event: ======'game_started'====== Args={}
2022-10-21 17:24:28,062 : INFO : EventManager : Event: ======'player_turn_will_start'====== Args={'player': <Player 1>, 'number': 1}
2022-10-21 17:24:28,062 : INFO : EventManager : Event: ======'slide_press_start_removed'====== Args={'_from_bcp': True}
2022-10-21 17:24:28,062 : INFO : EventManager : Event: ======'slide_mission_pinball_removed'====== Args={'_from_bcp': True}
2022-10-21 17:24:28,062 : INFO : EventManager : Event: ======'slide_welcome_slide_active'====== Args={'_from_bcp': True}
2022-10-21 17:24:28,063 : INFO : EventManager : Event: ======'player_turn_starting'====== Args={'player': <Player 1>, 'number': 1}
2022-10-21 17:24:28,063 : INFO : EventManager : Event: ======'player_ball'====== Args={'value': 1, 'prev_value': 0, 'change': 1, 'player_num': 1}
2022-10-21 17:24:28,063 : INFO : EventManager : Event: ======'player_turn_started'====== Args={'player': <Player 1>, 'number': 1}
2022-10-21 17:24:28,064 : INFO : EventManager : Event: ======'ball_will_start'====== Args={'player': 1, 'ball': 1, 'balls_remaining': 2, 'is_extra_ball': False}
2022-10-21 17:24:28,067 : INFO : EventManager : Event: ======'ball_starting'====== Args={'player': 1, 'ball': 1, 'balls_remaining': 2, 'is_extra_ball': False}
2022-10-21 17:24:28,067 : INFO : EventManager : Event: ======'mode_base_will_start'====== Args={'queue': <QueuedEvent>, 'player': 1, 'ball': 1, 'balls_remaining': 2, 'is_extra_ball': False}
2022-10-21 17:24:28,067 : INFO : EventManager : Event: ======'player_shot_left_inlane_enabled'====== Args={'value': True, 'prev_value': 0, 'change': 1, 'player_num': 1}
2022-10-21 17:24:28,068 : INFO : EventManager : Event: ======'player_shot_left_outlane_enabled'====== Args={'value': True, 'prev_value': 0, 'change': 1, 'player_num': 1}
2022-10-21 17:24:28,068 : INFO : EventManager : Event: ======'player_shot_right_inlane_enabled'====== Args={'value': True, 'prev_value': 0, 'change': 1, 'player_num': 1}
2022-10-21 17:24:28,068 : INFO : EventManager : Event: ======'player_shot_right_outlane_enabled'====== Args={'value': True, 'prev_value': 0, 'change': 1, 'player_num': 1}
2022-10-21 17:24:28,068 : INFO : EventManager : Event: ======'player_shot_left_orbit_enabled'====== Args={'value': True, 'prev_value': 0, 'change': 1, 'player_num': 1}
2022-10-21 17:24:28,069 : INFO : EventManager : Event: ======'player_shot_small_cw_orbit_enabled'====== Args={'value': True, 'prev_value': 0, 'change': 1, 'player_num': 1}
2022-10-21 17:24:28,069 : INFO : EventManager : Event: ======'player_shot_small_ccw_orbit_enabled'====== Args={'value': True, 'prev_value': 0, 'change': 1, 'player_num': 1}
2022-10-21 17:24:28,069 : INFO : EventManager : Event: ======'player_shot_left_pop_enabled'====== Args={'value': True, 'prev_value': 0, 'change': 1, 'player_num': 1}
2022-10-21 17:24:28,069 : INFO : EventManager : Event: ======'player_shot_right_pop_enabled'====== Args={'value': True, 'prev_value': 0, 'change': 1, 'player_num': 1}
2022-10-21 17:24:28,070 : INFO : EventManager : Event: ======'player_shot_lower_pop_enabled'====== Args={'value': True, 'prev_value': 0, 'change': 1, 'player_num': 1}
2022-10-21 17:24:28,070 : INFO : EventManager : Event: ======'player_shot_scoop_enabled'====== Args={'value': True, 'prev_value': 0, 'change': 1, 'player_num': 1}
2022-10-21 17:24:28,070 : INFO : EventManager : Event: ======'player_shot_left_return_enabled'====== Args={'value': True, 'prev_value': 0, 'change': 1, 'player_num': 1}
2022-10-21 17:24:28,071 : INFO : EventManager : Event: ======'player_shot_single_drop_shot_enabled'====== Args={'value': True, 'prev_value': 0, 'change': 1, 'player_num': 1}
2022-10-21 17:24:28,072 : INFO : EventManager : Event: ======'mode_base_starting'====== Args={'queue': <QueuedEvent>, 'player': 1, 'ball': 1, 'balls_remaining': 2, 'is_extra_ball': False}
2022-10-21 17:24:28,072 : INFO : EventManager : Event: ======'mode_lane_rotate_will_start'====== Args={'queue': <QueuedEvent>, 'player': 1, 'ball': 1, 'balls_remaining': 2, 'is_extra_ball': False}
2022-10-21 17:24:28,072 : INFO : EventManager : Event: ======'player_shot_r_left_outlane_enabled'====== Args={'value': True, 'prev_value': 0, 'change': 1, 'player_num': 1}
2022-10-21 17:24:28,073 : INFO : EventManager : Event: ======'player_shot_r_left_inlane_enabled'====== Args={'value': True, 'prev_value': 0, 'change': 1, 'player_num': 1}
2022-10-21 17:24:28,073 : INFO : EventManager : Event: ======'player_shot_r_right_inlane_enabled'====== Args={'value': True, 'prev_value': 0, 'change': 1, 'player_num': 1}
2022-10-21 17:24:28,073 : INFO : EventManager : Event: ======'player_shot_r_right_outlane_enabled'====== Args={'value': True, 'prev_value': 0, 'change': 1, 'player_num': 1}
2022-10-21 17:24:28,074 : INFO : EventManager : Event: ======'mode_lane_rotate_starting'====== Args={'queue': <QueuedEvent>, 'player': 1, 'ball': 1, 'balls_remaining': 2, 'is_extra_ball': False}
2022-10-21 17:24:28,074 : INFO : Mode.lane_rotate : Started. Priority: 100
2022-10-21 17:24:28,075 : INFO : EventManager : Event: ======'modes_active_modes_changed'====== Args={}
2022-10-21 17:24:28,075 : INFO : EventManager : Event: ======'mode_lane_rotate_started'====== Args={'queue': <QueuedEvent>, 'player': 1, 'ball': 1, 'balls_remaining': 2, 'is_extra_ball': False}
2022-10-21 17:24:28,075 : INFO : Mode.base : Started. Priority: 100
2022-10-21 17:24:28,075 : INFO : EventManager : Event: ======'modes_active_modes_changed'====== Args={}
2022-10-21 17:24:28,075 : INFO : EventManager : Event: ======'mode_base_started'====== Args={'queue': <QueuedEvent>, 'player': 1, 'ball': 1, 'balls_remaining': 2, 'is_extra_ball': False}
2022-10-21 17:24:28,075 : INFO : EventManager : Event: ======'balls_in_play'====== Args={'balls': 1}
2022-10-21 17:24:28,075 : INFO : EventManager : Event: ======'ball_started'====== Args={'player': 1, 'ball': 1, 'balls_remaining': 2, 'is_extra_ball': False}
2022-10-21 17:24:28,076 : INFO : drop_target_bank.single_upper : 1 targets are down. Will reset those.
2022-10-21 17:24:28,076 : INFO : coil.c_drop_upper : Pulsing Driver for 10ms (1.0 pulse_power)
2022-10-21 17:24:28,076 : INFO : drop_target_bank.mid : All targets are already up. Will not reset bank.
2022-10-21 17:24:28,076 : INFO : drop_target_bank.right : All targets are already up. Will not reset bank.
2022-10-21 17:24:28,104 : INFO : EventManager : Event: ======'single_player_ball_started'====== Args={}
2022-10-21 17:24:28,104 : INFO : EventManager : Event: ======'slide_base.slide_player-mode_base_started_created'====== Args={'_from_bcp': True}
2022-10-21 17:24:28,104 : INFO : EventManager : Event: ======'slide_base.slide_player-mode_base_started_active'====== Args={'_from_bcp': True}
2022-10-21 17:24:28,104 : INFO : EventManager : Event: ======'ball_start_target'====== Args={'target': 'playfield'}
2022-10-21 17:24:28,105 : INFO : ball_device.bd_plunger : Setting up player-controlled eject. Balls: 1, Target: <playfield.playfield>, player_controlled_eject_event: s_launch_active
2022-10-21 17:24:28,105 : INFO : EventManager : Event: ======'balldevice_balls_available'====== Args={}
2022-10-21 17:24:28,106 : INFO : ball_device.bd_trough : State: waiting_for_target_ready
2022-10-21 17:24:28,106 : INFO : EventManager : Event: ======'balldevice_bd_trough_ball_eject_attempt'====== Args={'balls': 1, 'target': <ball_device.bd_plunger>, 'source': <ball_device.bd_trough>, 'mechanical_eject': True, 'num_attempts': 0}
2022-10-21 17:24:28,106 : INFO : ball_device.bd_plunger : State: waiting_for_ball
2022-10-21 17:24:28,106 : INFO : ball_device.bd_top_vuk : State: waiting_for_ball
2022-10-21 17:24:28,107 : INFO : ball_device.bd_trough : State: ejecting
2022-10-21 17:24:28,107 : INFO : ball_device.bd_trough : Ejecting ball to <ball_device.bd_plunger>
2022-10-21 17:24:28,107 : INFO : EventManager : Event: ======'balldevice_bd_trough_ejecting_ball'====== Args={'balls': 1, 'target': <ball_device.bd_plunger>, 'source': <ball_device.bd_trough>, 'mechanical_eject': True, 'num_attempts': 0}
2022-10-21 17:24:28,107 : INFO : ball_device.bd_trough : Wait for ball to leave device
2022-10-21 17:24:28,108 : INFO : coil.c_trough : Pulsing Driver for 25ms (0.8 pulse_power)
2022-10-21 17:24:28,179 : INFO : SwitchController : <<<<<<< 's_trough_1' active >>>>>>>
2022-10-21 17:24:28,179 : INFO : EventManager : Event: ======'machine_var_audits_switches_s_trough_1'====== Args={'value': 457, 'prev_value': 456, 'change': 1}
2022-10-21 17:24:28,199 : INFO : SwitchController : <<<<<<< 's_eos_right' active >>>>>>>
2022-10-21 17:24:28,199 : INFO : EventManager : Event: ======'machine_var_audits_switches_s_eos_right'====== Args={'value': 5081, 'prev_value': 5080, 'change': 1}
2022-10-21 17:24:28,200 : INFO : SwitchController : <<<<<<< 's_eos_right' inactive >>>>>>>
2022-10-21 17:24:28,200 : INFO : SwitchController : <<<<<<< 's_trough_1' inactive >>>>>>>
2022-10-21 17:24:28,215 : INFO : SwitchController : <<<<<<< 's_trough_jam' inactive >>>>>>>
2022-10-21 17:24:28,219 : INFO : ball_device.bd_trough : State: ball_left
2022-10-21 17:24:28,219 : INFO : ball_device.bd_trough : Ball left
2022-10-21 17:24:28,219 : INFO : ball_device.bd_trough : Wait for confirm with timeout 10.0
2022-10-21 17:24:28,227 : INFO : SwitchController : <<<<<<< 's_eos_right' active >>>>>>>
2022-10-21 17:24:28,227 : INFO : EventManager : Event: ======'machine_var_audits_switches_s_eos_right'====== Args={'value': 5082, 'prev_value': 5081, 'change': 1}
2022-10-21 17:24:28,247 : INFO : SwitchController : <<<<<<< 's_eos_right' inactive >>>>>>>
2022-10-21 17:24:28,387 : INFO : SwitchController : <<<<<<< 's_trough_2' inactive >>>>>>>
2022-10-21 17:24:28,451 : INFO : SwitchController : <<<<<<< 's_trough_jam' active >>>>>>>
2022-10-21 17:24:28,451 : INFO : EventManager : Event: ======'machine_var_audits_switches_s_trough_jam'====== Args={'value': 559, 'prev_value': 558, 'change': 1}
2022-10-21 17:24:28,471 : INFO : SwitchController : <<<<<<< 's_autolauncher' active >>>>>>>
2022-10-21 17:24:28,471 : INFO : EventManager : Event: ======'machine_var_audits_switches_s_autolauncher'====== Args={'value': 448, 'prev_value': 447, 'change': 1}
2022-10-21 17:24:28,964 : INFO : ball_device.bd_plunger : Received ball from <ball_device.bd_trough>
2022-10-21 17:24:28,964 : INFO : EventManager : Event: ======'balldevice_bd_plunger_ball_enter'====== Args={'new_balls': 1, 'unclaimed_balls': 0, 'new_available_balls': 0, 'device': <ball_device.bd_plunger>}
2022-10-21 17:24:28,965 : INFO : EventManager : Event: ======'balldevice_bd_plunger_ball_entered'====== Args={'new_balls': 0, 'device': <ball_device.bd_plunger>}
2022-10-21 17:24:28,965 : INFO : EventManager : Event: ======'balldevice_bd_plunger_ball_count_changed'====== Args={'balls': 1}
2022-10-21 17:24:28,965 : INFO : ball_device.bd_trough : Got eject confirm
2022-10-21 17:24:28,965 : INFO : ball_device.bd_trough : Eject successful
2022-10-21 17:24:28,965 : INFO : EventManager : Event: ======'balldevice_bd_trough_ball_eject_success'====== Args={'balls': 1, 'target': <ball_device.bd_plunger>}
2022-10-21 17:24:28,965 : INFO : ball_device.bd_plunger : State: waiting_for_target_ready
2022-10-21 17:24:28,965 : INFO : EventManager : Event: ======'balldevice_bd_plunger_ball_eject_attempt'====== Args={'balls': 1, 'target': <ball_device.bd_top_vuk>, 'source': <ball_device.bd_plunger>, 'mechanical_eject': True, 'num_attempts': 0}
2022-10-21 17:24:28,966 : INFO : EventManager : Event: ======'balldevice_bd_trough_ball_count_changed'====== Args={'balls': 1}
2022-10-21 17:24:28,966 : INFO : ball_device.bd_trough : State: idle
2022-10-21 17:24:28,966 : INFO : ball_device.bd_trough : BCH: Count is unstable. Trying to reorder balls.
2022-10-21 17:24:28,966 : WARNING : ball_device.bd_trough : Cannot reorder device because eject_coil_reorder_pulse is not configured
2022-10-21 17:24:28,966 : INFO : ball_device.bd_trough : BCH: Repulse done. Waiting for balls to settle.
2022-10-21 17:24:28,966 : INFO : ball_device.bd_plunger : State: ejecting
2022-10-21 17:24:28,966 : INFO : ball_device.bd_plunger : Ejecting ball to <ball_device.bd_top_vuk>
2022-10-21 17:24:28,966 : INFO : EventManager : Event: ======'balldevice_bd_plunger_ejecting_ball'====== Args={'balls': 1, 'target': <ball_device.bd_top_vuk>, 'source': <ball_device.bd_plunger>, 'mechanical_eject': True, 'num_attempts': 0}
2022-10-21 17:24:28,967 : INFO : ball_device.bd_trough : BCH: Count is unstable. Trying to reorder balls.
2022-10-21 17:24:28,967 : WARNING : ball_device.bd_trough : Cannot reorder device because eject_coil_reorder_pulse is not configured
2022-10-21 17:24:28,967 : INFO : ball_device.bd_trough : BCH: Repulse done. Waiting for balls to settle.
2022-10-21 17:24:28,967 : INFO : ball_device.bd_plunger : Wait for ball to leave device
2022-10-21 17:24:28,968 : INFO : ball_device.bd_trough : BCH: Count is unstable. Trying to reorder balls.
2022-10-21 17:24:28,968 : WARNING : ball_device.bd_trough : Cannot reorder device because eject_coil_reorder_pulse is not configured
2022-10-21 17:24:28,968 : INFO : ball_device.bd_trough : BCH: Repulse done. Waiting for balls to settle.
2022-10-21 17:24:29,901 : INFO : SwitchController : <<<<<<< 's_launch' active >>>>>>>
2022-10-21 17:24:29,901 : INFO : EventManager : Event: ======'s_launch_active'====== Args={}
2022-10-21 17:24:29,901 : INFO : EventManager : Event: ======'machine_var_audits_switches_s_launch'====== Args={'value': 530, 'prev_value': 529, 'change': 1}
2022-10-21 17:24:29,906 : INFO : coil.c_autolauncher : Pulsing Driver for 11ms (1.0 pulse_power)
2022-10-21 17:24:29,998 : INFO : SwitchController : <<<<<<< 's_launch' inactive >>>>>>>
2022-10-21 17:24:30,461 : INFO : SwitchController : <<<<<<< 's_launch' active >>>>>>>
2022-10-21 17:24:30,461 : INFO : EventManager : Event: ======'machine_var_audits_switches_s_launch'====== Args={'value': 531, 'prev_value': 530, 'change': 1}
2022-10-21 17:24:30,637 : INFO : SwitchController : <<<<<<< 's_launch' inactive >>>>>>>
2022-10-21 17:24:31,643 : INFO : SwitchController : <<<<<<< 's_launch' active >>>>>>>
2022-10-21 17:24:31,643 : INFO : EventManager : Event: ======'machine_var_audits_switches_s_launch'====== Args={'value': 532, 'prev_value': 531, 'change': 1}
2022-10-21 17:24:31,865 : INFO : SwitchController : <<<<<<< 's_launch' inactive >>>>>>>
2022-10-21 17:24:32,056 : INFO : SwitchController : <<<<<<< 's_launch' active >>>>>>>
2022-10-21 17:24:32,056 : INFO : EventManager : Event: ======'machine_var_audits_switches_s_launch'====== Args={'value': 533, 'prev_value': 532, 'change': 1}
2022-10-21 17:24:32,167 : INFO : SwitchController : <<<<<<< 's_launch' inactive >>>>>>>
2022-10-21 17:24:32,359 : INFO : SwitchController : <<<<<<< 's_launch' active >>>>>>>
2022-10-21 17:24:32,359 : INFO : EventManager : Event: ======'machine_var_audits_switches_s_launch'====== Args={'value': 534, 'prev_value': 533, 'change': 1}
2022-10-21 17:24:32,487 : INFO : SwitchController : <<<<<<< 's_launch' inactive >>>>>>>
2022-10-21 17:24:32,631 : INFO : SwitchController : <<<<<<< 's_launch' active >>>>>>>
2022-10-21 17:24:32,631 : INFO : EventManager : Event: ======'machine_var_audits_switches_s_launch'====== Args={'value': 535, 'prev_value': 534, 'change': 1}
2022-10-21 17:24:32,871 : INFO : SwitchController : <<<<<<< 's_launch' inactive >>>>>>>
2022-10-21 17:24:33,046 : INFO : SwitchController : <<<<<<< 's_launch' active >>>>>>>
2022-10-21 17:24:33,046 : INFO : EventManager : Event: ======'machine_var_audits_switches_s_launch'====== Args={'value': 536, 'prev_value': 535, 'change': 1}
2022-10-21 17:24:33,278 : INFO : SwitchController : <<<<<<< 's_launch' inactive >>>>>>>
2022-10-21 17:24:33,486 : INFO : SwitchController : <<<<<<< 's_launch' active >>>>>>>
2022-10-21 17:24:33,486 : INFO : EventManager : Event: ======'machine_var_audits_switches_s_launch'====== Args={'value': 537, 'prev_value': 536, 'change': 1}
2022-10-21 17:24:33,662 : INFO : SwitchController : <<<<<<< 's_launch' inactive >>>>>>>
2022-10-21 17:24:33,934 : INFO : SwitchController : <<<<<<< 's_launch' active >>>>>>>
2022-10-21 17:24:33,934 : INFO : EventManager : Event: ======'machine_var_audits_switches_s_launch'====== Args={'value': 538, 'prev_value': 537, 'change': 1}
2022-10-21 17:24:34,159 : INFO : SwitchController : <<<<<<< 's_launch' inactive >>>>>>>
2022-10-21 17:24:34,383 : INFO : SwitchController : <<<<<<< 's_launch' active >>>>>>>
2022-10-21 17:24:34,383 : INFO : EventManager : Event: ======'machine_var_audits_switches_s_launch'====== Args={'value': 539, 'prev_value': 538, 'change': 1}
2022-10-21 17:24:34,543 : INFO : SwitchController : <<<<<<< 's_launch' inactive >>>>>>>
2022-10-21 17:24:34,735 : INFO : SwitchController : <<<<<<< 's_launch' active >>>>>>>
2022-10-21 17:24:34,735 : INFO : EventManager : Event: ======'machine_var_audits_switches_s_launch'====== Args={'value': 540, 'prev_value': 539, 'change': 1}
2022-10-21 17:24:34,892 : INFO : SwitchController : <<<<<<< 's_launch' inactive >>>>>>>
2022-10-21 17:24:35,035 : INFO : SwitchController : <<<<<<< 's_launch' active >>>>>>>
2022-10-21 17:24:35,035 : INFO : EventManager : Event: ======'machine_var_audits_switches_s_launch'====== Args={'value': 541, 'prev_value': 540, 'change': 1}
2022-10-21 17:24:35,200 : INFO : SwitchController : <<<<<<< 's_launch' inactive >>>>>>>
2022-10-21 17:24:35,385 : INFO : SwitchController : <<<<<<< 's_launch' active >>>>>>>
2022-10-21 17:24:35,385 : INFO : EventManager : Event: ======'machine_var_audits_switches_s_launch'====== Args={'value': 542, 'prev_value': 541, 'change': 1}
2022-10-21 17:24:35,498 : INFO : SwitchController : <<<<<<< 's_launch' inactive >>>>>>>
2022-10-21 17:24:47,457 : INFO : SwitchController : <<<<<<< 's_launch' active >>>>>>>
2022-10-21 17:24:47,457 : INFO : EventManager : Event: ======'machine_var_audits_switches_s_launch'====== Args={'value': 543, 'prev_value': 542, 'change': 1}
2022-10-21 17:24:47,585 : INFO : SwitchController : <<<<<<< 's_launch' inactive >>>>>>>
2022-10-21 17:24:47,825 : INFO : SwitchController : <<<<<<< 's_launch' active >>>>>>>
2022-10-21 17:24:47,825 : INFO : EventManager : Event: ======'machine_var_audits_switches_s_launch'====== Args={'value': 544, 'prev_value': 543, 'change': 1}
2022-10-21 17:24:47,938 : INFO : SwitchController : <<<<<<< 's_launch' inactive >>>>>>>
2022-10-21 17:24:48,130 : INFO : SwitchController : <<<<<<< 's_launch' active >>>>>>>
2022-10-21 17:24:48,130 : INFO : EventManager : Event: ======'machine_var_audits_switches_s_launch'====== Args={'value': 545, 'prev_value': 544, 'change': 1}
2022-10-21 17:24:48,274 : INFO : SwitchController : <<<<<<< 's_launch' inactive >>>>>>>
2022-10-21 17:24:48,488 : INFO : SwitchController : <<<<<<< 's_launch' active >>>>>>>
2022-10-21 17:24:48,488 : INFO : EventManager : Event: ======'machine_var_audits_switches_s_launch'====== Args={'value': 546, 'prev_value': 545, 'change': 1}
2022-10-21 17:24:48,962 : INFO : SwitchController : <<<<<<< 's_launch' inactive >>>>>>>
2022-10-21 17:24:49,424 : INFO : SwitchController : <<<<<<< 's_launch' active >>>>>>>
2022-10-21 17:24:49,424 : INFO : EventManager : Event: ======'machine_var_audits_switches_s_launch'====== Args={'value': 547, 'prev_value': 546, 'change': 1}
2022-10-21 17:24:49,552 : INFO : SwitchController : <<<<<<< 's_launch' inactive >>>>>>>
2022-10-21 17:24:50,754 : INFO : SwitchController : <<<<<<< 's_launch' active >>>>>>>
2022-10-21 17:24:50,754 : INFO : EventManager : Event: ======'machine_var_audits_switches_s_launch'====== Args={'value': 548, 'prev_value': 547, 'change': 1}
2022-10-21 17:24:51,244 : INFO : SwitchController : <<<<<<< 's_launch' inactive >>>>>>>
2022-10-21 17:24:56,750 : INFO : Machine : Shutting down...
2022-10-21 17:24:56,750 : INFO : EventManager : Event: ======'shutdown'====== Args={}
2022-10-21 17:24:56,766 : WARNING : FAST : Port NET received more messages than were sent! Resetting!
2022-10-21 17:24:56,782 : WARNING : FAST : Port RGB received more messages than were sent! Resetting!
2022-10-21 17:24:56,860 : ERROR : FAST : Stop called on serial connection com14
2022-10-21 17:24:56,860 : ERROR : FAST : Stop called on serial connection com15
2022-10-21 17:24:57,113 : INFO : root : MPF run loop ended.
